# JRE version: Java(TM) SE Runtime Environment (7.0_45-b18) (build 1.7.0_45-b18)
# Java VM: Java HotSpot(TM) 64-Bit Server VM (24.45-b08 mixed mode linux-amd64 compressed oops)
Heap
 PSYoungGen      total 81920K, used 32290K [0x0000000797d00000, 0x000000079e700000, 0x0000000800000000)
  eden space 56320K, 53% used [0x0000000797d00000,0x0000000799a59070,0x000000079b400000)
  from space 25600K, 8% used [0x000000079ce00000,0x000000079d02f790,0x000000079e700000)
  to   space 26112K, 0% used [0x000000079b400000,0x000000079b400000,0x000000079cd80000)
 ParOldGen       total 175104K, used 47052K [0x00000006c7800000, 0x00000006d2300000, 0x0000000797d00000)
  object space 175104K, 26% used [0x00000006c7800000,0x00000006ca5f3328,0x00000006d2300000)
 PSPermGen       total 55296K, used 54870K [0x00000006c2600000, 0x00000006c5c00000, 0x00000006c7800000)
  object space 55296K, 99% used [0x00000006c2600000,0x00000006c5b95858,0x00000006c5c00000)
GC Heap History (10 events):
Event: 19.270 GC heap before
{Heap before GC invocations=8 (full 0):
 PSYoungGen      total 79872K, used 79579K [0x0000000797d00000, 0x000000079ee80000, 0x0000000800000000)
  eden space 61440K, 100% used [0x0000000797d00000,0x000000079b900000,0x000000079b900000)
  from space 18432K, 98% used [0x000000079ca00000,0x000000079dbb6f78,0x000000079dc00000)
  to   space 18944K, 0% used [0x000000079dc00000,0x000000079dc00000,0x000000079ee80000)
 ParOldGen       total 175104K, used 29738K [0x00000006c7800000, 0x00000006d2300000, 0x0000000797d00000)
  object space 175104K, 16% used [0x00000006c7800000,0x00000006c950ab70,0x00000006d2300000)
 PSPermGen       total 51200K, used 51025K [0x00000006c2600000, 0x00000006c5800000, 0x00000006c7800000)
  object space 51200K, 99% used [0x00000006c2600000,0x00000006c57d4640,0x00000006c5800000)
Event: 19.276 GC heap after
Heap after GC invocations=8 (full 0):
 PSYoungGen      total 75776K, used 7780K [0x0000000797d00000, 0x000000079eb00000, 0x0000000800000000)
  eden space 60416K, 0% used [0x0000000797d00000,0x0000000797d00000,0x000000079b800000)
  from space 15360K, 50% used [0x000000079dc00000,0x000000079e3990e8,0x000000079eb00000)
  to   space 26112K, 0% used [0x000000079b800000,0x000000079b800000,0x000000079d180000)
 ParOldGen       total 175104K, used 35494K [0x00000006c7800000, 0x00000006d2300000, 0x0000000797d00000)
  object space 175104K, 20% used [0x00000006c7800000,0x00000006c9aa9800,0x00000006d2300000)
 PSPermGen       total 51200K, used 51025K [0x00000006c2600000, 0x00000006c5800000, 0x00000006c7800000)
  object space 51200K, 99% used [0x00000006c2600000,0x00000006c57d4640,0x00000006c5800000)
}
Event: 24.457 GC heap before
{Heap before GC invocations=9 (full 0):
 PSYoungGen      total 75776K, used 68196K [0x0000000797d00000, 0x000000079eb00000, 0x0000000800000000)
  eden space 60416K, 100% used [0x0000000797d00000,0x000000079b800000,0x000000079b800000)
  from space 15360K, 50% used [0x000000079dc00000,0x000000079e3990e8,0x000000079eb00000)
  to   space 26112K, 0% used [0x000000079b800000,0x000000079b800000,0x000000079d180000)
 ParOldGen       total 175104K, used 35494K [0x00000006c7800000, 0x00000006d2300000, 0x0000000797d00000)
  object space 175104K, 20% used [0x00000006c7800000,0x00000006c9aa9800,0x00000006d2300000)
 PSPermGen       total 52736K, used 52715K [0x00000006c2600000, 0x00000006c5980000, 0x00000006c7800000)
  object space 52736K, 99% used [0x00000006c2600000,0x00000006c597ad78,0x00000006c5980000)
Event: 24.463 GC heap after
Heap after GC invocations=9 (full 0):
 PSYoungGen      total 69632K, used 10002K [0x0000000797d00000, 0x000000079e900000, 0x0000000800000000)
  eden space 59392K, 0% used [0x0000000797d00000,0x0000000797d00000,0x000000079b700000)
  from space 10240K, 97% used [0x000000079b800000,0x000000079c1c4aa0,0x000000079c200000)
  to   space 25600K, 0% used [0x000000079d000000,0x000000079d000000,0x000000079e900000)
 ParOldGen       total 175104K, used 38920K [0x00000006c7800000, 0x00000006d2300000, 0x0000000797d00000)
  object space 175104K, 22% used [0x00000006c7800000,0x00000006c9e02068,0x00000006d2300000)
 PSPermGen       total 52736K, used 52715K [0x00000006c2600000, 0x00000006c5980000, 0x00000006c7800000)
  object space 52736K, 99% used [0x00000006c2600000,0x00000006c597ad78,0x00000006c5980000)
}
Event: 28.759 GC heap before
{Heap before GC invocations=10 (full 0):
 PSYoungGen      total 69632K, used 69394K [0x0000000797d00000, 0x000000079e900000, 0x0000000800000000)
  eden space 59392K, 100% used [0x0000000797d00000,0x000000079b700000,0x000000079b700000)
  from space 10240K, 97% used [0x000000079b800000,0x000000079c1c4aa0,0x000000079c200000)
  to   space 25600K, 0% used [0x000000079d000000,0x000000079d000000,0x000000079e900000)
 ParOldGen       total 175104K, used 38920K [0x00000006c7800000, 0x00000006d2300000, 0x0000000797d00000)
  object space 175104K, 22% used [0x00000006c7800000,0x00000006c9e02068,0x00000006d2300000)
 PSPermGen       total 54784K, used 54499K [0x00000006c2600000, 0x00000006c5b80000, 0x00000006c7800000)
  object space 54784K, 99% used [0x00000006c2600000,0x00000006c5b38ce8,0x00000006c5b80000)
Event: 28.766 GC heap after
Heap after GC invocations=10 (full 0):
 PSYoungGen      total 80896K, used 13075K [0x0000000797d00000, 0x000000079e600000, 0x0000000800000000)
  eden space 58368K, 0% used [0x0000000797d00000,0x0000000797d00000,0x000000079b600000)
  from space 22528K, 58% used [0x000000079d000000,0x000000079dcc4c50,0x000000079e600000)
  to   space 24576K, 0% used [0x000000079b600000,0x000000079b600000,0x000000079ce00000)
 ParOldGen       total 175104K, used 39784K [0x00000006c7800000, 0x00000006d2300000, 0x0000000797d00000)
  object space 175104K, 22% used [0x00000006c7800000,0x00000006c9eda068,0x00000006d2300000)
 PSPermGen       total 54784K, used 54499K [0x00000006c2600000, 0x00000006c5b80000, 0x00000006c7800000)
  object space 54784K, 99% used [0x00000006c2600000,0x00000006c5b38ce8,0x00000006c5b80000)
}
Event: 108.063 GC heap before
{Heap before GC invocations=11 (full 0):
 PSYoungGen      total 80896K, used 71443K [0x0000000797d00000, 0x000000079e600000, 0x0000000800000000)
  eden space 58368K, 100% used [0x0000000797d00000,0x000000079b600000,0x000000079b600000)
  from space 22528K, 58% used [0x000000079d000000,0x000000079dcc4c50,0x000000079e600000)
  to   space 24576K, 0% used [0x000000079b600000,0x000000079b600000,0x000000079ce00000)
 ParOldGen       total 175104K, used 39784K [0x00000006c7800000, 0x00000006d2300000, 0x0000000797d00000)
  object space 175104K, 22% used [0x00000006c7800000,0x00000006c9eda068,0x00000006d2300000)
 PSPermGen       total 54784K, used 54641K [0x00000006c2600000, 0x00000006c5b80000, 0x00000006c7800000)
  object space 54784K, 99% used [0x00000006c2600000,0x00000006c5b5c5b8,0x00000006c5b80000)
Event: 108.067 GC heap after
Heap after GC invocations=11 (full 0):
 PSYoungGen      total 81920K, used 2240K [0x0000000797d00000, 0x000000079e700000, 0x0000000800000000)
  eden space 57344K, 0% used [0x0000000797d00000,0x0000000797d00000,0x000000079b500000)
  from space 24576K, 9% used [0x000000079b600000,0x000000079b830030,0x000000079ce00000)
  to   space 25600K, 0% used [0x000000079ce00000,0x000000079ce00000,0x000000079e700000)
 ParOldGen       total 175104K, used 46700K [0x00000006c7800000, 0x00000006d2300000, 0x0000000797d00000)
  object space 175104K, 26% used [0x00000006c7800000,0x00000006ca59b318,0x00000006d2300000)
 PSPermGen       total 54784K, used 54641K [0x00000006c2600000, 0x00000006c5b80000, 0x00000006c7800000)
  object space 54784K, 99% used [0x00000006c2600000,0x00000006c5b5c5b8,0x00000006c5b80000)
}
Event: 124.835 GC heap before
{Heap before GC invocations=12 (full 0):
 PSYoungGen      total 81920K, used 59584K [0x0000000797d00000, 0x000000079e700000, 0x0000000800000000)
  eden space 57344K, 100% used [0x0000000797d00000,0x000000079b500000,0x000000079b500000)
  from space 24576K, 9% used [0x000000079b600000,0x000000079b830030,0x000000079ce00000)
  to   space 25600K, 0% used [0x000000079ce00000,0x000000079ce00000,0x000000079e700000)
 ParOldGen       total 175104K, used 46700K [0x00000006c7800000, 0x00000006d2300000, 0x0000000797d00000)
  object space 175104K, 26% used [0x00000006c7800000,0x00000006ca59b318,0x00000006d2300000)
 PSPermGen       total 54784K, used 54687K [0x00000006c2600000, 0x00000006c5b80000, 0x00000006c7800000)
  object space 54784K, 99% used [0x00000006c2600000,0x00000006c5b67ff0,0x00000006c5b80000)
Event: 124.838 GC heap after
Heap after GC invocations=12 (full 0):
 PSYoungGen      total 81920K, used 2237K [0x0000000797d00000, 0x000000079e700000, 0x0000000800000000)
  eden space 56320K, 0% used [0x0000000797d00000,0x0000000797d00000,0x000000079b400000)
  from space 25600K, 8% used [0x000000079ce00000,0x000000079d02f790,0x000000079e700000)
  to   space 26112K, 0% used [0x000000079b400000,0x000000079b400000,0x000000079cd80000)
 ParOldGen       total 175104K, used 47052K [0x00000006c7800000, 0x00000006d2300000, 0x0000000797d00000)
  object space 175104K, 26% used [0x00000006c7800000,0x00000006ca5f3328,0x00000006d2300000)
 PSPermGen       total 54784K, used 54687K [0x00000006c2600000, 0x00000006c5b80000, 0x00000006c7800000)
  object space 54784K, 99% used [0x00000006c2600000,0x00000006c5b67ff0,0x00000006c5b80000)
}

