# JRE version: Java(TM) SE Runtime Environment (7.0_45-b18) (build 1.7.0_45-b18)
# Java VM: Java HotSpot(TM) 64-Bit Server VM (24.45-b08 mixed mode linux-amd64 compressed oops)
Heap
 PSYoungGen      total 65024K, used 56308K [0x0000000759500000, 0x000000075ee80000, 0x0000000800000000)
  eden space 57856K, 85% used [0x0000000759500000,0x000000075c56e500,0x000000075cd80000)
  from space 7168K, 93% used [0x000000075ce80000,0x000000075d50ee80,0x000000075d580000)
  to   space 16896K, 0% used [0x000000075de00000,0x000000075de00000,0x000000075ee80000)
 ParOldGen       total 237056K, used 182031K [0x000000060c000000, 0x000000061a780000, 0x0000000759500000)
  object space 237056K, 76% used [0x000000060c000000,0x00000006171c3f48,0x000000061a780000)
 PSPermGen       total 83968K, used 55574K [0x0000000606e00000, 0x000000060c000000, 0x000000060c000000)
  object space 83968K, 66% used [0x0000000606e00000,0x000000060a445a68,0x000000060c000000)
GC Heap History (10 events):
Event: 1784.428 GC heap before
{Heap before GC invocations=91 (full 2):
 PSYoungGen      total 80896K, used 70659K [0x0000000759500000, 0x000000075f880000, 0x0000000800000000)
  eden space 62976K, 100% used [0x0000000759500000,0x000000075d280000,0x000000075d280000)
  from space 17920K, 42% used [0x000000075e700000,0x000000075ee80f88,0x000000075f880000)
  to   space 19456K, 0% used [0x000000075d280000,0x000000075d280000,0x000000075e580000)
 ParOldGen       total 237056K, used 181101K [0x000000060c000000, 0x000000061a780000, 0x0000000759500000)
  object space 237056K, 76% used [0x000000060c000000,0x00000006170db4d8,0x000000061a780000)
 PSPermGen       total 83968K, used 55525K [0x0000000606e00000, 0x000000060c000000, 0x000000060c000000)
  object space 83968K, 66% used [0x0000000606e00000,0x000000060a439558,0x000000060c000000)
Event: 1784.433 GC heap after
Heap after GC invocations=91 (full 2):
 PSYoungGen      total 70144K, used 8003K [0x0000000759500000, 0x000000075f680000, 0x0000000800000000)
  eden space 61952K, 0% used [0x0000000759500000,0x0000000759500000,0x000000075d180000)
  from space 8192K, 97% used [0x000000075d280000,0x000000075da50f88,0x000000075da80000)
  to   space 18944K, 0% used [0x000000075e400000,0x000000075e400000,0x000000075f680000)
 ParOldGen       total 237056K, used 181285K [0x000000060c000000, 0x000000061a780000, 0x0000000759500000)
  object space 237056K, 76% used [0x000000060c000000,0x00000006171094d8,0x000000061a780000)
 PSPermGen       total 83968K, used 55525K [0x0000000606e00000, 0x000000060c000000, 0x000000060c000000)
  object space 83968K, 66% used [0x0000000606e00000,0x000000060a439558,0x000000060c000000)
}
Event: 1793.629 GC heap before
{Heap before GC invocations=92 (full 2):
 PSYoungGen      total 70144K, used 69955K [0x0000000759500000, 0x000000075f680000, 0x0000000800000000)
  eden space 61952K, 100% used [0x0000000759500000,0x000000075d180000,0x000000075d180000)
  from space 8192K, 97% used [0x000000075d280000,0x000000075da50f88,0x000000075da80000)
  to   space 18944K, 0% used [0x000000075e400000,0x000000075e400000,0x000000075f680000)
 ParOldGen       total 237056K, used 181285K [0x000000060c000000, 0x000000061a780000, 0x0000000759500000)
  object space 237056K, 76% used [0x000000060c000000,0x00000006171094d8,0x000000061a780000)
 PSPermGen       total 83968K, used 55525K [0x0000000606e00000, 0x000000060c000000, 0x000000060c000000)
  object space 83968K, 66% used [0x0000000606e00000,0x000000060a439558,0x000000060c000000)
Event: 1793.633 GC heap after
Heap after GC invocations=92 (full 2):
 PSYoungGen      total 77824K, used 6705K [0x0000000759500000, 0x000000075f480000, 0x0000000800000000)
  eden space 60928K, 0% used [0x0000000759500000,0x0000000759500000,0x000000075d080000)
  from space 16896K, 39% used [0x000000075e400000,0x000000075ea8c528,0x000000075f480000)
  to   space 18432K, 0% used [0x000000075d080000,0x000000075d080000,0x000000075e280000)
 ParOldGen       total 237056K, used 181991K [0x000000060c000000, 0x000000061a780000, 0x0000000759500000)
  object space 237056K, 76% used [0x000000060c000000,0x00000006171b9f48,0x000000061a780000)
 PSPermGen       total 83968K, used 55525K [0x0000000606e00000, 0x000000060c000000, 0x000000060c000000)
  object space 83968K, 66% used [0x0000000606e00000,0x000000060a439558,0x000000060c000000)
}
Event: 1796.912 GC heap before
{Heap before GC invocations=93 (full 2):
 PSYoungGen      total 77824K, used 67633K [0x0000000759500000, 0x000000075f480000, 0x0000000800000000)
  eden space 60928K, 100% used [0x0000000759500000,0x000000075d080000,0x000000075d080000)
  from space 16896K, 39% used [0x000000075e400000,0x000000075ea8c528,0x000000075f480000)
  to   space 18432K, 0% used [0x000000075d080000,0x000000075d080000,0x000000075e280000)
 ParOldGen       total 237056K, used 181991K [0x000000060c000000, 0x000000061a780000, 0x0000000759500000)
  object space 237056K, 76% used [0x000000060c000000,0x00000006171b9f48,0x000000061a780000)
 PSPermGen       total 83968K, used 55526K [0x0000000606e00000, 0x000000060c000000, 0x000000060c000000)
  object space 83968K, 66% used [0x0000000606e00000,0x000000060a4398c0,0x000000060c000000)
Event: 1796.917 GC heap after
Heap after GC invocations=93 (full 2):
 PSYoungGen      total 68096K, used 7729K [0x0000000759500000, 0x000000075f280000, 0x0000000800000000)
  eden space 59904K, 0% used [0x0000000759500000,0x0000000759500000,0x000000075cf80000)
  from space 8192K, 94% used [0x000000075d080000,0x000000075d80c528,0x000000075d880000)
  to   space 17920K, 0% used [0x000000075e100000,0x000000075e100000,0x000000075f280000)
 ParOldGen       total 237056K, used 182007K [0x000000060c000000, 0x000000061a780000, 0x0000000759500000)
  object space 237056K, 76% used [0x000000060c000000,0x00000006171bdf48,0x000000061a780000)
 PSPermGen       total 83968K, used 55526K [0x0000000606e00000, 0x000000060c000000, 0x000000060c000000)
  object space 83968K, 66% used [0x0000000606e00000,0x000000060a4398c0,0x000000060c000000)
}
Event: 1807.685 GC heap before
{Heap before GC invocations=94 (full 2):
 PSYoungGen      total 68096K, used 67633K [0x0000000759500000, 0x000000075f280000, 0x0000000800000000)
  eden space 59904K, 100% used [0x0000000759500000,0x000000075cf80000,0x000000075cf80000)
  from space 8192K, 94% used [0x000000075d080000,0x000000075d80c528,0x000000075d880000)
  to   space 17920K, 0% used [0x000000075e100000,0x000000075e100000,0x000000075f280000)
 ParOldGen       total 237056K, used 182007K [0x000000060c000000, 0x000000061a780000, 0x0000000759500000)
  object space 237056K, 76% used [0x000000060c000000,0x00000006171bdf48,0x000000061a780000)
 PSPermGen       total 83968K, used 55526K [0x0000000606e00000, 0x000000060c000000, 0x000000060c000000)
  object space 83968K, 66% used [0x0000000606e00000,0x000000060a439b08,0x000000060c000000)
Event: 1807.690 GC heap after
Heap after GC invocations=94 (full 2):
 PSYoungGen      total 74752K, used 6731K [0x0000000759500000, 0x000000075f080000, 0x0000000800000000)
  eden space 58880K, 0% used [0x0000000759500000,0x0000000759500000,0x000000075ce80000)
  from space 15872K, 42% used [0x000000075e100000,0x000000075e792e90,0x000000075f080000)
  to   space 17408K, 0% used [0x000000075ce80000,0x000000075ce80000,0x000000075df80000)
 ParOldGen       total 237056K, used 182023K [0x000000060c000000, 0x000000061a780000, 0x0000000759500000)
  object space 237056K, 76% used [0x000000060c000000,0x00000006171c1f48,0x000000061a780000)
 PSPermGen       total 83968K, used 55526K [0x0000000606e00000, 0x000000060c000000, 0x000000060c000000)
  object space 83968K, 66% used [0x0000000606e00000,0x000000060a439b08,0x000000060c000000)
}
Event: 1809.206 GC heap before
{Heap before GC invocations=95 (full 2):
 PSYoungGen      total 74752K, used 65611K [0x0000000759500000, 0x000000075f080000, 0x0000000800000000)
  eden space 58880K, 100% used [0x0000000759500000,0x000000075ce80000,0x000000075ce80000)
  from space 15872K, 42% used [0x000000075e100000,0x000000075e792e90,0x000000075f080000)
  to   space 17408K, 0% used [0x000000075ce80000,0x000000075ce80000,0x000000075df80000)
 ParOldGen       total 237056K, used 182023K [0x000000060c000000, 0x000000061a780000, 0x0000000759500000)
  object space 237056K, 76% used [0x000000060c000000,0x00000006171c1f48,0x000000061a780000)
 PSPermGen       total 83968K, used 55526K [0x0000000606e00000, 0x000000060c000000, 0x000000060c000000)
  object space 83968K, 66% used [0x0000000606e00000,0x000000060a439bc0,0x000000060c000000)
Event: 1809.211 GC heap after
Heap after GC invocations=95 (full 2):
 PSYoungGen      total 65024K, used 6715K [0x0000000759500000, 0x000000075ee80000, 0x0000000800000000)
  eden space 57856K, 0% used [0x0000000759500000,0x0000000759500000,0x000000075cd80000)
  from space 7168K, 93% used [0x000000075ce80000,0x000000075d50ee80,0x000000075d580000)
  to   space 16896K, 0% used [0x000000075de00000,0x000000075de00000,0x000000075ee80000)
 ParOldGen       total 237056K, used 182031K [0x000000060c000000, 0x000000061a780000, 0x0000000759500000)
  object space 237056K, 76% used [0x000000060c000000,0x00000006171c3f48,0x000000061a780000)
 PSPermGen       total 83968K, used 55526K [0x0000000606e00000, 0x000000060c000000, 0x000000060c000000)
  object space 83968K, 66% used [0x0000000606e00000,0x000000060a439bc0,0x000000060c000000)
}

