# JRE version: Java(TM) SE Runtime Environment (7.0_45-b18) (build 1.7.0_45-b18)
# Java VM: Java HotSpot(TM) 64-Bit Server VM (24.45-b08 mixed mode linux-amd64 compressed oops)
Heap
 PSYoungGen      total 474112K, used 44061K [0x0000000759500000, 0x0000000789000000, 0x0000000800000000)
  eden space 402432K, 10% used [0x0000000759500000,0x000000075c0074b8,0x0000000771e00000)
  from space 71680K, 0% used [0x0000000771e00000,0x0000000771e00000,0x0000000776400000)
  to   space 68608K, 0% used [0x0000000784d00000,0x0000000784d00000,0x0000000789000000)
 ParOldGen       total 239616K, used 121117K [0x000000060c000000, 0x000000061aa00000, 0x0000000759500000)
  object space 239616K, 50% used [0x000000060c000000,0x0000000613647428,0x000000061aa00000)
 PSPermGen       total 83968K, used 53469K [0x0000000606e00000, 0x000000060c000000, 0x000000060c000000)
  object space 83968K, 63% used [0x0000000606e00000,0x000000060a237610,0x000000060c000000)
GC Heap History (10 events):
Event: 13.825 GC heap before
{Heap before GC invocations=8 (full 0):
 PSYoungGen      total 154624K, used 154619K [0x0000000759500000, 0x000000076e000000, 0x0000000800000000)
  eden space 131584K, 100% used [0x0000000759500000,0x0000000761580000,0x0000000761580000)
  from space 23040K, 99% used [0x0000000761580000,0x0000000762bfeea8,0x0000000762c00000)
  to   space 37888K, 0% used [0x000000076bb00000,0x000000076bb00000,0x000000076e000000)
 ParOldGen       total 175104K, used 39002K [0x000000060c000000, 0x0000000616b00000, 0x0000000759500000)
  object space 175104K, 22% used [0x000000060c000000,0x000000060e6168b0,0x0000000616b00000)
 PSPermGen       total 37376K, used 36950K [0x0000000606e00000, 0x0000000609280000, 0x000000060c000000)
  object space 37376K, 98% used [0x0000000606e00000,0x00000006092159d8,0x0000000609280000)
Event: 13.837 GC heap after
Heap after GC invocations=8 (full 0):
 PSYoungGen      total 299008K, used 27133K [0x0000000759500000, 0x000000076e400000, 0x0000000800000000)
  eden space 261120K, 0% used [0x0000000759500000,0x0000000759500000,0x0000000769400000)
  from space 37888K, 71% used [0x000000076bb00000,0x000000076d57f5f0,0x000000076e000000)
  to   space 39936K, 0% used [0x0000000769400000,0x0000000769400000,0x000000076bb00000)
 ParOldGen       total 175104K, used 43379K [0x000000060c000000, 0x0000000616b00000, 0x0000000759500000)
  object space 175104K, 24% used [0x000000060c000000,0x000000060ea5cd30,0x0000000616b00000)
 PSPermGen       total 37376K, used 36950K [0x0000000606e00000, 0x0000000609280000, 0x000000060c000000)
  object space 37376K, 98% used [0x0000000606e00000,0x00000006092159d8,0x0000000609280000)
}
Event: 16.948 GC heap before
{Heap before GC invocations=9 (full 0):
 PSYoungGen      total 299008K, used 288253K [0x0000000759500000, 0x000000076e400000, 0x0000000800000000)
  eden space 261120K, 100% used [0x0000000759500000,0x0000000769400000,0x0000000769400000)
  from space 37888K, 71% used [0x000000076bb00000,0x000000076d57f5f0,0x000000076e000000)
  to   space 39936K, 0% used [0x0000000769400000,0x0000000769400000,0x000000076bb00000)
 ParOldGen       total 175104K, used 43379K [0x000000060c000000, 0x0000000616b00000, 0x0000000759500000)
  object space 175104K, 24% used [0x000000060c000000,0x000000060ea5cd30,0x0000000616b00000)
 PSPermGen       total 39424K, used 39232K [0x0000000606e00000, 0x0000000609480000, 0x000000060c000000)
  object space 39424K, 99% used [0x0000000606e00000,0x00000006094501d8,0x0000000609480000)
Event: 16.979 GC heap after
Heap after GC invocations=9 (full 0):
 PSYoungGen      total 301056K, used 39911K [0x0000000759500000, 0x0000000779b00000, 0x0000000800000000)
  eden space 261120K, 0% used [0x0000000759500000,0x0000000759500000,0x0000000769400000)
  from space 39936K, 99% used [0x0000000769400000,0x000000076baf9c58,0x000000076bb00000)
  to   space 56320K, 0% used [0x0000000776400000,0x0000000776400000,0x0000000779b00000)
 ParOldGen       total 175104K, used 69229K [0x000000060c000000, 0x0000000616b00000, 0x0000000759500000)
  object space 175104K, 39% used [0x000000060c000000,0x000000061039b6c0,0x0000000616b00000)
 PSPermGen       total 39424K, used 39232K [0x0000000606e00000, 0x0000000609480000, 0x000000060c000000)
  object space 39424K, 99% used [0x0000000606e00000,0x00000006094501d8,0x0000000609480000)
}
Event: 28.276 GC heap before
{Heap before GC invocations=10 (full 0):
 PSYoungGen      total 301056K, used 301031K [0x0000000759500000, 0x0000000779b00000, 0x0000000800000000)
  eden space 261120K, 100% used [0x0000000759500000,0x0000000769400000,0x0000000769400000)
  from space 39936K, 99% used [0x0000000769400000,0x000000076baf9c58,0x000000076bb00000)
  to   space 56320K, 0% used [0x0000000776400000,0x0000000776400000,0x0000000779b00000)
 ParOldGen       total 175104K, used 69229K [0x000000060c000000, 0x0000000616b00000, 0x0000000759500000)
  object space 175104K, 39% used [0x000000060c000000,0x000000061039b6c0,0x0000000616b00000)
 PSPermGen       total 49664K, used 49602K [0x0000000606e00000, 0x0000000609e80000, 0x000000060c000000)
  object space 49664K, 99% used [0x0000000606e00000,0x0000000609e70ba8,0x0000000609e80000)
Event: 28.305 GC heap after
Heap after GC invocations=10 (full 0):
 PSYoungGen      total 458752K, used 56295K [0x0000000759500000, 0x000000077b900000, 0x0000000800000000)
  eden space 402432K, 0% used [0x0000000759500000,0x0000000759500000,0x0000000771e00000)
  from space 56320K, 99% used [0x0000000776400000,0x0000000779af9dc8,0x0000000779b00000)
  to   space 71680K, 0% used [0x0000000771e00000,0x0000000771e00000,0x0000000776400000)
 ParOldGen       total 175104K, used 86962K [0x000000060c000000, 0x0000000616b00000, 0x0000000759500000)
  object space 175104K, 49% used [0x000000060c000000,0x00000006114ec930,0x0000000616b00000)
 PSPermGen       total 49664K, used 49602K [0x0000000606e00000, 0x0000000609e80000, 0x000000060c000000)
  object space 49664K, 99% used [0x0000000606e00000,0x0000000609e70ba8,0x0000000609e80000)
}
Event: 81.717 GC heap before
{Heap before GC invocations=11 (full 0):
 PSYoungGen      total 458752K, used 458727K [0x0000000759500000, 0x000000077b900000, 0x0000000800000000)
  eden space 402432K, 100% used [0x0000000759500000,0x0000000771e00000,0x0000000771e00000)
  from space 56320K, 99% used [0x0000000776400000,0x0000000779af9dc8,0x0000000779b00000)
  to   space 71680K, 0% used [0x0000000771e00000,0x0000000771e00000,0x0000000776400000)
 ParOldGen       total 175104K, used 86962K [0x000000060c000000, 0x0000000616b00000, 0x0000000759500000)
  object space 175104K, 49% used [0x000000060c000000,0x00000006114ec930,0x0000000616b00000)
 PSPermGen       total 53760K, used 53341K [0x0000000606e00000, 0x000000060a280000, 0x000000060c000000)
  object space 53760K, 99% used [0x0000000606e00000,0x000000060a217680,0x000000060a280000)
Event: 81.745 GC heap after
Heap after GC invocations=11 (full 0):
 PSYoungGen      total 474112K, used 32065K [0x0000000759500000, 0x0000000789000000, 0x0000000800000000)
  eden space 402432K, 0% used [0x0000000759500000,0x0000000759500000,0x0000000771e00000)
  from space 71680K, 44% used [0x0000000771e00000,0x0000000773d50488,0x0000000776400000)
  to   space 68608K, 0% used [0x0000000784d00000,0x0000000784d00000,0x0000000789000000)
 ParOldGen       total 175104K, used 140813K [0x000000060c000000, 0x0000000616b00000, 0x0000000759500000)
  object space 175104K, 80% used [0x000000060c000000,0x00000006149834c0,0x0000000616b00000)
 PSPermGen       total 53760K, used 53341K [0x0000000606e00000, 0x000000060a280000, 0x000000060c000000)
  object space 53760K, 99% used [0x0000000606e00000,0x000000060a217680,0x000000060a280000)
}
Event: 81.745 GC heap before
{Heap before GC invocations=12 (full 1):
 PSYoungGen      total 474112K, used 32065K [0x0000000759500000, 0x0000000789000000, 0x0000000800000000)
  eden space 402432K, 0% used [0x0000000759500000,0x0000000759500000,0x0000000771e00000)
  from space 71680K, 44% used [0x0000000771e00000,0x0000000773d50488,0x0000000776400000)
  to   space 68608K, 0% used [0x0000000784d00000,0x0000000784d00000,0x0000000789000000)
 ParOldGen       total 175104K, used 140813K [0x000000060c000000, 0x0000000616b00000, 0x0000000759500000)
  object space 175104K, 80% used [0x000000060c000000,0x00000006149834c0,0x0000000616b00000)
 PSPermGen       total 53760K, used 53341K [0x0000000606e00000, 0x000000060a280000, 0x000000060c000000)
  object space 53760K, 99% used [0x0000000606e00000,0x000000060a217680,0x000000060a280000)
Event: 81.990 GC heap after
Heap after GC invocations=12 (full 1):
 PSYoungGen      total 474112K, used 0K [0x0000000759500000, 0x0000000789000000, 0x0000000800000000)
  eden space 402432K, 0% used [0x0000000759500000,0x0000000759500000,0x0000000771e00000)
  from space 71680K, 0% used [0x0000000771e00000,0x0000000771e00000,0x0000000776400000)
  to   space 68608K, 0% used [0x0000000784d00000,0x0000000784d00000,0x0000000789000000)
 ParOldGen       total 239616K, used 121117K [0x000000060c000000, 0x000000061aa00000, 0x0000000759500000)
  object space 239616K, 50% used [0x000000060c000000,0x0000000613647428,0x000000061aa00000)
 PSPermGen       total 83968K, used 53318K [0x0000000606e00000, 0x000000060c000000, 0x000000060c000000)
  object space 83968K, 63% used [0x0000000606e00000,0x000000060a211938,0x000000060c000000)
}

