# JRE version: Java(TM) SE Runtime Environment (7.0_45-b18) (build 1.7.0_45-b18)
# Java VM: Java HotSpot(TM) 64-Bit Server VM (24.45-b08 mixed mode linux-amd64 compressed oops)
Heap
 PSYoungGen      total 421376K, used 53377K [0x0000000797d00000, 0x00000007c1c00000, 0x0000000800000000)
  eden space 396800K, 8% used [0x0000000797d00000,0x0000000799ee6d08,0x00000007b0080000)
  from space 24576K, 75% used [0x00000007b0080000,0x00000007b12b9a68,0x00000007b1880000)
  to   space 26112K, 0% used [0x00000007c0280000,0x00000007c0280000,0x00000007c1c00000)
 ParOldGen       total 175104K, used 37032K [0x00000006c7800000, 0x00000006d2300000, 0x0000000797d00000)
  object space 175104K, 21% used [0x00000006c7800000,0x00000006c9c2a2e0,0x00000006d2300000)
 PSPermGen       total 53760K, used 53303K [0x00000006c2600000, 0x00000006c5a80000, 0x00000006c7800000)
  object space 53760K, 99% used [0x00000006c2600000,0x00000006c5a0df08,0x00000006c5a80000)
GC Heap History (10 events):
Event: 14.205 GC heap before
{Heap before GC invocations=7 (full 0):
 PSYoungGen      total 142848K, used 138091K [0x0000000797d00000, 0x00000007a2700000, 0x0000000800000000)
  eden space 123904K, 100% used [0x0000000797d00000,0x000000079f600000,0x000000079f600000)
  from space 18944K, 74% used [0x00000007a1480000,0x00000007a225aeb8,0x00000007a2700000)
  to   space 25088K, 0% used [0x000000079f600000,0x000000079f600000,0x00000007a0e80000)
 ParOldGen       total 175104K, used 21555K [0x00000006c7800000, 0x00000006d2300000, 0x0000000797d00000)
  object space 175104K, 12% used [0x00000006c7800000,0x00000006c8d0cf28,0x00000006d2300000)
 PSPermGen       total 46592K, used 46115K [0x00000006c2600000, 0x00000006c5380000, 0x00000006c7800000)
  object space 46592K, 98% used [0x00000006c2600000,0x00000006c5308d30,0x00000006c5380000)
Event: 14.217 GC heap after
Heap after GC invocations=7 (full 0):
 PSYoungGen      total 148992K, used 12032K [0x0000000797d00000, 0x00000007a9e00000, 0x0000000800000000)
  eden space 123904K, 0% used [0x0000000797d00000,0x0000000797d00000,0x000000079f600000)
  from space 25088K, 47% used [0x000000079f600000,0x00000007a01c0240,0x00000007a0e80000)
  to   space 24064K, 0% used [0x00000007a8680000,0x00000007a8680000,0x00000007a9e00000)
 ParOldGen       total 175104K, used 24693K [0x00000006c7800000, 0x00000006d2300000, 0x0000000797d00000)
  object space 175104K, 14% used [0x00000006c7800000,0x00000006c901d5b0,0x00000006d2300000)
 PSPermGen       total 46592K, used 46115K [0x00000006c2600000, 0x00000006c5380000, 0x00000006c7800000)
  object space 46592K, 98% used [0x00000006c2600000,0x00000006c5308d30,0x00000006c5380000)
}
Event: 14.344 GC heap before
{Heap before GC invocations=8 (full 0):
 PSYoungGen      total 148992K, used 135936K [0x0000000797d00000, 0x00000007a9e00000, 0x0000000800000000)
  eden space 123904K, 100% used [0x0000000797d00000,0x000000079f600000,0x000000079f600000)
  from space 25088K, 47% used [0x000000079f600000,0x00000007a01c0240,0x00000007a0e80000)
  to   space 24064K, 0% used [0x00000007a8680000,0x00000007a8680000,0x00000007a9e00000)
 ParOldGen       total 175104K, used 24693K [0x00000006c7800000, 0x00000006d2300000, 0x0000000797d00000)
  object space 175104K, 14% used [0x00000006c7800000,0x00000006c901d5b0,0x00000006d2300000)
 PSPermGen       total 46592K, used 46279K [0x00000006c2600000, 0x00000006c5380000, 0x00000006c7800000)
  object space 46592K, 99% used [0x00000006c2600000,0x00000006c5331e58,0x00000006c5380000)
Event: 14.350 GC heap after
Heap after GC invocations=8 (full 0):
 PSYoungGen      total 271872K, used 7513K [0x0000000797d00000, 0x00000007a9e00000, 0x0000000800000000)
  eden space 247808K, 0% used [0x0000000797d00000,0x0000000797d00000,0x00000007a6f00000)
  from space 24064K, 31% used [0x00000007a8680000,0x00000007a8dd6520,0x00000007a9e00000)
  to   space 24064K, 0% used [0x00000007a6f00000,0x00000007a6f00000,0x00000007a8680000)
 ParOldGen       total 175104K, used 28430K [0x00000006c7800000, 0x00000006d2300000, 0x0000000797d00000)
  object space 175104K, 16% used [0x00000006c7800000,0x00000006c93c39f8,0x00000006d2300000)
 PSPermGen       total 46592K, used 46279K [0x00000006c2600000, 0x00000006c5380000, 0x00000006c7800000)
  object space 46592K, 99% used [0x00000006c2600000,0x00000006c5331e58,0x00000006c5380000)
}
Event: 14.857 GC heap before
{Heap before GC invocations=9 (full 0):
 PSYoungGen      total 271872K, used 255321K [0x0000000797d00000, 0x00000007a9e00000, 0x0000000800000000)
  eden space 247808K, 100% used [0x0000000797d00000,0x00000007a6f00000,0x00000007a6f00000)
  from space 24064K, 31% used [0x00000007a8680000,0x00000007a8dd6520,0x00000007a9e00000)
  to   space 24064K, 0% used [0x00000007a6f00000,0x00000007a6f00000,0x00000007a8680000)
 ParOldGen       total 175104K, used 28430K [0x00000006c7800000, 0x00000006d2300000, 0x0000000797d00000)
  object space 175104K, 16% used [0x00000006c7800000,0x00000006c93c39f8,0x00000006d2300000)
 PSPermGen       total 49664K, used 49378K [0x00000006c2600000, 0x00000006c5680000, 0x00000006c7800000)
  object space 49664K, 99% used [0x00000006c2600000,0x00000006c56388b8,0x00000006c5680000)
Event: 14.863 GC heap after
Heap after GC invocations=9 (full 0):
 PSYoungGen      total 271872K, used 4585K [0x0000000797d00000, 0x00000007b3080000, 0x0000000800000000)
  eden space 247808K, 0% used [0x0000000797d00000,0x0000000797d00000,0x00000007a6f00000)
  from space 24064K, 19% used [0x00000007a6f00000,0x00000007a737a7e8,0x00000007a8680000)
  to   space 24576K, 0% used [0x00000007b1880000,0x00000007b1880000,0x00000007b3080000)
 ParOldGen       total 175104K, used 34291K [0x00000006c7800000, 0x00000006d2300000, 0x0000000797d00000)
  object space 175104K, 19% used [0x00000006c7800000,0x00000006c997cd98,0x00000006d2300000)
 PSPermGen       total 49664K, used 49378K [0x00000006c2600000, 0x00000006c5680000, 0x00000006c7800000)
  object space 49664K, 99% used [0x00000006c2600000,0x00000006c56388b8,0x00000006c5680000)
}
Event: 15.148 GC heap before
{Heap before GC invocations=10 (full 0):
 PSYoungGen      total 271872K, used 252393K [0x0000000797d00000, 0x00000007b3080000, 0x0000000800000000)
  eden space 247808K, 100% used [0x0000000797d00000,0x00000007a6f00000,0x00000007a6f00000)
  from space 24064K, 19% used [0x00000007a6f00000,0x00000007a737a7e8,0x00000007a8680000)
  to   space 24576K, 0% used [0x00000007b1880000,0x00000007b1880000,0x00000007b3080000)
 ParOldGen       total 175104K, used 34291K [0x00000006c7800000, 0x00000006d2300000, 0x0000000797d00000)
  object space 175104K, 19% used [0x00000006c7800000,0x00000006c997cd98,0x00000006d2300000)
 PSPermGen       total 49664K, used 49399K [0x00000006c2600000, 0x00000006c5680000, 0x00000006c7800000)
  object space 49664K, 99% used [0x00000006c2600000,0x00000006c563dd20,0x00000006c5680000)
Event: 15.152 GC heap after
Heap after GC invocations=10 (full 0):
 PSYoungGen      total 421376K, used 3557K [0x0000000797d00000, 0x00000007b3080000, 0x0000000800000000)
  eden space 396800K, 0% used [0x0000000797d00000,0x0000000797d00000,0x00000007b0080000)
  from space 24576K, 14% used [0x00000007b1880000,0x00000007b1bf9750,0x00000007b3080000)
  to   space 24576K, 0% used [0x00000007b0080000,0x00000007b0080000,0x00000007b1880000)
 ParOldGen       total 175104K, used 35075K [0x00000006c7800000, 0x00000006d2300000, 0x0000000797d00000)
  object space 175104K, 20% used [0x00000006c7800000,0x00000006c9a40d98,0x00000006d2300000)
 PSPermGen       total 49664K, used 49399K [0x00000006c2600000, 0x00000006c5680000, 0x00000006c7800000)
  object space 49664K, 99% used [0x00000006c2600000,0x00000006c563dd20,0x00000006c5680000)
}
Event: 27.440 GC heap before
{Heap before GC invocations=11 (full 0):
 PSYoungGen      total 421376K, used 400357K [0x0000000797d00000, 0x00000007b3080000, 0x0000000800000000)
  eden space 396800K, 100% used [0x0000000797d00000,0x00000007b0080000,0x00000007b0080000)
  from space 24576K, 14% used [0x00000007b1880000,0x00000007b1bf9750,0x00000007b3080000)
  to   space 24576K, 0% used [0x00000007b0080000,0x00000007b0080000,0x00000007b1880000)
 ParOldGen       total 175104K, used 35075K [0x00000006c7800000, 0x00000006d2300000, 0x0000000797d00000)
  object space 175104K, 20% used [0x00000006c7800000,0x00000006c9a40d98,0x00000006d2300000)
 PSPermGen       total 53248K, used 52862K [0x00000006c2600000, 0x00000006c5a00000, 0x00000006c7800000)
  object space 53248K, 99% used [0x00000006c2600000,0x00000006c599fa70,0x00000006c5a00000)
Event: 27.450 GC heap after
Heap after GC invocations=11 (full 0):
 PSYoungGen      total 421376K, used 18662K [0x0000000797d00000, 0x00000007c1c00000, 0x0000000800000000)
  eden space 396800K, 0% used [0x0000000797d00000,0x0000000797d00000,0x00000007b0080000)
  from space 24576K, 75% used [0x00000007b0080000,0x00000007b12b9a68,0x00000007b1880000)
  to   space 26112K, 0% used [0x00000007c0280000,0x00000007c0280000,0x00000007c1c00000)
 ParOldGen       total 175104K, used 37032K [0x00000006c7800000, 0x00000006d2300000, 0x0000000797d00000)
  object space 175104K, 21% used [0x00000006c7800000,0x00000006c9c2a2e0,0x00000006d2300000)
 PSPermGen       total 53248K, used 52862K [0x00000006c2600000, 0x00000006c5a00000, 0x00000006c7800000)
  object space 53248K, 99% used [0x00000006c2600000,0x00000006c599fa70,0x00000006c5a00000)
}

