# JRE version: Java(TM) SE Runtime Environment (7.0_45-b18) (build 1.7.0_45-b18)
# Java VM: Java HotSpot(TM) 64-Bit Server VM (24.45-b08 mixed mode linux-amd64 compressed oops)
Heap
 PSYoungGen      total 121856K, used 54473K [0x0000000759500000, 0x0000000764680000, 0x0000000800000000)
  eden space 87040K, 61% used [0x0000000759500000,0x000000075c9a2420,0x000000075ea00000)
  from space 34816K, 1% used [0x0000000760280000,0x0000000760310000,0x0000000762480000)
  to   space 34816K, 0% used [0x0000000762480000,0x0000000762480000,0x0000000764680000)
 ParOldGen       total 175104K, used 74812K [0x000000060c000000, 0x0000000616b00000, 0x0000000759500000)
  object space 175104K, 42% used [0x000000060c000000,0x000000061090f2a0,0x0000000616b00000)
 PSPermGen       total 53760K, used 53659K [0x0000000606e00000, 0x000000060a280000, 0x000000060c000000)
  object space 53760K, 99% used [0x0000000606e00000,0x000000060a266f50,0x000000060a280000)
GC Heap History (10 events):
Event: 50.314 GC heap before
{Heap before GC invocations=11 (full 0):
 PSYoungGen      total 89088K, used 84028K [0x0000000759500000, 0x0000000763400000, 0x0000000800000000)
  eden space 57344K, 100% used [0x0000000759500000,0x000000075cd00000,0x000000075cd00000)
  from space 31744K, 84% used [0x000000075ee00000,0x000000076080f030,0x0000000760d00000)
  to   space 33792K, 0% used [0x000000075cd00000,0x000000075cd00000,0x000000075ee00000)
 ParOldGen       total 175104K, used 33554K [0x000000060c000000, 0x0000000616b00000, 0x0000000759500000)
  object space 175104K, 19% used [0x000000060c000000,0x000000060e0c4b90,0x0000000616b00000)
 PSPermGen       total 53760K, used 53327K [0x0000000606e00000, 0x000000060a280000, 0x000000060c000000)
  object space 53760K, 99% used [0x0000000606e00000,0x000000060a213e98,0x000000060a280000)
Event: 50.332 GC heap after
Heap after GC invocations=11 (full 0):
 PSYoungGen      total 91136K, used 6656K [0x0000000759500000, 0x0000000763100000, 0x0000000800000000)
  eden space 57344K, 0% used [0x0000000759500000,0x0000000759500000,0x000000075cd00000)
  from space 33792K, 19% used [0x000000075cd00000,0x000000075d380010,0x000000075ee00000)
  to   space 33792K, 0% used [0x0000000761000000,0x0000000761000000,0x0000000763100000)
 ParOldGen       total 175104K, used 58619K [0x000000060c000000, 0x0000000616b00000, 0x0000000759500000)
  object space 175104K, 33% used [0x000000060c000000,0x000000060f93ee10,0x0000000616b00000)
 PSPermGen       total 53760K, used 53327K [0x0000000606e00000, 0x000000060a280000, 0x000000060c000000)
  object space 53760K, 99% used [0x0000000606e00000,0x000000060a213e98,0x000000060a280000)
}
Event: 59.425 GC heap before
{Heap before GC invocations=12 (full 0):
 PSYoungGen      total 91136K, used 62858K [0x0000000759500000, 0x0000000763100000, 0x0000000800000000)
  eden space 57344K, 98% used [0x0000000759500000,0x000000075cbe2970,0x000000075cd00000)
  from space 33792K, 19% used [0x000000075cd00000,0x000000075d380010,0x000000075ee00000)
  to   space 33792K, 0% used [0x0000000761000000,0x0000000761000000,0x0000000763100000)
 ParOldGen       total 175104K, used 58619K [0x000000060c000000, 0x0000000616b00000, 0x0000000759500000)
  object space 175104K, 33% used [0x000000060c000000,0x000000060f93ee10,0x0000000616b00000)
 PSPermGen       total 53760K, used 53405K [0x0000000606e00000, 0x000000060a280000, 0x000000060c000000)
  object space 53760K, 99% used [0x0000000606e00000,0x000000060a2276f8,0x000000060a280000)
Event: 59.435 GC heap after
Heap after GC invocations=12 (full 0):
 PSYoungGen      total 123904K, used 17933K [0x0000000759500000, 0x0000000762f00000, 0x0000000800000000)
  eden space 92160K, 0% used [0x0000000759500000,0x0000000759500000,0x000000075ef00000)
  from space 31744K, 56% used [0x0000000761000000,0x00000007621835e0,0x0000000762f00000)
  to   space 32768K, 0% used [0x000000075ef00000,0x000000075ef00000,0x0000000760f00000)
 ParOldGen       total 175104K, used 64950K [0x000000060c000000, 0x0000000616b00000, 0x0000000759500000)
  object space 175104K, 37% used [0x000000060c000000,0x000000060ff6dab0,0x0000000616b00000)
 PSPermGen       total 53760K, used 53405K [0x0000000606e00000, 0x000000060a280000, 0x000000060c000000)
  object space 53760K, 99% used [0x0000000606e00000,0x000000060a2276f8,0x000000060a280000)
}
Event: 63.503 GC heap before
{Heap before GC invocations=13 (full 0):
 PSYoungGen      total 123904K, used 110093K [0x0000000759500000, 0x0000000762f00000, 0x0000000800000000)
  eden space 92160K, 100% used [0x0000000759500000,0x000000075ef00000,0x000000075ef00000)
  from space 31744K, 56% used [0x0000000761000000,0x00000007621835e0,0x0000000762f00000)
  to   space 32768K, 0% used [0x000000075ef00000,0x000000075ef00000,0x0000000760f00000)
 ParOldGen       total 175104K, used 64950K [0x000000060c000000, 0x0000000616b00000, 0x0000000759500000)
  object space 175104K, 37% used [0x000000060c000000,0x000000060ff6dab0,0x0000000616b00000)
 PSPermGen       total 53760K, used 53412K [0x0000000606e00000, 0x000000060a280000, 0x000000060c000000)
  object space 53760K, 99% used [0x0000000606e00000,0x000000060a2293f0,0x000000060a280000)
Event: 63.509 GC heap after
Heap after GC invocations=13 (full 0):
 PSYoungGen      total 124928K, used 544K [0x0000000759500000, 0x0000000766700000, 0x0000000800000000)
  eden space 92160K, 0% used [0x0000000759500000,0x0000000759500000,0x000000075ef00000)
  from space 32768K, 1% used [0x000000075ef00000,0x000000075ef88000,0x0000000760f00000)
  to   space 33792K, 0% used [0x0000000764600000,0x0000000764600000,0x0000000766700000)
 ParOldGen       total 175104K, used 74508K [0x000000060c000000, 0x0000000616b00000, 0x0000000759500000)
  object space 175104K, 42% used [0x000000060c000000,0x00000006108c32a0,0x0000000616b00000)
 PSPermGen       total 53760K, used 53412K [0x0000000606e00000, 0x000000060a280000, 0x000000060c000000)
  object space 53760K, 99% used [0x0000000606e00000,0x000000060a2293f0,0x000000060a280000)
}
Event: 72.762 GC heap before
{Heap before GC invocations=14 (full 0):
 PSYoungGen      total 124928K, used 92704K [0x0000000759500000, 0x0000000766700000, 0x0000000800000000)
  eden space 92160K, 100% used [0x0000000759500000,0x000000075ef00000,0x000000075ef00000)
  from space 32768K, 1% used [0x000000075ef00000,0x000000075ef88000,0x0000000760f00000)
  to   space 33792K, 0% used [0x0000000764600000,0x0000000764600000,0x0000000766700000)
 ParOldGen       total 175104K, used 74508K [0x000000060c000000, 0x0000000616b00000, 0x0000000759500000)
  object space 175104K, 42% used [0x000000060c000000,0x00000006108c32a0,0x0000000616b00000)
 PSPermGen       total 53760K, used 53505K [0x0000000606e00000, 0x000000060a280000, 0x000000060c000000)
  object space 53760K, 99% used [0x0000000606e00000,0x000000060a240440,0x000000060a280000)
Event: 72.764 GC heap after
Heap after GC invocations=14 (full 0):
 PSYoungGen      total 90112K, used 384K [0x0000000759500000, 0x0000000764680000, 0x0000000800000000)
  eden space 89600K, 0% used [0x0000000759500000,0x0000000759500000,0x000000075ec80000)
  from space 512K, 75% used [0x0000000764600000,0x0000000764660000,0x0000000764680000)
  to   space 34816K, 0% used [0x0000000760280000,0x0000000760280000,0x0000000762480000)
 ParOldGen       total 175104K, used 74612K [0x000000060c000000, 0x0000000616b00000, 0x0000000759500000)
  object space 175104K, 42% used [0x000000060c000000,0x00000006108dd2a0,0x0000000616b00000)
 PSPermGen       total 53760K, used 53505K [0x0000000606e00000, 0x000000060a280000, 0x000000060c000000)
  object space 53760K, 99% used [0x0000000606e00000,0x000000060a240440,0x000000060a280000)
}
Event: 92.511 GC heap before
{Heap before GC invocations=15 (full 0):
 PSYoungGen      total 90112K, used 89984K [0x0000000759500000, 0x0000000764680000, 0x0000000800000000)
  eden space 89600K, 100% used [0x0000000759500000,0x000000075ec80000,0x000000075ec80000)
  from space 512K, 75% used [0x0000000764600000,0x0000000764660000,0x0000000764680000)
  to   space 34816K, 0% used [0x0000000760280000,0x0000000760280000,0x0000000762480000)
 ParOldGen       total 175104K, used 74612K [0x000000060c000000, 0x0000000616b00000, 0x0000000759500000)
  object space 175104K, 42% used [0x000000060c000000,0x00000006108dd2a0,0x0000000616b00000)
 PSPermGen       total 53760K, used 53518K [0x0000000606e00000, 0x000000060a280000, 0x000000060c000000)
  object space 53760K, 99% used [0x0000000606e00000,0x000000060a2438d8,0x000000060a280000)
Event: 92.513 GC heap after
Heap after GC invocations=15 (full 0):
 PSYoungGen      total 121856K, used 576K [0x0000000759500000, 0x0000000764680000, 0x0000000800000000)
  eden space 87040K, 0% used [0x0000000759500000,0x0000000759500000,0x000000075ea00000)
  from space 34816K, 1% used [0x0000000760280000,0x0000000760310000,0x0000000762480000)
  to   space 34816K, 0% used [0x0000000762480000,0x0000000762480000,0x0000000764680000)
 ParOldGen       total 175104K, used 74812K [0x000000060c000000, 0x0000000616b00000, 0x0000000759500000)
  object space 175104K, 42% used [0x000000060c000000,0x000000061090f2a0,0x0000000616b00000)
 PSPermGen       total 53760K, used 53518K [0x0000000606e00000, 0x000000060a280000, 0x000000060c000000)
  object space 53760K, 99% used [0x0000000606e00000,0x000000060a2438d8,0x000000060a280000)
}

