# JRE version: Java(TM) SE Runtime Environment (7.0_45-b18) (build 1.7.0_45-b18)
# Java VM: Java HotSpot(TM) 64-Bit Server VM (24.45-b08 mixed mode linux-amd64 compressed oops)
Heap
 PSYoungGen      total 86528K, used 73641K [0x0000000759500000, 0x0000000760b00000, 0x0000000800000000)
  eden space 61440K, 79% used [0x0000000759500000,0x000000075c473df0,0x000000075d100000)
  from space 25088K, 99% used [0x000000075ea80000,0x00000007602f6900,0x0000000760300000)
  to   space 8192K, 0% used [0x0000000760300000,0x0000000760300000,0x0000000760b00000)
 ParOldGen       total 175104K, used 39500K [0x000000060c000000, 0x0000000616b00000, 0x0000000759500000)
  object space 175104K, 22% used [0x000000060c000000,0x000000060e693308,0x0000000616b00000)
 PSPermGen       total 49664K, used 49451K [0x0000000606e00000, 0x0000000609e80000, 0x000000060c000000)
  object space 49664K, 99% used [0x0000000606e00000,0x0000000609e4ac58,0x0000000609e80000)
GC Heap History (10 events):
Event: 2.228 GC heap before
{Heap before GC invocations=3 (full 0):
 PSYoungGen      total 76800K, used 75492K [0x0000000759500000, 0x0000000762b00000, 0x0000000800000000)
  eden space 66048K, 100% used [0x0000000759500000,0x000000075d580000,0x000000075d580000)
  from space 10752K, 87% used [0x000000075e000000,0x000000075e9392b0,0x000000075ea80000)
  to   space 10752K, 0% used [0x000000075d580000,0x000000075d580000,0x000000075e000000)
 ParOldGen       total 175104K, used 80K [0x000000060c000000, 0x0000000616b00000, 0x0000000759500000)
  object space 175104K, 0% used [0x000000060c000000,0x000000060c014010,0x0000000616b00000)
 PSPermGen       total 34816K, used 34525K [0x0000000606e00000, 0x0000000609000000, 0x000000060c000000)
  object space 34816K, 99% used [0x0000000606e00000,0x0000000608fb76f0,0x0000000609000000)
Event: 2.239 GC heap after
Heap after GC invocations=3 (full 0):
 PSYoungGen      total 76800K, used 10751K [0x0000000759500000, 0x0000000762b00000, 0x0000000800000000)
  eden space 66048K, 0% used [0x0000000759500000,0x0000000759500000,0x000000075d580000)
  from space 10752K, 99% used [0x000000075d580000,0x000000075dffffa0,0x000000075e000000)
  to   space 10752K, 0% used [0x0000000762080000,0x0000000762080000,0x0000000762b00000)
 ParOldGen       total 175104K, used 8073K [0x000000060c000000, 0x0000000616b00000, 0x0000000759500000)
  object space 175104K, 4% used [0x000000060c000000,0x000000060c7e2540,0x0000000616b00000)
 PSPermGen       total 34816K, used 34525K [0x0000000606e00000, 0x0000000609000000, 0x000000060c000000)
  object space 34816K, 99% used [0x0000000606e00000,0x0000000608fb76f0,0x0000000609000000)
}
Event: 4.379 GC heap before
{Heap before GC invocations=4 (full 0):
 PSYoungGen      total 76800K, used 76799K [0x0000000759500000, 0x0000000762b00000, 0x0000000800000000)
  eden space 66048K, 100% used [0x0000000759500000,0x000000075d580000,0x000000075d580000)
  from space 10752K, 99% used [0x000000075d580000,0x000000075dffffa0,0x000000075e000000)
  to   space 10752K, 0% used [0x0000000762080000,0x0000000762080000,0x0000000762b00000)
 ParOldGen       total 175104K, used 8073K [0x000000060c000000, 0x0000000616b00000, 0x0000000759500000)
  object space 175104K, 4% used [0x000000060c000000,0x000000060c7e2540,0x0000000616b00000)
 PSPermGen       total 44032K, used 43690K [0x0000000606e00000, 0x0000000609900000, 0x000000060c000000)
  object space 44032K, 99% used [0x0000000606e00000,0x00000006098aa948,0x0000000609900000)
Event: 4.391 GC heap after
Heap after GC invocations=4 (full 0):
 PSYoungGen      total 76800K, used 10725K [0x0000000759500000, 0x0000000762b00000, 0x0000000800000000)
  eden space 66048K, 0% used [0x0000000759500000,0x0000000759500000,0x000000075d580000)
  from space 10752K, 99% used [0x0000000762080000,0x0000000762af9418,0x0000000762b00000)
  to   space 10752K, 0% used [0x000000075d580000,0x000000075d580000,0x000000075e000000)
 ParOldGen       total 175104K, used 15831K [0x000000060c000000, 0x0000000616b00000, 0x0000000759500000)
  object space 175104K, 9% used [0x000000060c000000,0x000000060cf75dc0,0x0000000616b00000)
 PSPermGen       total 44032K, used 43690K [0x0000000606e00000, 0x0000000609900000, 0x000000060c000000)
  object space 44032K, 99% used [0x0000000606e00000,0x00000006098aa948,0x0000000609900000)
}
Event: 10.637 GC heap before
{Heap before GC invocations=5 (full 0):
 PSYoungGen      total 76800K, used 71498K [0x0000000759500000, 0x0000000762b00000, 0x0000000800000000)
  eden space 66048K, 92% used [0x0000000759500000,0x000000075d0594b8,0x000000075d580000)
  from space 10752K, 99% used [0x0000000762080000,0x0000000762af9418,0x0000000762b00000)
  to   space 10752K, 0% used [0x000000075d580000,0x000000075d580000,0x000000075e000000)
 ParOldGen       total 175104K, used 15831K [0x000000060c000000, 0x0000000616b00000, 0x0000000759500000)
  object space 175104K, 9% used [0x000000060c000000,0x000000060cf75dc0,0x0000000616b00000)
 PSPermGen       total 47616K, used 47524K [0x0000000606e00000, 0x0000000609c80000, 0x000000060c000000)
  object space 47616K, 99% used [0x0000000606e00000,0x0000000609c69010,0x0000000609c80000)
Event: 10.648 GC heap after
Heap after GC invocations=5 (full 0):
 PSYoungGen      total 75264K, used 10749K [0x0000000759500000, 0x0000000762100000, 0x0000000800000000)
  eden space 64512K, 0% used [0x0000000759500000,0x0000000759500000,0x000000075d400000)
  from space 10752K, 99% used [0x000000075d580000,0x000000075dfff5e0,0x000000075e000000)
  to   space 24064K, 0% used [0x0000000760980000,0x0000000760980000,0x0000000762100000)
 ParOldGen       total 175104K, used 20838K [0x000000060c000000, 0x0000000616b00000, 0x0000000759500000)
  object space 175104K, 11% used [0x000000060c000000,0x000000060d459800,0x0000000616b00000)
 PSPermGen       total 47616K, used 47524K [0x0000000606e00000, 0x0000000609c80000, 0x000000060c000000)
  object space 47616K, 99% used [0x0000000606e00000,0x0000000609c69010,0x0000000609c80000)
}
Event: 13.860 GC heap before
{Heap before GC invocations=6 (full 0):
 PSYoungGen      total 75264K, used 75217K [0x0000000759500000, 0x0000000762100000, 0x0000000800000000)
  eden space 64512K, 99% used [0x0000000759500000,0x000000075d3f5098,0x000000075d400000)
  from space 10752K, 99% used [0x000000075d580000,0x000000075dfff5e0,0x000000075e000000)
  to   space 24064K, 0% used [0x0000000760980000,0x0000000760980000,0x0000000762100000)
 ParOldGen       total 175104K, used 20838K [0x000000060c000000, 0x0000000616b00000, 0x0000000759500000)
  object space 175104K, 11% used [0x000000060c000000,0x000000060d459800,0x0000000616b00000)
 PSPermGen       total 48640K, used 48575K [0x0000000606e00000, 0x0000000609d80000, 0x000000060c000000)
  object space 48640K, 99% used [0x0000000606e00000,0x0000000609d6fdb8,0x0000000609d80000)
Event: 13.870 GC heap after
Heap after GC invocations=6 (full 0):
 PSYoungGen      total 83456K, used 20226K [0x0000000759500000, 0x0000000761d80000, 0x0000000800000000)
  eden space 62976K, 0% used [0x0000000759500000,0x0000000759500000,0x000000075d280000)
  from space 20480K, 98% used [0x0000000760980000,0x0000000761d40848,0x0000000761d80000)
  to   space 26112K, 0% used [0x000000075ea80000,0x000000075ea80000,0x0000000760400000)
 ParOldGen       total 175104K, used 28392K [0x000000060c000000, 0x0000000616b00000, 0x0000000759500000)
  object space 175104K, 16% used [0x000000060c000000,0x000000060dbba2c0,0x0000000616b00000)
 PSPermGen       total 48640K, used 48575K [0x0000000606e00000, 0x0000000609d80000, 0x000000060c000000)
  object space 48640K, 99% used [0x0000000606e00000,0x0000000609d6fdb8,0x0000000609d80000)
}
Event: 25.441 GC heap before
{Heap before GC invocations=7 (full 0):
 PSYoungGen      total 83456K, used 83180K [0x0000000759500000, 0x0000000761d80000, 0x0000000800000000)
  eden space 62976K, 99% used [0x0000000759500000,0x000000075d27a910,0x000000075d280000)
  from space 20480K, 98% used [0x0000000760980000,0x0000000761d40848,0x0000000761d80000)
  to   space 26112K, 0% used [0x000000075ea80000,0x000000075ea80000,0x0000000760400000)
 ParOldGen       total 175104K, used 28392K [0x000000060c000000, 0x0000000616b00000, 0x0000000759500000)
  object space 175104K, 16% used [0x000000060c000000,0x000000060dbba2c0,0x0000000616b00000)
 PSPermGen       total 49152K, used 48891K [0x0000000606e00000, 0x0000000609e00000, 0x000000060c000000)
  object space 49152K, 99% used [0x0000000606e00000,0x0000000609dbef10,0x0000000609e00000)
Event: 25.454 GC heap after
Heap after GC invocations=7 (full 0):
 PSYoungGen      total 86528K, used 25050K [0x0000000759500000, 0x0000000760b00000, 0x0000000800000000)
  eden space 61440K, 0% used [0x0000000759500000,0x0000000759500000,0x000000075d100000)
  from space 25088K, 99% used [0x000000075ea80000,0x00000007602f6900,0x0000000760300000)
  to   space 8192K, 0% used [0x0000000760300000,0x0000000760300000,0x0000000760b00000)
 ParOldGen       total 175104K, used 39500K [0x000000060c000000, 0x0000000616b00000, 0x0000000759500000)
  object space 175104K, 22% used [0x000000060c000000,0x000000060e693308,0x0000000616b00000)
 PSPermGen       total 49152K, used 48891K [0x0000000606e00000, 0x0000000609e00000, 0x000000060c000000)
  object space 49152K, 99% used [0x0000000606e00000,0x0000000609dbef10,0x0000000609e00000)
}

