# JRE version: Java(TM) SE Runtime Environment (7.0_45-b18) (build 1.7.0_45-b18)
# Java VM: Java HotSpot(TM) 64-Bit Server VM (24.45-b08 mixed mode linux-amd64 compressed oops)
Heap
 PSYoungGen      total 82944K, used 53467K [0x0000000759500000, 0x000000075ff00000, 0x0000000800000000)
  eden space 60416K, 62% used [0x0000000759500000,0x000000075b9d4058,0x000000075d000000)
  from space 22528K, 69% used [0x000000075e900000,0x000000075f862d20,0x000000075ff00000)
  to   space 24064K, 0% used [0x000000075d000000,0x000000075d000000,0x000000075e780000)
 ParOldGen       total 175104K, used 22469K [0x000000060c000000, 0x0000000616b00000, 0x0000000759500000)
  object space 175104K, 12% used [0x000000060c000000,0x000000060d5f16e8,0x0000000616b00000)
 PSPermGen       total 54272K, used 54125K [0x0000000606e00000, 0x000000060a300000, 0x000000060c000000)
  object space 54272K, 99% used [0x0000000606e00000,0x000000060a2db408,0x000000060a300000)
GC Heap History (10 events):
Event: 12.972 GC heap before
{Heap before GC invocations=4 (full 0):
 PSYoungGen      total 76800K, used 76784K [0x0000000759500000, 0x000000075ea80000, 0x0000000800000000)
  eden space 66048K, 100% used [0x0000000759500000,0x000000075d580000,0x000000075d580000)
  from space 10752K, 99% used [0x000000075d580000,0x000000075dffc0b8,0x000000075e000000)
  to   space 10752K, 0% used [0x000000075e000000,0x000000075e000000,0x000000075ea80000)
 ParOldGen       total 175104K, used 6184K [0x000000060c000000, 0x0000000616b00000, 0x0000000759500000)
  object space 175104K, 3% used [0x000000060c000000,0x000000060c60a1c0,0x0000000616b00000)
 PSPermGen       total 37888K, used 37610K [0x0000000606e00000, 0x0000000609300000, 0x000000060c000000)
  object space 37888K, 99% used [0x0000000606e00000,0x00000006092babe8,0x0000000609300000)
Event: 12.981 GC heap after
Heap after GC invocations=4 (full 0):
 PSYoungGen      total 76800K, used 10732K [0x0000000759500000, 0x000000075ea80000, 0x0000000800000000)
  eden space 66048K, 0% used [0x0000000759500000,0x0000000759500000,0x000000075d580000)
  from space 10752K, 99% used [0x000000075e000000,0x000000075ea7b020,0x000000075ea80000)
  to   space 10752K, 0% used [0x000000075d580000,0x000000075d580000,0x000000075e000000)
 ParOldGen       total 175104K, used 11142K [0x000000060c000000, 0x0000000616b00000, 0x0000000759500000)
  object space 175104K, 6% used [0x000000060c000000,0x000000060cae18d8,0x0000000616b00000)
 PSPermGen       total 37888K, used 37610K [0x0000000606e00000, 0x0000000609300000, 0x000000060c000000)
  object space 37888K, 99% used [0x0000000606e00000,0x00000006092babe8,0x0000000609300000)
}
Event: 15.474 GC heap before
{Heap before GC invocations=5 (full 0):
 PSYoungGen      total 76800K, used 76780K [0x0000000759500000, 0x000000075ea80000, 0x0000000800000000)
  eden space 66048K, 100% used [0x0000000759500000,0x000000075d580000,0x000000075d580000)
  from space 10752K, 99% used [0x000000075e000000,0x000000075ea7b020,0x000000075ea80000)
  to   space 10752K, 0% used [0x000000075d580000,0x000000075d580000,0x000000075e000000)
 ParOldGen       total 175104K, used 11142K [0x000000060c000000, 0x0000000616b00000, 0x0000000759500000)
  object space 175104K, 6% used [0x000000060c000000,0x000000060cae18d8,0x0000000616b00000)
 PSPermGen       total 41472K, used 41162K [0x0000000606e00000, 0x0000000609680000, 0x000000060c000000)
  object space 41472K, 99% used [0x0000000606e00000,0x0000000609632b10,0x0000000609680000)
Event: 15.481 GC heap after
Heap after GC invocations=5 (full 0):
 PSYoungGen      total 75264K, used 10724K [0x0000000759500000, 0x000000075fc00000, 0x0000000800000000)
  eden space 64512K, 0% used [0x0000000759500000,0x0000000759500000,0x000000075d400000)
  from space 10752K, 99% used [0x000000075d580000,0x000000075dff9128,0x000000075e000000)
  to   space 20480K, 0% used [0x000000075e800000,0x000000075e800000,0x000000075fc00000)
 ParOldGen       total 175104K, used 13856K [0x000000060c000000, 0x0000000616b00000, 0x0000000759500000)
  object space 175104K, 7% used [0x000000060c000000,0x000000060cd881c8,0x0000000616b00000)
 PSPermGen       total 41472K, used 41162K [0x0000000606e00000, 0x0000000609680000, 0x000000060c000000)
  object space 41472K, 99% used [0x0000000606e00000,0x0000000609632b10,0x0000000609680000)
}
Event: 21.690 GC heap before
{Heap before GC invocations=6 (full 0):
 PSYoungGen      total 75264K, used 75236K [0x0000000759500000, 0x000000075fc00000, 0x0000000800000000)
  eden space 64512K, 100% used [0x0000000759500000,0x000000075d400000,0x000000075d400000)
  from space 10752K, 99% used [0x000000075d580000,0x000000075dff9128,0x000000075e000000)
  to   space 20480K, 0% used [0x000000075e800000,0x000000075e800000,0x000000075fc00000)
 ParOldGen       total 175104K, used 13856K [0x000000060c000000, 0x0000000616b00000, 0x0000000759500000)
  object space 175104K, 7% used [0x000000060c000000,0x000000060cd881c8,0x0000000616b00000)
 PSPermGen       total 46080K, used 46068K [0x0000000606e00000, 0x0000000609b00000, 0x000000060c000000)
  object space 46080K, 99% used [0x0000000606e00000,0x0000000609afd210,0x0000000609b00000)
Event: 21.699 GC heap after
Heap after GC invocations=6 (full 0):
 PSYoungGen      total 82944K, used 17736K [0x0000000759500000, 0x000000075fe80000, 0x0000000800000000)
  eden space 62464K, 0% used [0x0000000759500000,0x0000000759500000,0x000000075d200000)
  from space 20480K, 86% used [0x000000075e800000,0x000000075f9522a0,0x000000075fc00000)
  to   space 22528K, 0% used [0x000000075d200000,0x000000075d200000,0x000000075e800000)
 ParOldGen       total 175104K, used 13864K [0x000000060c000000, 0x0000000616b00000, 0x0000000759500000)
  object space 175104K, 7% used [0x000000060c000000,0x000000060cd8a1c8,0x0000000616b00000)
 PSPermGen       total 46080K, used 46068K [0x0000000606e00000, 0x0000000609b00000, 0x000000060c000000)
  object space 46080K, 99% used [0x0000000606e00000,0x0000000609afd210,0x0000000609b00000)
}
Event: 22.322 GC heap before
{Heap before GC invocations=7 (full 0):
 PSYoungGen      total 82944K, used 80200K [0x0000000759500000, 0x000000075fe80000, 0x0000000800000000)
  eden space 62464K, 100% used [0x0000000759500000,0x000000075d200000,0x000000075d200000)
  from space 20480K, 86% used [0x000000075e800000,0x000000075f9522a0,0x000000075fc00000)
  to   space 22528K, 0% used [0x000000075d200000,0x000000075d200000,0x000000075e800000)
 ParOldGen       total 175104K, used 13864K [0x000000060c000000, 0x0000000616b00000, 0x0000000759500000)
  object space 175104K, 7% used [0x000000060c000000,0x000000060cd8a1c8,0x0000000616b00000)
 PSPermGen       total 52736K, used 52437K [0x0000000606e00000, 0x000000060a180000, 0x000000060c000000)
  object space 52736K, 99% used [0x0000000606e00000,0x000000060a135588,0x000000060a180000)
Event: 22.334 GC heap after
Heap after GC invocations=7 (full 0):
 PSYoungGen      total 83968K, used 20184K [0x0000000759500000, 0x0000000760100000, 0x0000000800000000)
  eden space 61440K, 0% used [0x0000000759500000,0x0000000759500000,0x000000075d100000)
  from space 22528K, 89% used [0x000000075d200000,0x000000075e5b61d0,0x000000075e800000)
  to   space 24576K, 0% used [0x000000075e900000,0x000000075e900000,0x0000000760100000)
 ParOldGen       total 175104K, used 18066K [0x000000060c000000, 0x0000000616b00000, 0x0000000759500000)
  object space 175104K, 10% used [0x000000060c000000,0x000000060d1a4838,0x0000000616b00000)
 PSPermGen       total 52736K, used 52437K [0x0000000606e00000, 0x000000060a180000, 0x000000060c000000)
  object space 52736K, 99% used [0x0000000606e00000,0x000000060a135588,0x000000060a180000)
}
Event: 26.410 GC heap before
{Heap before GC invocations=8 (full 0):
 PSYoungGen      total 83968K, used 81624K [0x0000000759500000, 0x0000000760100000, 0x0000000800000000)
  eden space 61440K, 100% used [0x0000000759500000,0x000000075d100000,0x000000075d100000)
  from space 22528K, 89% used [0x000000075d200000,0x000000075e5b61d0,0x000000075e800000)
  to   space 24576K, 0% used [0x000000075e900000,0x000000075e900000,0x0000000760100000)
 ParOldGen       total 175104K, used 18066K [0x000000060c000000, 0x0000000616b00000, 0x0000000759500000)
  object space 175104K, 10% used [0x000000060c000000,0x000000060d1a4838,0x0000000616b00000)
 PSPermGen       total 53760K, used 53737K [0x0000000606e00000, 0x000000060a280000, 0x000000060c000000)
  object space 53760K, 99% used [0x0000000606e00000,0x000000060a27a478,0x000000060a280000)
Event: 26.419 GC heap after
Heap after GC invocations=8 (full 0):
 PSYoungGen      total 82944K, used 15755K [0x0000000759500000, 0x000000075ff00000, 0x0000000800000000)
  eden space 60416K, 0% used [0x0000000759500000,0x0000000759500000,0x000000075d000000)
  from space 22528K, 69% used [0x000000075e900000,0x000000075f862d20,0x000000075ff00000)
  to   space 24064K, 0% used [0x000000075d000000,0x000000075d000000,0x000000075e780000)
 ParOldGen       total 175104K, used 22469K [0x000000060c000000, 0x0000000616b00000, 0x0000000759500000)
  object space 175104K, 12% used [0x000000060c000000,0x000000060d5f16e8,0x0000000616b00000)
 PSPermGen       total 53760K, used 53737K [0x0000000606e00000, 0x000000060a280000, 0x000000060c000000)
  object space 53760K, 99% used [0x0000000606e00000,0x000000060a27a478,0x000000060a280000)
}

