# JRE version: Java(TM) SE Runtime Environment (7.0_45-b18) (build 1.7.0_45-b18)
# Java VM: Java HotSpot(TM) 64-Bit Server VM (24.45-b08 mixed mode linux-amd64 compressed oops)
Heap
 PSYoungGen      total 71680K, used 49306K [0x0000000759500000, 0x000000075f980000, 0x0000000800000000)
  eden space 51712K, 58% used [0x0000000759500000,0x000000075b2b7bd0,0x000000075c780000)
  from space 19968K, 94% used [0x000000075df00000,0x000000075f16eee8,0x000000075f280000)
  to   space 24064K, 0% used [0x000000075c780000,0x000000075c780000,0x000000075df00000)
 ParOldGen       total 175104K, used 60192K [0x000000060c000000, 0x0000000616b00000, 0x0000000759500000)
  object space 175104K, 34% used [0x000000060c000000,0x000000060fac8168,0x0000000616b00000)
 PSPermGen       total 55808K, used 55699K [0x0000000606e00000, 0x000000060a480000, 0x000000060c000000)
  object space 55808K, 99% used [0x0000000606e00000,0x000000060a464d50,0x000000060a480000)
GC Heap History (10 events):
Event: 106.595 GC heap before
{Heap before GC invocations=26 (full 0):
 PSYoungGen      total 67584K, used 49280K [0x0000000759500000, 0x000000075ea80000, 0x0000000800000000)
  eden space 48640K, 100% used [0x0000000759500000,0x000000075c480000,0x000000075c480000)
  from space 18944K, 3% used [0x000000075c480000,0x000000075c520000,0x000000075d700000)
  to   space 17920K, 0% used [0x000000075d900000,0x000000075d900000,0x000000075ea80000)
 ParOldGen       total 175104K, used 38010K [0x000000060c000000, 0x0000000616b00000, 0x0000000759500000)
  object space 175104K, 21% used [0x000000060c000000,0x000000060e51e8d8,0x0000000616b00000)
 PSPermGen       total 52224K, used 51779K [0x0000000606e00000, 0x000000060a100000, 0x000000060c000000)
  object space 52224K, 99% used [0x0000000606e00000,0x000000060a090dd0,0x000000060a100000)
Event: 106.598 GC heap after
Heap after GC invocations=26 (full 0):
 PSYoungGen      total 70656K, used 576K [0x0000000759500000, 0x000000075ea80000, 0x0000000800000000)
  eden space 52736K, 0% used [0x0000000759500000,0x0000000759500000,0x000000075c880000)
  from space 17920K, 3% used [0x000000075d900000,0x000000075d990000,0x000000075ea80000)
  to   space 16896K, 0% used [0x000000075c880000,0x000000075c880000,0x000000075d900000)
 ParOldGen       total 175104K, used 38058K [0x000000060c000000, 0x0000000616b00000, 0x0000000759500000)
  object space 175104K, 21% used [0x000000060c000000,0x000000060e52a8d8,0x0000000616b00000)
 PSPermGen       total 52224K, used 51779K [0x0000000606e00000, 0x000000060a100000, 0x000000060c000000)
  object space 52224K, 99% used [0x0000000606e00000,0x000000060a090dd0,0x000000060a100000)
}
Event: 106.933 GC heap before
{Heap before GC invocations=27 (full 0):
 PSYoungGen      total 70656K, used 53312K [0x0000000759500000, 0x000000075ea80000, 0x0000000800000000)
  eden space 52736K, 100% used [0x0000000759500000,0x000000075c880000,0x000000075c880000)
  from space 17920K, 3% used [0x000000075d900000,0x000000075d990000,0x000000075ea80000)
  to   space 16896K, 0% used [0x000000075c880000,0x000000075c880000,0x000000075d900000)
 ParOldGen       total 175104K, used 38058K [0x000000060c000000, 0x0000000616b00000, 0x0000000759500000)
  object space 175104K, 21% used [0x000000060c000000,0x000000060e52a8d8,0x0000000616b00000)
 PSPermGen       total 52224K, used 51781K [0x0000000606e00000, 0x000000060a100000, 0x000000060c000000)
  object space 52224K, 99% used [0x0000000606e00000,0x000000060a091738,0x000000060a100000)
Event: 106.935 GC heap after
Heap after GC invocations=27 (full 0):
 PSYoungGen      total 69632K, used 576K [0x0000000759500000, 0x000000075ea80000, 0x0000000800000000)
  eden space 52736K, 0% used [0x0000000759500000,0x0000000759500000,0x000000075c880000)
  from space 16896K, 3% used [0x000000075c880000,0x000000075c910000,0x000000075d900000)
  to   space 15872K, 0% used [0x000000075db00000,0x000000075db00000,0x000000075ea80000)
 ParOldGen       total 175104K, used 38074K [0x000000060c000000, 0x0000000616b00000, 0x0000000759500000)
  object space 175104K, 21% used [0x000000060c000000,0x000000060e52e8d8,0x0000000616b00000)
 PSPermGen       total 52224K, used 51781K [0x0000000606e00000, 0x000000060a100000, 0x000000060c000000)
  object space 52224K, 99% used [0x0000000606e00000,0x000000060a091738,0x000000060a100000)
}
Event: 158.491 GC heap before
{Heap before GC invocations=28 (full 0):
 PSYoungGen      total 69632K, used 53312K [0x0000000759500000, 0x000000075ea80000, 0x0000000800000000)
  eden space 52736K, 100% used [0x0000000759500000,0x000000075c880000,0x000000075c880000)
  from space 16896K, 3% used [0x000000075c880000,0x000000075c910000,0x000000075d900000)
  to   space 15872K, 0% used [0x000000075db00000,0x000000075db00000,0x000000075ea80000)
 ParOldGen       total 175104K, used 38074K [0x000000060c000000, 0x0000000616b00000, 0x0000000759500000)
  object space 175104K, 21% used [0x000000060c000000,0x000000060e52e8d8,0x0000000616b00000)
 PSPermGen       total 52224K, used 52103K [0x0000000606e00000, 0x000000060a100000, 0x000000060c000000)
  object space 52224K, 99% used [0x0000000606e00000,0x000000060a0e1da0,0x000000060a100000)
Event: 158.493 GC heap after
Heap after GC invocations=28 (full 0):
 PSYoungGen      total 72704K, used 1344K [0x0000000759500000, 0x000000075ea80000, 0x0000000800000000)
  eden space 56832K, 0% used [0x0000000759500000,0x0000000759500000,0x000000075cc80000)
  from space 15872K, 8% used [0x000000075db00000,0x000000075dc50000,0x000000075ea80000)
  to   space 14848K, 0% used [0x000000075cc80000,0x000000075cc80000,0x000000075db00000)
 ParOldGen       total 175104K, used 38082K [0x000000060c000000, 0x0000000616b00000, 0x0000000759500000)
  object space 175104K, 21% used [0x000000060c000000,0x000000060e5308d8,0x0000000616b00000)
 PSPermGen       total 52224K, used 52103K [0x0000000606e00000, 0x000000060a100000, 0x000000060c000000)
  object space 52224K, 99% used [0x0000000606e00000,0x000000060a0e1da0,0x000000060a100000)
}
Event: 176.013 GC heap before
{Heap before GC invocations=29 (full 0):
 PSYoungGen      total 72704K, used 55482K [0x0000000759500000, 0x000000075ea80000, 0x0000000800000000)
  eden space 56832K, 95% used [0x0000000759500000,0x000000075c9deaa0,0x000000075cc80000)
  from space 15872K, 8% used [0x000000075db00000,0x000000075dc50000,0x000000075ea80000)
  to   space 14848K, 0% used [0x000000075cc80000,0x000000075cc80000,0x000000075db00000)
 ParOldGen       total 175104K, used 38082K [0x000000060c000000, 0x0000000616b00000, 0x0000000759500000)
  object space 175104K, 21% used [0x000000060c000000,0x000000060e5308d8,0x0000000616b00000)
 PSPermGen       total 53248K, used 53150K [0x0000000606e00000, 0x000000060a200000, 0x000000060c000000)
  object space 53248K, 99% used [0x0000000606e00000,0x000000060a1e78e0,0x000000060a200000)
Event: 176.018 GC heap after
Heap after GC invocations=29 (full 0):
 PSYoungGen      total 70656K, used 14822K [0x0000000759500000, 0x000000075f280000, 0x0000000800000000)
  eden space 55808K, 0% used [0x0000000759500000,0x0000000759500000,0x000000075cb80000)
  from space 14848K, 99% used [0x000000075cc80000,0x000000075daf9ac0,0x000000075db00000)
  to   space 19968K, 0% used [0x000000075df00000,0x000000075df00000,0x000000075f280000)
 ParOldGen       total 175104K, used 43007K [0x000000060c000000, 0x0000000616b00000, 0x0000000759500000)
  object space 175104K, 24% used [0x000000060c000000,0x000000060e9ffde8,0x0000000616b00000)
 PSPermGen       total 53248K, used 53150K [0x0000000606e00000, 0x000000060a200000, 0x000000060c000000)
  object space 53248K, 99% used [0x0000000606e00000,0x000000060a1e78e0,0x000000060a200000)
}
Event: 259.473 GC heap before
{Heap before GC invocations=30 (full 0):
 PSYoungGen      total 70656K, used 70630K [0x0000000759500000, 0x000000075f280000, 0x0000000800000000)
  eden space 55808K, 100% used [0x0000000759500000,0x000000075cb80000,0x000000075cb80000)
  from space 14848K, 99% used [0x000000075cc80000,0x000000075daf9ac0,0x000000075db00000)
  to   space 19968K, 0% used [0x000000075df00000,0x000000075df00000,0x000000075f280000)
 ParOldGen       total 175104K, used 43007K [0x000000060c000000, 0x0000000616b00000, 0x0000000759500000)
  object space 175104K, 24% used [0x000000060c000000,0x000000060e9ffde8,0x0000000616b00000)
 PSPermGen       total 55296K, used 55117K [0x0000000606e00000, 0x000000060a400000, 0x000000060c000000)
  object space 55296K, 99% used [0x0000000606e00000,0x000000060a3d34c0,0x000000060a400000)
Event: 259.480 GC heap after
Heap after GC invocations=30 (full 0):
 PSYoungGen      total 71680K, used 18875K [0x0000000759500000, 0x000000075f980000, 0x0000000800000000)
  eden space 51712K, 0% used [0x0000000759500000,0x0000000759500000,0x000000075c780000)
  from space 19968K, 94% used [0x000000075df00000,0x000000075f16eee8,0x000000075f280000)
  to   space 24064K, 0% used [0x000000075c780000,0x000000075c780000,0x000000075df00000)
 ParOldGen       total 175104K, used 60192K [0x000000060c000000, 0x0000000616b00000, 0x0000000759500000)
  object space 175104K, 34% used [0x000000060c000000,0x000000060fac8168,0x0000000616b00000)
 PSPermGen       total 55296K, used 55117K [0x0000000606e00000, 0x000000060a400000, 0x000000060c000000)
  object space 55296K, 99% used [0x0000000606e00000,0x000000060a3d34c0,0x000000060a400000)
}

