# JRE version: Java(TM) SE Runtime Environment (7.0_45-b18) (build 1.7.0_45-b18)
# Java VM: Java HotSpot(TM) 64-Bit Server VM (24.45-b08 mixed mode linux-amd64 compressed oops)
Heap
 PSYoungGen      total 312832K, used 101657K [0x0000000759500000, 0x000000076fe00000, 0x0000000800000000)
  eden space 262144K, 25% used [0x0000000759500000,0x000000075d67a940,0x0000000769500000)
  from space 50688K, 68% used [0x000000076c880000,0x000000076ea4bd80,0x000000076fa00000)
  to   space 52736K, 0% used [0x0000000769500000,0x0000000769500000,0x000000076c880000)
 ParOldGen       total 175104K, used 62859K [0x000000060c000000, 0x0000000616b00000, 0x0000000759500000)
  object space 175104K, 35% used [0x000000060c000000,0x000000060fd62d30,0x0000000616b00000)
 PSPermGen       total 50176K, used 50094K [0x0000000606e00000, 0x0000000609f00000, 0x000000060c000000)
  object space 50176K, 99% used [0x0000000606e00000,0x0000000609eebb28,0x0000000609f00000)
GC Heap History (10 events):
Event: 10.622 GC heap before
{Heap before GC invocations=4 (full 0):
 PSYoungGen      total 76800K, used 76789K [0x0000000759500000, 0x000000075ea80000, 0x0000000800000000)
  eden space 66048K, 100% used [0x0000000759500000,0x000000075d580000,0x000000075d580000)
  from space 10752K, 99% used [0x000000075d580000,0x000000075dffd720,0x000000075e000000)
  to   space 10752K, 0% used [0x000000075e000000,0x000000075e000000,0x000000075ea80000)
 ParOldGen       total 175104K, used 5546K [0x000000060c000000, 0x0000000616b00000, 0x0000000759500000)
  object space 175104K, 3% used [0x000000060c000000,0x000000060c56a8d0,0x0000000616b00000)
 PSPermGen       total 35840K, used 35822K [0x0000000606e00000, 0x0000000609100000, 0x000000060c000000)
  object space 35840K, 99% used [0x0000000606e00000,0x00000006090fb8e0,0x0000000609100000)
Event: 10.637 GC heap after
Heap after GC invocations=4 (full 0):
 PSYoungGen      total 76800K, used 10728K [0x0000000759500000, 0x000000075ea80000, 0x0000000800000000)
  eden space 66048K, 0% used [0x0000000759500000,0x0000000759500000,0x000000075d580000)
  from space 10752K, 99% used [0x000000075e000000,0x000000075ea7a220,0x000000075ea80000)
  to   space 10752K, 0% used [0x000000075d580000,0x000000075d580000,0x000000075e000000)
 ParOldGen       total 175104K, used 22117K [0x000000060c000000, 0x0000000616b00000, 0x0000000759500000)
  object space 175104K, 12% used [0x000000060c000000,0x000000060d599500,0x0000000616b00000)
 PSPermGen       total 35840K, used 35822K [0x0000000606e00000, 0x0000000609100000, 0x000000060c000000)
  object space 35840K, 99% used [0x0000000606e00000,0x00000006090fb8e0,0x0000000609100000)
}
Event: 10.985 GC heap before
{Heap before GC invocations=5 (full 0):
 PSYoungGen      total 76800K, used 76776K [0x0000000759500000, 0x000000075ea80000, 0x0000000800000000)
  eden space 66048K, 100% used [0x0000000759500000,0x000000075d580000,0x000000075d580000)
  from space 10752K, 99% used [0x000000075e000000,0x000000075ea7a220,0x000000075ea80000)
  to   space 10752K, 0% used [0x000000075d580000,0x000000075d580000,0x000000075e000000)
 ParOldGen       total 175104K, used 22117K [0x000000060c000000, 0x0000000616b00000, 0x0000000759500000)
  object space 175104K, 12% used [0x000000060c000000,0x000000060d599500,0x0000000616b00000)
 PSPermGen       total 36352K, used 35939K [0x0000000606e00000, 0x0000000609180000, 0x000000060c000000)
  object space 36352K, 98% used [0x0000000606e00000,0x0000000609118c78,0x0000000609180000)
Event: 11.000 GC heap after
Heap after GC invocations=5 (full 0):
 PSYoungGen      total 76800K, used 10726K [0x0000000759500000, 0x0000000765600000, 0x0000000800000000)
  eden space 66048K, 0% used [0x0000000759500000,0x0000000759500000,0x000000075d580000)
  from space 10752K, 99% used [0x000000075d580000,0x000000075dff9b90,0x000000075e000000)
  to   space 32768K, 0% used [0x0000000763600000,0x0000000763600000,0x0000000765600000)
 ParOldGen       total 175104K, used 34190K [0x000000060c000000, 0x0000000616b00000, 0x0000000759500000)
  object space 175104K, 19% used [0x000000060c000000,0x000000060e163b10,0x0000000616b00000)
 PSPermGen       total 36352K, used 35939K [0x0000000606e00000, 0x0000000609180000, 0x000000060c000000)
  object space 36352K, 98% used [0x0000000606e00000,0x0000000609118c78,0x0000000609180000)
}
Event: 11.479 GC heap before
{Heap before GC invocations=6 (full 0):
 PSYoungGen      total 76800K, used 76774K [0x0000000759500000, 0x0000000765600000, 0x0000000800000000)
  eden space 66048K, 100% used [0x0000000759500000,0x000000075d580000,0x000000075d580000)
  from space 10752K, 99% used [0x000000075d580000,0x000000075dff9b90,0x000000075e000000)
  to   space 32768K, 0% used [0x0000000763600000,0x0000000763600000,0x0000000765600000)
 ParOldGen       total 175104K, used 34190K [0x000000060c000000, 0x0000000616b00000, 0x0000000759500000)
  object space 175104K, 19% used [0x000000060c000000,0x000000060e163b10,0x0000000616b00000)
 PSPermGen       total 40960K, used 40471K [0x0000000606e00000, 0x0000000609600000, 0x000000060c000000)
  object space 40960K, 98% used [0x0000000606e00000,0x0000000609585cf0,0x0000000609600000)
Event: 11.494 GC heap after
Heap after GC invocations=6 (full 0):
 PSYoungGen      total 164864K, used 20899K [0x0000000759500000, 0x0000000765600000, 0x0000000800000000)
  eden space 132096K, 0% used [0x0000000759500000,0x0000000759500000,0x0000000761600000)
  from space 32768K, 63% used [0x0000000763600000,0x0000000764a68da8,0x0000000765600000)
  to   space 32768K, 0% used [0x0000000761600000,0x0000000761600000,0x0000000763600000)
 ParOldGen       total 175104K, used 34190K [0x000000060c000000, 0x0000000616b00000, 0x0000000759500000)
  object space 175104K, 19% used [0x000000060c000000,0x000000060e163b10,0x0000000616b00000)
 PSPermGen       total 40960K, used 40471K [0x0000000606e00000, 0x0000000609600000, 0x000000060c000000)
  object space 40960K, 98% used [0x0000000606e00000,0x0000000609585cf0,0x0000000609600000)
}
Event: 15.247 GC heap before
{Heap before GC invocations=7 (full 0):
 PSYoungGen      total 164864K, used 151561K [0x0000000759500000, 0x0000000765600000, 0x0000000800000000)
  eden space 132096K, 98% used [0x0000000759500000,0x00000007614999c0,0x0000000761600000)
  from space 32768K, 63% used [0x0000000763600000,0x0000000764a68da8,0x0000000765600000)
  to   space 32768K, 0% used [0x0000000761600000,0x0000000761600000,0x0000000763600000)
 ParOldGen       total 175104K, used 34190K [0x000000060c000000, 0x0000000616b00000, 0x0000000759500000)
  object space 175104K, 19% used [0x000000060c000000,0x000000060e163b10,0x0000000616b00000)
 PSPermGen       total 49152K, used 49044K [0x0000000606e00000, 0x0000000609e00000, 0x000000060c000000)
  object space 49152K, 99% used [0x0000000606e00000,0x0000000609de5340,0x0000000609e00000)
Event: 15.268 GC heap after
Heap after GC invocations=7 (full 0):
 PSYoungGen      total 164864K, used 32758K [0x0000000759500000, 0x000000076fa00000, 0x0000000800000000)
  eden space 132096K, 0% used [0x0000000759500000,0x0000000759500000,0x0000000761600000)
  from space 32768K, 99% used [0x0000000761600000,0x00000007635fdad8,0x0000000763600000)
  to   space 50688K, 0% used [0x000000076c880000,0x000000076c880000,0x000000076fa00000)
 ParOldGen       total 175104K, used 58657K [0x000000060c000000, 0x0000000616b00000, 0x0000000759500000)
  object space 175104K, 33% used [0x000000060c000000,0x000000060f948488,0x0000000616b00000)
 PSPermGen       total 49152K, used 49044K [0x0000000606e00000, 0x0000000609e00000, 0x000000060c000000)
  object space 49152K, 99% used [0x0000000606e00000,0x0000000609de5340,0x0000000609e00000)
}
Event: 22.296 GC heap before
{Heap before GC invocations=8 (full 0):
 PSYoungGen      total 164864K, used 164854K [0x0000000759500000, 0x000000076fa00000, 0x0000000800000000)
  eden space 132096K, 100% used [0x0000000759500000,0x0000000761600000,0x0000000761600000)
  from space 32768K, 99% used [0x0000000761600000,0x00000007635fdad8,0x0000000763600000)
  to   space 50688K, 0% used [0x000000076c880000,0x000000076c880000,0x000000076fa00000)
 ParOldGen       total 175104K, used 58657K [0x000000060c000000, 0x0000000616b00000, 0x0000000759500000)
  object space 175104K, 33% used [0x000000060c000000,0x000000060f948488,0x0000000616b00000)
 PSPermGen       total 50176K, used 49677K [0x0000000606e00000, 0x0000000609f00000, 0x000000060c000000)
  object space 50176K, 99% used [0x0000000606e00000,0x0000000609e83780,0x0000000609f00000)
Event: 22.309 GC heap after
Heap after GC invocations=8 (full 0):
 PSYoungGen      total 312832K, used 34607K [0x0000000759500000, 0x000000076fe00000, 0x0000000800000000)
  eden space 262144K, 0% used [0x0000000759500000,0x0000000759500000,0x0000000769500000)
  from space 50688K, 68% used [0x000000076c880000,0x000000076ea4bd80,0x000000076fa00000)
  to   space 52736K, 0% used [0x0000000769500000,0x0000000769500000,0x000000076c880000)
 ParOldGen       total 175104K, used 62859K [0x000000060c000000, 0x0000000616b00000, 0x0000000759500000)
  object space 175104K, 35% used [0x000000060c000000,0x000000060fd62d30,0x0000000616b00000)
 PSPermGen       total 50176K, used 49677K [0x0000000606e00000, 0x0000000609f00000, 0x000000060c000000)
  object space 50176K, 99% used [0x0000000606e00000,0x0000000609e83780,0x0000000609f00000)
}

