# JRE version: Java(TM) SE Runtime Environment (7.0_51-b13) (build 1.7.0_51-b13)
# Java VM: Java HotSpot(TM) 64-Bit Server VM (24.51-b03 mixed mode linux-amd64 compressed oops)
Heap
 PSYoungGen      total 376320K, used 139712K [0x0000000759500000, 0x000000077ee00000, 0x0000000800000000)
  eden space 171520K, 81% used [0x0000000759500000,0x0000000761d703b8,0x0000000763c80000)
  from space 204800K, 0% used [0x0000000763c80000,0x0000000763c80000,0x0000000770480000)
  to   space 210432K, 0% used [0x0000000772080000,0x0000000772080000,0x000000077ee00000)
 ParOldGen       total 2292736K, used 2165815K [0x000000060c000000, 0x0000000697f00000, 0x0000000759500000)
  object space 2292736K, 94% used [0x000000060c000000,0x000000069030dec0,0x0000000697f00000)
 PSPermGen       total 79872K, used 46425K [0x0000000606e00000, 0x000000060bc00000, 0x000000060c000000)
  object space 79872K, 58% used [0x0000000606e00000,0x0000000609b565d8,0x000000060bc00000)
GC Heap History (10 events):
Event: 561.711 GC heap before
{Heap before GC invocations=28 (full 5):
 PSYoungGen      total 320512K, used 320502K [0x0000000759500000, 0x000000077b680000, 0x0000000800000000)
  eden space 164352K, 100% used [0x0000000759500000,0x0000000763580000,0x0000000763580000)
  from space 156160K, 99% used [0x0000000763580000,0x000000076cdfda88,0x000000076ce00000)
  to   space 182272K, 0% used [0x0000000770480000,0x0000000770480000,0x000000077b680000)
 ParOldGen       total 2109440K, used 2109022K [0x000000060c000000, 0x000000068cc00000, 0x0000000759500000)
  object space 2109440K, 99% used [0x000000060c000000,0x000000068cb97a18,0x000000068cc00000)
 PSPermGen       total 83968K, used 46423K [0x0000000606e00000, 0x000000060c000000, 0x000000060c000000)
  object space 83968K, 55% used [0x0000000606e00000,0x0000000609b55e90,0x000000060c000000)
Event: 562.001 GC heap after
Heap after GC invocations=28 (full 5):
 PSYoungGen      total 320512K, used 0K [0x0000000759500000, 0x000000077b680000, 0x0000000800000000)
  eden space 164352K, 0% used [0x0000000759500000,0x0000000759500000,0x0000000763580000)
  from space 156160K, 0% used [0x0000000763580000,0x0000000763580000,0x000000076ce00000)
  to   space 182272K, 0% used [0x0000000770480000,0x0000000770480000,0x000000077b680000)
 ParOldGen       total 1461248K, used 1146970K [0x000000060c000000, 0x0000000665300000, 0x0000000759500000)
  object space 1461248K, 78% used [0x000000060c000000,0x00000006520168c0,0x0000000665300000)
 PSPermGen       total 83968K, used 46423K [0x0000000606e00000, 0x000000060c000000, 0x000000060c000000)
  object space 83968K, 55% used [0x0000000606e00000,0x0000000609b55e70,0x000000060c000000)
}
Event: 562.124 GC heap before
{Heap before GC invocations=29 (full 5):
 PSYoungGen      total 320512K, used 164344K [0x0000000759500000, 0x000000077b680000, 0x0000000800000000)
  eden space 164352K, 99% used [0x0000000759500000,0x000000076357e228,0x0000000763580000)
  from space 156160K, 0% used [0x0000000763580000,0x0000000763580000,0x000000076ce00000)
  to   space 182272K, 0% used [0x0000000770480000,0x0000000770480000,0x000000077b680000)
 ParOldGen       total 1461248K, used 1148959K [0x000000060c000000, 0x0000000665300000, 0x0000000759500000)
  object space 1461248K, 78% used [0x000000060c000000,0x0000000652207c78,0x0000000665300000)
 PSPermGen       total 83968K, used 46424K [0x0000000606e00000, 0x000000060c000000, 0x000000060c000000)
  object space 83968K, 55% used [0x0000000606e00000,0x0000000609b56270,0x000000060c000000)
Event: 562.152 GC heap after
Heap after GC invocations=29 (full 5):
 PSYoungGen      total 353792K, used 162091K [0x0000000759500000, 0x000000077e280000, 0x0000000800000000)
  eden space 171520K, 0% used [0x0000000759500000,0x0000000759500000,0x0000000763c80000)
  from space 182272K, 88% used [0x0000000770480000,0x000000077a2cac08,0x000000077b680000)
  to   space 204800K, 0% used [0x0000000763c80000,0x0000000763c80000,0x0000000770480000)
 ParOldGen       total 1461248K, used 1148959K [0x000000060c000000, 0x0000000665300000, 0x0000000759500000)
  object space 1461248K, 78% used [0x000000060c000000,0x0000000652207c78,0x0000000665300000)
 PSPermGen       total 83968K, used 46424K [0x0000000606e00000, 0x000000060c000000, 0x000000060c000000)
  object space 83968K, 55% used [0x0000000606e00000,0x0000000609b56270,0x000000060c000000)
}
Event: 586.622 GC heap before
{Heap before GC invocations=30 (full 6):
 PSYoungGen      total 353792K, used 333611K [0x0000000759500000, 0x000000077e280000, 0x0000000800000000)
  eden space 171520K, 100% used [0x0000000759500000,0x0000000763c80000,0x0000000763c80000)
  from space 182272K, 88% used [0x0000000770480000,0x000000077a2cac08,0x000000077b680000)
  to   space 204800K, 0% used [0x0000000763c80000,0x0000000763c80000,0x0000000770480000)
 ParOldGen       total 1716224K, used 1658756K [0x000000060c000000, 0x0000000674c00000, 0x0000000759500000)
  object space 1716224K, 96% used [0x000000060c000000,0x00000006713e12d8,0x0000000674c00000)
 PSPermGen       total 83968K, used 46425K [0x0000000606e00000, 0x000000060c000000, 0x000000060c000000)
  object space 83968K, 55% used [0x0000000606e00000,0x0000000609b565d8,0x000000060c000000)
Event: 586.933 GC heap after
Heap after GC invocations=30 (full 6):
 PSYoungGen      total 353792K, used 0K [0x0000000759500000, 0x000000077e280000, 0x0000000800000000)
  eden space 171520K, 0% used [0x0000000759500000,0x0000000759500000,0x0000000763c80000)
  from space 182272K, 0% used [0x0000000770480000,0x0000000770480000,0x000000077b680000)
  to   space 204800K, 0% used [0x0000000763c80000,0x0000000763c80000,0x0000000770480000)
 ParOldGen       total 1115136K, used 763231K [0x000000060c000000, 0x0000000650100000, 0x0000000759500000)
  object space 1115136K, 68% used [0x000000060c000000,0x000000063a957dc0,0x0000000650100000)
 PSPermGen       total 83456K, used 46425K [0x0000000606e00000, 0x000000060bf80000, 0x000000060c000000)
  object space 83456K, 55% used [0x0000000606e00000,0x0000000609b565d8,0x000000060bf80000)
}
Event: 600.162 GC heap before
{Heap before GC invocations=31 (full 6):
 PSYoungGen      total 353792K, used 171520K [0x0000000759500000, 0x000000077e280000, 0x0000000800000000)
  eden space 171520K, 100% used [0x0000000759500000,0x0000000763c80000,0x0000000763c80000)
  from space 182272K, 0% used [0x0000000770480000,0x0000000770480000,0x000000077b680000)
  to   space 204800K, 0% used [0x0000000763c80000,0x0000000763c80000,0x0000000770480000)
 ParOldGen       total 1115136K, used 763231K [0x000000060c000000, 0x0000000650100000, 0x0000000759500000)
  object space 1115136K, 68% used [0x000000060c000000,0x000000063a957dc0,0x0000000650100000)
 PSPermGen       total 83456K, used 46425K [0x0000000606e00000, 0x000000060bf80000, 0x000000060c000000)
  object space 83456K, 55% used [0x0000000606e00000,0x0000000609b565d8,0x000000060bf80000)
Event: 600.196 GC heap after
Heap after GC invocations=31 (full 6):
 PSYoungGen      total 376320K, used 128153K [0x0000000759500000, 0x000000077ee00000, 0x0000000800000000)
  eden space 171520K, 0% used [0x0000000759500000,0x0000000759500000,0x0000000763c80000)
  from space 204800K, 62% used [0x0000000763c80000,0x000000076b9a6598,0x0000000770480000)
  to   space 210432K, 0% used [0x0000000772080000,0x0000000772080000,0x000000077ee00000)
 ParOldGen       total 1115136K, used 763231K [0x000000060c000000, 0x0000000650100000, 0x0000000759500000)
  object space 1115136K, 68% used [0x000000060c000000,0x000000063a957dc0,0x0000000650100000)
 PSPermGen       total 83456K, used 46425K [0x0000000606e00000, 0x000000060bf80000, 0x000000060c000000)
  object space 83456K, 55% used [0x0000000606e00000,0x0000000609b565d8,0x000000060bf80000)
}
Event: 613.712 GC heap before
{Heap before GC invocations=32 (full 7):
 PSYoungGen      total 376320K, used 299673K [0x0000000759500000, 0x000000077ee00000, 0x0000000800000000)
  eden space 171520K, 100% used [0x0000000759500000,0x0000000763c80000,0x0000000763c80000)
  from space 204800K, 62% used [0x0000000763c80000,0x000000076b9a6598,0x0000000770480000)
  to   space 210432K, 0% used [0x0000000772080000,0x0000000772080000,0x000000077ee00000)
 ParOldGen       total 1752576K, used 1655377K [0x000000060c000000, 0x0000000676f80000, 0x0000000759500000)
  object space 1752576K, 94% used [0x000000060c000000,0x00000006710944e8,0x0000000676f80000)
 PSPermGen       total 83456K, used 46425K [0x0000000606e00000, 0x000000060bf80000, 0x000000060c000000)
  object space 83456K, 55% used [0x0000000606e00000,0x0000000609b565d8,0x000000060bf80000)
Event: 613.988 GC heap after
Heap after GC invocations=32 (full 7):
 PSYoungGen      total 376320K, used 0K [0x0000000759500000, 0x000000077ee00000, 0x0000000800000000)
  eden space 171520K, 0% used [0x0000000759500000,0x0000000759500000,0x0000000763c80000)
  from space 204800K, 0% used [0x0000000763c80000,0x0000000763c80000,0x0000000770480000)
  to   space 210432K, 0% used [0x0000000772080000,0x0000000772080000,0x000000077ee00000)
 ParOldGen       total 1655296K, used 1273669K [0x000000060c000000, 0x0000000671080000, 0x0000000759500000)
  object space 1655296K, 76% used [0x000000060c000000,0x0000000659bd1798,0x0000000671080000)
 PSPermGen       total 79872K, used 46425K [0x0000000606e00000, 0x000000060bc00000, 0x000000060c000000)
  object space 79872K, 58% used [0x0000000606e00000,0x0000000609b565d8,0x000000060bc00000)
}

