# JRE version: Java(TM) SE Runtime Environment (7.0_45-b18) (build 1.7.0_45-b18)
# Java VM: Java HotSpot(TM) 64-Bit Server VM (24.45-b08 mixed mode linux-amd64 compressed oops)
Heap
 PSYoungGen      total 69632K, used 4479K [0x0000000797d00000, 0x000000079d280000, 0x0000000800000000)
  eden space 52224K, 3% used [0x0000000797d00000,0x0000000797e8fd48,0x000000079b000000)
  from space 17408K, 16% used [0x000000079b000000,0x000000079b2d0010,0x000000079c100000)
  to   space 16384K, 0% used [0x000000079c280000,0x000000079c280000,0x000000079d280000)
 ParOldGen       total 175104K, used 55019K [0x00000006c7800000, 0x00000006d2300000, 0x0000000797d00000)
  object space 175104K, 31% used [0x00000006c7800000,0x00000006cadbae40,0x00000006d2300000)
 PSPermGen       total 55808K, used 55370K [0x00000006c2600000, 0x00000006c5c80000, 0x00000006c7800000)
  object space 55808K, 99% used [0x00000006c2600000,0x00000006c5c12a58,0x00000006c5c80000)
GC Heap History (10 events):
Event: 385.837 GC heap before
{Heap before GC invocations=21 (full 0):
 PSYoungGen      total 67072K, used 50272K [0x0000000797d00000, 0x000000079d500000, 0x0000000800000000)
  eden space 48128K, 100% used [0x0000000797d00000,0x000000079ac00000,0x000000079ac00000)
  from space 18944K, 11% used [0x000000079c280000,0x000000079c498010,0x000000079d500000)
  to   space 20992K, 0% used [0x000000079ac00000,0x000000079ac00000,0x000000079c080000)
 ParOldGen       total 175104K, used 50757K [0x00000006c7800000, 0x00000006d2300000, 0x0000000797d00000)
  object space 175104K, 28% used [0x00000006c7800000,0x00000006ca991660,0x00000006d2300000)
 PSPermGen       total 55296K, used 55090K [0x00000006c2600000, 0x00000006c5c00000, 0x00000006c7800000)
  object space 55296K, 99% used [0x00000006c2600000,0x00000006c5bccb90,0x00000006c5c00000)
Event: 385.840 GC heap after
Heap after GC invocations=21 (full 0):
 PSYoungGen      total 50176K, used 1984K [0x0000000797d00000, 0x000000079d280000, 0x0000000800000000)
  eden space 48128K, 0% used [0x0000000797d00000,0x0000000797d00000,0x000000079ac00000)
  from space 2048K, 96% used [0x000000079ac00000,0x000000079adf0020,0x000000079ae00000)
  to   space 19968K, 0% used [0x000000079bf00000,0x000000079bf00000,0x000000079d280000)
 ParOldGen       total 175104K, used 51341K [0x00000006c7800000, 0x00000006d2300000, 0x0000000797d00000)
  object space 175104K, 29% used [0x00000006c7800000,0x00000006caa23670,0x00000006d2300000)
 PSPermGen       total 55296K, used 55090K [0x00000006c2600000, 0x00000006c5c00000, 0x00000006c7800000)
  object space 55296K, 99% used [0x00000006c2600000,0x00000006c5bccb90,0x00000006c5c00000)
}
Event: 387.972 GC heap before
{Heap before GC invocations=22 (full 0):
 PSYoungGen      total 50176K, used 50112K [0x0000000797d00000, 0x000000079d280000, 0x0000000800000000)
  eden space 48128K, 100% used [0x0000000797d00000,0x000000079ac00000,0x000000079ac00000)
  from space 2048K, 96% used [0x000000079ac00000,0x000000079adf0020,0x000000079ae00000)
  to   space 19968K, 0% used [0x000000079bf00000,0x000000079bf00000,0x000000079d280000)
 ParOldGen       total 175104K, used 51341K [0x00000006c7800000, 0x00000006d2300000, 0x0000000797d00000)
  object space 175104K, 29% used [0x00000006c7800000,0x00000006caa23670,0x00000006d2300000)
 PSPermGen       total 55296K, used 55127K [0x00000006c2600000, 0x00000006c5c00000, 0x00000006c7800000)
  object space 55296K, 99% used [0x00000006c2600000,0x00000006c5bd5c80,0x00000006c5c00000)
Event: 387.976 GC heap after
Heap after GC invocations=22 (full 0):
 PSYoungGen      total 68608K, used 3094K [0x0000000797d00000, 0x000000079d280000, 0x0000000800000000)
  eden space 48640K, 0% used [0x0000000797d00000,0x0000000797d00000,0x000000079ac80000)
  from space 19968K, 15% used [0x000000079bf00000,0x000000079c205bc0,0x000000079d280000)
  to   space 18944K, 0% used [0x000000079ac80000,0x000000079ac80000,0x000000079bf00000)
 ParOldGen       total 175104K, used 51557K [0x00000006c7800000, 0x00000006d2300000, 0x0000000797d00000)
  object space 175104K, 29% used [0x00000006c7800000,0x00000006caa59670,0x00000006d2300000)
 PSPermGen       total 55296K, used 55127K [0x00000006c2600000, 0x00000006c5c00000, 0x00000006c7800000)
  object space 55296K, 99% used [0x00000006c2600000,0x00000006c5bd5c80,0x00000006c5c00000)
}
Event: 450.672 GC heap before
{Heap before GC invocations=23 (full 0):
 PSYoungGen      total 68608K, used 51023K [0x0000000797d00000, 0x000000079d280000, 0x0000000800000000)
  eden space 48640K, 98% used [0x0000000797d00000,0x000000079abce3f0,0x000000079ac80000)
  from space 19968K, 15% used [0x000000079bf00000,0x000000079c205bc0,0x000000079d280000)
  to   space 18944K, 0% used [0x000000079ac80000,0x000000079ac80000,0x000000079bf00000)
 ParOldGen       total 175104K, used 51557K [0x00000006c7800000, 0x00000006d2300000, 0x0000000797d00000)
  object space 175104K, 29% used [0x00000006c7800000,0x00000006caa59670,0x00000006d2300000)
 PSPermGen       total 55296K, used 55152K [0x00000006c2600000, 0x00000006c5c00000, 0x00000006c7800000)
  object space 55296K, 99% used [0x00000006c2600000,0x00000006c5bdc158,0x00000006c5c00000)
Event: 450.676 GC heap after
Heap after GC invocations=23 (full 0):
 PSYoungGen      total 67584K, used 5312K [0x0000000797d00000, 0x000000079d280000, 0x0000000800000000)
  eden space 48640K, 0% used [0x0000000797d00000,0x0000000797d00000,0x000000079ac80000)
  from space 18944K, 28% used [0x000000079ac80000,0x000000079b1b0078,0x000000079bf00000)
  to   space 17920K, 0% used [0x000000079c100000,0x000000079c100000,0x000000079d280000)
 ParOldGen       total 175104K, used 52525K [0x00000006c7800000, 0x00000006d2300000, 0x0000000797d00000)
  object space 175104K, 29% used [0x00000006c7800000,0x00000006cab4b690,0x00000006d2300000)
 PSPermGen       total 55296K, used 55152K [0x00000006c2600000, 0x00000006c5c00000, 0x00000006c7800000)
  object space 55296K, 99% used [0x00000006c2600000,0x00000006c5bdc158,0x00000006c5c00000)
}
Event: 450.995 GC heap before
{Heap before GC invocations=24 (full 0):
 PSYoungGen      total 67584K, used 53952K [0x0000000797d00000, 0x000000079d280000, 0x0000000800000000)
  eden space 48640K, 100% used [0x0000000797d00000,0x000000079ac80000,0x000000079ac80000)
  from space 18944K, 28% used [0x000000079ac80000,0x000000079b1b0078,0x000000079bf00000)
  to   space 17920K, 0% used [0x000000079c100000,0x000000079c100000,0x000000079d280000)
 ParOldGen       total 175104K, used 52525K [0x00000006c7800000, 0x00000006d2300000, 0x0000000797d00000)
  object space 175104K, 29% used [0x00000006c7800000,0x00000006cab4b690,0x00000006d2300000)
 PSPermGen       total 55296K, used 55154K [0x00000006c2600000, 0x00000006c5c00000, 0x00000006c7800000)
  object space 55296K, 99% used [0x00000006c2600000,0x00000006c5bdcac8,0x00000006c5c00000)
Event: 450.998 GC heap after
Heap after GC invocations=24 (full 0):
 PSYoungGen      total 70144K, used 448K [0x0000000797d00000, 0x000000079d280000, 0x0000000800000000)
  eden space 52224K, 0% used [0x0000000797d00000,0x0000000797d00000,0x000000079b000000)
  from space 17920K, 2% used [0x000000079c100000,0x000000079c170020,0x000000079d280000)
  to   space 17408K, 0% used [0x000000079b000000,0x000000079b000000,0x000000079c100000)
 ParOldGen       total 175104K, used 54931K [0x00000006c7800000, 0x00000006d2300000, 0x0000000797d00000)
  object space 175104K, 31% used [0x00000006c7800000,0x00000006cada4e40,0x00000006d2300000)
 PSPermGen       total 55296K, used 55154K [0x00000006c2600000, 0x00000006c5c00000, 0x00000006c7800000)
  object space 55296K, 99% used [0x00000006c2600000,0x00000006c5bdcac8,0x00000006c5c00000)
}
Event: 888.228 GC heap before
{Heap before GC invocations=25 (full 0):
 PSYoungGen      total 70144K, used 52672K [0x0000000797d00000, 0x000000079d280000, 0x0000000800000000)
  eden space 52224K, 100% used [0x0000000797d00000,0x000000079b000000,0x000000079b000000)
  from space 17920K, 2% used [0x000000079c100000,0x000000079c170020,0x000000079d280000)
  to   space 17408K, 0% used [0x000000079b000000,0x000000079b000000,0x000000079c100000)
 ParOldGen       total 175104K, used 54931K [0x00000006c7800000, 0x00000006d2300000, 0x0000000797d00000)
  object space 175104K, 31% used [0x00000006c7800000,0x00000006cada4e40,0x00000006d2300000)
 PSPermGen       total 55808K, used 55358K [0x00000006c2600000, 0x00000006c5c80000, 0x00000006c7800000)
  object space 55808K, 99% used [0x00000006c2600000,0x00000006c5c0f8d0,0x00000006c5c80000)
Event: 888.231 GC heap after
Heap after GC invocations=25 (full 0):
 PSYoungGen      total 69632K, used 2880K [0x0000000797d00000, 0x000000079d280000, 0x0000000800000000)
  eden space 52224K, 0% used [0x0000000797d00000,0x0000000797d00000,0x000000079b000000)
  from space 17408K, 16% used [0x000000079b000000,0x000000079b2d0010,0x000000079c100000)
  to   space 16384K, 0% used [0x000000079c280000,0x000000079c280000,0x000000079d280000)
 ParOldGen       total 175104K, used 55019K [0x00000006c7800000, 0x00000006d2300000, 0x0000000797d00000)
  object space 175104K, 31% used [0x00000006c7800000,0x00000006cadbae40,0x00000006d2300000)
 PSPermGen       total 55808K, used 55358K [0x00000006c2600000, 0x00000006c5c80000, 0x00000006c7800000)
  object space 55808K, 99% used [0x00000006c2600000,0x00000006c5c0f8d0,0x00000006c5c80000)
}

