# JRE version: Java(TM) SE Runtime Environment (7.0_45-b18) (build 1.7.0_45-b18)
# Java VM: Java HotSpot(TM) 64-Bit Server VM (24.45-b08 mixed mode linux-amd64 compressed oops)
Heap
 PSYoungGen      total 75264K, used 69451K [0x0000000759500000, 0x000000075fb00000, 0x0000000800000000)
  eden space 61440K, 91% used [0x0000000759500000,0x000000075cb9ce28,0x000000075d100000)
  from space 13824K, 97% used [0x000000075d280000,0x000000075dfb60e8,0x000000075e000000)
  to   space 21504K, 0% used [0x000000075e600000,0x000000075e600000,0x000000075fb00000)
 ParOldGen       total 175104K, used 24003K [0x000000060c000000, 0x0000000616b00000, 0x0000000759500000)
  object space 175104K, 13% used [0x000000060c000000,0x000000060d770cc0,0x0000000616b00000)
 PSPermGen       total 51200K, used 50709K [0x0000000606e00000, 0x000000060a000000, 0x000000060c000000)
  object space 51200K, 99% used [0x0000000606e00000,0x0000000609f85570,0x000000060a000000)
GC Heap History (10 events):
Event: 2.204 GC heap before
{Heap before GC invocations=3 (full 0):
 PSYoungGen      total 76800K, used 75622K [0x0000000759500000, 0x000000075ea80000, 0x0000000800000000)
  eden space 66048K, 100% used [0x0000000759500000,0x000000075d580000,0x000000075d580000)
  from space 10752K, 89% used [0x000000075e000000,0x000000075e959ac0,0x000000075ea80000)
  to   space 10752K, 0% used [0x000000075d580000,0x000000075d580000,0x000000075e000000)
 ParOldGen       total 175104K, used 80K [0x000000060c000000, 0x0000000616b00000, 0x0000000759500000)
  object space 175104K, 0% used [0x000000060c000000,0x000000060c014010,0x0000000616b00000)
 PSPermGen       total 35328K, used 35207K [0x0000000606e00000, 0x0000000609080000, 0x000000060c000000)
  object space 35328K, 99% used [0x0000000606e00000,0x0000000609061cc8,0x0000000609080000)
Event: 2.214 GC heap after
Heap after GC invocations=3 (full 0):
 PSYoungGen      total 76800K, used 10723K [0x0000000759500000, 0x000000075ea80000, 0x0000000800000000)
  eden space 66048K, 0% used [0x0000000759500000,0x0000000759500000,0x000000075d580000)
  from space 10752K, 99% used [0x000000075d580000,0x000000075dff8ce8,0x000000075e000000)
  to   space 10752K, 0% used [0x000000075e000000,0x000000075e000000,0x000000075ea80000)
 ParOldGen       total 175104K, used 8208K [0x000000060c000000, 0x0000000616b00000, 0x0000000759500000)
  object space 175104K, 4% used [0x000000060c000000,0x000000060c804320,0x0000000616b00000)
 PSPermGen       total 35328K, used 35207K [0x0000000606e00000, 0x0000000609080000, 0x000000060c000000)
  object space 35328K, 99% used [0x0000000606e00000,0x0000000609061cc8,0x0000000609080000)
}
Event: 4.350 GC heap before
{Heap before GC invocations=4 (full 0):
 PSYoungGen      total 76800K, used 76771K [0x0000000759500000, 0x000000075ea80000, 0x0000000800000000)
  eden space 66048K, 100% used [0x0000000759500000,0x000000075d580000,0x000000075d580000)
  from space 10752K, 99% used [0x000000075d580000,0x000000075dff8ce8,0x000000075e000000)
  to   space 10752K, 0% used [0x000000075e000000,0x000000075e000000,0x000000075ea80000)
 ParOldGen       total 175104K, used 8208K [0x000000060c000000, 0x0000000616b00000, 0x0000000759500000)
  object space 175104K, 4% used [0x000000060c000000,0x000000060c804320,0x0000000616b00000)
 PSPermGen       total 44032K, used 43679K [0x0000000606e00000, 0x0000000609900000, 0x000000060c000000)
  object space 44032K, 99% used [0x0000000606e00000,0x00000006098a7ca8,0x0000000609900000)
Event: 4.362 GC heap after
Heap after GC invocations=4 (full 0):
 PSYoungGen      total 76800K, used 10741K [0x0000000759500000, 0x000000075ea80000, 0x0000000800000000)
  eden space 66048K, 0% used [0x0000000759500000,0x0000000759500000,0x000000075d580000)
  from space 10752K, 99% used [0x000000075e000000,0x000000075ea7d518,0x000000075ea80000)
  to   space 10752K, 0% used [0x000000075d580000,0x000000075d580000,0x000000075e000000)
 ParOldGen       total 175104K, used 15787K [0x000000060c000000, 0x0000000616b00000, 0x0000000759500000)
  object space 175104K, 9% used [0x000000060c000000,0x000000060cf6acb0,0x0000000616b00000)
 PSPermGen       total 44032K, used 43679K [0x0000000606e00000, 0x0000000609900000, 0x000000060c000000)
  object space 44032K, 99% used [0x0000000606e00000,0x00000006098a7ca8,0x0000000609900000)
}
Event: 10.404 GC heap before
{Heap before GC invocations=5 (full 0):
 PSYoungGen      total 76800K, used 76789K [0x0000000759500000, 0x000000075ea80000, 0x0000000800000000)
  eden space 66048K, 100% used [0x0000000759500000,0x000000075d580000,0x000000075d580000)
  from space 10752K, 99% used [0x000000075e000000,0x000000075ea7d518,0x000000075ea80000)
  to   space 10752K, 0% used [0x000000075d580000,0x000000075d580000,0x000000075e000000)
 ParOldGen       total 175104K, used 15787K [0x000000060c000000, 0x0000000616b00000, 0x0000000759500000)
  object space 175104K, 9% used [0x000000060c000000,0x000000060cf6acb0,0x0000000616b00000)
 PSPermGen       total 47616K, used 47525K [0x0000000606e00000, 0x0000000609c80000, 0x000000060c000000)
  object space 47616K, 99% used [0x0000000606e00000,0x0000000609c697e0,0x0000000609c80000)
Event: 10.413 GC heap after
Heap after GC invocations=5 (full 0):
 PSYoungGen      total 75264K, used 10734K [0x0000000759500000, 0x0000000760300000, 0x0000000800000000)
  eden space 64512K, 0% used [0x0000000759500000,0x0000000759500000,0x000000075d400000)
  from space 10752K, 99% used [0x000000075d580000,0x000000075dffb8a8,0x000000075e000000)
  to   space 24064K, 0% used [0x000000075eb80000,0x000000075eb80000,0x0000000760300000)
 ParOldGen       total 175104K, used 20543K [0x000000060c000000, 0x0000000616b00000, 0x0000000759500000)
  object space 175104K, 11% used [0x000000060c000000,0x000000060d40fee8,0x0000000616b00000)
 PSPermGen       total 47616K, used 47525K [0x0000000606e00000, 0x0000000609c80000, 0x000000060c000000)
  object space 47616K, 99% used [0x0000000606e00000,0x0000000609c697e0,0x0000000609c80000)
}
Event: 16.825 GC heap before
{Heap before GC invocations=6 (full 0):
 PSYoungGen      total 75264K, used 75246K [0x0000000759500000, 0x0000000760300000, 0x0000000800000000)
  eden space 64512K, 100% used [0x0000000759500000,0x000000075d400000,0x000000075d400000)
  from space 10752K, 99% used [0x000000075d580000,0x000000075dffb8a8,0x000000075e000000)
  to   space 24064K, 0% used [0x000000075eb80000,0x000000075eb80000,0x0000000760300000)
 ParOldGen       total 175104K, used 20543K [0x000000060c000000, 0x0000000616b00000, 0x0000000759500000)
  object space 175104K, 11% used [0x000000060c000000,0x000000060d40fee8,0x0000000616b00000)
 PSPermGen       total 49152K, used 48821K [0x0000000606e00000, 0x0000000609e00000, 0x000000060c000000)
  object space 49152K, 99% used [0x0000000606e00000,0x0000000609dad5c8,0x0000000609e00000)
Event: 16.835 GC heap after
Heap after GC invocations=6 (full 0):
 PSYoungGen      total 82432K, used 12467K [0x0000000759500000, 0x000000075fe80000, 0x0000000800000000)
  eden space 62976K, 0% used [0x0000000759500000,0x0000000759500000,0x000000075d280000)
  from space 19456K, 64% used [0x000000075eb80000,0x000000075f7acf88,0x000000075fe80000)
  to   space 22528K, 0% used [0x000000075d280000,0x000000075d280000,0x000000075e880000)
 ParOldGen       total 175104K, used 20551K [0x000000060c000000, 0x0000000616b00000, 0x0000000759500000)
  object space 175104K, 11% used [0x000000060c000000,0x000000060d411ee8,0x0000000616b00000)
 PSPermGen       total 49152K, used 48821K [0x0000000606e00000, 0x0000000609e00000, 0x000000060c000000)
  object space 49152K, 99% used [0x0000000606e00000,0x0000000609dad5c8,0x0000000609e00000)
}
Event: 20.659 GC heap before
{Heap before GC invocations=7 (full 0):
 PSYoungGen      total 82432K, used 75443K [0x0000000759500000, 0x000000075fe80000, 0x0000000800000000)
  eden space 62976K, 100% used [0x0000000759500000,0x000000075d280000,0x000000075d280000)
  from space 19456K, 64% used [0x000000075eb80000,0x000000075f7acf88,0x000000075fe80000)
  to   space 22528K, 0% used [0x000000075d280000,0x000000075d280000,0x000000075e880000)
 ParOldGen       total 175104K, used 20551K [0x000000060c000000, 0x0000000616b00000, 0x0000000759500000)
  object space 175104K, 11% used [0x000000060c000000,0x000000060d411ee8,0x0000000616b00000)
 PSPermGen       total 50688K, used 50539K [0x0000000606e00000, 0x0000000609f80000, 0x000000060c000000)
  object space 50688K, 99% used [0x0000000606e00000,0x0000000609f5acc8,0x0000000609f80000)
Event: 20.669 GC heap after
Heap after GC invocations=7 (full 0):
 PSYoungGen      total 75264K, used 13528K [0x0000000759500000, 0x000000075fb00000, 0x0000000800000000)
  eden space 61440K, 0% used [0x0000000759500000,0x0000000759500000,0x000000075d100000)
  from space 13824K, 97% used [0x000000075d280000,0x000000075dfb60e8,0x000000075e000000)
  to   space 21504K, 0% used [0x000000075e600000,0x000000075e600000,0x000000075fb00000)
 ParOldGen       total 175104K, used 24003K [0x000000060c000000, 0x0000000616b00000, 0x0000000759500000)
  object space 175104K, 13% used [0x000000060c000000,0x000000060d770cc0,0x0000000616b00000)
 PSPermGen       total 50688K, used 50539K [0x0000000606e00000, 0x0000000609f80000, 0x000000060c000000)
  object space 50688K, 99% used [0x0000000606e00000,0x0000000609f5acc8,0x0000000609f80000)
}

