# JRE version: Java(TM) SE Runtime Environment (7.0_45-b18) (build 1.7.0_45-b18)
# Java VM: Java HotSpot(TM) 64-Bit Server VM (24.45-b08 mixed mode linux-amd64 compressed oops)
Heap
 PSYoungGen      total 207872K, used 176911K [0x0000000759500000, 0x0000000768c00000, 0x0000000800000000)
  eden space 207360K, 85% used [0x0000000759500000,0x0000000764173e38,0x0000000765f80000)
  from space 512K, 62% used [0x0000000766900000,0x0000000766950000,0x0000000766980000)
  to   space 21504K, 0% used [0x0000000767700000,0x0000000767700000,0x0000000768c00000)
 ParOldGen       total 225280K, used 187698K [0x000000060c000000, 0x0000000619c00000, 0x0000000759500000)
  object space 225280K, 83% used [0x000000060c000000,0x000000061774c870,0x0000000619c00000)
 PSPermGen       total 83968K, used 51640K [0x0000000606e00000, 0x000000060c000000, 0x000000060c000000)
  object space 83968K, 61% used [0x0000000606e00000,0x000000060a06e168,0x000000060c000000)
GC Heap History (10 events):
Event: 303.821 GC heap before
{Heap before GC invocations=100 (full 1):
 PSYoungGen      total 224768K, used 202168K [0x0000000759500000, 0x0000000768980000, 0x0000000800000000)
  eden space 201216K, 100% used [0x0000000759500000,0x0000000765980000,0x0000000765980000)
  from space 23552K, 4% used [0x0000000767280000,0x000000076736e2f0,0x0000000768980000)
  to   space 24576K, 0% used [0x0000000765980000,0x0000000765980000,0x0000000767180000)
 ParOldGen       total 225280K, used 164040K [0x000000060c000000, 0x0000000619c00000, 0x0000000759500000)
  object space 225280K, 72% used [0x000000060c000000,0x0000000616032318,0x0000000619c00000)
 PSPermGen       total 83968K, used 51563K [0x0000000606e00000, 0x000000060c000000, 0x000000060c000000)
  object space 83968K, 61% used [0x0000000606e00000,0x000000060a05af80,0x000000060c000000)
Event: 303.828 GC heap after
Heap after GC invocations=100 (full 1):
 PSYoungGen      total 225792K, used 10441K [0x0000000759500000, 0x000000076ad00000, 0x0000000800000000)
  eden space 201216K, 0% used [0x0000000759500000,0x0000000759500000,0x0000000765980000)
  from space 24576K, 42% used [0x0000000765980000,0x00000007663b2570,0x0000000767180000)
  to   space 24576K, 0% used [0x0000000769500000,0x0000000769500000,0x000000076ad00000)
 ParOldGen       total 225280K, used 164208K [0x000000060c000000, 0x0000000619c00000, 0x0000000759500000)
  object space 225280K, 72% used [0x000000060c000000,0x000000061605c318,0x0000000619c00000)
 PSPermGen       total 83968K, used 51563K [0x0000000606e00000, 0x000000060c000000, 0x000000060c000000)
  object space 83968K, 61% used [0x0000000606e00000,0x000000060a05af80,0x000000060c000000)
}
Event: 305.047 GC heap before
{Heap before GC invocations=101 (full 1):
 PSYoungGen      total 225792K, used 211657K [0x0000000759500000, 0x000000076ad00000, 0x0000000800000000)
  eden space 201216K, 100% used [0x0000000759500000,0x0000000765980000,0x0000000765980000)
  from space 24576K, 42% used [0x0000000765980000,0x00000007663b2570,0x0000000767180000)
  to   space 24576K, 0% used [0x0000000769500000,0x0000000769500000,0x000000076ad00000)
 ParOldGen       total 225280K, used 164208K [0x000000060c000000, 0x0000000619c00000, 0x0000000759500000)
  object space 225280K, 72% used [0x000000060c000000,0x000000061605c318,0x0000000619c00000)
 PSPermGen       total 83968K, used 51566K [0x0000000606e00000, 0x000000060c000000, 0x000000060c000000)
  object space 83968K, 61% used [0x0000000606e00000,0x000000060a05bb48,0x000000060c000000)
Event: 305.054 GC heap after
Heap after GC invocations=101 (full 1):
 PSYoungGen      total 202752K, used 8330K [0x0000000759500000, 0x0000000769d80000, 0x0000000800000000)
  eden space 194048K, 0% used [0x0000000759500000,0x0000000759500000,0x0000000765280000)
  from space 8704K, 95% used [0x0000000769500000,0x0000000769d22828,0x0000000769d80000)
  to   space 23552K, 0% used [0x0000000766f80000,0x0000000766f80000,0x0000000768680000)
 ParOldGen       total 225280K, used 172840K [0x000000060c000000, 0x0000000619c00000, 0x0000000759500000)
  object space 225280K, 76% used [0x000000060c000000,0x00000006168ca300,0x0000000619c00000)
 PSPermGen       total 83968K, used 51566K [0x0000000606e00000, 0x000000060c000000, 0x000000060c000000)
  object space 83968K, 61% used [0x0000000606e00000,0x000000060a05bb48,0x000000060c000000)
}
Event: 305.388 GC heap before
{Heap before GC invocations=102 (full 1):
 PSYoungGen      total 202752K, used 202378K [0x0000000759500000, 0x0000000769d80000, 0x0000000800000000)
  eden space 194048K, 100% used [0x0000000759500000,0x0000000765280000,0x0000000765280000)
  from space 8704K, 95% used [0x0000000769500000,0x0000000769d22828,0x0000000769d80000)
  to   space 23552K, 0% used [0x0000000766f80000,0x0000000766f80000,0x0000000768680000)
 ParOldGen       total 225280K, used 172840K [0x000000060c000000, 0x0000000619c00000, 0x0000000759500000)
  object space 225280K, 76% used [0x000000060c000000,0x00000006168ca300,0x0000000619c00000)
 PSPermGen       total 83968K, used 51569K [0x0000000606e00000, 0x000000060c000000, 0x000000060c000000)
  object space 83968K, 61% used [0x0000000606e00000,0x000000060a05c578,0x000000060c000000)
Event: 305.393 GC heap after
Heap after GC invocations=102 (full 1):
 PSYoungGen      total 247296K, used 824K [0x0000000759500000, 0x000000076a200000, 0x0000000800000000)
  eden space 223744K, 0% used [0x0000000759500000,0x0000000759500000,0x0000000766f80000)
  from space 23552K, 3% used [0x0000000766f80000,0x000000076704e2e8,0x0000000768680000)
  to   space 23040K, 0% used [0x0000000768b80000,0x0000000768b80000,0x000000076a200000)
 ParOldGen       total 225280K, used 180185K [0x000000060c000000, 0x0000000619c00000, 0x0000000759500000)
  object space 225280K, 79% used [0x000000060c000000,0x0000000616ff65b8,0x0000000619c00000)
 PSPermGen       total 83968K, used 51569K [0x0000000606e00000, 0x000000060c000000, 0x000000060c000000)
  object space 83968K, 61% used [0x0000000606e00000,0x000000060a05c578,0x000000060c000000)
}
Event: 308.267 GC heap before
{Heap before GC invocations=103 (full 1):
 PSYoungGen      total 247296K, used 224568K [0x0000000759500000, 0x000000076a200000, 0x0000000800000000)
  eden space 223744K, 100% used [0x0000000759500000,0x0000000766f80000,0x0000000766f80000)
  from space 23552K, 3% used [0x0000000766f80000,0x000000076704e2e8,0x0000000768680000)
  to   space 23040K, 0% used [0x0000000768b80000,0x0000000768b80000,0x000000076a200000)
 ParOldGen       total 225280K, used 180185K [0x000000060c000000, 0x0000000619c00000, 0x0000000759500000)
  object space 225280K, 79% used [0x000000060c000000,0x0000000616ff65b8,0x0000000619c00000)
 PSPermGen       total 83968K, used 51569K [0x0000000606e00000, 0x000000060c000000, 0x000000060c000000)
  object space 83968K, 61% used [0x0000000606e00000,0x000000060a05c578,0x000000060c000000)
Event: 308.272 GC heap after
Heap after GC invocations=103 (full 1):
 PSYoungGen      total 224256K, used 8394K [0x0000000759500000, 0x0000000769400000, 0x0000000800000000)
  eden space 215552K, 0% used [0x0000000759500000,0x0000000759500000,0x0000000766780000)
  from space 8704K, 96% used [0x0000000768b80000,0x00000007693b2858,0x0000000769400000)
  to   space 22016K, 0% used [0x0000000766900000,0x0000000766900000,0x0000000767e80000)
 ParOldGen       total 225280K, used 180353K [0x000000060c000000, 0x0000000619c00000, 0x0000000759500000)
  object space 225280K, 80% used [0x000000060c000000,0x00000006170205b8,0x0000000619c00000)
 PSPermGen       total 83968K, used 51569K [0x0000000606e00000, 0x000000060c000000, 0x000000060c000000)
  object space 83968K, 61% used [0x0000000606e00000,0x000000060a05c578,0x000000060c000000)
}
Event: 310.388 GC heap before
{Heap before GC invocations=104 (full 1):
 PSYoungGen      total 224256K, used 223946K [0x0000000759500000, 0x0000000769400000, 0x0000000800000000)
  eden space 215552K, 100% used [0x0000000759500000,0x0000000766780000,0x0000000766780000)
  from space 8704K, 96% used [0x0000000768b80000,0x00000007693b2858,0x0000000769400000)
  to   space 22016K, 0% used [0x0000000766900000,0x0000000766900000,0x0000000767e80000)
 ParOldGen       total 225280K, used 180353K [0x000000060c000000, 0x0000000619c00000, 0x0000000759500000)
  object space 225280K, 80% used [0x000000060c000000,0x00000006170205b8,0x0000000619c00000)
 PSPermGen       total 83968K, used 51569K [0x0000000606e00000, 0x000000060c000000, 0x000000060c000000)
  object space 83968K, 61% used [0x0000000606e00000,0x000000060a05c578,0x000000060c000000)
Event: 310.393 GC heap after
Heap after GC invocations=104 (full 1):
 PSYoungGen      total 207872K, used 320K [0x0000000759500000, 0x0000000768c00000, 0x0000000800000000)
  eden space 207360K, 0% used [0x0000000759500000,0x0000000759500000,0x0000000765f80000)
  from space 512K, 62% used [0x0000000766900000,0x0000000766950000,0x0000000766980000)
  to   space 21504K, 0% used [0x0000000767700000,0x0000000767700000,0x0000000768c00000)
 ParOldGen       total 225280K, used 187698K [0x000000060c000000, 0x0000000619c00000, 0x0000000759500000)
  object space 225280K, 83% used [0x000000060c000000,0x000000061774c870,0x0000000619c00000)
 PSPermGen       total 83968K, used 51569K [0x0000000606e00000, 0x000000060c000000, 0x000000060c000000)
  object space 83968K, 61% used [0x0000000606e00000,0x000000060a05c578,0x000000060c000000)
}

