# JRE version: Java(TM) SE Runtime Environment (7.0_45-b18) (build 1.7.0_45-b18)
# Java VM: Java HotSpot(TM) 64-Bit Server VM (24.45-b08 mixed mode linux-amd64 compressed oops)
Heap
 PSYoungGen      total 110592K, used 73947K [0x0000000759500000, 0x0000000763f80000, 0x0000000800000000)
  eden space 108032K, 66% used [0x0000000759500000,0x000000075daeefc8,0x000000075fe80000)
  from space 2560K, 91% used [0x0000000763d00000,0x0000000763f47e80,0x0000000763f80000)
  to   space 29696K, 0% used [0x0000000760580000,0x0000000760580000,0x0000000762280000)
 ParOldGen       total 175104K, used 55218K [0x000000060c000000, 0x0000000616b00000, 0x0000000759500000)
  object space 175104K, 31% used [0x000000060c000000,0x000000060f5eca48,0x0000000616b00000)
 PSPermGen       total 49664K, used 49313K [0x0000000606e00000, 0x0000000609e80000, 0x000000060c000000)
  object space 49664K, 99% used [0x0000000606e00000,0x0000000609e28628,0x0000000609e80000)
GC Heap History (10 events):
Event: 16.188 GC heap before
{Heap before GC invocations=10 (full 0):
 PSYoungGen      total 154624K, used 127264K [0x0000000759500000, 0x0000000769500000, 0x0000000800000000)
  eden space 125952K, 100% used [0x0000000759500000,0x0000000761000000,0x0000000761000000)
  from space 28672K, 4% used [0x0000000761000000,0x0000000761148010,0x0000000762c00000)
  to   space 30208K, 0% used [0x0000000767780000,0x0000000767780000,0x0000000769500000)
 ParOldGen       total 175104K, used 54698K [0x000000060c000000, 0x0000000616b00000, 0x0000000759500000)
  object space 175104K, 31% used [0x000000060c000000,0x000000060f56aa18,0x0000000616b00000)
 PSPermGen       total 48640K, used 48631K [0x0000000606e00000, 0x0000000609d80000, 0x000000060c000000)
  object space 48640K, 99% used [0x0000000606e00000,0x0000000609d7df58,0x0000000609d80000)
Event: 16.191 GC heap after
Heap after GC invocations=10 (full 0):
 PSYoungGen      total 123392K, used 1120K [0x0000000759500000, 0x0000000767900000, 0x0000000800000000)
  eden space 121856K, 0% used [0x0000000759500000,0x0000000759500000,0x0000000760c00000)
  from space 1536K, 72% used [0x0000000767780000,0x0000000767898010,0x0000000767900000)
  to   space 30720K, 0% used [0x0000000763d00000,0x0000000763d00000,0x0000000765b00000)
 ParOldGen       total 175104K, used 54906K [0x000000060c000000, 0x0000000616b00000, 0x0000000759500000)
  object space 175104K, 31% used [0x000000060c000000,0x000000060f59ea38,0x0000000616b00000)
 PSPermGen       total 48640K, used 48631K [0x0000000606e00000, 0x0000000609d80000, 0x000000060c000000)
  object space 48640K, 99% used [0x0000000606e00000,0x0000000609d7df58,0x0000000609d80000)
}
Event: 16.956 GC heap before
{Heap before GC invocations=11 (full 0):
 PSYoungGen      total 123392K, used 122976K [0x0000000759500000, 0x0000000767900000, 0x0000000800000000)
  eden space 121856K, 100% used [0x0000000759500000,0x0000000760c00000,0x0000000760c00000)
  from space 1536K, 72% used [0x0000000767780000,0x0000000767898010,0x0000000767900000)
  to   space 30720K, 0% used [0x0000000763d00000,0x0000000763d00000,0x0000000765b00000)
 ParOldGen       total 175104K, used 54906K [0x000000060c000000, 0x0000000616b00000, 0x0000000759500000)
  object space 175104K, 31% used [0x000000060c000000,0x000000060f59ea38,0x0000000616b00000)
 PSPermGen       total 49152K, used 48856K [0x0000000606e00000, 0x0000000609e00000, 0x000000060c000000)
  object space 49152K, 99% used [0x0000000606e00000,0x0000000609db6348,0x0000000609e00000)
Event: 16.959 GC heap after
Heap after GC invocations=11 (full 0):
 PSYoungGen      total 120832K, used 2208K [0x0000000759500000, 0x0000000767800000, 0x0000000800000000)
  eden space 118272K, 0% used [0x0000000759500000,0x0000000759500000,0x0000000760880000)
  from space 2560K, 86% used [0x0000000763d00000,0x0000000763f28010,0x0000000763f80000)
  to   space 30720K, 0% used [0x0000000765a00000,0x0000000765a00000,0x0000000767800000)
 ParOldGen       total 175104K, used 55074K [0x000000060c000000, 0x0000000616b00000, 0x0000000759500000)
  object space 175104K, 31% used [0x000000060c000000,0x000000060f5c8a48,0x0000000616b00000)
 PSPermGen       total 49152K, used 48856K [0x0000000606e00000, 0x0000000609e00000, 0x000000060c000000)
  object space 49152K, 99% used [0x0000000606e00000,0x0000000609db6348,0x0000000609e00000)
}
Event: 17.703 GC heap before
{Heap before GC invocations=12 (full 0):
 PSYoungGen      total 120832K, used 120480K [0x0000000759500000, 0x0000000767800000, 0x0000000800000000)
  eden space 118272K, 100% used [0x0000000759500000,0x0000000760880000,0x0000000760880000)
  from space 2560K, 86% used [0x0000000763d00000,0x0000000763f28010,0x0000000763f80000)
  to   space 30720K, 0% used [0x0000000765a00000,0x0000000765a00000,0x0000000767800000)
 ParOldGen       total 175104K, used 55074K [0x000000060c000000, 0x0000000616b00000, 0x0000000759500000)
  object space 175104K, 31% used [0x000000060c000000,0x000000060f5c8a48,0x0000000616b00000)
 PSPermGen       total 49152K, used 48920K [0x0000000606e00000, 0x0000000609e00000, 0x000000060c000000)
  object space 49152K, 99% used [0x0000000606e00000,0x0000000609dc61e8,0x0000000609e00000)
Event: 17.706 GC heap after
Heap after GC invocations=12 (full 0):
 PSYoungGen      total 117248K, used 2112K [0x0000000759500000, 0x0000000765c80000, 0x0000000800000000)
  eden space 114688K, 0% used [0x0000000759500000,0x0000000759500000,0x0000000760500000)
  from space 2560K, 82% used [0x0000000765a00000,0x0000000765c10010,0x0000000765c80000)
  to   space 30720K, 0% used [0x0000000762080000,0x0000000762080000,0x0000000763e80000)
 ParOldGen       total 175104K, used 55146K [0x000000060c000000, 0x0000000616b00000, 0x0000000759500000)
  object space 175104K, 31% used [0x000000060c000000,0x000000060f5daa48,0x0000000616b00000)
 PSPermGen       total 49152K, used 48920K [0x0000000606e00000, 0x0000000609e00000, 0x000000060c000000)
  object space 49152K, 99% used [0x0000000606e00000,0x0000000609dc61e8,0x0000000609e00000)
}
Event: 18.448 GC heap before
{Heap before GC invocations=13 (full 0):
 PSYoungGen      total 117248K, used 116800K [0x0000000759500000, 0x0000000765c80000, 0x0000000800000000)
  eden space 114688K, 100% used [0x0000000759500000,0x0000000760500000,0x0000000760500000)
  from space 2560K, 82% used [0x0000000765a00000,0x0000000765c10010,0x0000000765c80000)
  to   space 30720K, 0% used [0x0000000762080000,0x0000000762080000,0x0000000763e80000)
 ParOldGen       total 175104K, used 55146K [0x000000060c000000, 0x0000000616b00000, 0x0000000759500000)
  object space 175104K, 31% used [0x000000060c000000,0x000000060f5daa48,0x0000000616b00000)
 PSPermGen       total 49152K, used 48921K [0x0000000606e00000, 0x0000000609e00000, 0x000000060c000000)
  object space 49152K, 99% used [0x0000000606e00000,0x0000000609dc64a0,0x0000000609e00000)
Event: 18.451 GC heap after
Heap after GC invocations=13 (full 0):
 PSYoungGen      total 113152K, used 1984K [0x0000000759500000, 0x0000000765a80000, 0x0000000800000000)
  eden space 111104K, 0% used [0x0000000759500000,0x0000000759500000,0x0000000760180000)
  from space 2048K, 96% used [0x0000000762080000,0x0000000762270010,0x0000000762280000)
  to   space 30208K, 0% used [0x0000000763d00000,0x0000000763d00000,0x0000000765a80000)
 ParOldGen       total 175104K, used 55194K [0x000000060c000000, 0x0000000616b00000, 0x0000000759500000)
  object space 175104K, 31% used [0x000000060c000000,0x000000060f5e6a48,0x0000000616b00000)
 PSPermGen       total 49152K, used 48921K [0x0000000606e00000, 0x0000000609e00000, 0x000000060c000000)
  object space 49152K, 99% used [0x0000000606e00000,0x0000000609dc64a0,0x0000000609e00000)
}
Event: 19.103 GC heap before
{Heap before GC invocations=14 (full 0):
 PSYoungGen      total 113152K, used 113088K [0x0000000759500000, 0x0000000765a80000, 0x0000000800000000)
  eden space 111104K, 100% used [0x0000000759500000,0x0000000760180000,0x0000000760180000)
  from space 2048K, 96% used [0x0000000762080000,0x0000000762270010,0x0000000762280000)
  to   space 30208K, 0% used [0x0000000763d00000,0x0000000763d00000,0x0000000765a80000)
 ParOldGen       total 175104K, used 55194K [0x000000060c000000, 0x0000000616b00000, 0x0000000759500000)
  object space 175104K, 31% used [0x000000060c000000,0x000000060f5e6a48,0x0000000616b00000)
 PSPermGen       total 49152K, used 48930K [0x0000000606e00000, 0x0000000609e00000, 0x000000060c000000)
  object space 49152K, 99% used [0x0000000606e00000,0x0000000609dc8a88,0x0000000609e00000)
Event: 19.107 GC heap after
Heap after GC invocations=14 (full 0):
 PSYoungGen      total 110592K, used 2335K [0x0000000759500000, 0x0000000763f80000, 0x0000000800000000)
  eden space 108032K, 0% used [0x0000000759500000,0x0000000759500000,0x000000075fe80000)
  from space 2560K, 91% used [0x0000000763d00000,0x0000000763f47e80,0x0000000763f80000)
  to   space 29696K, 0% used [0x0000000760580000,0x0000000760580000,0x0000000762280000)
 ParOldGen       total 175104K, used 55218K [0x000000060c000000, 0x0000000616b00000, 0x0000000759500000)
  object space 175104K, 31% used [0x000000060c000000,0x000000060f5eca48,0x0000000616b00000)
 PSPermGen       total 49152K, used 48930K [0x0000000606e00000, 0x0000000609e00000, 0x000000060c000000)
  object space 49152K, 99% used [0x0000000606e00000,0x0000000609dc8a88,0x0000000609e00000)
}

