# JRE version: Java(TM) SE Runtime Environment (7.0_45-b18) (build 1.7.0_45-b18)
# Java VM: Java HotSpot(TM) 64-Bit Server VM (24.45-b08 mixed mode linux-amd64 compressed oops)
Heap
 PSYoungGen      total 212992K, used 45288K [0x0000000797d00000, 0x00000007a8380000, 0x0000000800000000)
  eden space 175616K, 23% used [0x0000000797d00000,0x000000079a50ebb0,0x00000007a2880000)
  from space 37376K, 11% used [0x00000007a5f00000,0x00000007a632b780,0x00000007a8380000)
  to   space 46592K, 0% used [0x00000007a2880000,0x00000007a2880000,0x00000007a5600000)
 ParOldGen       total 225792K, used 135151K [0x00000006c7800000, 0x00000006d5480000, 0x0000000797d00000)
  object space 225792K, 59% used [0x00000006c7800000,0x00000006cfbfbfa0,0x00000006d5480000)
 PSPermGen       total 83968K, used 54500K [0x00000006c2600000, 0x00000006c7800000, 0x00000006c7800000)
  object space 83968K, 64% used [0x00000006c2600000,0x00000006c5b39020,0x00000006c7800000)
GC Heap History (10 events):
Event: 128.705 GC heap before
{Heap before GC invocations=19 (full 1):
 PSYoungGen      total 210432K, used 210144K [0x0000000797d00000, 0x00000007abc00000, 0x0000000800000000)
  eden space 209920K, 100% used [0x0000000797d00000,0x00000007a4a00000,0x00000007a4a00000)
  from space 512K, 43% used [0x00000007a5180000,0x00000007a51b8000,0x00000007a5200000)
  to   space 58368K, 0% used [0x00000007a8300000,0x00000007a8300000,0x00000007abc00000)
 ParOldGen       total 225792K, used 135143K [0x00000006c7800000, 0x00000006d5480000, 0x0000000797d00000)
  object space 225792K, 59% used [0x00000006c7800000,0x00000006cfbf9fa0,0x00000006d5480000)
 PSPermGen       total 83968K, used 52266K [0x00000006c2600000, 0x00000006c7800000, 0x00000006c7800000)
  object space 83968K, 62% used [0x00000006c2600000,0x00000006c590a830,0x00000006c7800000)
Event: 128.707 GC heap after
Heap after GC invocations=19 (full 1):
 PSYoungGen      total 249856K, used 192K [0x0000000797d00000, 0x00000007ab180000, 0x0000000800000000)
  eden space 202240K, 0% used [0x0000000797d00000,0x0000000797d00000,0x00000007a4280000)
  from space 47616K, 0% used [0x00000007a8300000,0x00000007a8330000,0x00000007ab180000)
  to   space 56832K, 0% used [0x00000007a4280000,0x00000007a4280000,0x00000007a7a00000)
 ParOldGen       total 225792K, used 135151K [0x00000006c7800000, 0x00000006d5480000, 0x0000000797d00000)
  object space 225792K, 59% used [0x00000006c7800000,0x00000006cfbfbfa0,0x00000006d5480000)
 PSPermGen       total 83968K, used 52266K [0x00000006c2600000, 0x00000006c7800000, 0x00000006c7800000)
  object space 83968K, 62% used [0x00000006c2600000,0x00000006c590a830,0x00000006c7800000)
}
Event: 159.149 GC heap before
{Heap before GC invocations=20 (full 1):
 PSYoungGen      total 249856K, used 202432K [0x0000000797d00000, 0x00000007ab180000, 0x0000000800000000)
  eden space 202240K, 100% used [0x0000000797d00000,0x00000007a4280000,0x00000007a4280000)
  from space 47616K, 0% used [0x00000007a8300000,0x00000007a8330000,0x00000007ab180000)
  to   space 56832K, 0% used [0x00000007a4280000,0x00000007a4280000,0x00000007a7a00000)
 ParOldGen       total 225792K, used 135151K [0x00000006c7800000, 0x00000006d5480000, 0x0000000797d00000)
  object space 225792K, 59% used [0x00000006c7800000,0x00000006cfbfbfa0,0x00000006d5480000)
 PSPermGen       total 83968K, used 52280K [0x00000006c2600000, 0x00000006c7800000, 0x00000006c7800000)
  object space 83968K, 62% used [0x00000006c2600000,0x00000006c590e2a0,0x00000006c7800000)
Event: 159.151 GC heap after
Heap after GC invocations=20 (full 1):
 PSYoungGen      total 195584K, used 448K [0x0000000797d00000, 0x00000007aa580000, 0x0000000800000000)
  eden space 195072K, 0% used [0x0000000797d00000,0x0000000797d00000,0x00000007a3b80000)
  from space 512K, 87% used [0x00000007a4280000,0x00000007a42f0000,0x00000007a4300000)
  to   space 54272K, 0% used [0x00000007a7080000,0x00000007a7080000,0x00000007aa580000)
 ParOldGen       total 225792K, used 135151K [0x00000006c7800000, 0x00000006d5480000, 0x0000000797d00000)
  object space 225792K, 59% used [0x00000006c7800000,0x00000006cfbfbfa0,0x00000006d5480000)
 PSPermGen       total 83968K, used 52280K [0x00000006c2600000, 0x00000006c7800000, 0x00000006c7800000)
  object space 83968K, 62% used [0x00000006c2600000,0x00000006c590e2a0,0x00000006c7800000)
}
Event: 173.906 GC heap before
{Heap before GC invocations=21 (full 1):
 PSYoungGen      total 195584K, used 195520K [0x0000000797d00000, 0x00000007aa580000, 0x0000000800000000)
  eden space 195072K, 100% used [0x0000000797d00000,0x00000007a3b80000,0x00000007a3b80000)
  from space 512K, 87% used [0x00000007a4280000,0x00000007a42f0000,0x00000007a4300000)
  to   space 54272K, 0% used [0x00000007a7080000,0x00000007a7080000,0x00000007aa580000)
 ParOldGen       total 225792K, used 135151K [0x00000006c7800000, 0x00000006d5480000, 0x0000000797d00000)
  object space 225792K, 59% used [0x00000006c7800000,0x00000006cfbfbfa0,0x00000006d5480000)
 PSPermGen       total 83968K, used 52631K [0x00000006c2600000, 0x00000006c7800000, 0x00000006c7800000)
  object space 83968K, 62% used [0x00000006c2600000,0x00000006c5965d48,0x00000006c7800000)
Event: 173.909 GC heap after
Heap after GC invocations=21 (full 1):
 PSYoungGen      total 231936K, used 1249K [0x0000000797d00000, 0x00000007a9b00000, 0x0000000800000000)
  eden space 188416K, 0% used [0x0000000797d00000,0x0000000797d00000,0x00000007a3500000)
  from space 43520K, 2% used [0x00000007a7080000,0x00000007a71b8538,0x00000007a9b00000)
  to   space 52224K, 0% used [0x00000007a3500000,0x00000007a3500000,0x00000007a6800000)
 ParOldGen       total 225792K, used 135151K [0x00000006c7800000, 0x00000006d5480000, 0x0000000797d00000)
  object space 225792K, 59% used [0x00000006c7800000,0x00000006cfbfbfa0,0x00000006d5480000)
 PSPermGen       total 83968K, used 52631K [0x00000006c2600000, 0x00000006c7800000, 0x00000006c7800000)
  object space 83968K, 62% used [0x00000006c2600000,0x00000006c5965d48,0x00000006c7800000)
}
Event: 174.854 GC heap before
{Heap before GC invocations=22 (full 1):
 PSYoungGen      total 231936K, used 189665K [0x0000000797d00000, 0x00000007a9b00000, 0x0000000800000000)
  eden space 188416K, 100% used [0x0000000797d00000,0x00000007a3500000,0x00000007a3500000)
  from space 43520K, 2% used [0x00000007a7080000,0x00000007a71b8538,0x00000007a9b00000)
  to   space 52224K, 0% used [0x00000007a3500000,0x00000007a3500000,0x00000007a6800000)
 ParOldGen       total 225792K, used 135151K [0x00000006c7800000, 0x00000006d5480000, 0x0000000797d00000)
  object space 225792K, 59% used [0x00000006c7800000,0x00000006cfbfbfa0,0x00000006d5480000)
 PSPermGen       total 83968K, used 52641K [0x00000006c2600000, 0x00000006c7800000, 0x00000006c7800000)
  object space 83968K, 62% used [0x00000006c2600000,0x00000006c5968660,0x00000006c7800000)
Event: 174.856 GC heap after
Heap after GC invocations=22 (full 1):
 PSYoungGen      total 182784K, used 897K [0x0000000797d00000, 0x00000007a8f80000, 0x0000000800000000)
  eden space 181760K, 0% used [0x0000000797d00000,0x0000000797d00000,0x00000007a2e80000)
  from space 1024K, 87% used [0x00000007a3500000,0x00000007a35e0538,0x00000007a3600000)
  to   space 49664K, 0% used [0x00000007a5f00000,0x00000007a5f00000,0x00000007a8f80000)
 ParOldGen       total 225792K, used 135151K [0x00000006c7800000, 0x00000006d5480000, 0x0000000797d00000)
  object space 225792K, 59% used [0x00000006c7800000,0x00000006cfbfbfa0,0x00000006d5480000)
 PSPermGen       total 83968K, used 52641K [0x00000006c2600000, 0x00000006c7800000, 0x00000006c7800000)
  object space 83968K, 62% used [0x00000006c2600000,0x00000006c5968660,0x00000006c7800000)
}
Event: 177.209 GC heap before
{Heap before GC invocations=23 (full 1):
 PSYoungGen      total 182784K, used 182657K [0x0000000797d00000, 0x00000007a8f80000, 0x0000000800000000)
  eden space 181760K, 100% used [0x0000000797d00000,0x00000007a2e80000,0x00000007a2e80000)
  from space 1024K, 87% used [0x00000007a3500000,0x00000007a35e0538,0x00000007a3600000)
  to   space 49664K, 0% used [0x00000007a5f00000,0x00000007a5f00000,0x00000007a8f80000)
 ParOldGen       total 225792K, used 135151K [0x00000006c7800000, 0x00000006d5480000, 0x0000000797d00000)
  object space 225792K, 59% used [0x00000006c7800000,0x00000006cfbfbfa0,0x00000006d5480000)
 PSPermGen       total 83968K, used 54231K [0x00000006c2600000, 0x00000006c7800000, 0x00000006c7800000)
  object space 83968K, 64% used [0x00000006c2600000,0x00000006c5af5fb0,0x00000006c7800000)
Event: 177.213 GC heap after
Heap after GC invocations=23 (full 1):
 PSYoungGen      total 212992K, used 4269K [0x0000000797d00000, 0x00000007a8380000, 0x0000000800000000)
  eden space 175616K, 0% used [0x0000000797d00000,0x0000000797d00000,0x00000007a2880000)
  from space 37376K, 11% used [0x00000007a5f00000,0x00000007a632b780,0x00000007a8380000)
  to   space 46592K, 0% used [0x00000007a2880000,0x00000007a2880000,0x00000007a5600000)
 ParOldGen       total 225792K, used 135151K [0x00000006c7800000, 0x00000006d5480000, 0x0000000797d00000)
  object space 225792K, 59% used [0x00000006c7800000,0x00000006cfbfbfa0,0x00000006d5480000)
 PSPermGen       total 83968K, used 54231K [0x00000006c2600000, 0x00000006c7800000, 0x00000006c7800000)
  object space 83968K, 64% used [0x00000006c2600000,0x00000006c5af5fb0,0x00000006c7800000)
}

