# JRE version: Java(TM) SE Runtime Environment (7.0_45-b18) (build 1.7.0_45-b18)
# Java VM: Java HotSpot(TM) 64-Bit Server VM (24.45-b08 mixed mode linux-amd64 compressed oops)
Heap
 PSYoungGen      total 67584K, used 25306K [0x0000000759500000, 0x000000075fd00000, 0x0000000800000000)
  eden space 59392K, 29% used [0x0000000759500000,0x000000075a60c770,0x000000075cf00000)
  from space 8192K, 95% used [0x000000075d980000,0x000000075e12a438,0x000000075e180000)
  to   space 23552K, 0% used [0x000000075e600000,0x000000075e600000,0x000000075fd00000)
 ParOldGen       total 175104K, used 39159K [0x000000060c000000, 0x0000000616b00000, 0x0000000759500000)
  object space 175104K, 22% used [0x000000060c000000,0x000000060e63dc38,0x0000000616b00000)
 PSPermGen       total 51712K, used 51240K [0x0000000606e00000, 0x000000060a080000, 0x000000060c000000)
  object space 51712K, 99% used [0x0000000606e00000,0x000000060a00a2c0,0x000000060a080000)
GC Heap History (10 events):
Event: 12.406 GC heap before
{Heap before GC invocations=5 (full 0):
 PSYoungGen      total 76800K, used 70566K [0x0000000759500000, 0x0000000762b00000, 0x0000000800000000)
  eden space 66048K, 90% used [0x0000000759500000,0x000000075cf6d1e0,0x000000075d580000)
  from space 10752K, 99% used [0x0000000762080000,0x0000000762afc870,0x0000000762b00000)
  to   space 10752K, 0% used [0x000000075d580000,0x000000075d580000,0x000000075e000000)
 ParOldGen       total 175104K, used 15696K [0x000000060c000000, 0x0000000616b00000, 0x0000000759500000)
  object space 175104K, 8% used [0x000000060c000000,0x000000060cf542a8,0x0000000616b00000)
 PSPermGen       total 47616K, used 47533K [0x0000000606e00000, 0x0000000609c80000, 0x000000060c000000)
  object space 47616K, 99% used [0x0000000606e00000,0x0000000609c6b548,0x0000000609c80000)
Event: 12.416 GC heap after
Heap after GC invocations=5 (full 0):
 PSYoungGen      total 75264K, used 10725K [0x0000000759500000, 0x0000000762100000, 0x0000000800000000)
  eden space 64512K, 0% used [0x0000000759500000,0x0000000759500000,0x000000075d400000)
  from space 10752K, 99% used [0x000000075d580000,0x000000075dff95d0,0x000000075e000000)
  to   space 24064K, 0% used [0x0000000760980000,0x0000000760980000,0x0000000762100000)
 ParOldGen       total 175104K, used 20470K [0x000000060c000000, 0x0000000616b00000, 0x0000000759500000)
  object space 175104K, 11% used [0x000000060c000000,0x000000060d3fda08,0x0000000616b00000)
 PSPermGen       total 47616K, used 47533K [0x0000000606e00000, 0x0000000609c80000, 0x000000060c000000)
  object space 47616K, 99% used [0x0000000606e00000,0x0000000609c6b548,0x0000000609c80000)
}
Event: 15.815 GC heap before
{Heap before GC invocations=6 (full 0):
 PSYoungGen      total 75264K, used 75237K [0x0000000759500000, 0x0000000762100000, 0x0000000800000000)
  eden space 64512K, 100% used [0x0000000759500000,0x000000075d400000,0x000000075d400000)
  from space 10752K, 99% used [0x000000075d580000,0x000000075dff95d0,0x000000075e000000)
  to   space 24064K, 0% used [0x0000000760980000,0x0000000760980000,0x0000000762100000)
 ParOldGen       total 175104K, used 20470K [0x000000060c000000, 0x0000000616b00000, 0x0000000759500000)
  object space 175104K, 11% used [0x000000060c000000,0x000000060d3fda08,0x0000000616b00000)
 PSPermGen       total 48640K, used 48588K [0x0000000606e00000, 0x0000000609d80000, 0x000000060c000000)
  object space 48640K, 99% used [0x0000000606e00000,0x0000000609d73260,0x0000000609d80000)
Event: 15.824 GC heap after
Heap after GC invocations=6 (full 0):
 PSYoungGen      total 82944K, used 19549K [0x0000000759500000, 0x0000000761d00000, 0x0000000800000000)
  eden space 62976K, 0% used [0x0000000759500000,0x0000000759500000,0x000000075d280000)
  from space 19968K, 97% used [0x0000000760980000,0x0000000761c97618,0x0000000761d00000)
  to   space 25600K, 0% used [0x000000075eb00000,0x000000075eb00000,0x0000000760400000)
 ParOldGen       total 175104K, used 28033K [0x000000060c000000, 0x0000000616b00000, 0x0000000759500000)
  object space 175104K, 16% used [0x000000060c000000,0x000000060db604c8,0x0000000616b00000)
 PSPermGen       total 48640K, used 48588K [0x0000000606e00000, 0x0000000609d80000, 0x000000060c000000)
  object space 48640K, 99% used [0x0000000606e00000,0x0000000609d73260,0x0000000609d80000)
}
Event: 23.788 GC heap before
{Heap before GC invocations=7 (full 0):
 PSYoungGen      total 82944K, used 82525K [0x0000000759500000, 0x0000000761d00000, 0x0000000800000000)
  eden space 62976K, 100% used [0x0000000759500000,0x000000075d280000,0x000000075d280000)
  from space 19968K, 97% used [0x0000000760980000,0x0000000761c97618,0x0000000761d00000)
  to   space 25600K, 0% used [0x000000075eb00000,0x000000075eb00000,0x0000000760400000)
 ParOldGen       total 175104K, used 28033K [0x000000060c000000, 0x0000000616b00000, 0x0000000759500000)
  object space 175104K, 16% used [0x000000060c000000,0x000000060db604c8,0x0000000616b00000)
 PSPermGen       total 49152K, used 48931K [0x0000000606e00000, 0x0000000609e00000, 0x000000060c000000)
  object space 49152K, 99% used [0x0000000606e00000,0x0000000609dc8dc0,0x0000000609e00000)
Event: 23.797 GC heap after
Heap after GC invocations=7 (full 0):
 PSYoungGen      total 75776K, used 14227K [0x0000000759500000, 0x0000000760a00000, 0x0000000800000000)
  eden space 61440K, 0% used [0x0000000759500000,0x0000000759500000,0x000000075d100000)
  from space 14336K, 99% used [0x000000075eb00000,0x000000075f8e4ca0,0x000000075f900000)
  to   space 17408K, 0% used [0x000000075f900000,0x000000075f900000,0x0000000760a00000)
 ParOldGen       total 175104K, used 31736K [0x000000060c000000, 0x0000000616b00000, 0x0000000759500000)
  object space 175104K, 18% used [0x000000060c000000,0x000000060defe3b0,0x0000000616b00000)
 PSPermGen       total 49152K, used 48931K [0x0000000606e00000, 0x0000000609e00000, 0x000000060c000000)
  object space 49152K, 99% used [0x0000000606e00000,0x0000000609dc8dc0,0x0000000609e00000)
}
Event: 33.813 GC heap before
{Heap before GC invocations=8 (full 0):
 PSYoungGen      total 75776K, used 75667K [0x0000000759500000, 0x0000000760a00000, 0x0000000800000000)
  eden space 61440K, 100% used [0x0000000759500000,0x000000075d100000,0x000000075d100000)
  from space 14336K, 99% used [0x000000075eb00000,0x000000075f8e4ca0,0x000000075f900000)
  to   space 17408K, 0% used [0x000000075f900000,0x000000075f900000,0x0000000760a00000)
 ParOldGen       total 175104K, used 31736K [0x000000060c000000, 0x0000000616b00000, 0x0000000759500000)
  object space 175104K, 18% used [0x000000060c000000,0x000000060defe3b0,0x0000000616b00000)
 PSPermGen       total 50688K, used 50308K [0x0000000606e00000, 0x0000000609f80000, 0x000000060c000000)
  object space 50688K, 99% used [0x0000000606e00000,0x0000000609f213a0,0x0000000609f80000)
Event: 33.822 GC heap after
Heap after GC invocations=8 (full 0):
 PSYoungGen      total 74240K, used 13471K [0x0000000759500000, 0x0000000760680000, 0x0000000800000000)
  eden space 60416K, 0% used [0x0000000759500000,0x0000000759500000,0x000000075d000000)
  from space 13824K, 97% used [0x000000075f900000,0x0000000760627cb8,0x0000000760680000)
  to   space 23040K, 0% used [0x000000075d980000,0x000000075d980000,0x000000075f000000)
 ParOldGen       total 175104K, used 36353K [0x000000060c000000, 0x0000000616b00000, 0x0000000759500000)
  object space 175104K, 20% used [0x000000060c000000,0x000000060e3805f0,0x0000000616b00000)
 PSPermGen       total 50688K, used 50308K [0x0000000606e00000, 0x0000000609f80000, 0x000000060c000000)
  object space 50688K, 99% used [0x0000000606e00000,0x0000000609f213a0,0x0000000609f80000)
}
Event: 73.829 GC heap before
{Heap before GC invocations=9 (full 0):
 PSYoungGen      total 74240K, used 73887K [0x0000000759500000, 0x0000000760680000, 0x0000000800000000)
  eden space 60416K, 100% used [0x0000000759500000,0x000000075d000000,0x000000075d000000)
  from space 13824K, 97% used [0x000000075f900000,0x0000000760627cb8,0x0000000760680000)
  to   space 23040K, 0% used [0x000000075d980000,0x000000075d980000,0x000000075f000000)
 ParOldGen       total 175104K, used 36353K [0x000000060c000000, 0x0000000616b00000, 0x0000000759500000)
  object space 175104K, 20% used [0x000000060c000000,0x000000060e3805f0,0x0000000616b00000)
 PSPermGen       total 51200K, used 51093K [0x0000000606e00000, 0x000000060a000000, 0x000000060c000000)
  object space 51200K, 99% used [0x0000000606e00000,0x0000000609fe5448,0x000000060a000000)
Event: 73.835 GC heap after
Heap after GC invocations=9 (full 0):
 PSYoungGen      total 67584K, used 7849K [0x0000000759500000, 0x000000075fd00000, 0x0000000800000000)
  eden space 59392K, 0% used [0x0000000759500000,0x0000000759500000,0x000000075cf00000)
  from space 8192K, 95% used [0x000000075d980000,0x000000075e12a438,0x000000075e180000)
  to   space 23552K, 0% used [0x000000075e600000,0x000000075e600000,0x000000075fd00000)
 ParOldGen       total 175104K, used 39159K [0x000000060c000000, 0x0000000616b00000, 0x0000000759500000)
  object space 175104K, 22% used [0x000000060c000000,0x000000060e63dc38,0x0000000616b00000)
 PSPermGen       total 51200K, used 51093K [0x0000000606e00000, 0x000000060a000000, 0x000000060c000000)
  object space 51200K, 99% used [0x0000000606e00000,0x0000000609fe5448,0x000000060a000000)
}

