# JRE version: Java(TM) SE Runtime Environment (7.0_45-b18) (build 1.7.0_45-b18)
# Java VM: Java HotSpot(TM) 64-Bit Server VM (24.45-b08 mixed mode linux-amd64 compressed oops)
Heap
 PSYoungGen      total 467456K, used 409185K [0x0000000759500000, 0x000000077a400000, 0x0000000800000000)
  eden space 399872K, 91% used [0x0000000759500000,0x000000076fb762d0,0x0000000771b80000)
  from space 67584K, 62% used [0x0000000775f00000,0x0000000778822158,0x000000077a100000)
  to   space 69120K, 0% used [0x0000000771b80000,0x0000000771b80000,0x0000000775f00000)
 ParOldGen       total 175104K, used 108646K [0x000000060c000000, 0x0000000616b00000, 0x0000000759500000)
  object space 175104K, 62% used [0x000000060c000000,0x0000000612a198b8,0x0000000616b00000)
 PSPermGen       total 56832K, used 56756K [0x0000000606e00000, 0x000000060a580000, 0x000000060c000000)
  object space 56832K, 99% used [0x0000000606e00000,0x000000060a56d130,0x000000060a580000)
GC Heap History (10 events):
Event: 8.311 GC heap before
{Heap before GC invocations=6 (full 0):
 PSYoungGen      total 76800K, used 76771K [0x0000000759500000, 0x0000000764300000, 0x0000000800000000)
  eden space 66048K, 100% used [0x0000000759500000,0x000000075d580000,0x000000075d580000)
  from space 10752K, 99% used [0x000000075d580000,0x000000075dff8ed8,0x000000075e000000)
  to   space 23040K, 0% used [0x0000000762c80000,0x0000000762c80000,0x0000000764300000)
 ParOldGen       total 175104K, used 17580K [0x000000060c000000, 0x0000000616b00000, 0x0000000759500000)
  object space 175104K, 10% used [0x000000060c000000,0x000000060d12b398,0x0000000616b00000)
 PSPermGen       total 34304K, used 34078K [0x0000000606e00000, 0x0000000608f80000, 0x000000060c000000)
  object space 34304K, 99% used [0x0000000606e00000,0x0000000608f47be0,0x0000000608f80000)
Event: 8.319 GC heap after
Heap after GC invocations=6 (full 0):
 PSYoungGen      total 154624K, used 17088K [0x0000000759500000, 0x0000000764400000, 0x0000000800000000)
  eden space 131584K, 0% used [0x0000000759500000,0x0000000759500000,0x0000000761580000)
  from space 23040K, 74% used [0x0000000762c80000,0x0000000763d30048,0x0000000764300000)
  to   space 23552K, 0% used [0x0000000761580000,0x0000000761580000,0x0000000762c80000)
 ParOldGen       total 175104K, used 17580K [0x000000060c000000, 0x0000000616b00000, 0x0000000759500000)
  object space 175104K, 10% used [0x000000060c000000,0x000000060d12b398,0x0000000616b00000)
 PSPermGen       total 34304K, used 34078K [0x0000000606e00000, 0x0000000608f80000, 0x000000060c000000)
  object space 34304K, 99% used [0x0000000606e00000,0x0000000608f47be0,0x0000000608f80000)
}
Event: 8.757 GC heap before
{Heap before GC invocations=7 (full 0):
 PSYoungGen      total 154624K, used 148672K [0x0000000759500000, 0x0000000764400000, 0x0000000800000000)
  eden space 131584K, 100% used [0x0000000759500000,0x0000000761580000,0x0000000761580000)
  from space 23040K, 74% used [0x0000000762c80000,0x0000000763d30048,0x0000000764300000)
  to   space 23552K, 0% used [0x0000000761580000,0x0000000761580000,0x0000000762c80000)
 ParOldGen       total 175104K, used 17580K [0x000000060c000000, 0x0000000616b00000, 0x0000000759500000)
  object space 175104K, 10% used [0x000000060c000000,0x000000060d12b398,0x0000000616b00000)
 PSPermGen       total 35328K, used 35223K [0x0000000606e00000, 0x0000000609080000, 0x000000060c000000)
  object space 35328K, 99% used [0x0000000606e00000,0x0000000609065d68,0x0000000609080000)
Event: 8.778 GC heap after
Heap after GC invocations=7 (full 0):
 PSYoungGen      total 155136K, used 23530K [0x0000000759500000, 0x000000076e200000, 0x0000000800000000)
  eden space 131584K, 0% used [0x0000000759500000,0x0000000759500000,0x0000000761580000)
  from space 23552K, 99% used [0x0000000761580000,0x0000000762c7a8b0,0x0000000762c80000)
  to   space 38912K, 0% used [0x000000076bc00000,0x000000076bc00000,0x000000076e200000)
 ParOldGen       total 175104K, used 40569K [0x000000060c000000, 0x0000000616b00000, 0x0000000759500000)
  object space 175104K, 23% used [0x000000060c000000,0x000000060e79e508,0x0000000616b00000)
 PSPermGen       total 35328K, used 35223K [0x0000000606e00000, 0x0000000609080000, 0x000000060c000000)
  object space 35328K, 99% used [0x0000000606e00000,0x0000000609065d68,0x0000000609080000)
}
Event: 19.595 GC heap before
{Heap before GC invocations=8 (full 0):
 PSYoungGen      total 155136K, used 155114K [0x0000000759500000, 0x000000076e200000, 0x0000000800000000)
  eden space 131584K, 100% used [0x0000000759500000,0x0000000761580000,0x0000000761580000)
  from space 23552K, 99% used [0x0000000761580000,0x0000000762c7a8b0,0x0000000762c80000)
  to   space 38912K, 0% used [0x000000076bc00000,0x000000076bc00000,0x000000076e200000)
 ParOldGen       total 175104K, used 40569K [0x000000060c000000, 0x0000000616b00000, 0x0000000759500000)
  object space 175104K, 23% used [0x000000060c000000,0x000000060e79e508,0x0000000616b00000)
 PSPermGen       total 38912K, used 38472K [0x0000000606e00000, 0x0000000609400000, 0x000000060c000000)
  object space 38912K, 98% used [0x0000000606e00000,0x00000006093922f0,0x0000000609400000)
Event: 19.614 GC heap after
Heap after GC invocations=8 (full 0):
 PSYoungGen      total 289792K, used 38899K [0x0000000759500000, 0x000000076fa00000, 0x0000000800000000)
  eden space 250880K, 0% used [0x0000000759500000,0x0000000759500000,0x0000000768a00000)
  from space 38912K, 99% used [0x000000076bc00000,0x000000076e1fce68,0x000000076e200000)
  to   space 51200K, 0% used [0x0000000768a00000,0x0000000768a00000,0x000000076bc00000)
 ParOldGen       total 175104K, used 54016K [0x000000060c000000, 0x0000000616b00000, 0x0000000759500000)
  object space 175104K, 30% used [0x000000060c000000,0x000000060f4c01a0,0x0000000616b00000)
 PSPermGen       total 38912K, used 38472K [0x0000000606e00000, 0x0000000609400000, 0x000000060c000000)
  object space 38912K, 98% used [0x0000000606e00000,0x00000006093922f0,0x0000000609400000)
}
Event: 31.660 GC heap before
{Heap before GC invocations=9 (full 0):
 PSYoungGen      total 289792K, used 289779K [0x0000000759500000, 0x000000076fa00000, 0x0000000800000000)
  eden space 250880K, 100% used [0x0000000759500000,0x0000000768a00000,0x0000000768a00000)
  from space 38912K, 99% used [0x000000076bc00000,0x000000076e1fce68,0x000000076e200000)
  to   space 51200K, 0% used [0x0000000768a00000,0x0000000768a00000,0x000000076bc00000)
 ParOldGen       total 175104K, used 54016K [0x000000060c000000, 0x0000000616b00000, 0x0000000759500000)
  object space 175104K, 30% used [0x000000060c000000,0x000000060f4c01c0,0x0000000616b00000)
 PSPermGen       total 43008K, used 42711K [0x0000000606e00000, 0x0000000609800000, 0x000000060c000000)
  object space 43008K, 99% used [0x0000000606e00000,0x00000006097b5c08,0x0000000609800000)
Event: 31.684 GC heap after
Heap after GC invocations=9 (full 0):
 PSYoungGen      total 302080K, used 51172K [0x0000000759500000, 0x000000077a100000, 0x0000000800000000)
  eden space 250880K, 0% used [0x0000000759500000,0x0000000759500000,0x0000000768a00000)
  from space 51200K, 99% used [0x0000000768a00000,0x000000076bbf9148,0x000000076bc00000)
  to   space 67584K, 0% used [0x0000000775f00000,0x0000000775f00000,0x000000077a100000)
 ParOldGen       total 175104K, used 73024K [0x000000060c000000, 0x0000000616b00000, 0x0000000759500000)
  object space 175104K, 41% used [0x000000060c000000,0x00000006107501c0,0x0000000616b00000)
 PSPermGen       total 43008K, used 42711K [0x0000000606e00000, 0x0000000609800000, 0x000000060c000000)
  object space 43008K, 99% used [0x0000000606e00000,0x00000006097b5c08,0x0000000609800000)
}
Event: 869.109 GC heap before
{Heap before GC invocations=10 (full 0):
 PSYoungGen      total 302080K, used 302052K [0x0000000759500000, 0x000000077a100000, 0x0000000800000000)
  eden space 250880K, 100% used [0x0000000759500000,0x0000000768a00000,0x0000000768a00000)
  from space 51200K, 99% used [0x0000000768a00000,0x000000076bbf9148,0x000000076bc00000)
  to   space 67584K, 0% used [0x0000000775f00000,0x0000000775f00000,0x000000077a100000)
 ParOldGen       total 175104K, used 73304K [0x000000060c000000, 0x0000000616b00000, 0x0000000759500000)
  object space 175104K, 41% used [0x000000060c000000,0x0000000610796120,0x0000000616b00000)
 PSPermGen       total 56832K, used 56499K [0x0000000606e00000, 0x000000060a580000, 0x000000060c000000)
  object space 56832K, 99% used [0x0000000606e00000,0x000000060a52cfa8,0x000000060a580000)
Event: 869.142 GC heap after
Heap after GC invocations=10 (full 0):
 PSYoungGen      total 467456K, used 42120K [0x0000000759500000, 0x000000077a400000, 0x0000000800000000)
  eden space 399872K, 0% used [0x0000000759500000,0x0000000759500000,0x0000000771b80000)
  from space 67584K, 62% used [0x0000000775f00000,0x0000000778822158,0x000000077a100000)
  to   space 69120K, 0% used [0x0000000771b80000,0x0000000771b80000,0x0000000775f00000)
 ParOldGen       total 175104K, used 108646K [0x000000060c000000, 0x0000000616b00000, 0x0000000759500000)
  object space 175104K, 62% used [0x000000060c000000,0x0000000612a198b8,0x0000000616b00000)
 PSPermGen       total 56832K, used 56499K [0x0000000606e00000, 0x000000060a580000, 0x000000060c000000)
  object space 56832K, 99% used [0x0000000606e00000,0x000000060a52cfa8,0x000000060a580000)
}

