# JRE version: Java(TM) SE Runtime Environment (7.0_45-b18) (build 1.7.0_45-b18)
# Java VM: Java HotSpot(TM) 64-Bit Server VM (24.45-b08 mixed mode linux-amd64 compressed oops)
Heap
 PSYoungGen      total 82944K, used 32086K [0x0000000759500000, 0x0000000760000000, 0x0000000800000000)
  eden space 60416K, 26% used [0x0000000759500000,0x000000075a4878a0,0x000000075d000000)
  from space 22528K, 71% used [0x000000075ea00000,0x000000075f9ce0f8,0x0000000760000000)
  to   space 24576K, 0% used [0x000000075d000000,0x000000075d000000,0x000000075e800000)
 ParOldGen       total 175104K, used 30601K [0x000000060c000000, 0x0000000616b00000, 0x0000000759500000)
  object space 175104K, 17% used [0x000000060c000000,0x000000060dde2558,0x0000000616b00000)
 PSPermGen       total 52736K, used 52429K [0x0000000606e00000, 0x000000060a180000, 0x000000060c000000)
  object space 52736K, 99% used [0x0000000606e00000,0x000000060a133570,0x000000060a180000)
GC Heap History (10 events):
Event: 4.365 GC heap before
{Heap before GC invocations=4 (full 0):
 PSYoungGen      total 76800K, used 76790K [0x0000000759500000, 0x000000075ea80000, 0x0000000800000000)
  eden space 66048K, 100% used [0x0000000759500000,0x000000075d580000,0x000000075d580000)
  from space 10752K, 99% used [0x000000075d580000,0x000000075dffdbc0,0x000000075e000000)
  to   space 10752K, 0% used [0x000000075e000000,0x000000075e000000,0x000000075ea80000)
 ParOldGen       total 175104K, used 8243K [0x000000060c000000, 0x0000000616b00000, 0x0000000759500000)
  object space 175104K, 4% used [0x000000060c000000,0x000000060c80cf48,0x0000000616b00000)
 PSPermGen       total 43520K, used 43037K [0x0000000606e00000, 0x0000000609880000, 0x000000060c000000)
  object space 43520K, 98% used [0x0000000606e00000,0x0000000609807680,0x0000000609880000)
Event: 4.377 GC heap after
Heap after GC invocations=4 (full 0):
 PSYoungGen      total 76800K, used 10748K [0x0000000759500000, 0x000000075ea80000, 0x0000000800000000)
  eden space 66048K, 0% used [0x0000000759500000,0x0000000759500000,0x000000075d580000)
  from space 10752K, 99% used [0x000000075e000000,0x000000075ea7f040,0x000000075ea80000)
  to   space 10752K, 0% used [0x000000075d580000,0x000000075d580000,0x000000075e000000)
 ParOldGen       total 175104K, used 15559K [0x000000060c000000, 0x0000000616b00000, 0x0000000759500000)
  object space 175104K, 8% used [0x000000060c000000,0x000000060cf31f78,0x0000000616b00000)
 PSPermGen       total 43520K, used 43037K [0x0000000606e00000, 0x0000000609880000, 0x000000060c000000)
  object space 43520K, 98% used [0x0000000606e00000,0x0000000609807680,0x0000000609880000)
}
Event: 11.349 GC heap before
{Heap before GC invocations=5 (full 0):
 PSYoungGen      total 76800K, used 76796K [0x0000000759500000, 0x000000075ea80000, 0x0000000800000000)
  eden space 66048K, 100% used [0x0000000759500000,0x000000075d580000,0x000000075d580000)
  from space 10752K, 99% used [0x000000075e000000,0x000000075ea7f040,0x000000075ea80000)
  to   space 10752K, 0% used [0x000000075d580000,0x000000075d580000,0x000000075e000000)
 ParOldGen       total 175104K, used 15559K [0x000000060c000000, 0x0000000616b00000, 0x0000000759500000)
  object space 175104K, 8% used [0x000000060c000000,0x000000060cf31f78,0x0000000616b00000)
 PSPermGen       total 48128K, used 47847K [0x0000000606e00000, 0x0000000609d00000, 0x000000060c000000)
  object space 48128K, 99% used [0x0000000606e00000,0x0000000609cb9f78,0x0000000609d00000)
Event: 11.358 GC heap after
Heap after GC invocations=5 (full 0):
 PSYoungGen      total 75264K, used 10726K [0x0000000759500000, 0x0000000760500000, 0x0000000800000000)
  eden space 64512K, 0% used [0x0000000759500000,0x0000000759500000,0x000000075d400000)
  from space 10752K, 99% used [0x000000075d580000,0x000000075dff9b70,0x000000075e000000)
  to   space 25088K, 0% used [0x000000075ec80000,0x000000075ec80000,0x0000000760500000)
 ParOldGen       total 175104K, used 22082K [0x000000060c000000, 0x0000000616b00000, 0x0000000759500000)
  object space 175104K, 12% used [0x000000060c000000,0x000000060d590b68,0x0000000616b00000)
 PSPermGen       total 48128K, used 47847K [0x0000000606e00000, 0x0000000609d00000, 0x000000060c000000)
  object space 48128K, 99% used [0x0000000606e00000,0x0000000609cb9f78,0x0000000609d00000)
}
Event: 12.692 GC heap before
{Heap before GC invocations=6 (full 0):
 PSYoungGen      total 75264K, used 75238K [0x0000000759500000, 0x0000000760500000, 0x0000000800000000)
  eden space 64512K, 100% used [0x0000000759500000,0x000000075d400000,0x000000075d400000)
  from space 10752K, 99% used [0x000000075d580000,0x000000075dff9b70,0x000000075e000000)
  to   space 25088K, 0% used [0x000000075ec80000,0x000000075ec80000,0x0000000760500000)
 ParOldGen       total 175104K, used 22082K [0x000000060c000000, 0x0000000616b00000, 0x0000000759500000)
  object space 175104K, 12% used [0x000000060c000000,0x000000060d590b68,0x0000000616b00000)
 PSPermGen       total 51200K, used 50871K [0x0000000606e00000, 0x000000060a000000, 0x000000060c000000)
  object space 51200K, 99% used [0x0000000606e00000,0x0000000609fadd98,0x000000060a000000)
Event: 12.702 GC heap after
Heap after GC invocations=6 (full 0):
 PSYoungGen      total 85504K, used 16472K [0x0000000759500000, 0x0000000760280000, 0x0000000800000000)
  eden space 62976K, 0% used [0x0000000759500000,0x0000000759500000,0x000000075d280000)
  from space 22528K, 73% used [0x000000075ec80000,0x000000075fc960a0,0x0000000760280000)
  to   space 24576K, 0% used [0x000000075d280000,0x000000075d280000,0x000000075ea80000)
 ParOldGen       total 175104K, used 22082K [0x000000060c000000, 0x0000000616b00000, 0x0000000759500000)
  object space 175104K, 12% used [0x000000060c000000,0x000000060d590b68,0x0000000616b00000)
 PSPermGen       total 51200K, used 50871K [0x0000000606e00000, 0x000000060a000000, 0x000000060c000000)
  object space 51200K, 99% used [0x0000000606e00000,0x0000000609fadd98,0x000000060a000000)
}
Event: 23.819 GC heap before
{Heap before GC invocations=7 (full 0):
 PSYoungGen      total 85504K, used 79448K [0x0000000759500000, 0x0000000760280000, 0x0000000800000000)
  eden space 62976K, 100% used [0x0000000759500000,0x000000075d280000,0x000000075d280000)
  from space 22528K, 73% used [0x000000075ec80000,0x000000075fc960a0,0x0000000760280000)
  to   space 24576K, 0% used [0x000000075d280000,0x000000075d280000,0x000000075ea80000)
 ParOldGen       total 175104K, used 22082K [0x000000060c000000, 0x0000000616b00000, 0x0000000759500000)
  object space 175104K, 12% used [0x000000060c000000,0x000000060d590b68,0x0000000616b00000)
 PSPermGen       total 52224K, used 51798K [0x0000000606e00000, 0x000000060a100000, 0x000000060c000000)
  object space 52224K, 99% used [0x0000000606e00000,0x000000060a095b60,0x000000060a100000)
Event: 23.830 GC heap after
Heap after GC invocations=7 (full 0):
 PSYoungGen      total 80384K, used 18543K [0x0000000759500000, 0x0000000760300000, 0x0000000800000000)
  eden space 61440K, 0% used [0x0000000759500000,0x0000000759500000,0x000000075d100000)
  from space 18944K, 97% used [0x000000075d280000,0x000000075e49bfc8,0x000000075e500000)
  to   space 25600K, 0% used [0x000000075ea00000,0x000000075ea00000,0x0000000760300000)
 ParOldGen       total 175104K, used 25265K [0x000000060c000000, 0x0000000616b00000, 0x0000000759500000)
  object space 175104K, 14% used [0x000000060c000000,0x000000060d8ac778,0x0000000616b00000)
 PSPermGen       total 52224K, used 51798K [0x0000000606e00000, 0x000000060a100000, 0x000000060c000000)
  object space 52224K, 99% used [0x0000000606e00000,0x000000060a095b60,0x000000060a100000)
}
Event: 62.075 GC heap before
{Heap before GC invocations=8 (full 0):
 PSYoungGen      total 80384K, used 79983K [0x0000000759500000, 0x0000000760300000, 0x0000000800000000)
  eden space 61440K, 100% used [0x0000000759500000,0x000000075d100000,0x000000075d100000)
  from space 18944K, 97% used [0x000000075d280000,0x000000075e49bfc8,0x000000075e500000)
  to   space 25600K, 0% used [0x000000075ea00000,0x000000075ea00000,0x0000000760300000)
 ParOldGen       total 175104K, used 25265K [0x000000060c000000, 0x0000000616b00000, 0x0000000759500000)
  object space 175104K, 14% used [0x000000060c000000,0x000000060d8ac778,0x0000000616b00000)
 PSPermGen       total 52736K, used 52315K [0x0000000606e00000, 0x000000060a180000, 0x000000060c000000)
  object space 52736K, 99% used [0x0000000606e00000,0x000000060a116ef0,0x000000060a180000)
Event: 62.085 GC heap after
Heap after GC invocations=8 (full 0):
 PSYoungGen      total 82944K, used 16184K [0x0000000759500000, 0x0000000760000000, 0x0000000800000000)
  eden space 60416K, 0% used [0x0000000759500000,0x0000000759500000,0x000000075d000000)
  from space 22528K, 71% used [0x000000075ea00000,0x000000075f9ce0f8,0x0000000760000000)
  to   space 24576K, 0% used [0x000000075d000000,0x000000075d000000,0x000000075e800000)
 ParOldGen       total 175104K, used 30601K [0x000000060c000000, 0x0000000616b00000, 0x0000000759500000)
  object space 175104K, 17% used [0x000000060c000000,0x000000060dde2558,0x0000000616b00000)
 PSPermGen       total 52736K, used 52315K [0x0000000606e00000, 0x000000060a180000, 0x000000060c000000)
  object space 52736K, 99% used [0x0000000606e00000,0x000000060a116ef0,0x000000060a180000)
}

