# JRE version: Java(TM) SE Runtime Environment (7.0_45-b18) (build 1.7.0_45-b18)
# Java VM: Java HotSpot(TM) 64-Bit Server VM (24.45-b08 mixed mode linux-amd64 compressed oops)
Heap
 PSYoungGen      total 280064K, used 223180K [0x0000000759500000, 0x0000000779700000, 0x0000000800000000)
  eden space 113152K, 100% used [0x0000000759500000,0x0000000760380000,0x0000000760380000)
  from space 166912K, 65% used [0x000000076c180000,0x0000000772cf3330,0x0000000776480000)
  to   space 194560K, 0% used [0x0000000760380000,0x0000000760380000,0x000000076c180000)
 ParOldGen       total 1944064K, used 1943962K [0x000000060c000000, 0x0000000682a80000, 0x0000000759500000)
  object space 1944064K, 99% used [0x000000060c000000,0x0000000682a66ad8,0x0000000682a80000)
 PSPermGen       total 83968K, used 50152K [0x0000000606e00000, 0x000000060c000000, 0x000000060c000000)
  object space 83968K, 59% used [0x0000000606e00000,0x0000000609efa138,0x000000060c000000)
GC Heap History (10 events):
Event: 9.523 GC heap before
{Heap before GC invocations=16 (full 3):
 PSYoungGen      total 187392K, used 90105K [0x0000000759500000, 0x0000000771400000, 0x0000000800000000)
  eden space 97280K, 0% used [0x0000000759500000,0x0000000759500000,0x000000075f400000)
  from space 90112K, 99% used [0x000000075f400000,0x0000000764bfe610,0x0000000764c00000)
  to   space 134656K, 0% used [0x0000000769080000,0x0000000769080000,0x0000000771400000)
 ParOldGen       total 461824K, used 392674K [0x000000060c000000, 0x0000000628300000, 0x0000000759500000)
  object space 461824K, 85% used [0x000000060c000000,0x0000000623f78930,0x0000000628300000)
 PSPermGen       total 83968K, used 47582K [0x0000000606e00000, 0x000000060c000000, 0x000000060c000000)
  object space 83968K, 56% used [0x0000000606e00000,0x0000000609c77b90,0x000000060c000000)
Event: 9.657 GC heap after
Heap after GC invocations=16 (full 3):
 PSYoungGen      total 187392K, used 18420K [0x0000000759500000, 0x0000000771400000, 0x0000000800000000)
  eden space 97280K, 0% used [0x0000000759500000,0x0000000759500000,0x000000075f400000)
  from space 90112K, 20% used [0x000000075f400000,0x00000007605fd198,0x0000000764c00000)
  to   space 134656K, 0% used [0x0000000769080000,0x0000000769080000,0x0000000771400000)
 ParOldGen       total 685568K, used 461425K [0x000000060c000000, 0x0000000635d80000, 0x0000000759500000)
  object space 685568K, 67% used [0x000000060c000000,0x000000062829c6c0,0x0000000635d80000)
 PSPermGen       total 83968K, used 47582K [0x0000000606e00000, 0x000000060c000000, 0x000000060c000000)
  object space 83968K, 56% used [0x0000000606e00000,0x0000000609c77b50,0x000000060c000000)
}
Event: 9.667 GC heap before
{Heap before GC invocations=17 (full 3):
 PSYoungGen      total 187392K, used 115700K [0x0000000759500000, 0x0000000771400000, 0x0000000800000000)
  eden space 97280K, 100% used [0x0000000759500000,0x000000075f400000,0x000000075f400000)
  from space 90112K, 20% used [0x000000075f400000,0x00000007605fd198,0x0000000764c00000)
  to   space 134656K, 0% used [0x0000000769080000,0x0000000769080000,0x0000000771400000)
 ParOldGen       total 685568K, used 461425K [0x000000060c000000, 0x0000000635d80000, 0x0000000759500000)
  object space 685568K, 67% used [0x000000060c000000,0x000000062829c6c0,0x0000000635d80000)
 PSPermGen       total 83968K, used 47582K [0x0000000606e00000, 0x000000060c000000, 0x000000060c000000)
  object space 83968K, 56% used [0x0000000606e00000,0x0000000609c77b50,0x000000060c000000)
Event: 9.685 GC heap after
Heap after GC invocations=17 (full 3):
 PSYoungGen      total 248832K, used 97352K [0x0000000759500000, 0x0000000772080000, 0x0000000800000000)
  eden space 114176K, 0% used [0x0000000759500000,0x0000000759500000,0x0000000760480000)
  from space 134656K, 72% used [0x0000000769080000,0x000000076ef92360,0x0000000771400000)
  to   space 143360K, 0% used [0x0000000760480000,0x0000000760480000,0x0000000769080000)
 ParOldGen       total 685568K, used 479846K [0x000000060c000000, 0x0000000635d80000, 0x0000000759500000)
  object space 685568K, 69% used [0x000000060c000000,0x0000000629499858,0x0000000635d80000)
 PSPermGen       total 83968K, used 47582K [0x0000000606e00000, 0x000000060c000000, 0x000000060c000000)
  object space 83968K, 56% used [0x0000000606e00000,0x0000000609c77b50,0x000000060c000000)
}
Event: 9.728 GC heap before
{Heap before GC invocations=18 (full 3):
 PSYoungGen      total 248832K, used 211502K [0x0000000759500000, 0x0000000772080000, 0x0000000800000000)
  eden space 114176K, 99% used [0x0000000759500000,0x0000000760479550,0x0000000760480000)
  from space 134656K, 72% used [0x0000000769080000,0x000000076ef92360,0x0000000771400000)
  to   space 143360K, 0% used [0x0000000760480000,0x0000000760480000,0x0000000769080000)
 ParOldGen       total 685568K, used 479846K [0x000000060c000000, 0x0000000635d80000, 0x0000000759500000)
  object space 685568K, 69% used [0x000000060c000000,0x0000000629499858,0x0000000635d80000)
 PSPermGen       total 83968K, used 47586K [0x0000000606e00000, 0x000000060c000000, 0x000000060c000000)
  object space 83968K, 56% used [0x0000000606e00000,0x0000000609c78b88,0x000000060c000000)
Event: 9.753 GC heap after
Heap after GC invocations=18 (full 3):
 PSYoungGen      total 257536K, used 143326K [0x0000000759500000, 0x0000000776480000, 0x0000000800000000)
  eden space 114176K, 0% used [0x0000000759500000,0x0000000759500000,0x0000000760480000)
  from space 143360K, 99% used [0x0000000760480000,0x0000000769077a78,0x0000000769080000)
  to   space 166912K, 0% used [0x000000076c180000,0x000000076c180000,0x0000000776480000)
 ParOldGen       total 685568K, used 547503K [0x000000060c000000, 0x0000000635d80000, 0x0000000759500000)
  object space 685568K, 79% used [0x000000060c000000,0x000000062d6abd98,0x0000000635d80000)
 PSPermGen       total 83968K, used 47586K [0x0000000606e00000, 0x000000060c000000, 0x000000060c000000)
  object space 83968K, 56% used [0x0000000606e00000,0x0000000609c78b88,0x000000060c000000)
}
Event: 10.204 GC heap before
{Heap before GC invocations=19 (full 3):
 PSYoungGen      total 257536K, used 255763K [0x0000000759500000, 0x0000000776480000, 0x0000000800000000)
  eden space 114176K, 98% used [0x0000000759500000,0x00000007602cd200,0x0000000760480000)
  from space 143360K, 99% used [0x0000000760480000,0x0000000769077a78,0x0000000769080000)
  to   space 166912K, 0% used [0x000000076c180000,0x000000076c180000,0x0000000776480000)
 ParOldGen       total 1258496K, used 1119694K [0x000000060c000000, 0x0000000658d00000, 0x0000000759500000)
  object space 1258496K, 88% used [0x000000060c000000,0x00000006505739a0,0x0000000658d00000)
 PSPermGen       total 83968K, used 49036K [0x0000000606e00000, 0x000000060c000000, 0x000000060c000000)
  object space 83968K, 58% used [0x0000000606e00000,0x0000000609de3108,0x000000060c000000)
Event: 10.231 GC heap after
Heap after GC invocations=19 (full 3):
 PSYoungGen      total 280064K, used 166907K [0x0000000759500000, 0x0000000779700000, 0x0000000800000000)
  eden space 113152K, 0% used [0x0000000759500000,0x0000000759500000,0x0000000760380000)
  from space 166912K, 99% used [0x000000076c180000,0x000000077647efb8,0x0000000776480000)
  to   space 194560K, 0% used [0x0000000760380000,0x0000000760380000,0x000000076c180000)
 ParOldGen       total 1258496K, used 1205192K [0x000000060c000000, 0x0000000658d00000, 0x0000000759500000)
  object space 1258496K, 95% used [0x000000060c000000,0x00000006558f2370,0x0000000658d00000)
 PSPermGen       total 83968K, used 49036K [0x0000000606e00000, 0x000000060c000000, 0x000000060c000000)
  object space 83968K, 58% used [0x0000000606e00000,0x0000000609de3108,0x000000060c000000)
}
Event: 10.231 GC heap before
{Heap before GC invocations=20 (full 4):
 PSYoungGen      total 280064K, used 166907K [0x0000000759500000, 0x0000000779700000, 0x0000000800000000)
  eden space 113152K, 0% used [0x0000000759500000,0x0000000759500000,0x0000000760380000)
  from space 166912K, 99% used [0x000000076c180000,0x000000077647efb8,0x0000000776480000)
  to   space 194560K, 0% used [0x0000000760380000,0x0000000760380000,0x000000076c180000)
 ParOldGen       total 1258496K, used 1205192K [0x000000060c000000, 0x0000000658d00000, 0x0000000759500000)
  object space 1258496K, 95% used [0x000000060c000000,0x00000006558f2370,0x0000000658d00000)
 PSPermGen       total 83968K, used 49036K [0x0000000606e00000, 0x000000060c000000, 0x000000060c000000)
  object space 83968K, 58% used [0x0000000606e00000,0x0000000609de3108,0x000000060c000000)
Event: 10.431 GC heap after
Heap after GC invocations=20 (full 4):
 PSYoungGen      total 280064K, used 110028K [0x0000000759500000, 0x0000000779700000, 0x0000000800000000)
  eden space 113152K, 0% used [0x0000000759500000,0x0000000759500000,0x0000000760380000)
  from space 166912K, 65% used [0x000000076c180000,0x0000000772cf3330,0x0000000776480000)
  to   space 194560K, 0% used [0x0000000760380000,0x0000000760380000,0x000000076c180000)
 ParOldGen       total 1570816K, used 1258051K [0x000000060c000000, 0x000000066be00000, 0x0000000759500000)
  object space 1570816K, 80% used [0x000000060c000000,0x0000000658c90f70,0x000000066be00000)
 PSPermGen       total 83968K, used 49036K [0x0000000606e00000, 0x000000060c000000, 0x000000060c000000)
  object space 83968K, 58% used [0x0000000606e00000,0x0000000609de30c8,0x000000060c000000)
}

