# JRE version: Java(TM) SE Runtime Environment (7.0_45-b18) (build 1.7.0_45-b18)
# Java VM: Java HotSpot(TM) 64-Bit Server VM (24.45-b08 mixed mode linux-amd64 compressed oops)
Heap
 PSYoungGen      total 72192K, used 53262K [0x0000000797d00000, 0x000000079d280000, 0x0000000800000000)
  eden space 55808K, 89% used [0x0000000797d00000,0x000000079adb4140,0x000000079b380000)
  from space 16384K, 20% used [0x000000079c280000,0x000000079c5cf7a0,0x000000079d280000)
  to   space 15360K, 0% used [0x000000079b380000,0x000000079b380000,0x000000079c280000)
 ParOldGen       total 200704K, used 148270K [0x00000006c7800000, 0x00000006d3c00000, 0x0000000797d00000)
  object space 200704K, 73% used [0x00000006c7800000,0x00000006d08cb9e0,0x00000006d3c00000)
 PSPermGen       total 83968K, used 57310K [0x00000006c2600000, 0x00000006c7800000, 0x00000006c7800000)
  object space 83968K, 68% used [0x00000006c2600000,0x00000006c5df7b20,0x00000006c7800000)
GC Heap History (10 events):
Event: 730.931 GC heap before
{Heap before GC invocations=67 (full 1):
 PSYoungGen      total 59392K, used 59366K [0x0000000797d00000, 0x000000079d980000, 0x0000000800000000)
  eden space 55808K, 100% used [0x0000000797d00000,0x000000079b380000,0x000000079b380000)
  from space 3584K, 99% used [0x000000079b480000,0x000000079b7f9bf0,0x000000079b800000)
  to   space 19456K, 0% used [0x000000079c680000,0x000000079c680000,0x000000079d980000)
 ParOldGen       total 200704K, used 144619K [0x00000006c7800000, 0x00000006d3c00000, 0x0000000797d00000)
  object space 200704K, 72% used [0x00000006c7800000,0x00000006d053aee0,0x00000006d3c00000)
 PSPermGen       total 83968K, used 57035K [0x00000006c2600000, 0x00000006c7800000, 0x00000006c7800000)
  object space 83968K, 67% used [0x00000006c2600000,0x00000006c5db2d58,0x00000006c7800000)
Event: 730.936 GC heap after
Heap after GC invocations=67 (full 1):
 PSYoungGen      total 71168K, used 3869K [0x0000000797d00000, 0x000000079d680000, 0x0000000800000000)
  eden space 54784K, 0% used [0x0000000797d00000,0x0000000797d00000,0x000000079b280000)
  from space 16384K, 23% used [0x000000079c680000,0x000000079ca477c0,0x000000079d680000)
  to   space 18432K, 0% used [0x000000079b280000,0x000000079b280000,0x000000079c480000)
 ParOldGen       total 200704K, used 145347K [0x00000006c7800000, 0x00000006d3c00000, 0x0000000797d00000)
  object space 200704K, 72% used [0x00000006c7800000,0x00000006d05f0f10,0x00000006d3c00000)
 PSPermGen       total 83968K, used 57035K [0x00000006c2600000, 0x00000006c7800000, 0x00000006c7800000)
  object space 83968K, 67% used [0x00000006c2600000,0x00000006c5db2d58,0x00000006c7800000)
}
Event: 766.088 GC heap before
{Heap before GC invocations=68 (full 1):
 PSYoungGen      total 71168K, used 58653K [0x0000000797d00000, 0x000000079d680000, 0x0000000800000000)
  eden space 54784K, 100% used [0x0000000797d00000,0x000000079b280000,0x000000079b280000)
  from space 16384K, 23% used [0x000000079c680000,0x000000079ca477c0,0x000000079d680000)
  to   space 18432K, 0% used [0x000000079b280000,0x000000079b280000,0x000000079c480000)
 ParOldGen       total 200704K, used 145347K [0x00000006c7800000, 0x00000006d3c00000, 0x0000000797d00000)
  object space 200704K, 72% used [0x00000006c7800000,0x00000006d05f0f10,0x00000006d3c00000)
 PSPermGen       total 83968K, used 57065K [0x00000006c2600000, 0x00000006c7800000, 0x00000006c7800000)
  object space 83968K, 67% used [0x00000006c2600000,0x00000006c5dba5e0,0x00000006c7800000)
Event: 766.091 GC heap after
Heap after GC invocations=68 (full 1):
 PSYoungGen      total 56832K, used 2653K [0x0000000797d00000, 0x000000079d480000, 0x0000000800000000)
  eden space 53760K, 0% used [0x0000000797d00000,0x0000000797d00000,0x000000079b180000)
  from space 3072K, 86% used [0x000000079b280000,0x000000079b517790,0x000000079b580000)
  to   space 17920K, 0% used [0x000000079c300000,0x000000079c300000,0x000000079d480000)
 ParOldGen       total 200704K, used 146547K [0x00000006c7800000, 0x00000006d3c00000, 0x0000000797d00000)
  object space 200704K, 73% used [0x00000006c7800000,0x00000006d071cf40,0x00000006d3c00000)
 PSPermGen       total 83968K, used 57065K [0x00000006c2600000, 0x00000006c7800000, 0x00000006c7800000)
  object space 83968K, 67% used [0x00000006c2600000,0x00000006c5dba5e0,0x00000006c7800000)
}
Event: 788.694 GC heap before
{Heap before GC invocations=69 (full 1):
 PSYoungGen      total 56832K, used 56413K [0x0000000797d00000, 0x000000079d480000, 0x0000000800000000)
  eden space 53760K, 100% used [0x0000000797d00000,0x000000079b180000,0x000000079b180000)
  from space 3072K, 86% used [0x000000079b280000,0x000000079b517790,0x000000079b580000)
  to   space 17920K, 0% used [0x000000079c300000,0x000000079c300000,0x000000079d480000)
 ParOldGen       total 200704K, used 146547K [0x00000006c7800000, 0x00000006d3c00000, 0x0000000797d00000)
  object space 200704K, 73% used [0x00000006c7800000,0x00000006d071cf40,0x00000006d3c00000)
 PSPermGen       total 83968K, used 57142K [0x00000006c2600000, 0x00000006c7800000, 0x00000006c7800000)
  object space 83968K, 68% used [0x00000006c2600000,0x00000006c5dcdad8,0x00000006c7800000)
Event: 788.699 GC heap after
Heap after GC invocations=69 (full 1):
 PSYoungGen      total 69632K, used 3520K [0x0000000797d00000, 0x000000079d280000, 0x0000000800000000)
  eden space 53760K, 0% used [0x0000000797d00000,0x0000000797d00000,0x000000079b180000)
  from space 15872K, 22% used [0x000000079c300000,0x000000079c670010,0x000000079d280000)
  to   space 16896K, 0% used [0x000000079b180000,0x000000079b180000,0x000000079c200000)
 ParOldGen       total 200704K, used 147105K [0x00000006c7800000, 0x00000006d3c00000, 0x0000000797d00000)
  object space 200704K, 73% used [0x00000006c7800000,0x00000006d07a86e0,0x00000006d3c00000)
 PSPermGen       total 83968K, used 57142K [0x00000006c2600000, 0x00000006c7800000, 0x00000006c7800000)
  object space 83968K, 68% used [0x00000006c2600000,0x00000006c5dcdad8,0x00000006c7800000)
}
Event: 806.101 GC heap before
{Heap before GC invocations=70 (full 1):
 PSYoungGen      total 69632K, used 57280K [0x0000000797d00000, 0x000000079d280000, 0x0000000800000000)
  eden space 53760K, 100% used [0x0000000797d00000,0x000000079b180000,0x000000079b180000)
  from space 15872K, 22% used [0x000000079c300000,0x000000079c670010,0x000000079d280000)
  to   space 16896K, 0% used [0x000000079b180000,0x000000079b180000,0x000000079c200000)
 ParOldGen       total 200704K, used 147105K [0x00000006c7800000, 0x00000006d3c00000, 0x0000000797d00000)
  object space 200704K, 73% used [0x00000006c7800000,0x00000006d07a86e0,0x00000006d3c00000)
 PSPermGen       total 83968K, used 57164K [0x00000006c2600000, 0x00000006c7800000, 0x00000006c7800000)
  object space 83968K, 68% used [0x00000006c2600000,0x00000006c5dd33e8,0x00000006c7800000)
Event: 806.106 GC heap after
Heap after GC invocations=70 (full 1):
 PSYoungGen      total 70656K, used 3094K [0x0000000797d00000, 0x000000079d280000, 0x0000000800000000)
  eden space 53760K, 0% used [0x0000000797d00000,0x0000000797d00000,0x000000079b180000)
  from space 16896K, 18% used [0x000000079b180000,0x000000079b485be0,0x000000079c200000)
  to   space 16384K, 0% used [0x000000079c280000,0x000000079c280000,0x000000079d280000)
 ParOldGen       total 200704K, used 147910K [0x00000006c7800000, 0x00000006d3c00000, 0x0000000797d00000)
  object space 200704K, 73% used [0x00000006c7800000,0x00000006d08719c0,0x00000006d3c00000)
 PSPermGen       total 83968K, used 57164K [0x00000006c2600000, 0x00000006c7800000, 0x00000006c7800000)
  object space 83968K, 68% used [0x00000006c2600000,0x00000006c5dd33e8,0x00000006c7800000)
}
Event: 835.569 GC heap before
{Heap before GC invocations=71 (full 1):
 PSYoungGen      total 70656K, used 56854K [0x0000000797d00000, 0x000000079d280000, 0x0000000800000000)
  eden space 53760K, 100% used [0x0000000797d00000,0x000000079b180000,0x000000079b180000)
  from space 16896K, 18% used [0x000000079b180000,0x000000079b485be0,0x000000079c200000)
  to   space 16384K, 0% used [0x000000079c280000,0x000000079c280000,0x000000079d280000)
 ParOldGen       total 200704K, used 147910K [0x00000006c7800000, 0x00000006d3c00000, 0x0000000797d00000)
  object space 200704K, 73% used [0x00000006c7800000,0x00000006d08719c0,0x00000006d3c00000)
 PSPermGen       total 83968K, used 57200K [0x00000006c2600000, 0x00000006c7800000, 0x00000006c7800000)
  object space 83968K, 68% used [0x00000006c2600000,0x00000006c5ddc3d0,0x00000006c7800000)
Event: 835.574 GC heap after
Heap after GC invocations=71 (full 1):
 PSYoungGen      total 72192K, used 3389K [0x0000000797d00000, 0x000000079d280000, 0x0000000800000000)
  eden space 55808K, 0% used [0x0000000797d00000,0x0000000797d00000,0x000000079b380000)
  from space 16384K, 20% used [0x000000079c280000,0x000000079c5cf7a0,0x000000079d280000)
  to   space 15360K, 0% used [0x000000079b380000,0x000000079b380000,0x000000079c280000)
 ParOldGen       total 200704K, used 148270K [0x00000006c7800000, 0x00000006d3c00000, 0x0000000797d00000)
  object space 200704K, 73% used [0x00000006c7800000,0x00000006d08cb9e0,0x00000006d3c00000)
 PSPermGen       total 83968K, used 57200K [0x00000006c2600000, 0x00000006c7800000, 0x00000006c7800000)
  object space 83968K, 68% used [0x00000006c2600000,0x00000006c5ddc3d0,0x00000006c7800000)
}

