# JRE version: Java(TM) SE Runtime Environment (7.0_45-b18) (build 1.7.0_45-b18)
# Java VM: Java HotSpot(TM) 64-Bit Server VM (24.45-b08 mixed mode linux-amd64 compressed oops)
Heap
 PSYoungGen      total 84480K, used 21927K [0x0000000759500000, 0x0000000760180000, 0x0000000800000000)
  eden space 59904K, 7% used [0x0000000759500000,0x000000075992b5d0,0x000000075cf80000)
  from space 24576K, 71% used [0x000000075e980000,0x000000075fabe8b0,0x0000000760180000)
  to   space 25600K, 0% used [0x000000075cf80000,0x000000075cf80000,0x000000075e880000)
 ParOldGen       total 175104K, used 23772K [0x000000060c000000, 0x0000000616b00000, 0x0000000759500000)
  object space 175104K, 13% used [0x000000060c000000,0x000000060d737098,0x0000000616b00000)
 PSPermGen       total 53248K, used 52864K [0x0000000606e00000, 0x000000060a200000, 0x000000060c000000)
  object space 53248K, 99% used [0x0000000606e00000,0x000000060a1a00c8,0x000000060a200000)
GC Heap History (10 events):
Event: 6.754 GC heap before
{Heap before GC invocations=4 (full 0):
 PSYoungGen      total 76800K, used 76796K [0x0000000759500000, 0x000000075ea80000, 0x0000000800000000)
  eden space 66048K, 100% used [0x0000000759500000,0x000000075d580000,0x000000075d580000)
  from space 10752K, 99% used [0x000000075d580000,0x000000075dfff318,0x000000075e000000)
  to   space 10752K, 0% used [0x000000075e000000,0x000000075e000000,0x000000075ea80000)
 ParOldGen       total 175104K, used 6139K [0x000000060c000000, 0x0000000616b00000, 0x0000000759500000)
  object space 175104K, 3% used [0x000000060c000000,0x000000060c5fecd8,0x0000000616b00000)
 PSPermGen       total 40960K, used 40830K [0x0000000606e00000, 0x0000000609600000, 0x000000060c000000)
  object space 40960K, 99% used [0x0000000606e00000,0x00000006095dfb68,0x0000000609600000)
Event: 6.763 GC heap after
Heap after GC invocations=4 (full 0):
 PSYoungGen      total 76800K, used 10720K [0x0000000759500000, 0x000000075ea80000, 0x0000000800000000)
  eden space 66048K, 0% used [0x0000000759500000,0x0000000759500000,0x000000075d580000)
  from space 10752K, 99% used [0x000000075e000000,0x000000075ea78028,0x000000075ea80000)
  to   space 10752K, 0% used [0x000000075d580000,0x000000075d580000,0x000000075e000000)
 ParOldGen       total 175104K, used 12408K [0x000000060c000000, 0x0000000616b00000, 0x0000000759500000)
  object space 175104K, 7% used [0x000000060c000000,0x000000060cc1e120,0x0000000616b00000)
 PSPermGen       total 40960K, used 40830K [0x0000000606e00000, 0x0000000609600000, 0x000000060c000000)
  object space 40960K, 99% used [0x0000000606e00000,0x00000006095dfb68,0x0000000609600000)
}
Event: 12.909 GC heap before
{Heap before GC invocations=5 (full 0):
 PSYoungGen      total 76800K, used 76768K [0x0000000759500000, 0x000000075ea80000, 0x0000000800000000)
  eden space 66048K, 100% used [0x0000000759500000,0x000000075d580000,0x000000075d580000)
  from space 10752K, 99% used [0x000000075e000000,0x000000075ea78028,0x000000075ea80000)
  to   space 10752K, 0% used [0x000000075d580000,0x000000075d580000,0x000000075e000000)
 ParOldGen       total 175104K, used 12408K [0x000000060c000000, 0x0000000616b00000, 0x0000000759500000)
  object space 175104K, 7% used [0x000000060c000000,0x000000060cc1e120,0x0000000616b00000)
 PSPermGen       total 44032K, used 43904K [0x0000000606e00000, 0x0000000609900000, 0x000000060c000000)
  object space 44032K, 99% used [0x0000000606e00000,0x00000006098e0188,0x0000000609900000)
Event: 12.916 GC heap after
Heap after GC invocations=5 (full 0):
 PSYoungGen      total 75264K, used 10735K [0x0000000759500000, 0x000000075fc00000, 0x0000000800000000)
  eden space 64512K, 0% used [0x0000000759500000,0x0000000759500000,0x000000075d400000)
  from space 10752K, 99% used [0x000000075d580000,0x000000075dffbcc8,0x000000075e000000)
  to   space 20480K, 0% used [0x000000075e800000,0x000000075e800000,0x000000075fc00000)
 ParOldGen       total 175104K, used 14387K [0x000000060c000000, 0x0000000616b00000, 0x0000000759500000)
  object space 175104K, 8% used [0x000000060c000000,0x000000060ce0cc78,0x0000000616b00000)
 PSPermGen       total 44032K, used 43904K [0x0000000606e00000, 0x0000000609900000, 0x000000060c000000)
  object space 44032K, 99% used [0x0000000606e00000,0x00000006098e0188,0x0000000609900000)
}
Event: 13.487 GC heap before
{Heap before GC invocations=6 (full 0):
 PSYoungGen      total 75264K, used 75247K [0x0000000759500000, 0x000000075fc00000, 0x0000000800000000)
  eden space 64512K, 100% used [0x0000000759500000,0x000000075d400000,0x000000075d400000)
  from space 10752K, 99% used [0x000000075d580000,0x000000075dffbcc8,0x000000075e000000)
  to   space 20480K, 0% used [0x000000075e800000,0x000000075e800000,0x000000075fc00000)
 ParOldGen       total 175104K, used 14387K [0x000000060c000000, 0x0000000616b00000, 0x0000000759500000)
  object space 175104K, 8% used [0x000000060c000000,0x000000060ce0cc78,0x0000000616b00000)
 PSPermGen       total 50688K, used 50609K [0x0000000606e00000, 0x0000000609f80000, 0x000000060c000000)
  object space 50688K, 99% used [0x0000000606e00000,0x0000000609f6c728,0x0000000609f80000)
Event: 13.499 GC heap after
Heap after GC invocations=6 (full 0):
 PSYoungGen      total 82432K, used 18559K [0x0000000759500000, 0x000000075ff80000, 0x0000000800000000)
  eden space 61952K, 0% used [0x0000000759500000,0x0000000759500000,0x000000075d180000)
  from space 20480K, 90% used [0x000000075e800000,0x000000075fa1fe08,0x000000075fc00000)
  to   space 23040K, 0% used [0x000000075d180000,0x000000075d180000,0x000000075e800000)
 ParOldGen       total 175104K, used 14395K [0x000000060c000000, 0x0000000616b00000, 0x0000000759500000)
  object space 175104K, 8% used [0x000000060c000000,0x000000060ce0ec78,0x0000000616b00000)
 PSPermGen       total 50688K, used 50609K [0x0000000606e00000, 0x0000000609f80000, 0x000000060c000000)
  object space 50688K, 99% used [0x0000000606e00000,0x0000000609f6c728,0x0000000609f80000)
}
Event: 22.765 GC heap before
{Heap before GC invocations=7 (full 0):
 PSYoungGen      total 82432K, used 80511K [0x0000000759500000, 0x000000075ff80000, 0x0000000800000000)
  eden space 61952K, 100% used [0x0000000759500000,0x000000075d180000,0x000000075d180000)
  from space 20480K, 90% used [0x000000075e800000,0x000000075fa1fe08,0x000000075fc00000)
  to   space 23040K, 0% used [0x000000075d180000,0x000000075d180000,0x000000075e800000)
 ParOldGen       total 175104K, used 14395K [0x000000060c000000, 0x0000000616b00000, 0x0000000759500000)
  object space 175104K, 8% used [0x000000060c000000,0x000000060ce0ec78,0x0000000616b00000)
 PSPermGen       total 52736K, used 52305K [0x0000000606e00000, 0x000000060a180000, 0x000000060c000000)
  object space 52736K, 99% used [0x0000000606e00000,0x000000060a1146b8,0x000000060a180000)
Event: 22.779 GC heap after
Heap after GC invocations=7 (full 0):
 PSYoungGen      total 83968K, used 20861K [0x0000000759500000, 0x0000000760280000, 0x0000000800000000)
  eden space 60928K, 0% used [0x0000000759500000,0x0000000759500000,0x000000075d080000)
  from space 23040K, 90% used [0x000000075d180000,0x000000075e5df558,0x000000075e800000)
  to   space 25600K, 0% used [0x000000075e980000,0x000000075e980000,0x0000000760280000)
 ParOldGen       total 175104K, used 19017K [0x000000060c000000, 0x0000000616b00000, 0x0000000759500000)
  object space 175104K, 10% used [0x000000060c000000,0x000000060d292568,0x0000000616b00000)
 PSPermGen       total 52736K, used 52305K [0x0000000606e00000, 0x000000060a180000, 0x000000060c000000)
  object space 52736K, 99% used [0x0000000606e00000,0x000000060a1146b8,0x000000060a180000)
}
Event: 39.381 GC heap before
{Heap before GC invocations=8 (full 0):
 PSYoungGen      total 83968K, used 81789K [0x0000000759500000, 0x0000000760280000, 0x0000000800000000)
  eden space 60928K, 100% used [0x0000000759500000,0x000000075d080000,0x000000075d080000)
  from space 23040K, 90% used [0x000000075d180000,0x000000075e5df558,0x000000075e800000)
  to   space 25600K, 0% used [0x000000075e980000,0x000000075e980000,0x0000000760280000)
 ParOldGen       total 175104K, used 19017K [0x000000060c000000, 0x0000000616b00000, 0x0000000759500000)
  object space 175104K, 10% used [0x000000060c000000,0x000000060d292568,0x0000000616b00000)
 PSPermGen       total 53248K, used 52835K [0x0000000606e00000, 0x000000060a200000, 0x000000060c000000)
  object space 53248K, 99% used [0x0000000606e00000,0x000000060a198fb0,0x000000060a200000)
Event: 39.391 GC heap after
Heap after GC invocations=8 (full 0):
 PSYoungGen      total 84480K, used 17658K [0x0000000759500000, 0x0000000760180000, 0x0000000800000000)
  eden space 59904K, 0% used [0x0000000759500000,0x0000000759500000,0x000000075cf80000)
  from space 24576K, 71% used [0x000000075e980000,0x000000075fabe8b0,0x0000000760180000)
  to   space 25600K, 0% used [0x000000075cf80000,0x000000075cf80000,0x000000075e880000)
 ParOldGen       total 175104K, used 23772K [0x000000060c000000, 0x0000000616b00000, 0x0000000759500000)
  object space 175104K, 13% used [0x000000060c000000,0x000000060d737098,0x0000000616b00000)
 PSPermGen       total 53248K, used 52835K [0x0000000606e00000, 0x000000060a200000, 0x000000060c000000)
  object space 53248K, 99% used [0x0000000606e00000,0x000000060a198fb0,0x000000060a200000)
}

