# JRE version: Java(TM) SE Runtime Environment (7.0_45-b18) (build 1.7.0_45-b18)
# Java VM: Java HotSpot(TM) 64-Bit Server VM (24.45-b08 mixed mode linux-amd64 compressed oops)
Heap
 PSYoungGen      total 257024K, used 184275K [0x00000000eb280000, 0x00000000ff380000, 0x0000000100000000)
  eden space 203776K, 79% used [0x00000000eb280000,0x00000000f50d1708,0x00000000f7980000)
  from space 53248K, 41% used [0x00000000fbf80000,0x00000000fd5236e8,0x00000000ff380000)
  to   space 62464K, 0% used [0x00000000f7980000,0x00000000f7980000,0x00000000fb680000)
 ParOldGen       total 175104K, used 135509K [0x00000000c1800000, 0x00000000cc300000, 0x00000000eb280000)
  object space 175104K, 77% used [0x00000000c1800000,0x00000000c9c55758,0x00000000cc300000)
 PSPermGen       total 55296K, used 55018K [0x00000000bc600000, 0x00000000bfc00000, 0x00000000c1800000)
  object space 55296K, 99% used [0x00000000bc600000,0x00000000bfbba868,0x00000000bfc00000)
GC Heap History (10 events):
Event: 14.388 GC heap before
{Heap before GC invocations=8 (full 0):
 PSYoungGen      total 154624K, used 153801K [0x00000000eb280000, 0x00000000ffc80000, 0x0000000100000000)
  eden space 131072K, 99% used [0x00000000eb280000,0x00000000f31b94f8,0x00000000f3280000)
  from space 23552K, 99% used [0x00000000f3280000,0x00000000f4978f68,0x00000000f4980000)
  to   space 37888K, 0% used [0x00000000fd780000,0x00000000fd780000,0x00000000ffc80000)
 ParOldGen       total 175104K, used 38551K [0x00000000c1800000, 0x00000000cc300000, 0x00000000eb280000)
  object space 175104K, 22% used [0x00000000c1800000,0x00000000c3da5e90,0x00000000cc300000)
 PSPermGen       total 40448K, used 39969K [0x00000000bc600000, 0x00000000bed80000, 0x00000000c1800000)
  object space 40448K, 98% used [0x00000000bc600000,0x00000000bed087b8,0x00000000bed80000)
Event: 14.407 GC heap after
Heap after GC invocations=8 (full 0):
 PSYoungGen      total 274944K, used 37868K [0x00000000eb280000, 0x0000000100000000, 0x0000000100000000)
  eden space 237056K, 0% used [0x00000000eb280000,0x00000000eb280000,0x00000000f9a00000)
  from space 37888K, 99% used [0x00000000fd780000,0x00000000ffc7b2d8,0x00000000ffc80000)
  to   space 52224K, 0% used [0x00000000f9a00000,0x00000000f9a00000,0x00000000fcd00000)
 ParOldGen       total 175104K, used 56741K [0x00000000c1800000, 0x00000000cc300000, 0x00000000eb280000)
  object space 175104K, 32% used [0x00000000c1800000,0x00000000c4f697a8,0x00000000cc300000)
 PSPermGen       total 40448K, used 39969K [0x00000000bc600000, 0x00000000bed80000, 0x00000000c1800000)
  object space 40448K, 98% used [0x00000000bc600000,0x00000000bed087b8,0x00000000bed80000)
}
Event: 26.228 GC heap before
{Heap before GC invocations=9 (full 0):
 PSYoungGen      total 274944K, used 274924K [0x00000000eb280000, 0x0000000100000000, 0x0000000100000000)
  eden space 237056K, 100% used [0x00000000eb280000,0x00000000f9a00000,0x00000000f9a00000)
  from space 37888K, 99% used [0x00000000fd780000,0x00000000ffc7b2d8,0x00000000ffc80000)
  to   space 52224K, 0% used [0x00000000f9a00000,0x00000000f9a00000,0x00000000fcd00000)
 ParOldGen       total 175104K, used 56741K [0x00000000c1800000, 0x00000000cc300000, 0x00000000eb280000)
  object space 175104K, 32% used [0x00000000c1800000,0x00000000c4f697a8,0x00000000cc300000)
 PSPermGen       total 43008K, used 42503K [0x00000000bc600000, 0x00000000bf000000, 0x00000000c1800000)
  object space 43008K, 98% used [0x00000000bc600000,0x00000000bef81df8,0x00000000bf000000)
Event: 26.251 GC heap after
Heap after GC invocations=9 (full 0):
 PSYoungGen      total 289280K, used 52197K [0x00000000eb280000, 0x0000000100000000, 0x0000000100000000)
  eden space 237056K, 0% used [0x00000000eb280000,0x00000000eb280000,0x00000000f9a00000)
  from space 52224K, 99% used [0x00000000f9a00000,0x00000000fccf9720,0x00000000fcd00000)
  to   space 52224K, 0% used [0x00000000fcd00000,0x00000000fcd00000,0x0000000100000000)
 ParOldGen       total 175104K, used 70365K [0x00000000c1800000, 0x00000000cc300000, 0x00000000eb280000)
  object space 175104K, 40% used [0x00000000c1800000,0x00000000c5cb77b8,0x00000000cc300000)
 PSPermGen       total 43008K, used 42503K [0x00000000bc600000, 0x00000000bf000000, 0x00000000c1800000)
  object space 43008K, 98% used [0x00000000bc600000,0x00000000bef81df8,0x00000000bf000000)
}
Event: 48.373 GC heap before
{Heap before GC invocations=10 (full 0):
 PSYoungGen      total 289280K, used 289253K [0x00000000eb280000, 0x0000000100000000, 0x0000000100000000)
  eden space 237056K, 100% used [0x00000000eb280000,0x00000000f9a00000,0x00000000f9a00000)
  from space 52224K, 99% used [0x00000000f9a00000,0x00000000fccf9720,0x00000000fcd00000)
  to   space 52224K, 0% used [0x00000000fcd00000,0x00000000fcd00000,0x0000000100000000)
 ParOldGen       total 175104K, used 70365K [0x00000000c1800000, 0x00000000cc300000, 0x00000000eb280000)
  object space 175104K, 40% used [0x00000000c1800000,0x00000000c5cb77b8,0x00000000cc300000)
 PSPermGen       total 54784K, used 54345K [0x00000000bc600000, 0x00000000bfb80000, 0x00000000c1800000)
  object space 54784K, 99% used [0x00000000bc600000,0x00000000bfb12778,0x00000000bfb80000)
Event: 48.398 GC heap after
Heap after GC invocations=10 (full 0):
 PSYoungGen      total 263680K, used 34430K [0x00000000eb280000, 0x0000000100000000, 0x0000000100000000)
  eden space 211456K, 0% used [0x00000000eb280000,0x00000000eb280000,0x00000000f8100000)
  from space 52224K, 65% used [0x00000000fcd00000,0x00000000fee9fbc0,0x0000000100000000)
  to   space 65024K, 0% used [0x00000000f8100000,0x00000000f8100000,0x00000000fc080000)
 ParOldGen       total 175104K, used 103346K [0x00000000c1800000, 0x00000000cc300000, 0x00000000eb280000)
  object space 175104K, 59% used [0x00000000c1800000,0x00000000c7cecae8,0x00000000cc300000)
 PSPermGen       total 54784K, used 54345K [0x00000000bc600000, 0x00000000bfb80000, 0x00000000c1800000)
  object space 54784K, 99% used [0x00000000bc600000,0x00000000bfb12778,0x00000000bfb80000)
}
Event: 54.300 GC heap before
{Heap before GC invocations=11 (full 0):
 PSYoungGen      total 263680K, used 245886K [0x00000000eb280000, 0x0000000100000000, 0x0000000100000000)
  eden space 211456K, 100% used [0x00000000eb280000,0x00000000f8100000,0x00000000f8100000)
  from space 52224K, 65% used [0x00000000fcd00000,0x00000000fee9fbc0,0x0000000100000000)
  to   space 65024K, 0% used [0x00000000f8100000,0x00000000f8100000,0x00000000fc080000)
 ParOldGen       total 175104K, used 103346K [0x00000000c1800000, 0x00000000cc300000, 0x00000000eb280000)
  object space 175104K, 59% used [0x00000000c1800000,0x00000000c7cecae8,0x00000000cc300000)
 PSPermGen       total 54784K, used 54406K [0x00000000bc600000, 0x00000000bfb80000, 0x00000000c1800000)
  object space 54784K, 99% used [0x00000000bc600000,0x00000000bfb21910,0x00000000bfb80000)
Event: 54.312 GC heap after
Heap after GC invocations=11 (full 0):
 PSYoungGen      total 212480K, used 864K [0x00000000eb280000, 0x0000000100000000, 0x0000000100000000)
  eden space 211456K, 0% used [0x00000000eb280000,0x00000000eb280000,0x00000000f8100000)
  from space 1024K, 84% used [0x00000000f8100000,0x00000000f81d8000,0x00000000f8200000)
  to   space 66048K, 0% used [0x00000000fbf80000,0x00000000fbf80000,0x0000000100000000)
 ParOldGen       total 175104K, used 134957K [0x00000000c1800000, 0x00000000cc300000, 0x00000000eb280000)
  object space 175104K, 77% used [0x00000000c1800000,0x00000000c9bcb728,0x00000000cc300000)
 PSPermGen       total 54784K, used 54406K [0x00000000bc600000, 0x00000000bfb80000, 0x00000000c1800000)
  object space 54784K, 99% used [0x00000000bc600000,0x00000000bfb21910,0x00000000bfb80000)
}
Event: 74.488 GC heap before
{Heap before GC invocations=12 (full 0):
 PSYoungGen      total 212480K, used 212320K [0x00000000eb280000, 0x0000000100000000, 0x0000000100000000)
  eden space 211456K, 100% used [0x00000000eb280000,0x00000000f8100000,0x00000000f8100000)
  from space 1024K, 84% used [0x00000000f8100000,0x00000000f81d8000,0x00000000f8200000)
  to   space 66048K, 0% used [0x00000000fbf80000,0x00000000fbf80000,0x0000000100000000)
 ParOldGen       total 175104K, used 134957K [0x00000000c1800000, 0x00000000cc300000, 0x00000000eb280000)
  object space 175104K, 77% used [0x00000000c1800000,0x00000000c9bcb728,0x00000000cc300000)
 PSPermGen       total 54784K, used 54723K [0x00000000bc600000, 0x00000000bfb80000, 0x00000000c1800000)
  object space 54784K, 99% used [0x00000000bc600000,0x00000000bfb70c78,0x00000000bfb80000)
Event: 74.498 GC heap after
Heap after GC invocations=12 (full 0):
 PSYoungGen      total 257024K, used 22157K [0x00000000eb280000, 0x00000000ff380000, 0x0000000100000000)
  eden space 203776K, 0% used [0x00000000eb280000,0x00000000eb280000,0x00000000f7980000)
  from space 53248K, 41% used [0x00000000fbf80000,0x00000000fd5236e8,0x00000000ff380000)
  to   space 62464K, 0% used [0x00000000f7980000,0x00000000f7980000,0x00000000fb680000)
 ParOldGen       total 175104K, used 135509K [0x00000000c1800000, 0x00000000cc300000, 0x00000000eb280000)
  object space 175104K, 77% used [0x00000000c1800000,0x00000000c9c55758,0x00000000cc300000)
 PSPermGen       total 54784K, used 54723K [0x00000000bc600000, 0x00000000bfb80000, 0x00000000c1800000)
  object space 54784K, 99% used [0x00000000bc600000,0x00000000bfb70c78,0x00000000bfb80000)
}

