# JRE version: Java(TM) SE Runtime Environment (7.0_45-b18) (build 1.7.0_45-b18)
# Java VM: Java HotSpot(TM) 64-Bit Server VM (24.45-b08 mixed mode linux-amd64 compressed oops)
Heap
 PSYoungGen      total 1912832K, used 917377K [0x0000000759500000, 0x0000000800000000, 0x0000000800000000)
  eden space 1110528K, 82% used [0x0000000759500000,0x00000007914e0798,0x000000079d180000)
  from space 802304K, 0% used [0x000000079d180000,0x000000079d180000,0x00000007ce100000)
  to   space 789504K, 0% used [0x00000007cfd00000,0x00000007cfd00000,0x0000000800000000)
 ParOldGen       total 1541120K, used 767271K [0x000000060c000000, 0x000000066a100000, 0x0000000759500000)
  object space 1541120K, 49% used [0x000000060c000000,0x000000063ad49ea0,0x000000066a100000)
 PSPermGen       total 65024K, used 58922K [0x0000000606e00000, 0x000000060ad80000, 0x000000060c000000)
  object space 65024K, 90% used [0x0000000606e00000,0x000000060a78aa28,0x000000060ad80000)
GC Heap History (10 events):
Event: 12792.461 GC heap before
{Heap before GC invocations=365 (full 19):
 PSYoungGen      total 1553408K, used 1415040K [0x0000000759500000, 0x00000007ec700000, 0x0000000800000000)
  eden space 942080K, 100% used [0x0000000759500000,0x0000000792d00000,0x0000000792d00000)
  from space 611328K, 77% used [0x0000000792d00000,0x00000007afae0000,0x00000007b8200000)
  to   space 670208K, 0% used [0x00000007c3880000,0x00000007c3880000,0x00000007ec700000)
 ParOldGen       total 1673728K, used 1038462K [0x000000060c000000, 0x0000000672280000, 0x0000000759500000)
  object space 1673728K, 62% used [0x000000060c000000,0x000000064b61f938,0x0000000672280000)
 PSPermGen       total 66048K, used 58908K [0x0000000606e00000, 0x000000060ae80000, 0x000000060c000000)
  object space 66048K, 89% used [0x0000000606e00000,0x000000060a787230,0x000000060ae80000)
Event: 12792.909 GC heap after
Heap after GC invocations=365 (full 19):
 PSYoungGen      total 1683968K, used 503584K [0x0000000759500000, 0x00000007f3200000, 0x0000000800000000)
  eden space 1013760K, 0% used [0x0000000759500000,0x0000000759500000,0x0000000797300000)
  from space 670208K, 75% used [0x00000007c3880000,0x00000007e2448000,0x00000007ec700000)
  to   space 726528K, 0% used [0x0000000797300000,0x0000000797300000,0x00000007c3880000)
 ParOldGen       total 1673728K, used 1038462K [0x000000060c000000, 0x0000000672280000, 0x0000000759500000)
  object space 1673728K, 62% used [0x000000060c000000,0x000000064b61f938,0x0000000672280000)
 PSPermGen       total 66048K, used 58908K [0x0000000606e00000, 0x000000060ae80000, 0x000000060c000000)
  object space 66048K, 89% used [0x0000000606e00000,0x000000060a787230,0x000000060ae80000)
}
Event: 12801.928 GC heap before
{Heap before GC invocations=366 (full 19):
 PSYoungGen      total 1683968K, used 1517344K [0x0000000759500000, 0x00000007f3200000, 0x0000000800000000)
  eden space 1013760K, 100% used [0x0000000759500000,0x0000000797300000,0x0000000797300000)
  from space 670208K, 75% used [0x00000007c3880000,0x00000007e2448000,0x00000007ec700000)
  to   space 726528K, 0% used [0x0000000797300000,0x0000000797300000,0x00000007c3880000)
 ParOldGen       total 1673728K, used 1038462K [0x000000060c000000, 0x0000000672280000, 0x0000000759500000)
  object space 1673728K, 62% used [0x000000060c000000,0x000000064b61f938,0x0000000672280000)
 PSPermGen       total 66048K, used 58908K [0x0000000606e00000, 0x000000060ae80000, 0x000000060c000000)
  object space 66048K, 89% used [0x0000000606e00000,0x000000060a787230,0x000000060ae80000)
Event: 12802.358 GC heap after
Heap after GC invocations=366 (full 19):
 PSYoungGen      total 1740288K, used 502784K [0x0000000759500000, 0x00000007fd100000, 0x0000000800000000)
  eden space 1013760K, 0% used [0x0000000759500000,0x0000000759500000,0x0000000797300000)
  from space 726528K, 69% used [0x0000000797300000,0x00000007b5e00000,0x00000007c3880000)
  to   space 770048K, 0% used [0x00000007ce100000,0x00000007ce100000,0x00000007fd100000)
 ParOldGen       total 1673728K, used 1038462K [0x000000060c000000, 0x0000000672280000, 0x0000000759500000)
  object space 1673728K, 62% used [0x000000060c000000,0x000000064b61f938,0x0000000672280000)
 PSPermGen       total 66048K, used 58908K [0x0000000606e00000, 0x000000060ae80000, 0x000000060c000000)
  object space 66048K, 89% used [0x0000000606e00000,0x000000060a787230,0x000000060ae80000)
}
Event: 12809.987 GC heap before
{Heap before GC invocations=367 (full 19):
 PSYoungGen      total 1740288K, used 1516544K [0x0000000759500000, 0x00000007fd100000, 0x0000000800000000)
  eden space 1013760K, 100% used [0x0000000759500000,0x0000000797300000,0x0000000797300000)
  from space 726528K, 69% used [0x0000000797300000,0x00000007b5e00000,0x00000007c3880000)
  to   space 770048K, 0% used [0x00000007ce100000,0x00000007ce100000,0x00000007fd100000)
 ParOldGen       total 1673728K, used 1038462K [0x000000060c000000, 0x0000000672280000, 0x0000000759500000)
  object space 1673728K, 62% used [0x000000060c000000,0x000000064b61f938,0x0000000672280000)
 PSPermGen       total 66048K, used 58908K [0x0000000606e00000, 0x000000060ae80000, 0x000000060c000000)
  object space 66048K, 89% used [0x0000000606e00000,0x000000060a787230,0x000000060ae80000)
Event: 12810.424 GC heap after
Heap after GC invocations=367 (full 19):
 PSYoungGen      total 1880576K, used 501408K [0x0000000759500000, 0x0000000800000000, 0x0000000800000000)
  eden space 1110528K, 0% used [0x0000000759500000,0x0000000759500000,0x000000079d180000)
  from space 770048K, 65% used [0x00000007ce100000,0x00000007ecaa8000,0x00000007fd100000)
  to   space 802304K, 0% used [0x000000079d180000,0x000000079d180000,0x00000007ce100000)
 ParOldGen       total 1673728K, used 1038462K [0x000000060c000000, 0x0000000672280000, 0x0000000759500000)
  object space 1673728K, 62% used [0x000000060c000000,0x000000064b61f938,0x0000000672280000)
 PSPermGen       total 66048K, used 58908K [0x0000000606e00000, 0x000000060ae80000, 0x000000060c000000)
  object space 66048K, 89% used [0x0000000606e00000,0x000000060a787230,0x000000060ae80000)
}
Event: 12819.185 GC heap before
{Heap before GC invocations=368 (full 19):
 PSYoungGen      total 1880576K, used 1611936K [0x0000000759500000, 0x0000000800000000, 0x0000000800000000)
  eden space 1110528K, 100% used [0x0000000759500000,0x000000079d180000,0x000000079d180000)
  from space 770048K, 65% used [0x00000007ce100000,0x00000007ecaa8000,0x00000007fd100000)
  to   space 802304K, 0% used [0x000000079d180000,0x000000079d180000,0x00000007ce100000)
 ParOldGen       total 1673728K, used 1038462K [0x000000060c000000, 0x0000000672280000, 0x0000000759500000)
  object space 1673728K, 62% used [0x000000060c000000,0x000000064b61f938,0x0000000672280000)
 PSPermGen       total 66048K, used 58908K [0x0000000606e00000, 0x000000060ae80000, 0x000000060c000000)
  object space 66048K, 89% used [0x0000000606e00000,0x000000060a787230,0x000000060ae80000)
Event: 12819.520 GC heap after
Heap after GC invocations=368 (full 19):
 PSYoungGen      total 1912832K, used 88768K [0x0000000759500000, 0x0000000800000000, 0x0000000800000000)
  eden space 1110528K, 0% used [0x0000000759500000,0x0000000759500000,0x000000079d180000)
  from space 802304K, 11% used [0x000000079d180000,0x00000007a2830000,0x00000007ce100000)
  to   space 789504K, 0% used [0x00000007cfd00000,0x00000007cfd00000,0x0000000800000000)
 ParOldGen       total 1673728K, used 1452398K [0x000000060c000000, 0x0000000672280000, 0x0000000759500000)
  object space 1673728K, 86% used [0x000000060c000000,0x0000000664a5b938,0x0000000672280000)
 PSPermGen       total 66048K, used 58908K [0x0000000606e00000, 0x000000060ae80000, 0x000000060c000000)
  object space 66048K, 89% used [0x0000000606e00000,0x000000060a787230,0x000000060ae80000)
}
Event: 12819.520 GC heap before
{Heap before GC invocations=369 (full 20):
 PSYoungGen      total 1912832K, used 88768K [0x0000000759500000, 0x0000000800000000, 0x0000000800000000)
  eden space 1110528K, 0% used [0x0000000759500000,0x0000000759500000,0x000000079d180000)
  from space 802304K, 11% used [0x000000079d180000,0x00000007a2830000,0x00000007ce100000)
  to   space 789504K, 0% used [0x00000007cfd00000,0x00000007cfd00000,0x0000000800000000)
 ParOldGen       total 1673728K, used 1452398K [0x000000060c000000, 0x0000000672280000, 0x0000000759500000)
  object space 1673728K, 86% used [0x000000060c000000,0x0000000664a5b938,0x0000000672280000)
 PSPermGen       total 66048K, used 58908K [0x0000000606e00000, 0x000000060ae80000, 0x000000060c000000)
  object space 66048K, 89% used [0x0000000606e00000,0x000000060a787230,0x000000060ae80000)
Event: 12820.618 GC heap after
Heap after GC invocations=369 (full 20):
 PSYoungGen      total 1912832K, used 0K [0x0000000759500000, 0x0000000800000000, 0x0000000800000000)
  eden space 1110528K, 0% used [0x0000000759500000,0x0000000759500000,0x000000079d180000)
  from space 802304K, 0% used [0x000000079d180000,0x000000079d180000,0x00000007ce100000)
  to   space 789504K, 0% used [0x00000007cfd00000,0x00000007cfd00000,0x0000000800000000)
 ParOldGen       total 1541120K, used 767271K [0x000000060c000000, 0x000000066a100000, 0x0000000759500000)
  object space 1541120K, 49% used [0x000000060c000000,0x000000063ad49ea0,0x000000066a100000)
 PSPermGen       total 65024K, used 58908K [0x0000000606e00000, 0x000000060ad80000, 0x000000060c000000)
  object space 65024K, 90% used [0x0000000606e00000,0x000000060a787230,0x000000060ad80000)
}

