# JRE version: Java(TM) SE Runtime Environment (7.0_45-b18) (build 1.7.0_45-b18)
# Java VM: Java HotSpot(TM) 64-Bit Server VM (24.45-b08 mixed mode linux-amd64 compressed oops)
Heap
 PSYoungGen      total 352256K, used 119220K [0x0000000797d00000, 0x00000007ae280000, 0x0000000800000000)
  eden space 340480K, 33% used [0x0000000797d00000,0x000000079ed45980,0x00000007ac980000)
  from space 11776K, 36% used [0x00000007ad700000,0x00000007adb276a0,0x00000007ae280000)
  to   space 12800K, 0% used [0x00000007ac980000,0x00000007ac980000,0x00000007ad600000)
 ParOldGen       total 1228800K, used 879043K [0x00000006c7800000, 0x0000000712800000, 0x0000000797d00000)
  object space 1228800K, 71% used [0x00000006c7800000,0x00000006fd270ca8,0x0000000712800000)
 PSPermGen       total 83968K, used 55669K [0x00000006c2600000, 0x00000006c7800000, 0x00000006c7800000)
  object space 83968K, 66% used [0x00000006c2600000,0x00000006c5c5d770,0x00000006c7800000)
GC Heap History (10 events):
Event: 1226.605 GC heap before
{Heap before GC invocations=60 (full 4):
 PSYoungGen      total 355328K, used 339104K [0x0000000797d00000, 0x00000007ae780000, 0x0000000800000000)
  eden space 338944K, 100% used [0x0000000797d00000,0x00000007ac800000,0x00000007ac800000)
  from space 16384K, 0% used [0x00000007ac800000,0x00000007ac828000,0x00000007ad800000)
  to   space 15872K, 0% used [0x00000007ad800000,0x00000007ad800000,0x00000007ae780000)
 ParOldGen       total 1228800K, used 879027K [0x00000006c7800000, 0x0000000712800000, 0x0000000797d00000)
  object space 1228800K, 71% used [0x00000006c7800000,0x00000006fd26cca8,0x0000000712800000)
 PSPermGen       total 83968K, used 52866K [0x00000006c2600000, 0x00000006c7800000, 0x00000006c7800000)
  object space 83968K, 62% used [0x00000006c2600000,0x00000006c59a0b60,0x00000006c7800000)
Event: 1226.609 GC heap after
Heap after GC invocations=60 (full 4):
 PSYoungGen      total 354304K, used 947K [0x0000000797d00000, 0x00000007ae680000, 0x0000000800000000)
  eden space 339456K, 0% used [0x0000000797d00000,0x0000000797d00000,0x00000007ac880000)
  from space 14848K, 6% used [0x00000007ad800000,0x00000007ad8ecd50,0x00000007ae680000)
  to   space 15360K, 0% used [0x00000007ac880000,0x00000007ac880000,0x00000007ad780000)
 ParOldGen       total 1228800K, used 879027K [0x00000006c7800000, 0x0000000712800000, 0x0000000797d00000)
  object space 1228800K, 71% used [0x00000006c7800000,0x00000006fd26cca8,0x0000000712800000)
 PSPermGen       total 83968K, used 52866K [0x00000006c2600000, 0x00000006c7800000, 0x00000006c7800000)
  object space 83968K, 62% used [0x00000006c2600000,0x00000006c59a0b60,0x00000006c7800000)
}
Event: 1234.855 GC heap before
{Heap before GC invocations=61 (full 4):
 PSYoungGen      total 354304K, used 340403K [0x0000000797d00000, 0x00000007ae680000, 0x0000000800000000)
  eden space 339456K, 100% used [0x0000000797d00000,0x00000007ac880000,0x00000007ac880000)
  from space 14848K, 6% used [0x00000007ad800000,0x00000007ad8ecd50,0x00000007ae680000)
  to   space 15360K, 0% used [0x00000007ac880000,0x00000007ac880000,0x00000007ad780000)
 ParOldGen       total 1228800K, used 879027K [0x00000006c7800000, 0x0000000712800000, 0x0000000797d00000)
  object space 1228800K, 71% used [0x00000006c7800000,0x00000006fd26cca8,0x0000000712800000)
 PSPermGen       total 83968K, used 52884K [0x00000006c2600000, 0x00000006c7800000, 0x00000006c7800000)
  object space 83968K, 62% used [0x00000006c2600000,0x00000006c59a52e8,0x00000006c7800000)
Event: 1234.859 GC heap after
Heap after GC invocations=61 (full 4):
 PSYoungGen      total 354816K, used 723K [0x0000000797d00000, 0x00000007ae700000, 0x0000000800000000)
  eden space 339456K, 0% used [0x0000000797d00000,0x0000000797d00000,0x00000007ac880000)
  from space 15360K, 4% used [0x00000007ac880000,0x00000007ac934d50,0x00000007ad780000)
  to   space 15360K, 0% used [0x00000007ad800000,0x00000007ad800000,0x00000007ae700000)
 ParOldGen       total 1228800K, used 879027K [0x00000006c7800000, 0x0000000712800000, 0x0000000797d00000)
  object space 1228800K, 71% used [0x00000006c7800000,0x00000006fd26cca8,0x0000000712800000)
 PSPermGen       total 83968K, used 52884K [0x00000006c2600000, 0x00000006c7800000, 0x00000006c7800000)
  object space 83968K, 62% used [0x00000006c2600000,0x00000006c59a52e8,0x00000006c7800000)
}
Event: 1685.951 GC heap before
{Heap before GC invocations=62 (full 4):
 PSYoungGen      total 354816K, used 340179K [0x0000000797d00000, 0x00000007ae700000, 0x0000000800000000)
  eden space 339456K, 100% used [0x0000000797d00000,0x00000007ac880000,0x00000007ac880000)
  from space 15360K, 4% used [0x00000007ac880000,0x00000007ac934d50,0x00000007ad780000)
  to   space 15360K, 0% used [0x00000007ad800000,0x00000007ad800000,0x00000007ae700000)
 ParOldGen       total 1228800K, used 879027K [0x00000006c7800000, 0x0000000712800000, 0x0000000797d00000)
  object space 1228800K, 71% used [0x00000006c7800000,0x00000006fd26cca8,0x0000000712800000)
 PSPermGen       total 83968K, used 54961K [0x00000006c2600000, 0x00000006c7800000, 0x00000006c7800000)
  object space 83968K, 65% used [0x00000006c2600000,0x00000006c5bac708,0x00000006c7800000)
Event: 1685.958 GC heap after
Heap after GC invocations=62 (full 4):
 PSYoungGen      total 354304K, used 5577K [0x0000000797d00000, 0x00000007ae600000, 0x0000000800000000)
  eden space 339968K, 0% used [0x0000000797d00000,0x0000000797d00000,0x00000007ac900000)
  from space 14336K, 38% used [0x00000007ad800000,0x00000007add726c8,0x00000007ae600000)
  to   space 14848K, 0% used [0x00000007ac900000,0x00000007ac900000,0x00000007ad780000)
 ParOldGen       total 1228800K, used 879027K [0x00000006c7800000, 0x0000000712800000, 0x0000000797d00000)
  object space 1228800K, 71% used [0x00000006c7800000,0x00000006fd26cca8,0x0000000712800000)
 PSPermGen       total 83968K, used 54961K [0x00000006c2600000, 0x00000006c7800000, 0x00000006c7800000)
  object space 83968K, 65% used [0x00000006c2600000,0x00000006c5bac708,0x00000006c7800000)
}
Event: 1701.938 GC heap before
{Heap before GC invocations=63 (full 4):
 PSYoungGen      total 354304K, used 345545K [0x0000000797d00000, 0x00000007ae600000, 0x0000000800000000)
  eden space 339968K, 100% used [0x0000000797d00000,0x00000007ac900000,0x00000007ac900000)
  from space 14336K, 38% used [0x00000007ad800000,0x00000007add726c8,0x00000007ae600000)
  to   space 14848K, 0% used [0x00000007ac900000,0x00000007ac900000,0x00000007ad780000)
 ParOldGen       total 1228800K, used 879027K [0x00000006c7800000, 0x0000000712800000, 0x0000000797d00000)
  object space 1228800K, 71% used [0x00000006c7800000,0x00000006fd26cca8,0x0000000712800000)
 PSPermGen       total 83968K, used 55025K [0x00000006c2600000, 0x00000006c7800000, 0x00000006c7800000)
  object space 83968K, 65% used [0x00000006c2600000,0x00000006c5bbc720,0x00000006c7800000)
Event: 1701.944 GC heap after
Heap after GC invocations=63 (full 4):
 PSYoungGen      total 345088K, used 4636K [0x0000000797d00000, 0x00000007ae480000, 0x0000000800000000)
  eden space 339968K, 0% used [0x0000000797d00000,0x0000000797d00000,0x00000007ac900000)
  from space 5120K, 90% used [0x00000007ac900000,0x00000007acd87308,0x00000007ace00000)
  to   space 13824K, 0% used [0x00000007ad700000,0x00000007ad700000,0x00000007ae480000)
 ParOldGen       total 1228800K, used 879035K [0x00000006c7800000, 0x0000000712800000, 0x0000000797d00000)
  object space 1228800K, 71% used [0x00000006c7800000,0x00000006fd26eca8,0x0000000712800000)
 PSPermGen       total 83968K, used 55025K [0x00000006c2600000, 0x00000006c7800000, 0x00000006c7800000)
  object space 83968K, 65% used [0x00000006c2600000,0x00000006c5bbc720,0x00000006c7800000)
}
Event: 2143.265 GC heap before
{Heap before GC invocations=64 (full 4):
 PSYoungGen      total 345088K, used 344604K [0x0000000797d00000, 0x00000007ae480000, 0x0000000800000000)
  eden space 339968K, 100% used [0x0000000797d00000,0x00000007ac900000,0x00000007ac900000)
  from space 5120K, 90% used [0x00000007ac900000,0x00000007acd87308,0x00000007ace00000)
  to   space 13824K, 0% used [0x00000007ad700000,0x00000007ad700000,0x00000007ae480000)
 ParOldGen       total 1228800K, used 879035K [0x00000006c7800000, 0x0000000712800000, 0x0000000797d00000)
  object space 1228800K, 71% used [0x00000006c7800000,0x00000006fd26eca8,0x0000000712800000)
 PSPermGen       total 83968K, used 55635K [0x00000006c2600000, 0x00000006c7800000, 0x00000006c7800000)
  object space 83968K, 66% used [0x00000006c2600000,0x00000006c5c54fa0,0x00000006c7800000)
Event: 2143.270 GC heap after
Heap after GC invocations=64 (full 4):
 PSYoungGen      total 352256K, used 4253K [0x0000000797d00000, 0x00000007ae280000, 0x0000000800000000)
  eden space 340480K, 0% used [0x0000000797d00000,0x0000000797d00000,0x00000007ac980000)
  from space 11776K, 36% used [0x00000007ad700000,0x00000007adb276a0,0x00000007ae280000)
  to   space 12800K, 0% used [0x00000007ac980000,0x00000007ac980000,0x00000007ad600000)
 ParOldGen       total 1228800K, used 879043K [0x00000006c7800000, 0x0000000712800000, 0x0000000797d00000)
  object space 1228800K, 71% used [0x00000006c7800000,0x00000006fd270ca8,0x0000000712800000)
 PSPermGen       total 83968K, used 55635K [0x00000006c2600000, 0x00000006c7800000, 0x00000006c7800000)
  object space 83968K, 66% used [0x00000006c2600000,0x00000006c5c54fa0,0x00000006c7800000)
}

