# JRE version: Java(TM) SE Runtime Environment (7.0_45-b18) (build 1.7.0_45-b18)
# Java VM: Java HotSpot(TM) 64-Bit Server VM (24.45-b08 mixed mode linux-amd64 compressed oops)
Heap
 PSYoungGen      total 355840K, used 242445K [0x0000000759500000, 0x0000000774600000, 0x0000000800000000)
  eden space 305152K, 62% used [0x0000000759500000,0x0000000765049b68,0x000000076bf00000)
  from space 50688K, 99% used [0x000000076fc80000,0x0000000772df9af8,0x0000000772e00000)
  to   space 62976K, 0% used [0x000000076bf00000,0x000000076bf00000,0x000000076fc80000)
 ParOldGen       total 175104K, used 125011K [0x000000060c000000, 0x0000000616b00000, 0x0000000759500000)
  object space 175104K, 71% used [0x000000060c000000,0x0000000613a14ec8,0x0000000616b00000)
 PSPermGen       total 53248K, used 53006K [0x0000000606e00000, 0x000000060a200000, 0x000000060c000000)
  object space 53248K, 99% used [0x0000000606e00000,0x000000060a1c38c8,0x000000060a200000)
GC Heap History (10 events):
Event: 10.963 GC heap before
{Heap before GC invocations=8 (full 0):
 PSYoungGen      total 89088K, used 83216K [0x0000000759500000, 0x0000000764500000, 0x0000000800000000)
  eden space 64512K, 100% used [0x0000000759500000,0x000000075d400000,0x000000075d400000)
  from space 24576K, 76% used [0x000000075d400000,0x000000075e644328,0x000000075ec00000)
  to   space 25600K, 0% used [0x0000000762c00000,0x0000000762c00000,0x0000000764500000)
 ParOldGen       total 175104K, used 25282K [0x000000060c000000, 0x0000000616b00000, 0x0000000759500000)
  object space 175104K, 14% used [0x000000060c000000,0x000000060d8b0928,0x0000000616b00000)
 PSPermGen       total 44032K, used 43982K [0x0000000606e00000, 0x0000000609900000, 0x000000060c000000)
  object space 44032K, 99% used [0x0000000606e00000,0x00000006098f38f8,0x0000000609900000)
Event: 10.972 GC heap after
Heap after GC invocations=8 (full 0):
 PSYoungGen      total 154624K, used 18000K [0x0000000759500000, 0x0000000764500000, 0x0000000800000000)
  eden space 129024K, 0% used [0x0000000759500000,0x0000000759500000,0x0000000761300000)
  from space 25600K, 70% used [0x0000000762c00000,0x0000000763d94378,0x0000000764500000)
  to   space 25600K, 0% used [0x0000000761300000,0x0000000761300000,0x0000000762c00000)
 ParOldGen       total 175104K, used 31666K [0x000000060c000000, 0x0000000616b00000, 0x0000000759500000)
  object space 175104K, 18% used [0x000000060c000000,0x000000060deeca98,0x0000000616b00000)
 PSPermGen       total 44032K, used 43982K [0x0000000606e00000, 0x0000000609900000, 0x000000060c000000)
  object space 44032K, 99% used [0x0000000606e00000,0x00000006098f38f8,0x0000000609900000)
}
Event: 15.453 GC heap before
{Heap before GC invocations=9 (full 0):
 PSYoungGen      total 154624K, used 147024K [0x0000000759500000, 0x0000000764500000, 0x0000000800000000)
  eden space 129024K, 100% used [0x0000000759500000,0x0000000761300000,0x0000000761300000)
  from space 25600K, 70% used [0x0000000762c00000,0x0000000763d94378,0x0000000764500000)
  to   space 25600K, 0% used [0x0000000761300000,0x0000000761300000,0x0000000762c00000)
 ParOldGen       total 175104K, used 31666K [0x000000060c000000, 0x0000000616b00000, 0x0000000759500000)
  object space 175104K, 18% used [0x000000060c000000,0x000000060deeca98,0x0000000616b00000)
 PSPermGen       total 47616K, used 47168K [0x0000000606e00000, 0x0000000609c80000, 0x000000060c000000)
  object space 47616K, 99% used [0x0000000606e00000,0x0000000609c100e0,0x0000000609c80000)
Event: 15.480 GC heap after
Heap after GC invocations=9 (full 0):
 PSYoungGen      total 154624K, used 25590K [0x0000000759500000, 0x000000076b100000, 0x0000000800000000)
  eden space 129024K, 0% used [0x0000000759500000,0x0000000759500000,0x0000000761300000)
  from space 25600K, 99% used [0x0000000761300000,0x0000000762bfd870,0x0000000762c00000)
  to   space 41984K, 0% used [0x0000000768800000,0x0000000768800000,0x000000076b100000)
 ParOldGen       total 175104K, used 64724K [0x000000060c000000, 0x0000000616b00000, 0x0000000759500000)
  object space 175104K, 36% used [0x000000060c000000,0x000000060ff35318,0x0000000616b00000)
 PSPermGen       total 47616K, used 47168K [0x0000000606e00000, 0x0000000609c80000, 0x000000060c000000)
  object space 47616K, 99% used [0x0000000606e00000,0x0000000609c100e0,0x0000000609c80000)
}
Event: 21.121 GC heap before
{Heap before GC invocations=10 (full 0):
 PSYoungGen      total 154624K, used 154614K [0x0000000759500000, 0x000000076b100000, 0x0000000800000000)
  eden space 129024K, 100% used [0x0000000759500000,0x0000000761300000,0x0000000761300000)
  from space 25600K, 99% used [0x0000000761300000,0x0000000762bfd870,0x0000000762c00000)
  to   space 41984K, 0% used [0x0000000768800000,0x0000000768800000,0x000000076b100000)
 ParOldGen       total 175104K, used 64724K [0x000000060c000000, 0x0000000616b00000, 0x0000000759500000)
  object space 175104K, 36% used [0x000000060c000000,0x000000060ff35318,0x0000000616b00000)
 PSPermGen       total 48128K, used 47771K [0x0000000606e00000, 0x0000000609d00000, 0x000000060c000000)
  object space 48128K, 99% used [0x0000000606e00000,0x0000000609ca6cd8,0x0000000609d00000)
Event: 21.140 GC heap after
Heap after GC invocations=10 (full 0):
 PSYoungGen      total 240128K, used 41980K [0x0000000759500000, 0x000000076c200000, 0x0000000800000000)
  eden space 198144K, 0% used [0x0000000759500000,0x0000000759500000,0x0000000765680000)
  from space 41984K, 99% used [0x0000000768800000,0x000000076b0ff168,0x000000076b100000)
  to   space 50688K, 0% used [0x0000000765680000,0x0000000765680000,0x0000000768800000)
 ParOldGen       total 175104K, used 72584K [0x000000060c000000, 0x0000000616b00000, 0x0000000759500000)
  object space 175104K, 41% used [0x000000060c000000,0x00000006106e23b0,0x0000000616b00000)
 PSPermGen       total 48128K, used 47771K [0x0000000606e00000, 0x0000000609d00000, 0x000000060c000000)
  object space 48128K, 99% used [0x0000000606e00000,0x0000000609ca6cd8,0x0000000609d00000)
}
Event: 51.527 GC heap before
{Heap before GC invocations=11 (full 0):
 PSYoungGen      total 240128K, used 240124K [0x0000000759500000, 0x000000076c200000, 0x0000000800000000)
  eden space 198144K, 100% used [0x0000000759500000,0x0000000765680000,0x0000000765680000)
  from space 41984K, 99% used [0x0000000768800000,0x000000076b0ff168,0x000000076b100000)
  to   space 50688K, 0% used [0x0000000765680000,0x0000000765680000,0x0000000768800000)
 ParOldGen       total 175104K, used 72584K [0x000000060c000000, 0x0000000616b00000, 0x0000000759500000)
  object space 175104K, 41% used [0x000000060c000000,0x00000006106e23b0,0x0000000616b00000)
 PSPermGen       total 48128K, used 48041K [0x0000000606e00000, 0x0000000609d00000, 0x000000060c000000)
  object space 48128K, 99% used [0x0000000606e00000,0x0000000609cea7f0,0x0000000609d00000)
Event: 51.550 GC heap after
Heap after GC invocations=11 (full 0):
 PSYoungGen      total 248832K, used 6611K [0x0000000759500000, 0x0000000772e00000, 0x0000000800000000)
  eden space 198144K, 0% used [0x0000000759500000,0x0000000759500000,0x0000000765680000)
  from space 50688K, 13% used [0x0000000765680000,0x0000000765cf4f10,0x0000000768800000)
  to   space 50688K, 0% used [0x000000076fc80000,0x000000076fc80000,0x0000000772e00000)
 ParOldGen       total 175104K, used 113945K [0x000000060c000000, 0x0000000616b00000, 0x0000000759500000)
  object space 175104K, 65% used [0x000000060c000000,0x0000000612f46428,0x0000000616b00000)
 PSPermGen       total 48128K, used 48041K [0x0000000606e00000, 0x0000000609d00000, 0x000000060c000000)
  object space 48128K, 99% used [0x0000000606e00000,0x0000000609cea7f0,0x0000000609d00000)
}
Event: 67.851 GC heap before
{Heap before GC invocations=12 (full 0):
 PSYoungGen      total 248832K, used 204755K [0x0000000759500000, 0x0000000772e00000, 0x0000000800000000)
  eden space 198144K, 100% used [0x0000000759500000,0x0000000765680000,0x0000000765680000)
  from space 50688K, 13% used [0x0000000765680000,0x0000000765cf4f10,0x0000000768800000)
  to   space 50688K, 0% used [0x000000076fc80000,0x000000076fc80000,0x0000000772e00000)
 ParOldGen       total 175104K, used 113945K [0x000000060c000000, 0x0000000616b00000, 0x0000000759500000)
  object space 175104K, 65% used [0x000000060c000000,0x0000000612f46428,0x0000000616b00000)
 PSPermGen       total 51200K, used 50738K [0x0000000606e00000, 0x000000060a000000, 0x000000060c000000)
  object space 51200K, 99% used [0x0000000606e00000,0x0000000609f8c8c0,0x000000060a000000)
Event: 67.865 GC heap after
Heap after GC invocations=12 (full 0):
 PSYoungGen      total 355840K, used 50662K [0x0000000759500000, 0x0000000774600000, 0x0000000800000000)
  eden space 305152K, 0% used [0x0000000759500000,0x0000000759500000,0x000000076bf00000)
  from space 50688K, 99% used [0x000000076fc80000,0x0000000772df9af8,0x0000000772e00000)
  to   space 62976K, 0% used [0x000000076bf00000,0x000000076bf00000,0x000000076fc80000)
 ParOldGen       total 175104K, used 125011K [0x000000060c000000, 0x0000000616b00000, 0x0000000759500000)
  object space 175104K, 71% used [0x000000060c000000,0x0000000613a14ec8,0x0000000616b00000)
 PSPermGen       total 51200K, used 50738K [0x0000000606e00000, 0x000000060a000000, 0x000000060c000000)
  object space 51200K, 99% used [0x0000000606e00000,0x0000000609f8c8c0,0x000000060a000000)
}

