# JRE version: Java(TM) SE Runtime Environment (7.0_45-b18) (build 1.7.0_45-b18)
# Java VM: Java HotSpot(TM) 64-Bit Server VM (24.45-b08 mixed mode linux-amd64 compressed oops)
Heap
 PSYoungGen      total 79872K, used 61130K [0x0000000797d00000, 0x000000079d280000, 0x0000000800000000)
  eden space 72192K, 80% used [0x0000000797d00000,0x000000079b5970b0,0x000000079c380000)
  from space 7680K, 41% used [0x000000079c380000,0x000000079c69b790,0x000000079cb00000)
  to   space 7680K, 0% used [0x000000079cb00000,0x000000079cb00000,0x000000079d280000)
 ParOldGen       total 175104K, used 51720K [0x00000006c7800000, 0x00000006d2300000, 0x0000000797d00000)
  object space 175104K, 29% used [0x00000006c7800000,0x00000006caa822a8,0x00000006d2300000)
 PSPermGen       total 56832K, used 56543K [0x00000006c2600000, 0x00000006c5d80000, 0x00000006c7800000)
  object space 56832K, 99% used [0x00000006c2600000,0x00000006c5d37cd0,0x00000006c5d80000)
GC Heap History (10 events):
Event: 882.974 GC heap before
{Heap before GC invocations=41 (full 0):
 PSYoungGen      total 80384K, used 75040K [0x0000000797d00000, 0x000000079d280000, 0x0000000800000000)
  eden space 73216K, 100% used [0x0000000797d00000,0x000000079c480000,0x000000079c480000)
  from space 7168K, 25% used [0x000000079cb80000,0x000000079cd48010,0x000000079d280000)
  to   space 7168K, 0% used [0x000000079c480000,0x000000079c480000,0x000000079cb80000)
 ParOldGen       total 175104K, used 47545K [0x00000006c7800000, 0x00000006d2300000, 0x0000000797d00000)
  object space 175104K, 27% used [0x00000006c7800000,0x00000006ca66e488,0x00000006d2300000)
 PSPermGen       total 56320K, used 55969K [0x00000006c2600000, 0x00000006c5d00000, 0x00000006c7800000)
  object space 56320K, 99% used [0x00000006c2600000,0x00000006c5ca8408,0x00000006c5d00000)
Event: 882.977 GC heap after
Heap after GC invocations=41 (full 0):
 PSYoungGen      total 80384K, used 3593K [0x0000000797d00000, 0x000000079d280000, 0x0000000800000000)
  eden space 73216K, 0% used [0x0000000797d00000,0x0000000797d00000,0x000000079c480000)
  from space 7168K, 50% used [0x000000079c480000,0x000000079c8027d8,0x000000079cb80000)
  to   space 7168K, 0% used [0x000000079cb80000,0x000000079cb80000,0x000000079d280000)
 ParOldGen       total 175104K, used 48065K [0x00000006c7800000, 0x00000006d2300000, 0x0000000797d00000)
  object space 175104K, 27% used [0x00000006c7800000,0x00000006ca6f0498,0x00000006d2300000)
 PSPermGen       total 56320K, used 55969K [0x00000006c2600000, 0x00000006c5d00000, 0x00000006c7800000)
  object space 56320K, 99% used [0x00000006c2600000,0x00000006c5ca8408,0x00000006c5d00000)
}
Event: 1306.469 GC heap before
{Heap before GC invocations=42 (full 0):
 PSYoungGen      total 80384K, used 76809K [0x0000000797d00000, 0x000000079d280000, 0x0000000800000000)
  eden space 73216K, 100% used [0x0000000797d00000,0x000000079c480000,0x000000079c480000)
  from space 7168K, 50% used [0x000000079c480000,0x000000079c8027d8,0x000000079cb80000)
  to   space 7168K, 0% used [0x000000079cb80000,0x000000079cb80000,0x000000079d280000)
 ParOldGen       total 175104K, used 48065K [0x00000006c7800000, 0x00000006d2300000, 0x0000000797d00000)
  object space 175104K, 27% used [0x00000006c7800000,0x00000006ca6f0498,0x00000006d2300000)
 PSPermGen       total 56320K, used 56013K [0x00000006c2600000, 0x00000006c5d00000, 0x00000006c7800000)
  object space 56320K, 99% used [0x00000006c2600000,0x00000006c5cb37c0,0x00000006c5d00000)
Event: 1306.472 GC heap after
Heap after GC invocations=42 (full 0):
 PSYoungGen      total 80896K, used 1568K [0x0000000797d00000, 0x000000079d280000, 0x0000000800000000)
  eden space 73728K, 0% used [0x0000000797d00000,0x0000000797d00000,0x000000079c500000)
  from space 7168K, 21% used [0x000000079cb80000,0x000000079cd08020,0x000000079d280000)
  to   space 6656K, 0% used [0x000000079c500000,0x000000079c500000,0x000000079cb80000)
 ParOldGen       total 175104K, used 50107K [0x00000006c7800000, 0x00000006d2300000, 0x0000000797d00000)
  object space 175104K, 28% used [0x00000006c7800000,0x00000006ca8eef48,0x00000006d2300000)
 PSPermGen       total 56320K, used 56013K [0x00000006c2600000, 0x00000006c5d00000, 0x00000006c7800000)
  object space 56320K, 99% used [0x00000006c2600000,0x00000006c5cb37c0,0x00000006c5d00000)
}
Event: 1395.031 GC heap before
{Heap before GC invocations=43 (full 0):
 PSYoungGen      total 80896K, used 75296K [0x0000000797d00000, 0x000000079d280000, 0x0000000800000000)
  eden space 73728K, 100% used [0x0000000797d00000,0x000000079c500000,0x000000079c500000)
  from space 7168K, 21% used [0x000000079cb80000,0x000000079cd08020,0x000000079d280000)
  to   space 6656K, 0% used [0x000000079c500000,0x000000079c500000,0x000000079cb80000)
 ParOldGen       total 175104K, used 50107K [0x00000006c7800000, 0x00000006d2300000, 0x0000000797d00000)
  object space 175104K, 28% used [0x00000006c7800000,0x00000006ca8eef48,0x00000006d2300000)
 PSPermGen       total 56832K, used 56369K [0x00000006c2600000, 0x00000006c5d80000, 0x00000006c7800000)
  object space 56832K, 99% used [0x00000006c2600000,0x00000006c5d0c6c0,0x00000006c5d80000)
Event: 1395.036 GC heap after
Heap after GC invocations=43 (full 0):
 PSYoungGen      total 78336K, used 4445K [0x0000000797d00000, 0x000000079d280000, 0x0000000800000000)
  eden space 73728K, 0% used [0x0000000797d00000,0x0000000797d00000,0x000000079c500000)
  from space 4608K, 96% used [0x000000079c500000,0x000000079c9577c0,0x000000079c980000)
  to   space 7680K, 0% used [0x000000079cb00000,0x000000079cb00000,0x000000079d280000)
 ParOldGen       total 175104K, used 50283K [0x00000006c7800000, 0x00000006d2300000, 0x0000000797d00000)
  object space 175104K, 28% used [0x00000006c7800000,0x00000006ca91af58,0x00000006d2300000)
 PSPermGen       total 56832K, used 56369K [0x00000006c2600000, 0x00000006c5d80000, 0x00000006c7800000)
  object space 56832K, 99% used [0x00000006c2600000,0x00000006c5d0c6c0,0x00000006c5d80000)
}
Event: 1513.881 GC heap before
{Heap before GC invocations=44 (full 0):
 PSYoungGen      total 78336K, used 78173K [0x0000000797d00000, 0x000000079d280000, 0x0000000800000000)
  eden space 73728K, 100% used [0x0000000797d00000,0x000000079c500000,0x000000079c500000)
  from space 4608K, 96% used [0x000000079c500000,0x000000079c9577c0,0x000000079c980000)
  to   space 7680K, 0% used [0x000000079cb00000,0x000000079cb00000,0x000000079d280000)
 ParOldGen       total 175104K, used 50283K [0x00000006c7800000, 0x00000006d2300000, 0x0000000797d00000)
  object space 175104K, 28% used [0x00000006c7800000,0x00000006ca91af58,0x00000006d2300000)
 PSPermGen       total 56832K, used 56402K [0x00000006c2600000, 0x00000006c5d80000, 0x00000006c7800000)
  object space 56832K, 99% used [0x00000006c2600000,0x00000006c5d14808,0x00000006c5d80000)
Event: 1513.885 GC heap after
Heap after GC invocations=44 (full 0):
 PSYoungGen      total 79872K, used 2925K [0x0000000797d00000, 0x000000079d280000, 0x0000000800000000)
  eden space 72192K, 0% used [0x0000000797d00000,0x0000000797d00000,0x000000079c380000)
  from space 7680K, 38% used [0x000000079cb00000,0x000000079cddb7a0,0x000000079d280000)
  to   space 7680K, 0% used [0x000000079c380000,0x000000079c380000,0x000000079cb00000)
 ParOldGen       total 175104K, used 51440K [0x00000006c7800000, 0x00000006d2300000, 0x0000000797d00000)
  object space 175104K, 29% used [0x00000006c7800000,0x00000006caa3c278,0x00000006d2300000)
 PSPermGen       total 56832K, used 56402K [0x00000006c2600000, 0x00000006c5d80000, 0x00000006c7800000)
  object space 56832K, 99% used [0x00000006c2600000,0x00000006c5d14808,0x00000006c5d80000)
}
Event: 1775.854 GC heap before
{Heap before GC invocations=45 (full 0):
 PSYoungGen      total 79872K, used 75117K [0x0000000797d00000, 0x000000079d280000, 0x0000000800000000)
  eden space 72192K, 100% used [0x0000000797d00000,0x000000079c380000,0x000000079c380000)
  from space 7680K, 38% used [0x000000079cb00000,0x000000079cddb7a0,0x000000079d280000)
  to   space 7680K, 0% used [0x000000079c380000,0x000000079c380000,0x000000079cb00000)
 ParOldGen       total 175104K, used 51440K [0x00000006c7800000, 0x00000006d2300000, 0x0000000797d00000)
  object space 175104K, 29% used [0x00000006c7800000,0x00000006caa3c278,0x00000006d2300000)
 PSPermGen       total 56832K, used 56494K [0x00000006c2600000, 0x00000006c5d80000, 0x00000006c7800000)
  object space 56832K, 99% used [0x00000006c2600000,0x00000006c5d2b868,0x00000006c5d80000)
Event: 1775.858 GC heap after
Heap after GC invocations=45 (full 0):
 PSYoungGen      total 79872K, used 3181K [0x0000000797d00000, 0x000000079d280000, 0x0000000800000000)
  eden space 72192K, 0% used [0x0000000797d00000,0x0000000797d00000,0x000000079c380000)
  from space 7680K, 41% used [0x000000079c380000,0x000000079c69b790,0x000000079cb00000)
  to   space 7680K, 0% used [0x000000079cb00000,0x000000079cb00000,0x000000079d280000)
 ParOldGen       total 175104K, used 51720K [0x00000006c7800000, 0x00000006d2300000, 0x0000000797d00000)
  object space 175104K, 29% used [0x00000006c7800000,0x00000006caa822a8,0x00000006d2300000)
 PSPermGen       total 56832K, used 56494K [0x00000006c2600000, 0x00000006c5d80000, 0x00000006c7800000)
  object space 56832K, 99% used [0x00000006c2600000,0x00000006c5d2b868,0x00000006c5d80000)
}

