# JRE version: Java(TM) SE Runtime Environment (7.0_45-b18) (build 1.7.0_45-b18)
# Java VM: Java HotSpot(TM) 64-Bit Server VM (24.45-b08 mixed mode linux-amd64 compressed oops)
Heap
 PSYoungGen      total 305664K, used 5180K [0x0000000759500000, 0x000000077dd00000, 0x0000000800000000)
  eden space 302592K, 0% used [0x0000000759500000,0x000000075976f110,0x000000076bc80000)
  from space 3072K, 87% used [0x000000076bc80000,0x000000076bf20010,0x000000076bf80000)
  to   space 147456K, 0% used [0x0000000774d00000,0x0000000774d00000,0x000000077dd00000)
 ParOldGen       total 572416K, used 118310K [0x000000060c000000, 0x000000062ef00000, 0x0000000759500000)
  object space 572416K, 20% used [0x000000060c000000,0x0000000613389bb8,0x000000062ef00000)
 PSPermGen       total 83968K, used 58406K [0x0000000606e00000, 0x000000060c000000, 0x000000060c000000)
  object space 83968K, 69% used [0x0000000606e00000,0x000000060a709958,0x000000060c000000)
GC Heap History (10 events):
Event: 4085.809 GC heap before
{Heap before GC invocations=215 (full 6):
 PSYoungGen      total 489472K, used 301760K [0x0000000759500000, 0x0000000783d80000, 0x0000000800000000)
  eden space 301568K, 100% used [0x0000000759500000,0x000000076bb80000,0x000000076bb80000)
  from space 187904K, 0% used [0x0000000778600000,0x0000000778630000,0x0000000783d80000)
  to   space 197632K, 0% used [0x000000076bb80000,0x000000076bb80000,0x0000000777c80000)
 ParOldGen       total 572416K, used 118310K [0x000000060c000000, 0x000000062ef00000, 0x0000000759500000)
  object space 572416K, 20% used [0x000000060c000000,0x0000000613389bb8,0x000000062ef00000)
 PSPermGen       total 83968K, used 58348K [0x0000000606e00000, 0x000000060c000000, 0x000000060c000000)
  object space 83968K, 69% used [0x0000000606e00000,0x000000060a6fb0d8,0x000000060c000000)
Event: 4085.812 GC heap after
Heap after GC invocations=215 (full 6):
 PSYoungGen      total 302080K, used 512K [0x0000000759500000, 0x0000000782a00000, 0x0000000800000000)
  eden space 301568K, 0% used [0x0000000759500000,0x0000000759500000,0x000000076bb80000)
  from space 512K, 100% used [0x000000076bb80000,0x000000076bc00000,0x000000076bc00000)
  to   space 187392K, 0% used [0x0000000777300000,0x0000000777300000,0x0000000782a00000)
 ParOldGen       total 572416K, used 118310K [0x000000060c000000, 0x000000062ef00000, 0x0000000759500000)
  object space 572416K, 20% used [0x000000060c000000,0x0000000613389bb8,0x000000062ef00000)
 PSPermGen       total 83968K, used 58348K [0x0000000606e00000, 0x000000060c000000, 0x000000060c000000)
  object space 83968K, 69% used [0x0000000606e00000,0x000000060a6fb0d8,0x000000060c000000)
}
Event: 4131.152 GC heap before
{Heap before GC invocations=216 (full 6):
 PSYoungGen      total 302080K, used 302080K [0x0000000759500000, 0x0000000782a00000, 0x0000000800000000)
  eden space 301568K, 100% used [0x0000000759500000,0x000000076bb80000,0x000000076bb80000)
  from space 512K, 100% used [0x000000076bb80000,0x000000076bc00000,0x000000076bc00000)
  to   space 187392K, 0% used [0x0000000777300000,0x0000000777300000,0x0000000782a00000)
 ParOldGen       total 572416K, used 118310K [0x000000060c000000, 0x000000062ef00000, 0x0000000759500000)
  object space 572416K, 20% used [0x000000060c000000,0x0000000613389bb8,0x000000062ef00000)
 PSPermGen       total 83968K, used 58348K [0x0000000606e00000, 0x000000060c000000, 0x000000060c000000)
  object space 83968K, 69% used [0x0000000606e00000,0x000000060a6fb138,0x000000060c000000)
Event: 4131.155 GC heap after
Heap after GC invocations=216 (full 6):
 PSYoungGen      total 468992K, used 608K [0x0000000759500000, 0x0000000781600000, 0x0000000800000000)
  eden space 302080K, 0% used [0x0000000759500000,0x0000000759500000,0x000000076bc00000)
  from space 166912K, 0% used [0x0000000777300000,0x0000000777398000,0x0000000781600000)
  to   space 177152K, 0% used [0x000000076bc00000,0x000000076bc00000,0x0000000776900000)
 ParOldGen       total 572416K, used 118310K [0x000000060c000000, 0x000000062ef00000, 0x0000000759500000)
  object space 572416K, 20% used [0x000000060c000000,0x0000000613389bb8,0x000000062ef00000)
 PSPermGen       total 83968K, used 58348K [0x0000000606e00000, 0x000000060c000000, 0x000000060c000000)
  object space 83968K, 69% used [0x0000000606e00000,0x000000060a6fb138,0x000000060c000000)
}
Event: 4183.486 GC heap before
{Heap before GC invocations=217 (full 6):
 PSYoungGen      total 468992K, used 302688K [0x0000000759500000, 0x0000000781600000, 0x0000000800000000)
  eden space 302080K, 100% used [0x0000000759500000,0x000000076bc00000,0x000000076bc00000)
  from space 166912K, 0% used [0x0000000777300000,0x0000000777398000,0x0000000781600000)
  to   space 177152K, 0% used [0x000000076bc00000,0x000000076bc00000,0x0000000776900000)
 ParOldGen       total 572416K, used 118310K [0x000000060c000000, 0x000000062ef00000, 0x0000000759500000)
  object space 572416K, 20% used [0x000000060c000000,0x0000000613389bb8,0x000000062ef00000)
 PSPermGen       total 83968K, used 58348K [0x0000000606e00000, 0x000000060c000000, 0x000000060c000000)
  object space 83968K, 69% used [0x0000000606e00000,0x000000060a6fb138,0x000000060c000000)
Event: 4183.489 GC heap after
Heap after GC invocations=217 (full 6):
 PSYoungGen      total 302592K, used 448K [0x0000000759500000, 0x0000000780380000, 0x0000000800000000)
  eden space 302080K, 0% used [0x0000000759500000,0x0000000759500000,0x000000076bc00000)
  from space 512K, 87% used [0x000000076bc00000,0x000000076bc70000,0x000000076bc80000)
  to   space 167424K, 0% used [0x0000000776000000,0x0000000776000000,0x0000000780380000)
 ParOldGen       total 572416K, used 118310K [0x000000060c000000, 0x000000062ef00000, 0x0000000759500000)
  object space 572416K, 20% used [0x000000060c000000,0x0000000613389bb8,0x000000062ef00000)
 PSPermGen       total 83968K, used 58348K [0x0000000606e00000, 0x000000060c000000, 0x000000060c000000)
  object space 83968K, 69% used [0x0000000606e00000,0x000000060a6fb138,0x000000060c000000)
}
Event: 4235.581 GC heap before
{Heap before GC invocations=218 (full 6):
 PSYoungGen      total 302592K, used 302528K [0x0000000759500000, 0x0000000780380000, 0x0000000800000000)
  eden space 302080K, 100% used [0x0000000759500000,0x000000076bc00000,0x000000076bc00000)
  from space 512K, 87% used [0x000000076bc00000,0x000000076bc70000,0x000000076bc80000)
  to   space 167424K, 0% used [0x0000000776000000,0x0000000776000000,0x0000000780380000)
 ParOldGen       total 572416K, used 118310K [0x000000060c000000, 0x000000062ef00000, 0x0000000759500000)
  object space 572416K, 20% used [0x000000060c000000,0x0000000613389bb8,0x000000062ef00000)
 PSPermGen       total 83968K, used 58348K [0x0000000606e00000, 0x000000060c000000, 0x000000060c000000)
  object space 83968K, 69% used [0x0000000606e00000,0x000000060a6fb138,0x000000060c000000)
Event: 4235.584 GC heap after
Heap after GC invocations=218 (full 6):
 PSYoungGen      total 450560K, used 448K [0x0000000759500000, 0x000000077f080000, 0x0000000800000000)
  eden space 302592K, 0% used [0x0000000759500000,0x0000000759500000,0x000000076bc80000)
  from space 147968K, 0% used [0x0000000776000000,0x0000000776070000,0x000000077f080000)
  to   space 157696K, 0% used [0x000000076bc80000,0x000000076bc80000,0x0000000775680000)
 ParOldGen       total 572416K, used 118310K [0x000000060c000000, 0x000000062ef00000, 0x0000000759500000)
  object space 572416K, 20% used [0x000000060c000000,0x0000000613389bb8,0x000000062ef00000)
 PSPermGen       total 83968K, used 58348K [0x0000000606e00000, 0x000000060c000000, 0x000000060c000000)
  object space 83968K, 69% used [0x0000000606e00000,0x000000060a6fb138,0x000000060c000000)
}
Event: 4349.962 GC heap before
{Heap before GC invocations=219 (full 6):
 PSYoungGen      total 450560K, used 303040K [0x0000000759500000, 0x000000077f080000, 0x0000000800000000)
  eden space 302592K, 100% used [0x0000000759500000,0x000000076bc80000,0x000000076bc80000)
  from space 147968K, 0% used [0x0000000776000000,0x0000000776070000,0x000000077f080000)
  to   space 157696K, 0% used [0x000000076bc80000,0x000000076bc80000,0x0000000775680000)
 ParOldGen       total 572416K, used 118310K [0x000000060c000000, 0x000000062ef00000, 0x0000000759500000)
  object space 572416K, 20% used [0x000000060c000000,0x0000000613389bb8,0x000000062ef00000)
 PSPermGen       total 83968K, used 58406K [0x0000000606e00000, 0x000000060c000000, 0x000000060c000000)
  object space 83968K, 69% used [0x0000000606e00000,0x000000060a709958,0x000000060c000000)
Event: 4349.967 GC heap after
Heap after GC invocations=219 (full 6):
 PSYoungGen      total 305664K, used 2688K [0x0000000759500000, 0x000000077dd00000, 0x0000000800000000)
  eden space 302592K, 0% used [0x0000000759500000,0x0000000759500000,0x000000076bc80000)
  from space 3072K, 87% used [0x000000076bc80000,0x000000076bf20010,0x000000076bf80000)
  to   space 147456K, 0% used [0x0000000774d00000,0x0000000774d00000,0x000000077dd00000)
 ParOldGen       total 572416K, used 118310K [0x000000060c000000, 0x000000062ef00000, 0x0000000759500000)
  object space 572416K, 20% used [0x000000060c000000,0x0000000613389bb8,0x000000062ef00000)
 PSPermGen       total 83968K, used 58406K [0x0000000606e00000, 0x000000060c000000, 0x000000060c000000)
  object space 83968K, 69% used [0x0000000606e00000,0x000000060a709958,0x000000060c000000)
}

