# JRE version: Java(TM) SE Runtime Environment (7.0_45-b18) (build 1.7.0_45-b18)
# Java VM: Java HotSpot(TM) 64-Bit Server VM (24.45-b08 mixed mode linux-amd64 compressed oops)
Heap
 PSYoungGen      total 183808K, used 120324K [0x0000000759500000, 0x0000000766c00000, 0x0000000800000000)
  eden space 151552K, 78% used [0x0000000759500000,0x0000000760977f90,0x0000000762900000)
  from space 32256K, 3% used [0x0000000764c80000,0x0000000764d89278,0x0000000766c00000)
  to   space 34304K, 0% used [0x0000000762900000,0x0000000762900000,0x0000000764a80000)
 ParOldGen       total 190976K, used 55584K [0x000000060c000000, 0x0000000617a80000, 0x0000000759500000)
  object space 190976K, 29% used [0x000000060c000000,0x000000060f648230,0x0000000617a80000)
 PSPermGen       total 83968K, used 55270K [0x0000000606e00000, 0x000000060c000000, 0x000000060c000000)
  object space 83968K, 65% used [0x0000000606e00000,0x000000060a3f9ae8,0x000000060c000000)
GC Heap History (10 events):
Event: 206.185 GC heap before
{Heap before GC invocations=32 (full 2):
 PSYoungGen      total 171008K, used 138178K [0x0000000759500000, 0x0000000766700000, 0x0000000800000000)
  eden space 129024K, 100% used [0x0000000759500000,0x0000000761300000,0x0000000761300000)
  from space 41984K, 21% used [0x0000000761300000,0x0000000761bf0a80,0x0000000763c00000)
  to   space 39936K, 0% used [0x0000000764000000,0x0000000764000000,0x0000000766700000)
 ParOldGen       total 190976K, used 47399K [0x000000060c000000, 0x0000000617a80000, 0x0000000759500000)
  object space 190976K, 24% used [0x000000060c000000,0x000000060ee49f60,0x0000000617a80000)
 PSPermGen       total 83968K, used 55134K [0x0000000606e00000, 0x000000060c000000, 0x000000060c000000)
  object space 83968K, 65% used [0x0000000606e00000,0x000000060a3d7820,0x000000060c000000)
Event: 206.189 GC heap after
Heap after GC invocations=32 (full 2):
 PSYoungGen      total 174080K, used 9122K [0x0000000759500000, 0x0000000766480000, 0x0000000800000000)
  eden space 136704K, 0% used [0x0000000759500000,0x0000000759500000,0x0000000761a80000)
  from space 37376K, 24% used [0x0000000764000000,0x00000007648e8a80,0x0000000766480000)
  to   space 37888K, 0% used [0x0000000761a80000,0x0000000761a80000,0x0000000763f80000)
 ParOldGen       total 190976K, used 47399K [0x000000060c000000, 0x0000000617a80000, 0x0000000759500000)
  object space 190976K, 24% used [0x000000060c000000,0x000000060ee49f60,0x0000000617a80000)
 PSPermGen       total 83968K, used 55134K [0x0000000606e00000, 0x000000060c000000, 0x000000060c000000)
  object space 83968K, 65% used [0x0000000606e00000,0x000000060a3d7820,0x000000060c000000)
}
Event: 206.948 GC heap before
{Heap before GC invocations=33 (full 2):
 PSYoungGen      total 174080K, used 145826K [0x0000000759500000, 0x0000000766480000, 0x0000000800000000)
  eden space 136704K, 100% used [0x0000000759500000,0x0000000761a80000,0x0000000761a80000)
  from space 37376K, 24% used [0x0000000764000000,0x00000007648e8a80,0x0000000766480000)
  to   space 37888K, 0% used [0x0000000761a80000,0x0000000761a80000,0x0000000763f80000)
 ParOldGen       total 190976K, used 47399K [0x000000060c000000, 0x0000000617a80000, 0x0000000759500000)
  object space 190976K, 24% used [0x000000060c000000,0x000000060ee49f60,0x0000000617a80000)
 PSPermGen       total 83968K, used 55134K [0x0000000606e00000, 0x000000060c000000, 0x000000060c000000)
  object space 83968K, 65% used [0x0000000606e00000,0x000000060a3d78e8,0x000000060c000000)
Event: 206.952 GC heap after
Heap after GC invocations=33 (full 2):
 PSYoungGen      total 174592K, used 961K [0x0000000759500000, 0x0000000766c80000, 0x0000000800000000)
  eden space 136704K, 0% used [0x0000000759500000,0x0000000759500000,0x0000000761a80000)
  from space 37888K, 2% used [0x0000000761a80000,0x0000000761b70538,0x0000000763f80000)
  to   space 37376K, 0% used [0x0000000764800000,0x0000000764800000,0x0000000766c80000)
 ParOldGen       total 190976K, used 55504K [0x000000060c000000, 0x0000000617a80000, 0x0000000759500000)
  object space 190976K, 29% used [0x000000060c000000,0x000000060f634230,0x0000000617a80000)
 PSPermGen       total 83968K, used 55134K [0x0000000606e00000, 0x000000060c000000, 0x000000060c000000)
  object space 83968K, 65% used [0x0000000606e00000,0x000000060a3d78e8,0x000000060c000000)
}
Event: 207.720 GC heap before
{Heap before GC invocations=34 (full 2):
 PSYoungGen      total 174592K, used 137665K [0x0000000759500000, 0x0000000766c80000, 0x0000000800000000)
  eden space 136704K, 100% used [0x0000000759500000,0x0000000761a80000,0x0000000761a80000)
  from space 37888K, 2% used [0x0000000761a80000,0x0000000761b70538,0x0000000763f80000)
  to   space 37376K, 0% used [0x0000000764800000,0x0000000764800000,0x0000000766c80000)
 ParOldGen       total 190976K, used 55504K [0x000000060c000000, 0x0000000617a80000, 0x0000000759500000)
  object space 190976K, 29% used [0x000000060c000000,0x000000060f634230,0x0000000617a80000)
 PSPermGen       total 83968K, used 55137K [0x0000000606e00000, 0x000000060c000000, 0x000000060c000000)
  object space 83968K, 65% used [0x0000000606e00000,0x000000060a3d8738,0x000000060c000000)
Event: 207.723 GC heap after
Heap after GC invocations=34 (full 2):
 PSYoungGen      total 180224K, used 1080K [0x0000000759500000, 0x0000000766a00000, 0x0000000800000000)
  eden space 145408K, 0% used [0x0000000759500000,0x0000000759500000,0x0000000762300000)
  from space 34816K, 3% used [0x0000000764800000,0x000000076490e1a8,0x0000000766a00000)
  to   space 36352K, 0% used [0x0000000762300000,0x0000000762300000,0x0000000764680000)
 ParOldGen       total 190976K, used 55560K [0x000000060c000000, 0x0000000617a80000, 0x0000000759500000)
  object space 190976K, 29% used [0x000000060c000000,0x000000060f642230,0x0000000617a80000)
 PSPermGen       total 83968K, used 55137K [0x0000000606e00000, 0x000000060c000000, 0x000000060c000000)
  object space 83968K, 65% used [0x0000000606e00000,0x000000060a3d8738,0x000000060c000000)
}
Event: 208.538 GC heap before
{Heap before GC invocations=35 (full 2):
 PSYoungGen      total 180224K, used 146488K [0x0000000759500000, 0x0000000766a00000, 0x0000000800000000)
  eden space 145408K, 100% used [0x0000000759500000,0x0000000762300000,0x0000000762300000)
  from space 34816K, 3% used [0x0000000764800000,0x000000076490e1a8,0x0000000766a00000)
  to   space 36352K, 0% used [0x0000000762300000,0x0000000762300000,0x0000000764680000)
 ParOldGen       total 190976K, used 55560K [0x000000060c000000, 0x0000000617a80000, 0x0000000759500000)
  object space 190976K, 29% used [0x000000060c000000,0x000000060f642230,0x0000000617a80000)
 PSPermGen       total 83968K, used 55150K [0x0000000606e00000, 0x000000060c000000, 0x000000060c000000)
  object space 83968K, 65% used [0x0000000606e00000,0x000000060a3dba50,0x000000060c000000)
Event: 208.540 GC heap after
Heap after GC invocations=35 (full 2):
 PSYoungGen      total 181760K, used 929K [0x0000000759500000, 0x0000000766f00000, 0x0000000800000000)
  eden space 145408K, 0% used [0x0000000759500000,0x0000000759500000,0x0000000762300000)
  from space 36352K, 2% used [0x0000000762300000,0x00000007623e8538,0x0000000764680000)
  to   space 35328K, 0% used [0x0000000764c80000,0x0000000764c80000,0x0000000766f00000)
 ParOldGen       total 190976K, used 55576K [0x000000060c000000, 0x0000000617a80000, 0x0000000759500000)
  object space 190976K, 29% used [0x000000060c000000,0x000000060f646230,0x0000000617a80000)
 PSPermGen       total 83968K, used 55150K [0x0000000606e00000, 0x000000060c000000, 0x000000060c000000)
  object space 83968K, 65% used [0x0000000606e00000,0x000000060a3dba50,0x000000060c000000)
}
Event: 211.715 GC heap before
{Heap before GC invocations=36 (full 2):
 PSYoungGen      total 181760K, used 146337K [0x0000000759500000, 0x0000000766f00000, 0x0000000800000000)
  eden space 145408K, 100% used [0x0000000759500000,0x0000000762300000,0x0000000762300000)
  from space 36352K, 2% used [0x0000000762300000,0x00000007623e8538,0x0000000764680000)
  to   space 35328K, 0% used [0x0000000764c80000,0x0000000764c80000,0x0000000766f00000)
 ParOldGen       total 190976K, used 55576K [0x000000060c000000, 0x0000000617a80000, 0x0000000759500000)
  object space 190976K, 29% used [0x000000060c000000,0x000000060f646230,0x0000000617a80000)
 PSPermGen       total 83968K, used 55156K [0x0000000606e00000, 0x000000060c000000, 0x000000060c000000)
  object space 83968K, 65% used [0x0000000606e00000,0x000000060a3dd390,0x000000060c000000)
Event: 211.718 GC heap after
Heap after GC invocations=36 (full 2):
 PSYoungGen      total 183808K, used 1060K [0x0000000759500000, 0x0000000766c00000, 0x0000000800000000)
  eden space 151552K, 0% used [0x0000000759500000,0x0000000759500000,0x0000000762900000)
  from space 32256K, 3% used [0x0000000764c80000,0x0000000764d89278,0x0000000766c00000)
  to   space 34304K, 0% used [0x0000000762900000,0x0000000762900000,0x0000000764a80000)
 ParOldGen       total 190976K, used 55584K [0x000000060c000000, 0x0000000617a80000, 0x0000000759500000)
  object space 190976K, 29% used [0x000000060c000000,0x000000060f648230,0x0000000617a80000)
 PSPermGen       total 83968K, used 55156K [0x0000000606e00000, 0x000000060c000000, 0x000000060c000000)
  object space 83968K, 65% used [0x0000000606e00000,0x000000060a3dd390,0x000000060c000000)
}

