# JRE version: Java(TM) SE Runtime Environment (7.0_45-b18) (build 1.7.0_45-b18)
# Java VM: Java HotSpot(TM) 64-Bit Server VM (24.45-b08 mixed mode linux-amd64 compressed oops)
Heap
 PSYoungGen      total 411648K, used 127583K [0x0000000759500000, 0x0000000784200000, 0x0000000800000000)
  eden space 157696K, 67% used [0x0000000759500000,0x000000075fc5a650,0x0000000762f00000)
  from space 253952K, 8% used [0x0000000774a00000,0x0000000775f3d708,0x0000000784200000)
  to   space 271872K, 0% used [0x0000000762f00000,0x0000000762f00000,0x0000000773880000)
 ParOldGen       total 1205760K, used 994860K [0x000000060c000000, 0x0000000655980000, 0x0000000759500000)
  object space 1205760K, 82% used [0x000000060c000000,0x0000000648b8b250,0x0000000655980000)
 PSPermGen       total 71168K, used 55869K [0x0000000606e00000, 0x000000060b380000, 0x000000060c000000)
  object space 71168K, 78% used [0x0000000606e00000,0x000000060a48f508,0x000000060b380000)
GC Heap History (10 events):
Event: 668.080 GC heap before
{Heap before GC invocations=35 (full 7):
 PSYoungGen      total 139264K, used 138771K [0x0000000759500000, 0x000000078cb80000, 0x0000000800000000)
  eden space 137728K, 100% used [0x0000000759500000,0x0000000761b80000,0x0000000761b80000)
  from space 1536K, 67% used [0x0000000761b80000,0x0000000761c84d48,0x0000000761d00000)
  to   space 347136K, 0% used [0x0000000777880000,0x0000000777880000,0x000000078cb80000)
 ParOldGen       total 1205760K, used 994842K [0x000000060c000000, 0x0000000655980000, 0x0000000759500000)
  object space 1205760K, 82% used [0x000000060c000000,0x0000000648b86b08,0x0000000655980000)
 PSPermGen       total 71168K, used 41060K [0x0000000606e00000, 0x000000060b380000, 0x000000060c000000)
  object space 71168K, 57% used [0x0000000606e00000,0x00000006096191c0,0x000000060b380000)
Event: 668.086 GC heap after
Heap after GC invocations=35 (full 7):
 PSYoungGen      total 468480K, used 998K [0x0000000759500000, 0x000000078b280000, 0x0000000800000000)
  eden space 146944K, 0% used [0x0000000759500000,0x0000000759500000,0x0000000762480000)
  from space 321536K, 0% used [0x0000000777880000,0x0000000777979a90,0x000000078b280000)
  to   space 334848K, 0% used [0x0000000762480000,0x0000000762480000,0x0000000776b80000)
 ParOldGen       total 1205760K, used 994842K [0x000000060c000000, 0x0000000655980000, 0x0000000759500000)
  object space 1205760K, 82% used [0x000000060c000000,0x0000000648b86b08,0x0000000655980000)
 PSPermGen       total 71168K, used 41060K [0x0000000606e00000, 0x000000060b380000, 0x000000060c000000)
  object space 71168K, 57% used [0x0000000606e00000,0x00000006096191c0,0x000000060b380000)
}
Event: 668.408 GC heap before
{Heap before GC invocations=36 (full 7):
 PSYoungGen      total 468480K, used 147942K [0x0000000759500000, 0x000000078b280000, 0x0000000800000000)
  eden space 146944K, 100% used [0x0000000759500000,0x0000000762480000,0x0000000762480000)
  from space 321536K, 0% used [0x0000000777880000,0x0000000777979a90,0x000000078b280000)
  to   space 334848K, 0% used [0x0000000762480000,0x0000000762480000,0x0000000776b80000)
 ParOldGen       total 1205760K, used 994842K [0x000000060c000000, 0x0000000655980000, 0x0000000759500000)
  object space 1205760K, 82% used [0x000000060c000000,0x0000000648b86b08,0x0000000655980000)
 PSPermGen       total 71168K, used 41060K [0x0000000606e00000, 0x000000060b380000, 0x000000060c000000)
  object space 71168K, 57% used [0x0000000606e00000,0x00000006096191c0,0x000000060b380000)
Event: 668.412 GC heap after
Heap after GC invocations=36 (full 7):
 PSYoungGen      total 148480K, used 1062K [0x0000000759500000, 0x000000078a080000, 0x0000000800000000)
  eden space 146944K, 0% used [0x0000000759500000,0x0000000759500000,0x0000000762480000)
  from space 1536K, 69% used [0x0000000762480000,0x0000000762589a90,0x0000000762600000)
  to   space 321536K, 0% used [0x0000000776680000,0x0000000776680000,0x000000078a080000)
 ParOldGen       total 1205760K, used 994842K [0x000000060c000000, 0x0000000655980000, 0x0000000759500000)
  object space 1205760K, 82% used [0x000000060c000000,0x0000000648b86b08,0x0000000655980000)
 PSPermGen       total 71168K, used 41060K [0x0000000606e00000, 0x000000060b380000, 0x000000060c000000)
  object space 71168K, 57% used [0x0000000606e00000,0x00000006096191c0,0x000000060b380000)
}
Event: 1414.460 GC heap before
{Heap before GC invocations=37 (full 7):
 PSYoungGen      total 148480K, used 148006K [0x0000000759500000, 0x000000078a080000, 0x0000000800000000)
  eden space 146944K, 100% used [0x0000000759500000,0x0000000762480000,0x0000000762480000)
  from space 1536K, 69% used [0x0000000762480000,0x0000000762589a90,0x0000000762600000)
  to   space 321536K, 0% used [0x0000000776680000,0x0000000776680000,0x000000078a080000)
 ParOldGen       total 1205760K, used 994842K [0x000000060c000000, 0x0000000655980000, 0x0000000759500000)
  object space 1205760K, 82% used [0x000000060c000000,0x0000000648b86b28,0x0000000655980000)
 PSPermGen       total 71168K, used 44162K [0x0000000606e00000, 0x000000060b380000, 0x000000060c000000)
  object space 71168K, 62% used [0x0000000606e00000,0x0000000609920b30,0x000000060b380000)
Event: 1414.467 GC heap after
Heap after GC invocations=37 (full 7):
 PSYoungGen      total 442880K, used 10711K [0x0000000759500000, 0x0000000788100000, 0x0000000800000000)
  eden space 153600K, 0% used [0x0000000759500000,0x0000000759500000,0x0000000762b00000)
  from space 289280K, 3% used [0x0000000776680000,0x00000007770f5cb0,0x0000000788100000)
  to   space 306176K, 0% used [0x0000000762b00000,0x0000000762b00000,0x0000000775600000)
 ParOldGen       total 1205760K, used 994850K [0x000000060c000000, 0x0000000655980000, 0x0000000759500000)
  object space 1205760K, 82% used [0x000000060c000000,0x0000000648b88b28,0x0000000655980000)
 PSPermGen       total 71168K, used 44162K [0x0000000606e00000, 0x000000060b380000, 0x000000060c000000)
  object space 71168K, 62% used [0x0000000606e00000,0x0000000609920b30,0x000000060b380000)
}
Event: 1417.376 GC heap before
{Heap before GC invocations=38 (full 7):
 PSYoungGen      total 442880K, used 164311K [0x0000000759500000, 0x0000000788100000, 0x0000000800000000)
  eden space 153600K, 100% used [0x0000000759500000,0x0000000762b00000,0x0000000762b00000)
  from space 289280K, 3% used [0x0000000776680000,0x00000007770f5cb0,0x0000000788100000)
  to   space 306176K, 0% used [0x0000000762b00000,0x0000000762b00000,0x0000000775600000)
 ParOldGen       total 1205760K, used 994852K [0x000000060c000000, 0x0000000655980000, 0x0000000759500000)
  object space 1205760K, 82% used [0x000000060c000000,0x0000000648b89250,0x0000000655980000)
 PSPermGen       total 71168K, used 55373K [0x0000000606e00000, 0x000000060b380000, 0x000000060c000000)
  object space 71168K, 77% used [0x0000000606e00000,0x000000060a4135c8,0x000000060b380000)
Event: 1417.388 GC heap after
Heap after GC invocations=38 (full 7):
 PSYoungGen      total 177152K, used 23408K [0x0000000759500000, 0x0000000786380000, 0x0000000800000000)
  eden space 153600K, 0% used [0x0000000759500000,0x0000000759500000,0x0000000762b00000)
  from space 23552K, 99% used [0x0000000762b00000,0x00000007641dc2e0,0x0000000764200000)
  to   space 288256K, 0% used [0x0000000774a00000,0x0000000774a00000,0x0000000786380000)
 ParOldGen       total 1205760K, used 994852K [0x000000060c000000, 0x0000000655980000, 0x0000000759500000)
  object space 1205760K, 82% used [0x000000060c000000,0x0000000648b89250,0x0000000655980000)
 PSPermGen       total 71168K, used 55373K [0x0000000606e00000, 0x000000060b380000, 0x000000060c000000)
  object space 71168K, 77% used [0x0000000606e00000,0x000000060a4135c8,0x000000060b380000)
}
Event: 1424.064 GC heap before
{Heap before GC invocations=39 (full 7):
 PSYoungGen      total 177152K, used 177008K [0x0000000759500000, 0x0000000786380000, 0x0000000800000000)
  eden space 153600K, 100% used [0x0000000759500000,0x0000000762b00000,0x0000000762b00000)
  from space 23552K, 99% used [0x0000000762b00000,0x00000007641dc2e0,0x0000000764200000)
  to   space 288256K, 0% used [0x0000000774a00000,0x0000000774a00000,0x0000000786380000)
 ParOldGen       total 1205760K, used 994852K [0x000000060c000000, 0x0000000655980000, 0x0000000759500000)
  object space 1205760K, 82% used [0x000000060c000000,0x0000000648b89250,0x0000000655980000)
 PSPermGen       total 71168K, used 55622K [0x0000000606e00000, 0x000000060b380000, 0x000000060c000000)
  object space 71168K, 78% used [0x0000000606e00000,0x000000060a451ae0,0x000000060b380000)
Event: 1424.075 GC heap after
Heap after GC invocations=39 (full 7):
 PSYoungGen      total 411648K, used 21749K [0x0000000759500000, 0x0000000784200000, 0x0000000800000000)
  eden space 157696K, 0% used [0x0000000759500000,0x0000000759500000,0x0000000762f00000)
  from space 253952K, 8% used [0x0000000774a00000,0x0000000775f3d708,0x0000000784200000)
  to   space 271872K, 0% used [0x0000000762f00000,0x0000000762f00000,0x0000000773880000)
 ParOldGen       total 1205760K, used 994860K [0x000000060c000000, 0x0000000655980000, 0x0000000759500000)
  object space 1205760K, 82% used [0x000000060c000000,0x0000000648b8b250,0x0000000655980000)
 PSPermGen       total 71168K, used 55622K [0x0000000606e00000, 0x000000060b380000, 0x000000060c000000)
  object space 71168K, 78% used [0x0000000606e00000,0x000000060a451ae0,0x000000060b380000)
}

