# JRE version: Java(TM) SE Runtime Environment (7.0_45-b18) (build 1.7.0_45-b18)
# Java VM: Java HotSpot(TM) 64-Bit Server VM (24.45-b08 mixed mode linux-amd64 compressed oops)
Heap
 PSYoungGen      total 131584K, used 78361K [0x0000000759500000, 0x0000000764680000, 0x0000000800000000)
  eden space 116224K, 54% used [0x0000000759500000,0x000000075d2b5188,0x0000000760680000)
  from space 15360K, 98% used [0x0000000760a00000,0x00000007618d15a8,0x0000000761900000)
  to   space 32768K, 0% used [0x0000000762680000,0x0000000762680000,0x0000000764680000)
 ParOldGen       total 175104K, used 66195K [0x000000060c000000, 0x0000000616b00000, 0x0000000759500000)
  object space 175104K, 37% used [0x000000060c000000,0x00000006100a4ea0,0x0000000616b00000)
 PSPermGen       total 51200K, used 50779K [0x0000000606e00000, 0x000000060a000000, 0x000000060c000000)
  object space 51200K, 99% used [0x0000000606e00000,0x0000000609f96ec0,0x000000060a000000)
GC Heap History (10 events):
Event: 19.330 GC heap before
{Heap before GC invocations=9 (full 0):
 PSYoungGen      total 89088K, used 89076K [0x0000000759500000, 0x0000000764b00000, 0x0000000800000000)
  eden space 79872K, 100% used [0x0000000759500000,0x000000075e300000,0x000000075e300000)
  from space 9216K, 99% used [0x0000000760200000,0x0000000760afd310,0x0000000760b00000)
  to   space 31744K, 0% used [0x000000075e300000,0x000000075e300000,0x0000000760200000)
 ParOldGen       total 175104K, used 47884K [0x000000060c000000, 0x0000000616b00000, 0x0000000759500000)
  object space 175104K, 27% used [0x000000060c000000,0x000000060eec3370,0x0000000616b00000)
 PSPermGen       total 49152K, used 48896K [0x0000000606e00000, 0x0000000609e00000, 0x000000060c000000)
  object space 49152K, 99% used [0x0000000606e00000,0x0000000609dc00c8,0x0000000609e00000)
Event: 19.336 GC heap after
Heap after GC invocations=9 (full 0):
 PSYoungGen      total 111616K, used 1259K [0x0000000759500000, 0x0000000765300000, 0x0000000800000000)
  eden space 79872K, 0% used [0x0000000759500000,0x0000000759500000,0x000000075e300000)
  from space 31744K, 3% used [0x000000075e300000,0x000000075e43ad60,0x0000000760200000)
  to   space 33280K, 0% used [0x0000000763280000,0x0000000763280000,0x0000000765300000)
 ParOldGen       total 175104K, used 64433K [0x000000060c000000, 0x0000000616b00000, 0x0000000759500000)
  object space 175104K, 36% used [0x000000060c000000,0x000000060feec7c8,0x0000000616b00000)
 PSPermGen       total 49152K, used 48896K [0x0000000606e00000, 0x0000000609e00000, 0x000000060c000000)
  object space 49152K, 99% used [0x0000000606e00000,0x0000000609dc00c8,0x0000000609e00000)
}
Event: 19.870 GC heap before
{Heap before GC invocations=10 (full 0):
 PSYoungGen      total 111616K, used 81131K [0x0000000759500000, 0x0000000765300000, 0x0000000800000000)
  eden space 79872K, 100% used [0x0000000759500000,0x000000075e300000,0x000000075e300000)
  from space 31744K, 3% used [0x000000075e300000,0x000000075e43ad60,0x0000000760200000)
  to   space 33280K, 0% used [0x0000000763280000,0x0000000763280000,0x0000000765300000)
 ParOldGen       total 175104K, used 64433K [0x000000060c000000, 0x0000000616b00000, 0x0000000759500000)
  object space 175104K, 36% used [0x000000060c000000,0x000000060feec7c8,0x0000000616b00000)
 PSPermGen       total 49152K, used 48897K [0x0000000606e00000, 0x0000000609e00000, 0x000000060c000000)
  object space 49152K, 99% used [0x0000000606e00000,0x0000000609dc0650,0x0000000609e00000)
Event: 19.873 GC heap after
Heap after GC invocations=10 (full 0):
 PSYoungGen      total 160768K, used 1279K [0x0000000759500000, 0x0000000765400000, 0x0000000800000000)
  eden space 127488K, 0% used [0x0000000759500000,0x0000000759500000,0x0000000761180000)
  from space 33280K, 3% used [0x0000000763280000,0x00000007633bfe90,0x0000000765300000)
  to   space 33792K, 0% used [0x0000000761180000,0x0000000761180000,0x0000000763280000)
 ParOldGen       total 175104K, used 64565K [0x000000060c000000, 0x0000000616b00000, 0x0000000759500000)
  object space 175104K, 36% used [0x000000060c000000,0x000000060ff0d698,0x0000000616b00000)
 PSPermGen       total 49152K, used 48897K [0x0000000606e00000, 0x0000000609e00000, 0x000000060c000000)
  object space 49152K, 99% used [0x0000000606e00000,0x0000000609dc0650,0x0000000609e00000)
}
Event: 20.688 GC heap before
{Heap before GC invocations=11 (full 0):
 PSYoungGen      total 160768K, used 128767K [0x0000000759500000, 0x0000000765400000, 0x0000000800000000)
  eden space 127488K, 100% used [0x0000000759500000,0x0000000761180000,0x0000000761180000)
  from space 33280K, 3% used [0x0000000763280000,0x00000007633bfe90,0x0000000765300000)
  to   space 33792K, 0% used [0x0000000761180000,0x0000000761180000,0x0000000763280000)
 ParOldGen       total 175104K, used 64565K [0x000000060c000000, 0x0000000616b00000, 0x0000000759500000)
  object space 175104K, 36% used [0x000000060c000000,0x000000060ff0d698,0x0000000616b00000)
 PSPermGen       total 49152K, used 48934K [0x0000000606e00000, 0x0000000609e00000, 0x000000060c000000)
  object space 49152K, 99% used [0x0000000606e00000,0x0000000609dc98b0,0x0000000609e00000)
Event: 20.692 GC heap after
Heap after GC invocations=11 (full 0):
 PSYoungGen      total 125952K, used 2194K [0x0000000759500000, 0x0000000764f80000, 0x0000000800000000)
  eden space 123392K, 0% used [0x0000000759500000,0x0000000759500000,0x0000000760d80000)
  from space 2560K, 85% used [0x0000000761180000,0x00000007613a4b88,0x0000000761400000)
  to   space 33792K, 0% used [0x0000000762e80000,0x0000000762e80000,0x0000000764f80000)
 ParOldGen       total 175104K, used 64823K [0x000000060c000000, 0x0000000616b00000, 0x0000000759500000)
  object space 175104K, 37% used [0x000000060c000000,0x000000060ff4ddb0,0x0000000616b00000)
 PSPermGen       total 49152K, used 48934K [0x0000000606e00000, 0x0000000609e00000, 0x000000060c000000)
  object space 49152K, 99% used [0x0000000606e00000,0x0000000609dc98b0,0x0000000609e00000)
}
Event: 21.482 GC heap before
{Heap before GC invocations=12 (full 0):
 PSYoungGen      total 125952K, used 125586K [0x0000000759500000, 0x0000000764f80000, 0x0000000800000000)
  eden space 123392K, 100% used [0x0000000759500000,0x0000000760d80000,0x0000000760d80000)
  from space 2560K, 85% used [0x0000000761180000,0x00000007613a4b88,0x0000000761400000)
  to   space 33792K, 0% used [0x0000000762e80000,0x0000000762e80000,0x0000000764f80000)
 ParOldGen       total 175104K, used 64823K [0x000000060c000000, 0x0000000616b00000, 0x0000000759500000)
  object space 175104K, 37% used [0x000000060c000000,0x000000060ff4ddb0,0x0000000616b00000)
 PSPermGen       total 49152K, used 48935K [0x0000000606e00000, 0x0000000609e00000, 0x000000060c000000)
  object space 49152K, 99% used [0x0000000606e00000,0x0000000609dc9d48,0x0000000609e00000)
Event: 21.485 GC heap after
Heap after GC invocations=12 (full 0):
 PSYoungGen      total 150016K, used 2130K [0x0000000759500000, 0x0000000764c00000, 0x0000000800000000)
  eden space 119808K, 0% used [0x0000000759500000,0x0000000759500000,0x0000000760a00000)
  from space 30208K, 7% used [0x0000000762e80000,0x0000000763094be8,0x0000000764c00000)
  to   space 33792K, 0% used [0x0000000760a00000,0x0000000760a00000,0x0000000762b00000)
 ParOldGen       total 175104K, used 65688K [0x000000060c000000, 0x0000000616b00000, 0x0000000759500000)
  object space 175104K, 37% used [0x000000060c000000,0x0000000610026368,0x0000000616b00000)
 PSPermGen       total 49152K, used 48935K [0x0000000606e00000, 0x0000000609e00000, 0x000000060c000000)
  object space 49152K, 99% used [0x0000000606e00000,0x0000000609dc9d48,0x0000000609e00000)
}
Event: 26.162 GC heap before
{Heap before GC invocations=13 (full 0):
 PSYoungGen      total 150016K, used 121938K [0x0000000759500000, 0x0000000764c00000, 0x0000000800000000)
  eden space 119808K, 100% used [0x0000000759500000,0x0000000760a00000,0x0000000760a00000)
  from space 30208K, 7% used [0x0000000762e80000,0x0000000763094be8,0x0000000764c00000)
  to   space 33792K, 0% used [0x0000000760a00000,0x0000000760a00000,0x0000000762b00000)
 ParOldGen       total 175104K, used 65688K [0x000000060c000000, 0x0000000616b00000, 0x0000000759500000)
  object space 175104K, 37% used [0x000000060c000000,0x0000000610026368,0x0000000616b00000)
 PSPermGen       total 49152K, used 49151K [0x0000000606e00000, 0x0000000609e00000, 0x000000060c000000)
  object space 49152K, 99% used [0x0000000606e00000,0x0000000609dffd30,0x0000000609e00000)
Event: 26.169 GC heap after
Heap after GC invocations=13 (full 0):
 PSYoungGen      total 131584K, used 15173K [0x0000000759500000, 0x0000000764680000, 0x0000000800000000)
  eden space 116224K, 0% used [0x0000000759500000,0x0000000759500000,0x0000000760680000)
  from space 15360K, 98% used [0x0000000760a00000,0x00000007618d15a8,0x0000000761900000)
  to   space 32768K, 0% used [0x0000000762680000,0x0000000762680000,0x0000000764680000)
 ParOldGen       total 175104K, used 66195K [0x000000060c000000, 0x0000000616b00000, 0x0000000759500000)
  object space 175104K, 37% used [0x000000060c000000,0x00000006100a4ea0,0x0000000616b00000)
 PSPermGen       total 49152K, used 49151K [0x0000000606e00000, 0x0000000609e00000, 0x000000060c000000)
  object space 49152K, 99% used [0x0000000606e00000,0x0000000609dffd30,0x0000000609e00000)
}

