# JRE version: Java(TM) SE Runtime Environment (7.0_45-b18) (build 1.7.0_45-b18)
# Java VM: Java HotSpot(TM) 64-Bit Server VM (24.45-b08 mixed mode linux-amd64 compressed oops)
Heap
 PSYoungGen      total 87040K, used 64264K [0x0000000797d00000, 0x000000079d280000, 0x0000000800000000)
  eden space 86528K, 74% used [0x0000000797d00000,0x000000079bba22f0,0x000000079d180000)
  from space 512K, 25% used [0x000000079d180000,0x000000079d1a0000,0x000000079d200000)
  to   space 512K, 0% used [0x000000079d200000,0x000000079d200000,0x000000079d280000)
 ParOldGen       total 1420288K, used 1348071K [0x00000006c7800000, 0x000000071e300000, 0x0000000797d00000)
  object space 1420288K, 94% used [0x00000006c7800000,0x0000000719c79eb8,0x000000071e300000)
 PSPermGen       total 83968K, used 58538K [0x00000006c2600000, 0x00000006c7800000, 0x00000006c7800000)
  object space 83968K, 69% used [0x00000006c2600000,0x00000006c5f2aa60,0x00000006c7800000)
GC Heap History (10 events):
Event: 6375.284 GC heap before
{Heap before GC invocations=981 (full 2):
 PSYoungGen      total 87040K, used 86656K [0x0000000797d00000, 0x000000079d280000, 0x0000000800000000)
  eden space 86528K, 100% used [0x0000000797d00000,0x000000079d180000,0x000000079d180000)
  from space 512K, 25% used [0x000000079d200000,0x000000079d220000,0x000000079d280000)
  to   space 512K, 0% used [0x000000079d180000,0x000000079d180000,0x000000079d200000)
 ParOldGen       total 1420288K, used 1347679K [0x00000006c7800000, 0x000000071e300000, 0x0000000797d00000)
  object space 1420288K, 94% used [0x00000006c7800000,0x0000000719c17eb8,0x000000071e300000)
 PSPermGen       total 83968K, used 58494K [0x00000006c2600000, 0x00000006c7800000, 0x00000006c7800000)
  object space 83968K, 69% used [0x00000006c2600000,0x00000006c5f1f810,0x00000006c7800000)
Event: 6375.290 GC heap after
Heap after GC invocations=981 (full 2):
 PSYoungGen      total 87040K, used 480K [0x0000000797d00000, 0x000000079d280000, 0x0000000800000000)
  eden space 86528K, 0% used [0x0000000797d00000,0x0000000797d00000,0x000000079d180000)
  from space 512K, 93% used [0x000000079d180000,0x000000079d1f8000,0x000000079d200000)
  to   space 512K, 0% used [0x000000079d200000,0x000000079d200000,0x000000079d280000)
 ParOldGen       total 1420288K, used 1347687K [0x00000006c7800000, 0x000000071e300000, 0x0000000797d00000)
  object space 1420288K, 94% used [0x00000006c7800000,0x0000000719c19eb8,0x000000071e300000)
 PSPermGen       total 83968K, used 58494K [0x00000006c2600000, 0x00000006c7800000, 0x00000006c7800000)
  object space 83968K, 69% used [0x00000006c2600000,0x00000006c5f1f810,0x00000006c7800000)
}
Event: 6378.029 GC heap before
{Heap before GC invocations=982 (full 2):
 PSYoungGen      total 87040K, used 87008K [0x0000000797d00000, 0x000000079d280000, 0x0000000800000000)
  eden space 86528K, 100% used [0x0000000797d00000,0x000000079d180000,0x000000079d180000)
  from space 512K, 93% used [0x000000079d180000,0x000000079d1f8000,0x000000079d200000)
  to   space 512K, 0% used [0x000000079d200000,0x000000079d200000,0x000000079d280000)
 ParOldGen       total 1420288K, used 1347687K [0x00000006c7800000, 0x000000071e300000, 0x0000000797d00000)
  object space 1420288K, 94% used [0x00000006c7800000,0x0000000719c19eb8,0x000000071e300000)
 PSPermGen       total 83968K, used 58494K [0x00000006c2600000, 0x00000006c7800000, 0x00000006c7800000)
  object space 83968K, 69% used [0x00000006c2600000,0x00000006c5f1f810,0x00000006c7800000)
Event: 6378.036 GC heap after
Heap after GC invocations=982 (full 2):
 PSYoungGen      total 87040K, used 192K [0x0000000797d00000, 0x000000079d280000, 0x0000000800000000)
  eden space 86528K, 0% used [0x0000000797d00000,0x0000000797d00000,0x000000079d180000)
  from space 512K, 37% used [0x000000079d200000,0x000000079d230000,0x000000079d280000)
  to   space 512K, 0% used [0x000000079d180000,0x000000079d180000,0x000000079d200000)
 ParOldGen       total 1420288K, used 1348023K [0x00000006c7800000, 0x000000071e300000, 0x0000000797d00000)
  object space 1420288K, 94% used [0x00000006c7800000,0x0000000719c6deb8,0x000000071e300000)
 PSPermGen       total 83968K, used 58494K [0x00000006c2600000, 0x00000006c7800000, 0x00000006c7800000)
  object space 83968K, 69% used [0x00000006c2600000,0x00000006c5f1f810,0x00000006c7800000)
}
Event: 6381.120 GC heap before
{Heap before GC invocations=983 (full 2):
 PSYoungGen      total 87040K, used 86720K [0x0000000797d00000, 0x000000079d280000, 0x0000000800000000)
  eden space 86528K, 100% used [0x0000000797d00000,0x000000079d180000,0x000000079d180000)
  from space 512K, 37% used [0x000000079d200000,0x000000079d230000,0x000000079d280000)
  to   space 512K, 0% used [0x000000079d180000,0x000000079d180000,0x000000079d200000)
 ParOldGen       total 1420288K, used 1348023K [0x00000006c7800000, 0x000000071e300000, 0x0000000797d00000)
  object space 1420288K, 94% used [0x00000006c7800000,0x0000000719c6deb8,0x000000071e300000)
 PSPermGen       total 83968K, used 58494K [0x00000006c2600000, 0x00000006c7800000, 0x00000006c7800000)
  object space 83968K, 69% used [0x00000006c2600000,0x00000006c5f1f810,0x00000006c7800000)
Event: 6381.126 GC heap after
Heap after GC invocations=983 (full 2):
 PSYoungGen      total 87040K, used 192K [0x0000000797d00000, 0x000000079d280000, 0x0000000800000000)
  eden space 86528K, 0% used [0x0000000797d00000,0x0000000797d00000,0x000000079d180000)
  from space 512K, 37% used [0x000000079d180000,0x000000079d1b0000,0x000000079d200000)
  to   space 512K, 0% used [0x000000079d200000,0x000000079d200000,0x000000079d280000)
 ParOldGen       total 1420288K, used 1348039K [0x00000006c7800000, 0x000000071e300000, 0x0000000797d00000)
  object space 1420288K, 94% used [0x00000006c7800000,0x0000000719c71eb8,0x000000071e300000)
 PSPermGen       total 83968K, used 58494K [0x00000006c2600000, 0x00000006c7800000, 0x00000006c7800000)
  object space 83968K, 69% used [0x00000006c2600000,0x00000006c5f1f810,0x00000006c7800000)
}
Event: 6383.814 GC heap before
{Heap before GC invocations=984 (full 2):
 PSYoungGen      total 87040K, used 86720K [0x0000000797d00000, 0x000000079d280000, 0x0000000800000000)
  eden space 86528K, 100% used [0x0000000797d00000,0x000000079d180000,0x000000079d180000)
  from space 512K, 37% used [0x000000079d180000,0x000000079d1b0000,0x000000079d200000)
  to   space 512K, 0% used [0x000000079d200000,0x000000079d200000,0x000000079d280000)
 ParOldGen       total 1420288K, used 1348039K [0x00000006c7800000, 0x000000071e300000, 0x0000000797d00000)
  object space 1420288K, 94% used [0x00000006c7800000,0x0000000719c71eb8,0x000000071e300000)
 PSPermGen       total 83968K, used 58494K [0x00000006c2600000, 0x00000006c7800000, 0x00000006c7800000)
  object space 83968K, 69% used [0x00000006c2600000,0x00000006c5f1f810,0x00000006c7800000)
Event: 6383.820 GC heap after
Heap after GC invocations=984 (full 2):
 PSYoungGen      total 87040K, used 96K [0x0000000797d00000, 0x000000079d280000, 0x0000000800000000)
  eden space 86528K, 0% used [0x0000000797d00000,0x0000000797d00000,0x000000079d180000)
  from space 512K, 18% used [0x000000079d200000,0x000000079d218000,0x000000079d280000)
  to   space 512K, 0% used [0x000000079d180000,0x000000079d180000,0x000000079d200000)
 ParOldGen       total 1420288K, used 1348071K [0x00000006c7800000, 0x000000071e300000, 0x0000000797d00000)
  object space 1420288K, 94% used [0x00000006c7800000,0x0000000719c79eb8,0x000000071e300000)
 PSPermGen       total 83968K, used 58494K [0x00000006c2600000, 0x00000006c7800000, 0x00000006c7800000)
  object space 83968K, 69% used [0x00000006c2600000,0x00000006c5f1f810,0x00000006c7800000)
}
Event: 6386.521 GC heap before
{Heap before GC invocations=985 (full 2):
 PSYoungGen      total 87040K, used 86624K [0x0000000797d00000, 0x000000079d280000, 0x0000000800000000)
  eden space 86528K, 100% used [0x0000000797d00000,0x000000079d180000,0x000000079d180000)
  from space 512K, 18% used [0x000000079d200000,0x000000079d218000,0x000000079d280000)
  to   space 512K, 0% used [0x000000079d180000,0x000000079d180000,0x000000079d200000)
 ParOldGen       total 1420288K, used 1348071K [0x00000006c7800000, 0x000000071e300000, 0x0000000797d00000)
  object space 1420288K, 94% used [0x00000006c7800000,0x0000000719c79eb8,0x000000071e300000)
 PSPermGen       total 83968K, used 58494K [0x00000006c2600000, 0x00000006c7800000, 0x00000006c7800000)
  object space 83968K, 69% used [0x00000006c2600000,0x00000006c5f1f810,0x00000006c7800000)
Event: 6386.527 GC heap after
Heap after GC invocations=985 (full 2):
 PSYoungGen      total 87040K, used 128K [0x0000000797d00000, 0x000000079d280000, 0x0000000800000000)
  eden space 86528K, 0% used [0x0000000797d00000,0x0000000797d00000,0x000000079d180000)
  from space 512K, 25% used [0x000000079d180000,0x000000079d1a0000,0x000000079d200000)
  to   space 512K, 0% used [0x000000079d200000,0x000000079d200000,0x000000079d280000)
 ParOldGen       total 1420288K, used 1348071K [0x00000006c7800000, 0x000000071e300000, 0x0000000797d00000)
  object space 1420288K, 94% used [0x00000006c7800000,0x0000000719c79eb8,0x000000071e300000)
 PSPermGen       total 83968K, used 58494K [0x00000006c2600000, 0x00000006c7800000, 0x00000006c7800000)
  object space 83968K, 69% used [0x00000006c2600000,0x00000006c5f1f810,0x00000006c7800000)
}

