# JRE version: Java(TM) SE Runtime Environment (7.0_45-b18) (build 1.7.0_45-b18)
# Java VM: Java HotSpot(TM) 64-Bit Server VM (24.45-b08 mixed mode linux-amd64 compressed oops)
Heap
 PSYoungGen      total 240640K, used 112406K [0x0000000797d00000, 0x00000007a9400000, 0x0000000800000000)
  eden space 203264K, 40% used [0x0000000797d00000,0x000000079cc81588,0x00000007a4380000)
  from space 37376K, 82% used [0x00000007a6a80000,0x00000007a88c4580,0x00000007a8f00000)
  to   space 39936K, 0% used [0x00000007a4380000,0x00000007a4380000,0x00000007a6a80000)
 ParOldGen       total 175104K, used 70125K [0x00000006c7800000, 0x00000006d2300000, 0x0000000797d00000)
  object space 175104K, 40% used [0x00000006c7800000,0x00000006cbc7b588,0x00000006d2300000)
 PSPermGen       total 54784K, used 54491K [0x00000006c2600000, 0x00000006c5b80000, 0x00000006c7800000)
  object space 54784K, 99% used [0x00000006c2600000,0x00000006c5b36f58,0x00000006c5b80000)
GC Heap History (10 events):
Event: 8.624 GC heap before
{Heap before GC invocations=6 (full 0):
 PSYoungGen      total 75264K, used 75263K [0x0000000797d00000, 0x00000007a0000000, 0x0000000800000000)
  eden space 64512K, 100% used [0x0000000797d00000,0x000000079bc00000,0x000000079bc00000)
  from space 10752K, 99% used [0x000000079bd80000,0x000000079c7ffcb8,0x000000079c800000)
  to   space 34816K, 0% used [0x000000079de00000,0x000000079de00000,0x00000007a0000000)
 ParOldGen       total 175104K, used 36313K [0x00000006c7800000, 0x00000006d2300000, 0x0000000797d00000)
  object space 175104K, 20% used [0x00000006c7800000,0x00000006c9b76510,0x00000006d2300000)
 PSPermGen       total 45568K, used 45521K [0x00000006c2600000, 0x00000006c5280000, 0x00000006c7800000)
  object space 45568K, 99% used [0x00000006c2600000,0x00000006c52744d8,0x00000006c5280000)
Event: 8.639 GC heap after
Heap after GC invocations=6 (full 0):
 PSYoungGen      total 99840K, used 20851K [0x0000000797d00000, 0x00000007a3e00000, 0x0000000800000000)
  eden space 65024K, 0% used [0x0000000797d00000,0x0000000797d00000,0x000000079bc80000)
  from space 34816K, 59% used [0x000000079de00000,0x000000079f25cc28,0x00000007a0000000)
  to   space 34304K, 0% used [0x000000079bc80000,0x000000079bc80000,0x000000079de00000)
 ParOldGen       total 175104K, used 36313K [0x00000006c7800000, 0x00000006d2300000, 0x0000000797d00000)
  object space 175104K, 20% used [0x00000006c7800000,0x00000006c9b76510,0x00000006d2300000)
 PSPermGen       total 45568K, used 45521K [0x00000006c2600000, 0x00000006c5280000, 0x00000006c7800000)
  object space 45568K, 99% used [0x00000006c2600000,0x00000006c52744d8,0x00000006c5280000)
}
Event: 9.184 GC heap before
{Heap before GC invocations=7 (full 0):
 PSYoungGen      total 99840K, used 85875K [0x0000000797d00000, 0x00000007a3e00000, 0x0000000800000000)
  eden space 65024K, 100% used [0x0000000797d00000,0x000000079bc80000,0x000000079bc80000)
  from space 34816K, 59% used [0x000000079de00000,0x000000079f25cc28,0x00000007a0000000)
  to   space 34304K, 0% used [0x000000079bc80000,0x000000079bc80000,0x000000079de00000)
 ParOldGen       total 175104K, used 36313K [0x00000006c7800000, 0x00000006d2300000, 0x0000000797d00000)
  object space 175104K, 20% used [0x00000006c7800000,0x00000006c9b76510,0x00000006d2300000)
 PSPermGen       total 47616K, used 47347K [0x00000006c2600000, 0x00000006c5480000, 0x00000006c7800000)
  object space 47616K, 99% used [0x00000006c2600000,0x00000006c543cef0,0x00000006c5480000)
Event: 9.206 GC heap after
Heap after GC invocations=7 (full 0):
 PSYoungGen      total 99328K, used 29024K [0x0000000797d00000, 0x00000007a4600000, 0x0000000800000000)
  eden space 65024K, 0% used [0x0000000797d00000,0x0000000797d00000,0x000000079bc80000)
  from space 34304K, 84% used [0x000000079bc80000,0x000000079d8d8038,0x000000079de00000)
  to   space 37888K, 0% used [0x00000007a2100000,0x00000007a2100000,0x00000007a4600000)
 ParOldGen       total 175104K, used 40484K [0x00000006c7800000, 0x00000006d2300000, 0x0000000797d00000)
  object space 175104K, 23% used [0x00000006c7800000,0x00000006c9f890c8,0x00000006d2300000)
 PSPermGen       total 47616K, used 47347K [0x00000006c2600000, 0x00000006c5480000, 0x00000006c7800000)
  object space 47616K, 99% used [0x00000006c2600000,0x00000006c543cef0,0x00000006c5480000)
}
Event: 13.722 GC heap before
{Heap before GC invocations=8 (full 0):
 PSYoungGen      total 99328K, used 94048K [0x0000000797d00000, 0x00000007a4600000, 0x0000000800000000)
  eden space 65024K, 100% used [0x0000000797d00000,0x000000079bc80000,0x000000079bc80000)
  from space 34304K, 84% used [0x000000079bc80000,0x000000079d8d8038,0x000000079de00000)
  to   space 37888K, 0% used [0x00000007a2100000,0x00000007a2100000,0x00000007a4600000)
 ParOldGen       total 175104K, used 40484K [0x00000006c7800000, 0x00000006d2300000, 0x0000000797d00000)
  object space 175104K, 23% used [0x00000006c7800000,0x00000006c9f890c8,0x00000006d2300000)
 PSPermGen       total 50176K, used 49772K [0x00000006c2600000, 0x00000006c5700000, 0x00000006c7800000)
  object space 50176K, 99% used [0x00000006c2600000,0x00000006c569b098,0x00000006c5700000)
Event: 13.741 GC heap after
Heap after GC invocations=8 (full 0):
 PSYoungGen      total 166400K, used 27685K [0x0000000797d00000, 0x00000007a4900000, 0x0000000800000000)
  eden space 128512K, 0% used [0x0000000797d00000,0x0000000797d00000,0x000000079fa80000)
  from space 37888K, 73% used [0x00000007a2100000,0x00000007a3c09450,0x00000007a4600000)
  to   space 39424K, 0% used [0x000000079fa80000,0x000000079fa80000,0x00000007a2100000)
 ParOldGen       total 175104K, used 45738K [0x00000006c7800000, 0x00000006d2300000, 0x0000000797d00000)
  object space 175104K, 26% used [0x00000006c7800000,0x00000006ca4aab68,0x00000006d2300000)
 PSPermGen       total 50176K, used 49772K [0x00000006c2600000, 0x00000006c5700000, 0x00000006c7800000)
  object space 50176K, 99% used [0x00000006c2600000,0x00000006c569b098,0x00000006c5700000)
}
Event: 20.066 GC heap before
{Heap before GC invocations=9 (full 0):
 PSYoungGen      total 166400K, used 156197K [0x0000000797d00000, 0x00000007a4900000, 0x0000000800000000)
  eden space 128512K, 100% used [0x0000000797d00000,0x000000079fa80000,0x000000079fa80000)
  from space 37888K, 73% used [0x00000007a2100000,0x00000007a3c09450,0x00000007a4600000)
  to   space 39424K, 0% used [0x000000079fa80000,0x000000079fa80000,0x00000007a2100000)
 ParOldGen       total 175104K, used 45738K [0x00000006c7800000, 0x00000006d2300000, 0x0000000797d00000)
  object space 175104K, 26% used [0x00000006c7800000,0x00000006ca4aab68,0x00000006d2300000)
 PSPermGen       total 52224K, used 52187K [0x00000006c2600000, 0x00000006c5900000, 0x00000006c7800000)
  object space 52224K, 99% used [0x00000006c2600000,0x00000006c58f6ce8,0x00000006c5900000)
Event: 20.080 GC heap after
Heap after GC invocations=9 (full 0):
 PSYoungGen      total 167936K, used 19171K [0x0000000797d00000, 0x00000007a8f00000, 0x0000000800000000)
  eden space 128512K, 0% used [0x0000000797d00000,0x0000000797d00000,0x000000079fa80000)
  from space 39424K, 48% used [0x000000079fa80000,0x00000007a0d38e38,0x00000007a2100000)
  to   space 37376K, 0% used [0x00000007a6a80000,0x00000007a6a80000,0x00000007a8f00000)
 ParOldGen       total 175104K, used 56432K [0x00000006c7800000, 0x00000006d2300000, 0x0000000797d00000)
  object space 175104K, 32% used [0x00000006c7800000,0x00000006caf1c2b8,0x00000006d2300000)
 PSPermGen       total 52224K, used 52187K [0x00000006c2600000, 0x00000006c5900000, 0x00000006c7800000)
  object space 52224K, 99% used [0x00000006c2600000,0x00000006c58f6ce8,0x00000006c5900000)
}
Event: 23.282 GC heap before
{Heap before GC invocations=10 (full 0):
 PSYoungGen      total 167936K, used 147683K [0x0000000797d00000, 0x00000007a8f00000, 0x0000000800000000)
  eden space 128512K, 100% used [0x0000000797d00000,0x000000079fa80000,0x000000079fa80000)
  from space 39424K, 48% used [0x000000079fa80000,0x00000007a0d38e38,0x00000007a2100000)
  to   space 37376K, 0% used [0x00000007a6a80000,0x00000007a6a80000,0x00000007a8f00000)
 ParOldGen       total 175104K, used 56432K [0x00000006c7800000, 0x00000006d2300000, 0x0000000797d00000)
  object space 175104K, 32% used [0x00000006c7800000,0x00000006caf1c2b8,0x00000006d2300000)
 PSPermGen       total 54272K, used 54023K [0x00000006c2600000, 0x00000006c5b00000, 0x00000006c7800000)
  object space 54272K, 99% used [0x00000006c2600000,0x00000006c5ac1fa8,0x00000006c5b00000)
Event: 23.298 GC heap after
Heap after GC invocations=10 (full 0):
 PSYoungGen      total 240640K, used 30993K [0x0000000797d00000, 0x00000007a9400000, 0x0000000800000000)
  eden space 203264K, 0% used [0x0000000797d00000,0x0000000797d00000,0x00000007a4380000)
  from space 37376K, 82% used [0x00000007a6a80000,0x00000007a88c4580,0x00000007a8f00000)
  to   space 39936K, 0% used [0x00000007a4380000,0x00000007a4380000,0x00000007a6a80000)
 ParOldGen       total 175104K, used 70125K [0x00000006c7800000, 0x00000006d2300000, 0x0000000797d00000)
  object space 175104K, 40% used [0x00000006c7800000,0x00000006cbc7b588,0x00000006d2300000)
 PSPermGen       total 54272K, used 54023K [0x00000006c2600000, 0x00000006c5b00000, 0x00000006c7800000)
  object space 54272K, 99% used [0x00000006c2600000,0x00000006c5ac1fa8,0x00000006c5b00000)
}

