# JRE version: Java(TM) SE Runtime Environment (7.0_45-b18) (build 1.7.0_45-b18)
# Java VM: Java HotSpot(TM) 64-Bit Server VM (24.45-b08 mixed mode linux-amd64 compressed oops)
Heap
 PSYoungGen      total 86016K, used 5013K [0x0000000797d00000, 0x000000079d280000, 0x0000000800000000)
  eden space 84480K, 4% used [0x0000000797d00000,0x000000079806d5f8,0x000000079cf80000)
  from space 1536K, 97% used [0x000000079cf80000,0x000000079d0f8020,0x000000079d100000)
  to   space 1536K, 0% used [0x000000079d100000,0x000000079d100000,0x000000079d280000)
 ParOldGen       total 175104K, used 34525K [0x00000006c7800000, 0x00000006d2300000, 0x0000000797d00000)
  object space 175104K, 19% used [0x00000006c7800000,0x00000006c99b7530,0x00000006d2300000)
 PSPermGen       total 48128K, used 47696K [0x00000006c2600000, 0x00000006c5500000, 0x00000006c7800000)
  object space 48128K, 99% used [0x00000006c2600000,0x00000006c5494310,0x00000006c5500000)
GC Heap History (10 events):
Event: 97184.906 GC heap before
{Heap before GC invocations=61 (full 0):
 PSYoungGen      total 86016K, used 84736K [0x0000000797d00000, 0x000000079d280000, 0x0000000800000000)
  eden space 84480K, 100% used [0x0000000797d00000,0x000000079cf80000,0x000000079cf80000)
  from space 1536K, 16% used [0x000000079d100000,0x000000079d140000,0x000000079d280000)
  to   space 1536K, 0% used [0x000000079cf80000,0x000000079cf80000,0x000000079d100000)
 ParOldGen       total 175104K, used 33128K [0x00000006c7800000, 0x00000006d2300000, 0x0000000797d00000)
  object space 175104K, 18% used [0x00000006c7800000,0x00000006c985a160,0x00000006d2300000)
 PSPermGen       total 47104K, used 46673K [0x00000006c2600000, 0x00000006c5400000, 0x00000006c7800000)
  object space 47104K, 99% used [0x00000006c2600000,0x00000006c5394648,0x00000006c5400000)
Event: 97184.908 GC heap after
Heap after GC invocations=61 (full 0):
 PSYoungGen      total 86016K, used 224K [0x0000000797d00000, 0x000000079d280000, 0x0000000800000000)
  eden space 84480K, 0% used [0x0000000797d00000,0x0000000797d00000,0x000000079cf80000)
  from space 1536K, 14% used [0x000000079cf80000,0x000000079cfb8000,0x000000079d100000)
  to   space 1536K, 0% used [0x000000079d100000,0x000000079d100000,0x000000079d280000)
 ParOldGen       total 175104K, used 33128K [0x00000006c7800000, 0x00000006d2300000, 0x0000000797d00000)
  object space 175104K, 18% used [0x00000006c7800000,0x00000006c985a160,0x00000006d2300000)
 PSPermGen       total 47104K, used 46673K [0x00000006c2600000, 0x00000006c5400000, 0x00000006c7800000)
  object space 47104K, 99% used [0x00000006c2600000,0x00000006c5394648,0x00000006c5400000)
}
Event: 99436.406 GC heap before
{Heap before GC invocations=62 (full 0):
 PSYoungGen      total 86016K, used 84704K [0x0000000797d00000, 0x000000079d280000, 0x0000000800000000)
  eden space 84480K, 100% used [0x0000000797d00000,0x000000079cf80000,0x000000079cf80000)
  from space 1536K, 14% used [0x000000079cf80000,0x000000079cfb8000,0x000000079d100000)
  to   space 1536K, 0% used [0x000000079d100000,0x000000079d100000,0x000000079d280000)
 ParOldGen       total 175104K, used 33128K [0x00000006c7800000, 0x00000006d2300000, 0x0000000797d00000)
  object space 175104K, 18% used [0x00000006c7800000,0x00000006c985a160,0x00000006d2300000)
 PSPermGen       total 47104K, used 46673K [0x00000006c2600000, 0x00000006c5400000, 0x00000006c7800000)
  object space 47104K, 99% used [0x00000006c2600000,0x00000006c5394648,0x00000006c5400000)
Event: 99436.408 GC heap after
Heap after GC invocations=62 (full 0):
 PSYoungGen      total 86016K, used 224K [0x0000000797d00000, 0x000000079d280000, 0x0000000800000000)
  eden space 84480K, 0% used [0x0000000797d00000,0x0000000797d00000,0x000000079cf80000)
  from space 1536K, 14% used [0x000000079d100000,0x000000079d138000,0x000000079d280000)
  to   space 1536K, 0% used [0x000000079cf80000,0x000000079cf80000,0x000000079d100000)
 ParOldGen       total 175104K, used 33128K [0x00000006c7800000, 0x00000006d2300000, 0x0000000797d00000)
  object space 175104K, 18% used [0x00000006c7800000,0x00000006c985a160,0x00000006d2300000)
 PSPermGen       total 47104K, used 46673K [0x00000006c2600000, 0x00000006c5400000, 0x00000006c7800000)
  object space 47104K, 99% used [0x00000006c2600000,0x00000006c5394648,0x00000006c5400000)
}
Event: 101568.660 GC heap before
{Heap before GC invocations=63 (full 0):
 PSYoungGen      total 86016K, used 84704K [0x0000000797d00000, 0x000000079d280000, 0x0000000800000000)
  eden space 84480K, 100% used [0x0000000797d00000,0x000000079cf80000,0x000000079cf80000)
  from space 1536K, 14% used [0x000000079d100000,0x000000079d138000,0x000000079d280000)
  to   space 1536K, 0% used [0x000000079cf80000,0x000000079cf80000,0x000000079d100000)
 ParOldGen       total 175104K, used 33128K [0x00000006c7800000, 0x00000006d2300000, 0x0000000797d00000)
  object space 175104K, 18% used [0x00000006c7800000,0x00000006c985a160,0x00000006d2300000)
 PSPermGen       total 47104K, used 46673K [0x00000006c2600000, 0x00000006c5400000, 0x00000006c7800000)
  object space 47104K, 99% used [0x00000006c2600000,0x00000006c5394648,0x00000006c5400000)
Event: 101568.662 GC heap after
Heap after GC invocations=63 (full 0):
 PSYoungGen      total 86016K, used 224K [0x0000000797d00000, 0x000000079d280000, 0x0000000800000000)
  eden space 84480K, 0% used [0x0000000797d00000,0x0000000797d00000,0x000000079cf80000)
  from space 1536K, 14% used [0x000000079cf80000,0x000000079cfb8000,0x000000079d100000)
  to   space 1024K, 0% used [0x000000079d180000,0x000000079d180000,0x000000079d280000)
 ParOldGen       total 175104K, used 33128K [0x00000006c7800000, 0x00000006d2300000, 0x0000000797d00000)
  object space 175104K, 18% used [0x00000006c7800000,0x00000006c985a160,0x00000006d2300000)
 PSPermGen       total 47104K, used 46673K [0x00000006c2600000, 0x00000006c5400000, 0x00000006c7800000)
  object space 47104K, 99% used [0x00000006c2600000,0x00000006c5394648,0x00000006c5400000)
}
Event: 102965.076 GC heap before
{Heap before GC invocations=64 (full 0):
 PSYoungGen      total 86016K, used 84704K [0x0000000797d00000, 0x000000079d280000, 0x0000000800000000)
  eden space 84480K, 100% used [0x0000000797d00000,0x000000079cf80000,0x000000079cf80000)
  from space 1536K, 14% used [0x000000079cf80000,0x000000079cfb8000,0x000000079d100000)
  to   space 1024K, 0% used [0x000000079d180000,0x000000079d180000,0x000000079d280000)
 ParOldGen       total 175104K, used 33128K [0x00000006c7800000, 0x00000006d2300000, 0x0000000797d00000)
  object space 175104K, 18% used [0x00000006c7800000,0x00000006c985a160,0x00000006d2300000)
 PSPermGen       total 47616K, used 47228K [0x00000006c2600000, 0x00000006c5480000, 0x00000006c7800000)
  object space 47616K, 99% used [0x00000006c2600000,0x00000006c541f3e0,0x00000006c5480000)
Event: 102965.079 GC heap after
Heap after GC invocations=64 (full 0):
 PSYoungGen      total 85504K, used 1010K [0x0000000797d00000, 0x000000079d280000, 0x0000000800000000)
  eden space 84480K, 0% used [0x0000000797d00000,0x0000000797d00000,0x000000079cf80000)
  from space 1024K, 98% used [0x000000079d180000,0x000000079d27c820,0x000000079d280000)
  to   space 1536K, 0% used [0x000000079cf80000,0x000000079cf80000,0x000000079d100000)
 ParOldGen       total 175104K, used 33664K [0x00000006c7800000, 0x00000006d2300000, 0x0000000797d00000)
  object space 175104K, 19% used [0x00000006c7800000,0x00000006c98e0170,0x00000006d2300000)
 PSPermGen       total 47616K, used 47228K [0x00000006c2600000, 0x00000006c5480000, 0x00000006c7800000)
  object space 47616K, 99% used [0x00000006c2600000,0x00000006c541f3e0,0x00000006c5480000)
}
Event: 103295.521 GC heap before
{Heap before GC invocations=65 (full 0):
 PSYoungGen      total 85504K, used 85490K [0x0000000797d00000, 0x000000079d280000, 0x0000000800000000)
  eden space 84480K, 100% used [0x0000000797d00000,0x000000079cf80000,0x000000079cf80000)
  from space 1024K, 98% used [0x000000079d180000,0x000000079d27c820,0x000000079d280000)
  to   space 1536K, 0% used [0x000000079cf80000,0x000000079cf80000,0x000000079d100000)
 ParOldGen       total 175104K, used 33664K [0x00000006c7800000, 0x00000006d2300000, 0x0000000797d00000)
  object space 175104K, 19% used [0x00000006c7800000,0x00000006c98e0170,0x00000006d2300000)
 PSPermGen       total 48128K, used 47684K [0x00000006c2600000, 0x00000006c5500000, 0x00000006c7800000)
  object space 48128K, 99% used [0x00000006c2600000,0x00000006c5491188,0x00000006c5500000)
Event: 103295.524 GC heap after
Heap after GC invocations=65 (full 0):
 PSYoungGen      total 86016K, used 1504K [0x0000000797d00000, 0x000000079d280000, 0x0000000800000000)
  eden space 84480K, 0% used [0x0000000797d00000,0x0000000797d00000,0x000000079cf80000)
  from space 1536K, 97% used [0x000000079cf80000,0x000000079d0f8020,0x000000079d100000)
  to   space 1536K, 0% used [0x000000079d100000,0x000000079d100000,0x000000079d280000)
 ParOldGen       total 175104K, used 34525K [0x00000006c7800000, 0x00000006d2300000, 0x0000000797d00000)
  object space 175104K, 19% used [0x00000006c7800000,0x00000006c99b7530,0x00000006d2300000)
 PSPermGen       total 48128K, used 47684K [0x00000006c2600000, 0x00000006c5500000, 0x00000006c7800000)
  object space 48128K, 99% used [0x00000006c2600000,0x00000006c5491188,0x00000006c5500000)
}

