# JRE version: Java(TM) SE Runtime Environment (7.0_45-b18) (build 1.7.0_45-b18)
# Java VM: Java HotSpot(TM) 64-Bit Server VM (24.45-b08 mixed mode linux-amd64 compressed oops)
Heap
 PSYoungGen      total 78336K, used 56136K [0x00000000eb280000, 0x00000000f1b00000, 0x0000000100000000)
  eden space 67072K, 66% used [0x00000000eb280000,0x00000000ede52388,0x00000000ef400000)
  from space 11264K, 100% used [0x00000000ef580000,0x00000000f0080000,0x00000000f0080000)
  to   space 19968K, 0% used [0x00000000f0780000,0x00000000f0780000,0x00000000f1b00000)
 ParOldGen       total 210432K, used 164560K [0x00000000c1800000, 0x00000000ce580000, 0x00000000eb280000)
  object space 210432K, 78% used [0x00000000c1800000,0x00000000cb8b4198,0x00000000ce580000)
 PSPermGen       total 83968K, used 55924K [0x00000000bc600000, 0x00000000c1800000, 0x00000000c1800000)
  object space 83968K, 66% used [0x00000000bc600000,0x00000000bfc9d3e8,0x00000000c1800000)
GC Heap History (10 events):
Event: 5040.097 GC heap before
{Heap before GC invocations=76 (full 1):
 PSYoungGen      total 82432K, used 77024K [0x00000000eb280000, 0x00000000f0800000, 0x0000000100000000)
  eden space 76800K, 100% used [0x00000000eb280000,0x00000000efd80000,0x00000000efd80000)
  from space 5632K, 3% used [0x00000000f0280000,0x00000000f02b8000,0x00000000f0800000)
  to   space 5120K, 0% used [0x00000000efd80000,0x00000000efd80000,0x00000000f0280000)
 ParOldGen       total 210432K, used 130128K [0x00000000c1800000, 0x00000000ce580000, 0x00000000eb280000)
  object space 210432K, 61% used [0x00000000c1800000,0x00000000c9714220,0x00000000ce580000)
 PSPermGen       total 83968K, used 55430K [0x00000000bc600000, 0x00000000c1800000, 0x00000000c1800000)
  object space 83968K, 66% used [0x00000000bc600000,0x00000000bfc21a90,0x00000000c1800000)
Event: 5040.100 GC heap after
Heap after GC invocations=76 (full 1):
 PSYoungGen      total 81920K, used 1664K [0x00000000eb280000, 0x00000000f0800000, 0x0000000100000000)
  eden space 76800K, 0% used [0x00000000eb280000,0x00000000eb280000,0x00000000efd80000)
  from space 5120K, 32% used [0x00000000efd80000,0x00000000eff20000,0x00000000f0280000)
  to   space 5120K, 0% used [0x00000000f0300000,0x00000000f0300000,0x00000000f0800000)
 ParOldGen       total 210432K, used 130128K [0x00000000c1800000, 0x00000000ce580000, 0x00000000eb280000)
  object space 210432K, 61% used [0x00000000c1800000,0x00000000c9714220,0x00000000ce580000)
 PSPermGen       total 83968K, used 55430K [0x00000000bc600000, 0x00000000c1800000, 0x00000000c1800000)
  object space 83968K, 66% used [0x00000000bc600000,0x00000000bfc21a90,0x00000000c1800000)
}
Event: 5045.860 GC heap before
{Heap before GC invocations=77 (full 1):
 PSYoungGen      total 81920K, used 78464K [0x00000000eb280000, 0x00000000f0800000, 0x0000000100000000)
  eden space 76800K, 100% used [0x00000000eb280000,0x00000000efd80000,0x00000000efd80000)
  from space 5120K, 32% used [0x00000000efd80000,0x00000000eff20000,0x00000000f0280000)
  to   space 5120K, 0% used [0x00000000f0300000,0x00000000f0300000,0x00000000f0800000)
 ParOldGen       total 210432K, used 130128K [0x00000000c1800000, 0x00000000ce580000, 0x00000000eb280000)
  object space 210432K, 61% used [0x00000000c1800000,0x00000000c9714220,0x00000000ce580000)
 PSPermGen       total 83968K, used 55829K [0x00000000bc600000, 0x00000000c1800000, 0x00000000c1800000)
  object space 83968K, 66% used [0x00000000bc600000,0x00000000bfc85518,0x00000000c1800000)
Event: 5045.868 GC heap after
Heap after GC invocations=77 (full 1):
 PSYoungGen      total 76800K, used 5108K [0x00000000eb280000, 0x00000000f1080000, 0x0000000100000000)
  eden space 71680K, 0% used [0x00000000eb280000,0x00000000eb280000,0x00000000ef880000)
  from space 5120K, 99% used [0x00000000f0300000,0x00000000f07fd070,0x00000000f0800000)
  to   space 10752K, 0% used [0x00000000ef880000,0x00000000ef880000,0x00000000f0300000)
 ParOldGen       total 210432K, used 141536K [0x00000000c1800000, 0x00000000ce580000, 0x00000000eb280000)
  object space 210432K, 67% used [0x00000000c1800000,0x00000000ca238220,0x00000000ce580000)
 PSPermGen       total 83968K, used 55829K [0x00000000bc600000, 0x00000000c1800000, 0x00000000c1800000)
  object space 83968K, 66% used [0x00000000bc600000,0x00000000bfc85518,0x00000000c1800000)
}
Event: 5064.379 GC heap before
{Heap before GC invocations=78 (full 1):
 PSYoungGen      total 76800K, used 76788K [0x00000000eb280000, 0x00000000f1080000, 0x0000000100000000)
  eden space 71680K, 100% used [0x00000000eb280000,0x00000000ef880000,0x00000000ef880000)
  from space 5120K, 99% used [0x00000000f0300000,0x00000000f07fd070,0x00000000f0800000)
  to   space 10752K, 0% used [0x00000000ef880000,0x00000000ef880000,0x00000000f0300000)
 ParOldGen       total 210432K, used 141536K [0x00000000c1800000, 0x00000000ce580000, 0x00000000eb280000)
  object space 210432K, 67% used [0x00000000c1800000,0x00000000ca238220,0x00000000ce580000)
 PSPermGen       total 83968K, used 55829K [0x00000000bc600000, 0x00000000c1800000, 0x00000000c1800000)
  object space 83968K, 66% used [0x00000000bc600000,0x00000000bfc85518,0x00000000c1800000)
Event: 5064.384 GC heap after
Heap after GC invocations=78 (full 1):
 PSYoungGen      total 70656K, used 160K [0x00000000eb280000, 0x00000000f0b00000, 0x0000000100000000)
  eden space 70144K, 0% used [0x00000000eb280000,0x00000000eb280000,0x00000000ef700000)
  from space 512K, 31% used [0x00000000ef880000,0x00000000ef8a8000,0x00000000ef900000)
  to   space 10240K, 0% used [0x00000000f0100000,0x00000000f0100000,0x00000000f0b00000)
 ParOldGen       total 210432K, used 146593K [0x00000000c1800000, 0x00000000ce580000, 0x00000000eb280000)
  object space 210432K, 69% used [0x00000000c1800000,0x00000000ca728670,0x00000000ce580000)
 PSPermGen       total 83968K, used 55829K [0x00000000bc600000, 0x00000000c1800000, 0x00000000c1800000)
  object space 83968K, 66% used [0x00000000bc600000,0x00000000bfc85518,0x00000000c1800000)
}
Event: 5077.649 GC heap before
{Heap before GC invocations=79 (full 1):
 PSYoungGen      total 70656K, used 70304K [0x00000000eb280000, 0x00000000f0b00000, 0x0000000100000000)
  eden space 70144K, 100% used [0x00000000eb280000,0x00000000ef700000,0x00000000ef700000)
  from space 512K, 31% used [0x00000000ef880000,0x00000000ef8a8000,0x00000000ef900000)
  to   space 10240K, 0% used [0x00000000f0100000,0x00000000f0100000,0x00000000f0b00000)
 ParOldGen       total 210432K, used 146593K [0x00000000c1800000, 0x00000000ce580000, 0x00000000eb280000)
  object space 210432K, 69% used [0x00000000c1800000,0x00000000ca728670,0x00000000ce580000)
 PSPermGen       total 83968K, used 55834K [0x00000000bc600000, 0x00000000c1800000, 0x00000000c1800000)
  object space 83968K, 66% used [0x00000000bc600000,0x00000000bfc86b68,0x00000000c1800000)
Event: 5077.657 GC heap after
Heap after GC invocations=79 (full 1):
 PSYoungGen      total 78848K, used 7147K [0x00000000eb280000, 0x00000000f0b80000, 0x0000000100000000)
  eden space 68608K, 0% used [0x00000000eb280000,0x00000000eb280000,0x00000000ef580000)
  from space 10240K, 69% used [0x00000000f0100000,0x00000000f07fac28,0x00000000f0b00000)
  to   space 11264K, 0% used [0x00000000ef580000,0x00000000ef580000,0x00000000f0080000)
 ParOldGen       total 210432K, used 146609K [0x00000000c1800000, 0x00000000ce580000, 0x00000000eb280000)
  object space 210432K, 69% used [0x00000000c1800000,0x00000000ca72c670,0x00000000ce580000)
 PSPermGen       total 83968K, used 55834K [0x00000000bc600000, 0x00000000c1800000, 0x00000000c1800000)
  object space 83968K, 66% used [0x00000000bc600000,0x00000000bfc86b68,0x00000000c1800000)
}
Event: 5080.910 GC heap before
{Heap before GC invocations=80 (full 1):
 PSYoungGen      total 78848K, used 75755K [0x00000000eb280000, 0x00000000f0b80000, 0x0000000100000000)
  eden space 68608K, 100% used [0x00000000eb280000,0x00000000ef580000,0x00000000ef580000)
  from space 10240K, 69% used [0x00000000f0100000,0x00000000f07fac28,0x00000000f0b00000)
  to   space 11264K, 0% used [0x00000000ef580000,0x00000000ef580000,0x00000000f0080000)
 ParOldGen       total 210432K, used 146609K [0x00000000c1800000, 0x00000000ce580000, 0x00000000eb280000)
  object space 210432K, 69% used [0x00000000c1800000,0x00000000ca72c670,0x00000000ce580000)
 PSPermGen       total 83968K, used 55837K [0x00000000bc600000, 0x00000000c1800000, 0x00000000c1800000)
  object space 83968K, 66% used [0x00000000bc600000,0x00000000bfc87710,0x00000000c1800000)
Event: 5080.923 GC heap after
Heap after GC invocations=80 (full 1):
 PSYoungGen      total 78336K, used 11264K [0x00000000eb280000, 0x00000000f1b00000, 0x0000000100000000)
  eden space 67072K, 0% used [0x00000000eb280000,0x00000000eb280000,0x00000000ef400000)
  from space 11264K, 100% used [0x00000000ef580000,0x00000000f0080000,0x00000000f0080000)
  to   space 19968K, 0% used [0x00000000f0780000,0x00000000f0780000,0x00000000f1b00000)
 ParOldGen       total 210432K, used 164560K [0x00000000c1800000, 0x00000000ce580000, 0x00000000eb280000)
  object space 210432K, 78% used [0x00000000c1800000,0x00000000cb8b4198,0x00000000ce580000)
 PSPermGen       total 83968K, used 55837K [0x00000000bc600000, 0x00000000c1800000, 0x00000000c1800000)
  object space 83968K, 66% used [0x00000000bc600000,0x00000000bfc87710,0x00000000c1800000)
}

