# JRE version: Java(TM) SE Runtime Environment (7.0_45-b18) (build 1.7.0_45-b18)
# Java VM: Java HotSpot(TM) 64-Bit Server VM (24.45-b08 mixed mode linux-amd64 compressed oops)
Heap
 PSYoungGen      total 58368K, used 18002K [0x0000000759500000, 0x0000000760300000, 0x0000000800000000)
  eden space 56320K, 28% used [0x0000000759500000,0x000000075a4a8b60,0x000000075cc00000)
  from space 2048K, 96% used [0x000000075cd00000,0x000000075ceec020,0x000000075cf00000)
  to   space 28160K, 0% used [0x000000075e780000,0x000000075e780000,0x0000000760300000)
 ParOldGen       total 175104K, used 32467K [0x000000060c000000, 0x0000000616b00000, 0x0000000759500000)
  object space 175104K, 18% used [0x000000060c000000,0x000000060dfb4d08,0x0000000616b00000)
 PSPermGen       total 54784K, used 54620K [0x0000000606e00000, 0x000000060a380000, 0x000000060c000000)
  object space 54784K, 99% used [0x0000000606e00000,0x000000060a357210,0x000000060a380000)
GC Heap History (10 events):
Event: 22.142 GC heap before
{Heap before GC invocations=7 (full 0):
 PSYoungGen      total 84480K, used 80468K [0x0000000759500000, 0x000000075ff80000, 0x0000000800000000)
  eden space 62976K, 100% used [0x0000000759500000,0x000000075d280000,0x000000075d280000)
  from space 21504K, 81% used [0x000000075e900000,0x000000075fa15120,0x000000075fe00000)
  to   space 23040K, 0% used [0x000000075d280000,0x000000075d280000,0x000000075e900000)
 ParOldGen       total 175104K, used 15269K [0x000000060c000000, 0x0000000616b00000, 0x0000000759500000)
  object space 175104K, 8% used [0x000000060c000000,0x000000060cee95b8,0x0000000616b00000)
 PSPermGen       total 53760K, used 53419K [0x0000000606e00000, 0x000000060a280000, 0x000000060c000000)
  object space 53760K, 99% used [0x0000000606e00000,0x000000060a22afe0,0x000000060a280000)
Event: 22.155 GC heap after
Heap after GC invocations=7 (full 0):
 PSYoungGen      total 84480K, used 19532K [0x0000000759500000, 0x0000000760100000, 0x0000000800000000)
  eden space 61440K, 0% used [0x0000000759500000,0x0000000759500000,0x000000075d100000)
  from space 23040K, 84% used [0x000000075d280000,0x000000075e5931e0,0x000000075e900000)
  to   space 24576K, 0% used [0x000000075e900000,0x000000075e900000,0x0000000760100000)
 ParOldGen       total 175104K, used 18737K [0x000000060c000000, 0x0000000616b00000, 0x0000000759500000)
  object space 175104K, 10% used [0x000000060c000000,0x000000060d24c758,0x0000000616b00000)
 PSPermGen       total 53760K, used 53419K [0x0000000606e00000, 0x000000060a280000, 0x000000060c000000)
  object space 53760K, 99% used [0x0000000606e00000,0x000000060a22afe0,0x000000060a280000)
}
Event: 26.221 GC heap before
{Heap before GC invocations=8 (full 0):
 PSYoungGen      total 84480K, used 80972K [0x0000000759500000, 0x0000000760100000, 0x0000000800000000)
  eden space 61440K, 100% used [0x0000000759500000,0x000000075d100000,0x000000075d100000)
  from space 23040K, 84% used [0x000000075d280000,0x000000075e5931e0,0x000000075e900000)
  to   space 24576K, 0% used [0x000000075e900000,0x000000075e900000,0x0000000760100000)
 ParOldGen       total 175104K, used 18737K [0x000000060c000000, 0x0000000616b00000, 0x0000000759500000)
  object space 175104K, 10% used [0x000000060c000000,0x000000060d24c758,0x0000000616b00000)
 PSPermGen       total 54272K, used 54146K [0x0000000606e00000, 0x000000060a300000, 0x000000060c000000)
  object space 54272K, 99% used [0x0000000606e00000,0x000000060a2e0a30,0x000000060a300000)
Event: 26.230 GC heap after
Heap after GC invocations=8 (full 0):
 PSYoungGen      total 83968K, used 21727K [0x0000000759500000, 0x0000000760400000, 0x0000000800000000)
  eden space 59392K, 0% used [0x0000000759500000,0x0000000759500000,0x000000075cf00000)
  from space 24576K, 88% used [0x000000075e900000,0x000000075fe37d80,0x0000000760100000)
  to   space 26624K, 0% used [0x000000075cf00000,0x000000075cf00000,0x000000075e900000)
 ParOldGen       total 175104K, used 23564K [0x000000060c000000, 0x0000000616b00000, 0x0000000759500000)
  object space 175104K, 13% used [0x000000060c000000,0x000000060d7032a0,0x0000000616b00000)
 PSPermGen       total 54272K, used 54146K [0x0000000606e00000, 0x000000060a300000, 0x000000060c000000)
  object space 54272K, 99% used [0x0000000606e00000,0x000000060a2e0a30,0x000000060a300000)
}
Event: 26.834 GC heap before
{Heap before GC invocations=9 (full 0):
 PSYoungGen      total 83968K, used 81119K [0x0000000759500000, 0x0000000760400000, 0x0000000800000000)
  eden space 59392K, 100% used [0x0000000759500000,0x000000075cf00000,0x000000075cf00000)
  from space 24576K, 88% used [0x000000075e900000,0x000000075fe37d80,0x0000000760100000)
  to   space 26624K, 0% used [0x000000075cf00000,0x000000075cf00000,0x000000075e900000)
 ParOldGen       total 175104K, used 23564K [0x000000060c000000, 0x0000000616b00000, 0x0000000759500000)
  object space 175104K, 13% used [0x000000060c000000,0x000000060d7032a0,0x0000000616b00000)
 PSPermGen       total 54272K, used 54198K [0x0000000606e00000, 0x000000060a300000, 0x000000060c000000)
  object space 54272K, 99% used [0x0000000606e00000,0x000000060a2ed870,0x000000060a300000)
Event: 26.840 GC heap after
Heap after GC invocations=9 (full 0):
 PSYoungGen      total 66048K, used 7334K [0x0000000759500000, 0x0000000760300000, 0x0000000800000000)
  eden space 58368K, 0% used [0x0000000759500000,0x0000000759500000,0x000000075ce00000)
  from space 7680K, 95% used [0x000000075cf00000,0x000000075d629ba0,0x000000075d680000)
  to   space 27136K, 0% used [0x000000075e880000,0x000000075e880000,0x0000000760300000)
 ParOldGen       total 175104K, used 28482K [0x000000060c000000, 0x0000000616b00000, 0x0000000759500000)
  object space 175104K, 16% used [0x000000060c000000,0x000000060dbd0b88,0x0000000616b00000)
 PSPermGen       total 54272K, used 54198K [0x0000000606e00000, 0x000000060a300000, 0x000000060c000000)
  object space 54272K, 99% used [0x0000000606e00000,0x000000060a2ed870,0x000000060a300000)
}
Event: 27.203 GC heap before
{Heap before GC invocations=10 (full 0):
 PSYoungGen      total 66048K, used 65702K [0x0000000759500000, 0x0000000760300000, 0x0000000800000000)
  eden space 58368K, 100% used [0x0000000759500000,0x000000075ce00000,0x000000075ce00000)
  from space 7680K, 95% used [0x000000075cf00000,0x000000075d629ba0,0x000000075d680000)
  to   space 27136K, 0% used [0x000000075e880000,0x000000075e880000,0x0000000760300000)
 ParOldGen       total 175104K, used 28482K [0x000000060c000000, 0x0000000616b00000, 0x0000000759500000)
  object space 175104K, 16% used [0x000000060c000000,0x000000060dbd0b88,0x0000000616b00000)
 PSPermGen       total 54272K, used 54200K [0x0000000606e00000, 0x000000060a300000, 0x000000060c000000)
  object space 54272K, 99% used [0x0000000606e00000,0x000000060a2ee278,0x000000060a300000)
Event: 27.207 GC heap after
Heap after GC invocations=10 (full 0):
 PSYoungGen      total 84480K, used 2060K [0x0000000759500000, 0x0000000760300000, 0x0000000800000000)
  eden space 57344K, 0% used [0x0000000759500000,0x0000000759500000,0x000000075cd00000)
  from space 27136K, 7% used [0x000000075e880000,0x000000075ea83068,0x0000000760300000)
  to   space 27648K, 0% used [0x000000075cd00000,0x000000075cd00000,0x000000075e800000)
 ParOldGen       total 175104K, used 31976K [0x000000060c000000, 0x0000000616b00000, 0x0000000759500000)
  object space 175104K, 18% used [0x000000060c000000,0x000000060df3a1d8,0x0000000616b00000)
 PSPermGen       total 54272K, used 54200K [0x0000000606e00000, 0x000000060a300000, 0x000000060c000000)
  object space 54272K, 99% used [0x0000000606e00000,0x000000060a2ee278,0x000000060a300000)
}
Event: 71.576 GC heap before
{Heap before GC invocations=11 (full 0):
 PSYoungGen      total 84480K, used 59404K [0x0000000759500000, 0x0000000760300000, 0x0000000800000000)
  eden space 57344K, 100% used [0x0000000759500000,0x000000075cd00000,0x000000075cd00000)
  from space 27136K, 7% used [0x000000075e880000,0x000000075ea83068,0x0000000760300000)
  to   space 27648K, 0% used [0x000000075cd00000,0x000000075cd00000,0x000000075e800000)
 ParOldGen       total 175104K, used 31976K [0x000000060c000000, 0x0000000616b00000, 0x0000000759500000)
  object space 175104K, 18% used [0x000000060c000000,0x000000060df3a1d8,0x0000000616b00000)
 PSPermGen       total 54784K, used 54472K [0x0000000606e00000, 0x000000060a380000, 0x000000060c000000)
  object space 54784K, 99% used [0x0000000606e00000,0x000000060a332168,0x000000060a380000)
Event: 71.579 GC heap after
Heap after GC invocations=11 (full 0):
 PSYoungGen      total 58368K, used 1968K [0x0000000759500000, 0x0000000760300000, 0x0000000800000000)
  eden space 56320K, 0% used [0x0000000759500000,0x0000000759500000,0x000000075cc00000)
  from space 2048K, 96% used [0x000000075cd00000,0x000000075ceec020,0x000000075cf00000)
  to   space 28160K, 0% used [0x000000075e780000,0x000000075e780000,0x0000000760300000)
 ParOldGen       total 175104K, used 32467K [0x000000060c000000, 0x0000000616b00000, 0x0000000759500000)
  object space 175104K, 18% used [0x000000060c000000,0x000000060dfb4d08,0x0000000616b00000)
 PSPermGen       total 54784K, used 54472K [0x0000000606e00000, 0x000000060a380000, 0x000000060c000000)
  object space 54784K, 99% used [0x0000000606e00000,0x000000060a332168,0x000000060a380000)
}

