# JRE version: Java(TM) SE Runtime Environment (7.0_45-b18) (build 1.7.0_45-b18)
# Java VM: Java HotSpot(TM) 64-Bit Server VM (24.45-b08 mixed mode linux-amd64 compressed oops)
Heap
 PSYoungGen      total 357376K, used 98959K [0x0000000759500000, 0x000000077f980000, 0x0000000800000000)
  eden space 182272K, 54% used [0x0000000759500000,0x000000075f5a3df8,0x0000000764700000)
  from space 175104K, 0% used [0x0000000771200000,0x0000000771200000,0x000000077bd00000)
  to   space 207872K, 0% used [0x0000000764700000,0x0000000764700000,0x0000000771200000)
 ParOldGen       total 1488384K, used 1464177K [0x000000060c000000, 0x0000000666d80000, 0x0000000759500000)
  object space 1488384K, 98% used [0x000000060c000000,0x00000006655dc7d0,0x0000000666d80000)
 PSPermGen       total 83968K, used 54663K [0x0000000606e00000, 0x000000060c000000, 0x000000060c000000)
  object space 83968K, 65% used [0x0000000606e00000,0x000000060a361eb8,0x000000060c000000)
GC Heap History (10 events):
Event: 372.198 GC heap before
{Heap before GC invocations=22 (full 2):
 PSYoungGen      total 265728K, used 69603K [0x0000000759500000, 0x000000077c080000, 0x0000000800000000)
  eden space 196096K, 0% used [0x0000000759500000,0x0000000759500000,0x0000000765480000)
  from space 69632K, 99% used [0x000000076e480000,0x0000000772878ed8,0x0000000772880000)
  to   space 147456K, 0% used [0x0000000765480000,0x0000000765480000,0x000000076e480000)
 ParOldGen       total 454144K, used 453774K [0x000000060c000000, 0x0000000627b80000, 0x0000000759500000)
  object space 454144K, 99% used [0x000000060c000000,0x0000000627b238d8,0x0000000627b80000)
 PSPermGen       total 83968K, used 54648K [0x0000000606e00000, 0x000000060c000000, 0x000000060c000000)
  object space 83968K, 65% used [0x0000000606e00000,0x000000060a35e268,0x000000060c000000)
Event: 372.336 GC heap after
Heap after GC invocations=22 (full 2):
 PSYoungGen      total 265728K, used 63334K [0x0000000759500000, 0x000000077c080000, 0x0000000800000000)
  eden space 196096K, 0% used [0x0000000759500000,0x0000000759500000,0x0000000765480000)
  from space 69632K, 90% used [0x000000076e480000,0x0000000772259930,0x0000000772880000)
  to   space 147456K, 0% used [0x0000000765480000,0x0000000765480000,0x000000076e480000)
 ParOldGen       total 710144K, used 453665K [0x000000060c000000, 0x0000000637580000, 0x0000000759500000)
  object space 710144K, 63% used [0x000000060c000000,0x0000000627b08410,0x0000000637580000)
 PSPermGen       total 83968K, used 54648K [0x0000000606e00000, 0x000000060c000000, 0x000000060c000000)
  object space 83968K, 65% used [0x0000000606e00000,0x000000060a35e268,0x000000060c000000)
}
Event: 372.383 GC heap before
{Heap before GC invocations=23 (full 2):
 PSYoungGen      total 265728K, used 259430K [0x0000000759500000, 0x000000077c080000, 0x0000000800000000)
  eden space 196096K, 100% used [0x0000000759500000,0x0000000765480000,0x0000000765480000)
  from space 69632K, 90% used [0x000000076e480000,0x0000000772259930,0x0000000772880000)
  to   space 147456K, 0% used [0x0000000765480000,0x0000000765480000,0x000000076e480000)
 ParOldGen       total 710144K, used 453665K [0x000000060c000000, 0x0000000637580000, 0x0000000759500000)
  object space 710144K, 63% used [0x000000060c000000,0x0000000627b08410,0x0000000637580000)
 PSPermGen       total 83968K, used 54648K [0x0000000606e00000, 0x000000060c000000, 0x000000060c000000)
  object space 83968K, 65% used [0x0000000606e00000,0x000000060a35e310,0x000000060c000000)
Event: 372.414 GC heap after
Heap after GC invocations=23 (full 2):
 PSYoungGen      total 343552K, used 147433K [0x0000000759500000, 0x000000077bd00000, 0x0000000800000000)
  eden space 196096K, 0% used [0x0000000759500000,0x0000000759500000,0x0000000765480000)
  from space 147456K, 99% used [0x0000000765480000,0x000000076e47a518,0x000000076e480000)
  to   space 175104K, 0% used [0x0000000771200000,0x0000000771200000,0x000000077bd00000)
 ParOldGen       total 710144K, used 563788K [0x000000060c000000, 0x0000000637580000, 0x0000000759500000)
  object space 710144K, 79% used [0x000000060c000000,0x000000062e693140,0x0000000637580000)
 PSPermGen       total 83968K, used 54648K [0x0000000606e00000, 0x000000060c000000, 0x000000060c000000)
  object space 83968K, 65% used [0x0000000606e00000,0x000000060a35e310,0x000000060c000000)
}
Event: 372.414 GC heap before
{Heap before GC invocations=24 (full 3):
 PSYoungGen      total 343552K, used 147433K [0x0000000759500000, 0x000000077bd00000, 0x0000000800000000)
  eden space 196096K, 0% used [0x0000000759500000,0x0000000759500000,0x0000000765480000)
  from space 147456K, 99% used [0x0000000765480000,0x000000076e47a518,0x000000076e480000)
  to   space 175104K, 0% used [0x0000000771200000,0x0000000771200000,0x000000077bd00000)
 ParOldGen       total 710144K, used 563788K [0x000000060c000000, 0x0000000637580000, 0x0000000759500000)
  object space 710144K, 79% used [0x000000060c000000,0x000000062e693140,0x0000000637580000)
 PSPermGen       total 83968K, used 54648K [0x0000000606e00000, 0x000000060c000000, 0x000000060c000000)
  object space 83968K, 65% used [0x0000000606e00000,0x000000060a35e310,0x000000060c000000)
Event: 372.561 GC heap after
Heap after GC invocations=24 (full 3):
 PSYoungGen      total 343552K, used 0K [0x0000000759500000, 0x000000077bd00000, 0x0000000800000000)
  eden space 196096K, 0% used [0x0000000759500000,0x0000000759500000,0x0000000765480000)
  from space 147456K, 0% used [0x0000000765480000,0x0000000765480000,0x000000076e480000)
  to   space 175104K, 0% used [0x0000000771200000,0x0000000771200000,0x000000077bd00000)
 ParOldGen       total 1040384K, used 709681K [0x000000060c000000, 0x000000064b800000, 0x0000000759500000)
  object space 1040384K, 68% used [0x000000060c000000,0x000000063750c778,0x000000064b800000)
 PSPermGen       total 83968K, used 54648K [0x0000000606e00000, 0x000000060c000000, 0x000000060c000000)
  object space 83968K, 65% used [0x0000000606e00000,0x000000060a35e310,0x000000060c000000)
}
Event: 372.613 GC heap before
{Heap before GC invocations=25 (full 3):
 PSYoungGen      total 343552K, used 196096K [0x0000000759500000, 0x000000077bd00000, 0x0000000800000000)
  eden space 196096K, 100% used [0x0000000759500000,0x0000000765480000,0x0000000765480000)
  from space 147456K, 0% used [0x0000000765480000,0x0000000765480000,0x000000076e480000)
  to   space 175104K, 0% used [0x0000000771200000,0x0000000771200000,0x000000077bd00000)
 ParOldGen       total 1040384K, used 709681K [0x000000060c000000, 0x000000064b800000, 0x0000000759500000)
  object space 1040384K, 68% used [0x000000060c000000,0x000000063750c778,0x000000064b800000)
 PSPermGen       total 83968K, used 54649K [0x0000000606e00000, 0x000000060c000000, 0x000000060c000000)
  object space 83968K, 65% used [0x0000000606e00000,0x000000060a35e440,0x000000060c000000)
Event: 372.635 GC heap after
Heap after GC invocations=25 (full 3):
 PSYoungGen      total 357376K, used 175096K [0x0000000759500000, 0x000000077f980000, 0x0000000800000000)
  eden space 182272K, 0% used [0x0000000759500000,0x0000000759500000,0x0000000764700000)
  from space 175104K, 99% used [0x0000000771200000,0x000000077bcfe1a8,0x000000077bd00000)
  to   space 207872K, 0% used [0x0000000764700000,0x0000000764700000,0x0000000771200000)
 ParOldGen       total 1040384K, used 730612K [0x000000060c000000, 0x000000064b800000, 0x0000000759500000)
  object space 1040384K, 70% used [0x000000060c000000,0x000000063897d188,0x000000064b800000)
 PSPermGen       total 83968K, used 54649K [0x0000000606e00000, 0x000000060c000000, 0x000000060c000000)
  object space 83968K, 65% used [0x0000000606e00000,0x000000060a35e440,0x000000060c000000)
}
Event: 850.033 GC heap before
{Heap before GC invocations=26 (full 4):
 PSYoungGen      total 357376K, used 357368K [0x0000000759500000, 0x000000077f980000, 0x0000000800000000)
  eden space 182272K, 100% used [0x0000000759500000,0x0000000764700000,0x0000000764700000)
  from space 175104K, 99% used [0x0000000771200000,0x000000077bcfe1a8,0x000000077bd00000)
  to   space 207872K, 0% used [0x0000000764700000,0x0000000764700000,0x0000000771200000)
 ParOldGen       total 1422336K, used 1302803K [0x000000060c000000, 0x0000000662d00000, 0x0000000759500000)
  object space 1422336K, 91% used [0x000000060c000000,0x000000065b844d90,0x0000000662d00000)
 PSPermGen       total 83968K, used 54662K [0x0000000606e00000, 0x000000060c000000, 0x000000060c000000)
  object space 83968K, 65% used [0x0000000606e00000,0x000000060a361898,0x000000060c000000)
Event: 850.176 GC heap after
Heap after GC invocations=26 (full 4):
 PSYoungGen      total 357376K, used 0K [0x0000000759500000, 0x000000077f980000, 0x0000000800000000)
  eden space 182272K, 0% used [0x0000000759500000,0x0000000759500000,0x0000000764700000)
  from space 175104K, 0% used [0x0000000771200000,0x0000000771200000,0x000000077bd00000)
  to   space 207872K, 0% used [0x0000000764700000,0x0000000764700000,0x0000000771200000)
 ParOldGen       total 1297408K, used 891986K [0x000000060c000000, 0x000000065b300000, 0x0000000759500000)
  object space 1297408K, 68% used [0x000000060c000000,0x0000000642714bc8,0x000000065b300000)
 PSPermGen       total 83968K, used 54662K [0x0000000606e00000, 0x000000060c000000, 0x000000060c000000)
  object space 83968K, 65% used [0x0000000606e00000,0x000000060a361838,0x000000060c000000)
}

