# JRE version: Java(TM) SE Runtime Environment (7.0_45-b18) (build 1.7.0_45-b18)
# Java VM: Java HotSpot(TM) 64-Bit Server VM (24.45-b08 mixed mode linux-amd64 compressed oops)
Heap
 PSYoungGen      total 96768K, used 24608K [0x0000000759500000, 0x0000000761d00000, 0x0000000800000000)
  eden space 60416K, 11% used [0x0000000759500000,0x0000000759bc10a8,0x000000075d000000)
  from space 36352K, 48% used [0x000000075f980000,0x0000000760ac71e0,0x0000000761d00000)
  to   space 39424K, 0% used [0x000000075d000000,0x000000075d000000,0x000000075f680000)
 ParOldGen       total 175104K, used 61695K [0x000000060c000000, 0x0000000616b00000, 0x0000000759500000)
  object space 175104K, 35% used [0x000000060c000000,0x000000060fc3fe70,0x0000000616b00000)
 PSPermGen       total 51712K, used 51696K [0x0000000606e00000, 0x000000060a080000, 0x000000060c000000)
  object space 51712K, 99% used [0x0000000606e00000,0x000000060a07c1a8,0x000000060a080000)
GC Heap History (10 events):
Event: 12.455 GC heap before
{Heap before GC invocations=4 (full 0):
 PSYoungGen      total 76800K, used 73103K [0x0000000759500000, 0x000000075ea80000, 0x0000000800000000)
  eden space 66048K, 94% used [0x0000000759500000,0x000000075d1e8b58,0x000000075d580000)
  from space 10752K, 99% used [0x000000075d580000,0x000000075dffb200,0x000000075e000000)
  to   space 10752K, 0% used [0x000000075e000000,0x000000075e000000,0x000000075ea80000)
 ParOldGen       total 175104K, used 5442K [0x000000060c000000, 0x0000000616b00000, 0x0000000759500000)
  object space 175104K, 3% used [0x000000060c000000,0x000000060c550858,0x0000000616b00000)
 PSPermGen       total 40960K, used 40706K [0x0000000606e00000, 0x0000000609600000, 0x000000060c000000)
  object space 40960K, 99% used [0x0000000606e00000,0x00000006095c0b60,0x0000000609600000)
Event: 12.466 GC heap after
Heap after GC invocations=4 (full 0):
 PSYoungGen      total 76800K, used 10736K [0x0000000759500000, 0x000000075ea80000, 0x0000000800000000)
  eden space 66048K, 0% used [0x0000000759500000,0x0000000759500000,0x000000075d580000)
  from space 10752K, 99% used [0x000000075e000000,0x000000075ea7c228,0x000000075ea80000)
  to   space 10752K, 0% used [0x000000075d580000,0x000000075d580000,0x000000075e000000)
 ParOldGen       total 175104K, used 15441K [0x000000060c000000, 0x0000000616b00000, 0x0000000759500000)
  object space 175104K, 8% used [0x000000060c000000,0x000000060cf14588,0x0000000616b00000)
 PSPermGen       total 40960K, used 40706K [0x0000000606e00000, 0x0000000609600000, 0x000000060c000000)
  object space 40960K, 99% used [0x0000000606e00000,0x00000006095c0b60,0x0000000609600000)
}
Event: 14.765 GC heap before
{Heap before GC invocations=5 (full 0):
 PSYoungGen      total 76800K, used 76784K [0x0000000759500000, 0x000000075ea80000, 0x0000000800000000)
  eden space 66048K, 100% used [0x0000000759500000,0x000000075d580000,0x000000075d580000)
  from space 10752K, 99% used [0x000000075e000000,0x000000075ea7c228,0x000000075ea80000)
  to   space 10752K, 0% used [0x000000075d580000,0x000000075d580000,0x000000075e000000)
 ParOldGen       total 175104K, used 15441K [0x000000060c000000, 0x0000000616b00000, 0x0000000759500000)
  object space 175104K, 8% used [0x000000060c000000,0x000000060cf14588,0x0000000616b00000)
 PSPermGen       total 45568K, used 45288K [0x0000000606e00000, 0x0000000609a80000, 0x000000060c000000)
  object space 45568K, 99% used [0x0000000606e00000,0x0000000609a3a1e8,0x0000000609a80000)
Event: 14.776 GC heap after
Heap after GC invocations=5 (full 0):
 PSYoungGen      total 75264K, used 10742K [0x0000000759500000, 0x0000000763200000, 0x0000000800000000)
  eden space 64512K, 0% used [0x0000000759500000,0x0000000759500000,0x000000075d400000)
  from space 10752K, 99% used [0x000000075d580000,0x000000075dffd860,0x000000075e000000)
  to   space 48128K, 0% used [0x0000000760300000,0x0000000760300000,0x0000000763200000)
 ParOldGen       total 175104K, used 55122K [0x000000060c000000, 0x0000000616b00000, 0x0000000759500000)
  object space 175104K, 31% used [0x000000060c000000,0x000000060f5d4b20,0x0000000616b00000)
 PSPermGen       total 45568K, used 45288K [0x0000000606e00000, 0x0000000609a80000, 0x000000060c000000)
  object space 45568K, 99% used [0x0000000606e00000,0x0000000609a3a1e8,0x0000000609a80000)
}
Event: 18.592 GC heap before
{Heap before GC invocations=6 (full 0):
 PSYoungGen      total 75264K, used 74599K [0x0000000759500000, 0x0000000763200000, 0x0000000800000000)
  eden space 64512K, 98% used [0x0000000759500000,0x000000075d35c5b0,0x000000075d400000)
  from space 10752K, 99% used [0x000000075d580000,0x000000075dffd860,0x000000075e000000)
  to   space 48128K, 0% used [0x0000000760300000,0x0000000760300000,0x0000000763200000)
 ParOldGen       total 175104K, used 55122K [0x000000060c000000, 0x0000000616b00000, 0x0000000759500000)
  object space 175104K, 31% used [0x000000060c000000,0x000000060f5d4b20,0x0000000616b00000)
 PSPermGen       total 49664K, used 49205K [0x0000000606e00000, 0x0000000609e80000, 0x000000060c000000)
  object space 49664K, 99% used [0x0000000606e00000,0x0000000609e0d630,0x0000000609e80000)
Event: 18.602 GC heap after
Heap after GC invocations=6 (full 0):
 PSYoungGen      total 102400K, used 17142K [0x0000000759500000, 0x0000000762980000, 0x0000000800000000)
  eden space 62976K, 0% used [0x0000000759500000,0x0000000759500000,0x000000075d280000)
  from space 39424K, 43% used [0x0000000760300000,0x00000007613bdbf8,0x0000000762980000)
  to   space 44544K, 0% used [0x000000075d280000,0x000000075d280000,0x000000075fe00000)
 ParOldGen       total 175104K, used 55130K [0x000000060c000000, 0x0000000616b00000, 0x0000000759500000)
  object space 175104K, 31% used [0x000000060c000000,0x000000060f5d6b20,0x0000000616b00000)
 PSPermGen       total 49664K, used 49205K [0x0000000606e00000, 0x0000000609e80000, 0x000000060c000000)
  object space 49664K, 99% used [0x0000000606e00000,0x0000000609e0d630,0x0000000609e80000)
}
Event: 51.026 GC heap before
{Heap before GC invocations=7 (full 0):
 PSYoungGen      total 102400K, used 80118K [0x0000000759500000, 0x0000000762980000, 0x0000000800000000)
  eden space 62976K, 100% used [0x0000000759500000,0x000000075d280000,0x000000075d280000)
  from space 39424K, 43% used [0x0000000760300000,0x00000007613bdbf8,0x0000000762980000)
  to   space 44544K, 0% used [0x000000075d280000,0x000000075d280000,0x000000075fe00000)
 ParOldGen       total 175104K, used 55130K [0x000000060c000000, 0x0000000616b00000, 0x0000000759500000)
  object space 175104K, 31% used [0x000000060c000000,0x000000060f5d6b20,0x0000000616b00000)
 PSPermGen       total 49664K, used 49509K [0x0000000606e00000, 0x0000000609e80000, 0x000000060c000000)
  object space 49664K, 99% used [0x0000000606e00000,0x0000000609e596c0,0x0000000609e80000)
Event: 51.037 GC heap after
Heap after GC invocations=7 (full 0):
 PSYoungGen      total 82432K, used 20967K [0x0000000759500000, 0x0000000762200000, 0x0000000800000000)
  eden space 61440K, 0% used [0x0000000759500000,0x0000000759500000,0x000000075d100000)
  from space 20992K, 99% used [0x000000075d280000,0x000000075e6f9f00,0x000000075e700000)
  to   space 41472K, 0% used [0x000000075f980000,0x000000075f980000,0x0000000762200000)
 ParOldGen       total 175104K, used 58206K [0x000000060c000000, 0x0000000616b00000, 0x0000000759500000)
  object space 175104K, 33% used [0x000000060c000000,0x000000060f8d7b00,0x0000000616b00000)
 PSPermGen       total 49664K, used 49509K [0x0000000606e00000, 0x0000000609e80000, 0x000000060c000000)
  object space 49664K, 99% used [0x0000000606e00000,0x0000000609e596c0,0x0000000609e80000)
}
Event: 133.635 GC heap before
{Heap before GC invocations=8 (full 0):
 PSYoungGen      total 82432K, used 82407K [0x0000000759500000, 0x0000000762200000, 0x0000000800000000)
  eden space 61440K, 100% used [0x0000000759500000,0x000000075d100000,0x000000075d100000)
  from space 20992K, 99% used [0x000000075d280000,0x000000075e6f9f00,0x000000075e700000)
  to   space 41472K, 0% used [0x000000075f980000,0x000000075f980000,0x0000000762200000)
 ParOldGen       total 175104K, used 58206K [0x000000060c000000, 0x0000000616b00000, 0x0000000759500000)
  object space 175104K, 33% used [0x000000060c000000,0x000000060f8d7b00,0x0000000616b00000)
 PSPermGen       total 51712K, used 51673K [0x0000000606e00000, 0x000000060a080000, 0x000000060c000000)
  object space 51712K, 99% used [0x0000000606e00000,0x000000060a076648,0x000000060a080000)
Event: 133.644 GC heap after
Heap after GC invocations=8 (full 0):
 PSYoungGen      total 96768K, used 17692K [0x0000000759500000, 0x0000000761d00000, 0x0000000800000000)
  eden space 60416K, 0% used [0x0000000759500000,0x0000000759500000,0x000000075d000000)
  from space 36352K, 48% used [0x000000075f980000,0x0000000760ac71e0,0x0000000761d00000)
  to   space 39424K, 0% used [0x000000075d000000,0x000000075d000000,0x000000075f680000)
 ParOldGen       total 175104K, used 61695K [0x000000060c000000, 0x0000000616b00000, 0x0000000759500000)
  object space 175104K, 35% used [0x000000060c000000,0x000000060fc3fe70,0x0000000616b00000)
 PSPermGen       total 51712K, used 51673K [0x0000000606e00000, 0x000000060a080000, 0x000000060c000000)
  object space 51712K, 99% used [0x0000000606e00000,0x000000060a076648,0x000000060a080000)
}

