# JRE version: Java(TM) SE Runtime Environment (7.0_45-b18) (build 1.7.0_45-b18)
# Java VM: Java HotSpot(TM) 64-Bit Server VM (24.45-b08 mixed mode linux-amd64 compressed oops)
Heap
 PSYoungGen      total 588288K, used 389087K [0x0000000797d00000, 0x00000007c3780000, 0x0000000800000000)
  eden space 514560K, 75% used [0x0000000797d00000,0x00000007af8f7ca8,0x00000007b7380000)
  from space 73728K, 0% used [0x00000007b7380000,0x00000007b7380000,0x00000007bbb80000)
  to   space 84480K, 0% used [0x00000007be500000,0x00000007be500000,0x00000007c3780000)
 ParOldGen       total 1238528K, used 758868K [0x00000006c7800000, 0x0000000713180000, 0x0000000797d00000)
  object space 1238528K, 61% used [0x00000006c7800000,0x00000006f5d15210,0x0000000713180000)
 PSPermGen       total 83968K, used 50977K [0x00000006c2600000, 0x00000006c7800000, 0x00000006c7800000)
  object space 83968K, 60% used [0x00000006c2600000,0x00000006c57c8560,0x00000006c7800000)
GC Heap History (10 events):
Event: 547.149 GC heap before
{Heap before GC invocations=15 (full 2):
 PSYoungGen      total 440320K, used 403439K [0x0000000797d00000, 0x00000007bfb00000, 0x0000000800000000)
  eden space 371712K, 100% used [0x0000000797d00000,0x00000007ae800000,0x00000007ae800000)
  from space 68608K, 46% used [0x00000007ae800000,0x00000007b06fbfa0,0x00000007b2b00000)
  to   space 65024K, 0% used [0x00000007bbb80000,0x00000007bbb80000,0x00000007bfb00000)
 ParOldGen       total 1999872K, used 1999803K [0x00000006c7800000, 0x0000000741900000, 0x0000000797d00000)
  object space 1999872K, 99% used [0x00000006c7800000,0x00000007418eecb0,0x0000000741900000)
 PSPermGen       total 83968K, used 50973K [0x00000006c2600000, 0x00000006c7800000, 0x00000006c7800000)
  object space 83968K, 60% used [0x00000006c2600000,0x00000006c57c7508,0x00000006c7800000)
Event: 547.417 GC heap after
Heap after GC invocations=15 (full 2):
 PSYoungGen      total 440320K, used 0K [0x0000000797d00000, 0x00000007bfb00000, 0x0000000800000000)
  eden space 371712K, 0% used [0x0000000797d00000,0x0000000797d00000,0x00000007ae800000)
  from space 68608K, 0% used [0x00000007ae800000,0x00000007ae800000,0x00000007b2b00000)
  to   space 65024K, 0% used [0x00000007bbb80000,0x00000007bbb80000,0x00000007bfb00000)
 ParOldGen       total 1118720K, used 980357K [0x00000006c7800000, 0x000000070bc80000, 0x0000000797d00000)
  object space 1118720K, 87% used [0x00000006c7800000,0x0000000703561658,0x000000070bc80000)
 PSPermGen       total 83968K, used 50972K [0x00000006c2600000, 0x00000006c7800000, 0x00000006c7800000)
  object space 83968K, 60% used [0x00000006c2600000,0x00000006c57c7230,0x00000006c7800000)
}
Event: 547.537 GC heap before
{Heap before GC invocations=16 (full 2):
 PSYoungGen      total 440320K, used 371712K [0x0000000797d00000, 0x00000007bfb00000, 0x0000000800000000)
  eden space 371712K, 100% used [0x0000000797d00000,0x00000007ae800000,0x00000007ae800000)
  from space 68608K, 0% used [0x00000007ae800000,0x00000007ae800000,0x00000007b2b00000)
  to   space 65024K, 0% used [0x00000007bbb80000,0x00000007bbb80000,0x00000007bfb00000)
 ParOldGen       total 1118720K, used 982790K [0x00000006c7800000, 0x000000070bc80000, 0x0000000797d00000)
  object space 1118720K, 87% used [0x00000006c7800000,0x00000007037c19e0,0x000000070bc80000)
 PSPermGen       total 83968K, used 50976K [0x00000006c2600000, 0x00000006c7800000, 0x00000006c7800000)
  object space 83968K, 60% used [0x00000006c2600000,0x00000006c57c8318,0x00000006c7800000)
Event: 547.580 GC heap after
Heap after GC invocations=16 (full 2):
 PSYoungGen      total 579584K, used 64991K [0x0000000797d00000, 0x00000007c1c00000, 0x0000000800000000)
  eden space 514560K, 0% used [0x0000000797d00000,0x0000000797d00000,0x00000007b7380000)
  from space 65024K, 99% used [0x00000007bbb80000,0x00000007bfaf7ea8,0x00000007bfb00000)
  to   space 73728K, 0% used [0x00000007b7380000,0x00000007b7380000,0x00000007bbb80000)
 ParOldGen       total 1284608K, used 1283734K [0x00000006c7800000, 0x0000000715e80000, 0x0000000797d00000)
  object space 1284608K, 99% used [0x00000006c7800000,0x0000000715da58d8,0x0000000715e80000)
 PSPermGen       total 83968K, used 50976K [0x00000006c2600000, 0x00000006c7800000, 0x00000006c7800000)
  object space 83968K, 60% used [0x00000006c2600000,0x00000006c57c8318,0x00000006c7800000)
}
Event: 547.580 GC heap before
{Heap before GC invocations=17 (full 3):
 PSYoungGen      total 579584K, used 64991K [0x0000000797d00000, 0x00000007c1c00000, 0x0000000800000000)
  eden space 514560K, 0% used [0x0000000797d00000,0x0000000797d00000,0x00000007b7380000)
  from space 65024K, 99% used [0x00000007bbb80000,0x00000007bfaf7ea8,0x00000007bfb00000)
  to   space 73728K, 0% used [0x00000007b7380000,0x00000007b7380000,0x00000007bbb80000)
 ParOldGen       total 1284608K, used 1283734K [0x00000006c7800000, 0x0000000715e80000, 0x0000000797d00000)
  object space 1284608K, 99% used [0x00000006c7800000,0x0000000715da58d8,0x0000000715e80000)
 PSPermGen       total 83968K, used 50976K [0x00000006c2600000, 0x00000006c7800000, 0x00000006c7800000)
  object space 83968K, 60% used [0x00000006c2600000,0x00000006c57c8318,0x00000006c7800000)
Event: 547.911 GC heap after
Heap after GC invocations=17 (full 3):
 PSYoungGen      total 579584K, used 0K [0x0000000797d00000, 0x00000007c1c00000, 0x0000000800000000)
  eden space 514560K, 0% used [0x0000000797d00000,0x0000000797d00000,0x00000007b7380000)
  from space 65024K, 0% used [0x00000007bbb80000,0x00000007bbb80000,0x00000007bfb00000)
  to   space 73728K, 0% used [0x00000007b7380000,0x00000007b7380000,0x00000007bbb80000)
 ParOldGen       total 1044992K, used 745376K [0x00000006c7800000, 0x0000000707480000, 0x0000000797d00000)
  object space 1044992K, 71% used [0x00000006c7800000,0x00000006f4fe8160,0x0000000707480000)
 PSPermGen       total 83968K, used 50976K [0x00000006c2600000, 0x00000006c7800000, 0x00000006c7800000)
  object space 83968K, 60% used [0x00000006c2600000,0x00000006c57c8318,0x00000006c7800000)
}
Event: 548.502 GC heap before
{Heap before GC invocations=18 (full 3):
 PSYoungGen      total 579584K, used 405808K [0x0000000797d00000, 0x00000007c1c00000, 0x0000000800000000)
  eden space 514560K, 78% used [0x0000000797d00000,0x00000007b094c2d0,0x00000007b7380000)
  from space 65024K, 0% used [0x00000007bbb80000,0x00000007bbb80000,0x00000007bfb00000)
  to   space 73728K, 0% used [0x00000007b7380000,0x00000007b7380000,0x00000007bbb80000)
 ParOldGen       total 1044992K, used 745376K [0x00000006c7800000, 0x0000000707480000, 0x0000000797d00000)
  object space 1044992K, 71% used [0x00000006c7800000,0x00000006f4fe8160,0x0000000707480000)
 PSPermGen       total 83968K, used 50977K [0x00000006c2600000, 0x00000006c7800000, 0x00000006c7800000)
  object space 83968K, 60% used [0x00000006c2600000,0x00000006c57c84e0,0x00000006c7800000)
Event: 548.547 GC heap after
Heap after GC invocations=18 (full 3):
 PSYoungGen      total 588288K, used 73699K [0x0000000797d00000, 0x00000007c3780000, 0x0000000800000000)
  eden space 514560K, 0% used [0x0000000797d00000,0x0000000797d00000,0x00000007b7380000)
  from space 73728K, 99% used [0x00000007b7380000,0x00000007bbb78d18,0x00000007bbb80000)
  to   space 84480K, 0% used [0x00000007be500000,0x00000007be500000,0x00000007c3780000)
 ParOldGen       total 1068032K, used 1067096K [0x00000006c7800000, 0x0000000708b00000, 0x0000000797d00000)
  object space 1068032K, 99% used [0x00000006c7800000,0x0000000708a160b8,0x0000000708b00000)
 PSPermGen       total 83968K, used 50977K [0x00000006c2600000, 0x00000006c7800000, 0x00000006c7800000)
  object space 83968K, 60% used [0x00000006c2600000,0x00000006c57c84e0,0x00000006c7800000)
}
Event: 548.547 GC heap before
{Heap before GC invocations=19 (full 4):
 PSYoungGen      total 588288K, used 73699K [0x0000000797d00000, 0x00000007c3780000, 0x0000000800000000)
  eden space 514560K, 0% used [0x0000000797d00000,0x0000000797d00000,0x00000007b7380000)
  from space 73728K, 99% used [0x00000007b7380000,0x00000007bbb78d18,0x00000007bbb80000)
  to   space 84480K, 0% used [0x00000007be500000,0x00000007be500000,0x00000007c3780000)
 ParOldGen       total 1068032K, used 1067096K [0x00000006c7800000, 0x0000000708b00000, 0x0000000797d00000)
  object space 1068032K, 99% used [0x00000006c7800000,0x0000000708a160b8,0x0000000708b00000)
 PSPermGen       total 83968K, used 50977K [0x00000006c2600000, 0x00000006c7800000, 0x00000006c7800000)
  object space 83968K, 60% used [0x00000006c2600000,0x00000006c57c84e0,0x00000006c7800000)
Event: 548.714 GC heap after
Heap after GC invocations=19 (full 4):
 PSYoungGen      total 588288K, used 0K [0x0000000797d00000, 0x00000007c3780000, 0x0000000800000000)
  eden space 514560K, 0% used [0x0000000797d00000,0x0000000797d00000,0x00000007b7380000)
  from space 73728K, 0% used [0x00000007b7380000,0x00000007b7380000,0x00000007bbb80000)
  to   space 84480K, 0% used [0x00000007be500000,0x00000007be500000,0x00000007c3780000)
 ParOldGen       total 1238528K, used 758868K [0x00000006c7800000, 0x0000000713180000, 0x0000000797d00000)
  object space 1238528K, 61% used [0x00000006c7800000,0x00000006f5d15210,0x0000000713180000)
 PSPermGen       total 83968K, used 50977K [0x00000006c2600000, 0x00000006c7800000, 0x00000006c7800000)
  object space 83968K, 60% used [0x00000006c2600000,0x00000006c57c84e0,0x00000006c7800000)
}

