# JRE version: Java(TM) SE Runtime Environment (7.0_45-b18) (build 1.7.0_45-b18)
# Java VM: Java HotSpot(TM) 64-Bit Server VM (24.45-b08 mixed mode linux-amd64 compressed oops)
Heap
 PSYoungGen      total 487936K, used 125081K [0x0000000797d00000, 0x00000007b5b80000, 0x0000000800000000)
  eden space 486400K, 25% used [0x0000000797d00000,0x000000079f6d6758,0x00000007b5800000)
  from space 1536K, 20% used [0x00000007b5800000,0x00000007b5850000,0x00000007b5980000)
  to   space 1536K, 0% used [0x00000007b5a00000,0x00000007b5a00000,0x00000007b5b80000)
 ParOldGen       total 1207808K, used 832298K [0x00000006c7800000, 0x0000000711380000, 0x0000000797d00000)
  object space 1207808K, 68% used [0x00000006c7800000,0x00000006fa4caa20,0x0000000711380000)
 PSPermGen       total 83968K, used 53724K [0x00000006c2600000, 0x00000006c7800000, 0x00000006c7800000)
  object space 83968K, 63% used [0x00000006c2600000,0x00000006c5a771e8,0x00000006c7800000)
GC Heap History (10 events):
Event: 4739.768 GC heap before
{Heap before GC invocations=163 (full 6):
 PSYoungGen      total 487424K, used 485504K [0x0000000797d00000, 0x00000007b5b00000, 0x0000000800000000)
  eden space 485376K, 100% used [0x0000000797d00000,0x00000007b5700000,0x00000007b5700000)
  from space 2048K, 6% used [0x00000007b5900000,0x00000007b5920000,0x00000007b5b00000)
  to   space 2048K, 0% used [0x00000007b5700000,0x00000007b5700000,0x00000007b5900000)
 ParOldGen       total 1207808K, used 832298K [0x00000006c7800000, 0x0000000711380000, 0x0000000797d00000)
  object space 1207808K, 68% used [0x00000006c7800000,0x00000006fa4caa20,0x0000000711380000)
 PSPermGen       total 83968K, used 53354K [0x00000006c2600000, 0x00000006c7800000, 0x00000006c7800000)
  object space 83968K, 63% used [0x00000006c2600000,0x00000006c5a1ab38,0x00000006c7800000)
Event: 4739.771 GC heap after
Heap after GC invocations=163 (full 6):
 PSYoungGen      total 487424K, used 128K [0x0000000797d00000, 0x00000007b5b80000, 0x0000000800000000)
  eden space 485376K, 0% used [0x0000000797d00000,0x0000000797d00000,0x00000007b5700000)
  from space 2048K, 6% used [0x00000007b5700000,0x00000007b5720000,0x00000007b5900000)
  to   space 2048K, 0% used [0x00000007b5980000,0x00000007b5980000,0x00000007b5b80000)
 ParOldGen       total 1207808K, used 832298K [0x00000006c7800000, 0x0000000711380000, 0x0000000797d00000)
  object space 1207808K, 68% used [0x00000006c7800000,0x00000006fa4caa20,0x0000000711380000)
 PSPermGen       total 83968K, used 53354K [0x00000006c2600000, 0x00000006c7800000, 0x00000006c7800000)
  object space 83968K, 63% used [0x00000006c2600000,0x00000006c5a1ab38,0x00000006c7800000)
}
Event: 4761.345 GC heap before
{Heap before GC invocations=164 (full 6):
 PSYoungGen      total 487424K, used 485504K [0x0000000797d00000, 0x00000007b5b80000, 0x0000000800000000)
  eden space 485376K, 100% used [0x0000000797d00000,0x00000007b5700000,0x00000007b5700000)
  from space 2048K, 6% used [0x00000007b5700000,0x00000007b5720000,0x00000007b5900000)
  to   space 2048K, 0% used [0x00000007b5980000,0x00000007b5980000,0x00000007b5b80000)
 ParOldGen       total 1207808K, used 832298K [0x00000006c7800000, 0x0000000711380000, 0x0000000797d00000)
  object space 1207808K, 68% used [0x00000006c7800000,0x00000006fa4caa20,0x0000000711380000)
 PSPermGen       total 83968K, used 53354K [0x00000006c2600000, 0x00000006c7800000, 0x00000006c7800000)
  object space 83968K, 63% used [0x00000006c2600000,0x00000006c5a1ab38,0x00000006c7800000)
Event: 4761.347 GC heap after
Heap after GC invocations=164 (full 6):
 PSYoungGen      total 487936K, used 96K [0x0000000797d00000, 0x00000007b5b80000, 0x0000000800000000)
  eden space 485888K, 0% used [0x0000000797d00000,0x0000000797d00000,0x00000007b5780000)
  from space 2048K, 4% used [0x00000007b5980000,0x00000007b5998000,0x00000007b5b80000)
  to   space 2048K, 0% used [0x00000007b5780000,0x00000007b5780000,0x00000007b5980000)
 ParOldGen       total 1207808K, used 832298K [0x00000006c7800000, 0x0000000711380000, 0x0000000797d00000)
  object space 1207808K, 68% used [0x00000006c7800000,0x00000006fa4caa20,0x0000000711380000)
 PSPermGen       total 83968K, used 53354K [0x00000006c2600000, 0x00000006c7800000, 0x00000006c7800000)
  object space 83968K, 63% used [0x00000006c2600000,0x00000006c5a1ab38,0x00000006c7800000)
}
Event: 4782.922 GC heap before
{Heap before GC invocations=165 (full 6):
 PSYoungGen      total 487936K, used 485984K [0x0000000797d00000, 0x00000007b5b80000, 0x0000000800000000)
  eden space 485888K, 100% used [0x0000000797d00000,0x00000007b5780000,0x00000007b5780000)
  from space 2048K, 4% used [0x00000007b5980000,0x00000007b5998000,0x00000007b5b80000)
  to   space 2048K, 0% used [0x00000007b5780000,0x00000007b5780000,0x00000007b5980000)
 ParOldGen       total 1207808K, used 832298K [0x00000006c7800000, 0x0000000711380000, 0x0000000797d00000)
  object space 1207808K, 68% used [0x00000006c7800000,0x00000006fa4caa20,0x0000000711380000)
 PSPermGen       total 83968K, used 53354K [0x00000006c2600000, 0x00000006c7800000, 0x00000006c7800000)
  object space 83968K, 63% used [0x00000006c2600000,0x00000006c5a1ab38,0x00000006c7800000)
Event: 4782.925 GC heap after
Heap after GC invocations=165 (full 6):
 PSYoungGen      total 487936K, used 128K [0x0000000797d00000, 0x00000007b5b00000, 0x0000000800000000)
  eden space 485888K, 0% used [0x0000000797d00000,0x0000000797d00000,0x00000007b5780000)
  from space 2048K, 6% used [0x00000007b5780000,0x00000007b57a0000,0x00000007b5980000)
  to   space 1536K, 0% used [0x00000007b5980000,0x00000007b5980000,0x00000007b5b00000)
 ParOldGen       total 1207808K, used 832298K [0x00000006c7800000, 0x0000000711380000, 0x0000000797d00000)
  object space 1207808K, 68% used [0x00000006c7800000,0x00000006fa4caa20,0x0000000711380000)
 PSPermGen       total 83968K, used 53354K [0x00000006c2600000, 0x00000006c7800000, 0x00000006c7800000)
  object space 83968K, 63% used [0x00000006c2600000,0x00000006c5a1ab38,0x00000006c7800000)
}
Event: 4804.503 GC heap before
{Heap before GC invocations=166 (full 6):
 PSYoungGen      total 487936K, used 486016K [0x0000000797d00000, 0x00000007b5b00000, 0x0000000800000000)
  eden space 485888K, 100% used [0x0000000797d00000,0x00000007b5780000,0x00000007b5780000)
  from space 2048K, 6% used [0x00000007b5780000,0x00000007b57a0000,0x00000007b5980000)
  to   space 1536K, 0% used [0x00000007b5980000,0x00000007b5980000,0x00000007b5b00000)
 ParOldGen       total 1207808K, used 832298K [0x00000006c7800000, 0x0000000711380000, 0x0000000797d00000)
  object space 1207808K, 68% used [0x00000006c7800000,0x00000006fa4caa20,0x0000000711380000)
 PSPermGen       total 83968K, used 53354K [0x00000006c2600000, 0x00000006c7800000, 0x00000006c7800000)
  object space 83968K, 63% used [0x00000006c2600000,0x00000006c5a1ab38,0x00000006c7800000)
Event: 4804.506 GC heap after
Heap after GC invocations=166 (full 6):
 PSYoungGen      total 487936K, used 64K [0x0000000797d00000, 0x00000007b5b00000, 0x0000000800000000)
  eden space 486400K, 0% used [0x0000000797d00000,0x0000000797d00000,0x00000007b5800000)
  from space 1536K, 4% used [0x00000007b5980000,0x00000007b5990000,0x00000007b5b00000)
  to   space 1536K, 0% used [0x00000007b5800000,0x00000007b5800000,0x00000007b5980000)
 ParOldGen       total 1207808K, used 832298K [0x00000006c7800000, 0x0000000711380000, 0x0000000797d00000)
  object space 1207808K, 68% used [0x00000006c7800000,0x00000006fa4caa20,0x0000000711380000)
 PSPermGen       total 83968K, used 53354K [0x00000006c2600000, 0x00000006c7800000, 0x00000006c7800000)
  object space 83968K, 63% used [0x00000006c2600000,0x00000006c5a1ab38,0x00000006c7800000)
}
Event: 4825.808 GC heap before
{Heap before GC invocations=167 (full 6):
 PSYoungGen      total 487936K, used 486464K [0x0000000797d00000, 0x00000007b5b00000, 0x0000000800000000)
  eden space 486400K, 100% used [0x0000000797d00000,0x00000007b5800000,0x00000007b5800000)
  from space 1536K, 4% used [0x00000007b5980000,0x00000007b5990000,0x00000007b5b00000)
  to   space 1536K, 0% used [0x00000007b5800000,0x00000007b5800000,0x00000007b5980000)
 ParOldGen       total 1207808K, used 832298K [0x00000006c7800000, 0x0000000711380000, 0x0000000797d00000)
  object space 1207808K, 68% used [0x00000006c7800000,0x00000006fa4caa20,0x0000000711380000)
 PSPermGen       total 83968K, used 53491K [0x00000006c2600000, 0x00000006c7800000, 0x00000006c7800000)
  object space 83968K, 63% used [0x00000006c2600000,0x00000006c5a3ce38,0x00000006c7800000)
Event: 4825.811 GC heap after
Heap after GC invocations=167 (full 6):
 PSYoungGen      total 487936K, used 320K [0x0000000797d00000, 0x00000007b5b80000, 0x0000000800000000)
  eden space 486400K, 0% used [0x0000000797d00000,0x0000000797d00000,0x00000007b5800000)
  from space 1536K, 20% used [0x00000007b5800000,0x00000007b5850000,0x00000007b5980000)
  to   space 1536K, 0% used [0x00000007b5a00000,0x00000007b5a00000,0x00000007b5b80000)
 ParOldGen       total 1207808K, used 832298K [0x00000006c7800000, 0x0000000711380000, 0x0000000797d00000)
  object space 1207808K, 68% used [0x00000006c7800000,0x00000006fa4caa20,0x0000000711380000)
 PSPermGen       total 83968K, used 53491K [0x00000006c2600000, 0x00000006c7800000, 0x00000006c7800000)
  object space 83968K, 63% used [0x00000006c2600000,0x00000006c5a3ce38,0x00000006c7800000)
}

