# JRE version: Java(TM) SE Runtime Environment (7.0_45-b18) (build 1.7.0_45-b18)
# Java VM: Java HotSpot(TM) 64-Bit Server VM (24.45-b08 mixed mode linux-amd64 compressed oops)
Heap
 PSYoungGen      total 76800K, used 72630K [0x0000000797d00000, 0x000000079d280000, 0x0000000800000000)
  eden space 66048K, 93% used [0x0000000797d00000,0x000000079b96ef70,0x000000079bd80000)
  from space 10752K, 99% used [0x000000079c800000,0x000000079d27ec40,0x000000079d280000)
  to   space 10752K, 0% used [0x000000079bd80000,0x000000079bd80000,0x000000079c800000)
 ParOldGen       total 175104K, used 15258K [0x00000006c7800000, 0x00000006d2300000, 0x0000000797d00000)
  object space 175104K, 8% used [0x00000006c7800000,0x00000006c86e6860,0x00000006d2300000)
 PSPermGen       total 44544K, used 44336K [0x00000006c2600000, 0x00000006c5180000, 0x00000006c7800000)
  object space 44544K, 99% used [0x00000006c2600000,0x00000006c514c2f8,0x00000006c5180000)
GC Heap History (8 events):
Event: 0.768 GC heap before
{Heap before GC invocations=1 (full 0):
 PSYoungGen      total 76800K, used 66048K [0x0000000797d00000, 0x000000079d280000, 0x0000000800000000)
  eden space 66048K, 100% used [0x0000000797d00000,0x000000079bd80000,0x000000079bd80000)
  from space 10752K, 0% used [0x000000079c800000,0x000000079c800000,0x000000079d280000)
  to   space 10752K, 0% used [0x000000079bd80000,0x000000079bd80000,0x000000079c800000)
 ParOldGen       total 175104K, used 0K [0x00000006c7800000, 0x00000006d2300000, 0x0000000797d00000)
  object space 175104K, 0% used [0x00000006c7800000,0x00000006c7800000,0x00000006d2300000)
 PSPermGen       total 21504K, used 14600K [0x00000006c2600000, 0x00000006c3b00000, 0x00000006c7800000)
  object space 21504K, 67% used [0x00000006c2600000,0x00000006c34423c8,0x00000006c3b00000)
Event: 0.773 GC heap after
Heap after GC invocations=1 (full 0):
 PSYoungGen      total 76800K, used 5409K [0x0000000797d00000, 0x000000079d280000, 0x0000000800000000)
  eden space 66048K, 0% used [0x0000000797d00000,0x0000000797d00000,0x000000079bd80000)
  from space 10752K, 50% used [0x000000079bd80000,0x000000079c2c86e0,0x000000079c800000)
  to   space 10752K, 0% used [0x000000079c800000,0x000000079c800000,0x000000079d280000)
 ParOldGen       total 175104K, used 72K [0x00000006c7800000, 0x00000006d2300000, 0x0000000797d00000)
  object space 175104K, 0% used [0x00000006c7800000,0x00000006c7812010,0x00000006d2300000)
 PSPermGen       total 21504K, used 14600K [0x00000006c2600000, 0x00000006c3b00000, 0x00000006c7800000)
  object space 21504K, 67% used [0x00000006c2600000,0x00000006c34423c8,0x00000006c3b00000)
}
Event: 1.421 GC heap before
{Heap before GC invocations=2 (full 0):
 PSYoungGen      total 76800K, used 71457K [0x0000000797d00000, 0x000000079d280000, 0x0000000800000000)
  eden space 66048K, 100% used [0x0000000797d00000,0x000000079bd80000,0x000000079bd80000)
  from space 10752K, 50% used [0x000000079bd80000,0x000000079c2c86e0,0x000000079c800000)
  to   space 10752K, 0% used [0x000000079c800000,0x000000079c800000,0x000000079d280000)
 ParOldGen       total 175104K, used 72K [0x00000006c7800000, 0x00000006d2300000, 0x0000000797d00000)
  object space 175104K, 0% used [0x00000006c7800000,0x00000006c7812010,0x00000006d2300000)
 PSPermGen       total 22016K, used 21795K [0x00000006c2600000, 0x00000006c3b80000, 0x00000006c7800000)
  object space 22016K, 99% used [0x00000006c2600000,0x00000006c3b48fe8,0x00000006c3b80000)
Event: 1.428 GC heap after
Heap after GC invocations=2 (full 0):
 PSYoungGen      total 76800K, used 9542K [0x0000000797d00000, 0x000000079d280000, 0x0000000800000000)
  eden space 66048K, 0% used [0x0000000797d00000,0x0000000797d00000,0x000000079bd80000)
  from space 10752K, 88% used [0x000000079c800000,0x000000079d1518b0,0x000000079d280000)
  to   space 10752K, 0% used [0x000000079bd80000,0x000000079bd80000,0x000000079c800000)
 ParOldGen       total 175104K, used 80K [0x00000006c7800000, 0x00000006d2300000, 0x0000000797d00000)
  object space 175104K, 0% used [0x00000006c7800000,0x00000006c7814010,0x00000006d2300000)
 PSPermGen       total 22016K, used 21795K [0x00000006c2600000, 0x00000006c3b80000, 0x00000006c7800000)
  object space 22016K, 99% used [0x00000006c2600000,0x00000006c3b48fe8,0x00000006c3b80000)
}
Event: 2.556 GC heap before
{Heap before GC invocations=3 (full 0):
 PSYoungGen      total 76800K, used 75590K [0x0000000797d00000, 0x000000079d280000, 0x0000000800000000)
  eden space 66048K, 100% used [0x0000000797d00000,0x000000079bd80000,0x000000079bd80000)
  from space 10752K, 88% used [0x000000079c800000,0x000000079d1518b0,0x000000079d280000)
  to   space 10752K, 0% used [0x000000079bd80000,0x000000079bd80000,0x000000079c800000)
 ParOldGen       total 175104K, used 80K [0x00000006c7800000, 0x00000006d2300000, 0x0000000797d00000)
  object space 175104K, 0% used [0x00000006c7800000,0x00000006c7814010,0x00000006d2300000)
 PSPermGen       total 36352K, used 36291K [0x00000006c2600000, 0x00000006c4980000, 0x00000006c7800000)
  object space 36352K, 99% used [0x00000006c2600000,0x00000006c4970cc8,0x00000006c4980000)
Event: 2.567 GC heap after
Heap after GC invocations=3 (full 0):
 PSYoungGen      total 76800K, used 10732K [0x0000000797d00000, 0x000000079d280000, 0x0000000800000000)
  eden space 66048K, 0% used [0x0000000797d00000,0x0000000797d00000,0x000000079bd80000)
  from space 10752K, 99% used [0x000000079bd80000,0x000000079c7fb310,0x000000079c800000)
  to   space 10752K, 0% used [0x000000079c800000,0x000000079c800000,0x000000079d280000)
 ParOldGen       total 175104K, used 8325K [0x00000006c7800000, 0x00000006d2300000, 0x0000000797d00000)
  object space 175104K, 4% used [0x00000006c7800000,0x00000006c8021678,0x00000006d2300000)
 PSPermGen       total 36352K, used 36291K [0x00000006c2600000, 0x00000006c4980000, 0x00000006c7800000)
  object space 36352K, 99% used [0x00000006c2600000,0x00000006c4970cc8,0x00000006c4980000)
}
Event: 5.550 GC heap before
{Heap before GC invocations=4 (full 0):
 PSYoungGen      total 76800K, used 76780K [0x0000000797d00000, 0x000000079d280000, 0x0000000800000000)
  eden space 66048K, 100% used [0x0000000797d00000,0x000000079bd80000,0x000000079bd80000)
  from space 10752K, 99% used [0x000000079bd80000,0x000000079c7fb310,0x000000079c800000)
  to   space 10752K, 0% used [0x000000079c800000,0x000000079c800000,0x000000079d280000)
 ParOldGen       total 175104K, used 8325K [0x00000006c7800000, 0x00000006d2300000, 0x0000000797d00000)
  object space 175104K, 4% used [0x00000006c7800000,0x00000006c8021678,0x00000006d2300000)
 PSPermGen       total 43520K, used 43291K [0x00000006c2600000, 0x00000006c5080000, 0x00000006c7800000)
  object space 43520K, 99% used [0x00000006c2600000,0x00000006c5046d68,0x00000006c5080000)
Event: 5.561 GC heap after
Heap after GC invocations=4 (full 0):
 PSYoungGen      total 76800K, used 10747K [0x0000000797d00000, 0x000000079d280000, 0x0000000800000000)
  eden space 66048K, 0% used [0x0000000797d00000,0x0000000797d00000,0x000000079bd80000)
  from space 10752K, 99% used [0x000000079c800000,0x000000079d27ec40,0x000000079d280000)
  to   space 10752K, 0% used [0x000000079bd80000,0x000000079bd80000,0x000000079c800000)
 ParOldGen       total 175104K, used 15258K [0x00000006c7800000, 0x00000006d2300000, 0x0000000797d00000)
  object space 175104K, 8% used [0x00000006c7800000,0x00000006c86e6860,0x00000006d2300000)
 PSPermGen       total 43520K, used 43291K [0x00000006c2600000, 0x00000006c5080000, 0x00000006c7800000)
  object space 43520K, 99% used [0x00000006c2600000,0x00000006c5046d68,0x00000006c5080000)
}

