# JRE version: Java(TM) SE Runtime Environment (7.0_45-b18) (build 1.7.0_45-b18)
# Java VM: Java HotSpot(TM) 64-Bit Server VM (24.45-b08 mixed mode linux-amd64 compressed oops)
Heap
 PSYoungGen      total 443392K, used 416281K [0x0000000759500000, 0x0000000785680000, 0x0000000800000000)
  eden space 442880K, 93% used [0x0000000759500000,0x0000000772b66610,0x0000000774580000)
  from space 512K, 25% used [0x0000000775100000,0x0000000775120000,0x0000000775180000)
  to   space 139776K, 0% used [0x000000077ce00000,0x000000077ce00000,0x0000000785680000)
 ParOldGen       total 1575424K, used 999178K [0x000000060c000000, 0x000000066c280000, 0x0000000759500000)
  object space 1575424K, 63% used [0x000000060c000000,0x0000000648fc2b58,0x000000066c280000)
 PSPermGen       total 75776K, used 59540K [0x0000000606e00000, 0x000000060b800000, 0x000000060c000000)
  object space 75776K, 78% used [0x0000000606e00000,0x000000060a8250d0,0x000000060b800000)
GC Heap History (10 events):
Event: 20911.437 GC heap before
{Heap before GC invocations=127 (full 14):
 PSYoungGen      total 668672K, used 507040K [0x0000000759500000, 0x000000078ef00000, 0x0000000800000000)
  eden space 506880K, 100% used [0x0000000759500000,0x0000000778400000,0x0000000778400000)
  from space 161792K, 0% used [0x0000000785100000,0x0000000785128000,0x000000078ef00000)
  to   space 185856K, 0% used [0x0000000778400000,0x0000000778400000,0x0000000783980000)
 ParOldGen       total 1575424K, used 999178K [0x000000060c000000, 0x000000066c280000, 0x0000000759500000)
  object space 1575424K, 63% used [0x000000060c000000,0x0000000648fc2b58,0x000000066c280000)
 PSPermGen       total 75776K, used 59486K [0x0000000606e00000, 0x000000060b800000, 0x000000060c000000)
  object space 75776K, 78% used [0x0000000606e00000,0x000000060a817b60,0x000000060b800000)
Event: 20911.442 GC heap after
Heap after GC invocations=127 (full 14):
 PSYoungGen      total 493568K, used 128K [0x0000000759500000, 0x000000078cf80000, 0x0000000800000000)
  eden space 493056K, 0% used [0x0000000759500000,0x0000000759500000,0x0000000777680000)
  from space 512K, 25% used [0x0000000778400000,0x0000000778420000,0x0000000778480000)
  to   space 176640K, 0% used [0x0000000782300000,0x0000000782300000,0x000000078cf80000)
 ParOldGen       total 1575424K, used 999178K [0x000000060c000000, 0x000000066c280000, 0x0000000759500000)
  object space 1575424K, 63% used [0x000000060c000000,0x0000000648fc2b58,0x000000066c280000)
 PSPermGen       total 75776K, used 59486K [0x0000000606e00000, 0x000000060b800000, 0x000000060c000000)
  object space 75776K, 78% used [0x0000000606e00000,0x000000060a817b60,0x000000060b800000)
}
Event: 20996.531 GC heap before
{Heap before GC invocations=128 (full 14):
 PSYoungGen      total 493568K, used 493184K [0x0000000759500000, 0x000000078cf80000, 0x0000000800000000)
  eden space 493056K, 100% used [0x0000000759500000,0x0000000777680000,0x0000000777680000)
  from space 512K, 25% used [0x0000000778400000,0x0000000778420000,0x0000000778480000)
  to   space 176640K, 0% used [0x0000000782300000,0x0000000782300000,0x000000078cf80000)
 ParOldGen       total 1575424K, used 999178K [0x000000060c000000, 0x000000066c280000, 0x0000000759500000)
  object space 1575424K, 63% used [0x000000060c000000,0x0000000648fc2b58,0x000000066c280000)
 PSPermGen       total 75776K, used 59486K [0x0000000606e00000, 0x000000060b800000, 0x000000060c000000)
  object space 75776K, 78% used [0x0000000606e00000,0x000000060a817b60,0x000000060b800000)
Event: 20996.535 GC heap after
Heap after GC invocations=128 (full 14):
 PSYoungGen      total 623616K, used 96K [0x0000000759500000, 0x000000078af80000, 0x0000000800000000)
  eden space 479744K, 0% used [0x0000000759500000,0x0000000759500000,0x0000000776980000)
  from space 143872K, 0% used [0x0000000782300000,0x0000000782318000,0x000000078af80000)
  to   space 166912K, 0% used [0x0000000776980000,0x0000000776980000,0x0000000780c80000)
 ParOldGen       total 1575424K, used 999178K [0x000000060c000000, 0x000000066c280000, 0x0000000759500000)
  object space 1575424K, 63% used [0x000000060c000000,0x0000000648fc2b58,0x000000066c280000)
 PSPermGen       total 75776K, used 59486K [0x0000000606e00000, 0x000000060b800000, 0x000000060c000000)
  object space 75776K, 78% used [0x0000000606e00000,0x000000060a817b60,0x000000060b800000)
}
Event: 21079.393 GC heap before
{Heap before GC invocations=129 (full 14):
 PSYoungGen      total 623616K, used 479840K [0x0000000759500000, 0x000000078af80000, 0x0000000800000000)
  eden space 479744K, 100% used [0x0000000759500000,0x0000000776980000,0x0000000776980000)
  from space 143872K, 0% used [0x0000000782300000,0x0000000782318000,0x000000078af80000)
  to   space 166912K, 0% used [0x0000000776980000,0x0000000776980000,0x0000000780c80000)
 ParOldGen       total 1575424K, used 999178K [0x000000060c000000, 0x000000066c280000, 0x0000000759500000)
  object space 1575424K, 63% used [0x000000060c000000,0x0000000648fc2b58,0x000000066c280000)
 PSPermGen       total 75776K, used 59486K [0x0000000606e00000, 0x000000060b800000, 0x000000060c000000)
  object space 75776K, 78% used [0x0000000606e00000,0x000000060a817b60,0x000000060b800000)
Event: 21079.398 GC heap after
Heap after GC invocations=129 (full 14):
 PSYoungGen      total 467456K, used 96K [0x0000000759500000, 0x0000000789100000, 0x0000000800000000)
  eden space 466944K, 0% used [0x0000000759500000,0x0000000759500000,0x0000000775d00000)
  from space 512K, 18% used [0x0000000776980000,0x0000000776998000,0x0000000776a00000)
  to   space 157696K, 0% used [0x000000077f700000,0x000000077f700000,0x0000000789100000)
 ParOldGen       total 1575424K, used 999178K [0x000000060c000000, 0x000000066c280000, 0x0000000759500000)
  object space 1575424K, 63% used [0x000000060c000000,0x0000000648fc2b58,0x000000066c280000)
 PSPermGen       total 75776K, used 59486K [0x0000000606e00000, 0x000000060b800000, 0x000000060c000000)
  object space 75776K, 78% used [0x0000000606e00000,0x000000060a817b60,0x000000060b800000)
}
Event: 21159.884 GC heap before
{Heap before GC invocations=130 (full 14):
 PSYoungGen      total 467456K, used 467040K [0x0000000759500000, 0x0000000789100000, 0x0000000800000000)
  eden space 466944K, 100% used [0x0000000759500000,0x0000000775d00000,0x0000000775d00000)
  from space 512K, 18% used [0x0000000776980000,0x0000000776998000,0x0000000776a00000)
  to   space 157696K, 0% used [0x000000077f700000,0x000000077f700000,0x0000000789100000)
 ParOldGen       total 1575424K, used 999178K [0x000000060c000000, 0x000000066c280000, 0x0000000759500000)
  object space 1575424K, 63% used [0x000000060c000000,0x0000000648fc2b58,0x000000066c280000)
 PSPermGen       total 75776K, used 59486K [0x0000000606e00000, 0x000000060b800000, 0x000000060c000000)
  object space 75776K, 78% used [0x0000000606e00000,0x000000060a817b60,0x000000060b800000)
Event: 21159.889 GC heap after
Heap after GC invocations=130 (full 14):
 PSYoungGen      total 581632K, used 128K [0x0000000759500000, 0x0000000787300000, 0x0000000800000000)
  eden space 454656K, 0% used [0x0000000759500000,0x0000000759500000,0x0000000775100000)
  from space 126976K, 0% used [0x000000077f700000,0x000000077f720000,0x0000000787300000)
  to   space 148480K, 0% used [0x0000000775100000,0x0000000775100000,0x000000077e200000)
 ParOldGen       total 1575424K, used 999178K [0x000000060c000000, 0x000000066c280000, 0x0000000759500000)
  object space 1575424K, 63% used [0x000000060c000000,0x0000000648fc2b58,0x000000066c280000)
 PSPermGen       total 75776K, used 59486K [0x0000000606e00000, 0x000000060b800000, 0x000000060c000000)
  object space 75776K, 78% used [0x0000000606e00000,0x000000060a817b60,0x000000060b800000)
}
Event: 21238.402 GC heap before
{Heap before GC invocations=131 (full 14):
 PSYoungGen      total 581632K, used 454784K [0x0000000759500000, 0x0000000787300000, 0x0000000800000000)
  eden space 454656K, 100% used [0x0000000759500000,0x0000000775100000,0x0000000775100000)
  from space 126976K, 0% used [0x000000077f700000,0x000000077f720000,0x0000000787300000)
  to   space 148480K, 0% used [0x0000000775100000,0x0000000775100000,0x000000077e200000)
 ParOldGen       total 1575424K, used 999178K [0x000000060c000000, 0x000000066c280000, 0x0000000759500000)
  object space 1575424K, 63% used [0x000000060c000000,0x0000000648fc2b58,0x000000066c280000)
 PSPermGen       total 75776K, used 59486K [0x0000000606e00000, 0x000000060b800000, 0x000000060c000000)
  object space 75776K, 78% used [0x0000000606e00000,0x000000060a817b60,0x000000060b800000)
Event: 21238.407 GC heap after
Heap after GC invocations=131 (full 14):
 PSYoungGen      total 443392K, used 128K [0x0000000759500000, 0x0000000785680000, 0x0000000800000000)
  eden space 442880K, 0% used [0x0000000759500000,0x0000000759500000,0x0000000774580000)
  from space 512K, 25% used [0x0000000775100000,0x0000000775120000,0x0000000775180000)
  to   space 139776K, 0% used [0x000000077ce00000,0x000000077ce00000,0x0000000785680000)
 ParOldGen       total 1575424K, used 999178K [0x000000060c000000, 0x000000066c280000, 0x0000000759500000)
  object space 1575424K, 63% used [0x000000060c000000,0x0000000648fc2b58,0x000000066c280000)
 PSPermGen       total 75776K, used 59486K [0x0000000606e00000, 0x000000060b800000, 0x000000060c000000)
  object space 75776K, 78% used [0x0000000606e00000,0x000000060a817b60,0x000000060b800000)
}

