# JRE version: Java(TM) SE Runtime Environment (7.0_45-b18) (build 1.7.0_45-b18)
# Java VM: Java HotSpot(TM) 64-Bit Server VM (24.45-b08 mixed mode linux-amd64 compressed oops)
Heap
 PSYoungGen      total 354304K, used 352676K [0x0000000797d00000, 0x00000007b3080000, 0x0000000800000000)
  eden space 339456K, 99% used [0x0000000797d00000,0x00000007ac709340,0x00000007ac880000)
  from space 14848K, 99% used [0x00000007ac880000,0x00000007ad6dfe90,0x00000007ad700000)
  to   space 52224K, 0% used [0x00000007afd80000,0x00000007afd80000,0x00000007b3080000)
 ParOldGen       total 1339392K, used 923569K [0x00000006c7800000, 0x0000000719400000, 0x0000000797d00000)
  object space 1339392K, 68% used [0x00000006c7800000,0x00000006ffdec540,0x0000000719400000)
 PSPermGen       total 83968K, used 56104K [0x00000006c2600000, 0x00000006c7800000, 0x00000006c7800000)
  object space 83968K, 66% used [0x00000006c2600000,0x00000006c5cca2c8,0x00000006c7800000)
GC Heap History (10 events):
Event: 2086.599 GC heap before
{Heap before GC invocations=60 (full 7):
 PSYoungGen      total 389120K, used 339904K [0x0000000797d00000, 0x00000007b3280000, 0x0000000800000000)
  eden space 338432K, 100% used [0x0000000797d00000,0x00000007ac780000,0x00000007ac780000)
  from space 50688K, 2% used [0x00000007b0100000,0x00000007b0270000,0x00000007b3280000)
  to   space 54784K, 0% used [0x00000007ac780000,0x00000007ac780000,0x00000007afd00000)
 ParOldGen       total 1339392K, used 923137K [0x00000006c7800000, 0x0000000719400000, 0x0000000797d00000)
  object space 1339392K, 68% used [0x00000006c7800000,0x00000006ffd80540,0x0000000719400000)
 PSPermGen       total 83968K, used 55582K [0x00000006c2600000, 0x00000006c7800000, 0x00000006c7800000)
  object space 83968K, 66% used [0x00000006c2600000,0x00000006c5c478f8,0x00000006c7800000)
Event: 2086.611 GC heap after
Heap after GC invocations=60 (full 7):
 PSYoungGen      total 393216K, used 33485K [0x0000000797d00000, 0x00000007b4080000, 0x0000000800000000)
  eden space 338432K, 0% used [0x0000000797d00000,0x0000000797d00000,0x00000007ac780000)
  from space 54784K, 61% used [0x00000007ac780000,0x00000007ae8334c0,0x00000007afd00000)
  to   space 59904K, 0% used [0x00000007b0600000,0x00000007b0600000,0x00000007b4080000)
 ParOldGen       total 1339392K, used 923225K [0x00000006c7800000, 0x0000000719400000, 0x0000000797d00000)
  object space 1339392K, 68% used [0x00000006c7800000,0x00000006ffd96540,0x0000000719400000)
 PSPermGen       total 83968K, used 55582K [0x00000006c2600000, 0x00000006c7800000, 0x00000006c7800000)
  object space 83968K, 66% used [0x00000006c2600000,0x00000006c5c478f8,0x00000006c7800000)
}
Event: 2098.392 GC heap before
{Heap before GC invocations=61 (full 7):
 PSYoungGen      total 393216K, used 371917K [0x0000000797d00000, 0x00000007b4080000, 0x0000000800000000)
  eden space 338432K, 100% used [0x0000000797d00000,0x00000007ac780000,0x00000007ac780000)
  from space 54784K, 61% used [0x00000007ac780000,0x00000007ae8334c0,0x00000007afd00000)
  to   space 59904K, 0% used [0x00000007b0600000,0x00000007b0600000,0x00000007b4080000)
 ParOldGen       total 1339392K, used 923225K [0x00000006c7800000, 0x0000000719400000, 0x0000000797d00000)
  object space 1339392K, 68% used [0x00000006c7800000,0x00000006ffd96540,0x0000000719400000)
 PSPermGen       total 83968K, used 55582K [0x00000006c2600000, 0x00000006c7800000, 0x00000006c7800000)
  object space 83968K, 66% used [0x00000006c2600000,0x00000006c5c47b80,0x00000006c7800000)
Event: 2098.398 GC heap after
Heap after GC invocations=61 (full 7):
 PSYoungGen      total 391168K, used 6829K [0x0000000797d00000, 0x00000007b3680000, 0x0000000800000000)
  eden space 341504K, 0% used [0x0000000797d00000,0x0000000797d00000,0x00000007aca80000)
  from space 49664K, 13% used [0x00000007b0600000,0x00000007b0cab540,0x00000007b3680000)
  to   space 55296K, 0% used [0x00000007aca80000,0x00000007aca80000,0x00000007b0080000)
 ParOldGen       total 1339392K, used 923313K [0x00000006c7800000, 0x0000000719400000, 0x0000000797d00000)
  object space 1339392K, 68% used [0x00000006c7800000,0x00000006ffdac540,0x0000000719400000)
 PSPermGen       total 83968K, used 55582K [0x00000006c2600000, 0x00000006c7800000, 0x00000006c7800000)
  object space 83968K, 66% used [0x00000006c2600000,0x00000006c5c47b80,0x00000006c7800000)
}
Event: 2112.557 GC heap before
{Heap before GC invocations=62 (full 7):
 PSYoungGen      total 391168K, used 348333K [0x0000000797d00000, 0x00000007b3680000, 0x0000000800000000)
  eden space 341504K, 100% used [0x0000000797d00000,0x00000007aca80000,0x00000007aca80000)
  from space 49664K, 13% used [0x00000007b0600000,0x00000007b0cab540,0x00000007b3680000)
  to   space 55296K, 0% used [0x00000007aca80000,0x00000007aca80000,0x00000007b0080000)
 ParOldGen       total 1339392K, used 923313K [0x00000006c7800000, 0x0000000719400000, 0x0000000797d00000)
  object space 1339392K, 68% used [0x00000006c7800000,0x00000006ffdac540,0x0000000719400000)
 PSPermGen       total 83968K, used 55644K [0x00000006c2600000, 0x00000006c7800000, 0x00000006c7800000)
  object space 83968K, 66% used [0x00000006c2600000,0x00000006c5c57030,0x00000006c7800000)
Event: 2112.567 GC heap after
Heap after GC invocations=62 (full 7):
 PSYoungGen      total 351232K, used 9233K [0x0000000797d00000, 0x00000007b3000000, 0x0000000800000000)
  eden space 341504K, 0% used [0x0000000797d00000,0x0000000797d00000,0x00000007aca80000)
  from space 9728K, 94% used [0x00000007aca80000,0x00000007ad3846e0,0x00000007ad400000)
  to   space 50688K, 0% used [0x00000007afe80000,0x00000007afe80000,0x00000007b3000000)
 ParOldGen       total 1339392K, used 923393K [0x00000006c7800000, 0x0000000719400000, 0x0000000797d00000)
  object space 1339392K, 68% used [0x00000006c7800000,0x00000006ffdc0540,0x0000000719400000)
 PSPermGen       total 83968K, used 55644K [0x00000006c2600000, 0x00000006c7800000, 0x00000006c7800000)
  object space 83968K, 66% used [0x00000006c2600000,0x00000006c5c57030,0x00000006c7800000)
}
Event: 2120.038 GC heap before
{Heap before GC invocations=63 (full 7):
 PSYoungGen      total 351232K, used 350737K [0x0000000797d00000, 0x00000007b3000000, 0x0000000800000000)
  eden space 341504K, 100% used [0x0000000797d00000,0x00000007aca80000,0x00000007aca80000)
  from space 9728K, 94% used [0x00000007aca80000,0x00000007ad3846e0,0x00000007ad400000)
  to   space 50688K, 0% used [0x00000007afe80000,0x00000007afe80000,0x00000007b3000000)
 ParOldGen       total 1339392K, used 923393K [0x00000006c7800000, 0x0000000719400000, 0x0000000797d00000)
  object space 1339392K, 68% used [0x00000006c7800000,0x00000006ffdc0540,0x0000000719400000)
 PSPermGen       total 83968K, used 55814K [0x00000006c2600000, 0x00000006c7800000, 0x00000006c7800000)
  object space 83968K, 66% used [0x00000006c2600000,0x00000006c5c81868,0x00000006c7800000)
Event: 2120.083 GC heap after
Heap after GC invocations=63 (full 7):
 PSYoungGen      total 390144K, used 33085K [0x0000000797d00000, 0x00000007b3900000, 0x0000000800000000)
  eden space 339456K, 0% used [0x0000000797d00000,0x0000000797d00000,0x00000007ac880000)
  from space 50688K, 65% used [0x00000007afe80000,0x00000007b1ecf6e0,0x00000007b3000000)
  to   space 55296K, 0% used [0x00000007ac880000,0x00000007ac880000,0x00000007afe80000)
 ParOldGen       total 1339392K, used 923481K [0x00000006c7800000, 0x0000000719400000, 0x0000000797d00000)
  object space 1339392K, 68% used [0x00000006c7800000,0x00000006ffdd6540,0x0000000719400000)
 PSPermGen       total 83968K, used 55814K [0x00000006c2600000, 0x00000006c7800000, 0x00000006c7800000)
  object space 83968K, 66% used [0x00000006c2600000,0x00000006c5c81868,0x00000006c7800000)
}
Event: 2190.205 GC heap before
{Heap before GC invocations=64 (full 7):
 PSYoungGen      total 390144K, used 372541K [0x0000000797d00000, 0x00000007b3900000, 0x0000000800000000)
  eden space 339456K, 100% used [0x0000000797d00000,0x00000007ac880000,0x00000007ac880000)
  from space 50688K, 65% used [0x00000007afe80000,0x00000007b1ecf6e0,0x00000007b3000000)
  to   space 55296K, 0% used [0x00000007ac880000,0x00000007ac880000,0x00000007afe80000)
 ParOldGen       total 1339392K, used 923481K [0x00000006c7800000, 0x0000000719400000, 0x0000000797d00000)
  object space 1339392K, 68% used [0x00000006c7800000,0x00000006ffdd6540,0x0000000719400000)
 PSPermGen       total 83968K, used 55835K [0x00000006c2600000, 0x00000006c7800000, 0x00000006c7800000)
  object space 83968K, 66% used [0x00000006c2600000,0x00000006c5c86e48,0x00000006c7800000)
Event: 2190.212 GC heap after
Heap after GC invocations=64 (full 7):
 PSYoungGen      total 354304K, used 14719K [0x0000000797d00000, 0x00000007b3080000, 0x0000000800000000)
  eden space 339456K, 0% used [0x0000000797d00000,0x0000000797d00000,0x00000007ac880000)
  from space 14848K, 99% used [0x00000007ac880000,0x00000007ad6dfe90,0x00000007ad700000)
  to   space 52224K, 0% used [0x00000007afd80000,0x00000007afd80000,0x00000007b3080000)
 ParOldGen       total 1339392K, used 923569K [0x00000006c7800000, 0x0000000719400000, 0x0000000797d00000)
  object space 1339392K, 68% used [0x00000006c7800000,0x00000006ffdec540,0x0000000719400000)
 PSPermGen       total 83968K, used 55835K [0x00000006c2600000, 0x00000006c7800000, 0x00000006c7800000)
  object space 83968K, 66% used [0x00000006c2600000,0x00000006c5c86e48,0x00000006c7800000)
}

