# JRE version: Java(TM) SE Runtime Environment (7.0_45-b18) (build 1.7.0_45-b18)
# Java VM: Java HotSpot(TM) 64-Bit Server VM (24.45-b08 mixed mode linux-amd64 compressed oops)
Heap
 PSYoungGen      total 89600K, used 76879K [0x0000000759500000, 0x0000000761100000, 0x0000000800000000)
  eden space 61440K, 79% used [0x0000000759500000,0x000000075c4e7988,0x000000075d100000)
  from space 28160K, 98% used [0x000000075e980000,0x00000007604ac628,0x0000000760500000)
  to   space 12288K, 0% used [0x0000000760500000,0x0000000760500000,0x0000000761100000)
 ParOldGen       total 175104K, used 38640K [0x000000060c000000, 0x0000000616b00000, 0x0000000759500000)
  object space 175104K, 22% used [0x000000060c000000,0x000000060e5bc028,0x0000000616b00000)
 PSPermGen       total 52224K, used 51995K [0x0000000606e00000, 0x000000060a100000, 0x000000060c000000)
  object space 52224K, 99% used [0x0000000606e00000,0x000000060a0c6ee0,0x000000060a100000)
GC Heap History (10 events):
Event: 2.167 GC heap before
{Heap before GC invocations=3 (full 0):
 PSYoungGen      total 76800K, used 75398K [0x0000000759500000, 0x000000075ea80000, 0x0000000800000000)
  eden space 66048K, 100% used [0x0000000759500000,0x000000075d580000,0x000000075d580000)
  from space 10752K, 86% used [0x000000075e000000,0x000000075e921a88,0x000000075ea80000)
  to   space 10752K, 0% used [0x000000075d580000,0x000000075d580000,0x000000075e000000)
 ParOldGen       total 175104K, used 80K [0x000000060c000000, 0x0000000616b00000, 0x0000000759500000)
  object space 175104K, 0% used [0x000000060c000000,0x000000060c014010,0x0000000616b00000)
 PSPermGen       total 35328K, used 35267K [0x0000000606e00000, 0x0000000609080000, 0x000000060c000000)
  object space 35328K, 99% used [0x0000000606e00000,0x0000000609070c60,0x0000000609080000)
Event: 2.177 GC heap after
Heap after GC invocations=3 (full 0):
 PSYoungGen      total 76800K, used 10733K [0x0000000759500000, 0x0000000762b00000, 0x0000000800000000)
  eden space 66048K, 0% used [0x0000000759500000,0x0000000759500000,0x000000075d580000)
  from space 10752K, 99% used [0x000000075d580000,0x000000075dffb7f0,0x000000075e000000)
  to   space 10752K, 0% used [0x0000000762080000,0x0000000762080000,0x0000000762b00000)
 ParOldGen       total 175104K, used 8125K [0x000000060c000000, 0x0000000616b00000, 0x0000000759500000)
  object space 175104K, 4% used [0x000000060c000000,0x000000060c7ef600,0x0000000616b00000)
 PSPermGen       total 35328K, used 35267K [0x0000000606e00000, 0x0000000609080000, 0x000000060c000000)
  object space 35328K, 99% used [0x0000000606e00000,0x0000000609070c60,0x0000000609080000)
}
Event: 4.373 GC heap before
{Heap before GC invocations=4 (full 0):
 PSYoungGen      total 76800K, used 76781K [0x0000000759500000, 0x0000000762b00000, 0x0000000800000000)
  eden space 66048K, 100% used [0x0000000759500000,0x000000075d580000,0x000000075d580000)
  from space 10752K, 99% used [0x000000075d580000,0x000000075dffb7f0,0x000000075e000000)
  to   space 10752K, 0% used [0x0000000762080000,0x0000000762080000,0x0000000762b00000)
 ParOldGen       total 175104K, used 8125K [0x000000060c000000, 0x0000000616b00000, 0x0000000759500000)
  object space 175104K, 4% used [0x000000060c000000,0x000000060c7ef600,0x0000000616b00000)
 PSPermGen       total 43520K, used 43042K [0x0000000606e00000, 0x0000000609880000, 0x000000060c000000)
  object space 43520K, 98% used [0x0000000606e00000,0x0000000609808bd8,0x0000000609880000)
Event: 4.385 GC heap after
Heap after GC invocations=4 (full 0):
 PSYoungGen      total 76800K, used 10738K [0x0000000759500000, 0x0000000762b00000, 0x0000000800000000)
  eden space 66048K, 0% used [0x0000000759500000,0x0000000759500000,0x000000075d580000)
  from space 10752K, 99% used [0x0000000762080000,0x0000000762afc8a0,0x0000000762b00000)
  to   space 10752K, 0% used [0x000000075d580000,0x000000075d580000,0x000000075e000000)
 ParOldGen       total 175104K, used 15561K [0x000000060c000000, 0x0000000616b00000, 0x0000000759500000)
  object space 175104K, 8% used [0x000000060c000000,0x000000060cf32580,0x0000000616b00000)
 PSPermGen       total 43520K, used 43042K [0x0000000606e00000, 0x0000000609880000, 0x000000060c000000)
  object space 43520K, 98% used [0x0000000606e00000,0x0000000609808bd8,0x0000000609880000)
}
Event: 12.530 GC heap before
{Heap before GC invocations=5 (full 0):
 PSYoungGen      total 76800K, used 70566K [0x0000000759500000, 0x0000000762b00000, 0x0000000800000000)
  eden space 66048K, 90% used [0x0000000759500000,0x000000075cf6d238,0x000000075d580000)
  from space 10752K, 99% used [0x0000000762080000,0x0000000762afc8a0,0x0000000762b00000)
  to   space 10752K, 0% used [0x000000075d580000,0x000000075d580000,0x000000075e000000)
 ParOldGen       total 175104K, used 15561K [0x000000060c000000, 0x0000000616b00000, 0x0000000759500000)
  object space 175104K, 8% used [0x000000060c000000,0x000000060cf32580,0x0000000616b00000)
 PSPermGen       total 47104K, used 46954K [0x0000000606e00000, 0x0000000609c00000, 0x000000060c000000)
  object space 47104K, 99% used [0x0000000606e00000,0x0000000609bda8f8,0x0000000609c00000)
Event: 12.539 GC heap after
Heap after GC invocations=5 (full 0):
 PSYoungGen      total 75264K, used 10722K [0x0000000759500000, 0x0000000762100000, 0x0000000800000000)
  eden space 64512K, 0% used [0x0000000759500000,0x0000000759500000,0x000000075d400000)
  from space 10752K, 99% used [0x000000075d580000,0x000000075dff8a80,0x000000075e000000)
  to   space 24064K, 0% used [0x0000000760980000,0x0000000760980000,0x0000000762100000)
 ParOldGen       total 175104K, used 20773K [0x000000060c000000, 0x0000000616b00000, 0x0000000759500000)
  object space 175104K, 11% used [0x000000060c000000,0x000000060d449518,0x0000000616b00000)
 PSPermGen       total 47104K, used 46954K [0x0000000606e00000, 0x0000000609c00000, 0x000000060c000000)
  object space 47104K, 99% used [0x0000000606e00000,0x0000000609bda8f8,0x0000000609c00000)
}
Event: 15.327 GC heap before
{Heap before GC invocations=6 (full 0):
 PSYoungGen      total 75264K, used 75234K [0x0000000759500000, 0x0000000762100000, 0x0000000800000000)
  eden space 64512K, 100% used [0x0000000759500000,0x000000075d400000,0x000000075d400000)
  from space 10752K, 99% used [0x000000075d580000,0x000000075dff8a80,0x000000075e000000)
  to   space 24064K, 0% used [0x0000000760980000,0x0000000760980000,0x0000000762100000)
 ParOldGen       total 175104K, used 20773K [0x000000060c000000, 0x0000000616b00000, 0x0000000759500000)
  object space 175104K, 11% used [0x000000060c000000,0x000000060d449518,0x0000000616b00000)
 PSPermGen       total 51200K, used 50723K [0x0000000606e00000, 0x000000060a000000, 0x000000060c000000)
  object space 51200K, 99% used [0x0000000606e00000,0x0000000609f88dd0,0x000000060a000000)
Event: 15.338 GC heap after
Heap after GC invocations=6 (full 0):
 PSYoungGen      total 86528K, used 23456K [0x0000000759500000, 0x0000000762080000, 0x0000000800000000)
  eden space 62976K, 0% used [0x0000000759500000,0x0000000759500000,0x000000075d280000)
  from space 23552K, 99% used [0x0000000760980000,0x0000000762068170,0x0000000762080000)
  to   space 28160K, 0% used [0x000000075e980000,0x000000075e980000,0x0000000760500000)
 ParOldGen       total 175104K, used 28335K [0x000000060c000000, 0x0000000616b00000, 0x0000000759500000)
  object space 175104K, 16% used [0x000000060c000000,0x000000060dbabfd8,0x0000000616b00000)
 PSPermGen       total 51200K, used 50723K [0x0000000606e00000, 0x000000060a000000, 0x000000060c000000)
  object space 51200K, 99% used [0x0000000606e00000,0x0000000609f88dd0,0x000000060a000000)
}
Event: 22.746 GC heap before
{Heap before GC invocations=7 (full 0):
 PSYoungGen      total 86528K, used 86432K [0x0000000759500000, 0x0000000762080000, 0x0000000800000000)
  eden space 62976K, 100% used [0x0000000759500000,0x000000075d280000,0x000000075d280000)
  from space 23552K, 99% used [0x0000000760980000,0x0000000762068170,0x0000000762080000)
  to   space 28160K, 0% used [0x000000075e980000,0x000000075e980000,0x0000000760500000)
 ParOldGen       total 175104K, used 28335K [0x000000060c000000, 0x0000000616b00000, 0x0000000759500000)
  object space 175104K, 16% used [0x000000060c000000,0x000000060dbabfd8,0x0000000616b00000)
 PSPermGen       total 52224K, used 51787K [0x0000000606e00000, 0x000000060a100000, 0x000000060c000000)
  object space 52224K, 99% used [0x0000000606e00000,0x000000060a092c00,0x000000060a100000)
Event: 22.760 GC heap after
Heap after GC invocations=7 (full 0):
 PSYoungGen      total 89600K, used 27825K [0x0000000759500000, 0x0000000761100000, 0x0000000800000000)
  eden space 61440K, 0% used [0x0000000759500000,0x0000000759500000,0x000000075d100000)
  from space 28160K, 98% used [0x000000075e980000,0x00000007604ac628,0x0000000760500000)
  to   space 12288K, 0% used [0x0000000760500000,0x0000000760500000,0x0000000761100000)
 ParOldGen       total 175104K, used 38640K [0x000000060c000000, 0x0000000616b00000, 0x0000000759500000)
  object space 175104K, 22% used [0x000000060c000000,0x000000060e5bc028,0x0000000616b00000)
 PSPermGen       total 52224K, used 51787K [0x0000000606e00000, 0x000000060a100000, 0x000000060c000000)
  object space 52224K, 99% used [0x0000000606e00000,0x000000060a092c00,0x000000060a100000)
}

