# JRE version: Java(TM) SE Runtime Environment (7.0_45-b18) (build 1.7.0_45-b18)
# Java VM: Java HotSpot(TM) 64-Bit Server VM (24.45-b08 mixed mode linux-amd64 compressed oops)
Heap
 PSYoungGen      total 96768K, used 36881K [0x0000000759500000, 0x0000000761d00000, 0x0000000800000000)
  eden space 60416K, 33% used [0x0000000759500000,0x000000075a8f8650,0x000000075d000000)
  from space 36352K, 45% used [0x000000075f980000,0x000000076098bdd0,0x0000000761d00000)
  to   space 39424K, 0% used [0x000000075d000000,0x000000075d000000,0x000000075f680000)
 ParOldGen       total 175104K, used 60872K [0x000000060c000000, 0x0000000616b00000, 0x0000000759500000)
  object space 175104K, 34% used [0x000000060c000000,0x000000060fb720f0,0x0000000616b00000)
 PSPermGen       total 52736K, used 52661K [0x0000000606e00000, 0x000000060a180000, 0x000000060c000000)
  object space 52736K, 99% used [0x0000000606e00000,0x000000060a16d570,0x000000060a180000)
GC Heap History (10 events):
Event: 5.380 GC heap before
{Heap before GC invocations=4 (full 0):
 PSYoungGen      total 76800K, used 74003K [0x0000000759500000, 0x000000075ea80000, 0x0000000800000000)
  eden space 66048K, 95% used [0x0000000759500000,0x000000075d2ca960,0x000000075d580000)
  from space 10752K, 99% used [0x000000075d580000,0x000000075dffa5c8,0x000000075e000000)
  to   space 10752K, 0% used [0x000000075e000000,0x000000075e000000,0x000000075ea80000)
 ParOldGen       total 175104K, used 5695K [0x000000060c000000, 0x0000000616b00000, 0x0000000759500000)
  object space 175104K, 3% used [0x000000060c000000,0x000000060c58fc80,0x0000000616b00000)
 PSPermGen       total 41472K, used 41362K [0x0000000606e00000, 0x0000000609680000, 0x000000060c000000)
  object space 41472K, 99% used [0x0000000606e00000,0x00000006096649f8,0x0000000609680000)
Event: 5.390 GC heap after
Heap after GC invocations=4 (full 0):
 PSYoungGen      total 76800K, used 10723K [0x0000000759500000, 0x000000075ea80000, 0x0000000800000000)
  eden space 66048K, 0% used [0x0000000759500000,0x0000000759500000,0x000000075d580000)
  from space 10752K, 99% used [0x000000075e000000,0x000000075ea78fb0,0x000000075ea80000)
  to   space 10752K, 0% used [0x000000075d580000,0x000000075d580000,0x000000075e000000)
 ParOldGen       total 175104K, used 19232K [0x000000060c000000, 0x0000000616b00000, 0x0000000759500000)
  object space 175104K, 10% used [0x000000060c000000,0x000000060d2c8300,0x0000000616b00000)
 PSPermGen       total 41472K, used 41362K [0x0000000606e00000, 0x0000000609680000, 0x000000060c000000)
  object space 41472K, 99% used [0x0000000606e00000,0x00000006096649f8,0x0000000609680000)
}
Event: 7.127 GC heap before
{Heap before GC invocations=5 (full 0):
 PSYoungGen      total 76800K, used 76771K [0x0000000759500000, 0x000000075ea80000, 0x0000000800000000)
  eden space 66048K, 100% used [0x0000000759500000,0x000000075d580000,0x000000075d580000)
  from space 10752K, 99% used [0x000000075e000000,0x000000075ea78fb0,0x000000075ea80000)
  to   space 10752K, 0% used [0x000000075d580000,0x000000075d580000,0x000000075e000000)
 ParOldGen       total 175104K, used 19232K [0x000000060c000000, 0x0000000616b00000, 0x0000000759500000)
  object space 175104K, 10% used [0x000000060c000000,0x000000060d2c8300,0x0000000616b00000)
 PSPermGen       total 46592K, used 46180K [0x0000000606e00000, 0x0000000609b80000, 0x000000060c000000)
  object space 46592K, 99% used [0x0000000606e00000,0x0000000609b190a0,0x0000000609b80000)
Event: 7.138 GC heap after
Heap after GC invocations=5 (full 0):
 PSYoungGen      total 75264K, used 10745K [0x0000000759500000, 0x0000000762f00000, 0x0000000800000000)
  eden space 64512K, 0% used [0x0000000759500000,0x0000000759500000,0x000000075d400000)
  from space 10752K, 99% used [0x000000075d580000,0x000000075dffe510,0x000000075e000000)
  to   space 46592K, 0% used [0x0000000760180000,0x0000000760180000,0x0000000762f00000)
 ParOldGen       total 175104K, used 54211K [0x000000060c000000, 0x0000000616b00000, 0x0000000759500000)
  object space 175104K, 30% used [0x000000060c000000,0x000000060f4f0cc0,0x0000000616b00000)
 PSPermGen       total 46592K, used 46180K [0x0000000606e00000, 0x0000000609b80000, 0x000000060c000000)
  object space 46592K, 99% used [0x0000000606e00000,0x0000000609b190a0,0x0000000609b80000)
}
Event: 17.440 GC heap before
{Heap before GC invocations=6 (full 0):
 PSYoungGen      total 75264K, used 75257K [0x0000000759500000, 0x0000000762f00000, 0x0000000800000000)
  eden space 64512K, 100% used [0x0000000759500000,0x000000075d400000,0x000000075d400000)
  from space 10752K, 99% used [0x000000075d580000,0x000000075dffe510,0x000000075e000000)
  to   space 46592K, 0% used [0x0000000760180000,0x0000000760180000,0x0000000762f00000)
 ParOldGen       total 175104K, used 54211K [0x000000060c000000, 0x0000000616b00000, 0x0000000759500000)
  object space 175104K, 30% used [0x000000060c000000,0x000000060f4f0cc0,0x0000000616b00000)
 PSPermGen       total 49664K, used 49487K [0x0000000606e00000, 0x0000000609e80000, 0x000000060c000000)
  object space 49664K, 99% used [0x0000000606e00000,0x0000000609e53c88,0x0000000609e80000)
Event: 17.450 GC heap after
Heap after GC invocations=6 (full 0):
 PSYoungGen      total 101888K, used 15422K [0x0000000759500000, 0x0000000762780000, 0x0000000800000000)
  eden space 62976K, 0% used [0x0000000759500000,0x0000000759500000,0x000000075d280000)
  from space 38912K, 39% used [0x0000000760180000,0x000000076108fa90,0x0000000762780000)
  to   space 43520K, 0% used [0x000000075d280000,0x000000075d280000,0x000000075fd00000)
 ParOldGen       total 175104K, used 54219K [0x000000060c000000, 0x0000000616b00000, 0x0000000759500000)
  object space 175104K, 30% used [0x000000060c000000,0x000000060f4f2cc0,0x0000000616b00000)
 PSPermGen       total 49664K, used 49487K [0x0000000606e00000, 0x0000000609e80000, 0x000000060c000000)
  object space 49664K, 99% used [0x0000000606e00000,0x0000000609e53c88,0x0000000609e80000)
}
Event: 25.402 GC heap before
{Heap before GC invocations=7 (full 0):
 PSYoungGen      total 101888K, used 70981K [0x0000000759500000, 0x0000000762780000, 0x0000000800000000)
  eden space 62976K, 88% used [0x0000000759500000,0x000000075cb41b98,0x000000075d280000)
  from space 38912K, 39% used [0x0000000760180000,0x000000076108fa90,0x0000000762780000)
  to   space 43520K, 0% used [0x000000075d280000,0x000000075d280000,0x000000075fd00000)
 ParOldGen       total 175104K, used 54219K [0x000000060c000000, 0x0000000616b00000, 0x0000000759500000)
  object space 175104K, 30% used [0x000000060c000000,0x000000060f4f2cc0,0x0000000616b00000)
 PSPermGen       total 49664K, used 49552K [0x0000000606e00000, 0x0000000609e80000, 0x000000060c000000)
  object space 49664K, 99% used [0x0000000606e00000,0x0000000609e643e0,0x0000000609e80000)
Event: 25.413 GC heap after
Heap after GC invocations=7 (full 0):
 PSYoungGen      total 82944K, used 21170K [0x0000000759500000, 0x0000000762200000, 0x0000000800000000)
  eden space 61440K, 0% used [0x0000000759500000,0x0000000759500000,0x000000075d100000)
  from space 21504K, 98% used [0x000000075d280000,0x000000075e72cb58,0x000000075e780000)
  to   space 41472K, 0% used [0x000000075f980000,0x000000075f980000,0x0000000762200000)
 ParOldGen       total 175104K, used 56714K [0x000000060c000000, 0x0000000616b00000, 0x0000000759500000)
  object space 175104K, 32% used [0x000000060c000000,0x000000060f762ba8,0x0000000616b00000)
 PSPermGen       total 49664K, used 49552K [0x0000000606e00000, 0x0000000609e80000, 0x000000060c000000)
  object space 49664K, 99% used [0x0000000606e00000,0x0000000609e643e0,0x0000000609e80000)
}
Event: 43.937 GC heap before
{Heap before GC invocations=8 (full 0):
 PSYoungGen      total 82944K, used 82610K [0x0000000759500000, 0x0000000762200000, 0x0000000800000000)
  eden space 61440K, 100% used [0x0000000759500000,0x000000075d100000,0x000000075d100000)
  from space 21504K, 98% used [0x000000075d280000,0x000000075e72cb58,0x000000075e780000)
  to   space 41472K, 0% used [0x000000075f980000,0x000000075f980000,0x0000000762200000)
 ParOldGen       total 175104K, used 56714K [0x000000060c000000, 0x0000000616b00000, 0x0000000759500000)
  object space 175104K, 32% used [0x000000060c000000,0x000000060f762ba8,0x0000000616b00000)
 PSPermGen       total 51712K, used 51539K [0x0000000606e00000, 0x000000060a080000, 0x000000060c000000)
  object space 51712K, 99% used [0x0000000606e00000,0x000000060a054d38,0x000000060a080000)
Event: 43.947 GC heap after
Heap after GC invocations=8 (full 0):
 PSYoungGen      total 96768K, used 16431K [0x0000000759500000, 0x0000000761d00000, 0x0000000800000000)
  eden space 60416K, 0% used [0x0000000759500000,0x0000000759500000,0x000000075d000000)
  from space 36352K, 45% used [0x000000075f980000,0x000000076098bdd0,0x0000000761d00000)
  to   space 39424K, 0% used [0x000000075d000000,0x000000075d000000,0x000000075f680000)
 ParOldGen       total 175104K, used 60872K [0x000000060c000000, 0x0000000616b00000, 0x0000000759500000)
  object space 175104K, 34% used [0x000000060c000000,0x000000060fb720f0,0x0000000616b00000)
 PSPermGen       total 51712K, used 51539K [0x0000000606e00000, 0x000000060a080000, 0x000000060c000000)
  object space 51712K, 99% used [0x0000000606e00000,0x000000060a054d38,0x000000060a080000)
}

