# JRE version: Java(TM) SE Runtime Environment (7.0_45-b18) (build 1.7.0_45-b18)
# Java VM: Java HotSpot(TM) 64-Bit Server VM (24.45-b08 mixed mode linux-amd64 compressed oops)
Heap
 PSYoungGen      total 180224K, used 54089K [0x0000000759500000, 0x000000076c500000, 0x0000000800000000)
  eden space 142336K, 11% used [0x0000000759500000,0x000000075a4d5408,0x0000000762000000)
  from space 37888K, 99% used [0x000000076a000000,0x000000076c4fd138,0x000000076c500000)
  to   space 49664K, 0% used [0x0000000766400000,0x0000000766400000,0x0000000769480000)
 ParOldGen       total 175104K, used 76652K [0x000000060c000000, 0x0000000616b00000, 0x0000000759500000)
  object space 175104K, 43% used [0x000000060c000000,0x0000000610adb360,0x0000000616b00000)
 PSPermGen       total 51200K, used 51155K [0x0000000606e00000, 0x000000060a000000, 0x000000060c000000)
  object space 51200K, 99% used [0x0000000606e00000,0x0000000609ff4cb0,0x000000060a000000)
GC Heap History (10 events):
Event: 6.786 GC heap before
{Heap before GC invocations=6 (full 0):
 PSYoungGen      total 75264K, used 75244K [0x0000000759500000, 0x0000000762100000, 0x0000000800000000)
  eden space 64512K, 100% used [0x0000000759500000,0x000000075d400000,0x000000075d400000)
  from space 10752K, 99% used [0x000000075d580000,0x000000075dffb2f8,0x000000075e000000)
  to   space 35328K, 0% used [0x000000075fe80000,0x000000075fe80000,0x0000000762100000)
 ParOldGen       total 175104K, used 37129K [0x000000060c000000, 0x0000000616b00000, 0x0000000759500000)
  object space 175104K, 21% used [0x000000060c000000,0x000000060e442738,0x0000000616b00000)
 PSPermGen       total 46080K, used 46005K [0x0000000606e00000, 0x0000000609b00000, 0x000000060c000000)
  object space 46080K, 99% used [0x0000000606e00000,0x0000000609aed520,0x0000000609b00000)
Event: 6.801 GC heap after
Heap after GC invocations=6 (full 0):
 PSYoungGen      total 109056K, used 20847K [0x0000000759500000, 0x0000000765600000, 0x0000000800000000)
  eden space 73728K, 0% used [0x0000000759500000,0x0000000759500000,0x000000075dd00000)
  from space 35328K, 59% used [0x000000075fe80000,0x00000007612dbfa0,0x0000000762100000)
  to   space 34304K, 0% used [0x000000075dd00000,0x000000075dd00000,0x000000075fe80000)
 ParOldGen       total 175104K, used 37129K [0x000000060c000000, 0x0000000616b00000, 0x0000000759500000)
  object space 175104K, 21% used [0x000000060c000000,0x000000060e442738,0x0000000616b00000)
 PSPermGen       total 46080K, used 46005K [0x0000000606e00000, 0x0000000609b00000, 0x000000060c000000)
  object space 46080K, 99% used [0x0000000606e00000,0x0000000609aed520,0x0000000609b00000)
}
Event: 7.790 GC heap before
{Heap before GC invocations=7 (full 0):
 PSYoungGen      total 109056K, used 94575K [0x0000000759500000, 0x0000000765600000, 0x0000000800000000)
  eden space 73728K, 100% used [0x0000000759500000,0x000000075dd00000,0x000000075dd00000)
  from space 35328K, 59% used [0x000000075fe80000,0x00000007612dbfa0,0x0000000762100000)
  to   space 34304K, 0% used [0x000000075dd00000,0x000000075dd00000,0x000000075fe80000)
 ParOldGen       total 175104K, used 37129K [0x000000060c000000, 0x0000000616b00000, 0x0000000759500000)
  object space 175104K, 21% used [0x000000060c000000,0x000000060e442738,0x0000000616b00000)
 PSPermGen       total 47616K, used 47275K [0x0000000606e00000, 0x0000000609c80000, 0x000000060c000000)
  object space 47616K, 99% used [0x0000000606e00000,0x0000000609c2aca0,0x0000000609c80000)
Event: 7.812 GC heap after
Heap after GC invocations=7 (full 0):
 PSYoungGen      total 108032K, used 30995K [0x0000000759500000, 0x0000000767100000, 0x0000000800000000)
  eden space 73728K, 0% used [0x0000000759500000,0x0000000759500000,0x000000075dd00000)
  from space 34304K, 90% used [0x000000075dd00000,0x000000075fb44f48,0x000000075fe80000)
  to   space 38912K, 0% used [0x0000000764b00000,0x0000000764b00000,0x0000000767100000)
 ParOldGen       total 175104K, used 40807K [0x000000060c000000, 0x0000000616b00000, 0x0000000759500000)
  object space 175104K, 23% used [0x000000060c000000,0x000000060e7d9cd0,0x0000000616b00000)
 PSPermGen       total 47616K, used 47275K [0x0000000606e00000, 0x0000000609c80000, 0x000000060c000000)
  object space 47616K, 99% used [0x0000000606e00000,0x0000000609c2aca0,0x0000000609c80000)
}
Event: 9.395 GC heap before
{Heap before GC invocations=8 (full 0):
 PSYoungGen      total 108032K, used 104723K [0x0000000759500000, 0x0000000767100000, 0x0000000800000000)
  eden space 73728K, 100% used [0x0000000759500000,0x000000075dd00000,0x000000075dd00000)
  from space 34304K, 90% used [0x000000075dd00000,0x000000075fb44f48,0x000000075fe80000)
  to   space 38912K, 0% used [0x0000000764b00000,0x0000000764b00000,0x0000000767100000)
 ParOldGen       total 175104K, used 40807K [0x000000060c000000, 0x0000000616b00000, 0x0000000759500000)
  object space 175104K, 23% used [0x000000060c000000,0x000000060e7d9cd0,0x0000000616b00000)
 PSPermGen       total 48128K, used 47828K [0x0000000606e00000, 0x0000000609d00000, 0x000000060c000000)
  object space 48128K, 99% used [0x0000000606e00000,0x0000000609cb50f0,0x0000000609d00000)
Event: 9.412 GC heap after
Heap after GC invocations=8 (full 0):
 PSYoungGen      total 185856K, used 25832K [0x0000000759500000, 0x0000000767200000, 0x0000000800000000)
  eden space 146944K, 0% used [0x0000000759500000,0x0000000759500000,0x0000000762480000)
  from space 38912K, 66% used [0x0000000764b00000,0x000000076643a058,0x0000000767100000)
  to   space 39424K, 0% used [0x0000000762480000,0x0000000762480000,0x0000000764b00000)
 ParOldGen       total 175104K, used 46489K [0x000000060c000000, 0x0000000616b00000, 0x0000000759500000)
  object space 175104K, 26% used [0x000000060c000000,0x000000060ed66780,0x0000000616b00000)
 PSPermGen       total 48128K, used 47828K [0x0000000606e00000, 0x0000000609d00000, 0x000000060c000000)
  object space 48128K, 99% used [0x0000000606e00000,0x0000000609cb50f0,0x0000000609d00000)
}
Event: 23.810 GC heap before
{Heap before GC invocations=9 (full 0):
 PSYoungGen      total 185856K, used 172776K [0x0000000759500000, 0x0000000767200000, 0x0000000800000000)
  eden space 146944K, 100% used [0x0000000759500000,0x0000000762480000,0x0000000762480000)
  from space 38912K, 66% used [0x0000000764b00000,0x000000076643a058,0x0000000767100000)
  to   space 39424K, 0% used [0x0000000762480000,0x0000000762480000,0x0000000764b00000)
 ParOldGen       total 175104K, used 46489K [0x000000060c000000, 0x0000000616b00000, 0x0000000759500000)
  object space 175104K, 26% used [0x000000060c000000,0x000000060ed66780,0x0000000616b00000)
 PSPermGen       total 49152K, used 48928K [0x0000000606e00000, 0x0000000609e00000, 0x000000060c000000)
  object space 49152K, 99% used [0x0000000606e00000,0x0000000609dc81f8,0x0000000609e00000)
Event: 23.828 GC heap after
Heap after GC invocations=9 (full 0):
 PSYoungGen      total 186368K, used 21655K [0x0000000759500000, 0x000000076c500000, 0x0000000800000000)
  eden space 146944K, 0% used [0x0000000759500000,0x0000000759500000,0x0000000762480000)
  from space 39424K, 54% used [0x0000000762480000,0x00000007639a5f70,0x0000000764b00000)
  to   space 37888K, 0% used [0x000000076a000000,0x000000076a000000,0x000000076c500000)
 ParOldGen       total 175104K, used 57392K [0x000000060c000000, 0x0000000616b00000, 0x0000000759500000)
  object space 175104K, 32% used [0x000000060c000000,0x000000060f80c278,0x0000000616b00000)
 PSPermGen       total 49152K, used 48928K [0x0000000606e00000, 0x0000000609e00000, 0x000000060c000000)
  object space 49152K, 99% used [0x0000000606e00000,0x0000000609dc81f8,0x0000000609e00000)
}
Event: 48.481 GC heap before
{Heap before GC invocations=10 (full 0):
 PSYoungGen      total 186368K, used 168599K [0x0000000759500000, 0x000000076c500000, 0x0000000800000000)
  eden space 146944K, 100% used [0x0000000759500000,0x0000000762480000,0x0000000762480000)
  from space 39424K, 54% used [0x0000000762480000,0x00000007639a5f70,0x0000000764b00000)
  to   space 37888K, 0% used [0x000000076a000000,0x000000076a000000,0x000000076c500000)
 ParOldGen       total 175104K, used 57392K [0x000000060c000000, 0x0000000616b00000, 0x0000000759500000)
  object space 175104K, 32% used [0x000000060c000000,0x000000060f80c278,0x0000000616b00000)
 PSPermGen       total 51200K, used 51004K [0x0000000606e00000, 0x000000060a000000, 0x000000060c000000)
  object space 51200K, 99% used [0x0000000606e00000,0x0000000609fcf098,0x000000060a000000)
Event: 48.500 GC heap after
Heap after GC invocations=10 (full 0):
 PSYoungGen      total 180224K, used 37876K [0x0000000759500000, 0x000000076c500000, 0x0000000800000000)
  eden space 142336K, 0% used [0x0000000759500000,0x0000000759500000,0x0000000762000000)
  from space 37888K, 99% used [0x000000076a000000,0x000000076c4fd138,0x000000076c500000)
  to   space 49664K, 0% used [0x0000000766400000,0x0000000766400000,0x0000000769480000)
 ParOldGen       total 175104K, used 76652K [0x000000060c000000, 0x0000000616b00000, 0x0000000759500000)
  object space 175104K, 43% used [0x000000060c000000,0x0000000610adb360,0x0000000616b00000)
 PSPermGen       total 51200K, used 51004K [0x0000000606e00000, 0x000000060a000000, 0x000000060c000000)
  object space 51200K, 99% used [0x0000000606e00000,0x0000000609fcf098,0x000000060a000000)
}

