# JRE version: Java(TM) SE Runtime Environment (7.0_45-b18) (build 1.7.0_45-b18)
# Java VM: Java HotSpot(TM) 64-Bit Server VM (24.45-b08 mixed mode linux-amd64 compressed oops)
Heap
 PSYoungGen      total 72704K, used 33013K [0x0000000797d00000, 0x000000079f280000, 0x0000000800000000)
  eden space 60416K, 34% used [0x0000000797d00000,0x0000000799144fd8,0x000000079b800000)
  from space 12288K, 99% used [0x000000079e680000,0x000000079f278548,0x000000079f280000)
  to   space 25600K, 0% used [0x000000079c080000,0x000000079c080000,0x000000079d980000)
 ParOldGen       total 175104K, used 28965K [0x00000006c7800000, 0x00000006d2300000, 0x0000000797d00000)
  object space 175104K, 16% used [0x00000006c7800000,0x00000006c9449518,0x00000006d2300000)
 PSPermGen       total 52736K, used 52602K [0x00000006c2600000, 0x00000006c5980000, 0x00000006c7800000)
  object space 52736K, 99% used [0x00000006c2600000,0x00000006c595eb98,0x00000006c5980000)
GC Heap History (10 events):
Event: 4.665 GC heap before
{Heap before GC invocations=4 (full 0):
 PSYoungGen      total 76800K, used 76775K [0x0000000797d00000, 0x00000007a1300000, 0x0000000800000000)
  eden space 66048K, 100% used [0x0000000797d00000,0x000000079bd80000,0x000000079bd80000)
  from space 10752K, 99% used [0x000000079bd80000,0x000000079c7f9d00,0x000000079c800000)
  to   space 10752K, 0% used [0x00000007a0880000,0x00000007a0880000,0x00000007a1300000)
 ParOldGen       total 175104K, used 8453K [0x00000006c7800000, 0x00000006d2300000, 0x0000000797d00000)
  object space 175104K, 4% used [0x00000006c7800000,0x00000006c8041748,0x00000006d2300000)
 PSPermGen       total 43520K, used 43285K [0x00000006c2600000, 0x00000006c5080000, 0x00000006c7800000)
  object space 43520K, 99% used [0x00000006c2600000,0x00000006c5045450,0x00000006c5080000)
Event: 4.675 GC heap after
Heap after GC invocations=4 (full 0):
 PSYoungGen      total 76800K, used 10743K [0x0000000797d00000, 0x00000007a1300000, 0x0000000800000000)
  eden space 66048K, 0% used [0x0000000797d00000,0x0000000797d00000,0x000000079bd80000)
  from space 10752K, 99% used [0x00000007a0880000,0x00000007a12fdf30,0x00000007a1300000)
  to   space 10752K, 0% used [0x000000079bd80000,0x000000079bd80000,0x000000079c800000)
 ParOldGen       total 175104K, used 15230K [0x00000006c7800000, 0x00000006d2300000, 0x0000000797d00000)
  object space 175104K, 8% used [0x00000006c7800000,0x00000006c86df970,0x00000006d2300000)
 PSPermGen       total 43520K, used 43285K [0x00000006c2600000, 0x00000006c5080000, 0x00000006c7800000)
  object space 43520K, 99% used [0x00000006c2600000,0x00000006c5045450,0x00000006c5080000)
}
Event: 10.614 GC heap before
{Heap before GC invocations=5 (full 0):
 PSYoungGen      total 76800K, used 76791K [0x0000000797d00000, 0x00000007a1300000, 0x0000000800000000)
  eden space 66048K, 100% used [0x0000000797d00000,0x000000079bd80000,0x000000079bd80000)
  from space 10752K, 99% used [0x00000007a0880000,0x00000007a12fdf30,0x00000007a1300000)
  to   space 10752K, 0% used [0x000000079bd80000,0x000000079bd80000,0x000000079c800000)
 ParOldGen       total 175104K, used 15230K [0x00000006c7800000, 0x00000006d2300000, 0x0000000797d00000)
  object space 175104K, 8% used [0x00000006c7800000,0x00000006c86df970,0x00000006d2300000)
 PSPermGen       total 47616K, used 47557K [0x00000006c2600000, 0x00000006c5480000, 0x00000006c7800000)
  object space 47616K, 99% used [0x00000006c2600000,0x00000006c54715b0,0x00000006c5480000)
Event: 10.624 GC heap after
Heap after GC invocations=5 (full 0):
 PSYoungGen      total 75264K, used 10732K [0x0000000797d00000, 0x00000007a0900000, 0x0000000800000000)
  eden space 64512K, 0% used [0x0000000797d00000,0x0000000797d00000,0x000000079bc00000)
  from space 10752K, 99% used [0x000000079bd80000,0x000000079c7fb0c8,0x000000079c800000)
  to   space 23552K, 0% used [0x000000079f200000,0x000000079f200000,0x00000007a0900000)
 ParOldGen       total 175104K, used 20049K [0x00000006c7800000, 0x00000006d2300000, 0x0000000797d00000)
  object space 175104K, 11% used [0x00000006c7800000,0x00000006c8b94648,0x00000006d2300000)
 PSPermGen       total 47616K, used 47557K [0x00000006c2600000, 0x00000006c5480000, 0x00000006c7800000)
  object space 47616K, 99% used [0x00000006c2600000,0x00000006c54715b0,0x00000006c5480000)
}
Event: 22.237 GC heap before
{Heap before GC invocations=6 (full 0):
 PSYoungGen      total 75264K, used 75244K [0x0000000797d00000, 0x00000007a0900000, 0x0000000800000000)
  eden space 64512K, 100% used [0x0000000797d00000,0x000000079bc00000,0x000000079bc00000)
  from space 10752K, 99% used [0x000000079bd80000,0x000000079c7fb0c8,0x000000079c800000)
  to   space 23552K, 0% used [0x000000079f200000,0x000000079f200000,0x00000007a0900000)
 ParOldGen       total 175104K, used 20049K [0x00000006c7800000, 0x00000006d2300000, 0x0000000797d00000)
  object space 175104K, 11% used [0x00000006c7800000,0x00000006c8b94648,0x00000006d2300000)
 PSPermGen       total 50688K, used 50275K [0x00000006c2600000, 0x00000006c5780000, 0x00000006c7800000)
  object space 50688K, 99% used [0x00000006c2600000,0x00000006c5718c40,0x00000006c5780000)
Event: 22.248 GC heap after
Heap after GC invocations=6 (full 0):
 PSYoungGen      total 80896K, used 17720K [0x0000000797d00000, 0x00000007a0380000, 0x0000000800000000)
  eden space 62976K, 0% used [0x0000000797d00000,0x0000000797d00000,0x000000079ba80000)
  from space 17920K, 98% used [0x000000079f200000,0x00000007a034e000,0x00000007a0380000)
  to   space 24576K, 0% used [0x000000079d380000,0x000000079d380000,0x000000079eb80000)
 ParOldGen       total 175104K, used 20057K [0x00000006c7800000, 0x00000006d2300000, 0x0000000797d00000)
  object space 175104K, 11% used [0x00000006c7800000,0x00000006c8b96648,0x00000006d2300000)
 PSPermGen       total 50688K, used 50275K [0x00000006c2600000, 0x00000006c5780000, 0x00000006c7800000)
  object space 50688K, 99% used [0x00000006c2600000,0x00000006c5718c40,0x00000006c5780000)
}
Event: 50.139 GC heap before
{Heap before GC invocations=7 (full 0):
 PSYoungGen      total 80896K, used 80696K [0x0000000797d00000, 0x00000007a0380000, 0x0000000800000000)
  eden space 62976K, 100% used [0x0000000797d00000,0x000000079ba80000,0x000000079ba80000)
  from space 17920K, 98% used [0x000000079f200000,0x00000007a034e000,0x00000007a0380000)
  to   space 24576K, 0% used [0x000000079d380000,0x000000079d380000,0x000000079eb80000)
 ParOldGen       total 175104K, used 20057K [0x00000006c7800000, 0x00000006d2300000, 0x0000000797d00000)
  object space 175104K, 11% used [0x00000006c7800000,0x00000006c8b96648,0x00000006d2300000)
 PSPermGen       total 51200K, used 51124K [0x00000006c2600000, 0x00000006c5800000, 0x00000006c7800000)
  object space 51200K, 99% used [0x00000006c2600000,0x00000006c57ed1c8,0x00000006c5800000)
Event: 50.151 GC heap after
Heap after GC invocations=7 (full 0):
 PSYoungGen      total 80896K, used 19344K [0x0000000797d00000, 0x000000079f280000, 0x0000000800000000)
  eden space 61440K, 0% used [0x0000000797d00000,0x0000000797d00000,0x000000079b900000)
  from space 19456K, 99% used [0x000000079d380000,0x000000079e664248,0x000000079e680000)
  to   space 12288K, 0% used [0x000000079e680000,0x000000079e680000,0x000000079f280000)
 ParOldGen       total 175104K, used 23848K [0x00000006c7800000, 0x00000006d2300000, 0x0000000797d00000)
  object space 175104K, 13% used [0x00000006c7800000,0x00000006c8f4a0e0,0x00000006d2300000)
 PSPermGen       total 51200K, used 51124K [0x00000006c2600000, 0x00000006c5800000, 0x00000006c7800000)
  object space 51200K, 99% used [0x00000006c2600000,0x00000006c57ed1c8,0x00000006c5800000)
}
Event: 66.779 GC heap before
{Heap before GC invocations=8 (full 0):
 PSYoungGen      total 80896K, used 80784K [0x0000000797d00000, 0x000000079f280000, 0x0000000800000000)
  eden space 61440K, 100% used [0x0000000797d00000,0x000000079b900000,0x000000079b900000)
  from space 19456K, 99% used [0x000000079d380000,0x000000079e664248,0x000000079e680000)
  to   space 12288K, 0% used [0x000000079e680000,0x000000079e680000,0x000000079f280000)
 ParOldGen       total 175104K, used 23848K [0x00000006c7800000, 0x00000006d2300000, 0x0000000797d00000)
  object space 175104K, 13% used [0x00000006c7800000,0x00000006c8f4a0e0,0x00000006d2300000)
 PSPermGen       total 52736K, used 52460K [0x00000006c2600000, 0x00000006c5980000, 0x00000006c7800000)
  object space 52736K, 99% used [0x00000006c2600000,0x00000006c593b170,0x00000006c5980000)
Event: 66.788 GC heap after
Heap after GC invocations=8 (full 0):
 PSYoungGen      total 72704K, used 12257K [0x0000000797d00000, 0x000000079f280000, 0x0000000800000000)
  eden space 60416K, 0% used [0x0000000797d00000,0x0000000797d00000,0x000000079b800000)
  from space 12288K, 99% used [0x000000079e680000,0x000000079f278548,0x000000079f280000)
  to   space 25600K, 0% used [0x000000079c080000,0x000000079c080000,0x000000079d980000)
 ParOldGen       total 175104K, used 28965K [0x00000006c7800000, 0x00000006d2300000, 0x0000000797d00000)
  object space 175104K, 16% used [0x00000006c7800000,0x00000006c9449518,0x00000006d2300000)
 PSPermGen       total 52736K, used 52460K [0x00000006c2600000, 0x00000006c5980000, 0x00000006c7800000)
  object space 52736K, 99% used [0x00000006c2600000,0x00000006c593b170,0x00000006c5980000)
}

