# JRE version: Java(TM) SE Runtime Environment (7.0_45-b18) (build 1.7.0_45-b18)
# Java VM: Java HotSpot(TM) 64-Bit Server VM (24.45-b08 mixed mode linux-amd64 compressed oops)
Heap
 PSYoungGen      total 76288K, used 40154K [0x0000000797d00000, 0x000000079d280000, 0x0000000800000000)
  eden space 65536K, 59% used [0x0000000797d00000,0x000000079a2ce930,0x000000079bd00000)
  from space 10752K, 13% used [0x000000079bd00000,0x000000079be68010,0x000000079c780000)
  to   space 9728K, 0% used [0x000000079c900000,0x000000079c900000,0x000000079d280000)
 ParOldGen       total 175104K, used 127559K [0x00000006c7800000, 0x00000006d2300000, 0x0000000797d00000)
  object space 175104K, 72% used [0x00000006c7800000,0x00000006cf491d10,0x00000006d2300000)
 PSPermGen       total 55296K, used 54961K [0x00000006c2600000, 0x00000006c5c00000, 0x00000006c7800000)
  object space 55296K, 99% used [0x00000006c2600000,0x00000006c5bac4b0,0x00000006c5c00000)
GC Heap History (10 events):
Event: 236.721 GC heap before
{Heap before GC invocations=39 (full 0):
 PSYoungGen      total 73216K, used 59824K [0x0000000797d00000, 0x000000079d280000, 0x0000000800000000)
  eden space 57856K, 100% used [0x0000000797d00000,0x000000079b580000,0x000000079b580000)
  from space 15360K, 12% used [0x000000079c380000,0x000000079c56c020,0x000000079d280000)
  to   space 14336K, 0% used [0x000000079b580000,0x000000079b580000,0x000000079c380000)
 ParOldGen       total 175104K, used 125774K [0x00000006c7800000, 0x00000006d2300000, 0x0000000797d00000)
  object space 175104K, 71% used [0x00000006c7800000,0x00000006cf2d3850,0x00000006d2300000)
 PSPermGen       total 54784K, used 54743K [0x00000006c2600000, 0x00000006c5b80000, 0x00000006c7800000)
  object space 54784K, 99% used [0x00000006c2600000,0x00000006c5b75d78,0x00000006c5b80000)
Event: 236.723 GC heap after
Heap after GC invocations=39 (full 0):
 PSYoungGen      total 72192K, used 544K [0x0000000797d00000, 0x000000079d280000, 0x0000000800000000)
  eden space 57856K, 0% used [0x0000000797d00000,0x0000000797d00000,0x000000079b580000)
  from space 14336K, 3% used [0x000000079b580000,0x000000079b608000,0x000000079c380000)
  to   space 13312K, 0% used [0x000000079c580000,0x000000079c580000,0x000000079d280000)
 ParOldGen       total 175104K, used 126535K [0x00000006c7800000, 0x00000006d2300000, 0x0000000797d00000)
  object space 175104K, 72% used [0x00000006c7800000,0x00000006cf391f00,0x00000006d2300000)
 PSPermGen       total 54784K, used 54743K [0x00000006c2600000, 0x00000006c5b80000, 0x00000006c7800000)
  object space 54784K, 99% used [0x00000006c2600000,0x00000006c5b75d78,0x00000006c5b80000)
}
Event: 376.235 GC heap before
{Heap before GC invocations=40 (full 0):
 PSYoungGen      total 72192K, used 58400K [0x0000000797d00000, 0x000000079d280000, 0x0000000800000000)
  eden space 57856K, 100% used [0x0000000797d00000,0x000000079b580000,0x000000079b580000)
  from space 14336K, 3% used [0x000000079b580000,0x000000079b608000,0x000000079c380000)
  to   space 13312K, 0% used [0x000000079c580000,0x000000079c580000,0x000000079d280000)
 ParOldGen       total 175104K, used 126535K [0x00000006c7800000, 0x00000006d2300000, 0x0000000797d00000)
  object space 175104K, 72% used [0x00000006c7800000,0x00000006cf391f00,0x00000006d2300000)
 PSPermGen       total 54784K, used 54778K [0x00000006c2600000, 0x00000006c5b80000, 0x00000006c7800000)
  object space 54784K, 99% used [0x00000006c2600000,0x00000006c5b7eb08,0x00000006c5b80000)
Event: 376.237 GC heap after
Heap after GC invocations=40 (full 0):
 PSYoungGen      total 75264K, used 576K [0x0000000797d00000, 0x000000079d280000, 0x0000000800000000)
  eden space 61952K, 0% used [0x0000000797d00000,0x0000000797d00000,0x000000079b980000)
  from space 13312K, 4% used [0x000000079c580000,0x000000079c610000,0x000000079d280000)
  to   space 12288K, 0% used [0x000000079b980000,0x000000079b980000,0x000000079c580000)
 ParOldGen       total 175104K, used 126639K [0x00000006c7800000, 0x00000006d2300000, 0x0000000797d00000)
  object space 175104K, 72% used [0x00000006c7800000,0x00000006cf3abf30,0x00000006d2300000)
 PSPermGen       total 54784K, used 54778K [0x00000006c2600000, 0x00000006c5b80000, 0x00000006c7800000)
  object space 54784K, 99% used [0x00000006c2600000,0x00000006c5b7eb08,0x00000006c5b80000)
}
Event: 403.955 GC heap before
{Heap before GC invocations=41 (full 0):
 PSYoungGen      total 75264K, used 62528K [0x0000000797d00000, 0x000000079d280000, 0x0000000800000000)
  eden space 61952K, 100% used [0x0000000797d00000,0x000000079b980000,0x000000079b980000)
  from space 13312K, 4% used [0x000000079c580000,0x000000079c610000,0x000000079d280000)
  to   space 12288K, 0% used [0x000000079b980000,0x000000079b980000,0x000000079c580000)
 ParOldGen       total 175104K, used 126639K [0x00000006c7800000, 0x00000006d2300000, 0x0000000797d00000)
  object space 175104K, 72% used [0x00000006c7800000,0x00000006cf3abf30,0x00000006d2300000)
 PSPermGen       total 55296K, used 54809K [0x00000006c2600000, 0x00000006c5c00000, 0x00000006c7800000)
  object space 55296K, 99% used [0x00000006c2600000,0x00000006c5b86788,0x00000006c5c00000)
Event: 403.958 GC heap after
Heap after GC invocations=41 (full 0):
 PSYoungGen      total 74240K, used 1654K [0x0000000797d00000, 0x000000079d280000, 0x0000000800000000)
  eden space 61952K, 0% used [0x0000000797d00000,0x0000000797d00000,0x000000079b980000)
  from space 12288K, 13% used [0x000000079b980000,0x000000079bb1dbc0,0x000000079c580000)
  to   space 11264K, 0% used [0x000000079c780000,0x000000079c780000,0x000000079d280000)
 ParOldGen       total 175104K, used 126951K [0x00000006c7800000, 0x00000006d2300000, 0x0000000797d00000)
  object space 175104K, 72% used [0x00000006c7800000,0x00000006cf3f9f30,0x00000006d2300000)
 PSPermGen       total 55296K, used 54809K [0x00000006c2600000, 0x00000006c5c00000, 0x00000006c7800000)
  object space 55296K, 99% used [0x00000006c2600000,0x00000006c5b86788,0x00000006c5c00000)
}
Event: 412.593 GC heap before
{Heap before GC invocations=42 (full 0):
 PSYoungGen      total 74240K, used 63606K [0x0000000797d00000, 0x000000079d280000, 0x0000000800000000)
  eden space 61952K, 100% used [0x0000000797d00000,0x000000079b980000,0x000000079b980000)
  from space 12288K, 13% used [0x000000079b980000,0x000000079bb1dbc0,0x000000079c580000)
  to   space 11264K, 0% used [0x000000079c780000,0x000000079c780000,0x000000079d280000)
 ParOldGen       total 175104K, used 126951K [0x00000006c7800000, 0x00000006d2300000, 0x0000000797d00000)
  object space 175104K, 72% used [0x00000006c7800000,0x00000006cf3f9f30,0x00000006d2300000)
 PSPermGen       total 55296K, used 54810K [0x00000006c2600000, 0x00000006c5c00000, 0x00000006c7800000)
  object space 55296K, 99% used [0x00000006c2600000,0x00000006c5b86a20,0x00000006c5c00000)
Event: 412.596 GC heap after
Heap after GC invocations=42 (full 0):
 PSYoungGen      total 76800K, used 224K [0x0000000797d00000, 0x000000079d280000, 0x0000000800000000)
  eden space 65536K, 0% used [0x0000000797d00000,0x0000000797d00000,0x000000079bd00000)
  from space 11264K, 1% used [0x000000079c780000,0x000000079c7b8000,0x000000079d280000)
  to   space 10752K, 0% used [0x000000079bd00000,0x000000079bd00000,0x000000079c780000)
 ParOldGen       total 175104K, used 127535K [0x00000006c7800000, 0x00000006d2300000, 0x0000000797d00000)
  object space 175104K, 72% used [0x00000006c7800000,0x00000006cf48bd10,0x00000006d2300000)
 PSPermGen       total 55296K, used 54810K [0x00000006c2600000, 0x00000006c5c00000, 0x00000006c7800000)
  object space 55296K, 99% used [0x00000006c2600000,0x00000006c5b86a20,0x00000006c5c00000)
}
Event: 417.821 GC heap before
{Heap before GC invocations=43 (full 0):
 PSYoungGen      total 76800K, used 65760K [0x0000000797d00000, 0x000000079d280000, 0x0000000800000000)
  eden space 65536K, 100% used [0x0000000797d00000,0x000000079bd00000,0x000000079bd00000)
  from space 11264K, 1% used [0x000000079c780000,0x000000079c7b8000,0x000000079d280000)
  to   space 10752K, 0% used [0x000000079bd00000,0x000000079bd00000,0x000000079c780000)
 ParOldGen       total 175104K, used 127535K [0x00000006c7800000, 0x00000006d2300000, 0x0000000797d00000)
  object space 175104K, 72% used [0x00000006c7800000,0x00000006cf48bd10,0x00000006d2300000)
 PSPermGen       total 55296K, used 54836K [0x00000006c2600000, 0x00000006c5c00000, 0x00000006c7800000)
  object space 55296K, 99% used [0x00000006c2600000,0x00000006c5b8d180,0x00000006c5c00000)
Event: 417.824 GC heap after
Heap after GC invocations=43 (full 0):
 PSYoungGen      total 76288K, used 1440K [0x0000000797d00000, 0x000000079d280000, 0x0000000800000000)
  eden space 65536K, 0% used [0x0000000797d00000,0x0000000797d00000,0x000000079bd00000)
  from space 10752K, 13% used [0x000000079bd00000,0x000000079be68010,0x000000079c780000)
  to   space 9728K, 0% used [0x000000079c900000,0x000000079c900000,0x000000079d280000)
 ParOldGen       total 175104K, used 127559K [0x00000006c7800000, 0x00000006d2300000, 0x0000000797d00000)
  object space 175104K, 72% used [0x00000006c7800000,0x00000006cf491d10,0x00000006d2300000)
 PSPermGen       total 55296K, used 54836K [0x00000006c2600000, 0x00000006c5c00000, 0x00000006c7800000)
  object space 55296K, 99% used [0x00000006c2600000,0x00000006c5b8d180,0x00000006c5c00000)
}

