# JRE version: Java(TM) SE Runtime Environment (7.0_45-b18) (build 1.7.0_45-b18)
# Java VM: Java HotSpot(TM) 64-Bit Server VM (24.45-b08 mixed mode linux-amd64 compressed oops)
Heap
 PSYoungGen      total 574464K, used 558095K [0x0000000797d00000, 0x00000007c3280000, 0x0000000800000000)
  eden space 572928K, 97% used [0x0000000797d00000,0x00000007b9cebe48,0x00000007bac80000)
  from space 1536K, 72% used [0x00000007c3100000,0x00000007c3218000,0x00000007c3280000)
  to   space 63488K, 0% used [0x00000007bb680000,0x00000007bb680000,0x00000007bf480000)
 ParOldGen       total 296960K, used 197250K [0x00000006c7800000, 0x00000006d9a00000, 0x0000000797d00000)
  object space 296960K, 66% used [0x00000006c7800000,0x00000006d38a0a40,0x00000006d9a00000)
 PSPermGen       total 83968K, used 54903K [0x00000006c2600000, 0x00000006c7800000, 0x00000006c7800000)
  object space 83968K, 65% used [0x00000006c2600000,0x00000006c5b9df50,0x00000006c7800000)
GC Heap History (10 events):
Event: 27.470 GC heap before
{Heap before GC invocations=13 (full 0):
 PSYoungGen      total 304128K, used 280507K [0x0000000797d00000, 0x00000007ad200000, 0x0000000800000000)
  eden space 262144K, 100% used [0x0000000797d00000,0x00000007a7d00000,0x00000007a7d00000)
  from space 41984K, 43% used [0x00000007aa900000,0x00000007abaeeee8,0x00000007ad200000)
  to   space 43520K, 0% used [0x00000007a7d00000,0x00000007a7d00000,0x00000007aa780000)
 ParOldGen       total 175104K, used 103243K [0x00000006c7800000, 0x00000006d2300000, 0x0000000797d00000)
  object space 175104K, 58% used [0x00000006c7800000,0x00000006cdcd2d60,0x00000006d2300000)
 PSPermGen       total 49664K, used 49210K [0x00000006c2600000, 0x00000006c5680000, 0x00000006c7800000)
  object space 49664K, 99% used [0x00000006c2600000,0x00000006c560e8e0,0x00000006c5680000)
Event: 27.484 GC heap after
Heap after GC invocations=13 (full 0):
 PSYoungGen      total 305664K, used 24729K [0x0000000797d00000, 0x00000007b6a00000, 0x0000000800000000)
  eden space 262144K, 0% used [0x0000000797d00000,0x0000000797d00000,0x00000007a7d00000)
  from space 43520K, 56% used [0x00000007a7d00000,0x00000007a95267a8,0x00000007aa780000)
  to   space 42496K, 0% used [0x00000007b4080000,0x00000007b4080000,0x00000007b6a00000)
 ParOldGen       total 175104K, used 106624K [0x00000006c7800000, 0x00000006d2300000, 0x0000000797d00000)
  object space 175104K, 60% used [0x00000006c7800000,0x00000006ce020350,0x00000006d2300000)
 PSPermGen       total 49664K, used 49210K [0x00000006c2600000, 0x00000006c5680000, 0x00000006c7800000)
  object space 49664K, 99% used [0x00000006c2600000,0x00000006c560e8e0,0x00000006c5680000)
}
Event: 45.734 GC heap before
{Heap before GC invocations=14 (full 0):
 PSYoungGen      total 305664K, used 286873K [0x0000000797d00000, 0x00000007b6a00000, 0x0000000800000000)
  eden space 262144K, 100% used [0x0000000797d00000,0x00000007a7d00000,0x00000007a7d00000)
  from space 43520K, 56% used [0x00000007a7d00000,0x00000007a95267a8,0x00000007aa780000)
  to   space 42496K, 0% used [0x00000007b4080000,0x00000007b4080000,0x00000007b6a00000)
 ParOldGen       total 175104K, used 106624K [0x00000006c7800000, 0x00000006d2300000, 0x0000000797d00000)
  object space 175104K, 60% used [0x00000006c7800000,0x00000006ce020350,0x00000006d2300000)
 PSPermGen       total 50688K, used 50413K [0x00000006c2600000, 0x00000006c5780000, 0x00000006c7800000)
  object space 50688K, 99% used [0x00000006c2600000,0x00000006c573b6e0,0x00000006c5780000)
Event: 45.764 GC heap after
Heap after GC invocations=14 (full 0):
 PSYoungGen      total 446464K, used 42494K [0x0000000797d00000, 0x00000007b8900000, 0x0000000800000000)
  eden space 403968K, 0% used [0x0000000797d00000,0x0000000797d00000,0x00000007b0780000)
  from space 42496K, 99% used [0x00000007b4080000,0x00000007b69ffa48,0x00000007b6a00000)
  to   space 58368K, 0% used [0x00000007b0780000,0x00000007b0780000,0x00000007b4080000)
 ParOldGen       total 175104K, used 134544K [0x00000006c7800000, 0x00000006d2300000, 0x0000000797d00000)
  object space 175104K, 76% used [0x00000006c7800000,0x00000006cfb643a8,0x00000006d2300000)
 PSPermGen       total 50688K, used 50413K [0x00000006c2600000, 0x00000006c5780000, 0x00000006c7800000)
  object space 50688K, 99% used [0x00000006c2600000,0x00000006c573b6e0,0x00000006c5780000)
}
Event: 92.643 GC heap before
{Heap before GC invocations=15 (full 0):
 PSYoungGen      total 446464K, used 446462K [0x0000000797d00000, 0x00000007b8900000, 0x0000000800000000)
  eden space 403968K, 100% used [0x0000000797d00000,0x00000007b0780000,0x00000007b0780000)
  from space 42496K, 99% used [0x00000007b4080000,0x00000007b69ffa48,0x00000007b6a00000)
  to   space 58368K, 0% used [0x00000007b0780000,0x00000007b0780000,0x00000007b4080000)
 ParOldGen       total 175104K, used 134544K [0x00000006c7800000, 0x00000006d2300000, 0x0000000797d00000)
  object space 175104K, 76% used [0x00000006c7800000,0x00000006cfb643a8,0x00000006d2300000)
 PSPermGen       total 54784K, used 54401K [0x00000006c2600000, 0x00000006c5b80000, 0x00000006c7800000)
  object space 54784K, 99% used [0x00000006c2600000,0x00000006c5b206b8,0x00000006c5b80000)
Event: 92.682 GC heap after
Heap after GC invocations=15 (full 0):
 PSYoungGen      total 462336K, used 46096K [0x0000000797d00000, 0x00000007c6d80000, 0x0000000800000000)
  eden space 403968K, 0% used [0x0000000797d00000,0x0000000797d00000,0x00000007b0780000)
  from space 58368K, 78% used [0x00000007b0780000,0x00000007b3484168,0x00000007b4080000)
  to   space 61952K, 0% used [0x00000007c3100000,0x00000007c3100000,0x00000007c6d80000)
 ParOldGen       total 175104K, used 173715K [0x00000006c7800000, 0x00000006d2300000, 0x0000000797d00000)
  object space 175104K, 99% used [0x00000006c7800000,0x00000006d21a4ec8,0x00000006d2300000)
 PSPermGen       total 54784K, used 54401K [0x00000006c2600000, 0x00000006c5b80000, 0x00000006c7800000)
  object space 54784K, 99% used [0x00000006c2600000,0x00000006c5b206b8,0x00000006c5b80000)
}
Event: 92.682 GC heap before
{Heap before GC invocations=16 (full 1):
 PSYoungGen      total 462336K, used 46096K [0x0000000797d00000, 0x00000007c6d80000, 0x0000000800000000)
  eden space 403968K, 0% used [0x0000000797d00000,0x0000000797d00000,0x00000007b0780000)
  from space 58368K, 78% used [0x00000007b0780000,0x00000007b3484168,0x00000007b4080000)
  to   space 61952K, 0% used [0x00000007c3100000,0x00000007c3100000,0x00000007c6d80000)
 ParOldGen       total 175104K, used 173715K [0x00000006c7800000, 0x00000006d2300000, 0x0000000797d00000)
  object space 175104K, 99% used [0x00000006c7800000,0x00000006d21a4ec8,0x00000006d2300000)
 PSPermGen       total 54784K, used 54401K [0x00000006c2600000, 0x00000006c5b80000, 0x00000006c7800000)
  object space 54784K, 99% used [0x00000006c2600000,0x00000006c5b206b8,0x00000006c5b80000)
Event: 93.091 GC heap after
Heap after GC invocations=16 (full 1):
 PSYoungGen      total 462336K, used 22326K [0x0000000797d00000, 0x00000007c6d80000, 0x0000000800000000)
  eden space 403968K, 0% used [0x0000000797d00000,0x0000000797d00000,0x00000007b0780000)
  from space 58368K, 38% used [0x00000007b0780000,0x00000007b1d4dab8,0x00000007b4080000)
  to   space 61952K, 0% used [0x00000007c3100000,0x00000007c3100000,0x00000007c6d80000)
 ParOldGen       total 296960K, used 174996K [0x00000006c7800000, 0x00000006d9a00000, 0x0000000797d00000)
  object space 296960K, 58% used [0x00000006c7800000,0x00000006d22e5060,0x00000006d9a00000)
 PSPermGen       total 83968K, used 54378K [0x00000006c2600000, 0x00000006c7800000, 0x00000006c7800000)
  object space 83968K, 64% used [0x00000006c2600000,0x00000006c5b1ab88,0x00000006c7800000)
}
Event: 268.611 GC heap before
{Heap before GC invocations=17 (full 1):
 PSYoungGen      total 462336K, used 426294K [0x0000000797d00000, 0x00000007c6d80000, 0x0000000800000000)
  eden space 403968K, 100% used [0x0000000797d00000,0x00000007b0780000,0x00000007b0780000)
  from space 58368K, 38% used [0x00000007b0780000,0x00000007b1d4dab8,0x00000007b4080000)
  to   space 61952K, 0% used [0x00000007c3100000,0x00000007c3100000,0x00000007c6d80000)
 ParOldGen       total 296960K, used 174996K [0x00000006c7800000, 0x00000006d9a00000, 0x0000000797d00000)
  object space 296960K, 58% used [0x00000006c7800000,0x00000006d22e5060,0x00000006d9a00000)
 PSPermGen       total 83968K, used 54578K [0x00000006c2600000, 0x00000006c7800000, 0x00000006c7800000)
  object space 83968K, 64% used [0x00000006c2600000,0x00000006c5b4ca70,0x00000006c7800000)
Event: 268.634 GC heap after
Heap after GC invocations=17 (full 1):
 PSYoungGen      total 574464K, used 1120K [0x0000000797d00000, 0x00000007c3280000, 0x0000000800000000)
  eden space 572928K, 0% used [0x0000000797d00000,0x0000000797d00000,0x00000007bac80000)
  from space 1536K, 72% used [0x00000007c3100000,0x00000007c3218000,0x00000007c3280000)
  to   space 63488K, 0% used [0x00000007bb680000,0x00000007bb680000,0x00000007bf480000)
 ParOldGen       total 296960K, used 197250K [0x00000006c7800000, 0x00000006d9a00000, 0x0000000797d00000)
  object space 296960K, 66% used [0x00000006c7800000,0x00000006d38a0a40,0x00000006d9a00000)
 PSPermGen       total 83968K, used 54578K [0x00000006c2600000, 0x00000006c7800000, 0x00000006c7800000)
  object space 83968K, 64% used [0x00000006c2600000,0x00000006c5b4ca70,0x00000006c7800000)
}

