# JRE version: Java(TM) SE Runtime Environment (7.0_45-b18) (build 1.7.0_45-b18)
# Java VM: Java HotSpot(TM) 64-Bit Server VM (24.45-b08 mixed mode linux-amd64 compressed oops)
Heap
 PSYoungGen      total 231424K, used 83375K [0x00000000eb280000, 0x00000000fdb80000, 0x0000000100000000)
  eden space 207872K, 28% used [0x00000000eb280000,0x00000000eed16848,0x00000000f7d80000)
  from space 23552K, 99% used [0x00000000f8500000,0x00000000f9bd54f8,0x00000000f9c00000)
  to   space 48128K, 0% used [0x00000000fac80000,0x00000000fac80000,0x00000000fdb80000)
 ParOldGen       total 220672K, used 112377K [0x00000000c1800000, 0x00000000cef80000, 0x00000000eb280000)
  object space 220672K, 50% used [0x00000000c1800000,0x00000000c85be5e8,0x00000000cef80000)
 PSPermGen       total 83968K, used 55654K [0x00000000bc600000, 0x00000000c1800000, 0x00000000c1800000)
  object space 83968K, 66% used [0x00000000bc600000,0x00000000bfc59a78,0x00000000c1800000)
GC Heap History (10 events):
Event: 200.778 GC heap before
{Heap before GC invocations=14 (full 0):
 PSYoungGen      total 291328K, used 266282K [0x00000000eb280000, 0x00000000fff00000, 0x0000000100000000)
  eden space 241664K, 100% used [0x00000000eb280000,0x00000000f9e80000,0x00000000f9e80000)
  from space 49664K, 49% used [0x00000000f9e80000,0x00000000fb68a9c0,0x00000000fcf00000)
  to   space 48640K, 0% used [0x00000000fcf80000,0x00000000fcf80000,0x00000000fff00000)
 ParOldGen       total 175104K, used 121988K [0x00000000c1800000, 0x00000000cc300000, 0x00000000eb280000)
  object space 175104K, 69% used [0x00000000c1800000,0x00000000c8f21358,0x00000000cc300000)
 PSPermGen       total 55296K, used 55059K [0x00000000bc600000, 0x00000000bfc00000, 0x00000000c1800000)
  object space 55296K, 99% used [0x00000000bc600000,0x00000000bfbc4da8,0x00000000bfc00000)
Event: 200.787 GC heap after
Heap after GC invocations=14 (full 0):
 PSYoungGen      total 271360K, used 192K [0x00000000eb280000, 0x00000000ff580000, 0x0000000100000000)
  eden space 232448K, 0% used [0x00000000eb280000,0x00000000eb280000,0x00000000f9580000)
  from space 38912K, 0% used [0x00000000fcf80000,0x00000000fcfb0000,0x00000000ff580000)
  to   space 49152K, 0% used [0x00000000f9580000,0x00000000f9580000,0x00000000fc580000)
 ParOldGen       total 175104K, used 146350K [0x00000000c1800000, 0x00000000cc300000, 0x00000000eb280000)
  object space 175104K, 83% used [0x00000000c1800000,0x00000000ca6ebb98,0x00000000cc300000)
 PSPermGen       total 55296K, used 55059K [0x00000000bc600000, 0x00000000bfc00000, 0x00000000c1800000)
  object space 55296K, 99% used [0x00000000bc600000,0x00000000bfbc4da8,0x00000000bfc00000)
}
Event: 200.787 GC heap before
{Heap before GC invocations=15 (full 1):
 PSYoungGen      total 271360K, used 192K [0x00000000eb280000, 0x00000000ff580000, 0x0000000100000000)
  eden space 232448K, 0% used [0x00000000eb280000,0x00000000eb280000,0x00000000f9580000)
  from space 38912K, 0% used [0x00000000fcf80000,0x00000000fcfb0000,0x00000000ff580000)
  to   space 49152K, 0% used [0x00000000f9580000,0x00000000f9580000,0x00000000fc580000)
 ParOldGen       total 175104K, used 146350K [0x00000000c1800000, 0x00000000cc300000, 0x00000000eb280000)
  object space 175104K, 83% used [0x00000000c1800000,0x00000000ca6ebb98,0x00000000cc300000)
 PSPermGen       total 55296K, used 55059K [0x00000000bc600000, 0x00000000bfc00000, 0x00000000c1800000)
  object space 55296K, 99% used [0x00000000bc600000,0x00000000bfbc4da8,0x00000000bfc00000)
Event: 201.061 GC heap after
Heap after GC invocations=15 (full 1):
 PSYoungGen      total 271360K, used 0K [0x00000000eb280000, 0x00000000ff580000, 0x0000000100000000)
  eden space 232448K, 0% used [0x00000000eb280000,0x00000000eb280000,0x00000000f9580000)
  from space 38912K, 0% used [0x00000000fcf80000,0x00000000fcf80000,0x00000000ff580000)
  to   space 49152K, 0% used [0x00000000f9580000,0x00000000f9580000,0x00000000fc580000)
 ParOldGen       total 220672K, used 110937K [0x00000000c1800000, 0x00000000cef80000, 0x00000000eb280000)
  object space 220672K, 50% used [0x00000000c1800000,0x00000000c8456588,0x00000000cef80000)
 PSPermGen       total 83968K, used 55034K [0x00000000bc600000, 0x00000000c1800000, 0x00000000c1800000)
  object space 83968K, 65% used [0x00000000bc600000,0x00000000bfbbeb50,0x00000000c1800000)
}
Event: 307.331 GC heap before
{Heap before GC invocations=16 (full 1):
 PSYoungGen      total 271360K, used 232448K [0x00000000eb280000, 0x00000000ff580000, 0x0000000100000000)
  eden space 232448K, 100% used [0x00000000eb280000,0x00000000f9580000,0x00000000f9580000)
  from space 38912K, 0% used [0x00000000fcf80000,0x00000000fcf80000,0x00000000ff580000)
  to   space 49152K, 0% used [0x00000000f9580000,0x00000000f9580000,0x00000000fc580000)
 ParOldGen       total 220672K, used 110937K [0x00000000c1800000, 0x00000000cef80000, 0x00000000eb280000)
  object space 220672K, 50% used [0x00000000c1800000,0x00000000c8456588,0x00000000cef80000)
 PSPermGen       total 83968K, used 55077K [0x00000000bc600000, 0x00000000c1800000, 0x00000000c1800000)
  object space 83968K, 65% used [0x00000000bc600000,0x00000000bfbc9588,0x00000000c1800000)
Event: 307.333 GC heap after
Heap after GC invocations=16 (full 1):
 PSYoungGen      total 224256K, used 288K [0x00000000eb280000, 0x00000000fed00000, 0x0000000100000000)
  eden space 223744K, 0% used [0x00000000eb280000,0x00000000eb280000,0x00000000f8d00000)
  from space 512K, 56% used [0x00000000f9580000,0x00000000f95c8000,0x00000000f9600000)
  to   space 49152K, 0% used [0x00000000fbd00000,0x00000000fbd00000,0x00000000fed00000)
 ParOldGen       total 220672K, used 110937K [0x00000000c1800000, 0x00000000cef80000, 0x00000000eb280000)
  object space 220672K, 50% used [0x00000000c1800000,0x00000000c8456588,0x00000000cef80000)
 PSPermGen       total 83968K, used 55077K [0x00000000bc600000, 0x00000000c1800000, 0x00000000c1800000)
  object space 83968K, 65% used [0x00000000bc600000,0x00000000bfbc9588,0x00000000c1800000)
}
Event: 331.935 GC heap before
{Heap before GC invocations=17 (full 1):
 PSYoungGen      total 224256K, used 224032K [0x00000000eb280000, 0x00000000fed00000, 0x0000000100000000)
  eden space 223744K, 100% used [0x00000000eb280000,0x00000000f8d00000,0x00000000f8d00000)
  from space 512K, 56% used [0x00000000f9580000,0x00000000f95c8000,0x00000000f9600000)
  to   space 49152K, 0% used [0x00000000fbd00000,0x00000000fbd00000,0x00000000fed00000)
 ParOldGen       total 220672K, used 110937K [0x00000000c1800000, 0x00000000cef80000, 0x00000000eb280000)
  object space 220672K, 50% used [0x00000000c1800000,0x00000000c8456588,0x00000000cef80000)
 PSPermGen       total 83968K, used 55532K [0x00000000bc600000, 0x00000000c1800000, 0x00000000c1800000)
  object space 83968K, 66% used [0x00000000bc600000,0x00000000bfc3b1e8,0x00000000c1800000)
Event: 331.939 GC heap after
Heap after GC invocations=17 (full 1):
 PSYoungGen      total 254464K, used 3248K [0x00000000eb280000, 0x00000000fe300000, 0x0000000100000000)
  eden space 215552K, 0% used [0x00000000eb280000,0x00000000eb280000,0x00000000f8500000)
  from space 38912K, 8% used [0x00000000fbd00000,0x00000000fc02c050,0x00000000fe300000)
  to   space 48128K, 0% used [0x00000000f8500000,0x00000000f8500000,0x00000000fb400000)
 ParOldGen       total 220672K, used 110993K [0x00000000c1800000, 0x00000000cef80000, 0x00000000eb280000)
  object space 220672K, 50% used [0x00000000c1800000,0x00000000c8464588,0x00000000cef80000)
 PSPermGen       total 83968K, used 55532K [0x00000000bc600000, 0x00000000c1800000, 0x00000000c1800000)
  object space 83968K, 66% used [0x00000000bc600000,0x00000000bfc3b1e8,0x00000000c1800000)
}
Event: 458.030 GC heap before
{Heap before GC invocations=18 (full 1):
 PSYoungGen      total 254464K, used 218800K [0x00000000eb280000, 0x00000000fe300000, 0x0000000100000000)
  eden space 215552K, 100% used [0x00000000eb280000,0x00000000f8500000,0x00000000f8500000)
  from space 38912K, 8% used [0x00000000fbd00000,0x00000000fc02c050,0x00000000fe300000)
  to   space 48128K, 0% used [0x00000000f8500000,0x00000000f8500000,0x00000000fb400000)
 ParOldGen       total 220672K, used 110993K [0x00000000c1800000, 0x00000000cef80000, 0x00000000eb280000)
  object space 220672K, 50% used [0x00000000c1800000,0x00000000c8464588,0x00000000cef80000)
 PSPermGen       total 83968K, used 55562K [0x00000000bc600000, 0x00000000c1800000, 0x00000000c1800000)
  object space 83968K, 66% used [0x00000000bc600000,0x00000000bfc42980,0x00000000c1800000)
Event: 458.042 GC heap after
Heap after GC invocations=18 (full 1):
 PSYoungGen      total 231424K, used 23381K [0x00000000eb280000, 0x00000000fdb80000, 0x0000000100000000)
  eden space 207872K, 0% used [0x00000000eb280000,0x00000000eb280000,0x00000000f7d80000)
  from space 23552K, 99% used [0x00000000f8500000,0x00000000f9bd54f8,0x00000000f9c00000)
  to   space 48128K, 0% used [0x00000000fac80000,0x00000000fac80000,0x00000000fdb80000)
 ParOldGen       total 220672K, used 112377K [0x00000000c1800000, 0x00000000cef80000, 0x00000000eb280000)
  object space 220672K, 50% used [0x00000000c1800000,0x00000000c85be5e8,0x00000000cef80000)
 PSPermGen       total 83968K, used 55562K [0x00000000bc600000, 0x00000000c1800000, 0x00000000c1800000)
  object space 83968K, 66% used [0x00000000bc600000,0x00000000bfc42980,0x00000000c1800000)
}

