# JRE version: Java(TM) SE Runtime Environment (7.0_45-b18) (build 1.7.0_45-b18)
# Java VM: Java HotSpot(TM) 64-Bit Server VM (24.45-b08 mixed mode linux-amd64 compressed oops)
Heap
 PSYoungGen      total 75264K, used 20909K [0x00000000eb280000, 0x00000000f2380000, 0x0000000100000000)
  eden space 64512K, 15% used [0x00000000eb280000,0x00000000ebc6e5c8,0x00000000ef180000)
  from space 10752K, 99% used [0x00000000ef300000,0x00000000efd7cee8,0x00000000efd80000)
  to   space 25600K, 0% used [0x00000000f0a80000,0x00000000f0a80000,0x00000000f2380000)
 ParOldGen       total 175104K, used 22944K [0x00000000c1800000, 0x00000000cc300000, 0x00000000eb280000)
  object space 175104K, 13% used [0x00000000c1800000,0x00000000c2e683c8,0x00000000cc300000)
 PSPermGen       total 45056K, used 44728K [0x00000000bc600000, 0x00000000bf200000, 0x00000000c1800000)
  object space 45056K, 99% used [0x00000000bc600000,0x00000000bf1ae2f0,0x00000000bf200000)
GC Heap History (10 events):
Event: 0.693 GC heap before
{Heap before GC invocations=1 (full 0):
 PSYoungGen      total 76800K, used 66048K [0x00000000eb280000, 0x00000000f0800000, 0x0000000100000000)
  eden space 66048K, 100% used [0x00000000eb280000,0x00000000ef300000,0x00000000ef300000)
  from space 10752K, 0% used [0x00000000efd80000,0x00000000efd80000,0x00000000f0800000)
  to   space 10752K, 0% used [0x00000000ef300000,0x00000000ef300000,0x00000000efd80000)
 ParOldGen       total 175104K, used 0K [0x00000000c1800000, 0x00000000cc300000, 0x00000000eb280000)
  object space 175104K, 0% used [0x00000000c1800000,0x00000000c1800000,0x00000000cc300000)
 PSPermGen       total 21504K, used 14600K [0x00000000bc600000, 0x00000000bdb00000, 0x00000000c1800000)
  object space 21504K, 67% used [0x00000000bc600000,0x00000000bd4420d0,0x00000000bdb00000)
Event: 0.698 GC heap after
Heap after GC invocations=1 (full 0):
 PSYoungGen      total 76800K, used 5441K [0x00000000eb280000, 0x00000000f0800000, 0x0000000100000000)
  eden space 66048K, 0% used [0x00000000eb280000,0x00000000eb280000,0x00000000ef300000)
  from space 10752K, 50% used [0x00000000ef300000,0x00000000ef8506e0,0x00000000efd80000)
  to   space 10752K, 0% used [0x00000000efd80000,0x00000000efd80000,0x00000000f0800000)
 ParOldGen       total 175104K, used 72K [0x00000000c1800000, 0x00000000cc300000, 0x00000000eb280000)
  object space 175104K, 0% used [0x00000000c1800000,0x00000000c1812010,0x00000000cc300000)
 PSPermGen       total 21504K, used 14600K [0x00000000bc600000, 0x00000000bdb00000, 0x00000000c1800000)
  object space 21504K, 67% used [0x00000000bc600000,0x00000000bd4420d0,0x00000000bdb00000)
}
Event: 1.303 GC heap before
{Heap before GC invocations=2 (full 0):
 PSYoungGen      total 76800K, used 71489K [0x00000000eb280000, 0x00000000f0800000, 0x0000000100000000)
  eden space 66048K, 100% used [0x00000000eb280000,0x00000000ef300000,0x00000000ef300000)
  from space 10752K, 50% used [0x00000000ef300000,0x00000000ef8506e0,0x00000000efd80000)
  to   space 10752K, 0% used [0x00000000efd80000,0x00000000efd80000,0x00000000f0800000)
 ParOldGen       total 175104K, used 72K [0x00000000c1800000, 0x00000000cc300000, 0x00000000eb280000)
  object space 175104K, 0% used [0x00000000c1800000,0x00000000c1812010,0x00000000cc300000)
 PSPermGen       total 22016K, used 21803K [0x00000000bc600000, 0x00000000bdb80000, 0x00000000c1800000)
  object space 22016K, 99% used [0x00000000bc600000,0x00000000bdb4ada8,0x00000000bdb80000)
Event: 1.310 GC heap after
Heap after GC invocations=2 (full 0):
 PSYoungGen      total 76800K, used 9415K [0x00000000eb280000, 0x00000000f0800000, 0x0000000100000000)
  eden space 66048K, 0% used [0x00000000eb280000,0x00000000eb280000,0x00000000ef300000)
  from space 10752K, 87% used [0x00000000efd80000,0x00000000f06b1f98,0x00000000f0800000)
  to   space 10752K, 0% used [0x00000000ef300000,0x00000000ef300000,0x00000000efd80000)
 ParOldGen       total 175104K, used 80K [0x00000000c1800000, 0x00000000cc300000, 0x00000000eb280000)
  object space 175104K, 0% used [0x00000000c1800000,0x00000000c1814010,0x00000000cc300000)
 PSPermGen       total 22016K, used 21803K [0x00000000bc600000, 0x00000000bdb80000, 0x00000000c1800000)
  object space 22016K, 99% used [0x00000000bc600000,0x00000000bdb4ada8,0x00000000bdb80000)
}
Event: 2.283 GC heap before
{Heap before GC invocations=3 (full 0):
 PSYoungGen      total 76800K, used 75463K [0x00000000eb280000, 0x00000000f0800000, 0x0000000100000000)
  eden space 66048K, 100% used [0x00000000eb280000,0x00000000ef300000,0x00000000ef300000)
  from space 10752K, 87% used [0x00000000efd80000,0x00000000f06b1f98,0x00000000f0800000)
  to   space 10752K, 0% used [0x00000000ef300000,0x00000000ef300000,0x00000000efd80000)
 ParOldGen       total 175104K, used 80K [0x00000000c1800000, 0x00000000cc300000, 0x00000000eb280000)
  object space 175104K, 0% used [0x00000000c1800000,0x00000000c1814010,0x00000000cc300000)
 PSPermGen       total 35840K, used 35651K [0x00000000bc600000, 0x00000000be900000, 0x00000000c1800000)
  object space 35840K, 99% used [0x00000000bc600000,0x00000000be8d0ee8,0x00000000be900000)
Event: 2.294 GC heap after
Heap after GC invocations=3 (full 0):
 PSYoungGen      total 76800K, used 10743K [0x00000000eb280000, 0x00000000f0800000, 0x0000000100000000)
  eden space 66048K, 0% used [0x00000000eb280000,0x00000000eb280000,0x00000000ef300000)
  from space 10752K, 99% used [0x00000000ef300000,0x00000000efd7dd90,0x00000000efd80000)
  to   space 10752K, 0% used [0x00000000efd80000,0x00000000efd80000,0x00000000f0800000)
 ParOldGen       total 175104K, used 8617K [0x00000000c1800000, 0x00000000cc300000, 0x00000000eb280000)
  object space 175104K, 4% used [0x00000000c1800000,0x00000000c206a410,0x00000000cc300000)
 PSPermGen       total 35840K, used 35651K [0x00000000bc600000, 0x00000000be900000, 0x00000000c1800000)
  object space 35840K, 99% used [0x00000000bc600000,0x00000000be8d0ee8,0x00000000be900000)
}
Event: 4.307 GC heap before
{Heap before GC invocations=4 (full 0):
 PSYoungGen      total 76800K, used 76791K [0x00000000eb280000, 0x00000000f0800000, 0x0000000100000000)
  eden space 66048K, 100% used [0x00000000eb280000,0x00000000ef300000,0x00000000ef300000)
  from space 10752K, 99% used [0x00000000ef300000,0x00000000efd7dd90,0x00000000efd80000)
  to   space 10752K, 0% used [0x00000000efd80000,0x00000000efd80000,0x00000000f0800000)
 ParOldGen       total 175104K, used 8617K [0x00000000c1800000, 0x00000000cc300000, 0x00000000eb280000)
  object space 175104K, 4% used [0x00000000c1800000,0x00000000c206a410,0x00000000cc300000)
 PSPermGen       total 43520K, used 43145K [0x00000000bc600000, 0x00000000bf080000, 0x00000000c1800000)
  object space 43520K, 99% used [0x00000000bc600000,0x00000000bf022770,0x00000000bf080000)
Event: 4.320 GC heap after
Heap after GC invocations=4 (full 0):
 PSYoungGen      total 76800K, used 10735K [0x00000000eb280000, 0x00000000f0800000, 0x0000000100000000)
  eden space 66048K, 0% used [0x00000000eb280000,0x00000000eb280000,0x00000000ef300000)
  from space 10752K, 99% used [0x00000000efd80000,0x00000000f07fbdf0,0x00000000f0800000)
  to   space 10752K, 0% used [0x00000000ef300000,0x00000000ef300000,0x00000000efd80000)
 ParOldGen       total 175104K, used 15494K [0x00000000c1800000, 0x00000000cc300000, 0x00000000eb280000)
  object space 175104K, 8% used [0x00000000c1800000,0x00000000c2721998,0x00000000cc300000)
 PSPermGen       total 43520K, used 43145K [0x00000000bc600000, 0x00000000bf080000, 0x00000000c1800000)
  object space 43520K, 99% used [0x00000000bc600000,0x00000000bf022770,0x00000000bf080000)
}
Event: 12.431 GC heap before
{Heap before GC invocations=5 (full 0):
 PSYoungGen      total 76800K, used 76783K [0x00000000eb280000, 0x00000000f0800000, 0x0000000100000000)
  eden space 66048K, 100% used [0x00000000eb280000,0x00000000ef300000,0x00000000ef300000)
  from space 10752K, 99% used [0x00000000efd80000,0x00000000f07fbdf0,0x00000000f0800000)
  to   space 10752K, 0% used [0x00000000ef300000,0x00000000ef300000,0x00000000efd80000)
 ParOldGen       total 175104K, used 15494K [0x00000000c1800000, 0x00000000cc300000, 0x00000000eb280000)
  object space 175104K, 8% used [0x00000000c1800000,0x00000000c2721998,0x00000000cc300000)
 PSPermGen       total 45056K, used 44696K [0x00000000bc600000, 0x00000000bf200000, 0x00000000c1800000)
  object space 45056K, 99% used [0x00000000bc600000,0x00000000bf1a6228,0x00000000bf200000)
Event: 12.439 GC heap after
Heap after GC invocations=5 (full 0):
 PSYoungGen      total 75264K, used 10739K [0x00000000eb280000, 0x00000000f2380000, 0x0000000100000000)
  eden space 64512K, 0% used [0x00000000eb280000,0x00000000eb280000,0x00000000ef180000)
  from space 10752K, 99% used [0x00000000ef300000,0x00000000efd7cee8,0x00000000efd80000)
  to   space 25600K, 0% used [0x00000000f0a80000,0x00000000f0a80000,0x00000000f2380000)
 ParOldGen       total 175104K, used 22944K [0x00000000c1800000, 0x00000000cc300000, 0x00000000eb280000)
  object space 175104K, 13% used [0x00000000c1800000,0x00000000c2e683c8,0x00000000cc300000)
 PSPermGen       total 45056K, used 44696K [0x00000000bc600000, 0x00000000bf200000, 0x00000000c1800000)
  object space 45056K, 99% used [0x00000000bc600000,0x00000000bf1a6228,0x00000000bf200000)
}

