# JRE version: Java(TM) SE Runtime Environment (7.0_45-b18) (build 1.7.0_45-b18)
# Java VM: Java HotSpot(TM) 64-Bit Server VM (24.45-b08 mixed mode linux-amd64 compressed oops)
Heap
 PSYoungGen      total 75264K, used 19157K [0x0000000759500000, 0x0000000760700000, 0x0000000800000000)
  eden space 64512K, 13% used [0x0000000759500000,0x0000000759d381f8,0x000000075d400000)
  from space 10752K, 99% used [0x000000075d580000,0x000000075dffd310,0x000000075e000000)
  to   space 26112K, 0% used [0x000000075ed80000,0x000000075ed80000,0x0000000760700000)
 ParOldGen       total 175104K, used 23700K [0x000000060c000000, 0x0000000616b00000, 0x0000000759500000)
  object space 175104K, 13% used [0x000000060c000000,0x000000060d725098,0x0000000616b00000)
 PSPermGen       total 45056K, used 44594K [0x0000000606e00000, 0x0000000609a00000, 0x000000060c000000)
  object space 45056K, 98% used [0x0000000606e00000,0x000000060998cb48,0x0000000609a00000)
GC Heap History (10 events):
Event: 0.798 GC heap before
{Heap before GC invocations=1 (full 0):
 PSYoungGen      total 76800K, used 66048K [0x0000000759500000, 0x000000075ea80000, 0x0000000800000000)
  eden space 66048K, 100% used [0x0000000759500000,0x000000075d580000,0x000000075d580000)
  from space 10752K, 0% used [0x000000075e000000,0x000000075e000000,0x000000075ea80000)
  to   space 10752K, 0% used [0x000000075d580000,0x000000075d580000,0x000000075e000000)
 ParOldGen       total 175104K, used 0K [0x000000060c000000, 0x0000000616b00000, 0x0000000759500000)
  object space 175104K, 0% used [0x000000060c000000,0x000000060c000000,0x0000000616b00000)
 PSPermGen       total 21504K, used 14655K [0x0000000606e00000, 0x0000000608300000, 0x000000060c000000)
  object space 21504K, 68% used [0x0000000606e00000,0x0000000607c4fe70,0x0000000608300000)
Event: 0.803 GC heap after
Heap after GC invocations=1 (full 0):
 PSYoungGen      total 76800K, used 5377K [0x0000000759500000, 0x000000075ea80000, 0x0000000800000000)
  eden space 66048K, 0% used [0x0000000759500000,0x0000000759500000,0x000000075d580000)
  from space 10752K, 50% used [0x000000075d580000,0x000000075dac0700,0x000000075e000000)
  to   space 10752K, 0% used [0x000000075e000000,0x000000075e000000,0x000000075ea80000)
 ParOldGen       total 175104K, used 72K [0x000000060c000000, 0x0000000616b00000, 0x0000000759500000)
  object space 175104K, 0% used [0x000000060c000000,0x000000060c012010,0x0000000616b00000)
 PSPermGen       total 21504K, used 14655K [0x0000000606e00000, 0x0000000608300000, 0x000000060c000000)
  object space 21504K, 68% used [0x0000000606e00000,0x0000000607c4fe70,0x0000000608300000)
}
Event: 1.409 GC heap before
{Heap before GC invocations=2 (full 0):
 PSYoungGen      total 76800K, used 71425K [0x0000000759500000, 0x000000075ea80000, 0x0000000800000000)
  eden space 66048K, 100% used [0x0000000759500000,0x000000075d580000,0x000000075d580000)
  from space 10752K, 50% used [0x000000075d580000,0x000000075dac0700,0x000000075e000000)
  to   space 10752K, 0% used [0x000000075e000000,0x000000075e000000,0x000000075ea80000)
 ParOldGen       total 175104K, used 72K [0x000000060c000000, 0x0000000616b00000, 0x0000000759500000)
  object space 175104K, 0% used [0x000000060c000000,0x000000060c012010,0x0000000616b00000)
 PSPermGen       total 22016K, used 21782K [0x0000000606e00000, 0x0000000608380000, 0x000000060c000000)
  object space 22016K, 98% used [0x0000000606e00000,0x0000000608345810,0x0000000608380000)
Event: 1.417 GC heap after
Heap after GC invocations=2 (full 0):
 PSYoungGen      total 76800K, used 9469K [0x0000000759500000, 0x000000075ea80000, 0x0000000800000000)
  eden space 66048K, 0% used [0x0000000759500000,0x0000000759500000,0x000000075d580000)
  from space 10752K, 88% used [0x000000075e000000,0x000000075e93f6d0,0x000000075ea80000)
  to   space 10752K, 0% used [0x000000075d580000,0x000000075d580000,0x000000075e000000)
 ParOldGen       total 175104K, used 80K [0x000000060c000000, 0x0000000616b00000, 0x0000000759500000)
  object space 175104K, 0% used [0x000000060c000000,0x000000060c014010,0x0000000616b00000)
 PSPermGen       total 22016K, used 21782K [0x0000000606e00000, 0x0000000608380000, 0x000000060c000000)
  object space 22016K, 98% used [0x0000000606e00000,0x0000000608345810,0x0000000608380000)
}
Event: 2.405 GC heap before
{Heap before GC invocations=3 (full 0):
 PSYoungGen      total 76800K, used 75517K [0x0000000759500000, 0x000000075ea80000, 0x0000000800000000)
  eden space 66048K, 100% used [0x0000000759500000,0x000000075d580000,0x000000075d580000)
  from space 10752K, 88% used [0x000000075e000000,0x000000075e93f6d0,0x000000075ea80000)
  to   space 10752K, 0% used [0x000000075d580000,0x000000075d580000,0x000000075e000000)
 ParOldGen       total 175104K, used 80K [0x000000060c000000, 0x0000000616b00000, 0x0000000759500000)
  object space 175104K, 0% used [0x000000060c000000,0x000000060c014010,0x0000000616b00000)
 PSPermGen       total 35840K, used 35454K [0x0000000606e00000, 0x0000000609100000, 0x000000060c000000)
  object space 35840K, 98% used [0x0000000606e00000,0x000000060909f880,0x0000000609100000)
Event: 2.416 GC heap after
Heap after GC invocations=3 (full 0):
 PSYoungGen      total 76800K, used 10735K [0x0000000759500000, 0x000000075ea80000, 0x0000000800000000)
  eden space 66048K, 0% used [0x0000000759500000,0x0000000759500000,0x000000075d580000)
  from space 10752K, 99% used [0x000000075d580000,0x000000075dffbe28,0x000000075e000000)
  to   space 10752K, 0% used [0x000000075e000000,0x000000075e000000,0x000000075ea80000)
 ParOldGen       total 175104K, used 8903K [0x000000060c000000, 0x0000000616b00000, 0x0000000759500000)
  object space 175104K, 5% used [0x000000060c000000,0x000000060c8b1d70,0x0000000616b00000)
 PSPermGen       total 35840K, used 35454K [0x0000000606e00000, 0x0000000609100000, 0x000000060c000000)
  object space 35840K, 98% used [0x0000000606e00000,0x000000060909f880,0x0000000609100000)
}
Event: 4.484 GC heap before
{Heap before GC invocations=4 (full 0):
 PSYoungGen      total 76800K, used 76783K [0x0000000759500000, 0x000000075ea80000, 0x0000000800000000)
  eden space 66048K, 100% used [0x0000000759500000,0x000000075d580000,0x000000075d580000)
  from space 10752K, 99% used [0x000000075d580000,0x000000075dffbe28,0x000000075e000000)
  to   space 10752K, 0% used [0x000000075e000000,0x000000075e000000,0x000000075ea80000)
 ParOldGen       total 175104K, used 8903K [0x000000060c000000, 0x0000000616b00000, 0x0000000759500000)
  object space 175104K, 5% used [0x000000060c000000,0x000000060c8b1d70,0x0000000616b00000)
 PSPermGen       total 43520K, used 43118K [0x0000000606e00000, 0x0000000609880000, 0x000000060c000000)
  object space 43520K, 99% used [0x0000000606e00000,0x000000060981bbe0,0x0000000609880000)
Event: 4.495 GC heap after
Heap after GC invocations=4 (full 0):
 PSYoungGen      total 76800K, used 10735K [0x0000000759500000, 0x000000075ea80000, 0x0000000800000000)
  eden space 66048K, 0% used [0x0000000759500000,0x0000000759500000,0x000000075d580000)
  from space 10752K, 99% used [0x000000075e000000,0x000000075ea7bda0,0x000000075ea80000)
  to   space 10752K, 0% used [0x000000075d580000,0x000000075d580000,0x000000075e000000)
 ParOldGen       total 175104K, used 15794K [0x000000060c000000, 0x0000000616b00000, 0x0000000759500000)
  object space 175104K, 9% used [0x000000060c000000,0x000000060cf6cb40,0x0000000616b00000)
 PSPermGen       total 43520K, used 43118K [0x0000000606e00000, 0x0000000609880000, 0x000000060c000000)
  object space 43520K, 99% used [0x0000000606e00000,0x000000060981bbe0,0x0000000609880000)
}
Event: 6.778 GC heap before
{Heap before GC invocations=5 (full 0):
 PSYoungGen      total 76800K, used 76783K [0x0000000759500000, 0x000000075ea80000, 0x0000000800000000)
  eden space 66048K, 100% used [0x0000000759500000,0x000000075d580000,0x000000075d580000)
  from space 10752K, 99% used [0x000000075e000000,0x000000075ea7bda0,0x000000075ea80000)
  to   space 10752K, 0% used [0x000000075d580000,0x000000075d580000,0x000000075e000000)
 ParOldGen       total 175104K, used 15794K [0x000000060c000000, 0x0000000616b00000, 0x0000000759500000)
  object space 175104K, 9% used [0x000000060c000000,0x000000060cf6cb40,0x0000000616b00000)
 PSPermGen       total 45056K, used 44562K [0x0000000606e00000, 0x0000000609a00000, 0x000000060c000000)
  object space 45056K, 98% used [0x0000000606e00000,0x0000000609984be8,0x0000000609a00000)
Event: 6.788 GC heap after
Heap after GC invocations=5 (full 0):
 PSYoungGen      total 75264K, used 10740K [0x0000000759500000, 0x0000000760700000, 0x0000000800000000)
  eden space 64512K, 0% used [0x0000000759500000,0x0000000759500000,0x000000075d400000)
  from space 10752K, 99% used [0x000000075d580000,0x000000075dffd310,0x000000075e000000)
  to   space 26112K, 0% used [0x000000075ed80000,0x000000075ed80000,0x0000000760700000)
 ParOldGen       total 175104K, used 23700K [0x000000060c000000, 0x0000000616b00000, 0x0000000759500000)
  object space 175104K, 13% used [0x000000060c000000,0x000000060d725098,0x0000000616b00000)
 PSPermGen       total 45056K, used 44562K [0x0000000606e00000, 0x0000000609a00000, 0x000000060c000000)
  object space 45056K, 98% used [0x0000000606e00000,0x0000000609984be8,0x0000000609a00000)
}

