# JRE version: Java(TM) SE Runtime Environment (7.0_45-b18) (build 1.7.0_45-b18)
# Java VM: Java HotSpot(TM) 64-Bit Server VM (24.45-b08 mixed mode linux-amd64 compressed oops)
Heap
 PSYoungGen      total 64512K, used 32839K [0x0000000759500000, 0x0000000760200000, 0x0000000800000000)
  eden space 59392K, 47% used [0x0000000759500000,0x000000075b050bd8,0x000000075cf00000)
  from space 5120K, 95% used [0x000000075d000000,0x000000075d4c1140,0x000000075d500000)
  to   space 26112K, 0% used [0x000000075e880000,0x000000075e880000,0x0000000760200000)
 ParOldGen       total 175104K, used 33222K [0x000000060c000000, 0x0000000616b00000, 0x0000000759500000)
  object space 175104K, 18% used [0x000000060c000000,0x000000060e0719d0,0x0000000616b00000)
 PSPermGen       total 51200K, used 50742K [0x0000000606e00000, 0x000000060a000000, 0x000000060c000000)
  object space 51200K, 99% used [0x0000000606e00000,0x0000000609f8db10,0x000000060a000000)
GC Heap History (10 events):
Event: 9.052 GC heap before
{Heap before GC invocations=5 (full 0):
 PSYoungGen      total 76800K, used 76769K [0x0000000759500000, 0x000000075ea80000, 0x0000000800000000)
  eden space 66048K, 100% used [0x0000000759500000,0x000000075d580000,0x000000075d580000)
  from space 10752K, 99% used [0x000000075e000000,0x000000075ea786a8,0x000000075ea80000)
  to   space 10752K, 0% used [0x000000075d580000,0x000000075d580000,0x000000075e000000)
 ParOldGen       total 175104K, used 11083K [0x000000060c000000, 0x0000000616b00000, 0x0000000759500000)
  object space 175104K, 6% used [0x000000060c000000,0x000000060cad2f60,0x0000000616b00000)
 PSPermGen       total 47616K, used 47183K [0x0000000606e00000, 0x0000000609c80000, 0x000000060c000000)
  object space 47616K, 99% used [0x0000000606e00000,0x0000000609c13ec0,0x0000000609c80000)
Event: 9.062 GC heap after
Heap after GC invocations=5 (full 0):
 PSYoungGen      total 75264K, used 10744K [0x0000000759500000, 0x0000000760500000, 0x0000000800000000)
  eden space 64512K, 0% used [0x0000000759500000,0x0000000759500000,0x000000075d400000)
  from space 10752K, 99% used [0x000000075d580000,0x000000075dffe008,0x000000075e000000)
  to   space 25088K, 0% used [0x000000075ec80000,0x000000075ec80000,0x0000000760500000)
 ParOldGen       total 175104K, used 20606K [0x000000060c000000, 0x0000000616b00000, 0x0000000759500000)
  object space 175104K, 11% used [0x000000060c000000,0x000000060d41faa0,0x0000000616b00000)
 PSPermGen       total 47616K, used 47183K [0x0000000606e00000, 0x0000000609c80000, 0x000000060c000000)
  object space 47616K, 99% used [0x0000000606e00000,0x0000000609c13ec0,0x0000000609c80000)
}
Event: 13.628 GC heap before
{Heap before GC invocations=6 (full 0):
 PSYoungGen      total 75264K, used 75256K [0x0000000759500000, 0x0000000760500000, 0x0000000800000000)
  eden space 64512K, 100% used [0x0000000759500000,0x000000075d400000,0x000000075d400000)
  from space 10752K, 99% used [0x000000075d580000,0x000000075dffe008,0x000000075e000000)
  to   space 25088K, 0% used [0x000000075ec80000,0x000000075ec80000,0x0000000760500000)
 ParOldGen       total 175104K, used 20606K [0x000000060c000000, 0x0000000616b00000, 0x0000000759500000)
  object space 175104K, 11% used [0x000000060c000000,0x000000060d41faa0,0x0000000616b00000)
 PSPermGen       total 50176K, used 49755K [0x0000000606e00000, 0x0000000609f00000, 0x000000060c000000)
  object space 50176K, 99% used [0x0000000606e00000,0x0000000609e96c78,0x0000000609f00000)
Event: 13.638 GC heap after
Heap after GC invocations=6 (full 0):
 PSYoungGen      total 84480K, used 15066K [0x0000000759500000, 0x0000000760180000, 0x0000000800000000)
  eden space 62976K, 0% used [0x0000000759500000,0x0000000759500000,0x000000075d280000)
  from space 21504K, 70% used [0x000000075ec80000,0x000000075fb368b0,0x0000000760180000)
  to   space 24064K, 0% used [0x000000075d280000,0x000000075d280000,0x000000075ea00000)
 ParOldGen       total 175104K, used 20614K [0x000000060c000000, 0x0000000616b00000, 0x0000000759500000)
  object space 175104K, 11% used [0x000000060c000000,0x000000060d421aa0,0x0000000616b00000)
 PSPermGen       total 50176K, used 49755K [0x0000000606e00000, 0x0000000609f00000, 0x000000060c000000)
  object space 50176K, 99% used [0x0000000606e00000,0x0000000609e96c78,0x0000000609f00000)
}
Event: 24.407 GC heap before
{Heap before GC invocations=7 (full 0):
 PSYoungGen      total 84480K, used 78042K [0x0000000759500000, 0x0000000760180000, 0x0000000800000000)
  eden space 62976K, 100% used [0x0000000759500000,0x000000075d280000,0x000000075d280000)
  from space 21504K, 70% used [0x000000075ec80000,0x000000075fb368b0,0x0000000760180000)
  to   space 24064K, 0% used [0x000000075d280000,0x000000075d280000,0x000000075ea00000)
 ParOldGen       total 175104K, used 20614K [0x000000060c000000, 0x0000000616b00000, 0x0000000759500000)
  object space 175104K, 11% used [0x000000060c000000,0x000000060d421aa0,0x0000000616b00000)
 PSPermGen       total 50176K, used 50172K [0x0000000606e00000, 0x0000000609f00000, 0x000000060c000000)
  object space 50176K, 99% used [0x0000000606e00000,0x0000000609eff1e8,0x0000000609f00000)
Event: 24.420 GC heap after
Heap after GC invocations=7 (full 0):
 PSYoungGen      total 85504K, used 20307K [0x0000000759500000, 0x0000000760400000, 0x0000000800000000)
  eden space 61440K, 0% used [0x0000000759500000,0x0000000759500000,0x000000075d100000)
  from space 24064K, 84% used [0x000000075d280000,0x000000075e654f10,0x000000075ea00000)
  to   space 26112K, 0% used [0x000000075ea80000,0x000000075ea80000,0x0000000760400000)
 ParOldGen       total 175104K, used 23567K [0x000000060c000000, 0x0000000616b00000, 0x0000000759500000)
  object space 175104K, 13% used [0x000000060c000000,0x000000060d703eb8,0x0000000616b00000)
 PSPermGen       total 50176K, used 50172K [0x0000000606e00000, 0x0000000609f00000, 0x000000060c000000)
  object space 50176K, 99% used [0x0000000606e00000,0x0000000609eff1e8,0x0000000609f00000)
}
Event: 56.200 GC heap before
{Heap before GC invocations=8 (full 0):
 PSYoungGen      total 85504K, used 81747K [0x0000000759500000, 0x0000000760400000, 0x0000000800000000)
  eden space 61440K, 100% used [0x0000000759500000,0x000000075d100000,0x000000075d100000)
  from space 24064K, 84% used [0x000000075d280000,0x000000075e654f10,0x000000075ea00000)
  to   space 26112K, 0% used [0x000000075ea80000,0x000000075ea80000,0x0000000760400000)
 ParOldGen       total 175104K, used 23567K [0x000000060c000000, 0x0000000616b00000, 0x0000000759500000)
  object space 175104K, 13% used [0x000000060c000000,0x000000060d703eb8,0x0000000616b00000)
 PSPermGen       total 50688K, used 50371K [0x0000000606e00000, 0x0000000609f80000, 0x000000060c000000)
  object space 50688K, 99% used [0x0000000606e00000,0x0000000609f30db0,0x0000000609f80000)
Event: 56.210 GC heap after
Heap after GC invocations=8 (full 0):
 PSYoungGen      total 84480K, used 16123K [0x0000000759500000, 0x0000000760200000, 0x0000000800000000)
  eden space 60416K, 0% used [0x0000000759500000,0x0000000759500000,0x000000075d000000)
  from space 24064K, 67% used [0x000000075ea80000,0x000000075fa3ece0,0x0000000760200000)
  to   space 25600K, 0% used [0x000000075d000000,0x000000075d000000,0x000000075e900000)
 ParOldGen       total 175104K, used 27805K [0x000000060c000000, 0x0000000616b00000, 0x0000000759500000)
  object space 175104K, 15% used [0x000000060c000000,0x000000060db276e8,0x0000000616b00000)
 PSPermGen       total 50688K, used 50371K [0x0000000606e00000, 0x0000000609f80000, 0x000000060c000000)
  object space 50688K, 99% used [0x0000000606e00000,0x0000000609f30db0,0x0000000609f80000)
}
Event: 99.630 GC heap before
{Heap before GC invocations=9 (full 0):
 PSYoungGen      total 84480K, used 76539K [0x0000000759500000, 0x0000000760200000, 0x0000000800000000)
  eden space 60416K, 100% used [0x0000000759500000,0x000000075d000000,0x000000075d000000)
  from space 24064K, 67% used [0x000000075ea80000,0x000000075fa3ece0,0x0000000760200000)
  to   space 25600K, 0% used [0x000000075d000000,0x000000075d000000,0x000000075e900000)
 ParOldGen       total 175104K, used 27805K [0x000000060c000000, 0x0000000616b00000, 0x0000000759500000)
  object space 175104K, 15% used [0x000000060c000000,0x000000060db276e8,0x0000000616b00000)
 PSPermGen       total 50688K, used 50587K [0x0000000606e00000, 0x0000000609f80000, 0x000000060c000000)
  object space 50688K, 99% used [0x0000000606e00000,0x0000000609f66e70,0x0000000609f80000)
Event: 99.636 GC heap after
Heap after GC invocations=9 (full 0):
 PSYoungGen      total 64512K, used 4868K [0x0000000759500000, 0x0000000760200000, 0x0000000800000000)
  eden space 59392K, 0% used [0x0000000759500000,0x0000000759500000,0x000000075cf00000)
  from space 5120K, 95% used [0x000000075d000000,0x000000075d4c1140,0x000000075d500000)
  to   space 26112K, 0% used [0x000000075e880000,0x000000075e880000,0x0000000760200000)
 ParOldGen       total 175104K, used 33222K [0x000000060c000000, 0x0000000616b00000, 0x0000000759500000)
  object space 175104K, 18% used [0x000000060c000000,0x000000060e0719d0,0x0000000616b00000)
 PSPermGen       total 50688K, used 50587K [0x0000000606e00000, 0x0000000609f80000, 0x000000060c000000)
  object space 50688K, 99% used [0x0000000606e00000,0x0000000609f66e70,0x0000000609f80000)
}

