# JRE version: Java(TM) SE Runtime Environment (7.0_45-b18) (build 1.7.0_45-b18)
# Java VM: Java HotSpot(TM) 64-Bit Server VM (24.45-b08 mixed mode linux-amd64 compressed oops)
Heap
 PSYoungGen      total 60928K, used 15729K [0x0000000797d00000, 0x00000007a2000000, 0x0000000800000000)
  eden space 60416K, 25% used [0x0000000797d00000,0x0000000798c144a8,0x000000079b800000)
  from space 512K, 56% used [0x000000079b900000,0x000000079b948000,0x000000079b980000)
  to   space 53248K, 0% used [0x000000079ec00000,0x000000079ec00000,0x00000007a2000000)
 ParOldGen       total 175104K, used 70681K [0x00000006c7800000, 0x00000006d2300000, 0x0000000797d00000)
  object space 175104K, 40% used [0x00000006c7800000,0x00000006cbd06420,0x00000006d2300000)
 PSPermGen       total 52736K, used 52405K [0x00000006c2600000, 0x00000006c5980000, 0x00000006c7800000)
  object space 52736K, 99% used [0x00000006c2600000,0x00000006c592d570,0x00000006c5980000)
GC Heap History (10 events):
Event: 78.412 GC heap before
{Heap before GC invocations=17 (full 0):
 PSYoungGen      total 118784K, used 63114K [0x0000000797d00000, 0x00000007a2b80000, 0x0000000800000000)
  eden space 67072K, 88% used [0x0000000797d00000,0x000000079b72ace0,0x000000079be80000)
  from space 51712K, 6% used [0x000000079f900000,0x000000079fc77d08,0x00000007a2b80000)
  to   space 55808K, 0% used [0x000000079be80000,0x000000079be80000,0x000000079f500000)
 ParOldGen       total 175104K, used 68726K [0x00000006c7800000, 0x00000006d2300000, 0x0000000797d00000)
  object space 175104K, 39% used [0x00000006c7800000,0x00000006cbb1db70,0x00000006d2300000)
 PSPermGen       total 52224K, used 52204K [0x00000006c2600000, 0x00000006c5900000, 0x00000006c7800000)
  object space 52224K, 99% used [0x00000006c2600000,0x00000006c58fb3a0,0x00000006c5900000)
Event: 78.418 GC heap after
Heap after GC invocations=17 (full 0):
 PSYoungGen      total 121344K, used 39520K [0x0000000797d00000, 0x00000007a3400000, 0x0000000800000000)
  eden space 65536K, 0% used [0x0000000797d00000,0x0000000797d00000,0x000000079bd00000)
  from space 55808K, 70% used [0x000000079be80000,0x000000079e518000,0x000000079f500000)
  to   space 60928K, 0% used [0x000000079f880000,0x000000079f880000,0x00000007a3400000)
 ParOldGen       total 175104K, used 70217K [0x00000006c7800000, 0x00000006d2300000, 0x0000000797d00000)
  object space 175104K, 40% used [0x00000006c7800000,0x00000006cbc92410,0x00000006d2300000)
 PSPermGen       total 52224K, used 52204K [0x00000006c2600000, 0x00000006c5900000, 0x00000006c7800000)
  object space 52224K, 99% used [0x00000006c2600000,0x00000006c58fb3a0,0x00000006c5900000)
}
Event: 85.228 GC heap before
{Heap before GC invocations=18 (full 0):
 PSYoungGen      total 121344K, used 105056K [0x0000000797d00000, 0x00000007a3400000, 0x0000000800000000)
  eden space 65536K, 100% used [0x0000000797d00000,0x000000079bd00000,0x000000079bd00000)
  from space 55808K, 70% used [0x000000079be80000,0x000000079e518000,0x000000079f500000)
  to   space 60928K, 0% used [0x000000079f880000,0x000000079f880000,0x00000007a3400000)
 ParOldGen       total 175104K, used 70217K [0x00000006c7800000, 0x00000006d2300000, 0x0000000797d00000)
  object space 175104K, 40% used [0x00000006c7800000,0x00000006cbc92410,0x00000006d2300000)
 PSPermGen       total 52224K, used 52216K [0x00000006c2600000, 0x00000006c5900000, 0x00000006c7800000)
  object space 52224K, 99% used [0x00000006c2600000,0x00000006c58fe078,0x00000006c5900000)
Event: 85.230 GC heap after
Heap after GC invocations=18 (full 0):
 PSYoungGen      total 120320K, used 640K [0x0000000797d00000, 0x00000007a2f80000, 0x0000000800000000)
  eden space 64000K, 0% used [0x0000000797d00000,0x0000000797d00000,0x000000079bb80000)
  from space 56320K, 1% used [0x000000079f880000,0x000000079f920000,0x00000007a2f80000)
  to   space 59392K, 0% used [0x000000079bb80000,0x000000079bb80000,0x000000079f580000)
 ParOldGen       total 175104K, used 70289K [0x00000006c7800000, 0x00000006d2300000, 0x0000000797d00000)
  object space 175104K, 40% used [0x00000006c7800000,0x00000006cbca4410,0x00000006d2300000)
 PSPermGen       total 52224K, used 52216K [0x00000006c2600000, 0x00000006c5900000, 0x00000006c7800000)
  object space 52224K, 99% used [0x00000006c2600000,0x00000006c58fe078,0x00000006c5900000)
}
Event: 94.872 GC heap before
{Heap before GC invocations=19 (full 0):
 PSYoungGen      total 120320K, used 64640K [0x0000000797d00000, 0x00000007a2f80000, 0x0000000800000000)
  eden space 64000K, 100% used [0x0000000797d00000,0x000000079bb80000,0x000000079bb80000)
  from space 56320K, 1% used [0x000000079f880000,0x000000079f920000,0x00000007a2f80000)
  to   space 59392K, 0% used [0x000000079bb80000,0x000000079bb80000,0x000000079f580000)
 ParOldGen       total 175104K, used 70289K [0x00000006c7800000, 0x00000006d2300000, 0x0000000797d00000)
  object space 175104K, 40% used [0x00000006c7800000,0x00000006cbca4410,0x00000006d2300000)
 PSPermGen       total 52736K, used 52301K [0x00000006c2600000, 0x00000006c5980000, 0x00000006c7800000)
  object space 52736K, 99% used [0x00000006c2600000,0x00000006c5913498,0x00000006c5980000)
Event: 94.875 GC heap after
Heap after GC invocations=19 (full 0):
 PSYoungGen      total 62976K, used 416K [0x0000000797d00000, 0x00000007a2b00000, 0x0000000800000000)
  eden space 62464K, 0% used [0x0000000797d00000,0x0000000797d00000,0x000000079ba00000)
  from space 512K, 81% used [0x000000079bb80000,0x000000079bbe8000,0x000000079bc00000)
  to   space 57856K, 0% used [0x000000079f280000,0x000000079f280000,0x00000007a2b00000)
 ParOldGen       total 175104K, used 70505K [0x00000006c7800000, 0x00000006d2300000, 0x0000000797d00000)
  object space 175104K, 40% used [0x00000006c7800000,0x00000006cbcda420,0x00000006d2300000)
 PSPermGen       total 52736K, used 52301K [0x00000006c2600000, 0x00000006c5980000, 0x00000006c7800000)
  object space 52736K, 99% used [0x00000006c2600000,0x00000006c5913498,0x00000006c5980000)
}
Event: 104.210 GC heap before
{Heap before GC invocations=20 (full 0):
 PSYoungGen      total 62976K, used 62880K [0x0000000797d00000, 0x00000007a2b00000, 0x0000000800000000)
  eden space 62464K, 100% used [0x0000000797d00000,0x000000079ba00000,0x000000079ba00000)
  from space 512K, 81% used [0x000000079bb80000,0x000000079bbe8000,0x000000079bc00000)
  to   space 57856K, 0% used [0x000000079f280000,0x000000079f280000,0x00000007a2b00000)
 ParOldGen       total 175104K, used 70505K [0x00000006c7800000, 0x00000006d2300000, 0x0000000797d00000)
  object space 175104K, 40% used [0x00000006c7800000,0x00000006cbcda420,0x00000006d2300000)
 PSPermGen       total 52736K, used 52317K [0x00000006c2600000, 0x00000006c5980000, 0x00000006c7800000)
  object space 52736K, 99% used [0x00000006c2600000,0x00000006c59174b8,0x00000006c5980000)
Event: 104.212 GC heap after
Heap after GC invocations=20 (full 0):
 PSYoungGen      total 114176K, used 288K [0x0000000797d00000, 0x00000007a2600000, 0x0000000800000000)
  eden space 61440K, 0% used [0x0000000797d00000,0x0000000797d00000,0x000000079b900000)
  from space 52736K, 0% used [0x000000079f280000,0x000000079f2c8000,0x00000007a2600000)
  to   space 55808K, 0% used [0x000000079b900000,0x000000079b900000,0x000000079ef80000)
 ParOldGen       total 175104K, used 70633K [0x00000006c7800000, 0x00000006d2300000, 0x0000000797d00000)
  object space 175104K, 40% used [0x00000006c7800000,0x00000006cbcfa420,0x00000006d2300000)
 PSPermGen       total 52736K, used 52317K [0x00000006c2600000, 0x00000006c5980000, 0x00000006c7800000)
  object space 52736K, 99% used [0x00000006c2600000,0x00000006c59174b8,0x00000006c5980000)
}
Event: 111.059 GC heap before
{Heap before GC invocations=21 (full 0):
 PSYoungGen      total 114176K, used 61728K [0x0000000797d00000, 0x00000007a2600000, 0x0000000800000000)
  eden space 61440K, 100% used [0x0000000797d00000,0x000000079b900000,0x000000079b900000)
  from space 52736K, 0% used [0x000000079f280000,0x000000079f2c8000,0x00000007a2600000)
  to   space 55808K, 0% used [0x000000079b900000,0x000000079b900000,0x000000079ef80000)
 ParOldGen       total 175104K, used 70633K [0x00000006c7800000, 0x00000006d2300000, 0x0000000797d00000)
  object space 175104K, 40% used [0x00000006c7800000,0x00000006cbcfa420,0x00000006d2300000)
 PSPermGen       total 52736K, used 52325K [0x00000006c2600000, 0x00000006c5980000, 0x00000006c7800000)
  object space 52736K, 99% used [0x00000006c2600000,0x00000006c59197f0,0x00000006c5980000)
Event: 111.061 GC heap after
Heap after GC invocations=21 (full 0):
 PSYoungGen      total 60928K, used 288K [0x0000000797d00000, 0x00000007a2000000, 0x0000000800000000)
  eden space 60416K, 0% used [0x0000000797d00000,0x0000000797d00000,0x000000079b800000)
  from space 512K, 56% used [0x000000079b900000,0x000000079b948000,0x000000079b980000)
  to   space 53248K, 0% used [0x000000079ec00000,0x000000079ec00000,0x00000007a2000000)
 ParOldGen       total 175104K, used 70681K [0x00000006c7800000, 0x00000006d2300000, 0x0000000797d00000)
  object space 175104K, 40% used [0x00000006c7800000,0x00000006cbd06420,0x00000006d2300000)
 PSPermGen       total 52736K, used 52325K [0x00000006c2600000, 0x00000006c5980000, 0x00000006c7800000)
  object space 52736K, 99% used [0x00000006c2600000,0x00000006c59197f0,0x00000006c5980000)
}

