# JRE version: Java(TM) SE Runtime Environment (7.0_45-b18) (build 1.7.0_45-b18)
# Java VM: Java HotSpot(TM) 64-Bit Server VM (24.45-b08 mixed mode linux-amd64 compressed oops)
Heap
 PSYoungGen      total 468480K, used 65411K [0x0000000759500000, 0x000000077a680000, 0x0000000800000000)
  eden space 396288K, 5% used [0x0000000759500000,0x000000075ab6c7e8,0x0000000771800000)
  from space 72192K, 58% used [0x0000000775f00000,0x0000000778874650,0x000000077a580000)
  to   space 72704K, 0% used [0x0000000771800000,0x0000000771800000,0x0000000775f00000)
 ParOldGen       total 175104K, used 115150K [0x000000060c000000, 0x0000000616b00000, 0x0000000759500000)
  object space 175104K, 65% used [0x000000060c000000,0x0000000613073b00,0x0000000616b00000)
 PSPermGen       total 53760K, used 53584K [0x0000000606e00000, 0x000000060a280000, 0x000000060c000000)
  object space 53760K, 99% used [0x0000000606e00000,0x000000060a254320,0x000000060a280000)
GC Heap History (10 events):
Event: 4.975 GC heap before
{Heap before GC invocations=6 (full 0):
 PSYoungGen      total 76800K, used 76770K [0x0000000759500000, 0x0000000764200000, 0x0000000800000000)
  eden space 66048K, 100% used [0x0000000759500000,0x000000075d580000,0x000000075d580000)
  from space 10752K, 99% used [0x000000075d580000,0x000000075dff8ba0,0x000000075e000000)
  to   space 22528K, 0% used [0x0000000762c00000,0x0000000762c00000,0x0000000764200000)
 ParOldGen       total 175104K, used 16810K [0x000000060c000000, 0x0000000616b00000, 0x0000000759500000)
  object space 175104K, 9% used [0x000000060c000000,0x000000060d06a9c0,0x0000000616b00000)
 PSPermGen       total 34816K, used 34711K [0x0000000606e00000, 0x0000000609000000, 0x000000060c000000)
  object space 34816K, 99% used [0x0000000606e00000,0x0000000608fe5d80,0x0000000609000000)
Event: 4.983 GC heap after
Heap after GC invocations=6 (full 0):
 PSYoungGen      total 153600K, used 16904K [0x0000000759500000, 0x0000000764400000, 0x0000000800000000)
  eden space 131072K, 0% used [0x0000000759500000,0x0000000759500000,0x0000000761500000)
  from space 22528K, 75% used [0x0000000762c00000,0x0000000763c82240,0x0000000764200000)
  to   space 23552K, 0% used [0x0000000761500000,0x0000000761500000,0x0000000762c00000)
 ParOldGen       total 175104K, used 16810K [0x000000060c000000, 0x0000000616b00000, 0x0000000759500000)
  object space 175104K, 9% used [0x000000060c000000,0x000000060d06a9c0,0x0000000616b00000)
 PSPermGen       total 34816K, used 34711K [0x0000000606e00000, 0x0000000609000000, 0x000000060c000000)
  object space 34816K, 99% used [0x0000000606e00000,0x0000000608fe5d80,0x0000000609000000)
}
Event: 5.307 GC heap before
{Heap before GC invocations=7 (full 0):
 PSYoungGen      total 153600K, used 147976K [0x0000000759500000, 0x0000000764400000, 0x0000000800000000)
  eden space 131072K, 100% used [0x0000000759500000,0x0000000761500000,0x0000000761500000)
  from space 22528K, 75% used [0x0000000762c00000,0x0000000763c82240,0x0000000764200000)
  to   space 23552K, 0% used [0x0000000761500000,0x0000000761500000,0x0000000762c00000)
 ParOldGen       total 175104K, used 16810K [0x000000060c000000, 0x0000000616b00000, 0x0000000759500000)
  object space 175104K, 9% used [0x000000060c000000,0x000000060d06a9c0,0x0000000616b00000)
 PSPermGen       total 35328K, used 34908K [0x0000000606e00000, 0x0000000609080000, 0x000000060c000000)
  object space 35328K, 98% used [0x0000000606e00000,0x0000000609017090,0x0000000609080000)
Event: 5.326 GC heap after
Heap after GC invocations=7 (full 0):
 PSYoungGen      total 154624K, used 23538K [0x0000000759500000, 0x000000076e000000, 0x0000000800000000)
  eden space 131072K, 0% used [0x0000000759500000,0x0000000759500000,0x0000000761500000)
  from space 23552K, 99% used [0x0000000761500000,0x0000000762bfcbf8,0x0000000762c00000)
  to   space 38400K, 0% used [0x000000076ba80000,0x000000076ba80000,0x000000076e000000)
 ParOldGen       total 175104K, used 39081K [0x000000060c000000, 0x0000000616b00000, 0x0000000759500000)
  object space 175104K, 22% used [0x000000060c000000,0x000000060e62a400,0x0000000616b00000)
 PSPermGen       total 35328K, used 34908K [0x0000000606e00000, 0x0000000609080000, 0x000000060c000000)
  object space 35328K, 98% used [0x0000000606e00000,0x0000000609017090,0x0000000609080000)
}
Event: 8.511 GC heap before
{Heap before GC invocations=8 (full 0):
 PSYoungGen      total 154624K, used 147318K [0x0000000759500000, 0x000000076e000000, 0x0000000800000000)
  eden space 131072K, 94% used [0x0000000759500000,0x0000000760de0e78,0x0000000761500000)
  from space 23552K, 99% used [0x0000000761500000,0x0000000762bfcbf8,0x0000000762c00000)
  to   space 38400K, 0% used [0x000000076ba80000,0x000000076ba80000,0x000000076e000000)
 ParOldGen       total 175104K, used 39081K [0x000000060c000000, 0x0000000616b00000, 0x0000000759500000)
  object space 175104K, 22% used [0x000000060c000000,0x000000060e62a400,0x0000000616b00000)
 PSPermGen       total 38400K, used 38374K [0x0000000606e00000, 0x0000000609380000, 0x000000060c000000)
  object space 38400K, 99% used [0x0000000606e00000,0x0000000609379988,0x0000000609380000)
Event: 8.530 GC heap after
Heap after GC invocations=8 (full 0):
 PSYoungGen      total 286208K, used 38373K [0x0000000759500000, 0x000000076fc00000, 0x0000000800000000)
  eden space 247808K, 0% used [0x0000000759500000,0x0000000759500000,0x0000000768700000)
  from space 38400K, 99% used [0x000000076ba80000,0x000000076dff9580,0x000000076e000000)
  to   space 52736K, 0% used [0x0000000768700000,0x0000000768700000,0x000000076ba80000)
 ParOldGen       total 175104K, used 57248K [0x000000060c000000, 0x0000000616b00000, 0x0000000759500000)
  object space 175104K, 32% used [0x000000060c000000,0x000000060f7e8010,0x0000000616b00000)
 PSPermGen       total 38400K, used 38374K [0x0000000606e00000, 0x0000000609380000, 0x000000060c000000)
  object space 38400K, 99% used [0x0000000606e00000,0x0000000609379988,0x0000000609380000)
}
Event: 15.767 GC heap before
{Heap before GC invocations=9 (full 0):
 PSYoungGen      total 286208K, used 286181K [0x0000000759500000, 0x000000076fc00000, 0x0000000800000000)
  eden space 247808K, 100% used [0x0000000759500000,0x0000000768700000,0x0000000768700000)
  from space 38400K, 99% used [0x000000076ba80000,0x000000076dff9580,0x000000076e000000)
  to   space 52736K, 0% used [0x0000000768700000,0x0000000768700000,0x000000076ba80000)
 ParOldGen       total 175104K, used 57248K [0x000000060c000000, 0x0000000616b00000, 0x0000000759500000)
  object space 175104K, 32% used [0x000000060c000000,0x000000060f7e8010,0x0000000616b00000)
 PSPermGen       total 52224K, used 51798K [0x0000000606e00000, 0x000000060a100000, 0x000000060c000000)
  object space 52224K, 99% used [0x0000000606e00000,0x000000060a095a18,0x000000060a100000)
Event: 15.795 GC heap after
Heap after GC invocations=9 (full 0):
 PSYoungGen      total 300544K, used 52716K [0x0000000759500000, 0x000000077a580000, 0x0000000800000000)
  eden space 247808K, 0% used [0x0000000759500000,0x0000000759500000,0x0000000768700000)
  from space 52736K, 99% used [0x0000000768700000,0x000000076ba7b3e8,0x000000076ba80000)
  to   space 72192K, 0% used [0x0000000775f00000,0x0000000775f00000,0x000000077a580000)
 ParOldGen       total 175104K, used 83137K [0x000000060c000000, 0x0000000616b00000, 0x0000000759500000)
  object space 175104K, 47% used [0x000000060c000000,0x0000000611130760,0x0000000616b00000)
 PSPermGen       total 52224K, used 51798K [0x0000000606e00000, 0x000000060a100000, 0x000000060c000000)
  object space 52224K, 99% used [0x0000000606e00000,0x000000060a095a18,0x000000060a100000)
}
Event: 38.500 GC heap before
{Heap before GC invocations=10 (full 0):
 PSYoungGen      total 300544K, used 300524K [0x0000000759500000, 0x000000077a580000, 0x0000000800000000)
  eden space 247808K, 100% used [0x0000000759500000,0x0000000768700000,0x0000000768700000)
  from space 52736K, 99% used [0x0000000768700000,0x000000076ba7b3e8,0x000000076ba80000)
  to   space 72192K, 0% used [0x0000000775f00000,0x0000000775f00000,0x000000077a580000)
 ParOldGen       total 175104K, used 83137K [0x000000060c000000, 0x0000000616b00000, 0x0000000759500000)
  object space 175104K, 47% used [0x000000060c000000,0x0000000611130760,0x0000000616b00000)
 PSPermGen       total 53760K, used 53446K [0x0000000606e00000, 0x000000060a280000, 0x000000060c000000)
  object space 53760K, 99% used [0x0000000606e00000,0x000000060a231830,0x000000060a280000)
Event: 38.529 GC heap after
Heap after GC invocations=10 (full 0):
 PSYoungGen      total 468480K, used 42449K [0x0000000759500000, 0x000000077a680000, 0x0000000800000000)
  eden space 396288K, 0% used [0x0000000759500000,0x0000000759500000,0x0000000771800000)
  from space 72192K, 58% used [0x0000000775f00000,0x0000000778874650,0x000000077a580000)
  to   space 72704K, 0% used [0x0000000771800000,0x0000000771800000,0x0000000775f00000)
 ParOldGen       total 175104K, used 115150K [0x000000060c000000, 0x0000000616b00000, 0x0000000759500000)
  object space 175104K, 65% used [0x000000060c000000,0x0000000613073b00,0x0000000616b00000)
 PSPermGen       total 53760K, used 53446K [0x0000000606e00000, 0x000000060a280000, 0x000000060c000000)
  object space 53760K, 99% used [0x0000000606e00000,0x000000060a231830,0x000000060a280000)
}

