# JRE version: Java(TM) SE Runtime Environment (7.0_45-b18) (build 1.7.0_45-b18)
# Java VM: Java HotSpot(TM) 64-Bit Server VM (24.45-b08 mixed mode linux-amd64 compressed oops)
Heap
 PSYoungGen      total 281600K, used 252482K [0x0000000797d00000, 0x00000007a9c00000, 0x0000000800000000)
  eden space 276480K, 89% used [0x0000000797d00000,0x00000007a6e91390,0x00000007a8b00000)
  from space 5120K, 99% used [0x00000007a9280000,0x00000007a977f728,0x00000007a9780000)
  to   space 7680K, 0% used [0x00000007a8b00000,0x00000007a8b00000,0x00000007a9280000)
 ParOldGen       total 1334272K, used 1002959K [0x00000006c7800000, 0x0000000718f00000, 0x0000000797d00000)
  object space 1334272K, 75% used [0x00000006c7800000,0x0000000704b73c60,0x0000000718f00000)
 PSPermGen       total 78336K, used 55567K [0x00000006c2600000, 0x00000006c7280000, 0x00000006c7800000)
  object space 78336K, 70% used [0x00000006c2600000,0x00000006c5c43d20,0x00000006c7280000)
GC Heap History (10 events):
Event: 569.445 GC heap before
{Heap before GC invocations=69 (full 5):
 PSYoungGen      total 280064K, used 273664K [0x0000000797d00000, 0x00000007a9680000, 0x0000000800000000)
  eden space 272896K, 100% used [0x0000000797d00000,0x00000007a8780000,0x00000007a8780000)
  from space 7168K, 10% used [0x00000007a8780000,0x00000007a8840000,0x00000007a8e80000)
  to   space 6656K, 0% used [0x00000007a9000000,0x00000007a9000000,0x00000007a9680000)
 ParOldGen       total 1334272K, used 998703K [0x00000006c7800000, 0x0000000718f00000, 0x0000000797d00000)
  object space 1334272K, 74% used [0x00000006c7800000,0x000000070474bc60,0x0000000718f00000)
 PSPermGen       total 78336K, used 40784K [0x00000006c2600000, 0x00000006c7280000, 0x00000006c7800000)
  object space 78336K, 52% used [0x00000006c2600000,0x00000006c4dd4040,0x00000006c7280000)
Event: 569.450 GC heap after
Heap after GC invocations=69 (full 5):
 PSYoungGen      total 280576K, used 838K [0x0000000797d00000, 0x00000007a9580000, 0x0000000800000000)
  eden space 274944K, 0% used [0x0000000797d00000,0x0000000797d00000,0x00000007a8980000)
  from space 5632K, 14% used [0x00000007a9000000,0x00000007a90d1a78,0x00000007a9580000)
  to   space 6144K, 0% used [0x00000007a8980000,0x00000007a8980000,0x00000007a8f80000)
 ParOldGen       total 1334272K, used 998783K [0x00000006c7800000, 0x0000000718f00000, 0x0000000797d00000)
  object space 1334272K, 74% used [0x00000006c7800000,0x000000070475fc60,0x0000000718f00000)
 PSPermGen       total 78336K, used 40784K [0x00000006c2600000, 0x00000006c7280000, 0x00000006c7800000)
  object space 78336K, 52% used [0x00000006c2600000,0x00000006c4dd4040,0x00000006c7280000)
}
Event: 569.886 GC heap before
{Heap before GC invocations=70 (full 5):
 PSYoungGen      total 280576K, used 275782K [0x0000000797d00000, 0x00000007a9580000, 0x0000000800000000)
  eden space 274944K, 100% used [0x0000000797d00000,0x00000007a8980000,0x00000007a8980000)
  from space 5632K, 14% used [0x00000007a9000000,0x00000007a90d1a78,0x00000007a9580000)
  to   space 6144K, 0% used [0x00000007a8980000,0x00000007a8980000,0x00000007a8f80000)
 ParOldGen       total 1334272K, used 998783K [0x00000006c7800000, 0x0000000718f00000, 0x0000000797d00000)
  object space 1334272K, 74% used [0x00000006c7800000,0x000000070475fc60,0x0000000718f00000)
 PSPermGen       total 78336K, used 40784K [0x00000006c2600000, 0x00000006c7280000, 0x00000006c7800000)
  object space 78336K, 52% used [0x00000006c2600000,0x00000006c4dd4250,0x00000006c7280000)
Event: 569.890 GC heap after
Heap after GC invocations=70 (full 5):
 PSYoungGen      total 281088K, used 838K [0x0000000797d00000, 0x00000007a9680000, 0x0000000800000000)
  eden space 274944K, 0% used [0x0000000797d00000,0x0000000797d00000,0x00000007a8980000)
  from space 6144K, 13% used [0x00000007a8980000,0x00000007a8a51a78,0x00000007a8f80000)
  to   space 5632K, 0% used [0x00000007a9100000,0x00000007a9100000,0x00000007a9680000)
 ParOldGen       total 1334272K, used 998871K [0x00000006c7800000, 0x0000000718f00000, 0x0000000797d00000)
  object space 1334272K, 74% used [0x00000006c7800000,0x0000000704775c60,0x0000000718f00000)
 PSPermGen       total 78336K, used 40784K [0x00000006c2600000, 0x00000006c7280000, 0x00000006c7800000)
  object space 78336K, 52% used [0x00000006c2600000,0x00000006c4dd4250,0x00000006c7280000)
}
Event: 570.325 GC heap before
{Heap before GC invocations=71 (full 5):
 PSYoungGen      total 281088K, used 275782K [0x0000000797d00000, 0x00000007a9680000, 0x0000000800000000)
  eden space 274944K, 100% used [0x0000000797d00000,0x00000007a8980000,0x00000007a8980000)
  from space 6144K, 13% used [0x00000007a8980000,0x00000007a8a51a78,0x00000007a8f80000)
  to   space 5632K, 0% used [0x00000007a9100000,0x00000007a9100000,0x00000007a9680000)
 ParOldGen       total 1334272K, used 998871K [0x00000006c7800000, 0x0000000718f00000, 0x0000000797d00000)
  object space 1334272K, 74% used [0x00000006c7800000,0x0000000704775c60,0x0000000718f00000)
 PSPermGen       total 78336K, used 40784K [0x00000006c2600000, 0x00000006c7280000, 0x00000006c7800000)
  object space 78336K, 52% used [0x00000006c2600000,0x00000006c4dd4250,0x00000006c7280000)
Event: 570.329 GC heap after
Heap after GC invocations=71 (full 5):
 PSYoungGen      total 281600K, used 870K [0x0000000797d00000, 0x00000007a9580000, 0x0000000800000000)
  eden space 276992K, 0% used [0x0000000797d00000,0x0000000797d00000,0x00000007a8b80000)
  from space 4608K, 18% used [0x00000007a9100000,0x00000007a91d9a78,0x00000007a9580000)
  to   space 5120K, 0% used [0x00000007a8b80000,0x00000007a8b80000,0x00000007a9080000)
 ParOldGen       total 1334272K, used 998967K [0x00000006c7800000, 0x0000000718f00000, 0x0000000797d00000)
  object space 1334272K, 74% used [0x00000006c7800000,0x000000070478dc60,0x0000000718f00000)
 PSPermGen       total 78336K, used 40784K [0x00000006c2600000, 0x00000006c7280000, 0x00000006c7800000)
  object space 78336K, 52% used [0x00000006c2600000,0x00000006c4dd4250,0x00000006c7280000)
}
Event: 570.765 GC heap before
{Heap before GC invocations=72 (full 5):
 PSYoungGen      total 281600K, used 277862K [0x0000000797d00000, 0x00000007a9580000, 0x0000000800000000)
  eden space 276992K, 100% used [0x0000000797d00000,0x00000007a8b80000,0x00000007a8b80000)
  from space 4608K, 18% used [0x00000007a9100000,0x00000007a91d9a78,0x00000007a9580000)
  to   space 5120K, 0% used [0x00000007a8b80000,0x00000007a8b80000,0x00000007a9080000)
 ParOldGen       total 1334272K, used 998967K [0x00000006c7800000, 0x0000000718f00000, 0x0000000797d00000)
  object space 1334272K, 74% used [0x00000006c7800000,0x000000070478dc60,0x0000000718f00000)
 PSPermGen       total 78336K, used 40784K [0x00000006c2600000, 0x00000006c7280000, 0x00000006c7800000)
  object space 78336K, 52% used [0x00000006c2600000,0x00000006c4dd4250,0x00000006c7280000)
Event: 570.770 GC heap after
Heap after GC invocations=72 (full 5):
 PSYoungGen      total 282112K, used 800K [0x0000000797d00000, 0x00000007a9780000, 0x0000000800000000)
  eden space 276992K, 0% used [0x0000000797d00000,0x0000000797d00000,0x00000007a8b80000)
  from space 5120K, 15% used [0x00000007a8b80000,0x00000007a8c48000,0x00000007a9080000)
  to   space 5120K, 0% used [0x00000007a9280000,0x00000007a9280000,0x00000007a9780000)
 ParOldGen       total 1334272K, used 999063K [0x00000006c7800000, 0x0000000718f00000, 0x0000000797d00000)
  object space 1334272K, 74% used [0x00000006c7800000,0x00000007047a5c60,0x0000000718f00000)
 PSPermGen       total 78336K, used 40784K [0x00000006c2600000, 0x00000006c7280000, 0x00000006c7800000)
  object space 78336K, 52% used [0x00000006c2600000,0x00000006c4dd4250,0x00000006c7280000)
}
Event: 1228.203 GC heap before
{Heap before GC invocations=73 (full 5):
 PSYoungGen      total 282112K, used 277792K [0x0000000797d00000, 0x00000007a9780000, 0x0000000800000000)
  eden space 276992K, 100% used [0x0000000797d00000,0x00000007a8b80000,0x00000007a8b80000)
  from space 5120K, 15% used [0x00000007a8b80000,0x00000007a8c48000,0x00000007a9080000)
  to   space 5120K, 0% used [0x00000007a9280000,0x00000007a9280000,0x00000007a9780000)
 ParOldGen       total 1334272K, used 999063K [0x00000006c7800000, 0x0000000718f00000, 0x0000000797d00000)
  object space 1334272K, 74% used [0x00000006c7800000,0x00000007047a5c60,0x0000000718f00000)
 PSPermGen       total 78336K, used 43038K [0x00000006c2600000, 0x00000006c7280000, 0x00000006c7800000)
  object space 78336K, 54% used [0x00000006c2600000,0x00000006c5007890,0x00000006c7280000)
Event: 1228.210 GC heap after
Heap after GC invocations=73 (full 5):
 PSYoungGen      total 281600K, used 5117K [0x0000000797d00000, 0x00000007a9c00000, 0x0000000800000000)
  eden space 276480K, 0% used [0x0000000797d00000,0x0000000797d00000,0x00000007a8b00000)
  from space 5120K, 99% used [0x00000007a9280000,0x00000007a977f728,0x00000007a9780000)
  to   space 7680K, 0% used [0x00000007a8b00000,0x00000007a8b00000,0x00000007a9280000)
 ParOldGen       total 1334272K, used 1002959K [0x00000006c7800000, 0x0000000718f00000, 0x0000000797d00000)
  object space 1334272K, 75% used [0x00000006c7800000,0x0000000704b73c60,0x0000000718f00000)
 PSPermGen       total 78336K, used 43038K [0x00000006c2600000, 0x00000006c7280000, 0x00000006c7800000)
  object space 78336K, 54% used [0x00000006c2600000,0x00000006c5007890,0x00000006c7280000)
}

