# JRE version: Java(TM) SE Runtime Environment (7.0_45-b18) (build 1.7.0_45-b18)
# Java VM: Java HotSpot(TM) 64-Bit Server VM (24.45-b08 mixed mode linux-amd64 compressed oops)
Heap
 PSYoungGen      total 83456K, used 15752K [0x0000000759500000, 0x0000000760080000, 0x0000000800000000)
  eden space 57856K, 20% used [0x0000000759500000,0x000000075a064bb8,0x000000075cd80000)
  from space 25600K, 15% used [0x000000075e780000,0x000000075eb7d770,0x0000000760080000)
  to   space 26112K, 0% used [0x000000075cd80000,0x000000075cd80000,0x000000075e700000)
 ParOldGen       total 175104K, used 31121K [0x000000060c000000, 0x0000000616b00000, 0x0000000759500000)
  object space 175104K, 17% used [0x000000060c000000,0x000000060de64718,0x0000000616b00000)
 PSPermGen       total 54784K, used 54541K [0x0000000606e00000, 0x000000060a380000, 0x000000060c000000)
  object space 54784K, 99% used [0x0000000606e00000,0x000000060a343598,0x000000060a380000)
GC Heap History (10 events):
Event: 24.524 GC heap before
{Heap before GC invocations=6 (full 0):
 PSYoungGen      total 75264K, used 75247K [0x0000000759500000, 0x000000075fe00000, 0x0000000800000000)
  eden space 64512K, 100% used [0x0000000759500000,0x000000075d400000,0x000000075d400000)
  from space 10752K, 99% used [0x000000075d580000,0x000000075dffbf70,0x000000075e000000)
  to   space 21504K, 0% used [0x000000075e900000,0x000000075e900000,0x000000075fe00000)
 ParOldGen       total 175104K, used 15363K [0x000000060c000000, 0x0000000616b00000, 0x0000000759500000)
  object space 175104K, 8% used [0x000000060c000000,0x000000060cf00ed8,0x0000000616b00000)
 PSPermGen       total 46592K, used 46527K [0x0000000606e00000, 0x0000000609b80000, 0x000000060c000000)
  object space 46592K, 99% used [0x0000000606e00000,0x0000000609b6fc40,0x0000000609b80000)
Event: 24.536 GC heap after
Heap after GC invocations=6 (full 0):
 PSYoungGen      total 83456K, used 19954K [0x0000000759500000, 0x0000000760180000, 0x0000000800000000)
  eden space 61952K, 0% used [0x0000000759500000,0x0000000759500000,0x000000075d180000)
  from space 21504K, 92% used [0x000000075e900000,0x000000075fc7cac0,0x000000075fe00000)
  to   space 24064K, 0% used [0x000000075d180000,0x000000075d180000,0x000000075e900000)
 ParOldGen       total 175104K, used 15371K [0x000000060c000000, 0x0000000616b00000, 0x0000000759500000)
  object space 175104K, 8% used [0x000000060c000000,0x000000060cf02ed8,0x0000000616b00000)
 PSPermGen       total 46592K, used 46527K [0x0000000606e00000, 0x0000000609b80000, 0x000000060c000000)
  object space 46592K, 99% used [0x0000000606e00000,0x0000000609b6fc40,0x0000000609b80000)
}
Event: 28.776 GC heap before
{Heap before GC invocations=7 (full 0):
 PSYoungGen      total 83456K, used 81906K [0x0000000759500000, 0x0000000760180000, 0x0000000800000000)
  eden space 61952K, 100% used [0x0000000759500000,0x000000075d180000,0x000000075d180000)
  from space 21504K, 92% used [0x000000075e900000,0x000000075fc7cac0,0x000000075fe00000)
  to   space 24064K, 0% used [0x000000075d180000,0x000000075d180000,0x000000075e900000)
 ParOldGen       total 175104K, used 15371K [0x000000060c000000, 0x0000000616b00000, 0x0000000759500000)
  object space 175104K, 8% used [0x000000060c000000,0x000000060cf02ed8,0x0000000616b00000)
 PSPermGen       total 50688K, used 50337K [0x0000000606e00000, 0x0000000609f80000, 0x000000060c000000)
  object space 50688K, 99% used [0x0000000606e00000,0x0000000609f28488,0x0000000609f80000)
Event: 28.789 GC heap after
Heap after GC invocations=7 (full 0):
 PSYoungGen      total 84992K, used 19452K [0x0000000759500000, 0x0000000760280000, 0x0000000800000000)
  eden space 60928K, 0% used [0x0000000759500000,0x0000000759500000,0x000000075d080000)
  from space 24064K, 80% used [0x000000075d180000,0x000000075e47f068,0x000000075e900000)
  to   space 25600K, 0% used [0x000000075e980000,0x000000075e980000,0x0000000760280000)
 ParOldGen       total 175104K, used 18944K [0x000000060c000000, 0x0000000616b00000, 0x0000000759500000)
  object space 175104K, 10% used [0x000000060c000000,0x000000060d2800c0,0x0000000616b00000)
 PSPermGen       total 50688K, used 50337K [0x0000000606e00000, 0x0000000609f80000, 0x000000060c000000)
  object space 50688K, 99% used [0x0000000606e00000,0x0000000609f28488,0x0000000609f80000)
}
Event: 61.656 GC heap before
{Heap before GC invocations=8 (full 0):
 PSYoungGen      total 84992K, used 80380K [0x0000000759500000, 0x0000000760280000, 0x0000000800000000)
  eden space 60928K, 100% used [0x0000000759500000,0x000000075d080000,0x000000075d080000)
  from space 24064K, 80% used [0x000000075d180000,0x000000075e47f068,0x000000075e900000)
  to   space 25600K, 0% used [0x000000075e980000,0x000000075e980000,0x0000000760280000)
 ParOldGen       total 175104K, used 18944K [0x000000060c000000, 0x0000000616b00000, 0x0000000759500000)
  object space 175104K, 10% used [0x000000060c000000,0x000000060d2800c0,0x0000000616b00000)
 PSPermGen       total 50688K, used 50655K [0x0000000606e00000, 0x0000000609f80000, 0x000000060c000000)
  object space 50688K, 99% used [0x0000000606e00000,0x0000000609f77e40,0x0000000609f80000)
Event: 61.665 GC heap after
Heap after GC invocations=8 (full 0):
 PSYoungGen      total 83456K, used 9753K [0x0000000759500000, 0x0000000760080000, 0x0000000800000000)
  eden space 59904K, 0% used [0x0000000759500000,0x0000000759500000,0x000000075cf80000)
  from space 23552K, 41% used [0x000000075e980000,0x000000075f3066b8,0x0000000760080000)
  to   space 25088K, 0% used [0x000000075cf80000,0x000000075cf80000,0x000000075e800000)
 ParOldGen       total 175104K, used 24523K [0x000000060c000000, 0x0000000616b00000, 0x0000000759500000)
  object space 175104K, 14% used [0x000000060c000000,0x000000060d7f2c58,0x0000000616b00000)
 PSPermGen       total 50688K, used 50655K [0x0000000606e00000, 0x0000000609f80000, 0x000000060c000000)
  object space 50688K, 99% used [0x0000000606e00000,0x0000000609f77e40,0x0000000609f80000)
}
Event: 131.030 GC heap before
{Heap before GC invocations=9 (full 0):
 PSYoungGen      total 83456K, used 66693K [0x0000000759500000, 0x0000000760080000, 0x0000000800000000)
  eden space 59904K, 95% used [0x0000000759500000,0x000000075cc9adf8,0x000000075cf80000)
  from space 23552K, 41% used [0x000000075e980000,0x000000075f3066b8,0x0000000760080000)
  to   space 25088K, 0% used [0x000000075cf80000,0x000000075cf80000,0x000000075e800000)
 ParOldGen       total 175104K, used 24523K [0x000000060c000000, 0x0000000616b00000, 0x0000000759500000)
  object space 175104K, 14% used [0x000000060c000000,0x000000060d7f2c58,0x0000000616b00000)
 PSPermGen       total 52736K, used 52668K [0x0000000606e00000, 0x000000060a180000, 0x000000060c000000)
  object space 52736K, 99% used [0x0000000606e00000,0x000000060a16f038,0x000000060a180000)
Event: 131.035 GC heap after
Heap after GC invocations=9 (full 0):
 PSYoungGen      total 64000K, used 4942K [0x0000000759500000, 0x0000000760080000, 0x0000000800000000)
  eden space 58880K, 0% used [0x0000000759500000,0x0000000759500000,0x000000075ce80000)
  from space 5120K, 96% used [0x000000075cf80000,0x000000075d453aa8,0x000000075d480000)
  to   space 25600K, 0% used [0x000000075e780000,0x000000075e780000,0x0000000760080000)
 ParOldGen       total 175104K, used 28632K [0x000000060c000000, 0x0000000616b00000, 0x0000000759500000)
  object space 175104K, 16% used [0x000000060c000000,0x000000060dbf6140,0x0000000616b00000)
 PSPermGen       total 52736K, used 52668K [0x0000000606e00000, 0x000000060a180000, 0x000000060c000000)
  object space 52736K, 99% used [0x0000000606e00000,0x000000060a16f038,0x000000060a180000)
}
Event: 149.359 GC heap before
{Heap before GC invocations=10 (full 0):
 PSYoungGen      total 64000K, used 63822K [0x0000000759500000, 0x0000000760080000, 0x0000000800000000)
  eden space 58880K, 100% used [0x0000000759500000,0x000000075ce80000,0x000000075ce80000)
  from space 5120K, 96% used [0x000000075cf80000,0x000000075d453aa8,0x000000075d480000)
  to   space 25600K, 0% used [0x000000075e780000,0x000000075e780000,0x0000000760080000)
 ParOldGen       total 175104K, used 28632K [0x000000060c000000, 0x0000000616b00000, 0x0000000759500000)
  object space 175104K, 16% used [0x000000060c000000,0x000000060dbf6140,0x0000000616b00000)
 PSPermGen       total 54784K, used 54421K [0x0000000606e00000, 0x000000060a380000, 0x000000060c000000)
  object space 54784K, 99% used [0x0000000606e00000,0x000000060a325730,0x000000060a380000)
Event: 149.363 GC heap after
Heap after GC invocations=10 (full 0):
 PSYoungGen      total 83456K, used 4085K [0x0000000759500000, 0x0000000760080000, 0x0000000800000000)
  eden space 57856K, 0% used [0x0000000759500000,0x0000000759500000,0x000000075cd80000)
  from space 25600K, 15% used [0x000000075e780000,0x000000075eb7d770,0x0000000760080000)
  to   space 26112K, 0% used [0x000000075cd80000,0x000000075cd80000,0x000000075e700000)
 ParOldGen       total 175104K, used 31121K [0x000000060c000000, 0x0000000616b00000, 0x0000000759500000)
  object space 175104K, 17% used [0x000000060c000000,0x000000060de64718,0x0000000616b00000)
 PSPermGen       total 54784K, used 54421K [0x0000000606e00000, 0x000000060a380000, 0x000000060c000000)
  object space 54784K, 99% used [0x0000000606e00000,0x000000060a325730,0x000000060a380000)
}

