# JRE version: Java(TM) SE Runtime Environment (7.0_51-b13) (build 1.7.0_51-b13)
# Java VM: Java HotSpot(TM) 64-Bit Server VM (24.51-b03 mixed mode linux-amd64 compressed oops)
Heap
 PSYoungGen      total 534528K, used 410739K [0x0000000759500000, 0x0000000794100000, 0x0000000800000000)
  eden space 158208K, 97% used [0x0000000759500000,0x0000000762c53548,0x0000000762f80000)
  from space 376320K, 67% used [0x000000077b100000,0x000000078aac99e8,0x0000000792080000)
  to   space 394752K, 0% used [0x0000000762f80000,0x0000000762f80000,0x000000077b100000)
 ParOldGen       total 3716608K, used 3674632K [0x000000060c000000, 0x00000006eed80000, 0x0000000759500000)
  object space 3716608K, 98% used [0x000000060c000000,0x00000006ec482148,0x00000006eed80000)
 PSPermGen       total 79360K, used 41193K [0x0000000606e00000, 0x000000060bb80000, 0x000000060c000000)
  object space 79360K, 51% used [0x0000000606e00000,0x000000060963a6e0,0x000000060bb80000)
GC Heap History (10 events):
Event: 423.387 GC heap before
{Heap before GC invocations=19 (full 4):
 PSYoungGen      total 470016K, used 219648K [0x0000000759500000, 0x0000000788580000, 0x0000000800000000)
  eden space 219648K, 100% used [0x0000000759500000,0x0000000766b80000,0x0000000766b80000)
  from space 250368K, 0% used [0x0000000777500000,0x0000000777500000,0x0000000786980000)
  to   space 271872K, 0% used [0x0000000766b80000,0x0000000766b80000,0x0000000777500000)
 ParOldGen       total 1336320K, used 1000320K [0x000000060c000000, 0x000000065d900000, 0x0000000759500000)
  object space 1336320K, 74% used [0x000000060c000000,0x00000006490e0398,0x000000065d900000)
 PSPermGen       total 82944K, used 40938K [0x0000000606e00000, 0x000000060bf00000, 0x000000060c000000)
  object space 82944K, 49% used [0x0000000606e00000,0x00000006095fa9b8,0x000000060bf00000)
Event: 423.428 GC heap after
Heap after GC invocations=19 (full 4):
 PSYoungGen      total 491520K, used 217118K [0x0000000759500000, 0x000000078d800000, 0x0000000800000000)
  eden space 219648K, 0% used [0x0000000759500000,0x0000000759500000,0x0000000766b80000)
  from space 271872K, 79% used [0x0000000766b80000,0x0000000773f879f8,0x0000000777500000)
  to   space 297984K, 0% used [0x000000077b500000,0x000000077b500000,0x000000078d800000)
 ParOldGen       total 1336320K, used 1000320K [0x000000060c000000, 0x000000065d900000, 0x0000000759500000)
  object space 1336320K, 74% used [0x000000060c000000,0x00000006490e0398,0x000000065d900000)
 PSPermGen       total 82944K, used 40938K [0x0000000606e00000, 0x000000060bf00000, 0x000000060c000000)
  object space 82944K, 49% used [0x0000000606e00000,0x00000006095fa9b8,0x000000060bf00000)
}
Event: 424.044 GC heap before
{Heap before GC invocations=20 (full 4):
 PSYoungGen      total 491520K, used 436766K [0x0000000759500000, 0x000000078d800000, 0x0000000800000000)
  eden space 219648K, 100% used [0x0000000759500000,0x0000000766b80000,0x0000000766b80000)
  from space 271872K, 79% used [0x0000000766b80000,0x0000000773f879f8,0x0000000777500000)
  to   space 297984K, 0% used [0x000000077b500000,0x000000077b500000,0x000000078d800000)
 ParOldGen       total 1336320K, used 1000320K [0x000000060c000000, 0x000000065d900000, 0x0000000759500000)
  object space 1336320K, 74% used [0x000000060c000000,0x00000006490e0398,0x000000065d900000)
 PSPermGen       total 82944K, used 41046K [0x0000000606e00000, 0x000000060bf00000, 0x000000060c000000)
  object space 82944K, 49% used [0x0000000606e00000,0x0000000609615a90,0x000000060bf00000)
Event: 424.119 GC heap after
Heap after GC invocations=20 (full 4):
 PSYoungGen      total 455680K, used 297957K [0x0000000759500000, 0x0000000799d80000, 0x0000000800000000)
  eden space 157696K, 0% used [0x0000000759500000,0x0000000759500000,0x0000000762f00000)
  from space 297984K, 99% used [0x000000077b500000,0x000000078d7f9698,0x000000078d800000)
  to   space 399360K, 0% used [0x0000000762f00000,0x0000000762f00000,0x000000077b500000)
 ParOldGen       total 1336320K, used 1137091K [0x000000060c000000, 0x000000065d900000, 0x0000000759500000)
  object space 1336320K, 85% used [0x000000060c000000,0x0000000651670df8,0x000000065d900000)
 PSPermGen       total 82944K, used 41046K [0x0000000606e00000, 0x000000060bf00000, 0x000000060c000000)
  object space 82944K, 49% used [0x0000000606e00000,0x0000000609615a90,0x000000060bf00000)
}
Event: 792.073 GC heap before
{Heap before GC invocations=21 (full 5):
 PSYoungGen      total 455680K, used 455653K [0x0000000759500000, 0x0000000799d80000, 0x0000000800000000)
  eden space 157696K, 100% used [0x0000000759500000,0x0000000762f00000,0x0000000762f00000)
  from space 297984K, 99% used [0x000000077b500000,0x000000078d7f9698,0x000000078d800000)
  to   space 399360K, 0% used [0x0000000762f00000,0x0000000762f00000,0x000000077b500000)
 ParOldGen       total 2550784K, used 2550781K [0x000000060c000000, 0x00000006a7b00000, 0x0000000759500000)
  object space 2550784K, 99% used [0x000000060c000000,0x00000006a7aff780,0x00000006a7b00000)
 PSPermGen       total 82944K, used 41047K [0x0000000606e00000, 0x000000060bf00000, 0x000000060c000000)
  object space 82944K, 49% used [0x0000000606e00000,0x0000000609615d58,0x000000060bf00000)
Event: 792.470 GC heap after
Heap after GC invocations=21 (full 5):
 PSYoungGen      total 455680K, used 0K [0x0000000759500000, 0x0000000799d80000, 0x0000000800000000)
  eden space 157696K, 0% used [0x0000000759500000,0x0000000759500000,0x0000000762f00000)
  from space 297984K, 0% used [0x000000077b500000,0x000000077b500000,0x000000078d800000)
  to   space 399360K, 0% used [0x0000000762f00000,0x0000000762f00000,0x000000077b500000)
 ParOldGen       total 1549312K, used 1125640K [0x000000060c000000, 0x000000066a900000, 0x0000000759500000)
  object space 1549312K, 72% used [0x000000060c000000,0x0000000650b42198,0x000000066a900000)
 PSPermGen       total 79360K, used 41047K [0x0000000606e00000, 0x000000060bb80000, 0x000000060c000000)
  object space 79360K, 51% used [0x0000000606e00000,0x0000000609615d38,0x000000060bb80000)
}
Event: 796.466 GC heap before
{Heap before GC invocations=22 (full 5):
 PSYoungGen      total 455680K, used 157696K [0x0000000759500000, 0x0000000799d80000, 0x0000000800000000)
  eden space 157696K, 100% used [0x0000000759500000,0x0000000762f00000,0x0000000762f00000)
  from space 297984K, 0% used [0x000000077b500000,0x000000077b500000,0x000000078d800000)
  to   space 399360K, 0% used [0x0000000762f00000,0x0000000762f00000,0x000000077b500000)
 ParOldGen       total 1549312K, used 1380543K [0x000000060c000000, 0x000000066a900000, 0x0000000759500000)
  object space 1549312K, 89% used [0x000000060c000000,0x000000066042fc98,0x000000066a900000)
 PSPermGen       total 79360K, used 41182K [0x0000000606e00000, 0x000000060bb80000, 0x000000060c000000)
  object space 79360K, 51% used [0x0000000606e00000,0x0000000609637ac8,0x000000060bb80000)
Event: 796.492 GC heap after
Heap after GC invocations=22 (full 5):
 PSYoungGen      total 285696K, used 127917K [0x0000000759500000, 0x0000000792080000, 0x0000000800000000)
  eden space 157696K, 0% used [0x0000000759500000,0x0000000759500000,0x0000000762f00000)
  from space 128000K, 99% used [0x0000000762f00000,0x000000076abeb450,0x000000076ac00000)
  to   space 376320K, 0% used [0x000000077b100000,0x000000077b100000,0x0000000792080000)
 ParOldGen       total 1549312K, used 1380543K [0x000000060c000000, 0x000000066a900000, 0x0000000759500000)
  object space 1549312K, 89% used [0x000000060c000000,0x000000066042fc98,0x000000066a900000)
 PSPermGen       total 79360K, used 41182K [0x0000000606e00000, 0x000000060bb80000, 0x000000060c000000)
  object space 79360K, 51% used [0x0000000606e00000,0x0000000609637ac8,0x000000060bb80000)
}
Event: 806.170 GC heap before
{Heap before GC invocations=23 (full 5):
 PSYoungGen      total 285696K, used 285613K [0x0000000759500000, 0x0000000792080000, 0x0000000800000000)
  eden space 157696K, 100% used [0x0000000759500000,0x0000000762f00000,0x0000000762f00000)
  from space 128000K, 99% used [0x0000000762f00000,0x000000076abeb450,0x000000076ac00000)
  to   space 376320K, 0% used [0x000000077b100000,0x000000077b100000,0x0000000792080000)
 ParOldGen       total 1549312K, used 1380543K [0x000000060c000000, 0x000000066a900000, 0x0000000759500000)
  object space 1549312K, 89% used [0x000000060c000000,0x000000066042fc98,0x000000066a900000)
 PSPermGen       total 79360K, used 41182K [0x0000000606e00000, 0x000000060bb80000, 0x000000060c000000)
  object space 79360K, 51% used [0x0000000606e00000,0x0000000609637ac8,0x000000060bb80000)
Event: 806.207 GC heap after
Heap after GC invocations=23 (full 5):
 PSYoungGen      total 534528K, used 255782K [0x0000000759500000, 0x0000000794100000, 0x0000000800000000)
  eden space 158208K, 0% used [0x0000000759500000,0x0000000759500000,0x0000000762f80000)
  from space 376320K, 67% used [0x000000077b100000,0x000000078aac99e8,0x0000000792080000)
  to   space 394752K, 0% used [0x0000000762f80000,0x0000000762f80000,0x000000077b100000)
 ParOldGen       total 1549312K, used 1380543K [0x000000060c000000, 0x000000066a900000, 0x0000000759500000)
  object space 1549312K, 89% used [0x000000060c000000,0x000000066042fc98,0x000000066a900000)
 PSPermGen       total 79360K, used 41182K [0x0000000606e00000, 0x000000060bb80000, 0x000000060c000000)
  object space 79360K, 51% used [0x0000000606e00000,0x0000000609637ac8,0x000000060bb80000)
}

