# JRE version: Java(TM) SE Runtime Environment (7.0_45-b18) (build 1.7.0_45-b18)
# Java VM: Java HotSpot(TM) 64-Bit Server VM (24.45-b08 mixed mode linux-amd64 compressed oops)
Heap
 PSYoungGen      total 269312K, used 62610K [0x0000000797d00000, 0x00000007a9880000, 0x0000000800000000)
  eden space 249344K, 21% used [0x0000000797d00000,0x000000079b1fc460,0x00000007a7080000)
  from space 19968K, 41% used [0x00000007a8500000,0x00000007a8d28548,0x00000007a9880000)
  to   space 20480K, 0% used [0x00000007a7080000,0x00000007a7080000,0x00000007a8480000)
 ParOldGen       total 1214464K, used 1101003K [0x00000006c7800000, 0x0000000711a00000, 0x0000000797d00000)
  object space 1214464K, 90% used [0x00000006c7800000,0x000000070ab32da0,0x0000000711a00000)
 PSPermGen       total 83968K, used 53480K [0x00000006c2600000, 0x00000006c7800000, 0x00000006c7800000)
  object space 83968K, 63% used [0x00000006c2600000,0x00000006c5a3a330,0x00000006c7800000)
GC Heap History (10 events):
Event: 7383.690 GC heap before
{Heap before GC invocations=930 (full 8):
 PSYoungGen      total 270848K, used 260641K [0x0000000797d00000, 0x00000007a9b80000, 0x0000000800000000)
  eden space 247808K, 100% used [0x0000000797d00000,0x00000007a6f00000,0x00000007a6f00000)
  from space 23040K, 55% used [0x00000007a6f00000,0x00000007a7b88558,0x00000007a8580000)
  to   space 22528K, 0% used [0x00000007a8580000,0x00000007a8580000,0x00000007a9b80000)
 ParOldGen       total 1214464K, used 1095918K [0x00000006c7800000, 0x0000000711a00000, 0x0000000797d00000)
  object space 1214464K, 90% used [0x00000006c7800000,0x000000070a63b930,0x0000000711a00000)
 PSPermGen       total 83968K, used 53246K [0x00000006c2600000, 0x00000006c7800000, 0x00000006c7800000)
  object space 83968K, 63% used [0x00000006c2600000,0x00000006c59ff8c8,0x00000006c7800000)
Event: 7383.696 GC heap after
Heap after GC invocations=930 (full 8):
 PSYoungGen      total 270848K, used 12865K [0x0000000797d00000, 0x00000007a9b80000, 0x0000000800000000)
  eden space 248320K, 0% used [0x0000000797d00000,0x0000000797d00000,0x00000007a6f80000)
  from space 22528K, 57% used [0x00000007a8580000,0x00000007a9210558,0x00000007a9b80000)
  to   space 22528K, 0% used [0x00000007a6f80000,0x00000007a6f80000,0x00000007a8580000)
 ParOldGen       total 1214464K, used 1095918K [0x00000006c7800000, 0x0000000711a00000, 0x0000000797d00000)
  object space 1214464K, 90% used [0x00000006c7800000,0x000000070a63b930,0x0000000711a00000)
 PSPermGen       total 83968K, used 53246K [0x00000006c2600000, 0x00000006c7800000, 0x00000006c7800000)
  object space 83968K, 63% used [0x00000006c2600000,0x00000006c59ff8c8,0x00000006c7800000)
}
Event: 7434.723 GC heap before
{Heap before GC invocations=931 (full 8):
 PSYoungGen      total 270848K, used 261185K [0x0000000797d00000, 0x00000007a9b80000, 0x0000000800000000)
  eden space 248320K, 100% used [0x0000000797d00000,0x00000007a6f80000,0x00000007a6f80000)
  from space 22528K, 57% used [0x00000007a8580000,0x00000007a9210558,0x00000007a9b80000)
  to   space 22528K, 0% used [0x00000007a6f80000,0x00000007a6f80000,0x00000007a8580000)
 ParOldGen       total 1214464K, used 1095918K [0x00000006c7800000, 0x0000000711a00000, 0x0000000797d00000)
  object space 1214464K, 90% used [0x00000006c7800000,0x000000070a63b930,0x0000000711a00000)
 PSPermGen       total 83968K, used 53246K [0x00000006c2600000, 0x00000006c7800000, 0x00000006c7800000)
  object space 83968K, 63% used [0x00000006c2600000,0x00000006c59ff8c8,0x00000006c7800000)
Event: 7434.729 GC heap after
Heap after GC invocations=931 (full 8):
 PSYoungGen      total 270848K, used 12897K [0x0000000797d00000, 0x00000007a9c00000, 0x0000000800000000)
  eden space 248320K, 0% used [0x0000000797d00000,0x0000000797d00000,0x00000007a6f80000)
  from space 22528K, 57% used [0x00000007a6f80000,0x00000007a7c18558,0x00000007a8580000)
  to   space 22528K, 0% used [0x00000007a8600000,0x00000007a8600000,0x00000007a9c00000)
 ParOldGen       total 1214464K, used 1095966K [0x00000006c7800000, 0x0000000711a00000, 0x0000000797d00000)
  object space 1214464K, 90% used [0x00000006c7800000,0x000000070a647930,0x0000000711a00000)
 PSPermGen       total 83968K, used 53246K [0x00000006c2600000, 0x00000006c7800000, 0x00000006c7800000)
  object space 83968K, 63% used [0x00000006c2600000,0x00000006c59ff8c8,0x00000006c7800000)
}
Event: 7485.833 GC heap before
{Heap before GC invocations=932 (full 8):
 PSYoungGen      total 270848K, used 261217K [0x0000000797d00000, 0x00000007a9c00000, 0x0000000800000000)
  eden space 248320K, 100% used [0x0000000797d00000,0x00000007a6f80000,0x00000007a6f80000)
  from space 22528K, 57% used [0x00000007a6f80000,0x00000007a7c18558,0x00000007a8580000)
  to   space 22528K, 0% used [0x00000007a8600000,0x00000007a8600000,0x00000007a9c00000)
 ParOldGen       total 1214464K, used 1095966K [0x00000006c7800000, 0x0000000711a00000, 0x0000000797d00000)
  object space 1214464K, 90% used [0x00000006c7800000,0x000000070a647930,0x0000000711a00000)
 PSPermGen       total 83968K, used 53246K [0x00000006c2600000, 0x00000006c7800000, 0x00000006c7800000)
  object space 83968K, 63% used [0x00000006c2600000,0x00000006c59ff8c8,0x00000006c7800000)
Event: 7485.840 GC heap after
Heap after GC invocations=932 (full 8):
 PSYoungGen      total 270336K, used 12641K [0x0000000797d00000, 0x00000007a9b00000, 0x0000000800000000)
  eden space 248832K, 0% used [0x0000000797d00000,0x0000000797d00000,0x00000007a7000000)
  from space 21504K, 58% used [0x00000007a8600000,0x00000007a9258558,0x00000007a9b00000)
  to   space 22016K, 0% used [0x00000007a7000000,0x00000007a7000000,0x00000007a8580000)
 ParOldGen       total 1214464K, used 1096190K [0x00000006c7800000, 0x0000000711a00000, 0x0000000797d00000)
  object space 1214464K, 90% used [0x00000006c7800000,0x000000070a67f930,0x0000000711a00000)
 PSPermGen       total 83968K, used 53246K [0x00000006c2600000, 0x00000006c7800000, 0x00000006c7800000)
  object space 83968K, 63% used [0x00000006c2600000,0x00000006c59ff8c8,0x00000006c7800000)
}
Event: 7536.817 GC heap before
{Heap before GC invocations=933 (full 8):
 PSYoungGen      total 270336K, used 261473K [0x0000000797d00000, 0x00000007a9b00000, 0x0000000800000000)
  eden space 248832K, 100% used [0x0000000797d00000,0x00000007a7000000,0x00000007a7000000)
  from space 21504K, 58% used [0x00000007a8600000,0x00000007a9258558,0x00000007a9b00000)
  to   space 22016K, 0% used [0x00000007a7000000,0x00000007a7000000,0x00000007a8580000)
 ParOldGen       total 1214464K, used 1096190K [0x00000006c7800000, 0x0000000711a00000, 0x0000000797d00000)
  object space 1214464K, 90% used [0x00000006c7800000,0x000000070a67f930,0x0000000711a00000)
 PSPermGen       total 83968K, used 53246K [0x00000006c2600000, 0x00000006c7800000, 0x00000006c7800000)
  object space 83968K, 63% used [0x00000006c2600000,0x00000006c59ff8c8,0x00000006c7800000)
Event: 7536.823 GC heap after
Heap after GC invocations=933 (full 8):
 PSYoungGen      total 259072K, used 10113K [0x0000000797d00000, 0x00000007a9980000, 0x0000000800000000)
  eden space 248832K, 0% used [0x0000000797d00000,0x0000000797d00000,0x00000007a7000000)
  from space 10240K, 98% used [0x00000007a7000000,0x00000007a79e0548,0x00000007a7a00000)
  to   space 20992K, 0% used [0x00000007a8500000,0x00000007a8500000,0x00000007a9980000)
 ParOldGen       total 1214464K, used 1098811K [0x00000006c7800000, 0x0000000711a00000, 0x0000000797d00000)
  object space 1214464K, 90% used [0x00000006c7800000,0x000000070a90eda0,0x0000000711a00000)
 PSPermGen       total 83968K, used 53246K [0x00000006c2600000, 0x00000006c7800000, 0x00000006c7800000)
  object space 83968K, 63% used [0x00000006c2600000,0x00000006c59ff8c8,0x00000006c7800000)
}
Event: 7582.884 GC heap before
{Heap before GC invocations=934 (full 8):
 PSYoungGen      total 259072K, used 258945K [0x0000000797d00000, 0x00000007a9980000, 0x0000000800000000)
  eden space 248832K, 100% used [0x0000000797d00000,0x00000007a7000000,0x00000007a7000000)
  from space 10240K, 98% used [0x00000007a7000000,0x00000007a79e0548,0x00000007a7a00000)
  to   space 20992K, 0% used [0x00000007a8500000,0x00000007a8500000,0x00000007a9980000)
 ParOldGen       total 1214464K, used 1098811K [0x00000006c7800000, 0x0000000711a00000, 0x0000000797d00000)
  object space 1214464K, 90% used [0x00000006c7800000,0x000000070a90eda0,0x0000000711a00000)
 PSPermGen       total 83968K, used 53253K [0x00000006c2600000, 0x00000006c7800000, 0x00000006c7800000)
  object space 83968K, 63% used [0x00000006c2600000,0x00000006c5a01410,0x00000006c7800000)
Event: 7582.891 GC heap after
Heap after GC invocations=934 (full 8):
 PSYoungGen      total 269312K, used 8353K [0x0000000797d00000, 0x00000007a9880000, 0x0000000800000000)
  eden space 249344K, 0% used [0x0000000797d00000,0x0000000797d00000,0x00000007a7080000)
  from space 19968K, 41% used [0x00000007a8500000,0x00000007a8d28548,0x00000007a9880000)
  to   space 20480K, 0% used [0x00000007a7080000,0x00000007a7080000,0x00000007a8480000)
 ParOldGen       total 1214464K, used 1101003K [0x00000006c7800000, 0x0000000711a00000, 0x0000000797d00000)
  object space 1214464K, 90% used [0x00000006c7800000,0x000000070ab32da0,0x0000000711a00000)
 PSPermGen       total 83968K, used 53253K [0x00000006c2600000, 0x00000006c7800000, 0x00000006c7800000)
  object space 83968K, 63% used [0x00000006c2600000,0x00000006c5a01410,0x00000006c7800000)
}

