# JRE version: Java(TM) SE Runtime Environment (7.0_51-b13) (build 1.7.0_51-b13)
# Java VM: Java HotSpot(TM) 64-Bit Server VM (24.51-b03 mixed mode linux-amd64 compressed oops)
Heap
 PSYoungGen      total 471552K, used 114941K [0x0000000759500000, 0x000000078f800000, 0x0000000800000000)
  eden space 130560K, 88% used [0x0000000759500000,0x000000076053f648,0x0000000761480000)
  from space 340992K, 0% used [0x0000000777880000,0x0000000777880000,0x000000078c580000)
  to   space 364544K, 0% used [0x0000000761480000,0x0000000761480000,0x0000000777880000)
 ParOldGen       total 3924992K, used 3871366K [0x000000060c000000, 0x00000006fb900000, 0x0000000759500000)
  object space 3924992K, 98% used [0x000000060c000000,0x00000006f84a1b68,0x00000006fb900000)
 PSPermGen       total 65024K, used 41150K [0x0000000606e00000, 0x000000060ad80000, 0x000000060c000000)
  object space 65024K, 63% used [0x0000000606e00000,0x000000060962fab0,0x000000060ad80000)
GC Heap History (10 events):
Event: 714.884 GC heap before
{Heap before GC invocations=25 (full 5):
 PSYoungGen      total 449536K, used 361440K [0x0000000759500000, 0x000000078c580000, 0x0000000800000000)
  eden space 128512K, 99% used [0x0000000759500000,0x000000076127b700,0x0000000761280000)
  from space 321024K, 72% used [0x0000000761280000,0x000000076f5fccf0,0x0000000774c00000)
  to   space 340992K, 0% used [0x0000000777880000,0x0000000777880000,0x000000078c580000)
 ParOldGen       total 1716224K, used 1389520K [0x000000060c000000, 0x0000000674c00000, 0x0000000759500000)
  object space 1716224K, 80% used [0x000000060c000000,0x0000000660cf43e0,0x0000000674c00000)
 PSPermGen       total 78848K, used 40896K [0x0000000606e00000, 0x000000060bb00000, 0x000000060c000000)
  object space 78848K, 51% used [0x0000000606e00000,0x00000006095f0090,0x000000060bb00000)
Event: 714.957 GC heap after
Heap after GC invocations=25 (full 5):
 PSYoungGen      total 471552K, used 256108K [0x0000000759500000, 0x000000078f800000, 0x0000000800000000)
  eden space 130560K, 0% used [0x0000000759500000,0x0000000759500000,0x0000000761480000)
  from space 340992K, 75% used [0x0000000777880000,0x000000078729b2a0,0x000000078c580000)
  to   space 364544K, 0% used [0x0000000761480000,0x0000000761480000,0x0000000777880000)
 ParOldGen       total 1716224K, used 1494633K [0x000000060c000000, 0x0000000674c00000, 0x0000000759500000)
  object space 1716224K, 87% used [0x000000060c000000,0x000000066739a4a8,0x0000000674c00000)
 PSPermGen       total 78848K, used 40896K [0x0000000606e00000, 0x000000060bb00000, 0x000000060c000000)
  object space 78848K, 51% used [0x0000000606e00000,0x00000006095f0090,0x000000060bb00000)
}
Event: 715.809 GC heap before
{Heap before GC invocations=26 (full 6):
 PSYoungGen      total 471552K, used 386662K [0x0000000759500000, 0x000000078f800000, 0x0000000800000000)
  eden space 130560K, 99% used [0x0000000759500000,0x000000076147e7a8,0x0000000761480000)
  from space 340992K, 75% used [0x0000000777880000,0x000000078729b2a0,0x000000078c580000)
  to   space 364544K, 0% used [0x0000000761480000,0x0000000761480000,0x0000000777880000)
 ParOldGen       total 1716224K, used 1685363K [0x000000060c000000, 0x0000000674c00000, 0x0000000759500000)
  object space 1716224K, 98% used [0x000000060c000000,0x0000000672ddce00,0x0000000674c00000)
 PSPermGen       total 78848K, used 41004K [0x0000000606e00000, 0x000000060bb00000, 0x000000060c000000)
  object space 78848K, 52% used [0x0000000606e00000,0x000000060960b168,0x000000060bb00000)
Event: 716.074 GC heap after
Heap after GC invocations=26 (full 6):
 PSYoungGen      total 471552K, used 0K [0x0000000759500000, 0x000000078f800000, 0x0000000800000000)
  eden space 130560K, 0% used [0x0000000759500000,0x0000000759500000,0x0000000761480000)
  from space 340992K, 0% used [0x0000000777880000,0x0000000777880000,0x000000078c580000)
  to   space 364544K, 0% used [0x0000000761480000,0x0000000761480000,0x0000000777880000)
 ParOldGen       total 1294848K, used 921013K [0x000000060c000000, 0x000000065b080000, 0x0000000759500000)
  object space 1294848K, 71% used [0x000000060c000000,0x000000064436d768,0x000000065b080000)
 PSPermGen       total 75264K, used 41004K [0x0000000606e00000, 0x000000060b780000, 0x000000060c000000)
  object space 75264K, 54% used [0x0000000606e00000,0x000000060960b128,0x000000060b780000)
}
Event: 1377.172 GC heap before
{Heap before GC invocations=27 (full 7):
 PSYoungGen      total 471552K, used 130560K [0x0000000759500000, 0x000000078f800000, 0x0000000800000000)
  eden space 130560K, 100% used [0x0000000759500000,0x0000000761480000,0x0000000761480000)
  from space 340992K, 0% used [0x0000000777880000,0x0000000777880000,0x000000078c580000)
  to   space 364544K, 0% used [0x0000000761480000,0x0000000761480000,0x0000000777880000)
 ParOldGen       total 3443200K, used 3442833K [0x000000060c000000, 0x00000006de280000, 0x0000000759500000)
  object space 3443200K, 99% used [0x000000060c000000,0x00000006de2245e0,0x00000006de280000)
 PSPermGen       total 75264K, used 41004K [0x0000000606e00000, 0x000000060b780000, 0x000000060c000000)
  object space 75264K, 54% used [0x0000000606e00000,0x000000060960b128,0x000000060b780000)
Event: 1377.391 GC heap after
Heap after GC invocations=27 (full 7):
 PSYoungGen      total 471552K, used 0K [0x0000000759500000, 0x000000078f800000, 0x0000000800000000)
  eden space 130560K, 0% used [0x0000000759500000,0x0000000759500000,0x0000000761480000)
  from space 340992K, 0% used [0x0000000777880000,0x0000000777880000,0x000000078c580000)
  to   space 364544K, 0% used [0x0000000761480000,0x0000000761480000,0x0000000777880000)
 ParOldGen       total 1979904K, used 1582963K [0x000000060c000000, 0x0000000684d80000, 0x0000000759500000)
  object space 1979904K, 79% used [0x000000060c000000,0x000000066c9dcd20,0x0000000684d80000)
 PSPermGen       total 71680K, used 41004K [0x0000000606e00000, 0x000000060b400000, 0x000000060c000000)
  object space 71680K, 57% used [0x0000000606e00000,0x000000060960b128,0x000000060b400000)
}
Event: 1415.100 GC heap before
{Heap before GC invocations=28 (full 8):
 PSYoungGen      total 471552K, used 130560K [0x0000000759500000, 0x000000078f800000, 0x0000000800000000)
  eden space 130560K, 100% used [0x0000000759500000,0x0000000761480000,0x0000000761480000)
  from space 340992K, 0% used [0x0000000777880000,0x0000000777880000,0x000000078c580000)
  to   space 364544K, 0% used [0x0000000761480000,0x0000000761480000,0x0000000777880000)
 ParOldGen       total 2361856K, used 2345887K [0x000000060c000000, 0x000000069c280000, 0x0000000759500000)
  object space 2361856K, 99% used [0x000000060c000000,0x000000069b2e7d20,0x000000069c280000)
 PSPermGen       total 71680K, used 41139K [0x0000000606e00000, 0x000000060b400000, 0x000000060c000000)
  object space 71680K, 57% used [0x0000000606e00000,0x000000060962ceb8,0x000000060b400000)
Event: 1415.362 GC heap after
Heap after GC invocations=28 (full 8):
 PSYoungGen      total 471552K, used 0K [0x0000000759500000, 0x000000078f800000, 0x0000000800000000)
  eden space 130560K, 0% used [0x0000000759500000,0x0000000759500000,0x0000000761480000)
  from space 340992K, 0% used [0x0000000777880000,0x0000000777880000,0x000000078c580000)
  to   space 364544K, 0% used [0x0000000761480000,0x0000000761480000,0x0000000777880000)
 ParOldGen       total 1808896K, used 1390862K [0x000000060c000000, 0x000000067a680000, 0x0000000759500000)
  object space 1808896K, 76% used [0x000000060c000000,0x0000000660e43b48,0x000000067a680000)
 PSPermGen       total 68096K, used 41139K [0x0000000606e00000, 0x000000060b080000, 0x000000060c000000)
  object space 68096K, 60% used [0x0000000606e00000,0x000000060962ce98,0x000000060b080000)
}
Event: 1458.230 GC heap before
{Heap before GC invocations=29 (full 9):
 PSYoungGen      total 471552K, used 130560K [0x0000000759500000, 0x000000078f800000, 0x0000000800000000)
  eden space 130560K, 100% used [0x0000000759500000,0x0000000761480000,0x0000000761480000)
  from space 340992K, 0% used [0x0000000777880000,0x0000000777880000,0x000000078c580000)
  to   space 364544K, 0% used [0x0000000761480000,0x0000000761480000,0x0000000777880000)
 ParOldGen       total 3145728K, used 3107435K [0x000000060c000000, 0x00000006cc000000, 0x0000000759500000)
  object space 3145728K, 98% used [0x000000060c000000,0x00000006c9a9af60,0x00000006cc000000)
 PSPermGen       total 68096K, used 41150K [0x0000000606e00000, 0x000000060b080000, 0x000000060c000000)
  object space 68096K, 60% used [0x0000000606e00000,0x000000060962fab0,0x000000060b080000)
Event: 1458.423 GC heap after
Heap after GC invocations=29 (full 9):
 PSYoungGen      total 471552K, used 0K [0x0000000759500000, 0x000000078f800000, 0x0000000800000000)
  eden space 130560K, 0% used [0x0000000759500000,0x0000000759500000,0x0000000761480000)
  from space 340992K, 0% used [0x0000000777880000,0x0000000777880000,0x000000078c580000)
  to   space 364544K, 0% used [0x0000000761480000,0x0000000761480000,0x0000000777880000)
 ParOldGen       total 2588160K, used 2154793K [0x000000060c000000, 0x00000006a9f80000, 0x0000000759500000)
  object space 2588160K, 83% used [0x000000060c000000,0x000000068f84a750,0x00000006a9f80000)
 PSPermGen       total 65024K, used 41150K [0x0000000606e00000, 0x000000060ad80000, 0x000000060c000000)
  object space 65024K, 63% used [0x0000000606e00000,0x000000060962fab0,0x000000060ad80000)
}

