# JRE version: Java(TM) SE Runtime Environment (7.0_45-b18) (build 1.7.0_45-b18)
# Java VM: Java HotSpot(TM) 64-Bit Server VM (24.45-b08 mixed mode linux-amd64 compressed oops)
Heap
 PSYoungGen      total 163840K, used 91156K [0x0000000759500000, 0x0000000763e80000, 0x0000000800000000)
  eden space 158208K, 56% used [0x0000000759500000,0x000000075eced240,0x0000000762f80000)
  from space 5632K, 19% used [0x0000000762f80000,0x0000000763098000,0x0000000763500000)
  to   space 5632K, 0% used [0x0000000763900000,0x0000000763900000,0x0000000763e80000)
 ParOldGen       total 243712K, used 115885K [0x000000060c000000, 0x000000061ae00000, 0x0000000759500000)
  object space 243712K, 47% used [0x000000060c000000,0x000000061312b580,0x000000061ae00000)
 PSPermGen       total 83968K, used 55465K [0x0000000606e00000, 0x000000060c000000, 0x000000060c000000)
  object space 83968K, 66% used [0x0000000606e00000,0x000000060a42a460,0x000000060c000000)
GC Heap History (10 events):
Event: 597.129 GC heap before
{Heap before GC invocations=63 (full 2):
 PSYoungGen      total 155136K, used 149120K [0x0000000759500000, 0x0000000763480000, 0x0000000800000000)
  eden space 147968K, 100% used [0x0000000759500000,0x0000000762580000,0x0000000762580000)
  from space 7168K, 16% used [0x0000000762d80000,0x0000000762ea0000,0x0000000763480000)
  to   space 7680K, 0% used [0x0000000762580000,0x0000000762580000,0x0000000762d00000)
 ParOldGen       total 243712K, used 115885K [0x000000060c000000, 0x000000061ae00000, 0x0000000759500000)
  object space 243712K, 47% used [0x000000060c000000,0x000000061312b580,0x000000061ae00000)
 PSPermGen       total 83968K, used 55304K [0x0000000606e00000, 0x000000060c000000, 0x000000060c000000)
  object space 83968K, 65% used [0x0000000606e00000,0x000000060a402290,0x000000060c000000)
Event: 597.132 GC heap after
Heap after GC invocations=63 (full 2):
 PSYoungGen      total 155648K, used 1060K [0x0000000759500000, 0x0000000763880000, 0x0000000800000000)
  eden space 147968K, 0% used [0x0000000759500000,0x0000000759500000,0x0000000762580000)
  from space 7680K, 13% used [0x0000000762580000,0x0000000762689278,0x0000000762d00000)
  to   space 7168K, 0% used [0x0000000763180000,0x0000000763180000,0x0000000763880000)
 ParOldGen       total 243712K, used 115885K [0x000000060c000000, 0x000000061ae00000, 0x0000000759500000)
  object space 243712K, 47% used [0x000000060c000000,0x000000061312b580,0x000000061ae00000)
 PSPermGen       total 83968K, used 55304K [0x0000000606e00000, 0x000000060c000000, 0x000000060c000000)
  object space 83968K, 65% used [0x0000000606e00000,0x000000060a402290,0x000000060c000000)
}
Event: 598.044 GC heap before
{Heap before GC invocations=64 (full 2):
 PSYoungGen      total 155648K, used 149028K [0x0000000759500000, 0x0000000763880000, 0x0000000800000000)
  eden space 147968K, 100% used [0x0000000759500000,0x0000000762580000,0x0000000762580000)
  from space 7680K, 13% used [0x0000000762580000,0x0000000762689278,0x0000000762d00000)
  to   space 7168K, 0% used [0x0000000763180000,0x0000000763180000,0x0000000763880000)
 ParOldGen       total 243712K, used 115885K [0x000000060c000000, 0x000000061ae00000, 0x0000000759500000)
  object space 243712K, 47% used [0x000000060c000000,0x000000061312b580,0x000000061ae00000)
 PSPermGen       total 83968K, used 55305K [0x0000000606e00000, 0x000000060c000000, 0x000000060c000000)
  object space 83968K, 65% used [0x0000000606e00000,0x000000060a4026b8,0x000000060c000000)
Event: 598.047 GC heap after
Heap after GC invocations=64 (full 2):
 PSYoungGen      total 159232K, used 1106K [0x0000000759500000, 0x0000000763780000, 0x0000000800000000)
  eden space 153088K, 0% used [0x0000000759500000,0x0000000759500000,0x0000000762a80000)
  from space 6144K, 18% used [0x0000000763180000,0x0000000763294970,0x0000000763780000)
  to   space 6656K, 0% used [0x0000000762a80000,0x0000000762a80000,0x0000000763100000)
 ParOldGen       total 243712K, used 115885K [0x000000060c000000, 0x000000061ae00000, 0x0000000759500000)
  object space 243712K, 47% used [0x000000060c000000,0x000000061312b580,0x000000061ae00000)
 PSPermGen       total 83968K, used 55305K [0x0000000606e00000, 0x000000060c000000, 0x000000060c000000)
  object space 83968K, 65% used [0x0000000606e00000,0x000000060a4026b8,0x000000060c000000)
}
Event: 598.966 GC heap before
{Heap before GC invocations=65 (full 2):
 PSYoungGen      total 159232K, used 154194K [0x0000000759500000, 0x0000000763780000, 0x0000000800000000)
  eden space 153088K, 100% used [0x0000000759500000,0x0000000762a80000,0x0000000762a80000)
  from space 6144K, 18% used [0x0000000763180000,0x0000000763294970,0x0000000763780000)
  to   space 6656K, 0% used [0x0000000762a80000,0x0000000762a80000,0x0000000763100000)
 ParOldGen       total 243712K, used 115885K [0x000000060c000000, 0x000000061ae00000, 0x0000000759500000)
  object space 243712K, 47% used [0x000000060c000000,0x000000061312b580,0x000000061ae00000)
 PSPermGen       total 83968K, used 55306K [0x0000000606e00000, 0x000000060c000000, 0x000000060c000000)
  object space 83968K, 65% used [0x0000000606e00000,0x000000060a402808,0x000000060c000000)
Event: 598.968 GC heap after
Heap after GC invocations=65 (full 2):
 PSYoungGen      total 159744K, used 1092K [0x0000000759500000, 0x0000000763b80000, 0x0000000800000000)
  eden space 153088K, 0% used [0x0000000759500000,0x0000000759500000,0x0000000762a80000)
  from space 6656K, 16% used [0x0000000762a80000,0x0000000762b91278,0x0000000763100000)
  to   space 6144K, 0% used [0x0000000763580000,0x0000000763580000,0x0000000763b80000)
 ParOldGen       total 243712K, used 115885K [0x000000060c000000, 0x000000061ae00000, 0x0000000759500000)
  object space 243712K, 47% used [0x000000060c000000,0x000000061312b580,0x000000061ae00000)
 PSPermGen       total 83968K, used 55306K [0x0000000606e00000, 0x000000060c000000, 0x000000060c000000)
  object space 83968K, 65% used [0x0000000606e00000,0x000000060a402808,0x000000060c000000)
}
Event: 599.907 GC heap before
{Heap before GC invocations=66 (full 2):
 PSYoungGen      total 159744K, used 154180K [0x0000000759500000, 0x0000000763b80000, 0x0000000800000000)
  eden space 153088K, 100% used [0x0000000759500000,0x0000000762a80000,0x0000000762a80000)
  from space 6656K, 16% used [0x0000000762a80000,0x0000000762b91278,0x0000000763100000)
  to   space 6144K, 0% used [0x0000000763580000,0x0000000763580000,0x0000000763b80000)
 ParOldGen       total 243712K, used 115885K [0x000000060c000000, 0x000000061ae00000, 0x0000000759500000)
  object space 243712K, 47% used [0x000000060c000000,0x000000061312b580,0x000000061ae00000)
 PSPermGen       total 83968K, used 55306K [0x0000000606e00000, 0x000000060c000000, 0x000000060c000000)
  object space 83968K, 65% used [0x0000000606e00000,0x000000060a402ae8,0x000000060c000000)
Event: 599.909 GC heap after
Heap after GC invocations=66 (full 2):
 PSYoungGen      total 163328K, used 1092K [0x0000000759500000, 0x0000000763a80000, 0x0000000800000000)
  eden space 158208K, 0% used [0x0000000759500000,0x0000000759500000,0x0000000762f80000)
  from space 5120K, 21% used [0x0000000763580000,0x0000000763691278,0x0000000763a80000)
  to   space 5632K, 0% used [0x0000000762f80000,0x0000000762f80000,0x0000000763500000)
 ParOldGen       total 243712K, used 115885K [0x000000060c000000, 0x000000061ae00000, 0x0000000759500000)
  object space 243712K, 47% used [0x000000060c000000,0x000000061312b580,0x000000061ae00000)
 PSPermGen       total 83968K, used 55306K [0x0000000606e00000, 0x000000060c000000, 0x000000060c000000)
  object space 83968K, 65% used [0x0000000606e00000,0x000000060a402ae8,0x000000060c000000)
}
Event: 616.278 GC heap before
{Heap before GC invocations=67 (full 2):
 PSYoungGen      total 163328K, used 159300K [0x0000000759500000, 0x0000000763a80000, 0x0000000800000000)
  eden space 158208K, 100% used [0x0000000759500000,0x0000000762f80000,0x0000000762f80000)
  from space 5120K, 21% used [0x0000000763580000,0x0000000763691278,0x0000000763a80000)
  to   space 5632K, 0% used [0x0000000762f80000,0x0000000762f80000,0x0000000763500000)
 ParOldGen       total 243712K, used 115885K [0x000000060c000000, 0x000000061ae00000, 0x0000000759500000)
  object space 243712K, 47% used [0x000000060c000000,0x000000061312b580,0x000000061ae00000)
 PSPermGen       total 83968K, used 55349K [0x0000000606e00000, 0x000000060c000000, 0x000000060c000000)
  object space 83968K, 65% used [0x0000000606e00000,0x000000060a40d4f0,0x000000060c000000)
Event: 616.280 GC heap after
Heap after GC invocations=67 (full 2):
 PSYoungGen      total 163840K, used 1120K [0x0000000759500000, 0x0000000763e80000, 0x0000000800000000)
  eden space 158208K, 0% used [0x0000000759500000,0x0000000759500000,0x0000000762f80000)
  from space 5632K, 19% used [0x0000000762f80000,0x0000000763098000,0x0000000763500000)
  to   space 5632K, 0% used [0x0000000763900000,0x0000000763900000,0x0000000763e80000)
 ParOldGen       total 243712K, used 115885K [0x000000060c000000, 0x000000061ae00000, 0x0000000759500000)
  object space 243712K, 47% used [0x000000060c000000,0x000000061312b580,0x000000061ae00000)
 PSPermGen       total 83968K, used 55349K [0x0000000606e00000, 0x000000060c000000, 0x000000060c000000)
  object space 83968K, 65% used [0x0000000606e00000,0x000000060a40d4f0,0x000000060c000000)
}

