# JRE version: Java(TM) SE Runtime Environment (7.0_45-b18) (build 1.7.0_45-b18)
# Java VM: Java HotSpot(TM) 64-Bit Server VM (24.45-b08 mixed mode linux-amd64 compressed oops)
Heap
 PSYoungGen      total 276480K, used 97801K [0x0000000759500000, 0x0000000770180000, 0x0000000800000000)
  eden space 189952K, 23% used [0x0000000759500000,0x000000075c1166d8,0x0000000764e80000)
  from space 86528K, 60% used [0x000000076a680000,0x000000076d9ebeb8,0x000000076fb00000)
  to   space 90112K, 0% used [0x0000000764e80000,0x0000000764e80000,0x000000076a680000)
 ParOldGen       total 1469952K, used 946279K [0x000000060c000000, 0x0000000665b80000, 0x0000000759500000)
  object space 1469952K, 64% used [0x000000060c000000,0x0000000645c19e70,0x0000000665b80000)
 PSPermGen       total 82432K, used 56441K [0x0000000606e00000, 0x000000060be80000, 0x000000060c000000)
  object space 82432K, 68% used [0x0000000606e00000,0x000000060a51e460,0x000000060be80000)
GC Heap History (10 events):
Event: 2137.332 GC heap before
{Heap before GC invocations=106 (full 10):
 PSYoungGen      total 209920K, used 209664K [0x0000000759500000, 0x0000000769f80000, 0x0000000800000000)
  eden space 203264K, 100% used [0x0000000759500000,0x0000000765b80000,0x0000000765b80000)
  from space 6656K, 96% used [0x0000000765b80000,0x00000007661c0000,0x0000000766200000)
  to   space 34304K, 0% used [0x0000000767e00000,0x0000000767e00000,0x0000000769f80000)
 ParOldGen       total 1469952K, used 897583K [0x000000060c000000, 0x0000000665b80000, 0x0000000759500000)
  object space 1469952K, 61% used [0x000000060c000000,0x0000000642c8be70,0x0000000665b80000)
 PSPermGen       total 82432K, used 56344K [0x0000000606e00000, 0x000000060be80000, 0x000000060c000000)
  object space 82432K, 68% used [0x0000000606e00000,0x000000060a506108,0x000000060be80000)
Event: 2137.340 GC heap after
Heap after GC invocations=106 (full 10):
 PSYoungGen      total 236032K, used 22008K [0x0000000759500000, 0x000000076a480000, 0x0000000800000000)
  eden space 201728K, 0% used [0x0000000759500000,0x0000000759500000,0x0000000765a00000)
  from space 34304K, 64% used [0x0000000767e00000,0x000000076937e2d8,0x0000000769f80000)
  to   space 36864K, 0% used [0x0000000765a00000,0x0000000765a00000,0x0000000767e00000)
 ParOldGen       total 1469952K, used 898007K [0x000000060c000000, 0x0000000665b80000, 0x0000000759500000)
  object space 1469952K, 61% used [0x000000060c000000,0x0000000642cf5e70,0x0000000665b80000)
 PSPermGen       total 82432K, used 56344K [0x0000000606e00000, 0x000000060be80000, 0x000000060c000000)
  object space 82432K, 68% used [0x0000000606e00000,0x000000060a506108,0x000000060be80000)
}
Event: 2139.253 GC heap before
{Heap before GC invocations=107 (full 10):
 PSYoungGen      total 236032K, used 223736K [0x0000000759500000, 0x000000076a480000, 0x0000000800000000)
  eden space 201728K, 100% used [0x0000000759500000,0x0000000765a00000,0x0000000765a00000)
  from space 34304K, 64% used [0x0000000767e00000,0x000000076937e2d8,0x0000000769f80000)
  to   space 36864K, 0% used [0x0000000765a00000,0x0000000765a00000,0x0000000767e00000)
 ParOldGen       total 1469952K, used 898007K [0x000000060c000000, 0x0000000665b80000, 0x0000000759500000)
  object space 1469952K, 61% used [0x000000060c000000,0x0000000642cf5e70,0x0000000665b80000)
 PSPermGen       total 82432K, used 56345K [0x0000000606e00000, 0x000000060be80000, 0x000000060c000000)
  object space 82432K, 68% used [0x0000000606e00000,0x000000060a5067a0,0x000000060be80000)
Event: 2139.301 GC heap after
Heap after GC invocations=107 (full 10):
 PSYoungGen      total 238592K, used 36856K [0x0000000759500000, 0x000000076c900000, 0x0000000800000000)
  eden space 201728K, 0% used [0x0000000759500000,0x0000000759500000,0x0000000765a00000)
  from space 36864K, 99% used [0x0000000765a00000,0x0000000767dfe338,0x0000000767e00000)
  to   space 55296K, 0% used [0x0000000769300000,0x0000000769300000,0x000000076c900000)
 ParOldGen       total 1469952K, used 927639K [0x000000060c000000, 0x0000000665b80000, 0x0000000759500000)
  object space 1469952K, 63% used [0x000000060c000000,0x00000006449e5e70,0x0000000665b80000)
 PSPermGen       total 82432K, used 56345K [0x0000000606e00000, 0x000000060be80000, 0x000000060c000000)
  object space 82432K, 68% used [0x0000000606e00000,0x000000060a5067a0,0x000000060be80000)
}
Event: 2142.629 GC heap before
{Heap before GC invocations=108 (full 10):
 PSYoungGen      total 238592K, used 238584K [0x0000000759500000, 0x000000076c900000, 0x0000000800000000)
  eden space 201728K, 100% used [0x0000000759500000,0x0000000765a00000,0x0000000765a00000)
  from space 36864K, 99% used [0x0000000765a00000,0x0000000767dfe338,0x0000000767e00000)
  to   space 55296K, 0% used [0x0000000769300000,0x0000000769300000,0x000000076c900000)
 ParOldGen       total 1469952K, used 927639K [0x000000060c000000, 0x0000000665b80000, 0x0000000759500000)
  object space 1469952K, 63% used [0x000000060c000000,0x00000006449e5e70,0x0000000665b80000)
 PSPermGen       total 82432K, used 56356K [0x0000000606e00000, 0x000000060be80000, 0x000000060c000000)
  object space 82432K, 68% used [0x0000000606e00000,0x000000060a509128,0x000000060be80000)
Event: 2142.665 GC heap after
Heap after GC invocations=108 (full 10):
 PSYoungGen      total 245248K, used 55288K [0x0000000759500000, 0x000000076e680000, 0x0000000800000000)
  eden space 189952K, 0% used [0x0000000759500000,0x0000000759500000,0x0000000764e80000)
  from space 55296K, 99% used [0x0000000769300000,0x000000076c8fe338,0x000000076c900000)
  to   space 70144K, 0% used [0x0000000764e80000,0x0000000764e80000,0x0000000769300000)
 ParOldGen       total 1469952K, used 938463K [0x000000060c000000, 0x0000000665b80000, 0x0000000759500000)
  object space 1469952K, 63% used [0x000000060c000000,0x0000000645477e70,0x0000000665b80000)
 PSPermGen       total 82432K, used 56356K [0x0000000606e00000, 0x000000060be80000, 0x000000060c000000)
  object space 82432K, 68% used [0x0000000606e00000,0x000000060a509128,0x000000060be80000)
}
Event: 2146.425 GC heap before
{Heap before GC invocations=109 (full 10):
 PSYoungGen      total 245248K, used 245240K [0x0000000759500000, 0x000000076e680000, 0x0000000800000000)
  eden space 189952K, 100% used [0x0000000759500000,0x0000000764e80000,0x0000000764e80000)
  from space 55296K, 99% used [0x0000000769300000,0x000000076c8fe338,0x000000076c900000)
  to   space 70144K, 0% used [0x0000000764e80000,0x0000000764e80000,0x0000000769300000)
 ParOldGen       total 1469952K, used 938463K [0x000000060c000000, 0x0000000665b80000, 0x0000000759500000)
  object space 1469952K, 63% used [0x000000060c000000,0x0000000645477e70,0x0000000665b80000)
 PSPermGen       total 82432K, used 56356K [0x0000000606e00000, 0x000000060be80000, 0x000000060c000000)
  object space 82432K, 68% used [0x0000000606e00000,0x000000060a509128,0x000000060be80000)
Event: 2146.471 GC heap after
Heap after GC invocations=109 (full 10):
 PSYoungGen      total 260096K, used 70136K [0x0000000759500000, 0x000000076fb00000, 0x0000000800000000)
  eden space 189952K, 0% used [0x0000000759500000,0x0000000759500000,0x0000000764e80000)
  from space 70144K, 99% used [0x0000000764e80000,0x00000007692fe338,0x0000000769300000)
  to   space 86528K, 0% used [0x000000076a680000,0x000000076a680000,0x000000076fb00000)
 ParOldGen       total 1469952K, used 946071K [0x000000060c000000, 0x0000000665b80000, 0x0000000759500000)
  object space 1469952K, 64% used [0x000000060c000000,0x0000000645be5e70,0x0000000665b80000)
 PSPermGen       total 82432K, used 56356K [0x0000000606e00000, 0x000000060be80000, 0x000000060c000000)
  object space 82432K, 68% used [0x0000000606e00000,0x000000060a509128,0x000000060be80000)
}
Event: 2343.536 GC heap before
{Heap before GC invocations=110 (full 10):
 PSYoungGen      total 260096K, used 260088K [0x0000000759500000, 0x000000076fb00000, 0x0000000800000000)
  eden space 189952K, 100% used [0x0000000759500000,0x0000000764e80000,0x0000000764e80000)
  from space 70144K, 99% used [0x0000000764e80000,0x00000007692fe338,0x0000000769300000)
  to   space 86528K, 0% used [0x000000076a680000,0x000000076a680000,0x000000076fb00000)
 ParOldGen       total 1469952K, used 946071K [0x000000060c000000, 0x0000000665b80000, 0x0000000759500000)
  object space 1469952K, 64% used [0x000000060c000000,0x0000000645be5e70,0x0000000665b80000)
 PSPermGen       total 82432K, used 56411K [0x0000000606e00000, 0x000000060be80000, 0x000000060c000000)
  object space 82432K, 68% used [0x0000000606e00000,0x000000060a516e98,0x000000060be80000)
Event: 2343.579 GC heap after
Heap after GC invocations=110 (full 10):
 PSYoungGen      total 276480K, used 52655K [0x0000000759500000, 0x0000000770180000, 0x0000000800000000)
  eden space 189952K, 0% used [0x0000000759500000,0x0000000759500000,0x0000000764e80000)
  from space 86528K, 60% used [0x000000076a680000,0x000000076d9ebeb8,0x000000076fb00000)
  to   space 90112K, 0% used [0x0000000764e80000,0x0000000764e80000,0x000000076a680000)
 ParOldGen       total 1469952K, used 946279K [0x000000060c000000, 0x0000000665b80000, 0x0000000759500000)
  object space 1469952K, 64% used [0x000000060c000000,0x0000000645c19e70,0x0000000665b80000)
 PSPermGen       total 82432K, used 56411K [0x0000000606e00000, 0x000000060be80000, 0x000000060c000000)
  object space 82432K, 68% used [0x0000000606e00000,0x000000060a516e98,0x000000060be80000)
}

