# JRE version: Java(TM) SE Runtime Environment (7.0_45-b18) (build 1.7.0_45-b18)
# Java VM: Java HotSpot(TM) 64-Bit Server VM (24.45-b08 mixed mode linux-amd64 compressed oops)
Heap
 PSYoungGen      total 86016K, used 28513K [0x0000000797d00000, 0x000000079e200000, 0x0000000800000000)
  eden space 73728K, 32% used [0x0000000797d00000,0x00000007994a68e8,0x000000079c500000)
  from space 12288K, 34% used [0x000000079d600000,0x000000079da31c10,0x000000079e200000)
  to   space 14848K, 0% used [0x000000079c500000,0x000000079c500000,0x000000079d380000)
 ParOldGen       total 226816K, used 125134K [0x00000006c7800000, 0x00000006d5580000, 0x0000000797d00000)
  object space 226816K, 55% used [0x00000006c7800000,0x00000006cf2339f0,0x00000006d5580000)
 PSPermGen       total 83968K, used 56047K [0x00000006c2600000, 0x00000006c7800000, 0x00000006c7800000)
  object space 83968K, 66% used [0x00000006c2600000,0x00000006c5cbbd18,0x00000006c7800000)
GC Heap History (10 events):
Event: 1006.946 GC heap before
{Heap before GC invocations=66 (full 2):
 PSYoungGen      total 84480K, used 84416K [0x0000000797d00000, 0x000000079f600000, 0x0000000800000000)
  eden space 83968K, 100% used [0x0000000797d00000,0x000000079cf00000,0x000000079cf00000)
  from space 512K, 87% used [0x000000079d100000,0x000000079d170000,0x000000079d180000)
  to   space 19968K, 0% used [0x000000079e280000,0x000000079e280000,0x000000079f600000)
 ParOldGen       total 226816K, used 124966K [0x00000006c7800000, 0x00000006d5580000, 0x0000000797d00000)
  object space 226816K, 55% used [0x00000006c7800000,0x00000006cf2099f0,0x00000006d5580000)
 PSPermGen       total 83968K, used 55809K [0x00000006c2600000, 0x00000006c7800000, 0x00000006c7800000)
  object space 83968K, 66% used [0x00000006c2600000,0x00000006c5c80690,0x00000006c7800000)
Event: 1006.949 GC heap after
Heap after GC invocations=66 (full 2):
 PSYoungGen      total 97792K, used 384K [0x0000000797d00000, 0x000000079f200000, 0x0000000800000000)
  eden space 81920K, 0% used [0x0000000797d00000,0x0000000797d00000,0x000000079cd00000)
  from space 15872K, 2% used [0x000000079e280000,0x000000079e2e0000,0x000000079f200000)
  to   space 18944K, 0% used [0x000000079cd00000,0x000000079cd00000,0x000000079df80000)
 ParOldGen       total 226816K, used 125126K [0x00000006c7800000, 0x00000006d5580000, 0x0000000797d00000)
  object space 226816K, 55% used [0x00000006c7800000,0x00000006cf2319f0,0x00000006d5580000)
 PSPermGen       total 83968K, used 55809K [0x00000006c2600000, 0x00000006c7800000, 0x00000006c7800000)
  object space 83968K, 66% used [0x00000006c2600000,0x00000006c5c80690,0x00000006c7800000)
}
Event: 1047.581 GC heap before
{Heap before GC invocations=67 (full 2):
 PSYoungGen      total 97792K, used 82304K [0x0000000797d00000, 0x000000079f200000, 0x0000000800000000)
  eden space 81920K, 100% used [0x0000000797d00000,0x000000079cd00000,0x000000079cd00000)
  from space 15872K, 2% used [0x000000079e280000,0x000000079e2e0000,0x000000079f200000)
  to   space 18944K, 0% used [0x000000079cd00000,0x000000079cd00000,0x000000079df80000)
 ParOldGen       total 226816K, used 125126K [0x00000006c7800000, 0x00000006d5580000, 0x0000000797d00000)
  object space 226816K, 55% used [0x00000006c7800000,0x00000006cf2319f0,0x00000006d5580000)
 PSPermGen       total 83968K, used 55836K [0x00000006c2600000, 0x00000006c7800000, 0x00000006c7800000)
  object space 83968K, 66% used [0x00000006c2600000,0x00000006c5c87220,0x00000006c7800000)
Event: 1047.586 GC heap after
Heap after GC invocations=67 (full 2):
 PSYoungGen      total 83456K, used 3271K [0x0000000797d00000, 0x000000079ed00000, 0x0000000800000000)
  eden space 79872K, 0% used [0x0000000797d00000,0x0000000797d00000,0x000000079cb00000)
  from space 3584K, 91% used [0x000000079cd00000,0x000000079d031c10,0x000000079d080000)
  to   space 17408K, 0% used [0x000000079dc00000,0x000000079dc00000,0x000000079ed00000)
 ParOldGen       total 226816K, used 125126K [0x00000006c7800000, 0x00000006d5580000, 0x0000000797d00000)
  object space 226816K, 55% used [0x00000006c7800000,0x00000006cf2319f0,0x00000006d5580000)
 PSPermGen       total 83968K, used 55836K [0x00000006c2600000, 0x00000006c7800000, 0x00000006c7800000)
  object space 83968K, 66% used [0x00000006c2600000,0x00000006c5c87220,0x00000006c7800000)
}
Event: 1050.478 GC heap before
{Heap before GC invocations=68 (full 2):
 PSYoungGen      total 83456K, used 83143K [0x0000000797d00000, 0x000000079ed00000, 0x0000000800000000)
  eden space 79872K, 100% used [0x0000000797d00000,0x000000079cb00000,0x000000079cb00000)
  from space 3584K, 91% used [0x000000079cd00000,0x000000079d031c10,0x000000079d080000)
  to   space 17408K, 0% used [0x000000079dc00000,0x000000079dc00000,0x000000079ed00000)
 ParOldGen       total 226816K, used 125126K [0x00000006c7800000, 0x00000006d5580000, 0x0000000797d00000)
  object space 226816K, 55% used [0x00000006c7800000,0x00000006cf2319f0,0x00000006d5580000)
 PSPermGen       total 83968K, used 55880K [0x00000006c2600000, 0x00000006c7800000, 0x00000006c7800000)
  object space 83968K, 66% used [0x00000006c2600000,0x00000006c5c922f0,0x00000006c7800000)
Event: 1050.482 GC heap after
Heap after GC invocations=68 (full 2):
 PSYoungGen      total 91136K, used 2969K [0x0000000797d00000, 0x000000079e900000, 0x0000000800000000)
  eden space 77824K, 0% used [0x0000000797d00000,0x0000000797d00000,0x000000079c900000)
  from space 13312K, 22% used [0x000000079dc00000,0x000000079dee6708,0x000000079e900000)
  to   space 16384K, 0% used [0x000000079c900000,0x000000079c900000,0x000000079d900000)
 ParOldGen       total 226816K, used 125126K [0x00000006c7800000, 0x00000006d5580000, 0x0000000797d00000)
  object space 226816K, 55% used [0x00000006c7800000,0x00000006cf2319f0,0x00000006d5580000)
 PSPermGen       total 83968K, used 55880K [0x00000006c2600000, 0x00000006c7800000, 0x00000006c7800000)
  object space 83968K, 66% used [0x00000006c2600000,0x00000006c5c922f0,0x00000006c7800000)
}
Event: 1065.996 GC heap before
{Heap before GC invocations=69 (full 2):
 PSYoungGen      total 91136K, used 80793K [0x0000000797d00000, 0x000000079e900000, 0x0000000800000000)
  eden space 77824K, 100% used [0x0000000797d00000,0x000000079c900000,0x000000079c900000)
  from space 13312K, 22% used [0x000000079dc00000,0x000000079dee6708,0x000000079e900000)
  to   space 16384K, 0% used [0x000000079c900000,0x000000079c900000,0x000000079d900000)
 ParOldGen       total 226816K, used 125126K [0x00000006c7800000, 0x00000006d5580000, 0x0000000797d00000)
  object space 226816K, 55% used [0x00000006c7800000,0x00000006cf2319f0,0x00000006d5580000)
 PSPermGen       total 83968K, used 55889K [0x00000006c2600000, 0x00000006c7800000, 0x00000006c7800000)
  object space 83968K, 66% used [0x00000006c2600000,0x00000006c5c94730,0x00000006c7800000)
Event: 1066.001 GC heap after
Heap after GC invocations=69 (full 2):
 PSYoungGen      total 80896K, used 4839K [0x0000000797d00000, 0x000000079e500000, 0x0000000800000000)
  eden space 75776K, 0% used [0x0000000797d00000,0x0000000797d00000,0x000000079c700000)
  from space 5120K, 94% used [0x000000079c900000,0x000000079cdb9c30,0x000000079ce00000)
  to   space 15360K, 0% used [0x000000079d600000,0x000000079d600000,0x000000079e500000)
 ParOldGen       total 226816K, used 125134K [0x00000006c7800000, 0x00000006d5580000, 0x0000000797d00000)
  object space 226816K, 55% used [0x00000006c7800000,0x00000006cf2339f0,0x00000006d5580000)
 PSPermGen       total 83968K, used 55889K [0x00000006c2600000, 0x00000006c7800000, 0x00000006c7800000)
  object space 83968K, 66% used [0x00000006c2600000,0x00000006c5c94730,0x00000006c7800000)
}
Event: 1074.959 GC heap before
{Heap before GC invocations=70 (full 2):
 PSYoungGen      total 80896K, used 80615K [0x0000000797d00000, 0x000000079e500000, 0x0000000800000000)
  eden space 75776K, 100% used [0x0000000797d00000,0x000000079c700000,0x000000079c700000)
  from space 5120K, 94% used [0x000000079c900000,0x000000079cdb9c30,0x000000079ce00000)
  to   space 15360K, 0% used [0x000000079d600000,0x000000079d600000,0x000000079e500000)
 ParOldGen       total 226816K, used 125134K [0x00000006c7800000, 0x00000006d5580000, 0x0000000797d00000)
  object space 226816K, 55% used [0x00000006c7800000,0x00000006cf2339f0,0x00000006d5580000)
 PSPermGen       total 83968K, used 55930K [0x00000006c2600000, 0x00000006c7800000, 0x00000006c7800000)
  object space 83968K, 66% used [0x00000006c2600000,0x00000006c5c9e908,0x00000006c7800000)
Event: 1074.965 GC heap after
Heap after GC invocations=70 (full 2):
 PSYoungGen      total 86016K, used 4295K [0x0000000797d00000, 0x000000079e200000, 0x0000000800000000)
  eden space 73728K, 0% used [0x0000000797d00000,0x0000000797d00000,0x000000079c500000)
  from space 12288K, 34% used [0x000000079d600000,0x000000079da31c10,0x000000079e200000)
  to   space 14848K, 0% used [0x000000079c500000,0x000000079c500000,0x000000079d380000)
 ParOldGen       total 226816K, used 125134K [0x00000006c7800000, 0x00000006d5580000, 0x0000000797d00000)
  object space 226816K, 55% used [0x00000006c7800000,0x00000006cf2339f0,0x00000006d5580000)
 PSPermGen       total 83968K, used 55930K [0x00000006c2600000, 0x00000006c7800000, 0x00000006c7800000)
  object space 83968K, 66% used [0x00000006c2600000,0x00000006c5c9e908,0x00000006c7800000)
}

