# JRE version: Java(TM) SE Runtime Environment (7.0_45-b18) (build 1.7.0_45-b18)
# Java VM: Java HotSpot(TM) 64-Bit Server VM (24.45-b08 mixed mode linux-amd64 compressed oops)
Heap
 PSYoungGen      total 81920K, used 54429K [0x0000000759500000, 0x0000000760000000, 0x0000000800000000)
  eden space 56320K, 94% used [0x0000000759500000,0x000000075c8ff5c8,0x000000075cc00000)
  from space 25600K, 4% used [0x000000075e700000,0x000000075e828020,0x0000000760000000)
  to   space 26624K, 0% used [0x000000075cc00000,0x000000075cc00000,0x000000075e600000)
 ParOldGen       total 175104K, used 34010K [0x000000060c000000, 0x0000000616b00000, 0x0000000759500000)
  object space 175104K, 19% used [0x000000060c000000,0x000000060e136bc8,0x0000000616b00000)
 PSPermGen       total 54272K, used 53920K [0x0000000606e00000, 0x000000060a300000, 0x000000060c000000)
  object space 54272K, 99% used [0x0000000606e00000,0x000000060a2a8208,0x000000060a300000)
GC Heap History (10 events):
Event: 95.880 GC heap before
{Heap before GC invocations=8 (full 0):
 PSYoungGen      total 78336K, used 77956K [0x0000000759500000, 0x0000000760980000, 0x0000000800000000)
  eden space 61440K, 100% used [0x0000000759500000,0x000000075d100000,0x000000075d100000)
  from space 16896K, 97% used [0x000000075ea00000,0x000000075fa21278,0x000000075fa80000)
  to   space 15360K, 0% used [0x000000075fa80000,0x000000075fa80000,0x0000000760980000)
 ParOldGen       total 175104K, used 25033K [0x000000060c000000, 0x0000000616b00000, 0x0000000759500000)
  object space 175104K, 14% used [0x000000060c000000,0x000000060d872470,0x0000000616b00000)
 PSPermGen       total 49152K, used 49071K [0x0000000606e00000, 0x0000000609e00000, 0x000000060c000000)
  object space 49152K, 99% used [0x0000000606e00000,0x0000000609debe60,0x0000000609e00000)
Event: 95.887 GC heap after
Heap after GC invocations=8 (full 0):
 PSYoungGen      total 67072K, used 5327K [0x0000000759500000, 0x0000000760100000, 0x0000000800000000)
  eden space 60416K, 0% used [0x0000000759500000,0x0000000759500000,0x000000075d000000)
  from space 6656K, 80% used [0x000000075fa80000,0x000000075ffb3f10,0x0000000760100000)
  to   space 25088K, 0% used [0x000000075d000000,0x000000075d000000,0x000000075e880000)
 ParOldGen       total 175104K, used 30777K [0x000000060c000000, 0x0000000616b00000, 0x0000000759500000)
  object space 175104K, 17% used [0x000000060c000000,0x000000060de0e5a0,0x0000000616b00000)
 PSPermGen       total 49152K, used 49071K [0x0000000606e00000, 0x0000000609e00000, 0x000000060c000000)
  object space 49152K, 99% used [0x0000000606e00000,0x0000000609debe60,0x0000000609e00000)
}
Event: 96.302 GC heap before
{Heap before GC invocations=9 (full 0):
 PSYoungGen      total 67072K, used 65743K [0x0000000759500000, 0x0000000760100000, 0x0000000800000000)
  eden space 60416K, 100% used [0x0000000759500000,0x000000075d000000,0x000000075d000000)
  from space 6656K, 80% used [0x000000075fa80000,0x000000075ffb3f10,0x0000000760100000)
  to   space 25088K, 0% used [0x000000075d000000,0x000000075d000000,0x000000075e880000)
 ParOldGen       total 175104K, used 30777K [0x000000060c000000, 0x0000000616b00000, 0x0000000759500000)
  object space 175104K, 17% used [0x000000060c000000,0x000000060de0e5a0,0x0000000616b00000)
 PSPermGen       total 49152K, used 49074K [0x0000000606e00000, 0x0000000609e00000, 0x000000060c000000)
  object space 49152K, 99% used [0x0000000606e00000,0x0000000609dec8c0,0x0000000609e00000)
Event: 96.305 GC heap after
Heap after GC invocations=9 (full 0):
 PSYoungGen      total 62464K, used 2658K [0x0000000759500000, 0x0000000760100000, 0x0000000800000000)
  eden space 59392K, 0% used [0x0000000759500000,0x0000000759500000,0x000000075cf00000)
  from space 3072K, 86% used [0x000000075d000000,0x000000075d298840,0x000000075d300000)
  to   space 25600K, 0% used [0x000000075e800000,0x000000075e800000,0x0000000760100000)
 ParOldGen       total 175104K, used 31825K [0x000000060c000000, 0x0000000616b00000, 0x0000000759500000)
  object space 175104K, 18% used [0x000000060c000000,0x000000060df145b0,0x0000000616b00000)
 PSPermGen       total 49152K, used 49074K [0x0000000606e00000, 0x0000000609e00000, 0x000000060c000000)
  object space 49152K, 99% used [0x0000000606e00000,0x0000000609dec8c0,0x0000000609e00000)
}
Event: 96.677 GC heap before
{Heap before GC invocations=10 (full 0):
 PSYoungGen      total 62464K, used 62050K [0x0000000759500000, 0x0000000760100000, 0x0000000800000000)
  eden space 59392K, 100% used [0x0000000759500000,0x000000075cf00000,0x000000075cf00000)
  from space 3072K, 86% used [0x000000075d000000,0x000000075d298840,0x000000075d300000)
  to   space 25600K, 0% used [0x000000075e800000,0x000000075e800000,0x0000000760100000)
 ParOldGen       total 175104K, used 31825K [0x000000060c000000, 0x0000000616b00000, 0x0000000759500000)
  object space 175104K, 18% used [0x000000060c000000,0x000000060df145b0,0x0000000616b00000)
 PSPermGen       total 49152K, used 49075K [0x0000000606e00000, 0x0000000609e00000, 0x000000060c000000)
  object space 49152K, 99% used [0x0000000606e00000,0x0000000609dece08,0x0000000609e00000)
Event: 96.682 GC heap after
Heap after GC invocations=10 (full 0):
 PSYoungGen      total 83968K, used 640K [0x0000000759500000, 0x0000000760200000, 0x0000000800000000)
  eden space 58368K, 0% used [0x0000000759500000,0x0000000759500000,0x000000075ce00000)
  from space 25600K, 2% used [0x000000075e800000,0x000000075e8a0000,0x0000000760100000)
  to   space 26624K, 0% used [0x000000075ce00000,0x000000075ce00000,0x000000075e800000)
 ParOldGen       total 175104K, used 33946K [0x000000060c000000, 0x0000000616b00000, 0x0000000759500000)
  object space 175104K, 19% used [0x000000060c000000,0x000000060e126bc8,0x0000000616b00000)
 PSPermGen       total 49152K, used 49075K [0x0000000606e00000, 0x0000000609e00000, 0x000000060c000000)
  object space 49152K, 99% used [0x0000000606e00000,0x0000000609dece08,0x0000000609e00000)
}
Event: 97.050 GC heap before
{Heap before GC invocations=11 (full 0):
 PSYoungGen      total 83968K, used 59008K [0x0000000759500000, 0x0000000760200000, 0x0000000800000000)
  eden space 58368K, 100% used [0x0000000759500000,0x000000075ce00000,0x000000075ce00000)
  from space 25600K, 2% used [0x000000075e800000,0x000000075e8a0000,0x0000000760100000)
  to   space 26624K, 0% used [0x000000075ce00000,0x000000075ce00000,0x000000075e800000)
 ParOldGen       total 175104K, used 33946K [0x000000060c000000, 0x0000000616b00000, 0x0000000759500000)
  object space 175104K, 19% used [0x000000060c000000,0x000000060e126bc8,0x0000000616b00000)
 PSPermGen       total 49152K, used 49075K [0x0000000606e00000, 0x0000000609e00000, 0x000000060c000000)
  object space 49152K, 99% used [0x0000000606e00000,0x0000000609decfa0,0x0000000609e00000)
Event: 97.052 GC heap after
Heap after GC invocations=11 (full 0):
 PSYoungGen      total 58368K, used 608K [0x0000000759500000, 0x0000000760100000, 0x0000000800000000)
  eden space 57344K, 0% used [0x0000000759500000,0x0000000759500000,0x000000075cd00000)
  from space 1024K, 59% used [0x000000075ce00000,0x000000075ce98000,0x000000075cf00000)
  to   space 26624K, 0% used [0x000000075e700000,0x000000075e700000,0x0000000760100000)
 ParOldGen       total 175104K, used 33994K [0x000000060c000000, 0x0000000616b00000, 0x0000000759500000)
  object space 175104K, 19% used [0x000000060c000000,0x000000060e132bc8,0x0000000616b00000)
 PSPermGen       total 49152K, used 49075K [0x0000000606e00000, 0x0000000609e00000, 0x000000060c000000)
  object space 49152K, 99% used [0x0000000606e00000,0x0000000609decfa0,0x0000000609e00000)
}
Event: 98.897 GC heap before
{Heap before GC invocations=12 (full 0):
 PSYoungGen      total 58368K, used 53378K [0x0000000759500000, 0x0000000760100000, 0x0000000800000000)
  eden space 57344K, 92% used [0x0000000759500000,0x000000075c888b50,0x000000075cd00000)
  from space 1024K, 59% used [0x000000075ce00000,0x000000075ce98000,0x000000075cf00000)
  to   space 26624K, 0% used [0x000000075e700000,0x000000075e700000,0x0000000760100000)
 ParOldGen       total 175104K, used 33994K [0x000000060c000000, 0x0000000616b00000, 0x0000000759500000)
  object space 175104K, 19% used [0x000000060c000000,0x000000060e132bc8,0x0000000616b00000)
 PSPermGen       total 52224K, used 51727K [0x0000000606e00000, 0x000000060a100000, 0x000000060c000000)
  object space 52224K, 99% used [0x0000000606e00000,0x000000060a083c30,0x000000060a100000)
Event: 98.899 GC heap after
Heap after GC invocations=12 (full 0):
 PSYoungGen      total 81920K, used 1184K [0x0000000759500000, 0x0000000760000000, 0x0000000800000000)
  eden space 56320K, 0% used [0x0000000759500000,0x0000000759500000,0x000000075cc00000)
  from space 25600K, 4% used [0x000000075e700000,0x000000075e828020,0x0000000760000000)
  to   space 26624K, 0% used [0x000000075cc00000,0x000000075cc00000,0x000000075e600000)
 ParOldGen       total 175104K, used 34010K [0x000000060c000000, 0x0000000616b00000, 0x0000000759500000)
  object space 175104K, 19% used [0x000000060c000000,0x000000060e136bc8,0x0000000616b00000)
 PSPermGen       total 52224K, used 51727K [0x0000000606e00000, 0x000000060a100000, 0x000000060c000000)
  object space 52224K, 99% used [0x0000000606e00000,0x000000060a083c30,0x000000060a100000)
}

