# JRE version: Java(TM) SE Runtime Environment (7.0_45-b18) (build 1.7.0_45-b18)
# Java VM: Java HotSpot(TM) 64-Bit Server VM (24.45-b08 mixed mode linux-amd64 compressed oops)
Heap
 PSYoungGen      total 1180672K, used 1133472K [0x0000000759500000, 0x00000007a2f00000, 0x0000000800000000)
  eden space 1167360K, 95% used [0x0000000759500000,0x000000079daefb08,0x00000007a0900000)
  from space 13312K, 99% used [0x00000007a2180000,0x00000007a2e786b0,0x00000007a2e80000)
  to   space 512K, 0% used [0x00000007a2e80000,0x00000007a2e80000,0x00000007a2f00000)
 ParOldGen       total 4192256K, used 3375736K [0x000000060c000000, 0x000000070be00000, 0x0000000759500000)
  object space 4192256K, 80% used [0x000000060c000000,0x00000006da09e238,0x000000070be00000)
 PSPermGen       total 69120K, used 57577K [0x0000000606e00000, 0x000000060b180000, 0x000000060c000000)
  object space 69120K, 83% used [0x0000000606e00000,0x000000060a63a690,0x000000060b180000)
GC Heap History (10 events):
Event: 16397.336 GC heap before
{Heap before GC invocations=305 (full 16):
 PSYoungGen      total 1200640K, used 1046453K [0x0000000759500000, 0x00000007a3680000, 0x0000000800000000)
  eden space 1187328K, 87% used [0x0000000759500000,0x000000079861d638,0x00000007a1c80000)
  from space 13312K, 98% used [0x00000007a2980000,0x00000007a3650000,0x00000007a3680000)
  to   space 13312K, 0% used [0x00000007a1c80000,0x00000007a1c80000,0x00000007a2980000)
 ParOldGen       total 4192256K, used 3375464K [0x000000060c000000, 0x000000070be00000, 0x0000000759500000)
  object space 4192256K, 80% used [0x000000060c000000,0x00000006da05a238,0x000000070be00000)
 PSPermGen       total 69120K, used 57397K [0x0000000606e00000, 0x000000060b180000, 0x000000060c000000)
  object space 69120K, 83% used [0x0000000606e00000,0x000000060a60d430,0x000000060b180000)
Event: 16397.348 GC heap after
Heap after GC invocations=305 (full 16):
 PSYoungGen      total 1200640K, used 13120K [0x0000000759500000, 0x00000007a3900000, 0x0000000800000000)
  eden space 1187328K, 0% used [0x0000000759500000,0x0000000759500000,0x00000007a1c80000)
  from space 13312K, 98% used [0x00000007a1c80000,0x00000007a2950000,0x00000007a2980000)
  to   space 13312K, 0% used [0x00000007a2c00000,0x00000007a2c00000,0x00000007a3900000)
 ParOldGen       total 4192256K, used 3375464K [0x000000060c000000, 0x000000070be00000, 0x0000000759500000)
  object space 4192256K, 80% used [0x000000060c000000,0x00000006da05a238,0x000000070be00000)
 PSPermGen       total 69120K, used 57397K [0x0000000606e00000, 0x000000060b180000, 0x000000060c000000)
  object space 69120K, 83% used [0x0000000606e00000,0x000000060a60d430,0x000000060b180000)
}
Event: 16462.011 GC heap before
{Heap before GC invocations=306 (full 16):
 PSYoungGen      total 1200640K, used 1041335K [0x0000000759500000, 0x00000007a3900000, 0x0000000800000000)
  eden space 1187328K, 86% used [0x0000000759500000,0x000000079811dc68,0x00000007a1c80000)
  from space 13312K, 98% used [0x00000007a1c80000,0x00000007a2950000,0x00000007a2980000)
  to   space 13312K, 0% used [0x00000007a2c00000,0x00000007a2c00000,0x00000007a3900000)
 ParOldGen       total 4192256K, used 3375464K [0x000000060c000000, 0x000000070be00000, 0x0000000759500000)
  object space 4192256K, 80% used [0x000000060c000000,0x00000006da05a238,0x000000070be00000)
 PSPermGen       total 69120K, used 57397K [0x0000000606e00000, 0x000000060b180000, 0x000000060c000000)
  object space 69120K, 83% used [0x0000000606e00000,0x000000060a60d430,0x000000060b180000)
Event: 16462.023 GC heap after
Heap after GC invocations=306 (full 16):
 PSYoungGen      total 1203200K, used 13088K [0x0000000759500000, 0x00000007a3900000, 0x0000000800000000)
  eden space 1189888K, 0% used [0x0000000759500000,0x0000000759500000,0x00000007a1f00000)
  from space 13312K, 98% used [0x00000007a2c00000,0x00000007a38c8000,0x00000007a3900000)
  to   space 13312K, 0% used [0x00000007a1f00000,0x00000007a1f00000,0x00000007a2c00000)
 ParOldGen       total 4192256K, used 3375464K [0x000000060c000000, 0x000000070be00000, 0x0000000759500000)
  object space 4192256K, 80% used [0x000000060c000000,0x00000006da05a238,0x000000070be00000)
 PSPermGen       total 69120K, used 57397K [0x0000000606e00000, 0x000000060b180000, 0x000000060c000000)
  object space 69120K, 83% used [0x0000000606e00000,0x000000060a60d430,0x000000060b180000)
}
Event: 16526.887 GC heap before
{Heap before GC invocations=307 (full 16):
 PSYoungGen      total 1203200K, used 1041231K [0x0000000759500000, 0x00000007a3900000, 0x0000000800000000)
  eden space 1189888K, 86% used [0x0000000759500000,0x000000079810be48,0x00000007a1f00000)
  from space 13312K, 98% used [0x00000007a2c00000,0x00000007a38c8000,0x00000007a3900000)
  to   space 13312K, 0% used [0x00000007a1f00000,0x00000007a1f00000,0x00000007a2c00000)
 ParOldGen       total 4192256K, used 3375464K [0x000000060c000000, 0x000000070be00000, 0x0000000759500000)
  object space 4192256K, 80% used [0x000000060c000000,0x00000006da05a238,0x000000070be00000)
 PSPermGen       total 69120K, used 57397K [0x0000000606e00000, 0x000000060b180000, 0x000000060c000000)
  object space 69120K, 83% used [0x0000000606e00000,0x000000060a60d430,0x000000060b180000)
Event: 16526.900 GC heap after
Heap after GC invocations=307 (full 16):
 PSYoungGen      total 1203200K, used 13120K [0x0000000759500000, 0x00000007a3b80000, 0x0000000800000000)
  eden space 1189888K, 0% used [0x0000000759500000,0x0000000759500000,0x00000007a1f00000)
  from space 13312K, 98% used [0x00000007a1f00000,0x00000007a2bd0000,0x00000007a2c00000)
  to   space 13312K, 0% used [0x00000007a2e80000,0x00000007a2e80000,0x00000007a3b80000)
 ParOldGen       total 4192256K, used 3375464K [0x000000060c000000, 0x000000070be00000, 0x0000000759500000)
  object space 4192256K, 80% used [0x000000060c000000,0x00000006da05a238,0x000000070be00000)
 PSPermGen       total 69120K, used 57397K [0x0000000606e00000, 0x000000060b180000, 0x000000060c000000)
  object space 69120K, 83% used [0x0000000606e00000,0x000000060a60d430,0x000000060b180000)
}
Event: 16591.506 GC heap before
{Heap before GC invocations=308 (full 16):
 PSYoungGen      total 1203200K, used 1040824K [0x0000000759500000, 0x00000007a3b80000, 0x0000000800000000)
  eden space 1189888K, 86% used [0x0000000759500000,0x000000079809e3c0,0x00000007a1f00000)
  from space 13312K, 98% used [0x00000007a1f00000,0x00000007a2bd0000,0x00000007a2c00000)
  to   space 13312K, 0% used [0x00000007a2e80000,0x00000007a2e80000,0x00000007a3b80000)
 ParOldGen       total 4192256K, used 3375464K [0x000000060c000000, 0x000000070be00000, 0x0000000759500000)
  object space 4192256K, 80% used [0x000000060c000000,0x00000006da05a238,0x000000070be00000)
 PSPermGen       total 69120K, used 57397K [0x0000000606e00000, 0x000000060b180000, 0x000000060c000000)
  object space 69120K, 83% used [0x0000000606e00000,0x000000060a60d430,0x000000060b180000)
Event: 16591.519 GC heap after
Heap after GC invocations=308 (full 16):
 PSYoungGen      total 1205760K, used 13152K [0x0000000759500000, 0x00000007a3b80000, 0x0000000800000000)
  eden space 1192448K, 0% used [0x0000000759500000,0x0000000759500000,0x00000007a2180000)
  from space 13312K, 98% used [0x00000007a2e80000,0x00000007a3b58000,0x00000007a3b80000)
  to   space 13312K, 0% used [0x00000007a2180000,0x00000007a2180000,0x00000007a2e80000)
 ParOldGen       total 4192256K, used 3375464K [0x000000060c000000, 0x000000070be00000, 0x0000000759500000)
  object space 4192256K, 80% used [0x000000060c000000,0x00000006da05a238,0x000000070be00000)
 PSPermGen       total 69120K, used 57397K [0x0000000606e00000, 0x000000060b180000, 0x000000060c000000)
  object space 69120K, 83% used [0x0000000606e00000,0x000000060a60d430,0x000000060b180000)
}
Event: 27384.228 GC heap before
{Heap before GC invocations=309 (full 16):
 PSYoungGen      total 1205760K, used 1205600K [0x0000000759500000, 0x00000007a3b80000, 0x0000000800000000)
  eden space 1192448K, 100% used [0x0000000759500000,0x00000007a2180000,0x00000007a2180000)
  from space 13312K, 98% used [0x00000007a2e80000,0x00000007a3b58000,0x00000007a3b80000)
  to   space 13312K, 0% used [0x00000007a2180000,0x00000007a2180000,0x00000007a2e80000)
 ParOldGen       total 4192256K, used 3375464K [0x000000060c000000, 0x000000070be00000, 0x0000000759500000)
  object space 4192256K, 80% used [0x000000060c000000,0x00000006da05a238,0x000000070be00000)
 PSPermGen       total 69120K, used 57518K [0x0000000606e00000, 0x000000060b180000, 0x000000060c000000)
  object space 69120K, 83% used [0x0000000606e00000,0x000000060a62b9c8,0x000000060b180000)
Event: 27384.243 GC heap after
Heap after GC invocations=309 (full 16):
 PSYoungGen      total 1180672K, used 13281K [0x0000000759500000, 0x00000007a2f00000, 0x0000000800000000)
  eden space 1167360K, 0% used [0x0000000759500000,0x0000000759500000,0x00000007a0900000)
  from space 13312K, 99% used [0x00000007a2180000,0x00000007a2e786b0,0x00000007a2e80000)
  to   space 512K, 0% used [0x00000007a2e80000,0x00000007a2e80000,0x00000007a2f00000)
 ParOldGen       total 4192256K, used 3375736K [0x000000060c000000, 0x000000070be00000, 0x0000000759500000)
  object space 4192256K, 80% used [0x000000060c000000,0x00000006da09e238,0x000000070be00000)
 PSPermGen       total 69120K, used 57518K [0x0000000606e00000, 0x000000060b180000, 0x000000060c000000)
  object space 69120K, 83% used [0x0000000606e00000,0x000000060a62b9c8,0x000000060b180000)
}

