# JRE version: Java(TM) SE Runtime Environment (7.0_45-b18) (build 1.7.0_45-b18)
# Java VM: Java HotSpot(TM) 64-Bit Server VM (24.45-b08 mixed mode linux-amd64 compressed oops)
Heap
 PSYoungGen      total 87040K, used 65672K [0x0000000797d00000, 0x000000079eb80000, 0x0000000800000000)
  eden space 62976K, 75% used [0x0000000797d00000,0x000000079ab9b560,0x000000079ba80000)
  from space 24064K, 74% used [0x000000079d400000,0x000000079e586aa0,0x000000079eb80000)
  to   space 25088K, 0% used [0x000000079ba80000,0x000000079ba80000,0x000000079d300000)
 ParOldGen       total 175104K, used 21530K [0x00000006c7800000, 0x00000006d2300000, 0x0000000797d00000)
  object space 175104K, 12% used [0x00000006c7800000,0x00000006c8d06a60,0x00000006d2300000)
 PSPermGen       total 52736K, used 52482K [0x00000006c2600000, 0x00000006c5980000, 0x00000006c7800000)
  object space 52736K, 99% used [0x00000006c2600000,0x00000006c5940b80,0x00000006c5980000)
GC Heap History (10 events):
Event: 1.323 GC heap before
{Heap before GC invocations=2 (full 0):
 PSYoungGen      total 76800K, used 71457K [0x0000000797d00000, 0x000000079d280000, 0x0000000800000000)
  eden space 66048K, 100% used [0x0000000797d00000,0x000000079bd80000,0x000000079bd80000)
  from space 10752K, 50% used [0x000000079bd80000,0x000000079c2c86e0,0x000000079c800000)
  to   space 10752K, 0% used [0x000000079c800000,0x000000079c800000,0x000000079d280000)
 ParOldGen       total 175104K, used 72K [0x00000006c7800000, 0x00000006d2300000, 0x0000000797d00000)
  object space 175104K, 0% used [0x00000006c7800000,0x00000006c7812010,0x00000006d2300000)
 PSPermGen       total 22016K, used 21826K [0x00000006c2600000, 0x00000006c3b80000, 0x00000006c7800000)
  object space 22016K, 99% used [0x00000006c2600000,0x00000006c3b50a70,0x00000006c3b80000)
Event: 1.330 GC heap after
Heap after GC invocations=2 (full 0):
 PSYoungGen      total 76800K, used 9571K [0x0000000797d00000, 0x000000079d280000, 0x0000000800000000)
  eden space 66048K, 0% used [0x0000000797d00000,0x0000000797d00000,0x000000079bd80000)
  from space 10752K, 89% used [0x000000079c800000,0x000000079d158f30,0x000000079d280000)
  to   space 10752K, 0% used [0x000000079bd80000,0x000000079bd80000,0x000000079c800000)
 ParOldGen       total 175104K, used 80K [0x00000006c7800000, 0x00000006d2300000, 0x0000000797d00000)
  object space 175104K, 0% used [0x00000006c7800000,0x00000006c7814010,0x00000006d2300000)
 PSPermGen       total 22016K, used 21826K [0x00000006c2600000, 0x00000006c3b80000, 0x00000006c7800000)
  object space 22016K, 99% used [0x00000006c2600000,0x00000006c3b50a70,0x00000006c3b80000)
}
Event: 2.514 GC heap before
{Heap before GC invocations=3 (full 0):
 PSYoungGen      total 76800K, used 75619K [0x0000000797d00000, 0x000000079d280000, 0x0000000800000000)
  eden space 66048K, 100% used [0x0000000797d00000,0x000000079bd80000,0x000000079bd80000)
  from space 10752K, 89% used [0x000000079c800000,0x000000079d158f30,0x000000079d280000)
  to   space 10752K, 0% used [0x000000079bd80000,0x000000079bd80000,0x000000079c800000)
 ParOldGen       total 175104K, used 80K [0x00000006c7800000, 0x00000006d2300000, 0x0000000797d00000)
  object space 175104K, 0% used [0x00000006c7800000,0x00000006c7814010,0x00000006d2300000)
 PSPermGen       total 37888K, used 37549K [0x00000006c2600000, 0x00000006c4b00000, 0x00000006c7800000)
  object space 37888K, 99% used [0x00000006c2600000,0x00000006c4aab7e8,0x00000006c4b00000)
Event: 2.525 GC heap after
Heap after GC invocations=3 (full 0):
 PSYoungGen      total 76800K, used 10720K [0x0000000797d00000, 0x000000079d280000, 0x0000000800000000)
  eden space 66048K, 0% used [0x0000000797d00000,0x0000000797d00000,0x000000079bd80000)
  from space 10752K, 99% used [0x000000079bd80000,0x000000079c7f83d8,0x000000079c800000)
  to   space 10752K, 0% used [0x000000079c800000,0x000000079c800000,0x000000079d280000)
 ParOldGen       total 175104K, used 8696K [0x00000006c7800000, 0x00000006d2300000, 0x0000000797d00000)
  object space 175104K, 4% used [0x00000006c7800000,0x00000006c807e280,0x00000006d2300000)
 PSPermGen       total 37888K, used 37549K [0x00000006c2600000, 0x00000006c4b00000, 0x00000006c7800000)
  object space 37888K, 99% used [0x00000006c2600000,0x00000006c4aab7e8,0x00000006c4b00000)
}
Event: 9.352 GC heap before
{Heap before GC invocations=4 (full 0):
 PSYoungGen      total 76800K, used 76768K [0x0000000797d00000, 0x000000079d280000, 0x0000000800000000)
  eden space 66048K, 100% used [0x0000000797d00000,0x000000079bd80000,0x000000079bd80000)
  from space 10752K, 99% used [0x000000079bd80000,0x000000079c7f83d8,0x000000079c800000)
  to   space 10752K, 0% used [0x000000079c800000,0x000000079c800000,0x000000079d280000)
 ParOldGen       total 175104K, used 8696K [0x00000006c7800000, 0x00000006d2300000, 0x0000000797d00000)
  object space 175104K, 4% used [0x00000006c7800000,0x00000006c807e280,0x00000006d2300000)
 PSPermGen       total 44032K, used 43613K [0x00000006c2600000, 0x00000006c5100000, 0x00000006c7800000)
  object space 44032K, 99% used [0x00000006c2600000,0x00000006c5097478,0x00000006c5100000)
Event: 9.362 GC heap after
Heap after GC invocations=4 (full 0):
 PSYoungGen      total 76800K, used 10748K [0x0000000797d00000, 0x000000079d280000, 0x0000000800000000)
  eden space 66048K, 0% used [0x0000000797d00000,0x0000000797d00000,0x000000079bd80000)
  from space 10752K, 99% used [0x000000079c800000,0x000000079d27f308,0x000000079d280000)
  to   space 10752K, 0% used [0x000000079bd80000,0x000000079bd80000,0x000000079c800000)
 ParOldGen       total 175104K, used 16559K [0x00000006c7800000, 0x00000006d2300000, 0x0000000797d00000)
  object space 175104K, 9% used [0x00000006c7800000,0x00000006c882be50,0x00000006d2300000)
 PSPermGen       total 44032K, used 43613K [0x00000006c2600000, 0x00000006c5100000, 0x00000006c7800000)
  object space 44032K, 99% used [0x00000006c2600000,0x00000006c5097478,0x00000006c5100000)
}
Event: 18.490 GC heap before
{Heap before GC invocations=5 (full 0):
 PSYoungGen      total 76800K, used 76796K [0x0000000797d00000, 0x000000079d280000, 0x0000000800000000)
  eden space 66048K, 100% used [0x0000000797d00000,0x000000079bd80000,0x000000079bd80000)
  from space 10752K, 99% used [0x000000079c800000,0x000000079d27f308,0x000000079d280000)
  to   space 10752K, 0% used [0x000000079bd80000,0x000000079bd80000,0x000000079c800000)
 ParOldGen       total 175104K, used 16559K [0x00000006c7800000, 0x00000006d2300000, 0x0000000797d00000)
  object space 175104K, 9% used [0x00000006c7800000,0x00000006c882be50,0x00000006d2300000)
 PSPermGen       total 47616K, used 47591K [0x00000006c2600000, 0x00000006c5480000, 0x00000006c7800000)
  object space 47616K, 99% used [0x00000006c2600000,0x00000006c5479cd8,0x00000006c5480000)
Event: 18.499 GC heap after
Heap after GC invocations=5 (full 0):
 PSYoungGen      total 75264K, used 10742K [0x0000000797d00000, 0x000000079ec00000, 0x0000000800000000)
  eden space 64512K, 0% used [0x0000000797d00000,0x0000000797d00000,0x000000079bc00000)
  from space 10752K, 99% used [0x000000079bd80000,0x000000079c7fd978,0x000000079c800000)
  to   space 24576K, 0% used [0x000000079d400000,0x000000079d400000,0x000000079ec00000)
 ParOldGen       total 175104K, used 21522K [0x00000006c7800000, 0x00000006d2300000, 0x0000000797d00000)
  object space 175104K, 12% used [0x00000006c7800000,0x00000006c8d04a60,0x00000006d2300000)
 PSPermGen       total 47616K, used 47591K [0x00000006c2600000, 0x00000006c5480000, 0x00000006c7800000)
  object space 47616K, 99% used [0x00000006c2600000,0x00000006c5479cd8,0x00000006c5480000)
}
Event: 22.205 GC heap before
{Heap before GC invocations=6 (full 0):
 PSYoungGen      total 75264K, used 75254K [0x0000000797d00000, 0x000000079ec00000, 0x0000000800000000)
  eden space 64512K, 100% used [0x0000000797d00000,0x000000079bc00000,0x000000079bc00000)
  from space 10752K, 99% used [0x000000079bd80000,0x000000079c7fd978,0x000000079c800000)
  to   space 24576K, 0% used [0x000000079d400000,0x000000079d400000,0x000000079ec00000)
 ParOldGen       total 175104K, used 21522K [0x00000006c7800000, 0x00000006d2300000, 0x0000000797d00000)
  object space 175104K, 12% used [0x00000006c7800000,0x00000006c8d04a60,0x00000006d2300000)
 PSPermGen       total 52224K, used 51980K [0x00000006c2600000, 0x00000006c5900000, 0x00000006c7800000)
  object space 52224K, 99% used [0x00000006c2600000,0x00000006c58c3098,0x00000006c5900000)
Event: 22.215 GC heap after
Heap after GC invocations=6 (full 0):
 PSYoungGen      total 87040K, used 17946K [0x0000000797d00000, 0x000000079eb80000, 0x0000000800000000)
  eden space 62976K, 0% used [0x0000000797d00000,0x0000000797d00000,0x000000079ba80000)
  from space 24064K, 74% used [0x000000079d400000,0x000000079e586aa0,0x000000079eb80000)
  to   space 25088K, 0% used [0x000000079ba80000,0x000000079ba80000,0x000000079d300000)
 ParOldGen       total 175104K, used 21530K [0x00000006c7800000, 0x00000006d2300000, 0x0000000797d00000)
  object space 175104K, 12% used [0x00000006c7800000,0x00000006c8d06a60,0x00000006d2300000)
 PSPermGen       total 52224K, used 51980K [0x00000006c2600000, 0x00000006c5900000, 0x00000006c7800000)
  object space 52224K, 99% used [0x00000006c2600000,0x00000006c58c3098,0x00000006c5900000)
}

