# JRE version: Java(TM) SE Runtime Environment (7.0_45-b18) (build 1.7.0_45-b18)
# Java VM: Java HotSpot(TM) 64-Bit Server VM (24.45-b08 mixed mode linux-amd64 compressed oops)
Heap
 PSYoungGen      total 859136K, used 482077K [0x0000000759500000, 0x00000007a7000000, 0x0000000800000000)
  eden space 542720K, 47% used [0x0000000759500000,0x0000000768f40918,0x000000077a700000)
  from space 316416K, 71% used [0x000000077a700000,0x0000000788386c28,0x000000078dc00000)
  to   space 341504K, 0% used [0x0000000792280000,0x0000000792280000,0x00000007a7000000)
 ParOldGen       total 1482752K, used 1142980K [0x000000060c000000, 0x0000000666800000, 0x0000000759500000)
  object space 1482752K, 77% used [0x000000060c000000,0x0000000651c31230,0x0000000666800000)
 PSPermGen       total 83968K, used 50664K [0x0000000606e00000, 0x000000060c000000, 0x000000060c000000)
  object space 83968K, 60% used [0x0000000606e00000,0x0000000609f7a3f0,0x000000060c000000)
GC Heap History (10 events):
Event: 9.776 GC heap before
{Heap before GC invocations=10 (full 1):
 PSYoungGen      total 476672K, used 473722K [0x0000000759500000, 0x0000000785a00000, 0x0000000800000000)
  eden space 453120K, 100% used [0x0000000759500000,0x0000000774f80000,0x0000000774f80000)
  from space 23552K, 87% used [0x000000077b000000,0x000000077c41e8d8,0x000000077c700000)
  to   space 98816K, 0% used [0x0000000774f80000,0x0000000774f80000,0x000000077b000000)
 ParOldGen       total 361472K, used 178485K [0x000000060c000000, 0x0000000622100000, 0x0000000759500000)
  object space 361472K, 49% used [0x000000060c000000,0x0000000616e4d4a8,0x0000000622100000)
 PSPermGen       total 83968K, used 48122K [0x0000000606e00000, 0x000000060c000000, 0x000000060c000000)
  object space 83968K, 57% used [0x0000000606e00000,0x0000000609cfea20,0x000000060c000000)
Event: 9.830 GC heap after
Heap after GC invocations=10 (full 1):
 PSYoungGen      total 551936K, used 98808K [0x0000000759500000, 0x00000007a1100000, 0x0000000800000000)
  eden space 453120K, 0% used [0x0000000759500000,0x0000000759500000,0x0000000774f80000)
  from space 98816K, 99% used [0x0000000774f80000,0x000000077affe178,0x000000077b000000)
  to   space 266752K, 0% used [0x0000000790c80000,0x0000000790c80000,0x00000007a1100000)
 ParOldGen       total 546816K, used 546585K [0x000000060c000000, 0x000000062d600000, 0x0000000759500000)
  object space 546816K, 99% used [0x000000060c000000,0x000000062d5c6688,0x000000062d600000)
 PSPermGen       total 83968K, used 48122K [0x0000000606e00000, 0x000000060c000000, 0x000000060c000000)
  object space 83968K, 57% used [0x0000000606e00000,0x0000000609cfea20,0x000000060c000000)
}
Event: 9.830 GC heap before
{Heap before GC invocations=11 (full 2):
 PSYoungGen      total 551936K, used 98808K [0x0000000759500000, 0x00000007a1100000, 0x0000000800000000)
  eden space 453120K, 0% used [0x0000000759500000,0x0000000759500000,0x0000000774f80000)
  from space 98816K, 99% used [0x0000000774f80000,0x000000077affe178,0x000000077b000000)
  to   space 266752K, 0% used [0x0000000790c80000,0x0000000790c80000,0x00000007a1100000)
 ParOldGen       total 546816K, used 546585K [0x000000060c000000, 0x000000062d600000, 0x0000000759500000)
  object space 546816K, 99% used [0x000000060c000000,0x000000062d5c6688,0x000000062d600000)
 PSPermGen       total 83968K, used 48122K [0x0000000606e00000, 0x000000060c000000, 0x000000060c000000)
  object space 83968K, 57% used [0x0000000606e00000,0x0000000609cfea20,0x000000060c000000)
Event: 9.987 GC heap after
Heap after GC invocations=11 (full 2):
 PSYoungGen      total 551936K, used 95015K [0x0000000759500000, 0x00000007a1100000, 0x0000000800000000)
  eden space 453120K, 0% used [0x0000000759500000,0x0000000759500000,0x0000000774f80000)
  from space 98816K, 96% used [0x0000000774f80000,0x000000077ac49ce8,0x000000077b000000)
  to   space 266752K, 0% used [0x0000000790c80000,0x0000000790c80000,0x00000007a1100000)
 ParOldGen       total 952320K, used 546435K [0x000000060c000000, 0x0000000646200000, 0x0000000759500000)
  object space 952320K, 57% used [0x000000060c000000,0x000000062d5a0d70,0x0000000646200000)
 PSPermGen       total 83968K, used 48122K [0x0000000606e00000, 0x000000060c000000, 0x000000060c000000)
  object space 83968K, 57% used [0x0000000606e00000,0x0000000609cfe9e0,0x000000060c000000)
}
Event: 10.058 GC heap before
{Heap before GC invocations=12 (full 2):
 PSYoungGen      total 551936K, used 446287K [0x0000000759500000, 0x00000007a1100000, 0x0000000800000000)
  eden space 453120K, 77% used [0x0000000759500000,0x000000076ec0a088,0x0000000774f80000)
  from space 98816K, 96% used [0x0000000774f80000,0x000000077ac49ce8,0x000000077b000000)
  to   space 266752K, 0% used [0x0000000790c80000,0x0000000790c80000,0x00000007a1100000)
 ParOldGen       total 952320K, used 546435K [0x000000060c000000, 0x0000000646200000, 0x0000000759500000)
  object space 952320K, 57% used [0x000000060c000000,0x000000062d5a0d70,0x0000000646200000)
 PSPermGen       total 83968K, used 48204K [0x0000000606e00000, 0x000000060c000000, 0x000000060c000000)
  object space 83968K, 57% used [0x0000000606e00000,0x0000000609d13010,0x000000060c000000)
Event: 10.104 GC heap after
Heap after GC invocations=12 (full 2):
 PSYoungGen      total 787968K, used 266750K [0x0000000759500000, 0x00000007a1100000, 0x0000000800000000)
  eden space 521216K, 0% used [0x0000000759500000,0x0000000759500000,0x0000000779200000)
  from space 266752K, 99% used [0x0000000790c80000,0x00000007a10ff808,0x00000007a1100000)
  to   space 316416K, 0% used [0x000000077a700000,0x000000077a700000,0x000000078dc00000)
 ParOldGen       total 952320K, used 722439K [0x000000060c000000, 0x0000000646200000, 0x0000000759500000)
  object space 952320K, 75% used [0x000000060c000000,0x0000000638181fc0,0x0000000646200000)
 PSPermGen       total 83968K, used 48204K [0x0000000606e00000, 0x000000060c000000, 0x000000060c000000)
  object space 83968K, 57% used [0x0000000606e00000,0x0000000609d13010,0x000000060c000000)
}
Event: 10.104 GC heap before
{Heap before GC invocations=13 (full 3):
 PSYoungGen      total 787968K, used 266750K [0x0000000759500000, 0x00000007a1100000, 0x0000000800000000)
  eden space 521216K, 0% used [0x0000000759500000,0x0000000759500000,0x0000000779200000)
  from space 266752K, 99% used [0x0000000790c80000,0x00000007a10ff808,0x00000007a1100000)
  to   space 316416K, 0% used [0x000000077a700000,0x000000077a700000,0x000000078dc00000)
 ParOldGen       total 952320K, used 722439K [0x000000060c000000, 0x0000000646200000, 0x0000000759500000)
  object space 952320K, 75% used [0x000000060c000000,0x0000000638181fc0,0x0000000646200000)
 PSPermGen       total 83968K, used 48204K [0x0000000606e00000, 0x000000060c000000, 0x000000060c000000)
  object space 83968K, 57% used [0x0000000606e00000,0x0000000609d13010,0x000000060c000000)
Event: 10.288 GC heap after
Heap after GC invocations=13 (full 3):
 PSYoungGen      total 787968K, used 34759K [0x0000000759500000, 0x00000007a1100000, 0x0000000800000000)
  eden space 521216K, 0% used [0x0000000759500000,0x0000000759500000,0x0000000779200000)
  from space 266752K, 13% used [0x0000000790c80000,0x0000000792e71d70,0x00000007a1100000)
  to   space 316416K, 0% used [0x000000077a700000,0x000000077a700000,0x000000078dc00000)
 ParOldGen       total 1482752K, used 952250K [0x000000060c000000, 0x0000000666800000, 0x0000000759500000)
  object space 1482752K, 64% used [0x000000060c000000,0x00000006461ee8d8,0x0000000666800000)
 PSPermGen       total 83968K, used 48204K [0x0000000606e00000, 0x000000060c000000, 0x000000060c000000)
  object space 83968K, 57% used [0x0000000606e00000,0x0000000609d13010,0x000000060c000000)
}
Event: 10.571 GC heap before
{Heap before GC invocations=14 (full 3):
 PSYoungGen      total 787968K, used 427108K [0x0000000759500000, 0x00000007a1100000, 0x0000000800000000)
  eden space 521216K, 75% used [0x0000000759500000,0x0000000771427540,0x0000000779200000)
  from space 266752K, 13% used [0x0000000790c80000,0x0000000792e71d70,0x00000007a1100000)
  to   space 316416K, 0% used [0x000000077a700000,0x000000077a700000,0x000000078dc00000)
 ParOldGen       total 1482752K, used 952250K [0x000000060c000000, 0x0000000666800000, 0x0000000759500000)
  object space 1482752K, 64% used [0x000000060c000000,0x00000006461ee8d8,0x0000000666800000)
 PSPermGen       total 83968K, used 48216K [0x0000000606e00000, 0x000000060c000000, 0x000000060c000000)
  object space 83968K, 57% used [0x0000000606e00000,0x0000000609d161d0,0x000000060c000000)
Event: 10.665 GC heap after
Heap after GC invocations=14 (full 3):
 PSYoungGen      total 859136K, used 225819K [0x0000000759500000, 0x00000007a7000000, 0x0000000800000000)
  eden space 542720K, 0% used [0x0000000759500000,0x0000000759500000,0x000000077a700000)
  from space 316416K, 71% used [0x000000077a700000,0x0000000788386c28,0x000000078dc00000)
  to   space 341504K, 0% used [0x0000000792280000,0x0000000792280000,0x00000007a7000000)
 ParOldGen       total 1482752K, used 1142980K [0x000000060c000000, 0x0000000666800000, 0x0000000759500000)
  object space 1482752K, 77% used [0x000000060c000000,0x0000000651c31230,0x0000000666800000)
 PSPermGen       total 83968K, used 48216K [0x0000000606e00000, 0x000000060c000000, 0x000000060c000000)
  object space 83968K, 57% used [0x0000000606e00000,0x0000000609d161d0,0x000000060c000000)
}

