# JRE version: Java(TM) SE Runtime Environment (7.0_45-b18) (build 1.7.0_45-b18)
# Java VM: Java HotSpot(TM) 64-Bit Server VM (24.45-b08 mixed mode linux-amd64 compressed oops)
Heap
 PSYoungGen      total 283136K, used 67114K [0x0000000797d00000, 0x00000007bb500000, 0x0000000800000000)
  eden space 264192K, 18% used [0x0000000797d00000,0x000000079ac11648,0x00000007a7f00000)
  from space 18944K, 99% used [0x00000007a7f00000,0x00000007a9179338,0x00000007a9180000)
  to   space 26624K, 0% used [0x00000007b9b00000,0x00000007b9b00000,0x00000007bb500000)
 ParOldGen       total 175104K, used 18583K [0x00000006c7800000, 0x00000006d2300000, 0x0000000797d00000)
  object space 175104K, 10% used [0x00000006c7800000,0x00000006c8a25f78,0x00000006d2300000)
 PSPermGen       total 51200K, used 50859K [0x00000006c2600000, 0x00000006c5800000, 0x00000006c7800000)
  object space 51200K, 99% used [0x00000006c2600000,0x00000006c57aafe8,0x00000006c5800000)
GC Heap History (10 events):
Event: 2.240 GC heap before
{Heap before GC invocations=3 (full 0):
 PSYoungGen      total 76800K, used 75210K [0x0000000797d00000, 0x000000079d280000, 0x0000000800000000)
  eden space 66048K, 100% used [0x0000000797d00000,0x000000079bd80000,0x000000079bd80000)
  from space 10752K, 85% used [0x000000079c800000,0x000000079d0f28b8,0x000000079d280000)
  to   space 10752K, 0% used [0x000000079bd80000,0x000000079bd80000,0x000000079c800000)
 ParOldGen       total 175104K, used 80K [0x00000006c7800000, 0x00000006d2300000, 0x0000000797d00000)
  object space 175104K, 0% used [0x00000006c7800000,0x00000006c7814010,0x00000006d2300000)
 PSPermGen       total 29184K, used 28874K [0x00000006c2600000, 0x00000006c4280000, 0x00000006c7800000)
  object space 29184K, 98% used [0x00000006c2600000,0x00000006c42329d0,0x00000006c4280000)
Event: 2.249 GC heap after
Heap after GC invocations=3 (full 0):
 PSYoungGen      total 76800K, used 10725K [0x0000000797d00000, 0x00000007a1300000, 0x0000000800000000)
  eden space 66048K, 0% used [0x0000000797d00000,0x0000000797d00000,0x000000079bd80000)
  from space 10752K, 99% used [0x000000079bd80000,0x000000079c7f9640,0x000000079c800000)
  to   space 10752K, 0% used [0x00000007a0880000,0x00000007a0880000,0x00000007a1300000)
 ParOldGen       total 175104K, used 1879K [0x00000006c7800000, 0x00000006d2300000, 0x0000000797d00000)
  object space 175104K, 1% used [0x00000006c7800000,0x00000006c79d5f20,0x00000006d2300000)
 PSPermGen       total 29184K, used 28874K [0x00000006c2600000, 0x00000006c4280000, 0x00000006c7800000)
  object space 29184K, 98% used [0x00000006c2600000,0x00000006c42329d0,0x00000006c4280000)
}
Event: 2.529 GC heap before
{Heap before GC invocations=4 (full 0):
 PSYoungGen      total 76800K, used 76773K [0x0000000797d00000, 0x00000007a1300000, 0x0000000800000000)
  eden space 66048K, 100% used [0x0000000797d00000,0x000000079bd80000,0x000000079bd80000)
  from space 10752K, 99% used [0x000000079bd80000,0x000000079c7f9640,0x000000079c800000)
  to   space 10752K, 0% used [0x00000007a0880000,0x00000007a0880000,0x00000007a1300000)
 ParOldGen       total 175104K, used 1879K [0x00000006c7800000, 0x00000006d2300000, 0x0000000797d00000)
  object space 175104K, 1% used [0x00000006c7800000,0x00000006c79d5f20,0x00000006d2300000)
 PSPermGen       total 32768K, used 32709K [0x00000006c2600000, 0x00000006c4600000, 0x00000006c7800000)
  object space 32768K, 99% used [0x00000006c2600000,0x00000006c45f1780,0x00000006c4600000)
Event: 2.537 GC heap after
Heap after GC invocations=4 (full 0):
 PSYoungGen      total 142848K, used 10747K [0x0000000797d00000, 0x00000007a1300000, 0x0000000800000000)
  eden space 132096K, 0% used [0x0000000797d00000,0x0000000797d00000,0x000000079fe00000)
  from space 10752K, 99% used [0x00000007a0880000,0x00000007a12fede0,0x00000007a1300000)
  to   space 10752K, 0% used [0x000000079fe00000,0x000000079fe00000,0x00000007a0880000)
 ParOldGen       total 175104K, used 4419K [0x00000006c7800000, 0x00000006d2300000, 0x0000000797d00000)
  object space 175104K, 2% used [0x00000006c7800000,0x00000006c7c50fd8,0x00000006d2300000)
 PSPermGen       total 32768K, used 32709K [0x00000006c2600000, 0x00000006c4600000, 0x00000006c7800000)
  object space 32768K, 99% used [0x00000006c2600000,0x00000006c45f1780,0x00000006c4600000)
}
Event: 3.108 GC heap before
{Heap before GC invocations=5 (full 0):
 PSYoungGen      total 142848K, used 142843K [0x0000000797d00000, 0x00000007a1300000, 0x0000000800000000)
  eden space 132096K, 100% used [0x0000000797d00000,0x000000079fe00000,0x000000079fe00000)
  from space 10752K, 99% used [0x00000007a0880000,0x00000007a12fede0,0x00000007a1300000)
  to   space 10752K, 0% used [0x000000079fe00000,0x000000079fe00000,0x00000007a0880000)
 ParOldGen       total 175104K, used 4419K [0x00000006c7800000, 0x00000006d2300000, 0x0000000797d00000)
  object space 175104K, 2% used [0x00000006c7800000,0x00000006c7c50fd8,0x00000006d2300000)
 PSPermGen       total 37888K, used 37593K [0x00000006c2600000, 0x00000006c4b00000, 0x00000006c7800000)
  object space 37888K, 99% used [0x00000006c2600000,0x00000006c4ab65d8,0x00000006c4b00000)
Event: 3.118 GC heap after
Heap after GC invocations=5 (full 0):
 PSYoungGen      total 142848K, used 10725K [0x0000000797d00000, 0x00000007aa400000, 0x0000000800000000)
  eden space 132096K, 0% used [0x0000000797d00000,0x0000000797d00000,0x000000079fe00000)
  from space 10752K, 99% used [0x000000079fe00000,0x00000007a0879460,0x00000007a0880000)
  to   space 18944K, 0% used [0x00000007a9180000,0x00000007a9180000,0x00000007aa400000)
 ParOldGen       total 175104K, used 8695K [0x00000006c7800000, 0x00000006d2300000, 0x0000000797d00000)
  object space 175104K, 4% used [0x00000006c7800000,0x00000006c807dfd0,0x00000006d2300000)
 PSPermGen       total 37888K, used 37593K [0x00000006c2600000, 0x00000006c4b00000, 0x00000006c7800000)
  object space 37888K, 99% used [0x00000006c2600000,0x00000006c4ab65d8,0x00000006c4b00000)
}
Event: 3.484 GC heap before
{Heap before GC invocations=6 (full 0):
 PSYoungGen      total 142848K, used 142821K [0x0000000797d00000, 0x00000007aa400000, 0x0000000800000000)
  eden space 132096K, 100% used [0x0000000797d00000,0x000000079fe00000,0x000000079fe00000)
  from space 10752K, 99% used [0x000000079fe00000,0x00000007a0879460,0x00000007a0880000)
  to   space 18944K, 0% used [0x00000007a9180000,0x00000007a9180000,0x00000007aa400000)
 ParOldGen       total 175104K, used 8695K [0x00000006c7800000, 0x00000006d2300000, 0x0000000797d00000)
  object space 175104K, 4% used [0x00000006c7800000,0x00000006c807dfd0,0x00000006d2300000)
 PSPermGen       total 39424K, used 38969K [0x00000006c2600000, 0x00000006c4c80000, 0x00000006c7800000)
  object space 39424K, 98% used [0x00000006c2600000,0x00000006c4c0e5f0,0x00000006c4c80000)
Event: 3.491 GC heap after
Heap after GC invocations=6 (full 0):
 PSYoungGen      total 283136K, used 13433K [0x0000000797d00000, 0x00000007aa400000, 0x0000000800000000)
  eden space 264192K, 0% used [0x0000000797d00000,0x0000000797d00000,0x00000007a7f00000)
  from space 18944K, 70% used [0x00000007a9180000,0x00000007a9e9e7d8,0x00000007aa400000)
  to   space 18944K, 0% used [0x00000007a7f00000,0x00000007a7f00000,0x00000007a9180000)
 ParOldGen       total 175104K, used 8695K [0x00000006c7800000, 0x00000006d2300000, 0x0000000797d00000)
  object space 175104K, 4% used [0x00000006c7800000,0x00000006c807dfd0,0x00000006d2300000)
 PSPermGen       total 39424K, used 38969K [0x00000006c2600000, 0x00000006c4c80000, 0x00000006c7800000)
  object space 39424K, 98% used [0x00000006c2600000,0x00000006c4c0e5f0,0x00000006c4c80000)
}
Event: 24.758 GC heap before
{Heap before GC invocations=7 (full 0):
 PSYoungGen      total 283136K, used 277625K [0x0000000797d00000, 0x00000007aa400000, 0x0000000800000000)
  eden space 264192K, 100% used [0x0000000797d00000,0x00000007a7f00000,0x00000007a7f00000)
  from space 18944K, 70% used [0x00000007a9180000,0x00000007a9e9e7d8,0x00000007aa400000)
  to   space 18944K, 0% used [0x00000007a7f00000,0x00000007a7f00000,0x00000007a9180000)
 ParOldGen       total 175104K, used 8695K [0x00000006c7800000, 0x00000006d2300000, 0x0000000797d00000)
  object space 175104K, 4% used [0x00000006c7800000,0x00000006c807dfd0,0x00000006d2300000)
 PSPermGen       total 48640K, used 48153K [0x00000006c2600000, 0x00000006c5580000, 0x00000006c7800000)
  object space 48640K, 99% used [0x00000006c2600000,0x00000006c5506710,0x00000006c5580000)
Event: 24.773 GC heap after
Heap after GC invocations=7 (full 0):
 PSYoungGen      total 283136K, used 18916K [0x0000000797d00000, 0x00000007bb500000, 0x0000000800000000)
  eden space 264192K, 0% used [0x0000000797d00000,0x0000000797d00000,0x00000007a7f00000)
  from space 18944K, 99% used [0x00000007a7f00000,0x00000007a9179338,0x00000007a9180000)
  to   space 26624K, 0% used [0x00000007b9b00000,0x00000007b9b00000,0x00000007bb500000)
 ParOldGen       total 175104K, used 18583K [0x00000006c7800000, 0x00000006d2300000, 0x0000000797d00000)
  object space 175104K, 10% used [0x00000006c7800000,0x00000006c8a25f78,0x00000006d2300000)
 PSPermGen       total 48640K, used 48153K [0x00000006c2600000, 0x00000006c5580000, 0x00000006c7800000)
  object space 48640K, 99% used [0x00000006c2600000,0x00000006c5506710,0x00000006c5580000)
}

