# JRE version: Java(TM) SE Runtime Environment (7.0_45-b18) (build 1.7.0_45-b18)
# Java VM: Java HotSpot(TM) 64-Bit Server VM (24.45-b08 mixed mode linux-amd64 compressed oops)
Heap
 PSYoungGen      total 67072K, used 26555K [0x0000000797d00000, 0x000000079d280000, 0x0000000800000000)
  eden space 46592K, 56% used [0x0000000797d00000,0x00000007996bec88,0x000000079aa80000)
  from space 20480K, 0% used [0x000000079aa80000,0x000000079aab0000,0x000000079be80000)
  to   space 19456K, 0% used [0x000000079bf80000,0x000000079bf80000,0x000000079d280000)
 ParOldGen       total 175104K, used 107707K [0x00000006c7800000, 0x00000006d2300000, 0x0000000797d00000)
  object space 175104K, 61% used [0x00000006c7800000,0x00000006ce12ecd8,0x00000006d2300000)
 PSPermGen       total 54784K, used 54467K [0x00000006c2600000, 0x00000006c5b80000, 0x00000006c7800000)
  object space 54784K, 99% used [0x00000006c2600000,0x00000006c5b30e58,0x00000006c5b80000)
GC Heap History (10 events):
Event: 182.641 GC heap before
{Heap before GC invocations=29 (full 0):
 PSYoungGen      total 71168K, used 48096K [0x0000000797d00000, 0x000000079df80000, 0x0000000800000000)
  eden space 47616K, 100% used [0x0000000797d00000,0x000000079ab80000,0x000000079ab80000)
  from space 23552K, 2% used [0x000000079c880000,0x000000079c8f8000,0x000000079df80000)
  to   space 26624K, 0% used [0x000000079ab80000,0x000000079ab80000,0x000000079c580000)
 ParOldGen       total 175104K, used 105923K [0x00000006c7800000, 0x00000006d2300000, 0x0000000797d00000)
  object space 175104K, 60% used [0x00000006c7800000,0x00000006cdf70de8,0x00000006d2300000)
 PSPermGen       total 54272K, used 53982K [0x00000006c2600000, 0x00000006c5b00000, 0x00000006c7800000)
  object space 54272K, 99% used [0x00000006c2600000,0x00000006c5ab78c0,0x00000006c5b00000)
Event: 182.644 GC heap after
Heap after GC invocations=29 (full 0):
 PSYoungGen      total 48128K, used 544K [0x0000000797d00000, 0x000000079dc00000, 0x0000000800000000)
  eden space 47104K, 0% used [0x0000000797d00000,0x0000000797d00000,0x000000079ab00000)
  from space 1024K, 53% used [0x000000079ab80000,0x000000079ac08000,0x000000079ac80000)
  to   space 25088K, 0% used [0x000000079c380000,0x000000079c380000,0x000000079dc00000)
 ParOldGen       total 175104K, used 106011K [0x00000006c7800000, 0x00000006d2300000, 0x0000000797d00000)
  object space 175104K, 60% used [0x00000006c7800000,0x00000006cdf86de8,0x00000006d2300000)
 PSPermGen       total 54272K, used 53982K [0x00000006c2600000, 0x00000006c5b00000, 0x00000006c7800000)
  object space 54272K, 99% used [0x00000006c2600000,0x00000006c5ab78c0,0x00000006c5b00000)
}
Event: 189.729 GC heap before
{Heap before GC invocations=30 (full 0):
 PSYoungGen      total 48128K, used 47648K [0x0000000797d00000, 0x000000079dc00000, 0x0000000800000000)
  eden space 47104K, 100% used [0x0000000797d00000,0x000000079ab00000,0x000000079ab00000)
  from space 1024K, 53% used [0x000000079ab80000,0x000000079ac08000,0x000000079ac80000)
  to   space 25088K, 0% used [0x000000079c380000,0x000000079c380000,0x000000079dc00000)
 ParOldGen       total 175104K, used 106011K [0x00000006c7800000, 0x00000006d2300000, 0x0000000797d00000)
  object space 175104K, 60% used [0x00000006c7800000,0x00000006cdf86de8,0x00000006d2300000)
 PSPermGen       total 54272K, used 53988K [0x00000006c2600000, 0x00000006c5b00000, 0x00000006c7800000)
  object space 54272K, 99% used [0x00000006c2600000,0x00000006c5ab9240,0x00000006c5b00000)
Event: 189.732 GC heap after
Heap after GC invocations=30 (full 0):
 PSYoungGen      total 68096K, used 672K [0x0000000797d00000, 0x000000079d880000, 0x0000000800000000)
  eden space 46592K, 0% used [0x0000000797d00000,0x0000000797d00000,0x000000079aa80000)
  from space 21504K, 3% used [0x000000079c380000,0x000000079c428000,0x000000079d880000)
  to   space 23552K, 0% used [0x000000079aa80000,0x000000079aa80000,0x000000079c180000)
 ParOldGen       total 175104K, used 106115K [0x00000006c7800000, 0x00000006d2300000, 0x0000000797d00000)
  object space 175104K, 60% used [0x00000006c7800000,0x00000006cdfa0de8,0x00000006d2300000)
 PSPermGen       total 54272K, used 53988K [0x00000006c2600000, 0x00000006c5b00000, 0x00000006c7800000)
  object space 54272K, 99% used [0x00000006c2600000,0x00000006c5ab9240,0x00000006c5b00000)
}
Event: 195.275 GC heap before
{Heap before GC invocations=31 (full 0):
 PSYoungGen      total 68096K, used 47264K [0x0000000797d00000, 0x000000079d880000, 0x0000000800000000)
  eden space 46592K, 100% used [0x0000000797d00000,0x000000079aa80000,0x000000079aa80000)
  from space 21504K, 3% used [0x000000079c380000,0x000000079c428000,0x000000079d880000)
  to   space 23552K, 0% used [0x000000079aa80000,0x000000079aa80000,0x000000079c180000)
 ParOldGen       total 175104K, used 106115K [0x00000006c7800000, 0x00000006d2300000, 0x0000000797d00000)
  object space 175104K, 60% used [0x00000006c7800000,0x00000006cdfa0de8,0x00000006d2300000)
 PSPermGen       total 54272K, used 54146K [0x00000006c2600000, 0x00000006c5b00000, 0x00000006c7800000)
  object space 54272K, 99% used [0x00000006c2600000,0x00000006c5ae08d8,0x00000006c5b00000)
Event: 195.278 GC heap after
Heap after GC invocations=31 (full 0):
 PSYoungGen      total 47616K, used 1088K [0x0000000797d00000, 0x000000079d500000, 0x0000000800000000)
  eden space 46080K, 0% used [0x0000000797d00000,0x0000000797d00000,0x000000079aa00000)
  from space 1536K, 70% used [0x000000079aa80000,0x000000079ab90020,0x000000079ac00000)
  to   space 22016K, 0% used [0x000000079bf80000,0x000000079bf80000,0x000000079d500000)
 ParOldGen       total 175104K, used 106467K [0x00000006c7800000, 0x00000006d2300000, 0x0000000797d00000)
  object space 175104K, 60% used [0x00000006c7800000,0x00000006cdff8df8,0x00000006d2300000)
 PSPermGen       total 54272K, used 54146K [0x00000006c2600000, 0x00000006c5b00000, 0x00000006c7800000)
  object space 54272K, 99% used [0x00000006c2600000,0x00000006c5ae08d8,0x00000006c5b00000)
}
Event: 200.541 GC heap before
{Heap before GC invocations=32 (full 0):
 PSYoungGen      total 47616K, used 47168K [0x0000000797d00000, 0x000000079d500000, 0x0000000800000000)
  eden space 46080K, 100% used [0x0000000797d00000,0x000000079aa00000,0x000000079aa00000)
  from space 1536K, 70% used [0x000000079aa80000,0x000000079ab90020,0x000000079ac00000)
  to   space 22016K, 0% used [0x000000079bf80000,0x000000079bf80000,0x000000079d500000)
 ParOldGen       total 175104K, used 106467K [0x00000006c7800000, 0x00000006d2300000, 0x0000000797d00000)
  object space 175104K, 60% used [0x00000006c7800000,0x00000006cdff8df8,0x00000006d2300000)
 PSPermGen       total 54272K, used 54244K [0x00000006c2600000, 0x00000006c5b00000, 0x00000006c7800000)
  object space 54272K, 99% used [0x00000006c2600000,0x00000006c5af9308,0x00000006c5b00000)
Event: 200.544 GC heap after
Heap after GC invocations=32 (full 0):
 PSYoungGen      total 66048K, used 1376K [0x0000000797d00000, 0x000000079d280000, 0x0000000800000000)
  eden space 46592K, 0% used [0x0000000797d00000,0x0000000797d00000,0x000000079aa80000)
  from space 19456K, 7% used [0x000000079bf80000,0x000000079c0d8010,0x000000079d280000)
  to   space 20480K, 0% used [0x000000079aa80000,0x000000079aa80000,0x000000079be80000)
 ParOldGen       total 175104K, used 107009K [0x00000006c7800000, 0x00000006d2300000, 0x0000000797d00000)
  object space 175104K, 61% used [0x00000006c7800000,0x00000006ce080678,0x00000006d2300000)
 PSPermGen       total 54272K, used 54244K [0x00000006c2600000, 0x00000006c5b00000, 0x00000006c7800000)
  object space 54272K, 99% used [0x00000006c2600000,0x00000006c5af9308,0x00000006c5b00000)
}
Event: 208.290 GC heap before
{Heap before GC invocations=33 (full 0):
 PSYoungGen      total 66048K, used 47968K [0x0000000797d00000, 0x000000079d280000, 0x0000000800000000)
  eden space 46592K, 100% used [0x0000000797d00000,0x000000079aa80000,0x000000079aa80000)
  from space 19456K, 7% used [0x000000079bf80000,0x000000079c0d8010,0x000000079d280000)
  to   space 20480K, 0% used [0x000000079aa80000,0x000000079aa80000,0x000000079be80000)
 ParOldGen       total 175104K, used 107009K [0x00000006c7800000, 0x00000006d2300000, 0x0000000797d00000)
  object space 175104K, 61% used [0x00000006c7800000,0x00000006ce080678,0x00000006d2300000)
 PSPermGen       total 54784K, used 54307K [0x00000006c2600000, 0x00000006c5b80000, 0x00000006c7800000)
  object space 54784K, 99% used [0x00000006c2600000,0x00000006c5b08de8,0x00000006c5b80000)
Event: 208.292 GC heap after
Heap after GC invocations=33 (full 0):
 PSYoungGen      total 67072K, used 192K [0x0000000797d00000, 0x000000079d280000, 0x0000000800000000)
  eden space 46592K, 0% used [0x0000000797d00000,0x0000000797d00000,0x000000079aa80000)
  from space 20480K, 0% used [0x000000079aa80000,0x000000079aab0000,0x000000079be80000)
  to   space 19456K, 0% used [0x000000079bf80000,0x000000079bf80000,0x000000079d280000)
 ParOldGen       total 175104K, used 107707K [0x00000006c7800000, 0x00000006d2300000, 0x0000000797d00000)
  object space 175104K, 61% used [0x00000006c7800000,0x00000006ce12ecd8,0x00000006d2300000)
 PSPermGen       total 54784K, used 54307K [0x00000006c2600000, 0x00000006c5b80000, 0x00000006c7800000)
  object space 54784K, 99% used [0x00000006c2600000,0x00000006c5b08de8,0x00000006c5b80000)
}

