# JRE version: Java(TM) SE Runtime Environment (7.0_45-b18) (build 1.7.0_45-b18)
# Java VM: Java HotSpot(TM) 64-Bit Server VM (24.45-b08 mixed mode linux-amd64 compressed oops)
Heap
 PSYoungGen      total 464384K, used 315399K [0x0000000759500000, 0x0000000784600000, 0x0000000800000000)
  eden space 262144K, 95% used [0x0000000759500000,0x0000000768a82ed0,0x0000000769500000)
  from space 202240K, 31% used [0x0000000778080000,0x000000077befed78,0x0000000784600000)
  to   space 221696K, 0% used [0x0000000769500000,0x0000000769500000,0x0000000776d80000)
 ParOldGen       total 2120192K, used 1758543K [0x000000060c000000, 0x000000068d680000, 0x0000000759500000)
  object space 2120192K, 82% used [0x000000060c000000,0x0000000677553f98,0x000000068d680000)
 PSPermGen       total 71168K, used 57046K [0x0000000606e00000, 0x000000060b380000, 0x000000060c000000)
  object space 71168K, 80% used [0x0000000606e00000,0x000000060a5b58e0,0x000000060b380000)
GC Heap History (10 events):
Event: 330.889 GC heap before
{Heap before GC invocations=21 (full 7):
 PSYoungGen      total 430080K, used 194560K [0x0000000759500000, 0x0000000784f00000, 0x0000000800000000)
  eden space 194560K, 100% used [0x0000000759500000,0x0000000765300000,0x0000000765300000)
  from space 235520K, 0% used [0x0000000774900000,0x0000000774900000,0x0000000782f00000)
  to   space 251904K, 0% used [0x0000000765300000,0x0000000765300000,0x0000000774900000)
 ParOldGen       total 1944576K, used 1885466K [0x000000060c000000, 0x0000000682b00000, 0x0000000759500000)
  object space 1944576K, 96% used [0x000000060c000000,0x000000067f1468e8,0x0000000682b00000)
 PSPermGen       total 74752K, used 41014K [0x0000000606e00000, 0x000000060b700000, 0x000000060c000000)
  object space 74752K, 54% used [0x0000000606e00000,0x000000060960db98,0x000000060b700000)
Event: 331.034 GC heap after
Heap after GC invocations=21 (full 7):
 PSYoungGen      total 430080K, used 0K [0x0000000759500000, 0x0000000784f00000, 0x0000000800000000)
  eden space 194560K, 0% used [0x0000000759500000,0x0000000759500000,0x0000000765300000)
  from space 235520K, 0% used [0x0000000774900000,0x0000000774900000,0x0000000782f00000)
  to   space 251904K, 0% used [0x0000000765300000,0x0000000765300000,0x0000000774900000)
 ParOldGen       total 2120192K, used 1631086K [0x000000060c000000, 0x000000068d680000, 0x0000000759500000)
  object space 2120192K, 76% used [0x000000060c000000,0x000000066f8dba00,0x000000068d680000)
 PSPermGen       total 71168K, used 41014K [0x0000000606e00000, 0x000000060b380000, 0x000000060c000000)
  object space 71168K, 57% used [0x0000000606e00000,0x000000060960db98,0x000000060b380000)
}
Event: 345.253 GC heap before
{Heap before GC invocations=22 (full 7):
 PSYoungGen      total 430080K, used 194560K [0x0000000759500000, 0x0000000784f00000, 0x0000000800000000)
  eden space 194560K, 100% used [0x0000000759500000,0x0000000765300000,0x0000000765300000)
  from space 235520K, 0% used [0x0000000774900000,0x0000000774900000,0x0000000782f00000)
  to   space 251904K, 0% used [0x0000000765300000,0x0000000765300000,0x0000000774900000)
 ParOldGen       total 2120192K, used 1758535K [0x000000060c000000, 0x000000068d680000, 0x0000000759500000)
  object space 2120192K, 82% used [0x000000060c000000,0x0000000677551f98,0x000000068d680000)
 PSPermGen       total 71168K, used 41021K [0x0000000606e00000, 0x000000060b380000, 0x000000060c000000)
  object space 71168K, 57% used [0x0000000606e00000,0x000000060960f510,0x000000060b380000)
Event: 345.257 GC heap after
Heap after GC invocations=22 (full 7):
 PSYoungGen      total 446464K, used 1344K [0x0000000759500000, 0x0000000787280000, 0x0000000800000000)
  eden space 194560K, 0% used [0x0000000759500000,0x0000000759500000,0x0000000765300000)
  from space 251904K, 0% used [0x0000000765300000,0x0000000765450000,0x0000000774900000)
  to   space 252416K, 0% used [0x0000000777c00000,0x0000000777c00000,0x0000000787280000)
 ParOldGen       total 2120192K, used 1758535K [0x000000060c000000, 0x000000068d680000, 0x0000000759500000)
  object space 2120192K, 82% used [0x000000060c000000,0x0000000677551f98,0x000000068d680000)
 PSPermGen       total 71168K, used 41021K [0x0000000606e00000, 0x000000060b380000, 0x000000060c000000)
  object space 71168K, 57% used [0x0000000606e00000,0x000000060960f510,0x000000060b380000)
}
Event: 351.223 GC heap before
{Heap before GC invocations=23 (full 7):
 PSYoungGen      total 446464K, used 195904K [0x0000000759500000, 0x0000000787280000, 0x0000000800000000)
  eden space 194560K, 100% used [0x0000000759500000,0x0000000765300000,0x0000000765300000)
  from space 251904K, 0% used [0x0000000765300000,0x0000000765450000,0x0000000774900000)
  to   space 252416K, 0% used [0x0000000777c00000,0x0000000777c00000,0x0000000787280000)
 ParOldGen       total 2120192K, used 1758535K [0x000000060c000000, 0x000000068d680000, 0x0000000759500000)
  object space 2120192K, 82% used [0x000000060c000000,0x0000000677551f98,0x000000068d680000)
 PSPermGen       total 71168K, used 41021K [0x0000000606e00000, 0x000000060b380000, 0x000000060c000000)
  object space 71168K, 57% used [0x0000000606e00000,0x000000060960f510,0x000000060b380000)
Event: 351.227 GC heap after
Heap after GC invocations=23 (full 7):
 PSYoungGen      total 477184K, used 1792K [0x0000000759500000, 0x0000000786580000, 0x0000000800000000)
  eden space 238080K, 0% used [0x0000000759500000,0x0000000759500000,0x0000000767d80000)
  from space 239104K, 0% used [0x0000000777c00000,0x0000000777dc0000,0x0000000786580000)
  to   space 249856K, 0% used [0x0000000767d80000,0x0000000767d80000,0x0000000777180000)
 ParOldGen       total 2120192K, used 1758535K [0x000000060c000000, 0x000000068d680000, 0x0000000759500000)
  object space 2120192K, 82% used [0x000000060c000000,0x0000000677551f98,0x000000068d680000)
 PSPermGen       total 71168K, used 41021K [0x0000000606e00000, 0x000000060b380000, 0x000000060c000000)
  object space 71168K, 57% used [0x0000000606e00000,0x000000060960f510,0x000000060b380000)
}
Event: 355.059 GC heap before
{Heap before GC invocations=24 (full 7):
 PSYoungGen      total 477184K, used 239872K [0x0000000759500000, 0x0000000786580000, 0x0000000800000000)
  eden space 238080K, 100% used [0x0000000759500000,0x0000000767d80000,0x0000000767d80000)
  from space 239104K, 0% used [0x0000000777c00000,0x0000000777dc0000,0x0000000786580000)
  to   space 249856K, 0% used [0x0000000767d80000,0x0000000767d80000,0x0000000777180000)
 ParOldGen       total 2120192K, used 1758535K [0x000000060c000000, 0x000000068d680000, 0x0000000759500000)
  object space 2120192K, 82% used [0x000000060c000000,0x0000000677551f98,0x000000068d680000)
 PSPermGen       total 71168K, used 42825K [0x0000000606e00000, 0x000000060b380000, 0x000000060c000000)
  object space 71168K, 60% used [0x0000000606e00000,0x00000006097d25e8,0x000000060b380000)
Event: 355.074 GC heap after
Heap after GC invocations=24 (full 7):
 PSYoungGen      total 487936K, used 60044K [0x0000000759500000, 0x0000000786680000, 0x0000000800000000)
  eden space 238080K, 0% used [0x0000000759500000,0x0000000759500000,0x0000000767d80000)
  from space 249856K, 24% used [0x0000000767d80000,0x000000076b823038,0x0000000777180000)
  to   space 235520K, 0% used [0x0000000778080000,0x0000000778080000,0x0000000786680000)
 ParOldGen       total 2120192K, used 1758535K [0x000000060c000000, 0x000000068d680000, 0x0000000759500000)
  object space 2120192K, 82% used [0x000000060c000000,0x0000000677551f98,0x000000068d680000)
 PSPermGen       total 71168K, used 42825K [0x0000000606e00000, 0x000000060b380000, 0x000000060c000000)
  object space 71168K, 60% used [0x0000000606e00000,0x00000006097d25e8,0x000000060b380000)
}
Event: 1734.098 GC heap before
{Heap before GC invocations=25 (full 7):
 PSYoungGen      total 487936K, used 298124K [0x0000000759500000, 0x0000000786680000, 0x0000000800000000)
  eden space 238080K, 100% used [0x0000000759500000,0x0000000767d80000,0x0000000767d80000)
  from space 249856K, 24% used [0x0000000767d80000,0x000000076b823038,0x0000000777180000)
  to   space 235520K, 0% used [0x0000000778080000,0x0000000778080000,0x0000000786680000)
 ParOldGen       total 2120192K, used 1758535K [0x000000060c000000, 0x000000068d680000, 0x0000000759500000)
  object space 2120192K, 82% used [0x000000060c000000,0x0000000677551f98,0x000000068d680000)
 PSPermGen       total 71168K, used 54358K [0x0000000606e00000, 0x000000060b380000, 0x000000060c000000)
  object space 71168K, 76% used [0x0000000606e00000,0x000000060a315a38,0x000000060b380000)
Event: 1734.121 GC heap after
Heap after GC invocations=25 (full 7):
 PSYoungGen      total 464384K, used 63995K [0x0000000759500000, 0x0000000784600000, 0x0000000800000000)
  eden space 262144K, 0% used [0x0000000759500000,0x0000000759500000,0x0000000769500000)
  from space 202240K, 31% used [0x0000000778080000,0x000000077befed78,0x0000000784600000)
  to   space 221696K, 0% used [0x0000000769500000,0x0000000769500000,0x0000000776d80000)
 ParOldGen       total 2120192K, used 1758543K [0x000000060c000000, 0x000000068d680000, 0x0000000759500000)
  object space 2120192K, 82% used [0x000000060c000000,0x0000000677553f98,0x000000068d680000)
 PSPermGen       total 71168K, used 54358K [0x0000000606e00000, 0x000000060b380000, 0x000000060c000000)
  object space 71168K, 76% used [0x0000000606e00000,0x000000060a315a38,0x000000060b380000)
}

