# JRE version: Java(TM) SE Runtime Environment (7.0_45-b18) (build 1.7.0_45-b18)
# Java VM: Java HotSpot(TM) 64-Bit Server VM (24.45-b08 mixed mode linux-amd64 compressed oops)
Heap
 PSYoungGen      total 350208K, used 260147K [0x0000000797d00000, 0x00000007b3480000, 0x0000000800000000)
  eden space 344576K, 73% used [0x0000000797d00000,0x00000007a7594718,0x00000007acd80000)
  from space 5632K, 99% used [0x00000007b2b80000,0x00000007b30f8828,0x00000007b3100000)
  to   space 3584K, 0% used [0x00000007b3100000,0x00000007b3100000,0x00000007b3480000)
 ParOldGen       total 448000K, used 69521K [0x00000006c7800000, 0x00000006e2d80000, 0x0000000797d00000)
  object space 448000K, 15% used [0x00000006c7800000,0x00000006cbbe4580,0x00000006e2d80000)
 PSPermGen       total 54272K, used 54117K [0x00000006c2600000, 0x00000006c5b00000, 0x00000006c7800000)
  object space 54272K, 99% used [0x00000006c2600000,0x00000006c5ad9408,0x00000006c5b00000)
GC Heap History (10 events):
Event: 16416.280 GC heap before
{Heap before GC invocations=544 (full 208):
 PSYoungGen      total 361984K, used 359424K [0x0000000797d00000, 0x00000007b3680000, 0x0000000800000000)
  eden space 359424K, 100% used [0x0000000797d00000,0x00000007adc00000,0x00000007adc00000)
  from space 2560K, 0% used [0x00000007b3400000,0x00000007b3400000,0x00000007b3680000)
  to   space 5632K, 0% used [0x00000007b2b80000,0x00000007b2b80000,0x00000007b3100000)
 ParOldGen       total 3299840K, used 3289689K [0x00000006c7800000, 0x0000000790e80000, 0x0000000797d00000)
  object space 3299840K, 99% used [0x00000006c7800000,0x0000000790496568,0x0000000790e80000)
 PSPermGen       total 41472K, used 40993K [0x00000006c2600000, 0x00000006c4e80000, 0x00000006c7800000)
  object space 41472K, 98% used [0x00000006c2600000,0x00000006c4e085d0,0x00000006c4e80000)
Event: 16416.372 GC heap after
Heap after GC invocations=544 (full 208):
 PSYoungGen      total 361984K, used 0K [0x0000000797d00000, 0x00000007b3680000, 0x0000000800000000)
  eden space 359424K, 0% used [0x0000000797d00000,0x0000000797d00000,0x00000007adc00000)
  from space 2560K, 0% used [0x00000007b3400000,0x00000007b3400000,0x00000007b3680000)
  to   space 5632K, 0% used [0x00000007b2b80000,0x00000007b2b80000,0x00000007b3100000)
 ParOldGen       total 3108352K, used 2717489K [0x00000006c7800000, 0x0000000785380000, 0x0000000797d00000)
  object space 3108352K, 87% used [0x00000006c7800000,0x000000076d5cc528,0x0000000785380000)
 PSPermGen       total 41472K, used 40993K [0x00000006c2600000, 0x00000006c4e80000, 0x00000006c7800000)
  object space 41472K, 98% used [0x00000006c2600000,0x00000006c4e085d0,0x00000006c4e80000)
}
Event: 16471.034 GC heap before
{Heap before GC invocations=545 (full 209):
 PSYoungGen      total 361984K, used 359424K [0x0000000797d00000, 0x00000007b3680000, 0x0000000800000000)
  eden space 359424K, 100% used [0x0000000797d00000,0x00000007adc00000,0x00000007adc00000)
  from space 2560K, 0% used [0x00000007b3400000,0x00000007b3400000,0x00000007b3680000)
  to   space 5632K, 0% used [0x00000007b2b80000,0x00000007b2b80000,0x00000007b3100000)
 ParOldGen       total 3108352K, used 3098949K [0x00000006c7800000, 0x0000000785380000, 0x0000000797d00000)
  object space 3108352K, 99% used [0x00000006c7800000,0x0000000784a517d8,0x0000000785380000)
 PSPermGen       total 41472K, used 40993K [0x00000006c2600000, 0x00000006c4e80000, 0x00000006c7800000)
  object space 41472K, 98% used [0x00000006c2600000,0x00000006c4e085f0,0x00000006c4e80000)
Event: 16471.124 GC heap after
Heap after GC invocations=545 (full 209):
 PSYoungGen      total 361984K, used 0K [0x0000000797d00000, 0x00000007b3680000, 0x0000000800000000)
  eden space 359424K, 0% used [0x0000000797d00000,0x0000000797d00000,0x00000007adc00000)
  from space 2560K, 0% used [0x00000007b3400000,0x00000007b3400000,0x00000007b3680000)
  to   space 5632K, 0% used [0x00000007b2b80000,0x00000007b2b80000,0x00000007b3100000)
 ParOldGen       total 3107840K, used 2717497K [0x00000006c7800000, 0x0000000785300000, 0x0000000797d00000)
  object space 3107840K, 87% used [0x00000006c7800000,0x000000076d5ce7d0,0x0000000785300000)
 PSPermGen       total 41472K, used 40993K [0x00000006c2600000, 0x00000006c4e80000, 0x00000006c7800000)
  object space 41472K, 98% used [0x00000006c2600000,0x00000006c4e085d0,0x00000006c4e80000)
}
Event: 16525.379 GC heap before
{Heap before GC invocations=546 (full 210):
 PSYoungGen      total 361984K, used 359424K [0x0000000797d00000, 0x00000007b3680000, 0x0000000800000000)
  eden space 359424K, 100% used [0x0000000797d00000,0x00000007adc00000,0x00000007adc00000)
  from space 2560K, 0% used [0x00000007b3400000,0x00000007b3400000,0x00000007b3680000)
  to   space 5632K, 0% used [0x00000007b2b80000,0x00000007b2b80000,0x00000007b3100000)
 ParOldGen       total 3107840K, used 3098958K [0x00000006c7800000, 0x0000000785300000, 0x0000000797d00000)
  object space 3107840K, 99% used [0x00000006c7800000,0x0000000784a53a80,0x0000000785300000)
 PSPermGen       total 41472K, used 40993K [0x00000006c2600000, 0x00000006c4e80000, 0x00000006c7800000)
  object space 41472K, 98% used [0x00000006c2600000,0x00000006c4e085d0,0x00000006c4e80000)
Event: 16525.465 GC heap after
Heap after GC invocations=546 (full 210):
 PSYoungGen      total 361984K, used 0K [0x0000000797d00000, 0x00000007b3680000, 0x0000000800000000)
  eden space 359424K, 0% used [0x0000000797d00000,0x0000000797d00000,0x00000007adc00000)
  from space 2560K, 0% used [0x00000007b3400000,0x00000007b3400000,0x00000007b3680000)
  to   space 5632K, 0% used [0x00000007b2b80000,0x00000007b2b80000,0x00000007b3100000)
 ParOldGen       total 3107840K, used 2717489K [0x00000006c7800000, 0x0000000785300000, 0x0000000797d00000)
  object space 3107840K, 87% used [0x00000006c7800000,0x000000076d5cc6a8,0x0000000785300000)
 PSPermGen       total 41472K, used 40993K [0x00000006c2600000, 0x00000006c4e80000, 0x00000006c7800000)
  object space 41472K, 98% used [0x00000006c2600000,0x00000006c4e085d0,0x00000006c4e80000)
}
Event: 16575.182 GC heap before
{Heap before GC invocations=547 (full 211):
 PSYoungGen      total 361984K, used 359423K [0x0000000797d00000, 0x00000007b3680000, 0x0000000800000000)
  eden space 359424K, 99% used [0x0000000797d00000,0x00000007adbfff88,0x00000007adc00000)
  from space 2560K, 0% used [0x00000007b3400000,0x00000007b3400000,0x00000007b3680000)
  to   space 5632K, 0% used [0x00000007b2b80000,0x00000007b2b80000,0x00000007b3100000)
 ParOldGen       total 3107840K, used 3098950K [0x00000006c7800000, 0x0000000785300000, 0x0000000797d00000)
  object space 3107840K, 99% used [0x00000006c7800000,0x0000000784a51958,0x0000000785300000)
 PSPermGen       total 41984K, used 41549K [0x00000006c2600000, 0x00000006c4f00000, 0x00000006c7800000)
  object space 41984K, 98% used [0x00000006c2600000,0x00000006c4e93680,0x00000006c4f00000)
Event: 16575.343 GC heap after
Heap after GC invocations=547 (full 211):
 PSYoungGen      total 361984K, used 0K [0x0000000797d00000, 0x00000007b3680000, 0x0000000800000000)
  eden space 359424K, 0% used [0x0000000797d00000,0x0000000797d00000,0x00000007adc00000)
  from space 2560K, 0% used [0x00000007b3400000,0x00000007b3400000,0x00000007b3680000)
  to   space 5632K, 0% used [0x00000007b2b80000,0x00000007b2b80000,0x00000007b3100000)
 ParOldGen       total 448000K, used 57792K [0x00000006c7800000, 0x00000006e2d80000, 0x0000000797d00000)
  object space 448000K, 12% used [0x00000006c7800000,0x00000006cb070008,0x00000006e2d80000)
 PSPermGen       total 41984K, used 41549K [0x00000006c2600000, 0x00000006c4f00000, 0x00000006c7800000)
  object space 41984K, 98% used [0x00000006c2600000,0x00000006c4e93658,0x00000006c4f00000)
}
Event: 38314.651 GC heap before
{Heap before GC invocations=548 (full 211):
 PSYoungGen      total 361984K, used 359424K [0x0000000797d00000, 0x00000007b3680000, 0x0000000800000000)
  eden space 359424K, 100% used [0x0000000797d00000,0x00000007adc00000,0x00000007adc00000)
  from space 2560K, 0% used [0x00000007b3400000,0x00000007b3400000,0x00000007b3680000)
  to   space 5632K, 0% used [0x00000007b2b80000,0x00000007b2b80000,0x00000007b3100000)
 ParOldGen       total 448000K, used 57792K [0x00000006c7800000, 0x00000006e2d80000, 0x0000000797d00000)
  object space 448000K, 12% used [0x00000006c7800000,0x00000006cb070008,0x00000006e2d80000)
 PSPermGen       total 54272K, used 53826K [0x00000006c2600000, 0x00000006c5b00000, 0x00000006c7800000)
  object space 54272K, 99% used [0x00000006c2600000,0x00000006c5a90b90,0x00000006c5b00000)
Event: 38314.659 GC heap after
Heap after GC invocations=548 (full 211):
 PSYoungGen      total 350208K, used 5602K [0x0000000797d00000, 0x00000007b3480000, 0x0000000800000000)
  eden space 344576K, 0% used [0x0000000797d00000,0x0000000797d00000,0x00000007acd80000)
  from space 5632K, 99% used [0x00000007b2b80000,0x00000007b30f8828,0x00000007b3100000)
  to   space 3584K, 0% used [0x00000007b3100000,0x00000007b3100000,0x00000007b3480000)
 ParOldGen       total 448000K, used 69521K [0x00000006c7800000, 0x00000006e2d80000, 0x0000000797d00000)
  object space 448000K, 15% used [0x00000006c7800000,0x00000006cbbe4580,0x00000006e2d80000)
 PSPermGen       total 54272K, used 53826K [0x00000006c2600000, 0x00000006c5b00000, 0x00000006c7800000)
  object space 54272K, 99% used [0x00000006c2600000,0x00000006c5a90b90,0x00000006c5b00000)
}

