# JRE version: Java(TM) SE Runtime Environment (7.0_45-b18) (build 1.7.0_45-b18)
# Java VM: Java HotSpot(TM) 64-Bit Server VM (24.45-b08 mixed mode linux-amd64 compressed oops)
Heap
 PSYoungGen      total 47104K, used 17564K [0x00000000eb280000, 0x00000000f3a00000, 0x0000000100000000)
  eden space 45568K, 36% used [0x00000000eb280000,0x00000000ec2a4ee0,0x00000000edf00000)
  from space 1536K, 67% used [0x00000000edf80000,0x00000000ee082480,0x00000000ee100000)
  to   space 46592K, 0% used [0x00000000f0c80000,0x00000000f0c80000,0x00000000f3a00000)
 ParOldGen       total 175104K, used 96205K [0x00000000c1800000, 0x00000000cc300000, 0x00000000eb280000)
  object space 175104K, 54% used [0x00000000c1800000,0x00000000c75f34a8,0x00000000cc300000)
 PSPermGen       total 51712K, used 51571K [0x00000000bc600000, 0x00000000bf880000, 0x00000000c1800000)
  object space 51712K, 99% used [0x00000000bc600000,0x00000000bf85ce48,0x00000000bf880000)
GC Heap History (10 events):
Event: 1554.513 GC heap before
{Heap before GC invocations=13 (full 0):
 PSYoungGen      total 98816K, used 50889K [0x00000000eb280000, 0x00000000f4500000, 0x0000000100000000)
  eden space 48640K, 100% used [0x00000000eb280000,0x00000000ee200000,0x00000000ee200000)
  from space 50176K, 4% used [0x00000000f1400000,0x00000000f16324d0,0x00000000f4500000)
  to   space 50688K, 0% used [0x00000000ee200000,0x00000000ee200000,0x00000000f1380000)
 ParOldGen       total 175104K, used 93335K [0x00000000c1800000, 0x00000000cc300000, 0x00000000eb280000)
  object space 175104K, 53% used [0x00000000c1800000,0x00000000c7325fc0,0x00000000cc300000)
 PSPermGen       total 51712K, used 51368K [0x00000000bc600000, 0x00000000bf880000, 0x00000000c1800000)
  object space 51712K, 99% used [0x00000000bc600000,0x00000000bf82a288,0x00000000bf880000)
Event: 1554.515 GC heap after
Heap after GC invocations=13 (full 0):
 PSYoungGen      total 48640K, used 630K [0x00000000eb280000, 0x00000000f4400000, 0x0000000100000000)
  eden space 47616K, 0% used [0x00000000eb280000,0x00000000eb280000,0x00000000ee100000)
  from space 1024K, 61% used [0x00000000ee200000,0x00000000ee29dbc0,0x00000000ee300000)
  to   space 50688K, 0% used [0x00000000f1280000,0x00000000f1280000,0x00000000f4400000)
 ParOldGen       total 175104K, used 94911K [0x00000000c1800000, 0x00000000cc300000, 0x00000000eb280000)
  object space 175104K, 54% used [0x00000000c1800000,0x00000000c74afcc8,0x00000000cc300000)
 PSPermGen       total 51712K, used 51368K [0x00000000bc600000, 0x00000000bf880000, 0x00000000c1800000)
  object space 51712K, 99% used [0x00000000bc600000,0x00000000bf82a288,0x00000000bf880000)
}
Event: 1567.358 GC heap before
{Heap before GC invocations=14 (full 0):
 PSYoungGen      total 48640K, used 48246K [0x00000000eb280000, 0x00000000f4400000, 0x0000000100000000)
  eden space 47616K, 100% used [0x00000000eb280000,0x00000000ee100000,0x00000000ee100000)
  from space 1024K, 61% used [0x00000000ee200000,0x00000000ee29dbc0,0x00000000ee300000)
  to   space 50688K, 0% used [0x00000000f1280000,0x00000000f1280000,0x00000000f4400000)
 ParOldGen       total 175104K, used 94911K [0x00000000c1800000, 0x00000000cc300000, 0x00000000eb280000)
  object space 175104K, 54% used [0x00000000c1800000,0x00000000c74afcc8,0x00000000cc300000)
 PSPermGen       total 51712K, used 51369K [0x00000000bc600000, 0x00000000bf880000, 0x00000000c1800000)
  object space 51712K, 99% used [0x00000000bc600000,0x00000000bf82a768,0x00000000bf880000)
Event: 1567.360 GC heap after
Heap after GC invocations=14 (full 0):
 PSYoungGen      total 96256K, used 448K [0x00000000eb280000, 0x00000000f4280000, 0x0000000100000000)
  eden space 47104K, 0% used [0x00000000eb280000,0x00000000eb280000,0x00000000ee080000)
  from space 49152K, 0% used [0x00000000f1280000,0x00000000f12f0000,0x00000000f4280000)
  to   space 50176K, 0% used [0x00000000ee080000,0x00000000ee080000,0x00000000f1180000)
 ParOldGen       total 175104K, used 95101K [0x00000000c1800000, 0x00000000cc300000, 0x00000000eb280000)
  object space 175104K, 54% used [0x00000000c1800000,0x00000000c74df448,0x00000000cc300000)
 PSPermGen       total 51712K, used 51369K [0x00000000bc600000, 0x00000000bf880000, 0x00000000c1800000)
  object space 51712K, 99% used [0x00000000bc600000,0x00000000bf82a768,0x00000000bf880000)
}
Event: 1577.680 GC heap before
{Heap before GC invocations=15 (full 0):
 PSYoungGen      total 96256K, used 47552K [0x00000000eb280000, 0x00000000f4280000, 0x0000000100000000)
  eden space 47104K, 100% used [0x00000000eb280000,0x00000000ee080000,0x00000000ee080000)
  from space 49152K, 0% used [0x00000000f1280000,0x00000000f12f0000,0x00000000f4280000)
  to   space 50176K, 0% used [0x00000000ee080000,0x00000000ee080000,0x00000000f1180000)
 ParOldGen       total 175104K, used 95101K [0x00000000c1800000, 0x00000000cc300000, 0x00000000eb280000)
  object space 175104K, 54% used [0x00000000c1800000,0x00000000c74df448,0x00000000cc300000)
 PSPermGen       total 51712K, used 51374K [0x00000000bc600000, 0x00000000bf880000, 0x00000000c1800000)
  object space 51712K, 99% used [0x00000000bc600000,0x00000000bf82b8f0,0x00000000bf880000)
Event: 1577.682 GC heap after
Heap after GC invocations=15 (full 0):
 PSYoungGen      total 47104K, used 480K [0x00000000eb280000, 0x00000000f4000000, 0x0000000100000000)
  eden space 46592K, 0% used [0x00000000eb280000,0x00000000eb280000,0x00000000ee000000)
  from space 512K, 93% used [0x00000000ee080000,0x00000000ee0f8000,0x00000000ee100000)
  to   space 49152K, 0% used [0x00000000f1000000,0x00000000f1000000,0x00000000f4000000)
 ParOldGen       total 175104K, used 95429K [0x00000000c1800000, 0x00000000cc300000, 0x00000000eb280000)
  object space 175104K, 54% used [0x00000000c1800000,0x00000000c7531448,0x00000000cc300000)
 PSPermGen       total 51712K, used 51374K [0x00000000bc600000, 0x00000000bf880000, 0x00000000c1800000)
  object space 51712K, 99% used [0x00000000bc600000,0x00000000bf82b8f0,0x00000000bf880000)
}
Event: 1592.021 GC heap before
{Heap before GC invocations=16 (full 0):
 PSYoungGen      total 47104K, used 47072K [0x00000000eb280000, 0x00000000f4000000, 0x0000000100000000)
  eden space 46592K, 100% used [0x00000000eb280000,0x00000000ee000000,0x00000000ee000000)
  from space 512K, 93% used [0x00000000ee080000,0x00000000ee0f8000,0x00000000ee100000)
  to   space 49152K, 0% used [0x00000000f1000000,0x00000000f1000000,0x00000000f4000000)
 ParOldGen       total 175104K, used 95429K [0x00000000c1800000, 0x00000000cc300000, 0x00000000eb280000)
  object space 175104K, 54% used [0x00000000c1800000,0x00000000c7531448,0x00000000cc300000)
 PSPermGen       total 51712K, used 51436K [0x00000000bc600000, 0x00000000bf880000, 0x00000000c1800000)
  object space 51712K, 99% used [0x00000000bc600000,0x00000000bf83b160,0x00000000bf880000)
Event: 1592.024 GC heap after
Heap after GC invocations=16 (full 0):
 PSYoungGen      total 92672K, used 1328K [0x00000000eb280000, 0x00000000f3d80000, 0x0000000100000000)
  eden space 46080K, 0% used [0x00000000eb280000,0x00000000eb280000,0x00000000edf80000)
  from space 46592K, 2% used [0x00000000f1000000,0x00000000f114c040,0x00000000f3d80000)
  to   space 48128K, 0% used [0x00000000edf80000,0x00000000edf80000,0x00000000f0e80000)
 ParOldGen       total 175104K, used 95637K [0x00000000c1800000, 0x00000000cc300000, 0x00000000eb280000)
  object space 175104K, 54% used [0x00000000c1800000,0x00000000c7565458,0x00000000cc300000)
 PSPermGen       total 51712K, used 51436K [0x00000000bc600000, 0x00000000bf880000, 0x00000000c1800000)
  object space 51712K, 99% used [0x00000000bc600000,0x00000000bf83b160,0x00000000bf880000)
}
Event: 1639.687 GC heap before
{Heap before GC invocations=17 (full 0):
 PSYoungGen      total 92672K, used 47408K [0x00000000eb280000, 0x00000000f3d80000, 0x0000000100000000)
  eden space 46080K, 100% used [0x00000000eb280000,0x00000000edf80000,0x00000000edf80000)
  from space 46592K, 2% used [0x00000000f1000000,0x00000000f114c040,0x00000000f3d80000)
  to   space 48128K, 0% used [0x00000000edf80000,0x00000000edf80000,0x00000000f0e80000)
 ParOldGen       total 175104K, used 95637K [0x00000000c1800000, 0x00000000cc300000, 0x00000000eb280000)
  object space 175104K, 54% used [0x00000000c1800000,0x00000000c7565458,0x00000000cc300000)
 PSPermGen       total 51712K, used 51482K [0x00000000bc600000, 0x00000000bf880000, 0x00000000c1800000)
  object space 51712K, 99% used [0x00000000bc600000,0x00000000bf846960,0x00000000bf880000)
Event: 1639.689 GC heap after
Heap after GC invocations=17 (full 0):
 PSYoungGen      total 47104K, used 1033K [0x00000000eb280000, 0x00000000f3a00000, 0x0000000100000000)
  eden space 45568K, 0% used [0x00000000eb280000,0x00000000eb280000,0x00000000edf00000)
  from space 1536K, 67% used [0x00000000edf80000,0x00000000ee082480,0x00000000ee100000)
  to   space 46592K, 0% used [0x00000000f0c80000,0x00000000f0c80000,0x00000000f3a00000)
 ParOldGen       total 175104K, used 96205K [0x00000000c1800000, 0x00000000cc300000, 0x00000000eb280000)
  object space 175104K, 54% used [0x00000000c1800000,0x00000000c75f34a8,0x00000000cc300000)
 PSPermGen       total 51712K, used 51482K [0x00000000bc600000, 0x00000000bf880000, 0x00000000c1800000)
  object space 51712K, 99% used [0x00000000bc600000,0x00000000bf846960,0x00000000bf880000)
}

