# JRE version: Java(TM) SE Runtime Environment (7.0_45-b18) (build 1.7.0_45-b18)
# Java VM: Java HotSpot(TM) 64-Bit Server VM (24.45-b08 mixed mode linux-amd64 compressed oops)
Heap
 PSYoungGen      total 82944K, used 34979K [0x0000000759500000, 0x0000000760600000, 0x0000000800000000)
  eden space 56832K, 15% used [0x0000000759500000,0x0000000759dbb738,0x000000075cc80000)
  from space 26112K, 99% used [0x000000075e880000,0x00000007601ed6f8,0x0000000760200000)
  to   space 28672K, 0% used [0x000000075cc80000,0x000000075cc80000,0x000000075e880000)
 ParOldGen       total 175104K, used 33290K [0x000000060c000000, 0x0000000616b00000, 0x0000000759500000)
  object space 175104K, 19% used [0x000000060c000000,0x000000060e082920,0x0000000616b00000)
 PSPermGen       total 54272K, used 53951K [0x0000000606e00000, 0x000000060a300000, 0x000000060c000000)
  object space 54272K, 99% used [0x0000000606e00000,0x000000060a2afe90,0x000000060a300000)
GC Heap History (10 events):
Event: 13.648 GC heap before
{Heap before GC invocations=6 (full 0):
 PSYoungGen      total 75264K, used 75252K [0x0000000759500000, 0x0000000760100000, 0x0000000800000000)
  eden space 64512K, 100% used [0x0000000759500000,0x000000075d400000,0x000000075d400000)
  from space 10752K, 99% used [0x000000075d580000,0x000000075dffd2f0,0x000000075e000000)
  to   space 23040K, 0% used [0x000000075ea80000,0x000000075ea80000,0x0000000760100000)
 ParOldGen       total 175104K, used 18014K [0x000000060c000000, 0x0000000616b00000, 0x0000000759500000)
  object space 175104K, 10% used [0x000000060c000000,0x000000060d197930,0x0000000616b00000)
 PSPermGen       total 50176K, used 49948K [0x0000000606e00000, 0x0000000609f00000, 0x000000060c000000)
  object space 50176K, 99% used [0x0000000606e00000,0x0000000609ec73c0,0x0000000609f00000)
Event: 13.659 GC heap after
Heap after GC invocations=6 (full 0):
 PSYoungGen      total 86016K, used 17361K [0x0000000759500000, 0x0000000760180000, 0x0000000800000000)
  eden space 62976K, 0% used [0x0000000759500000,0x0000000759500000,0x000000075d280000)
  from space 23040K, 75% used [0x000000075ea80000,0x000000075fb746c8,0x0000000760100000)
  to   space 24064K, 0% used [0x000000075d280000,0x000000075d280000,0x000000075ea00000)
 ParOldGen       total 175104K, used 18022K [0x000000060c000000, 0x0000000616b00000, 0x0000000759500000)
  object space 175104K, 10% used [0x000000060c000000,0x000000060d199930,0x0000000616b00000)
 PSPermGen       total 50176K, used 49948K [0x0000000606e00000, 0x0000000609f00000, 0x000000060c000000)
  object space 50176K, 99% used [0x0000000606e00000,0x0000000609ec73c0,0x0000000609f00000)
}
Event: 21.688 GC heap before
{Heap before GC invocations=7 (full 0):
 PSYoungGen      total 86016K, used 80337K [0x0000000759500000, 0x0000000760180000, 0x0000000800000000)
  eden space 62976K, 100% used [0x0000000759500000,0x000000075d280000,0x000000075d280000)
  from space 23040K, 75% used [0x000000075ea80000,0x000000075fb746c8,0x0000000760100000)
  to   space 24064K, 0% used [0x000000075d280000,0x000000075d280000,0x000000075ea00000)
 ParOldGen       total 175104K, used 18022K [0x000000060c000000, 0x0000000616b00000, 0x0000000759500000)
  object space 175104K, 10% used [0x000000060c000000,0x000000060d199930,0x0000000616b00000)
 PSPermGen       total 50688K, used 50299K [0x0000000606e00000, 0x0000000609f80000, 0x000000060c000000)
  object space 50688K, 99% used [0x0000000606e00000,0x0000000609f1ef28,0x0000000609f80000)
Event: 21.697 GC heap after
Heap after GC invocations=7 (full 0):
 PSYoungGen      total 79360K, used 17456K [0x0000000759500000, 0x0000000760100000, 0x0000000800000000)
  eden space 61440K, 0% used [0x0000000759500000,0x0000000759500000,0x000000075d100000)
  from space 17920K, 97% used [0x000000075d280000,0x000000075e38c2d0,0x000000075e400000)
  to   space 24576K, 0% used [0x000000075e900000,0x000000075e900000,0x0000000760100000)
 ParOldGen       total 175104K, used 20886K [0x000000060c000000, 0x0000000616b00000, 0x0000000759500000)
  object space 175104K, 11% used [0x000000060c000000,0x000000060d465af8,0x0000000616b00000)
 PSPermGen       total 50688K, used 50299K [0x0000000606e00000, 0x0000000609f80000, 0x000000060c000000)
  object space 50688K, 99% used [0x0000000606e00000,0x0000000609f1ef28,0x0000000609f80000)
}
Event: 37.882 GC heap before
{Heap before GC invocations=8 (full 0):
 PSYoungGen      total 79360K, used 78896K [0x0000000759500000, 0x0000000760100000, 0x0000000800000000)
  eden space 61440K, 100% used [0x0000000759500000,0x000000075d100000,0x000000075d100000)
  from space 17920K, 97% used [0x000000075d280000,0x000000075e38c2d0,0x000000075e400000)
  to   space 24576K, 0% used [0x000000075e900000,0x000000075e900000,0x0000000760100000)
 ParOldGen       total 175104K, used 20886K [0x000000060c000000, 0x0000000616b00000, 0x0000000759500000)
  object space 175104K, 11% used [0x000000060c000000,0x000000060d465af8,0x0000000616b00000)
 PSPermGen       total 50688K, used 50493K [0x0000000606e00000, 0x0000000609f80000, 0x000000060c000000)
  object space 50688K, 99% used [0x0000000606e00000,0x0000000609f4f6d8,0x0000000609f80000)
Event: 37.892 GC heap after
Heap after GC invocations=8 (full 0):
 PSYoungGen      total 83968K, used 17453K [0x0000000759500000, 0x0000000760000000, 0x0000000800000000)
  eden space 60416K, 0% used [0x0000000759500000,0x0000000759500000,0x000000075d000000)
  from space 23552K, 74% used [0x000000075e900000,0x000000075fa0b748,0x0000000760000000)
  to   space 24576K, 0% used [0x000000075d000000,0x000000075d000000,0x000000075e800000)
 ParOldGen       total 175104K, used 25565K [0x000000060c000000, 0x0000000616b00000, 0x0000000759500000)
  object space 175104K, 14% used [0x000000060c000000,0x000000060d8f76b8,0x0000000616b00000)
 PSPermGen       total 50688K, used 50493K [0x0000000606e00000, 0x0000000609f80000, 0x000000060c000000)
  object space 50688K, 99% used [0x0000000606e00000,0x0000000609f4f6d8,0x0000000609f80000)
}
Event: 74.170 GC heap before
{Heap before GC invocations=9 (full 0):
 PSYoungGen      total 83968K, used 77869K [0x0000000759500000, 0x0000000760000000, 0x0000000800000000)
  eden space 60416K, 100% used [0x0000000759500000,0x000000075d000000,0x000000075d000000)
  from space 23552K, 74% used [0x000000075e900000,0x000000075fa0b748,0x0000000760000000)
  to   space 24576K, 0% used [0x000000075d000000,0x000000075d000000,0x000000075e800000)
 ParOldGen       total 175104K, used 25565K [0x000000060c000000, 0x0000000616b00000, 0x0000000759500000)
  object space 175104K, 14% used [0x000000060c000000,0x000000060d8f76b8,0x0000000616b00000)
 PSPermGen       total 52224K, used 52217K [0x0000000606e00000, 0x000000060a100000, 0x000000060c000000)
  object space 52224K, 99% used [0x0000000606e00000,0x000000060a0fe4c8,0x000000060a100000)
Event: 74.178 GC heap after
Heap after GC invocations=9 (full 0):
 PSYoungGen      total 83968K, used 20026K [0x0000000759500000, 0x0000000760200000, 0x0000000800000000)
  eden space 59392K, 0% used [0x0000000759500000,0x0000000759500000,0x000000075cf00000)
  from space 24576K, 81% used [0x000000075d000000,0x000000075e38e980,0x000000075e800000)
  to   space 26112K, 0% used [0x000000075e880000,0x000000075e880000,0x0000000760200000)
 ParOldGen       total 175104K, used 32434K [0x000000060c000000, 0x0000000616b00000, 0x0000000759500000)
  object space 175104K, 18% used [0x000000060c000000,0x000000060dfacb30,0x0000000616b00000)
 PSPermGen       total 52224K, used 52217K [0x0000000606e00000, 0x000000060a100000, 0x000000060c000000)
  object space 52224K, 99% used [0x0000000606e00000,0x000000060a0fe4c8,0x000000060a100000)
}
Event: 253.305 GC heap before
{Heap before GC invocations=10 (full 0):
 PSYoungGen      total 83968K, used 79418K [0x0000000759500000, 0x0000000760200000, 0x0000000800000000)
  eden space 59392K, 100% used [0x0000000759500000,0x000000075cf00000,0x000000075cf00000)
  from space 24576K, 81% used [0x000000075d000000,0x000000075e38e980,0x000000075e800000)
  to   space 26112K, 0% used [0x000000075e880000,0x000000075e880000,0x0000000760200000)
 ParOldGen       total 175104K, used 32434K [0x000000060c000000, 0x0000000616b00000, 0x0000000759500000)
  object space 175104K, 18% used [0x000000060c000000,0x000000060dfacb30,0x0000000616b00000)
 PSPermGen       total 54272K, used 53922K [0x0000000606e00000, 0x000000060a300000, 0x000000060c000000)
  object space 54272K, 99% used [0x0000000606e00000,0x000000060a2a89c8,0x000000060a300000)
Event: 253.313 GC heap after
Heap after GC invocations=10 (full 0):
 PSYoungGen      total 82944K, used 26037K [0x0000000759500000, 0x0000000760600000, 0x0000000800000000)
  eden space 56832K, 0% used [0x0000000759500000,0x0000000759500000,0x000000075cc80000)
  from space 26112K, 99% used [0x000000075e880000,0x00000007601ed6f8,0x0000000760200000)
  to   space 28672K, 0% used [0x000000075cc80000,0x000000075cc80000,0x000000075e880000)
 ParOldGen       total 175104K, used 33290K [0x000000060c000000, 0x0000000616b00000, 0x0000000759500000)
  object space 175104K, 19% used [0x000000060c000000,0x000000060e082920,0x0000000616b00000)
 PSPermGen       total 54272K, used 53922K [0x0000000606e00000, 0x000000060a300000, 0x000000060c000000)
  object space 54272K, 99% used [0x0000000606e00000,0x000000060a2a89c8,0x000000060a300000)
}

