# JRE version: Java(TM) SE Runtime Environment (7.0_45-b18) (build 1.7.0_45-b18)
# Java VM: Java HotSpot(TM) 64-Bit Server VM (24.45-b08 mixed mode linux-amd64 compressed oops)
Heap
 PSYoungGen      total 483328K, used 95250K [0x0000000759500000, 0x0000000784480000, 0x0000000800000000)
  eden space 296448K, 32% used [0x0000000759500000,0x000000075f204b50,0x000000076b680000)
  from space 186880K, 0% used [0x000000076b680000,0x000000076b680000,0x0000000776d00000)
  to   space 188928K, 0% used [0x0000000778c00000,0x0000000778c00000,0x0000000784480000)
 ParOldGen       total 1357312K, used 703073K [0x000000060c000000, 0x000000065ed80000, 0x0000000759500000)
  object space 1357312K, 51% used [0x000000060c000000,0x0000000636e98498,0x000000065ed80000)
 PSPermGen       total 83968K, used 54746K [0x0000000606e00000, 0x000000060c000000, 0x000000060c000000)
  object space 83968K, 65% used [0x0000000606e00000,0x000000060a3768e8,0x000000060c000000)
GC Heap History (10 events):
Event: 209.209 GC heap before
{Heap before GC invocations=16 (full 3):
 PSYoungGen      total 464896K, used 74749K [0x0000000759500000, 0x000000077c200000, 0x0000000800000000)
  eden space 390144K, 0% used [0x0000000759500000,0x0000000759500000,0x0000000771200000)
  from space 74752K, 99% used [0x0000000771200000,0x0000000775aff470,0x0000000775b00000)
  to   space 87040K, 0% used [0x0000000776d00000,0x0000000776d00000,0x000000077c200000)
 ParOldGen       total 668672K, used 668359K [0x000000060c000000, 0x0000000634d00000, 0x0000000759500000)
  object space 668672K, 99% used [0x000000060c000000,0x0000000634cb1eb8,0x0000000634d00000)
 PSPermGen       total 83968K, used 54737K [0x0000000606e00000, 0x000000060c000000, 0x000000060c000000)
  object space 83968K, 65% used [0x0000000606e00000,0x000000060a374440,0x000000060c000000)
Event: 209.401 GC heap after
Heap after GC invocations=16 (full 3):
 PSYoungGen      total 464896K, used 74107K [0x0000000759500000, 0x000000077c200000, 0x0000000800000000)
  eden space 390144K, 0% used [0x0000000759500000,0x0000000759500000,0x0000000771200000)
  from space 74752K, 99% used [0x0000000771200000,0x0000000775a5ec08,0x0000000775b00000)
  to   space 87040K, 0% used [0x0000000776d00000,0x0000000776d00000,0x000000077c200000)
 ParOldGen       total 1061888K, used 668257K [0x000000060c000000, 0x000000064cd00000, 0x0000000759500000)
  object space 1061888K, 62% used [0x000000060c000000,0x0000000634c98708,0x000000064cd00000)
 PSPermGen       total 83968K, used 54737K [0x0000000606e00000, 0x000000060c000000, 0x000000060c000000)
  object space 83968K, 65% used [0x0000000606e00000,0x000000060a374440,0x000000060c000000)
}
Event: 209.660 GC heap before
{Heap before GC invocations=17 (full 3):
 PSYoungGen      total 464896K, used 321178K [0x0000000759500000, 0x000000077c200000, 0x0000000800000000)
  eden space 390144K, 63% used [0x0000000759500000,0x0000000768647cc8,0x0000000771200000)
  from space 74752K, 99% used [0x0000000771200000,0x0000000775a5ec08,0x0000000775b00000)
  to   space 87040K, 0% used [0x0000000776d00000,0x0000000776d00000,0x000000077c200000)
 ParOldGen       total 1061888K, used 668257K [0x000000060c000000, 0x000000064cd00000, 0x0000000759500000)
  object space 1061888K, 62% used [0x000000060c000000,0x0000000634c98708,0x000000064cd00000)
 PSPermGen       total 83968K, used 54737K [0x0000000606e00000, 0x000000060c000000, 0x000000060c000000)
  object space 83968K, 65% used [0x0000000606e00000,0x000000060a3747c0,0x000000060c000000)
Event: 209.757 GC heap after
Heap after GC invocations=17 (full 3):
 PSYoungGen      total 383488K, used 87023K [0x0000000759500000, 0x000000078a980000, 0x0000000800000000)
  eden space 296448K, 0% used [0x0000000759500000,0x0000000759500000,0x000000076b680000)
  from space 87040K, 99% used [0x0000000776d00000,0x000000077c1fbd28,0x000000077c200000)
  to   space 186880K, 0% used [0x000000076b680000,0x000000076b680000,0x0000000776d00000)
 ParOldGen       total 1061888K, used 898580K [0x000000060c000000, 0x000000064cd00000, 0x0000000759500000)
  object space 1061888K, 84% used [0x000000060c000000,0x0000000642d85060,0x000000064cd00000)
 PSPermGen       total 83968K, used 54737K [0x0000000606e00000, 0x000000060c000000, 0x000000060c000000)
  object space 83968K, 65% used [0x0000000606e00000,0x000000060a3747c0,0x000000060c000000)
}
Event: 209.757 GC heap before
{Heap before GC invocations=18 (full 4):
 PSYoungGen      total 383488K, used 87023K [0x0000000759500000, 0x000000078a980000, 0x0000000800000000)
  eden space 296448K, 0% used [0x0000000759500000,0x0000000759500000,0x000000076b680000)
  from space 87040K, 99% used [0x0000000776d00000,0x000000077c1fbd28,0x000000077c200000)
  to   space 186880K, 0% used [0x000000076b680000,0x000000076b680000,0x0000000776d00000)
 ParOldGen       total 1061888K, used 898580K [0x000000060c000000, 0x000000064cd00000, 0x0000000759500000)
  object space 1061888K, 84% used [0x000000060c000000,0x0000000642d85060,0x000000064cd00000)
 PSPermGen       total 83968K, used 54737K [0x0000000606e00000, 0x000000060c000000, 0x000000060c000000)
  object space 83968K, 65% used [0x0000000606e00000,0x000000060a3747c0,0x000000060c000000)
Event: 209.833 GC heap after
Heap after GC invocations=18 (full 4):
 PSYoungGen      total 383488K, used 0K [0x0000000759500000, 0x000000078a980000, 0x0000000800000000)
  eden space 296448K, 0% used [0x0000000759500000,0x0000000759500000,0x000000076b680000)
  from space 87040K, 0% used [0x0000000776d00000,0x0000000776d00000,0x000000077c200000)
  to   space 186880K, 0% used [0x000000076b680000,0x000000076b680000,0x0000000776d00000)
 ParOldGen       total 1518080K, used 985511K [0x000000060c000000, 0x0000000668a80000, 0x0000000759500000)
  object space 1518080K, 64% used [0x000000060c000000,0x0000000648269eb8,0x0000000668a80000)
 PSPermGen       total 83968K, used 54737K [0x0000000606e00000, 0x000000060c000000, 0x000000060c000000)
  object space 83968K, 65% used [0x0000000606e00000,0x000000060a3747a0,0x000000060c000000)
}
Event: 686.832 GC heap before
{Heap before GC invocations=19 (full 4):
 PSYoungGen      total 383488K, used 296448K [0x0000000759500000, 0x000000078a980000, 0x0000000800000000)
  eden space 296448K, 100% used [0x0000000759500000,0x000000076b680000,0x000000076b680000)
  from space 87040K, 0% used [0x0000000776d00000,0x0000000776d00000,0x000000077c200000)
  to   space 186880K, 0% used [0x000000076b680000,0x000000076b680000,0x0000000776d00000)
 ParOldGen       total 1518080K, used 1176242K [0x000000060c000000, 0x0000000668a80000, 0x0000000759500000)
  object space 1518080K, 77% used [0x000000060c000000,0x0000000653cac810,0x0000000668a80000)
 PSPermGen       total 83968K, used 54744K [0x0000000606e00000, 0x000000060c000000, 0x000000060c000000)
  object space 83968K, 65% used [0x0000000606e00000,0x000000060a3761d0,0x000000060c000000)
Event: 686.926 GC heap after
Heap after GC invocations=19 (full 4):
 PSYoungGen      total 483328K, used 100608K [0x0000000759500000, 0x0000000784480000, 0x0000000800000000)
  eden space 296448K, 0% used [0x0000000759500000,0x0000000759500000,0x000000076b680000)
  from space 186880K, 53% used [0x000000076b680000,0x00000007718c0380,0x0000000776d00000)
  to   space 188928K, 0% used [0x0000000778c00000,0x0000000778c00000,0x0000000784480000)
 ParOldGen       total 1518080K, used 1366972K [0x000000060c000000, 0x0000000668a80000, 0x0000000759500000)
  object space 1518080K, 90% used [0x000000060c000000,0x000000065f6ef168,0x0000000668a80000)
 PSPermGen       total 83968K, used 54744K [0x0000000606e00000, 0x000000060c000000, 0x000000060c000000)
  object space 83968K, 65% used [0x0000000606e00000,0x000000060a3761d0,0x000000060c000000)
}
Event: 686.926 GC heap before
{Heap before GC invocations=20 (full 5):
 PSYoungGen      total 483328K, used 100608K [0x0000000759500000, 0x0000000784480000, 0x0000000800000000)
  eden space 296448K, 0% used [0x0000000759500000,0x0000000759500000,0x000000076b680000)
  from space 186880K, 53% used [0x000000076b680000,0x00000007718c0380,0x0000000776d00000)
  to   space 188928K, 0% used [0x0000000778c00000,0x0000000778c00000,0x0000000784480000)
 ParOldGen       total 1518080K, used 1366972K [0x000000060c000000, 0x0000000668a80000, 0x0000000759500000)
  object space 1518080K, 90% used [0x000000060c000000,0x000000065f6ef168,0x0000000668a80000)
 PSPermGen       total 83968K, used 54744K [0x0000000606e00000, 0x000000060c000000, 0x000000060c000000)
  object space 83968K, 65% used [0x0000000606e00000,0x000000060a3761d0,0x000000060c000000)
Event: 687.052 GC heap after
Heap after GC invocations=20 (full 5):
 PSYoungGen      total 483328K, used 0K [0x0000000759500000, 0x0000000784480000, 0x0000000800000000)
  eden space 296448K, 0% used [0x0000000759500000,0x0000000759500000,0x000000076b680000)
  from space 186880K, 0% used [0x000000076b680000,0x000000076b680000,0x0000000776d00000)
  to   space 188928K, 0% used [0x0000000778c00000,0x0000000778c00000,0x0000000784480000)
 ParOldGen       total 1357312K, used 703073K [0x000000060c000000, 0x000000065ed80000, 0x0000000759500000)
  object space 1357312K, 51% used [0x000000060c000000,0x0000000636e98498,0x000000065ed80000)
 PSPermGen       total 83968K, used 54744K [0x0000000606e00000, 0x000000060c000000, 0x000000060c000000)
  object space 83968K, 65% used [0x0000000606e00000,0x000000060a376190,0x000000060c000000)
}

