# JRE version: Java(TM) SE Runtime Environment (7.0_45-b18) (build 1.7.0_45-b18)
# Java VM: Java HotSpot(TM) 64-Bit Server VM (24.45-b08 mixed mode linux-amd64 compressed oops)
Heap
 PSYoungGen      total 382976K, used 35037K [0x0000000797d00000, 0x00000007b4080000, 0x0000000800000000)
  eden space 313856K, 9% used [0x0000000797d00000,0x0000000799b64870,0x00000007aaf80000)
  from space 69120K, 5% used [0x00000007afd00000,0x00000007b00d2f50,0x00000007b4080000)
  to   space 74240K, 0% used [0x00000007aaf80000,0x00000007aaf80000,0x00000007af800000)
 ParOldGen       total 460288K, used 426756K [0x00000006c7800000, 0x00000006e3980000, 0x0000000797d00000)
  object space 460288K, 92% used [0x00000006c7800000,0x00000006e18c1388,0x00000006e3980000)
 PSPermGen       total 83968K, used 58513K [0x00000006c2600000, 0x00000006c7800000, 0x00000006c7800000)
  object space 83968K, 69% used [0x00000006c2600000,0x00000006c5f244a8,0x00000006c7800000)
GC Heap History (10 events):
Event: 4100.922 GC heap before
{Heap before GC invocations=261 (full 5):
 PSYoungGen      total 325120K, used 324788K [0x0000000797d00000, 0x00000007b7580000, 0x0000000800000000)
  eden space 312320K, 100% used [0x0000000797d00000,0x00000007aae00000,0x00000007aae00000)
  from space 12800K, 97% used [0x00000007aae00000,0x00000007aba2d3d0,0x00000007aba80000)
  to   space 101888K, 0% used [0x00000007b1200000,0x00000007b1200000,0x00000007b7580000)
 ParOldGen       total 460288K, used 426404K [0x00000006c7800000, 0x00000006e3980000, 0x0000000797d00000)
  object space 460288K, 92% used [0x00000006c7800000,0x00000006e1869368,0x00000006e3980000)
 PSPermGen       total 83968K, used 58448K [0x00000006c2600000, 0x00000006c7800000, 0x00000006c7800000)
  object space 83968K, 69% used [0x00000006c2600000,0x00000006c5f14148,0x00000006c7800000)
Event: 4100.930 GC heap after
Heap after GC invocations=261 (full 5):
 PSYoungGen      total 401408K, used 5005K [0x0000000797d00000, 0x00000007b6880000, 0x0000000800000000)
  eden space 312832K, 0% used [0x0000000797d00000,0x0000000797d00000,0x00000007aae80000)
  from space 88576K, 5% used [0x00000007b1200000,0x00000007b16e37b0,0x00000007b6880000)
  to   space 95232K, 0% used [0x00000007aae80000,0x00000007aae80000,0x00000007b0b80000)
 ParOldGen       total 460288K, used 426508K [0x00000006c7800000, 0x00000006e3980000, 0x0000000797d00000)
  object space 460288K, 92% used [0x00000006c7800000,0x00000006e1883388,0x00000006e3980000)
 PSPermGen       total 83968K, used 58448K [0x00000006c2600000, 0x00000006c7800000, 0x00000006c7800000)
  object space 83968K, 69% used [0x00000006c2600000,0x00000006c5f14148,0x00000006c7800000)
}
Event: 4154.335 GC heap before
{Heap before GC invocations=262 (full 5):
 PSYoungGen      total 401408K, used 317837K [0x0000000797d00000, 0x00000007b6880000, 0x0000000800000000)
  eden space 312832K, 100% used [0x0000000797d00000,0x00000007aae80000,0x00000007aae80000)
  from space 88576K, 5% used [0x00000007b1200000,0x00000007b16e37b0,0x00000007b6880000)
  to   space 95232K, 0% used [0x00000007aae80000,0x00000007aae80000,0x00000007b0b80000)
 ParOldGen       total 460288K, used 426508K [0x00000006c7800000, 0x00000006e3980000, 0x0000000797d00000)
  object space 460288K, 92% used [0x00000006c7800000,0x00000006e1883388,0x00000006e3980000)
 PSPermGen       total 83968K, used 58448K [0x00000006c2600000, 0x00000006c7800000, 0x00000006c7800000)
  object space 83968K, 69% used [0x00000006c2600000,0x00000006c5f14148,0x00000006c7800000)
Event: 4154.339 GC heap after
Heap after GC invocations=262 (full 5):
 PSYoungGen      total 315392K, used 2518K [0x0000000797d00000, 0x00000007b5e00000, 0x0000000800000000)
  eden space 312832K, 0% used [0x0000000797d00000,0x0000000797d00000,0x00000007aae80000)
  from space 2560K, 98% used [0x00000007aae80000,0x00000007ab0f5bf0,0x00000007ab100000)
  to   space 89600K, 0% used [0x00000007b0680000,0x00000007b0680000,0x00000007b5e00000)
 ParOldGen       total 460288K, used 426556K [0x00000006c7800000, 0x00000006e3980000, 0x0000000797d00000)
  object space 460288K, 92% used [0x00000006c7800000,0x00000006e188f388,0x00000006e3980000)
 PSPermGen       total 83968K, used 58448K [0x00000006c2600000, 0x00000006c7800000, 0x00000006c7800000)
  object space 83968K, 69% used [0x00000006c2600000,0x00000006c5f14148,0x00000006c7800000)
}
Event: 4207.805 GC heap before
{Heap before GC invocations=263 (full 5):
 PSYoungGen      total 315392K, used 315350K [0x0000000797d00000, 0x00000007b5e00000, 0x0000000800000000)
  eden space 312832K, 100% used [0x0000000797d00000,0x00000007aae80000,0x00000007aae80000)
  from space 2560K, 98% used [0x00000007aae80000,0x00000007ab0f5bf0,0x00000007ab100000)
  to   space 89600K, 0% used [0x00000007b0680000,0x00000007b0680000,0x00000007b5e00000)
 ParOldGen       total 460288K, used 426556K [0x00000006c7800000, 0x00000006e3980000, 0x0000000797d00000)
  object space 460288K, 92% used [0x00000006c7800000,0x00000006e188f388,0x00000006e3980000)
 PSPermGen       total 83968K, used 58448K [0x00000006c2600000, 0x00000006c7800000, 0x00000006c7800000)
  object space 83968K, 69% used [0x00000006c2600000,0x00000006c5f14148,0x00000006c7800000)
Event: 4207.809 GC heap after
Heap after GC invocations=263 (full 5):
 PSYoungGen      total 392704K, used 2486K [0x0000000797d00000, 0x00000007b5400000, 0x0000000800000000)
  eden space 313344K, 0% used [0x0000000797d00000,0x0000000797d00000,0x00000007aaf00000)
  from space 79360K, 3% used [0x00000007b0680000,0x00000007b08edbf0,0x00000007b5400000)
  to   space 84480K, 0% used [0x00000007aaf00000,0x00000007aaf00000,0x00000007b0180000)
 ParOldGen       total 460288K, used 426612K [0x00000006c7800000, 0x00000006e3980000, 0x0000000797d00000)
  object space 460288K, 92% used [0x00000006c7800000,0x00000006e189d388,0x00000006e3980000)
 PSPermGen       total 83968K, used 58448K [0x00000006c2600000, 0x00000006c7800000, 0x00000006c7800000)
  object space 83968K, 69% used [0x00000006c2600000,0x00000006c5f14148,0x00000006c7800000)
}
Event: 4261.281 GC heap before
{Heap before GC invocations=264 (full 5):
 PSYoungGen      total 392704K, used 315830K [0x0000000797d00000, 0x00000007b5400000, 0x0000000800000000)
  eden space 313344K, 100% used [0x0000000797d00000,0x00000007aaf00000,0x00000007aaf00000)
  from space 79360K, 3% used [0x00000007b0680000,0x00000007b08edbf0,0x00000007b5400000)
  to   space 84480K, 0% used [0x00000007aaf00000,0x00000007aaf00000,0x00000007b0180000)
 ParOldGen       total 460288K, used 426612K [0x00000006c7800000, 0x00000006e3980000, 0x0000000797d00000)
  object space 460288K, 92% used [0x00000006c7800000,0x00000006e189d388,0x00000006e3980000)
 PSPermGen       total 83968K, used 58448K [0x00000006c2600000, 0x00000006c7800000, 0x00000006c7800000)
  object space 83968K, 69% used [0x00000006c2600000,0x00000006c5f14148,0x00000006c7800000)
Event: 4261.285 GC heap after
Heap after GC invocations=264 (full 5):
 PSYoungGen      total 315904K, used 2454K [0x0000000797d00000, 0x00000007b4a80000, 0x0000000800000000)
  eden space 313344K, 0% used [0x0000000797d00000,0x0000000797d00000,0x00000007aaf00000)
  from space 2560K, 95% used [0x00000007aaf00000,0x00000007ab165bf0,0x00000007ab180000)
  to   space 79360K, 0% used [0x00000007afd00000,0x00000007afd00000,0x00000007b4a80000)
 ParOldGen       total 460288K, used 426692K [0x00000006c7800000, 0x00000006e3980000, 0x0000000797d00000)
  object space 460288K, 92% used [0x00000006c7800000,0x00000006e18b1388,0x00000006e3980000)
 PSPermGen       total 83968K, used 58448K [0x00000006c2600000, 0x00000006c7800000, 0x00000006c7800000)
  object space 83968K, 69% used [0x00000006c2600000,0x00000006c5f14148,0x00000006c7800000)
}
Event: 4312.696 GC heap before
{Heap before GC invocations=265 (full 5):
 PSYoungGen      total 315904K, used 315798K [0x0000000797d00000, 0x00000007b4a80000, 0x0000000800000000)
  eden space 313344K, 100% used [0x0000000797d00000,0x00000007aaf00000,0x00000007aaf00000)
  from space 2560K, 95% used [0x00000007aaf00000,0x00000007ab165bf0,0x00000007ab180000)
  to   space 79360K, 0% used [0x00000007afd00000,0x00000007afd00000,0x00000007b4a80000)
 ParOldGen       total 460288K, used 426692K [0x00000006c7800000, 0x00000006e3980000, 0x0000000797d00000)
  object space 460288K, 92% used [0x00000006c7800000,0x00000006e18b1388,0x00000006e3980000)
 PSPermGen       total 83968K, used 58469K [0x00000006c2600000, 0x00000006c7800000, 0x00000006c7800000)
  object space 83968K, 69% used [0x00000006c2600000,0x00000006c5f196b0,0x00000006c7800000)
Event: 4312.701 GC heap after
Heap after GC invocations=265 (full 5):
 PSYoungGen      total 382976K, used 3915K [0x0000000797d00000, 0x00000007b4080000, 0x0000000800000000)
  eden space 313856K, 0% used [0x0000000797d00000,0x0000000797d00000,0x00000007aaf80000)
  from space 69120K, 5% used [0x00000007afd00000,0x00000007b00d2f50,0x00000007b4080000)
  to   space 74240K, 0% used [0x00000007aaf80000,0x00000007aaf80000,0x00000007af800000)
 ParOldGen       total 460288K, used 426756K [0x00000006c7800000, 0x00000006e3980000, 0x0000000797d00000)
  object space 460288K, 92% used [0x00000006c7800000,0x00000006e18c1388,0x00000006e3980000)
 PSPermGen       total 83968K, used 58469K [0x00000006c2600000, 0x00000006c7800000, 0x00000006c7800000)
  object space 83968K, 69% used [0x00000006c2600000,0x00000006c5f196b0,0x00000006c7800000)
}

