# JRE version: Java(TM) SE Runtime Environment (7.0_45-b18) (build 1.7.0_45-b18)
# Java VM: Java HotSpot(TM) 64-Bit Server VM (24.45-b08 mixed mode linux-amd64 compressed oops)
Heap
 PSYoungGen      total 807424K, used 587240K [0x0000000797d00000, 0x00000007db680000, 0x0000000800000000)
  eden space 663552K, 88% used [0x0000000797d00000,0x00000007bba7a0b8,0x00000007c0500000)
  from space 143872K, 0% used [0x00000007c9100000,0x00000007c9100000,0x00000007d1d80000)
  to   space 143360K, 0% used [0x00000007c0500000,0x00000007c0500000,0x00000007c9100000)
 ParOldGen       total 1715712K, used 1535080K [0x00000006c7800000, 0x0000000730380000, 0x0000000797d00000)
  object space 1715712K, 89% used [0x00000006c7800000,0x000000072531a358,0x0000000730380000)
 PSPermGen       total 83968K, used 53058K [0x00000006c2600000, 0x00000006c7800000, 0x00000006c7800000)
  object space 83968K, 63% used [0x00000006c2600000,0x00000006c59d0998,0x00000006c7800000)
GC Heap History (10 events):
Event: 44.958 GC heap before
{Heap before GC invocations=14 (full 1):
 PSYoungGen      total 540160K, used 396942K [0x0000000797d00000, 0x00000007c5780000, 0x0000000800000000)
  eden space 517632K, 72% used [0x0000000797d00000,0x00000007aeb03818,0x00000007b7680000)
  from space 22528K, 98% used [0x00000007c4180000,0x00000007c5720010,0x00000007c5780000)
  to   space 87040K, 0% used [0x00000007bad80000,0x00000007bad80000,0x00000007c0280000)
 ParOldGen       total 314880K, used 199139K [0x00000006c7800000, 0x00000006dab80000, 0x0000000797d00000)
  object space 314880K, 63% used [0x00000006c7800000,0x00000006d3a78e98,0x00000006dab80000)
 PSPermGen       total 83968K, used 51260K [0x00000006c2600000, 0x00000006c7800000, 0x00000006c7800000)
  object space 83968K, 61% used [0x00000006c2600000,0x00000006c580f3e8,0x00000006c7800000)
Event: 44.985 GC heap after
Heap after GC invocations=14 (full 1):
 PSYoungGen      total 660992K, used 87025K [0x0000000797d00000, 0x00000007d1d80000, 0x0000000800000000)
  eden space 573952K, 0% used [0x0000000797d00000,0x0000000797d00000,0x00000007bad80000)
  from space 87040K, 99% used [0x00000007bad80000,0x00000007c027c748,0x00000007c0280000)
  to   space 143872K, 0% used [0x00000007c9100000,0x00000007c9100000,0x00000007d1d80000)
 ParOldGen       total 315904K, used 315157K [0x00000006c7800000, 0x00000006dac80000, 0x0000000797d00000)
  object space 315904K, 99% used [0x00000006c7800000,0x00000006dabc57d0,0x00000006dac80000)
 PSPermGen       total 83968K, used 51260K [0x00000006c2600000, 0x00000006c7800000, 0x00000006c7800000)
  object space 83968K, 61% used [0x00000006c2600000,0x00000006c580f3e8,0x00000006c7800000)
}
Event: 44.985 GC heap before
{Heap before GC invocations=15 (full 2):
 PSYoungGen      total 660992K, used 87025K [0x0000000797d00000, 0x00000007d1d80000, 0x0000000800000000)
  eden space 573952K, 0% used [0x0000000797d00000,0x0000000797d00000,0x00000007bad80000)
  from space 87040K, 99% used [0x00000007bad80000,0x00000007c027c748,0x00000007c0280000)
  to   space 143872K, 0% used [0x00000007c9100000,0x00000007c9100000,0x00000007d1d80000)
 ParOldGen       total 315904K, used 315157K [0x00000006c7800000, 0x00000006dac80000, 0x0000000797d00000)
  object space 315904K, 99% used [0x00000006c7800000,0x00000006dabc57d0,0x00000006dac80000)
 PSPermGen       total 83968K, used 51260K [0x00000006c2600000, 0x00000006c7800000, 0x00000006c7800000)
  object space 83968K, 61% used [0x00000006c2600000,0x00000006c580f3e8,0x00000006c7800000)
Event: 45.281 GC heap after
Heap after GC invocations=15 (full 2):
 PSYoungGen      total 660992K, used 65996K [0x0000000797d00000, 0x00000007d1d80000, 0x0000000800000000)
  eden space 573952K, 0% used [0x0000000797d00000,0x0000000797d00000,0x00000007bad80000)
  from space 87040K, 75% used [0x00000007bad80000,0x00000007bedf3318,0x00000007c0280000)
  to   space 143872K, 0% used [0x00000007c9100000,0x00000007c9100000,0x00000007d1d80000)
 ParOldGen       total 550912K, used 315901K [0x00000006c7800000, 0x00000006e9200000, 0x0000000797d00000)
  object space 550912K, 57% used [0x00000006c7800000,0x00000006dac7f488,0x00000006e9200000)
 PSPermGen       total 83968K, used 51259K [0x00000006c2600000, 0x00000006c7800000, 0x00000006c7800000)
  object space 83968K, 61% used [0x00000006c2600000,0x00000006c580eee0,0x00000006c7800000)
}
Event: 45.565 GC heap before
{Heap before GC invocations=16 (full 2):
 PSYoungGen      total 660992K, used 458765K [0x0000000797d00000, 0x00000007d1d80000, 0x0000000800000000)
  eden space 573952K, 68% used [0x0000000797d00000,0x00000007afc90460,0x00000007bad80000)
  from space 87040K, 75% used [0x00000007bad80000,0x00000007bedf3318,0x00000007c0280000)
  to   space 143872K, 0% used [0x00000007c9100000,0x00000007c9100000,0x00000007d1d80000)
 ParOldGen       total 550912K, used 315901K [0x00000006c7800000, 0x00000006e9200000, 0x0000000797d00000)
  object space 550912K, 57% used [0x00000006c7800000,0x00000006dac7f488,0x00000006e9200000)
 PSPermGen       total 83968K, used 51271K [0x00000006c2600000, 0x00000006c7800000, 0x00000006c7800000)
  object space 83968K, 61% used [0x00000006c2600000,0x00000006c5811f28,0x00000006c7800000)
Event: 45.668 GC heap after
Heap after GC invocations=16 (full 2):
 PSYoungGen      total 807424K, used 429K [0x0000000797d00000, 0x00000007db680000, 0x0000000800000000)
  eden space 663552K, 0% used [0x0000000797d00000,0x0000000797d00000,0x00000007c0500000)
  from space 143872K, 0% used [0x00000007c9100000,0x00000007c916b510,0x00000007d1d80000)
  to   space 143360K, 0% used [0x00000007c0500000,0x00000007c0500000,0x00000007c9100000)
 ParOldGen       total 764416K, used 763358K [0x00000006c7800000, 0x00000006f6280000, 0x0000000797d00000)
  object space 764416K, 99% used [0x00000006c7800000,0x00000006f6177a50,0x00000006f6280000)
 PSPermGen       total 83968K, used 51271K [0x00000006c2600000, 0x00000006c7800000, 0x00000006c7800000)
  object space 83968K, 61% used [0x00000006c2600000,0x00000006c5811f28,0x00000006c7800000)
}
Event: 45.668 GC heap before
{Heap before GC invocations=17 (full 3):
 PSYoungGen      total 807424K, used 429K [0x0000000797d00000, 0x00000007db680000, 0x0000000800000000)
  eden space 663552K, 0% used [0x0000000797d00000,0x0000000797d00000,0x00000007c0500000)
  from space 143872K, 0% used [0x00000007c9100000,0x00000007c916b510,0x00000007d1d80000)
  to   space 143360K, 0% used [0x00000007c0500000,0x00000007c0500000,0x00000007c9100000)
 ParOldGen       total 764416K, used 763358K [0x00000006c7800000, 0x00000006f6280000, 0x0000000797d00000)
  object space 764416K, 99% used [0x00000006c7800000,0x00000006f6177a50,0x00000006f6280000)
 PSPermGen       total 83968K, used 51271K [0x00000006c2600000, 0x00000006c7800000, 0x00000006c7800000)
  object space 83968K, 61% used [0x00000006c2600000,0x00000006c5811f28,0x00000006c7800000)
Event: 46.026 GC heap after
Heap after GC invocations=17 (full 3):
 PSYoungGen      total 807424K, used 0K [0x0000000797d00000, 0x00000007db680000, 0x0000000800000000)
  eden space 663552K, 0% used [0x0000000797d00000,0x0000000797d00000,0x00000007c0500000)
  from space 143872K, 0% used [0x00000007c9100000,0x00000007c9100000,0x00000007d1d80000)
  to   space 143360K, 0% used [0x00000007c0500000,0x00000007c0500000,0x00000007c9100000)
 ParOldGen       total 1221632K, used 761727K [0x00000006c7800000, 0x0000000712100000, 0x0000000797d00000)
  object space 1221632K, 62% used [0x00000006c7800000,0x00000006f5fdfe88,0x0000000712100000)
 PSPermGen       total 83968K, used 51271K [0x00000006c2600000, 0x00000006c7800000, 0x00000006c7800000)
  object space 83968K, 61% used [0x00000006c2600000,0x00000006c5811ee8,0x00000006c7800000)
}
Event: 532.875 GC heap before
{Heap before GC invocations=18 (full 4):
 PSYoungGen      total 807424K, used 663552K [0x0000000797d00000, 0x00000007db680000, 0x0000000800000000)
  eden space 663552K, 100% used [0x0000000797d00000,0x00000007c0500000,0x00000007c0500000)
  from space 143872K, 0% used [0x00000007c9100000,0x00000007c9100000,0x00000007d1d80000)
  to   space 143360K, 0% used [0x00000007c0500000,0x00000007c0500000,0x00000007c9100000)
 ParOldGen       total 2358272K, used 2357961K [0x00000006c7800000, 0x0000000757700000, 0x0000000797d00000)
  object space 2358272K, 99% used [0x00000006c7800000,0x00000007576b2618,0x0000000757700000)
 PSPermGen       total 83968K, used 53055K [0x00000006c2600000, 0x00000006c7800000, 0x00000006c7800000)
  object space 83968K, 63% used [0x00000006c2600000,0x00000006c59cfe38,0x00000006c7800000)
Event: 533.076 GC heap after
Heap after GC invocations=18 (full 4):
 PSYoungGen      total 807424K, used 0K [0x0000000797d00000, 0x00000007db680000, 0x0000000800000000)
  eden space 663552K, 0% used [0x0000000797d00000,0x0000000797d00000,0x00000007c0500000)
  from space 143872K, 0% used [0x00000007c9100000,0x00000007c9100000,0x00000007d1d80000)
  to   space 143360K, 0% used [0x00000007c0500000,0x00000007c0500000,0x00000007c9100000)
 ParOldGen       total 1524736K, used 962889K [0x00000006c7800000, 0x0000000724900000, 0x0000000797d00000)
  object space 1524736K, 63% used [0x00000006c7800000,0x0000000702452750,0x0000000724900000)
 PSPermGen       total 83968K, used 53055K [0x00000006c2600000, 0x00000006c7800000, 0x00000006c7800000)
  object space 83968K, 63% used [0x00000006c2600000,0x00000006c59cfd28,0x00000006c7800000)
}

