# JRE version: Java(TM) SE Runtime Environment (7.0_45-b18) (build 1.7.0_45-b18)
# Java VM: Java HotSpot(TM) 64-Bit Server VM (24.45-b08 mixed mode linux-amd64 compressed oops)
Heap
 PSYoungGen      total 154112K, used 60677K [0x0000000797d00000, 0x00000007a4480000, 0x0000000800000000)
  eden space 111104K, 54% used [0x0000000797d00000,0x000000079b8094d0,0x000000079e980000)
  from space 43008K, 0% used [0x00000007a1a80000,0x00000007a1ab8000,0x00000007a4480000)
  to   space 46592K, 0% used [0x000000079e980000,0x000000079e980000,0x00000007a1700000)
 ParOldGen       total 175104K, used 98893K [0x00000006c7800000, 0x00000006d2300000, 0x0000000797d00000)
  object space 175104K, 56% used [0x00000006c7800000,0x00000006cd893790,0x00000006d2300000)
 PSPermGen       total 54784K, used 54779K [0x00000006c2600000, 0x00000006c5b80000, 0x00000006c7800000)
  object space 54784K, 99% used [0x00000006c2600000,0x00000006c5b7ed78,0x00000006c5b80000)
GC Heap History (10 events):
Event: 236.460 GC heap before
{Heap before GC invocations=10 (full 0):
 PSYoungGen      total 164352K, used 164351K [0x0000000797d00000, 0x00000007a9d80000, 0x0000000800000000)
  eden space 130048K, 100% used [0x0000000797d00000,0x000000079fc00000,0x000000079fc00000)
  from space 34304K, 99% used [0x000000079fc00000,0x00000007a1d7fc48,0x00000007a1d80000)
  to   space 43520K, 0% used [0x00000007a7300000,0x00000007a7300000,0x00000007a9d80000)
 ParOldGen       total 175104K, used 53202K [0x00000006c7800000, 0x00000006d2300000, 0x0000000797d00000)
  object space 175104K, 30% used [0x00000006c7800000,0x00000006cabf4a28,0x00000006d2300000)
 PSPermGen       total 53760K, used 53489K [0x00000006c2600000, 0x00000006c5a80000, 0x00000006c7800000)
  object space 53760K, 99% used [0x00000006c2600000,0x00000006c5a3c758,0x00000006c5a80000)
Event: 236.475 GC heap after
Heap after GC invocations=10 (full 0):
 PSYoungGen      total 158208K, used 32050K [0x0000000797d00000, 0x00000007a9280000, 0x0000000800000000)
  eden space 125952K, 0% used [0x0000000797d00000,0x0000000797d00000,0x000000079f800000)
  from space 32256K, 99% used [0x00000007a7300000,0x00000007a924cbd8,0x00000007a9280000)
  to   space 45056K, 0% used [0x00000007a3a80000,0x00000007a3a80000,0x00000007a6680000)
 ParOldGen       total 175104K, used 60295K [0x00000006c7800000, 0x00000006d2300000, 0x0000000797d00000)
  object space 175104K, 34% used [0x00000006c7800000,0x00000006cb2e1c28,0x00000006d2300000)
 PSPermGen       total 53760K, used 53489K [0x00000006c2600000, 0x00000006c5a80000, 0x00000006c7800000)
  object space 53760K, 99% used [0x00000006c2600000,0x00000006c5a3c758,0x00000006c5a80000)
}
Event: 268.410 GC heap before
{Heap before GC invocations=11 (full 0):
 PSYoungGen      total 158208K, used 158002K [0x0000000797d00000, 0x00000007a9280000, 0x0000000800000000)
  eden space 125952K, 100% used [0x0000000797d00000,0x000000079f800000,0x000000079f800000)
  from space 32256K, 99% used [0x00000007a7300000,0x00000007a924cbd8,0x00000007a9280000)
  to   space 45056K, 0% used [0x00000007a3a80000,0x00000007a3a80000,0x00000007a6680000)
 ParOldGen       total 175104K, used 60295K [0x00000006c7800000, 0x00000006d2300000, 0x0000000797d00000)
  object space 175104K, 34% used [0x00000006c7800000,0x00000006cb2e1c28,0x00000006d2300000)
 PSPermGen       total 54784K, used 54446K [0x00000006c2600000, 0x00000006c5b80000, 0x00000006c7800000)
  object space 54784K, 99% used [0x00000006c2600000,0x00000006c5b2ba90,0x00000006c5b80000)
Event: 268.426 GC heap after
Heap after GC invocations=11 (full 0):
 PSYoungGen      total 130560K, used 8604K [0x0000000797d00000, 0x00000007a7380000, 0x0000000800000000)
  eden space 121856K, 0% used [0x0000000797d00000,0x0000000797d00000,0x000000079f400000)
  from space 8704K, 98% used [0x00000007a3a80000,0x00000007a42e7208,0x00000007a4300000)
  to   space 45056K, 0% used [0x00000007a4780000,0x00000007a4780000,0x00000007a7380000)
 ParOldGen       total 175104K, used 90656K [0x00000006c7800000, 0x00000006d2300000, 0x0000000797d00000)
  object space 175104K, 51% used [0x00000006c7800000,0x00000006cd088170,0x00000006d2300000)
 PSPermGen       total 54784K, used 54446K [0x00000006c2600000, 0x00000006c5b80000, 0x00000006c7800000)
  object space 54784K, 99% used [0x00000006c2600000,0x00000006c5b2ba90,0x00000006c5b80000)
}
Event: 300.597 GC heap before
{Heap before GC invocations=12 (full 0):
 PSYoungGen      total 130560K, used 130460K [0x0000000797d00000, 0x00000007a7380000, 0x0000000800000000)
  eden space 121856K, 100% used [0x0000000797d00000,0x000000079f400000,0x000000079f400000)
  from space 8704K, 98% used [0x00000007a3a80000,0x00000007a42e7208,0x00000007a4300000)
  to   space 45056K, 0% used [0x00000007a4780000,0x00000007a4780000,0x00000007a7380000)
 ParOldGen       total 175104K, used 90656K [0x00000006c7800000, 0x00000006d2300000, 0x0000000797d00000)
  object space 175104K, 51% used [0x00000006c7800000,0x00000006cd088170,0x00000006d2300000)
 PSPermGen       total 54784K, used 54467K [0x00000006c2600000, 0x00000006c5b80000, 0x00000006c7800000)
  object space 54784K, 99% used [0x00000006c2600000,0x00000006c5b30d90,0x00000006c5b80000)
Event: 300.603 GC heap after
Heap after GC invocations=12 (full 0):
 PSYoungGen      total 122368K, used 288K [0x0000000797d00000, 0x00000007a4b80000, 0x0000000800000000)
  eden space 118272K, 0% used [0x0000000797d00000,0x0000000797d00000,0x000000079f080000)
  from space 4096K, 7% used [0x00000007a4780000,0x00000007a47c8000,0x00000007a4b80000)
  to   space 46592K, 0% used [0x000000079f080000,0x000000079f080000,0x00000007a1e00000)
 ParOldGen       total 175104K, used 98821K [0x00000006c7800000, 0x00000006d2300000, 0x0000000797d00000)
  object space 175104K, 56% used [0x00000006c7800000,0x00000006cd881790,0x00000006d2300000)
 PSPermGen       total 54784K, used 54467K [0x00000006c2600000, 0x00000006c5b80000, 0x00000006c7800000)
  object space 54784K, 99% used [0x00000006c2600000,0x00000006c5b30d90,0x00000006c5b80000)
}
Event: 332.066 GC heap before
{Heap before GC invocations=13 (full 0):
 PSYoungGen      total 122368K, used 118560K [0x0000000797d00000, 0x00000007a4b80000, 0x0000000800000000)
  eden space 118272K, 100% used [0x0000000797d00000,0x000000079f080000,0x000000079f080000)
  from space 4096K, 7% used [0x00000007a4780000,0x00000007a47c8000,0x00000007a4b80000)
  to   space 46592K, 0% used [0x000000079f080000,0x000000079f080000,0x00000007a1e00000)
 ParOldGen       total 175104K, used 98821K [0x00000006c7800000, 0x00000006d2300000, 0x0000000797d00000)
  object space 175104K, 56% used [0x00000006c7800000,0x00000006cd881790,0x00000006d2300000)
 PSPermGen       total 54784K, used 54468K [0x00000006c2600000, 0x00000006c5b80000, 0x00000006c7800000)
  object space 54784K, 99% used [0x00000006c2600000,0x00000006c5b31090,0x00000006c5b80000)
Event: 332.068 GC heap after
Heap after GC invocations=13 (full 0):
 PSYoungGen      total 115200K, used 224K [0x0000000797d00000, 0x00000007a4800000, 0x0000000800000000)
  eden space 114688K, 0% used [0x0000000797d00000,0x0000000797d00000,0x000000079ed00000)
  from space 512K, 43% used [0x000000079f080000,0x000000079f0b8000,0x000000079f100000)
  to   space 46592K, 0% used [0x00000007a1a80000,0x00000007a1a80000,0x00000007a4800000)
 ParOldGen       total 175104K, used 98861K [0x00000006c7800000, 0x00000006d2300000, 0x0000000797d00000)
  object space 175104K, 56% used [0x00000006c7800000,0x00000006cd88b790,0x00000006d2300000)
 PSPermGen       total 54784K, used 54468K [0x00000006c2600000, 0x00000006c5b80000, 0x00000006c7800000)
  object space 54784K, 99% used [0x00000006c2600000,0x00000006c5b31090,0x00000006c5b80000)
}
Event: 362.571 GC heap before
{Heap before GC invocations=14 (full 0):
 PSYoungGen      total 115200K, used 114912K [0x0000000797d00000, 0x00000007a4800000, 0x0000000800000000)
  eden space 114688K, 100% used [0x0000000797d00000,0x000000079ed00000,0x000000079ed00000)
  from space 512K, 43% used [0x000000079f080000,0x000000079f0b8000,0x000000079f100000)
  to   space 46592K, 0% used [0x00000007a1a80000,0x00000007a1a80000,0x00000007a4800000)
 ParOldGen       total 175104K, used 98861K [0x00000006c7800000, 0x00000006d2300000, 0x0000000797d00000)
  object space 175104K, 56% used [0x00000006c7800000,0x00000006cd88b790,0x00000006d2300000)
 PSPermGen       total 54784K, used 54508K [0x00000006c2600000, 0x00000006c5b80000, 0x00000006c7800000)
  object space 54784K, 99% used [0x00000006c2600000,0x00000006c5b3b1a8,0x00000006c5b80000)
Event: 362.573 GC heap after
Heap after GC invocations=14 (full 0):
 PSYoungGen      total 154112K, used 224K [0x0000000797d00000, 0x00000007a4480000, 0x0000000800000000)
  eden space 111104K, 0% used [0x0000000797d00000,0x0000000797d00000,0x000000079e980000)
  from space 43008K, 0% used [0x00000007a1a80000,0x00000007a1ab8000,0x00000007a4480000)
  to   space 46592K, 0% used [0x000000079e980000,0x000000079e980000,0x00000007a1700000)
 ParOldGen       total 175104K, used 98893K [0x00000006c7800000, 0x00000006d2300000, 0x0000000797d00000)
  object space 175104K, 56% used [0x00000006c7800000,0x00000006cd893790,0x00000006d2300000)
 PSPermGen       total 54784K, used 54508K [0x00000006c2600000, 0x00000006c5b80000, 0x00000006c7800000)
  object space 54784K, 99% used [0x00000006c2600000,0x00000006c5b3b1a8,0x00000006c5b80000)
}

