# JRE version: Java(TM) SE Runtime Environment (7.0_45-b18) (build 1.7.0_45-b18)
# Java VM: Java HotSpot(TM) 64-Bit Server VM (24.45-b08 mixed mode linux-amd64 compressed oops)
Heap
 PSYoungGen      total 373248K, used 232322K [0x0000000797d00000, 0x00000007b0e00000, 0x0000000800000000)
  eden space 338432K, 63% used [0x0000000797d00000,0x00000007a4fc86d0,0x00000007ac780000)
  from space 34816K, 47% used [0x00000007aea80000,0x00000007afa98300,0x00000007b0c80000)
  to   space 35840K, 0% used [0x00000007ac780000,0x00000007ac780000,0x00000007aea80000)
 ParOldGen       total 1417216K, used 1089184K [0x00000006c7800000, 0x000000071e000000, 0x0000000797d00000)
  object space 1417216K, 76% used [0x00000006c7800000,0x0000000709fa8380,0x000000071e000000)
 PSPermGen       total 83968K, used 55105K [0x00000006c2600000, 0x00000006c7800000, 0x00000006c7800000)
  object space 83968K, 65% used [0x00000006c2600000,0x00000006c5bd0468,0x00000006c7800000)
GC Heap History (10 events):
Event: 898.084 GC heap before
{Heap before GC invocations=35 (full 3):
 PSYoungGen      total 336896K, used 336467K [0x0000000797d00000, 0x00000007b1380000, 0x0000000800000000)
  eden space 334336K, 100% used [0x0000000797d00000,0x00000007ac380000,0x00000007ac380000)
  from space 2560K, 83% used [0x00000007ac380000,0x00000007ac594d48,0x00000007ac600000)
  to   space 39936K, 0% used [0x00000007aec80000,0x00000007aec80000,0x00000007b1380000)
 ParOldGen       total 1417216K, used 1088432K [0x00000006c7800000, 0x000000071e000000, 0x0000000797d00000)
  object space 1417216K, 76% used [0x00000006c7800000,0x0000000709eec380,0x000000071e000000)
 PSPermGen       total 83968K, used 47831K [0x00000006c2600000, 0x00000006c7800000, 0x00000006c7800000)
  object space 83968K, 56% used [0x00000006c2600000,0x00000006c54b5ee8,0x00000006c7800000)
Event: 898.087 GC heap after
Heap after GC invocations=35 (full 3):
 PSYoungGen      total 372224K, used 2067K [0x0000000797d00000, 0x00000007b0f80000, 0x0000000800000000)
  eden space 336384K, 0% used [0x0000000797d00000,0x0000000797d00000,0x00000007ac580000)
  from space 35840K, 5% used [0x00000007aec80000,0x00000007aee84d48,0x00000007b0f80000)
  to   space 37888K, 0% used [0x00000007ac580000,0x00000007ac580000,0x00000007aea80000)
 ParOldGen       total 1417216K, used 1088608K [0x00000006c7800000, 0x000000071e000000, 0x0000000797d00000)
  object space 1417216K, 76% used [0x00000006c7800000,0x0000000709f18380,0x000000071e000000)
 PSPermGen       total 83968K, used 47831K [0x00000006c2600000, 0x00000006c7800000, 0x00000006c7800000)
  object space 83968K, 56% used [0x00000006c2600000,0x00000006c54b5ee8,0x00000006c7800000)
}
Event: 898.956 GC heap before
{Heap before GC invocations=36 (full 3):
 PSYoungGen      total 372224K, used 338451K [0x0000000797d00000, 0x00000007b0f80000, 0x0000000800000000)
  eden space 336384K, 100% used [0x0000000797d00000,0x00000007ac580000,0x00000007ac580000)
  from space 35840K, 5% used [0x00000007aec80000,0x00000007aee84d48,0x00000007b0f80000)
  to   space 37888K, 0% used [0x00000007ac580000,0x00000007ac580000,0x00000007aea80000)
 ParOldGen       total 1417216K, used 1088608K [0x00000006c7800000, 0x000000071e000000, 0x0000000797d00000)
  object space 1417216K, 76% used [0x00000006c7800000,0x0000000709f18380,0x000000071e000000)
 PSPermGen       total 83968K, used 47831K [0x00000006c2600000, 0x00000006c7800000, 0x00000006c7800000)
  object space 83968K, 56% used [0x00000006c2600000,0x00000006c54b5ee8,0x00000006c7800000)
Event: 898.960 GC heap after
Heap after GC invocations=36 (full 3):
 PSYoungGen      total 338432K, used 2035K [0x0000000797d00000, 0x00000007b0c00000, 0x0000000800000000)
  eden space 336384K, 0% used [0x0000000797d00000,0x0000000797d00000,0x00000007ac580000)
  from space 2048K, 99% used [0x00000007ac580000,0x00000007ac77cd48,0x00000007ac780000)
  to   space 35328K, 0% used [0x00000007ae980000,0x00000007ae980000,0x00000007b0c00000)
 ParOldGen       total 1417216K, used 1088792K [0x00000006c7800000, 0x000000071e000000, 0x0000000797d00000)
  object space 1417216K, 76% used [0x00000006c7800000,0x0000000709f46380,0x000000071e000000)
 PSPermGen       total 83968K, used 47831K [0x00000006c2600000, 0x00000006c7800000, 0x00000006c7800000)
  object space 83968K, 56% used [0x00000006c2600000,0x00000006c54b5ee8,0x00000006c7800000)
}
Event: 899.839 GC heap before
{Heap before GC invocations=37 (full 3):
 PSYoungGen      total 338432K, used 338419K [0x0000000797d00000, 0x00000007b0c00000, 0x0000000800000000)
  eden space 336384K, 100% used [0x0000000797d00000,0x00000007ac580000,0x00000007ac580000)
  from space 2048K, 99% used [0x00000007ac580000,0x00000007ac77cd48,0x00000007ac780000)
  to   space 35328K, 0% used [0x00000007ae980000,0x00000007ae980000,0x00000007b0c00000)
 ParOldGen       total 1417216K, used 1088792K [0x00000006c7800000, 0x000000071e000000, 0x0000000797d00000)
  object space 1417216K, 76% used [0x00000006c7800000,0x0000000709f46380,0x000000071e000000)
 PSPermGen       total 83968K, used 47831K [0x00000006c2600000, 0x00000006c7800000, 0x00000006c7800000)
  object space 83968K, 56% used [0x00000006c2600000,0x00000006c54b5ee8,0x00000006c7800000)
Event: 899.844 GC heap after
Heap after GC invocations=37 (full 3):
 PSYoungGen      total 369152K, used 1971K [0x0000000797d00000, 0x00000007b0800000, 0x0000000800000000)
  eden space 337920K, 0% used [0x0000000797d00000,0x0000000797d00000,0x00000007ac700000)
  from space 31232K, 6% used [0x00000007ae980000,0x00000007aeb6cd48,0x00000007b0800000)
  to   space 33280K, 0% used [0x00000007ac700000,0x00000007ac700000,0x00000007ae780000)
 ParOldGen       total 1417216K, used 1088976K [0x00000006c7800000, 0x000000071e000000, 0x0000000797d00000)
  object space 1417216K, 76% used [0x00000006c7800000,0x0000000709f74380,0x000000071e000000)
 PSPermGen       total 83968K, used 47831K [0x00000006c2600000, 0x00000006c7800000, 0x00000006c7800000)
  object space 83968K, 56% used [0x00000006c2600000,0x00000006c54b5ee8,0x00000006c7800000)
}
Event: 1018.270 GC heap before
{Heap before GC invocations=38 (full 3):
 PSYoungGen      total 369152K, used 339891K [0x0000000797d00000, 0x00000007b0800000, 0x0000000800000000)
  eden space 337920K, 100% used [0x0000000797d00000,0x00000007ac700000,0x00000007ac700000)
  from space 31232K, 6% used [0x00000007ae980000,0x00000007aeb6cd48,0x00000007b0800000)
  to   space 33280K, 0% used [0x00000007ac700000,0x00000007ac700000,0x00000007ae780000)
 ParOldGen       total 1417216K, used 1088976K [0x00000006c7800000, 0x000000071e000000, 0x0000000797d00000)
  object space 1417216K, 76% used [0x00000006c7800000,0x0000000709f74380,0x000000071e000000)
 PSPermGen       total 83968K, used 54850K [0x00000006c2600000, 0x00000006c7800000, 0x00000006c7800000)
  object space 83968K, 65% used [0x00000006c2600000,0x00000006c5b90920,0x00000006c7800000)
Event: 1018.281 GC heap after
Heap after GC invocations=38 (full 3):
 PSYoungGen      total 371200K, used 17570K [0x0000000797d00000, 0x00000007b0c80000, 0x0000000800000000)
  eden space 337920K, 0% used [0x0000000797d00000,0x0000000797d00000,0x00000007ac700000)
  from space 33280K, 52% used [0x00000007ac700000,0x00000007ad8289d8,0x00000007ae780000)
  to   space 34816K, 0% used [0x00000007aea80000,0x00000007aea80000,0x00000007b0c80000)
 ParOldGen       total 1417216K, used 1089072K [0x00000006c7800000, 0x000000071e000000, 0x0000000797d00000)
  object space 1417216K, 76% used [0x00000006c7800000,0x0000000709f8c380,0x000000071e000000)
 PSPermGen       total 83968K, used 54850K [0x00000006c2600000, 0x00000006c7800000, 0x00000006c7800000)
  object space 83968K, 65% used [0x00000006c2600000,0x00000006c5b90920,0x00000006c7800000)
}
Event: 1026.100 GC heap before
{Heap before GC invocations=39 (full 3):
 PSYoungGen      total 371200K, used 355490K [0x0000000797d00000, 0x00000007b0c80000, 0x0000000800000000)
  eden space 337920K, 100% used [0x0000000797d00000,0x00000007ac700000,0x00000007ac700000)
  from space 33280K, 52% used [0x00000007ac700000,0x00000007ad8289d8,0x00000007ae780000)
  to   space 34816K, 0% used [0x00000007aea80000,0x00000007aea80000,0x00000007b0c80000)
 ParOldGen       total 1417216K, used 1089072K [0x00000006c7800000, 0x000000071e000000, 0x0000000797d00000)
  object space 1417216K, 76% used [0x00000006c7800000,0x0000000709f8c380,0x000000071e000000)
 PSPermGen       total 83968K, used 54858K [0x00000006c2600000, 0x00000006c7800000, 0x00000006c7800000)
  object space 83968K, 65% used [0x00000006c2600000,0x00000006c5b92ae0,0x00000006c7800000)
Event: 1026.109 GC heap after
Heap after GC invocations=39 (full 3):
 PSYoungGen      total 373248K, used 16480K [0x0000000797d00000, 0x00000007b0e00000, 0x0000000800000000)
  eden space 338432K, 0% used [0x0000000797d00000,0x0000000797d00000,0x00000007ac780000)
  from space 34816K, 47% used [0x00000007aea80000,0x00000007afa98300,0x00000007b0c80000)
  to   space 35840K, 0% used [0x00000007ac780000,0x00000007ac780000,0x00000007aea80000)
 ParOldGen       total 1417216K, used 1089184K [0x00000006c7800000, 0x000000071e000000, 0x0000000797d00000)
  object space 1417216K, 76% used [0x00000006c7800000,0x0000000709fa8380,0x000000071e000000)
 PSPermGen       total 83968K, used 54858K [0x00000006c2600000, 0x00000006c7800000, 0x00000006c7800000)
  object space 83968K, 65% used [0x00000006c2600000,0x00000006c5b92ae0,0x00000006c7800000)
}

