# JRE version: Java(TM) SE Runtime Environment (7.0_45-b18) (build 1.7.0_45-b18)
# Java VM: Java HotSpot(TM) 64-Bit Server VM (24.45-b08 mixed mode linux-amd64 compressed oops)
Heap
 PSYoungGen      total 349184K, used 202520K [0x0000000797d00000, 0x00000007b0f00000, 0x0000000800000000)
  eden space 287232K, 58% used [0x0000000797d00000,0x00000007a2069070,0x00000007a9580000)
  from space 61952K, 56% used [0x00000007a9580000,0x00000007ab7dd098,0x00000007ad200000)
  to   space 60416K, 0% used [0x00000007ad400000,0x00000007ad400000,0x00000007b0f00000)
 ParOldGen       total 1675264K, used 1390058K [0x00000006c7800000, 0x000000072dc00000, 0x0000000797d00000)
  object space 1675264K, 82% used [0x00000006c7800000,0x000000071c57aad8,0x000000072dc00000)
 PSPermGen       total 67072K, used 58761K [0x00000006c2600000, 0x00000006c6780000, 0x00000006c7800000)
  object space 67072K, 87% used [0x00000006c2600000,0x00000006c5f62778,0x00000006c6780000)
GC Heap History (10 events):
Event: 9170.886 GC heap before
{Heap before GC invocations=972 (full 17):
 PSYoungGen      total 346112K, used 314427K [0x0000000797d00000, 0x00000007b1100000, 0x0000000800000000)
  eden space 279552K, 100% used [0x0000000797d00000,0x00000007a8e00000,0x00000007a8e00000)
  from space 66560K, 52% used [0x00000007ad000000,0x00000007af20ec30,0x00000007b1100000)
  to   space 67072K, 0% used [0x00000007a8e00000,0x00000007a8e00000,0x00000007acf80000)
 ParOldGen       total 1675264K, used 1390034K [0x00000006c7800000, 0x000000072dc00000, 0x0000000797d00000)
  object space 1675264K, 82% used [0x00000006c7800000,0x000000071c574ad8,0x000000072dc00000)
 PSPermGen       total 67072K, used 58671K [0x00000006c2600000, 0x00000006c6780000, 0x00000006c7800000)
  object space 67072K, 87% used [0x00000006c2600000,0x00000006c5f4be10,0x00000006c6780000)
Event: 9170.900 GC heap after
Heap after GC invocations=972 (full 17):
 PSYoungGen      total 346624K, used 34677K [0x0000000797d00000, 0x00000007b1200000, 0x0000000800000000)
  eden space 279552K, 0% used [0x0000000797d00000,0x0000000797d00000,0x00000007a8e00000)
  from space 67072K, 51% used [0x00000007a8e00000,0x00000007aafdd5b0,0x00000007acf80000)
  to   space 66048K, 0% used [0x00000007ad180000,0x00000007ad180000,0x00000007b1200000)
 ParOldGen       total 1675264K, used 1390034K [0x00000006c7800000, 0x000000072dc00000, 0x0000000797d00000)
  object space 1675264K, 82% used [0x00000006c7800000,0x000000071c574ad8,0x000000072dc00000)
 PSPermGen       total 67072K, used 58671K [0x00000006c2600000, 0x00000006c6780000, 0x00000006c7800000)
  object space 67072K, 87% used [0x00000006c2600000,0x00000006c5f4be10,0x00000006c6780000)
}
Event: 9172.472 GC heap before
{Heap before GC invocations=973 (full 17):
 PSYoungGen      total 346624K, used 314229K [0x0000000797d00000, 0x00000007b1200000, 0x0000000800000000)
  eden space 279552K, 100% used [0x0000000797d00000,0x00000007a8e00000,0x00000007a8e00000)
  from space 67072K, 51% used [0x00000007a8e00000,0x00000007aafdd5b0,0x00000007acf80000)
  to   space 66048K, 0% used [0x00000007ad180000,0x00000007ad180000,0x00000007b1200000)
 ParOldGen       total 1675264K, used 1390034K [0x00000006c7800000, 0x000000072dc00000, 0x0000000797d00000)
  object space 1675264K, 82% used [0x00000006c7800000,0x000000071c574ad8,0x000000072dc00000)
 PSPermGen       total 67072K, used 58671K [0x00000006c2600000, 0x00000006c6780000, 0x00000006c7800000)
  object space 67072K, 87% used [0x00000006c2600000,0x00000006c5f4be30,0x00000006c6780000)
Event: 9172.487 GC heap after
Heap after GC invocations=973 (full 17):
 PSYoungGen      total 346624K, used 34837K [0x0000000797d00000, 0x00000007b0f80000, 0x0000000800000000)
  eden space 283136K, 0% used [0x0000000797d00000,0x0000000797d00000,0x00000007a9180000)
  from space 63488K, 54% used [0x00000007ad180000,0x00000007af3855d0,0x00000007b0f80000)
  to   space 64512K, 0% used [0x00000007a9180000,0x00000007a9180000,0x00000007ad080000)
 ParOldGen       total 1675264K, used 1390034K [0x00000006c7800000, 0x000000072dc00000, 0x0000000797d00000)
  object space 1675264K, 82% used [0x00000006c7800000,0x000000071c574ad8,0x000000072dc00000)
 PSPermGen       total 67072K, used 58671K [0x00000006c2600000, 0x00000006c6780000, 0x00000006c7800000)
  object space 67072K, 87% used [0x00000006c2600000,0x00000006c5f4be30,0x00000006c6780000)
}
Event: 9174.100 GC heap before
{Heap before GC invocations=974 (full 17):
 PSYoungGen      total 346624K, used 317973K [0x0000000797d00000, 0x00000007b0f80000, 0x0000000800000000)
  eden space 283136K, 100% used [0x0000000797d00000,0x00000007a9180000,0x00000007a9180000)
  from space 63488K, 54% used [0x00000007ad180000,0x00000007af3855d0,0x00000007b0f80000)
  to   space 64512K, 0% used [0x00000007a9180000,0x00000007a9180000,0x00000007ad080000)
 ParOldGen       total 1675264K, used 1390034K [0x00000006c7800000, 0x000000072dc00000, 0x0000000797d00000)
  object space 1675264K, 82% used [0x00000006c7800000,0x000000071c574ad8,0x000000072dc00000)
 PSPermGen       total 67072K, used 58672K [0x00000006c2600000, 0x00000006c6780000, 0x00000006c7800000)
  object space 67072K, 87% used [0x00000006c2600000,0x00000006c5f4c1d8,0x00000006c6780000)
Event: 9174.114 GC heap after
Heap after GC invocations=974 (full 17):
 PSYoungGen      total 347648K, used 34916K [0x0000000797d00000, 0x00000007b1080000, 0x0000000800000000)
  eden space 283136K, 0% used [0x0000000797d00000,0x0000000797d00000,0x00000007a9180000)
  from space 64512K, 54% used [0x00000007a9180000,0x00000007ab399088,0x00000007ad080000)
  to   space 62976K, 0% used [0x00000007ad300000,0x00000007ad300000,0x00000007b1080000)
 ParOldGen       total 1675264K, used 1390034K [0x00000006c7800000, 0x000000072dc00000, 0x0000000797d00000)
  object space 1675264K, 82% used [0x00000006c7800000,0x000000071c574ad8,0x000000072dc00000)
 PSPermGen       total 67072K, used 58672K [0x00000006c2600000, 0x00000006c6780000, 0x00000006c7800000)
  object space 67072K, 87% used [0x00000006c2600000,0x00000006c5f4c1d8,0x00000006c6780000)
}
Event: 9175.728 GC heap before
{Heap before GC invocations=975 (full 17):
 PSYoungGen      total 347648K, used 318052K [0x0000000797d00000, 0x00000007b1080000, 0x0000000800000000)
  eden space 283136K, 100% used [0x0000000797d00000,0x00000007a9180000,0x00000007a9180000)
  from space 64512K, 54% used [0x00000007a9180000,0x00000007ab399088,0x00000007ad080000)
  to   space 62976K, 0% used [0x00000007ad300000,0x00000007ad300000,0x00000007b1080000)
 ParOldGen       total 1675264K, used 1390034K [0x00000006c7800000, 0x000000072dc00000, 0x0000000797d00000)
  object space 1675264K, 82% used [0x00000006c7800000,0x000000071c574ad8,0x000000072dc00000)
 PSPermGen       total 67072K, used 58673K [0x00000006c2600000, 0x00000006c6780000, 0x00000006c7800000)
  object space 67072K, 87% used [0x00000006c2600000,0x00000006c5f4c4c0,0x00000006c6780000)
Event: 9175.742 GC heap after
Heap after GC invocations=975 (full 17):
 PSYoungGen      total 348160K, used 34652K [0x0000000797d00000, 0x00000007b0e80000, 0x0000000800000000)
  eden space 287232K, 0% used [0x0000000797d00000,0x0000000797d00000,0x00000007a9580000)
  from space 60928K, 56% used [0x00000007ad300000,0x00000007af4d7180,0x00000007b0e80000)
  to   space 61952K, 0% used [0x00000007a9580000,0x00000007a9580000,0x00000007ad200000)
 ParOldGen       total 1675264K, used 1390034K [0x00000006c7800000, 0x000000072dc00000, 0x0000000797d00000)
  object space 1675264K, 82% used [0x00000006c7800000,0x000000071c574ad8,0x000000072dc00000)
 PSPermGen       total 67072K, used 58673K [0x00000006c2600000, 0x00000006c6780000, 0x00000006c7800000)
  object space 67072K, 87% used [0x00000006c2600000,0x00000006c5f4c4c0,0x00000006c6780000)
}
Event: 9190.747 GC heap before
{Heap before GC invocations=976 (full 17):
 PSYoungGen      total 348160K, used 321884K [0x0000000797d00000, 0x00000007b0e80000, 0x0000000800000000)
  eden space 287232K, 100% used [0x0000000797d00000,0x00000007a9580000,0x00000007a9580000)
  from space 60928K, 56% used [0x00000007ad300000,0x00000007af4d7180,0x00000007b0e80000)
  to   space 61952K, 0% used [0x00000007a9580000,0x00000007a9580000,0x00000007ad200000)
 ParOldGen       total 1675264K, used 1390034K [0x00000006c7800000, 0x000000072dc00000, 0x0000000797d00000)
  object space 1675264K, 82% used [0x00000006c7800000,0x000000071c574ad8,0x000000072dc00000)
 PSPermGen       total 67072K, used 58673K [0x00000006c2600000, 0x00000006c6780000, 0x00000006c7800000)
  object space 67072K, 87% used [0x00000006c2600000,0x00000006c5f4c7b8,0x00000006c6780000)
Event: 9190.762 GC heap after
Heap after GC invocations=976 (full 17):
 PSYoungGen      total 349184K, used 35188K [0x0000000797d00000, 0x00000007b0f00000, 0x0000000800000000)
  eden space 287232K, 0% used [0x0000000797d00000,0x0000000797d00000,0x00000007a9580000)
  from space 61952K, 56% used [0x00000007a9580000,0x00000007ab7dd098,0x00000007ad200000)
  to   space 60416K, 0% used [0x00000007ad400000,0x00000007ad400000,0x00000007b0f00000)
 ParOldGen       total 1675264K, used 1390058K [0x00000006c7800000, 0x000000072dc00000, 0x0000000797d00000)
  object space 1675264K, 82% used [0x00000006c7800000,0x000000071c57aad8,0x000000072dc00000)
 PSPermGen       total 67072K, used 58673K [0x00000006c2600000, 0x00000006c6780000, 0x00000006c7800000)
  object space 67072K, 87% used [0x00000006c2600000,0x00000006c5f4c7b8,0x00000006c6780000)
}

