# JRE version: Java(TM) SE Runtime Environment (7.0_45-b18) (build 1.7.0_45-b18)
# Java VM: Java HotSpot(TM) 64-Bit Server VM (24.45-b08 mixed mode linux-amd64 compressed oops)
Heap
 PSYoungGen      total 88064K, used 74726K [0x0000000759500000, 0x0000000760a80000, 0x0000000800000000)
  eden space 59392K, 89% used [0x0000000759500000,0x000000075c8a0aa8,0x000000075cf00000)
  from space 28672K, 76% used [0x000000075ec80000,0x00000007601d9000,0x0000000760880000)
  to   space 30208K, 0% used [0x000000075cf00000,0x000000075cf00000,0x000000075ec80000)
 ParOldGen       total 175104K, used 25152K [0x000000060c000000, 0x0000000616b00000, 0x0000000759500000)
  object space 175104K, 14% used [0x000000060c000000,0x000000060d890268,0x0000000616b00000)
 PSPermGen       total 53248K, used 53142K [0x0000000606e00000, 0x000000060a200000, 0x000000060c000000)
  object space 53248K, 99% used [0x0000000606e00000,0x000000060a1e5838,0x000000060a200000)
GC Heap History (10 events):
Event: 8.023 GC heap before
{Heap before GC invocations=4 (full 0):
 PSYoungGen      total 76800K, used 76785K [0x0000000759500000, 0x000000075ea80000, 0x0000000800000000)
  eden space 66048K, 100% used [0x0000000759500000,0x000000075d580000,0x000000075d580000)
  from space 10752K, 99% used [0x000000075d580000,0x000000075dffc730,0x000000075e000000)
  to   space 10752K, 0% used [0x000000075e000000,0x000000075e000000,0x000000075ea80000)
 ParOldGen       total 175104K, used 6202K [0x000000060c000000, 0x0000000616b00000, 0x0000000759500000)
  object space 175104K, 3% used [0x000000060c000000,0x000000060c60e878,0x0000000616b00000)
 PSPermGen       total 37888K, used 37576K [0x0000000606e00000, 0x0000000609300000, 0x000000060c000000)
  object space 37888K, 99% used [0x0000000606e00000,0x00000006092b21c8,0x0000000609300000)
Event: 8.033 GC heap after
Heap after GC invocations=4 (full 0):
 PSYoungGen      total 76800K, used 10744K [0x0000000759500000, 0x000000075ea80000, 0x0000000800000000)
  eden space 66048K, 0% used [0x0000000759500000,0x0000000759500000,0x000000075d580000)
  from space 10752K, 99% used [0x000000075e000000,0x000000075ea7e3a0,0x000000075ea80000)
  to   space 10752K, 0% used [0x000000075d580000,0x000000075d580000,0x000000075e000000)
 ParOldGen       total 175104K, used 11874K [0x000000060c000000, 0x0000000616b00000, 0x0000000759500000)
  object space 175104K, 6% used [0x000000060c000000,0x000000060cb989e0,0x0000000616b00000)
 PSPermGen       total 37888K, used 37576K [0x0000000606e00000, 0x0000000609300000, 0x000000060c000000)
  object space 37888K, 99% used [0x0000000606e00000,0x00000006092b21c8,0x0000000609300000)
}
Event: 12.267 GC heap before
{Heap before GC invocations=5 (full 0):
 PSYoungGen      total 76800K, used 76792K [0x0000000759500000, 0x000000075ea80000, 0x0000000800000000)
  eden space 66048K, 100% used [0x0000000759500000,0x000000075d580000,0x000000075d580000)
  from space 10752K, 99% used [0x000000075e000000,0x000000075ea7e3a0,0x000000075ea80000)
  to   space 10752K, 0% used [0x000000075d580000,0x000000075d580000,0x000000075e000000)
 ParOldGen       total 175104K, used 11874K [0x000000060c000000, 0x0000000616b00000, 0x0000000759500000)
  object space 175104K, 6% used [0x000000060c000000,0x000000060cb989e0,0x0000000616b00000)
 PSPermGen       total 41472K, used 40982K [0x0000000606e00000, 0x0000000609680000, 0x000000060c000000)
  object space 41472K, 98% used [0x0000000606e00000,0x0000000609605930,0x0000000609680000)
Event: 12.275 GC heap after
Heap after GC invocations=5 (full 0):
 PSYoungGen      total 75264K, used 10735K [0x0000000759500000, 0x0000000760000000, 0x0000000800000000)
  eden space 64512K, 0% used [0x0000000759500000,0x0000000759500000,0x000000075d400000)
  from space 10752K, 99% used [0x000000075d580000,0x000000075dffbfe0,0x000000075e000000)
  to   space 22528K, 0% used [0x000000075ea00000,0x000000075ea00000,0x0000000760000000)
 ParOldGen       total 175104K, used 17047K [0x000000060c000000, 0x0000000616b00000, 0x0000000759500000)
  object space 175104K, 9% used [0x000000060c000000,0x000000060d0a5ec8,0x0000000616b00000)
 PSPermGen       total 41472K, used 40982K [0x0000000606e00000, 0x0000000609680000, 0x000000060c000000)
  object space 41472K, 98% used [0x0000000606e00000,0x0000000609605930,0x0000000609680000)
}
Event: 13.075 GC heap before
{Heap before GC invocations=6 (full 0):
 PSYoungGen      total 75264K, used 75247K [0x0000000759500000, 0x0000000760000000, 0x0000000800000000)
  eden space 64512K, 100% used [0x0000000759500000,0x000000075d400000,0x000000075d400000)
  from space 10752K, 99% used [0x000000075d580000,0x000000075dffbfe0,0x000000075e000000)
  to   space 22528K, 0% used [0x000000075ea00000,0x000000075ea00000,0x0000000760000000)
 ParOldGen       total 175104K, used 17047K [0x000000060c000000, 0x0000000616b00000, 0x0000000759500000)
  object space 175104K, 9% used [0x000000060c000000,0x000000060d0a5ec8,0x0000000616b00000)
 PSPermGen       total 50688K, used 50326K [0x0000000606e00000, 0x0000000609f80000, 0x000000060c000000)
  object space 50688K, 99% used [0x0000000606e00000,0x0000000609f25910,0x0000000609f80000)
Event: 13.087 GC heap after
Heap after GC invocations=6 (full 0):
 PSYoungGen      total 84480K, used 20174K [0x0000000759500000, 0x0000000760380000, 0x0000000800000000)
  eden space 61952K, 0% used [0x0000000759500000,0x0000000759500000,0x000000075d180000)
  from space 22528K, 89% used [0x000000075ea00000,0x000000075fdb3818,0x0000000760000000)
  to   space 25088K, 0% used [0x000000075d180000,0x000000075d180000,0x000000075ea00000)
 ParOldGen       total 175104K, used 17055K [0x000000060c000000, 0x0000000616b00000, 0x0000000759500000)
  object space 175104K, 9% used [0x000000060c000000,0x000000060d0a7ec8,0x0000000616b00000)
 PSPermGen       total 50688K, used 50326K [0x0000000606e00000, 0x0000000609f80000, 0x000000060c000000)
  object space 50688K, 99% used [0x0000000606e00000,0x0000000609f25910,0x0000000609f80000)
}
Event: 17.765 GC heap before
{Heap before GC invocations=7 (full 0):
 PSYoungGen      total 84480K, used 82126K [0x0000000759500000, 0x0000000760380000, 0x0000000800000000)
  eden space 61952K, 100% used [0x0000000759500000,0x000000075d180000,0x000000075d180000)
  from space 22528K, 89% used [0x000000075ea00000,0x000000075fdb3818,0x0000000760000000)
  to   space 25088K, 0% used [0x000000075d180000,0x000000075d180000,0x000000075ea00000)
 ParOldGen       total 175104K, used 17055K [0x000000060c000000, 0x0000000616b00000, 0x0000000759500000)
  object space 175104K, 9% used [0x000000060c000000,0x000000060d0a7ec8,0x0000000616b00000)
 PSPermGen       total 53248K, used 52836K [0x0000000606e00000, 0x000000060a200000, 0x000000060c000000)
  object space 53248K, 99% used [0x0000000606e00000,0x000000060a199128,0x000000060a200000)
Event: 17.777 GC heap after
Heap after GC invocations=7 (full 0):
 PSYoungGen      total 86016K, used 24080K [0x0000000759500000, 0x0000000760880000, 0x0000000800000000)
  eden space 60928K, 0% used [0x0000000759500000,0x0000000759500000,0x000000075d080000)
  from space 25088K, 95% used [0x000000075d180000,0x000000075e904278,0x000000075ea00000)
  to   space 28672K, 0% used [0x000000075ec80000,0x000000075ec80000,0x0000000760880000)
 ParOldGen       total 175104K, used 20994K [0x000000060c000000, 0x0000000616b00000, 0x0000000759500000)
  object space 175104K, 11% used [0x000000060c000000,0x000000060d480998,0x0000000616b00000)
 PSPermGen       total 53248K, used 52836K [0x0000000606e00000, 0x000000060a200000, 0x000000060c000000)
  object space 53248K, 99% used [0x0000000606e00000,0x000000060a199128,0x000000060a200000)
}
Event: 23.275 GC heap before
{Heap before GC invocations=8 (full 0):
 PSYoungGen      total 86016K, used 77635K [0x0000000759500000, 0x0000000760880000, 0x0000000800000000)
  eden space 60928K, 87% used [0x0000000759500000,0x000000075c94caa8,0x000000075d080000)
  from space 25088K, 95% used [0x000000075d180000,0x000000075e904278,0x000000075ea00000)
  to   space 28672K, 0% used [0x000000075ec80000,0x000000075ec80000,0x0000000760880000)
 ParOldGen       total 175104K, used 20994K [0x000000060c000000, 0x0000000616b00000, 0x0000000759500000)
  object space 175104K, 11% used [0x000000060c000000,0x000000060d480998,0x0000000616b00000)
 PSPermGen       total 53248K, used 52973K [0x0000000606e00000, 0x000000060a200000, 0x000000060c000000)
  object space 53248K, 99% used [0x0000000606e00000,0x000000060a1bb690,0x000000060a200000)
Event: 23.285 GC heap after
Heap after GC invocations=8 (full 0):
 PSYoungGen      total 88064K, used 21860K [0x0000000759500000, 0x0000000760a80000, 0x0000000800000000)
  eden space 59392K, 0% used [0x0000000759500000,0x0000000759500000,0x000000075cf00000)
  from space 28672K, 76% used [0x000000075ec80000,0x00000007601d9000,0x0000000760880000)
  to   space 30208K, 0% used [0x000000075cf00000,0x000000075cf00000,0x000000075ec80000)
 ParOldGen       total 175104K, used 25152K [0x000000060c000000, 0x0000000616b00000, 0x0000000759500000)
  object space 175104K, 14% used [0x000000060c000000,0x000000060d890268,0x0000000616b00000)
 PSPermGen       total 53248K, used 52973K [0x0000000606e00000, 0x000000060a200000, 0x000000060c000000)
  object space 53248K, 99% used [0x0000000606e00000,0x000000060a1bb690,0x000000060a200000)
}

