# JRE version: Java(TM) SE Runtime Environment (7.0_45-b18) (build 1.7.0_45-b18)
# Java VM: Java HotSpot(TM) 64-Bit Server VM (24.45-b08 mixed mode linux-amd64 compressed oops)
Heap
 PSYoungGen      total 80384K, used 74448K [0x0000000759500000, 0x000000075fa00000, 0x0000000800000000)
  eden space 60416K, 98% used [0x0000000759500000,0x000000075cf13780,0x000000075d000000)
  from space 19968K, 75% used [0x000000075e680000,0x000000075f5209f0,0x000000075fa00000)
  to   space 21504K, 0% used [0x000000075d000000,0x000000075d000000,0x000000075e500000)
 ParOldGen       total 175104K, used 23165K [0x000000060c000000, 0x0000000616b00000, 0x0000000759500000)
  object space 175104K, 13% used [0x000000060c000000,0x000000060d69f418,0x0000000616b00000)
 PSPermGen       total 55808K, used 55318K [0x0000000606e00000, 0x000000060a480000, 0x000000060c000000)
  object space 55808K, 99% used [0x0000000606e00000,0x000000060a405bb0,0x000000060a480000)
GC Heap History (10 events):
Event: 21.530 GC heap before
{Heap before GC invocations=4 (full 0):
 PSYoungGen      total 76800K, used 76786K [0x0000000759500000, 0x000000075ea80000, 0x0000000800000000)
  eden space 66048K, 100% used [0x0000000759500000,0x000000075d580000,0x000000075d580000)
  from space 10752K, 99% used [0x000000075d580000,0x000000075dffcb10,0x000000075e000000)
  to   space 10752K, 0% used [0x000000075e000000,0x000000075e000000,0x000000075ea80000)
 ParOldGen       total 175104K, used 5901K [0x000000060c000000, 0x0000000616b00000, 0x0000000759500000)
  object space 175104K, 3% used [0x000000060c000000,0x000000060c5c3630,0x0000000616b00000)
 PSPermGen       total 34304K, used 33919K [0x0000000606e00000, 0x0000000608f80000, 0x000000060c000000)
  object space 34304K, 98% used [0x0000000606e00000,0x0000000608f1fd58,0x0000000608f80000)
Event: 21.539 GC heap after
Heap after GC invocations=4 (full 0):
 PSYoungGen      total 76800K, used 10737K [0x0000000759500000, 0x000000075ea80000, 0x0000000800000000)
  eden space 66048K, 0% used [0x0000000759500000,0x0000000759500000,0x000000075d580000)
  from space 10752K, 99% used [0x000000075e000000,0x000000075ea7c738,0x000000075ea80000)
  to   space 10752K, 0% used [0x000000075d580000,0x000000075d580000,0x000000075e000000)
 ParOldGen       total 175104K, used 10215K [0x000000060c000000, 0x0000000616b00000, 0x0000000759500000)
  object space 175104K, 5% used [0x000000060c000000,0x000000060c9f9ee0,0x0000000616b00000)
 PSPermGen       total 34304K, used 33919K [0x0000000606e00000, 0x0000000608f80000, 0x000000060c000000)
  object space 34304K, 98% used [0x0000000606e00000,0x0000000608f1fd58,0x0000000608f80000)
}
Event: 29.436 GC heap before
{Heap before GC invocations=5 (full 0):
 PSYoungGen      total 76800K, used 76682K [0x0000000759500000, 0x000000075ea80000, 0x0000000800000000)
  eden space 66048K, 99% used [0x0000000759500000,0x000000075d5660e8,0x000000075d580000)
  from space 10752K, 99% used [0x000000075e000000,0x000000075ea7c738,0x000000075ea80000)
  to   space 10752K, 0% used [0x000000075d580000,0x000000075d580000,0x000000075e000000)
 ParOldGen       total 175104K, used 10215K [0x000000060c000000, 0x0000000616b00000, 0x0000000759500000)
  object space 175104K, 5% used [0x000000060c000000,0x000000060c9f9ee0,0x0000000616b00000)
 PSPermGen       total 40960K, used 40559K [0x0000000606e00000, 0x0000000609600000, 0x000000060c000000)
  object space 40960K, 99% used [0x0000000606e00000,0x000000060959bc48,0x0000000609600000)
Event: 29.446 GC heap after
Heap after GC invocations=5 (full 0):
 PSYoungGen      total 75264K, used 10740K [0x0000000759500000, 0x000000075fe00000, 0x0000000800000000)
  eden space 64512K, 0% used [0x0000000759500000,0x0000000759500000,0x000000075d400000)
  from space 10752K, 99% used [0x000000075d580000,0x000000075dffd020,0x000000075e000000)
  to   space 21504K, 0% used [0x000000075e900000,0x000000075e900000,0x000000075fe00000)
 ParOldGen       total 175104K, used 15376K [0x000000060c000000, 0x0000000616b00000, 0x0000000759500000)
  object space 175104K, 8% used [0x000000060c000000,0x000000060cf040d0,0x0000000616b00000)
 PSPermGen       total 40960K, used 40559K [0x0000000606e00000, 0x0000000609600000, 0x000000060c000000)
  object space 40960K, 99% used [0x0000000606e00000,0x000000060959bc48,0x0000000609600000)
}
Event: 37.353 GC heap before
{Heap before GC invocations=6 (full 0):
 PSYoungGen      total 75264K, used 75252K [0x0000000759500000, 0x000000075fe00000, 0x0000000800000000)
  eden space 64512K, 100% used [0x0000000759500000,0x000000075d400000,0x000000075d400000)
  from space 10752K, 99% used [0x000000075d580000,0x000000075dffd020,0x000000075e000000)
  to   space 21504K, 0% used [0x000000075e900000,0x000000075e900000,0x000000075fe00000)
 ParOldGen       total 175104K, used 15376K [0x000000060c000000, 0x0000000616b00000, 0x0000000759500000)
  object space 175104K, 8% used [0x000000060c000000,0x000000060cf040d0,0x0000000616b00000)
 PSPermGen       total 43520K, used 43228K [0x0000000606e00000, 0x0000000609880000, 0x000000060c000000)
  object space 43520K, 99% used [0x0000000606e00000,0x00000006098372a0,0x0000000609880000)
Event: 37.361 GC heap after
Heap after GC invocations=6 (full 0):
 PSYoungGen      total 81920K, used 13709K [0x0000000759500000, 0x000000075fb80000, 0x0000000800000000)
  eden space 62976K, 0% used [0x0000000759500000,0x0000000759500000,0x000000075d280000)
  from space 18944K, 72% used [0x000000075e900000,0x000000075f6636a8,0x000000075fb80000)
  to   space 20992K, 0% used [0x000000075d280000,0x000000075d280000,0x000000075e700000)
 ParOldGen       total 175104K, used 15376K [0x000000060c000000, 0x0000000616b00000, 0x0000000759500000)
  object space 175104K, 8% used [0x000000060c000000,0x000000060cf040d0,0x0000000616b00000)
 PSPermGen       total 43520K, used 43228K [0x0000000606e00000, 0x0000000609880000, 0x000000060c000000)
  object space 43520K, 99% used [0x0000000606e00000,0x00000006098372a0,0x0000000609880000)
}
Event: 38.018 GC heap before
{Heap before GC invocations=7 (full 0):
 PSYoungGen      total 81920K, used 76685K [0x0000000759500000, 0x000000075fb80000, 0x0000000800000000)
  eden space 62976K, 100% used [0x0000000759500000,0x000000075d280000,0x000000075d280000)
  from space 18944K, 72% used [0x000000075e900000,0x000000075f6636a8,0x000000075fb80000)
  to   space 20992K, 0% used [0x000000075d280000,0x000000075d280000,0x000000075e700000)
 ParOldGen       total 175104K, used 15376K [0x000000060c000000, 0x0000000616b00000, 0x0000000759500000)
  object space 175104K, 8% used [0x000000060c000000,0x000000060cf040d0,0x0000000616b00000)
 PSPermGen       total 52736K, used 52677K [0x0000000606e00000, 0x000000060a180000, 0x000000060c000000)
  object space 52736K, 99% used [0x0000000606e00000,0x000000060a1714b0,0x000000060a180000)
Event: 38.030 GC heap after
Heap after GC invocations=7 (full 0):
 PSYoungGen      total 78848K, used 16938K [0x0000000759500000, 0x000000075fc00000, 0x0000000800000000)
  eden space 61440K, 0% used [0x0000000759500000,0x0000000759500000,0x000000075d100000)
  from space 17408K, 97% used [0x000000075d280000,0x000000075e30aa08,0x000000075e380000)
  to   space 22016K, 0% used [0x000000075e680000,0x000000075e680000,0x000000075fc00000)
 ParOldGen       total 175104K, used 19351K [0x000000060c000000, 0x0000000616b00000, 0x0000000759500000)
  object space 175104K, 11% used [0x000000060c000000,0x000000060d2e5d20,0x0000000616b00000)
 PSPermGen       total 52736K, used 52677K [0x0000000606e00000, 0x000000060a180000, 0x000000060c000000)
  object space 52736K, 99% used [0x0000000606e00000,0x000000060a1714b0,0x000000060a180000)
}
Event: 54.591 GC heap before
{Heap before GC invocations=8 (full 0):
 PSYoungGen      total 78848K, used 78378K [0x0000000759500000, 0x000000075fc00000, 0x0000000800000000)
  eden space 61440K, 100% used [0x0000000759500000,0x000000075d100000,0x000000075d100000)
  from space 17408K, 97% used [0x000000075d280000,0x000000075e30aa08,0x000000075e380000)
  to   space 22016K, 0% used [0x000000075e680000,0x000000075e680000,0x000000075fc00000)
 ParOldGen       total 175104K, used 19351K [0x000000060c000000, 0x0000000616b00000, 0x0000000759500000)
  object space 175104K, 11% used [0x000000060c000000,0x000000060d2e5d20,0x0000000616b00000)
 PSPermGen       total 54272K, used 54140K [0x0000000606e00000, 0x000000060a300000, 0x000000060c000000)
  object space 54272K, 99% used [0x0000000606e00000,0x000000060a2df240,0x000000060a300000)
Event: 54.601 GC heap after
Heap after GC invocations=8 (full 0):
 PSYoungGen      total 80384K, used 14978K [0x0000000759500000, 0x000000075fa00000, 0x0000000800000000)
  eden space 60416K, 0% used [0x0000000759500000,0x0000000759500000,0x000000075d000000)
  from space 19968K, 75% used [0x000000075e680000,0x000000075f5209f0,0x000000075fa00000)
  to   space 21504K, 0% used [0x000000075d000000,0x000000075d000000,0x000000075e500000)
 ParOldGen       total 175104K, used 23165K [0x000000060c000000, 0x0000000616b00000, 0x0000000759500000)
  object space 175104K, 13% used [0x000000060c000000,0x000000060d69f418,0x0000000616b00000)
 PSPermGen       total 54272K, used 54140K [0x0000000606e00000, 0x000000060a300000, 0x000000060c000000)
  object space 54272K, 99% used [0x0000000606e00000,0x000000060a2df240,0x000000060a300000)
}

