# JRE version: Java(TM) SE Runtime Environment (7.0_45-b18) (build 1.7.0_45-b18)
# Java VM: Java HotSpot(TM) 64-Bit Server VM (24.45-b08 mixed mode linux-amd64 compressed oops)
Heap
 PSYoungGen      total 247296K, used 228985K [0x0000000759500000, 0x0000000768800000, 0x0000000800000000)
  eden space 246272K, 92% used [0x0000000759500000,0x00000007673e2798,0x0000000768580000)
  from space 1024K, 73% used [0x0000000768580000,0x000000076863c010,0x0000000768680000)
  to   space 1024K, 0% used [0x0000000768700000,0x0000000768700000,0x0000000768800000)
 ParOldGen       total 1721856K, used 1393652K [0x000000060c000000, 0x0000000675180000, 0x0000000759500000)
  object space 1721856K, 80% used [0x000000060c000000,0x00000006610fd118,0x0000000675180000)
 PSPermGen       total 83968K, used 56123K [0x0000000606e00000, 0x000000060c000000, 0x000000060c000000)
  object space 83968K, 66% used [0x0000000606e00000,0x000000060a4cef88,0x000000060c000000)
GC Heap History (10 events):
Event: 1708.408 GC heap before
{Heap before GC invocations=173 (full 6):
 PSYoungGen      total 246272K, used 245728K [0x0000000759500000, 0x0000000768680000, 0x0000000800000000)
  eden space 245248K, 100% used [0x0000000759500000,0x0000000768480000,0x0000000768480000)
  from space 1024K, 46% used [0x0000000768580000,0x00000007685f8000,0x0000000768680000)
  to   space 1024K, 0% used [0x0000000768480000,0x0000000768480000,0x0000000768580000)
 ParOldGen       total 1721856K, used 1393316K [0x000000060c000000, 0x0000000675180000, 0x0000000759500000)
  object space 1721856K, 80% used [0x000000060c000000,0x00000006610a9118,0x0000000675180000)
 PSPermGen       total 83968K, used 52390K [0x0000000606e00000, 0x000000060c000000, 0x000000060c000000)
  object space 83968K, 62% used [0x0000000606e00000,0x000000060a1298b8,0x000000060c000000)
Event: 1708.414 GC heap after
Heap after GC invocations=173 (full 6):
 PSYoungGen      total 246272K, used 448K [0x0000000759500000, 0x0000000768700000, 0x0000000800000000)
  eden space 245248K, 0% used [0x0000000759500000,0x0000000759500000,0x0000000768480000)
  from space 1024K, 43% used [0x0000000768480000,0x00000007684f0000,0x0000000768580000)
  to   space 1024K, 0% used [0x0000000768600000,0x0000000768600000,0x0000000768700000)
 ParOldGen       total 1721856K, used 1393316K [0x000000060c000000, 0x0000000675180000, 0x0000000759500000)
  object space 1721856K, 80% used [0x000000060c000000,0x00000006610a9118,0x0000000675180000)
 PSPermGen       total 83968K, used 52390K [0x0000000606e00000, 0x000000060c000000, 0x000000060c000000)
  object space 83968K, 62% used [0x0000000606e00000,0x000000060a1298b8,0x000000060c000000)
}
Event: 1718.926 GC heap before
{Heap before GC invocations=174 (full 6):
 PSYoungGen      total 246272K, used 245696K [0x0000000759500000, 0x0000000768700000, 0x0000000800000000)
  eden space 245248K, 100% used [0x0000000759500000,0x0000000768480000,0x0000000768480000)
  from space 1024K, 43% used [0x0000000768480000,0x00000007684f0000,0x0000000768580000)
  to   space 1024K, 0% used [0x0000000768600000,0x0000000768600000,0x0000000768700000)
 ParOldGen       total 1721856K, used 1393316K [0x000000060c000000, 0x0000000675180000, 0x0000000759500000)
  object space 1721856K, 80% used [0x000000060c000000,0x00000006610a9118,0x0000000675180000)
 PSPermGen       total 83968K, used 52390K [0x0000000606e00000, 0x000000060c000000, 0x000000060c000000)
  object space 83968K, 62% used [0x0000000606e00000,0x000000060a1298b8,0x000000060c000000)
Event: 1718.931 GC heap after
Heap after GC invocations=174 (full 6):
 PSYoungGen      total 246784K, used 288K [0x0000000759500000, 0x0000000768700000, 0x0000000800000000)
  eden space 245760K, 0% used [0x0000000759500000,0x0000000759500000,0x0000000768500000)
  from space 1024K, 28% used [0x0000000768600000,0x0000000768648000,0x0000000768700000)
  to   space 1024K, 0% used [0x0000000768500000,0x0000000768500000,0x0000000768600000)
 ParOldGen       total 1721856K, used 1393612K [0x000000060c000000, 0x0000000675180000, 0x0000000759500000)
  object space 1721856K, 80% used [0x000000060c000000,0x00000006610f3118,0x0000000675180000)
 PSPermGen       total 83968K, used 52390K [0x0000000606e00000, 0x000000060c000000, 0x000000060c000000)
  object space 83968K, 62% used [0x0000000606e00000,0x000000060a1298b8,0x000000060c000000)
}
Event: 1729.444 GC heap before
{Heap before GC invocations=175 (full 6):
 PSYoungGen      total 246784K, used 246048K [0x0000000759500000, 0x0000000768700000, 0x0000000800000000)
  eden space 245760K, 100% used [0x0000000759500000,0x0000000768500000,0x0000000768500000)
  from space 1024K, 28% used [0x0000000768600000,0x0000000768648000,0x0000000768700000)
  to   space 1024K, 0% used [0x0000000768500000,0x0000000768500000,0x0000000768600000)
 ParOldGen       total 1721856K, used 1393612K [0x000000060c000000, 0x0000000675180000, 0x0000000759500000)
  object space 1721856K, 80% used [0x000000060c000000,0x00000006610f3118,0x0000000675180000)
 PSPermGen       total 83968K, used 52390K [0x0000000606e00000, 0x000000060c000000, 0x000000060c000000)
  object space 83968K, 62% used [0x0000000606e00000,0x000000060a1298b8,0x000000060c000000)
Event: 1729.449 GC heap after
Heap after GC invocations=175 (full 6):
 PSYoungGen      total 246784K, used 192K [0x0000000759500000, 0x0000000768780000, 0x0000000800000000)
  eden space 245760K, 0% used [0x0000000759500000,0x0000000759500000,0x0000000768500000)
  from space 1024K, 18% used [0x0000000768500000,0x0000000768530000,0x0000000768600000)
  to   space 1024K, 0% used [0x0000000768680000,0x0000000768680000,0x0000000768780000)
 ParOldGen       total 1721856K, used 1393620K [0x000000060c000000, 0x0000000675180000, 0x0000000759500000)
  object space 1721856K, 80% used [0x000000060c000000,0x00000006610f5118,0x0000000675180000)
 PSPermGen       total 83968K, used 52390K [0x0000000606e00000, 0x000000060c000000, 0x000000060c000000)
  object space 83968K, 62% used [0x0000000606e00000,0x000000060a1298b8,0x000000060c000000)
}
Event: 1739.960 GC heap before
{Heap before GC invocations=176 (full 6):
 PSYoungGen      total 246784K, used 245952K [0x0000000759500000, 0x0000000768780000, 0x0000000800000000)
  eden space 245760K, 100% used [0x0000000759500000,0x0000000768500000,0x0000000768500000)
  from space 1024K, 18% used [0x0000000768500000,0x0000000768530000,0x0000000768600000)
  to   space 1024K, 0% used [0x0000000768680000,0x0000000768680000,0x0000000768780000)
 ParOldGen       total 1721856K, used 1393620K [0x000000060c000000, 0x0000000675180000, 0x0000000759500000)
  object space 1721856K, 80% used [0x000000060c000000,0x00000006610f5118,0x0000000675180000)
 PSPermGen       total 83968K, used 52390K [0x0000000606e00000, 0x000000060c000000, 0x000000060c000000)
  object space 83968K, 62% used [0x0000000606e00000,0x000000060a1298b8,0x000000060c000000)
Event: 1739.966 GC heap after
Heap after GC invocations=176 (full 6):
 PSYoungGen      total 247296K, used 224K [0x0000000759500000, 0x0000000768780000, 0x0000000800000000)
  eden space 246272K, 0% used [0x0000000759500000,0x0000000759500000,0x0000000768580000)
  from space 1024K, 21% used [0x0000000768680000,0x00000007686b8000,0x0000000768780000)
  to   space 1024K, 0% used [0x0000000768580000,0x0000000768580000,0x0000000768680000)
 ParOldGen       total 1721856K, used 1393628K [0x000000060c000000, 0x0000000675180000, 0x0000000759500000)
  object space 1721856K, 80% used [0x000000060c000000,0x00000006610f7118,0x0000000675180000)
 PSPermGen       total 83968K, used 52390K [0x0000000606e00000, 0x000000060c000000, 0x000000060c000000)
  object space 83968K, 62% used [0x0000000606e00000,0x000000060a1298b8,0x000000060c000000)
}
Event: 1749.125 GC heap before
{Heap before GC invocations=177 (full 6):
 PSYoungGen      total 247296K, used 246496K [0x0000000759500000, 0x0000000768780000, 0x0000000800000000)
  eden space 246272K, 100% used [0x0000000759500000,0x0000000768580000,0x0000000768580000)
  from space 1024K, 21% used [0x0000000768680000,0x00000007686b8000,0x0000000768780000)
  to   space 1024K, 0% used [0x0000000768580000,0x0000000768580000,0x0000000768680000)
 ParOldGen       total 1721856K, used 1393628K [0x000000060c000000, 0x0000000675180000, 0x0000000759500000)
  object space 1721856K, 80% used [0x000000060c000000,0x00000006610f7118,0x0000000675180000)
 PSPermGen       total 83968K, used 52539K [0x0000000606e00000, 0x000000060c000000, 0x000000060c000000)
  object space 83968K, 62% used [0x0000000606e00000,0x000000060a14ef10,0x000000060c000000)
Event: 1749.130 GC heap after
Heap after GC invocations=177 (full 6):
 PSYoungGen      total 247296K, used 752K [0x0000000759500000, 0x0000000768800000, 0x0000000800000000)
  eden space 246272K, 0% used [0x0000000759500000,0x0000000759500000,0x0000000768580000)
  from space 1024K, 73% used [0x0000000768580000,0x000000076863c010,0x0000000768680000)
  to   space 1024K, 0% used [0x0000000768700000,0x0000000768700000,0x0000000768800000)
 ParOldGen       total 1721856K, used 1393652K [0x000000060c000000, 0x0000000675180000, 0x0000000759500000)
  object space 1721856K, 80% used [0x000000060c000000,0x00000006610fd118,0x0000000675180000)
 PSPermGen       total 83968K, used 52539K [0x0000000606e00000, 0x000000060c000000, 0x000000060c000000)
  object space 83968K, 62% used [0x0000000606e00000,0x000000060a14ef10,0x000000060c000000)
}

