# JRE version: Java(TM) SE Runtime Environment (7.0_45-b18) (build 1.7.0_45-b18)
# Java VM: Java HotSpot(TM) 64-Bit Server VM (24.45-b08 mixed mode linux-amd64 compressed oops)
Heap
 PSYoungGen      total 795136K, used 727852K [0x0000000759500000, 0x00000007a7b80000, 0x0000000800000000)
  eden space 544256K, 89% used [0x0000000759500000,0x0000000776f60500,0x000000077a880000)
  from space 250880K, 96% used [0x0000000793580000,0x00000007a21eacf8,0x00000007a2a80000)
  to   space 370176K, 0% used [0x000000077a880000,0x000000077a880000,0x0000000791200000)
 ParOldGen       total 1241600K, used 744446K [0x000000060c000000, 0x0000000657c80000, 0x0000000759500000)
  object space 1241600K, 59% used [0x000000060c000000,0x00000006396ffb60,0x0000000657c80000)
 PSPermGen       total 83968K, used 50689K [0x0000000606e00000, 0x000000060c000000, 0x000000060c000000)
  object space 83968K, 60% used [0x0000000606e00000,0x0000000609f807f8,0x000000060c000000)
GC Heap History (10 events):
Event: 15.031 GC heap before
{Heap before GC invocations=9 (full 1):
 PSYoungGen      total 494080K, used 24053K [0x0000000759500000, 0x0000000783a00000, 0x0000000800000000)
  eden space 470016K, 0% used [0x0000000759500000,0x0000000759500000,0x0000000776000000)
  from space 24064K, 99% used [0x000000077b080000,0x000000077c7fd778,0x000000077c800000)
  to   space 82432K, 0% used [0x0000000776000000,0x0000000776000000,0x000000077b080000)
 ParOldGen       total 175104K, used 140622K [0x000000060c000000, 0x0000000616b00000, 0x0000000759500000)
  object space 175104K, 80% used [0x000000060c000000,0x0000000614953ba8,0x0000000616b00000)
 PSPermGen       total 48640K, used 48491K [0x0000000606e00000, 0x0000000609d80000, 0x000000060c000000)
  object space 48640K, 99% used [0x0000000606e00000,0x0000000609d5ae30,0x0000000609d80000)
Event: 15.184 GC heap after
Heap after GC invocations=9 (full 1):
 PSYoungGen      total 494080K, used 0K [0x0000000759500000, 0x0000000783a00000, 0x0000000800000000)
  eden space 470016K, 0% used [0x0000000759500000,0x0000000759500000,0x0000000776000000)
  from space 24064K, 0% used [0x000000077b080000,0x000000077b080000,0x000000077c800000)
  to   space 82432K, 0% used [0x0000000776000000,0x0000000776000000,0x000000077b080000)
 ParOldGen       total 317440K, used 160810K [0x000000060c000000, 0x000000061f600000, 0x0000000759500000)
  object space 317440K, 50% used [0x000000060c000000,0x0000000615d0aae8,0x000000061f600000)
 PSPermGen       total 83968K, used 48471K [0x0000000606e00000, 0x000000060c000000, 0x000000060c000000)
  object space 83968K, 57% used [0x0000000606e00000,0x0000000609d55d78,0x000000060c000000)
}
Event: 15.335 GC heap before
{Heap before GC invocations=10 (full 1):
 PSYoungGen      total 494080K, used 470016K [0x0000000759500000, 0x0000000783a00000, 0x0000000800000000)
  eden space 470016K, 100% used [0x0000000759500000,0x0000000776000000,0x0000000776000000)
  from space 24064K, 0% used [0x000000077b080000,0x000000077b080000,0x000000077c800000)
  to   space 82432K, 0% used [0x0000000776000000,0x0000000776000000,0x000000077b080000)
 ParOldGen       total 317440K, used 160810K [0x000000060c000000, 0x000000061f600000, 0x0000000759500000)
  object space 317440K, 50% used [0x000000060c000000,0x0000000615d0aae8,0x000000061f600000)
 PSPermGen       total 83968K, used 48510K [0x0000000606e00000, 0x000000060c000000, 0x000000060c000000)
  object space 83968K, 57% used [0x0000000606e00000,0x0000000609d5f9d8,0x000000060c000000)
Event: 15.384 GC heap after
Heap after GC invocations=10 (full 1):
 PSYoungGen      total 552448K, used 82424K [0x0000000759500000, 0x00000007a2a80000, 0x0000000800000000)
  eden space 470016K, 0% used [0x0000000759500000,0x0000000759500000,0x0000000776000000)
  from space 82432K, 99% used [0x0000000776000000,0x000000077b07e058,0x000000077b080000)
  to   space 250880K, 0% used [0x0000000793580000,0x0000000793580000,0x00000007a2a80000)
 ParOldGen       total 542208K, used 539236K [0x000000060c000000, 0x000000062d180000, 0x0000000759500000)
  object space 542208K, 99% used [0x000000060c000000,0x000000062ce99230,0x000000062d180000)
 PSPermGen       total 83968K, used 48510K [0x0000000606e00000, 0x000000060c000000, 0x000000060c000000)
  object space 83968K, 57% used [0x0000000606e00000,0x0000000609d5f9d8,0x000000060c000000)
}
Event: 15.384 GC heap before
{Heap before GC invocations=11 (full 2):
 PSYoungGen      total 552448K, used 82424K [0x0000000759500000, 0x00000007a2a80000, 0x0000000800000000)
  eden space 470016K, 0% used [0x0000000759500000,0x0000000759500000,0x0000000776000000)
  from space 82432K, 99% used [0x0000000776000000,0x000000077b07e058,0x000000077b080000)
  to   space 250880K, 0% used [0x0000000793580000,0x0000000793580000,0x00000007a2a80000)
 ParOldGen       total 542208K, used 539236K [0x000000060c000000, 0x000000062d180000, 0x0000000759500000)
  object space 542208K, 99% used [0x000000060c000000,0x000000062ce99230,0x000000062d180000)
 PSPermGen       total 83968K, used 48510K [0x0000000606e00000, 0x000000060c000000, 0x000000060c000000)
  object space 83968K, 57% used [0x0000000606e00000,0x0000000609d5f9d8,0x000000060c000000)
Event: 15.531 GC heap after
Heap after GC invocations=11 (full 2):
 PSYoungGen      total 552448K, used 74637K [0x0000000759500000, 0x00000007a2a80000, 0x0000000800000000)
  eden space 470016K, 0% used [0x0000000759500000,0x0000000759500000,0x0000000776000000)
  from space 82432K, 90% used [0x0000000776000000,0x000000077a8e34f8,0x000000077b080000)
  to   space 250880K, 0% used [0x0000000793580000,0x0000000793580000,0x00000007a2a80000)
 ParOldGen       total 920064K, used 542038K [0x000000060c000000, 0x0000000644280000, 0x0000000759500000)
  object space 920064K, 58% used [0x000000060c000000,0x000000062d155800,0x0000000644280000)
 PSPermGen       total 83968K, used 48510K [0x0000000606e00000, 0x000000060c000000, 0x000000060c000000)
  object space 83968K, 57% used [0x0000000606e00000,0x0000000609d5f9b8,0x000000060c000000)
}
Event: 15.818 GC heap before
{Heap before GC invocations=12 (full 2):
 PSYoungGen      total 552448K, used 449125K [0x0000000759500000, 0x00000007a2a80000, 0x0000000800000000)
  eden space 470016K, 79% used [0x0000000759500000,0x00000007702b61b0,0x0000000776000000)
  from space 82432K, 90% used [0x0000000776000000,0x000000077a8e34f8,0x000000077b080000)
  to   space 250880K, 0% used [0x0000000793580000,0x0000000793580000,0x00000007a2a80000)
 ParOldGen       total 920064K, used 542038K [0x000000060c000000, 0x0000000644280000, 0x0000000759500000)
  object space 920064K, 58% used [0x000000060c000000,0x000000062d155800,0x0000000644280000)
 PSPermGen       total 83968K, used 48601K [0x0000000606e00000, 0x000000060c000000, 0x000000060c000000)
  object space 83968K, 57% used [0x0000000606e00000,0x0000000609d76538,0x000000060c000000)
Event: 15.910 GC heap after
Heap after GC invocations=12 (full 2):
 PSYoungGen      total 795136K, used 250856K [0x0000000759500000, 0x00000007a7b80000, 0x0000000800000000)
  eden space 544256K, 0% used [0x0000000759500000,0x0000000759500000,0x000000077a880000)
  from space 250880K, 99% used [0x0000000793580000,0x00000007a2a7a0d8,0x00000007a2a80000)
  to   space 370176K, 0% used [0x000000077a880000,0x000000077a880000,0x0000000791200000)
 ParOldGen       total 920064K, used 737850K [0x000000060c000000, 0x0000000644280000, 0x0000000759500000)
  object space 920064K, 80% used [0x000000060c000000,0x000000063908e838,0x0000000644280000)
 PSPermGen       total 83968K, used 48601K [0x0000000606e00000, 0x000000060c000000, 0x000000060c000000)
  object space 83968K, 57% used [0x0000000606e00000,0x0000000609d76538,0x000000060c000000)
}
Event: 15.910 GC heap before
{Heap before GC invocations=13 (full 3):
 PSYoungGen      total 795136K, used 250856K [0x0000000759500000, 0x00000007a7b80000, 0x0000000800000000)
  eden space 544256K, 0% used [0x0000000759500000,0x0000000759500000,0x000000077a880000)
  from space 250880K, 99% used [0x0000000793580000,0x00000007a2a7a0d8,0x00000007a2a80000)
  to   space 370176K, 0% used [0x000000077a880000,0x000000077a880000,0x0000000791200000)
 ParOldGen       total 920064K, used 737850K [0x000000060c000000, 0x0000000644280000, 0x0000000759500000)
  object space 920064K, 80% used [0x000000060c000000,0x000000063908e838,0x0000000644280000)
 PSPermGen       total 83968K, used 48601K [0x0000000606e00000, 0x000000060c000000, 0x000000060c000000)
  object space 83968K, 57% used [0x0000000606e00000,0x0000000609d76538,0x000000060c000000)
Event: 16.110 GC heap after
Heap after GC invocations=13 (full 3):
 PSYoungGen      total 795136K, used 242091K [0x0000000759500000, 0x00000007a7b80000, 0x0000000800000000)
  eden space 544256K, 0% used [0x0000000759500000,0x0000000759500000,0x000000077a880000)
  from space 250880K, 96% used [0x0000000793580000,0x00000007a21eacf8,0x00000007a2a80000)
  to   space 370176K, 0% used [0x000000077a880000,0x000000077a880000,0x0000000791200000)
 ParOldGen       total 1241600K, used 744446K [0x000000060c000000, 0x0000000657c80000, 0x0000000759500000)
  object space 1241600K, 59% used [0x000000060c000000,0x00000006396ffb60,0x0000000657c80000)
 PSPermGen       total 83968K, used 48601K [0x0000000606e00000, 0x000000060c000000, 0x000000060c000000)
  object space 83968K, 57% used [0x0000000606e00000,0x0000000609d76538,0x000000060c000000)
}

