# JRE version: Java(TM) SE Runtime Environment (7.0_45-b18) (build 1.7.0_45-b18)
# Java VM: Java HotSpot(TM) 64-Bit Server VM (24.45-b08 mixed mode linux-amd64 compressed oops)
Heap
 PSYoungGen      total 184832K, used 183199K [0x00000000eb280000, 0x00000000fb180000, 0x0000000100000000)
  eden space 183296K, 99% used [0x00000000eb280000,0x00000000f6417118,0x00000000f6580000)
  from space 1536K, 87% used [0x00000000f6c00000,0x00000000f6d50b08,0x00000000f6d80000)
  to   space 38912K, 0% used [0x00000000f8b80000,0x00000000f8b80000,0x00000000fb180000)
 ParOldGen       total 175104K, used 128468K [0x00000000c1800000, 0x00000000cc300000, 0x00000000eb280000)
  object space 175104K, 73% used [0x00000000c1800000,0x00000000c9575398,0x00000000cc300000)
 PSPermGen       total 55808K, used 55434K [0x00000000bc600000, 0x00000000bfc80000, 0x00000000c1800000)
  object space 55808K, 99% used [0x00000000bc600000,0x00000000bfc22840,0x00000000bfc80000)
GC Heap History (10 events):
Event: 165.837 GC heap before
{Heap before GC invocations=17 (full 0):
 PSYoungGen      total 257536K, used 221536K [0x00000000eb280000, 0x00000000fe400000, 0x0000000100000000)
  eden space 220672K, 100% used [0x00000000eb280000,0x00000000f8a00000,0x00000000f8a00000)
  from space 36864K, 2% used [0x00000000fc000000,0x00000000fc0d8000,0x00000000fe400000)
  to   space 46080K, 0% used [0x00000000f8a00000,0x00000000f8a00000,0x00000000fb700000)
 ParOldGen       total 175104K, used 127617K [0x00000000c1800000, 0x00000000cc300000, 0x00000000eb280000)
  object space 175104K, 72% used [0x00000000c1800000,0x00000000c94a0670,0x00000000cc300000)
 PSPermGen       total 53248K, used 53232K [0x00000000bc600000, 0x00000000bfa00000, 0x00000000c1800000)
  object space 53248K, 99% used [0x00000000bc600000,0x00000000bf9fc358,0x00000000bfa00000)
Event: 165.840 GC heap after
Heap after GC invocations=17 (full 0):
 PSYoungGen      total 213504K, used 896K [0x00000000eb280000, 0x00000000fda00000, 0x0000000100000000)
  eden space 212480K, 0% used [0x00000000eb280000,0x00000000eb280000,0x00000000f8200000)
  from space 1024K, 87% used [0x00000000f8a00000,0x00000000f8ae0000,0x00000000f8b00000)
  to   space 45056K, 0% used [0x00000000fae00000,0x00000000fae00000,0x00000000fda00000)
 ParOldGen       total 175104K, used 127657K [0x00000000c1800000, 0x00000000cc300000, 0x00000000eb280000)
  object space 175104K, 72% used [0x00000000c1800000,0x00000000c94aa670,0x00000000cc300000)
 PSPermGen       total 53248K, used 53232K [0x00000000bc600000, 0x00000000bfa00000, 0x00000000c1800000)
  object space 53248K, 99% used [0x00000000bc600000,0x00000000bf9fc358,0x00000000bfa00000)
}
Event: 199.607 GC heap before
{Heap before GC invocations=18 (full 0):
 PSYoungGen      total 213504K, used 213376K [0x00000000eb280000, 0x00000000fda00000, 0x0000000100000000)
  eden space 212480K, 100% used [0x00000000eb280000,0x00000000f8200000,0x00000000f8200000)
  from space 1024K, 87% used [0x00000000f8a00000,0x00000000f8ae0000,0x00000000f8b00000)
  to   space 45056K, 0% used [0x00000000fae00000,0x00000000fae00000,0x00000000fda00000)
 ParOldGen       total 175104K, used 127657K [0x00000000c1800000, 0x00000000cc300000, 0x00000000eb280000)
  object space 175104K, 72% used [0x00000000c1800000,0x00000000c94aa670,0x00000000cc300000)
 PSPermGen       total 53760K, used 53692K [0x00000000bc600000, 0x00000000bfa80000, 0x00000000c1800000)
  object space 53760K, 99% used [0x00000000bc600000,0x00000000bfa6f0f0,0x00000000bfa80000)
Event: 199.610 GC heap after
Heap after GC invocations=18 (full 0):
 PSYoungGen      total 239104K, used 1458K [0x00000000eb280000, 0x00000000fcf80000, 0x0000000100000000)
  eden space 204800K, 0% used [0x00000000eb280000,0x00000000eb280000,0x00000000f7a80000)
  from space 34304K, 4% used [0x00000000fae00000,0x00000000faf6caf8,0x00000000fcf80000)
  to   space 43520K, 0% used [0x00000000f7a80000,0x00000000f7a80000,0x00000000fa500000)
 ParOldGen       total 175104K, used 127713K [0x00000000c1800000, 0x00000000cc300000, 0x00000000eb280000)
  object space 175104K, 72% used [0x00000000c1800000,0x00000000c94b8670,0x00000000cc300000)
 PSPermGen       total 53760K, used 53692K [0x00000000bc600000, 0x00000000bfa80000, 0x00000000c1800000)
  object space 53760K, 99% used [0x00000000bc600000,0x00000000bfa6f0f0,0x00000000bfa80000)
}
Event: 210.200 GC heap before
{Heap before GC invocations=19 (full 0):
 PSYoungGen      total 239104K, used 206258K [0x00000000eb280000, 0x00000000fcf80000, 0x0000000100000000)
  eden space 204800K, 100% used [0x00000000eb280000,0x00000000f7a80000,0x00000000f7a80000)
  from space 34304K, 4% used [0x00000000fae00000,0x00000000faf6caf8,0x00000000fcf80000)
  to   space 43520K, 0% used [0x00000000f7a80000,0x00000000f7a80000,0x00000000fa500000)
 ParOldGen       total 175104K, used 127713K [0x00000000c1800000, 0x00000000cc300000, 0x00000000eb280000)
  object space 175104K, 72% used [0x00000000c1800000,0x00000000c94b8670,0x00000000cc300000)
 PSPermGen       total 53760K, used 53699K [0x00000000bc600000, 0x00000000bfa80000, 0x00000000c1800000)
  object space 53760K, 99% used [0x00000000bc600000,0x00000000bfa70cd8,0x00000000bfa80000)
Event: 210.203 GC heap after
Heap after GC invocations=19 (full 0):
 PSYoungGen      total 198656K, used 1152K [0x00000000eb280000, 0x00000000fc500000, 0x0000000100000000)
  eden space 197120K, 0% used [0x00000000eb280000,0x00000000eb280000,0x00000000f7300000)
  from space 1536K, 75% used [0x00000000f7a80000,0x00000000f7ba0020,0x00000000f7c00000)
  to   space 41984K, 0% used [0x00000000f9c00000,0x00000000f9c00000,0x00000000fc500000)
 ParOldGen       total 175104K, used 128228K [0x00000000c1800000, 0x00000000cc300000, 0x00000000eb280000)
  object space 175104K, 73% used [0x00000000c1800000,0x00000000c95392d8,0x00000000cc300000)
 PSPermGen       total 53760K, used 53699K [0x00000000bc600000, 0x00000000bfa80000, 0x00000000c1800000)
  object space 53760K, 99% used [0x00000000bc600000,0x00000000bfa70cd8,0x00000000bfa80000)
}
Event: 221.045 GC heap before
{Heap before GC invocations=20 (full 0):
 PSYoungGen      total 198656K, used 198272K [0x00000000eb280000, 0x00000000fc500000, 0x0000000100000000)
  eden space 197120K, 100% used [0x00000000eb280000,0x00000000f7300000,0x00000000f7300000)
  from space 1536K, 75% used [0x00000000f7a80000,0x00000000f7ba0020,0x00000000f7c00000)
  to   space 41984K, 0% used [0x00000000f9c00000,0x00000000f9c00000,0x00000000fc500000)
 ParOldGen       total 175104K, used 128228K [0x00000000c1800000, 0x00000000cc300000, 0x00000000eb280000)
  object space 175104K, 73% used [0x00000000c1800000,0x00000000c95392d8,0x00000000cc300000)
 PSPermGen       total 53760K, used 53723K [0x00000000bc600000, 0x00000000bfa80000, 0x00000000c1800000)
  object space 53760K, 99% used [0x00000000bc600000,0x00000000bfa76ca0,0x00000000bfa80000)
Event: 221.048 GC heap after
Heap after GC invocations=20 (full 0):
 PSYoungGen      total 221696K, used 1088K [0x00000000eb280000, 0x00000000fbb00000, 0x0000000100000000)
  eden space 189952K, 0% used [0x00000000eb280000,0x00000000eb280000,0x00000000f6c00000)
  from space 31744K, 3% used [0x00000000f9c00000,0x00000000f9d10020,0x00000000fbb00000)
  to   space 40448K, 0% used [0x00000000f6c00000,0x00000000f6c00000,0x00000000f9380000)
 ParOldGen       total 175104K, used 128340K [0x00000000c1800000, 0x00000000cc300000, 0x00000000eb280000)
  object space 175104K, 73% used [0x00000000c1800000,0x00000000c9555338,0x00000000cc300000)
 PSPermGen       total 53760K, used 53723K [0x00000000bc600000, 0x00000000bfa80000, 0x00000000c1800000)
  object space 53760K, 99% used [0x00000000bc600000,0x00000000bfa76ca0,0x00000000bfa80000)
}
Event: 228.255 GC heap before
{Heap before GC invocations=21 (full 0):
 PSYoungGen      total 221696K, used 191040K [0x00000000eb280000, 0x00000000fbb00000, 0x0000000100000000)
  eden space 189952K, 100% used [0x00000000eb280000,0x00000000f6c00000,0x00000000f6c00000)
  from space 31744K, 3% used [0x00000000f9c00000,0x00000000f9d10020,0x00000000fbb00000)
  to   space 40448K, 0% used [0x00000000f6c00000,0x00000000f6c00000,0x00000000f9380000)
 ParOldGen       total 175104K, used 128340K [0x00000000c1800000, 0x00000000cc300000, 0x00000000eb280000)
  object space 175104K, 73% used [0x00000000c1800000,0x00000000c9555338,0x00000000cc300000)
 PSPermGen       total 53760K, used 53726K [0x00000000bc600000, 0x00000000bfa80000, 0x00000000c1800000)
  object space 53760K, 99% used [0x00000000bc600000,0x00000000bfa77b20,0x00000000bfa80000)
Event: 228.257 GC heap after
Heap after GC invocations=21 (full 0):
 PSYoungGen      total 184832K, used 1346K [0x00000000eb280000, 0x00000000fb180000, 0x0000000100000000)
  eden space 183296K, 0% used [0x00000000eb280000,0x00000000eb280000,0x00000000f6580000)
  from space 1536K, 87% used [0x00000000f6c00000,0x00000000f6d50b08,0x00000000f6d80000)
  to   space 38912K, 0% used [0x00000000f8b80000,0x00000000f8b80000,0x00000000fb180000)
 ParOldGen       total 175104K, used 128468K [0x00000000c1800000, 0x00000000cc300000, 0x00000000eb280000)
  object space 175104K, 73% used [0x00000000c1800000,0x00000000c9575398,0x00000000cc300000)
 PSPermGen       total 53760K, used 53726K [0x00000000bc600000, 0x00000000bfa80000, 0x00000000c1800000)
  object space 53760K, 99% used [0x00000000bc600000,0x00000000bfa77b20,0x00000000bfa80000)
}

