# JRE version: Java(TM) SE Runtime Environment (7.0_45-b18) (build 1.7.0_45-b18)
# Java VM: Java HotSpot(TM) 64-Bit Server VM (24.45-b08 mixed mode linux-amd64 compressed oops)
Heap
 PSYoungGen      total 81920K, used 56437K [0x0000000797d00000, 0x000000079e800000, 0x0000000800000000)
  eden space 56320K, 96% used [0x0000000797d00000,0x000000079b1d7b90,0x000000079b400000)
  from space 25600K, 9% used [0x000000079cf00000,0x000000079d145bd0,0x000000079e800000)
  to   space 26624K, 0% used [0x000000079b400000,0x000000079b400000,0x000000079ce00000)
 ParOldGen       total 175104K, used 34911K [0x00000006c7800000, 0x00000006d2300000, 0x0000000797d00000)
  object space 175104K, 19% used [0x00000006c7800000,0x00000006c9a17da8,0x00000006d2300000)
 PSPermGen       total 53760K, used 53518K [0x00000006c2600000, 0x00000006c5a80000, 0x00000006c7800000)
  object space 53760K, 99% used [0x00000006c2600000,0x00000006c5a43b68,0x00000006c5a80000)
GC Heap History (10 events):
Event: 122.673 GC heap before
{Heap before GC invocations=8 (full 0):
 PSYoungGen      total 81408K, used 81084K [0x0000000797d00000, 0x000000079f280000, 0x0000000800000000)
  eden space 61440K, 100% used [0x0000000797d00000,0x000000079b900000,0x000000079b900000)
  from space 19968K, 98% used [0x000000079d380000,0x000000079e6af1b8,0x000000079e700000)
  to   space 11776K, 0% used [0x000000079e700000,0x000000079e700000,0x000000079f280000)
 ParOldGen       total 175104K, used 23465K [0x00000006c7800000, 0x00000006d2300000, 0x0000000797d00000)
  object space 175104K, 13% used [0x00000006c7800000,0x00000006c8eea6a8,0x00000006d2300000)
 PSPermGen       total 51712K, used 51268K [0x00000006c2600000, 0x00000006c5880000, 0x00000006c7800000)
  object space 51712K, 99% used [0x00000006c2600000,0x00000006c5811378,0x00000006c5880000)
Event: 122.680 GC heap after
Heap after GC invocations=8 (full 0):
 PSYoungGen      total 71168K, used 10741K [0x0000000797d00000, 0x000000079f180000, 0x0000000800000000)
  eden space 60416K, 0% used [0x0000000797d00000,0x0000000797d00000,0x000000079b800000)
  from space 10752K, 99% used [0x000000079e700000,0x000000079f17d708,0x000000079f180000)
  to   space 25088K, 0% used [0x000000079c080000,0x000000079c080000,0x000000079d900000)
 ParOldGen       total 175104K, used 28530K [0x00000006c7800000, 0x00000006d2300000, 0x0000000797d00000)
  object space 175104K, 16% used [0x00000006c7800000,0x00000006c93dcab0,0x00000006d2300000)
 PSPermGen       total 51712K, used 51268K [0x00000006c2600000, 0x00000006c5880000, 0x00000006c7800000)
  object space 51712K, 99% used [0x00000006c2600000,0x00000006c5811378,0x00000006c5880000)
}
Event: 273.367 GC heap before
{Heap before GC invocations=9 (full 0):
 PSYoungGen      total 71168K, used 71157K [0x0000000797d00000, 0x000000079f180000, 0x0000000800000000)
  eden space 60416K, 100% used [0x0000000797d00000,0x000000079b800000,0x000000079b800000)
  from space 10752K, 99% used [0x000000079e700000,0x000000079f17d708,0x000000079f180000)
  to   space 25088K, 0% used [0x000000079c080000,0x000000079c080000,0x000000079d900000)
 ParOldGen       total 175104K, used 28530K [0x00000006c7800000, 0x00000006d2300000, 0x0000000797d00000)
  object space 175104K, 16% used [0x00000006c7800000,0x00000006c93dcab0,0x00000006d2300000)
 PSPermGen       total 51712K, used 51342K [0x00000006c2600000, 0x00000006c5880000, 0x00000006c7800000)
  object space 51712K, 99% used [0x00000006c2600000,0x00000006c5823ba0,0x00000006c5880000)
Event: 273.370 GC heap after
Heap after GC invocations=9 (full 0):
 PSYoungGen      total 60928K, used 1032K [0x0000000797d00000, 0x000000079ea00000, 0x0000000800000000)
  eden space 59392K, 0% used [0x0000000797d00000,0x0000000797d00000,0x000000079b700000)
  from space 1536K, 67% used [0x000000079c080000,0x000000079c182090,0x000000079c200000)
  to   space 26112K, 0% used [0x000000079d080000,0x000000079d080000,0x000000079ea00000)
 ParOldGen       total 175104K, used 31769K [0x00000006c7800000, 0x00000006d2300000, 0x0000000797d00000)
  object space 175104K, 18% used [0x00000006c7800000,0x00000006c9706518,0x00000006d2300000)
 PSPermGen       total 51712K, used 51342K [0x00000006c2600000, 0x00000006c5880000, 0x00000006c7800000)
  object space 51712K, 99% used [0x00000006c2600000,0x00000006c5823ba0,0x00000006c5880000)
}
Event: 338.067 GC heap before
{Heap before GC invocations=10 (full 0):
 PSYoungGen      total 60928K, used 60424K [0x0000000797d00000, 0x000000079ea00000, 0x0000000800000000)
  eden space 59392K, 100% used [0x0000000797d00000,0x000000079b700000,0x000000079b700000)
  from space 1536K, 67% used [0x000000079c080000,0x000000079c182090,0x000000079c200000)
  to   space 26112K, 0% used [0x000000079d080000,0x000000079d080000,0x000000079ea00000)
 ParOldGen       total 175104K, used 31769K [0x00000006c7800000, 0x00000006d2300000, 0x0000000797d00000)
  object space 175104K, 18% used [0x00000006c7800000,0x00000006c9706518,0x00000006d2300000)
 PSPermGen       total 51712K, used 51419K [0x00000006c2600000, 0x00000006c5880000, 0x00000006c7800000)
  object space 51712K, 99% used [0x00000006c2600000,0x00000006c5836e60,0x00000006c5880000)
Event: 338.070 GC heap after
Heap after GC invocations=10 (full 0):
 PSYoungGen      total 84480K, used 768K [0x0000000797d00000, 0x000000079eb00000, 0x0000000800000000)
  eden space 58368K, 0% used [0x0000000797d00000,0x0000000797d00000,0x000000079b600000)
  from space 26112K, 2% used [0x000000079d080000,0x000000079d140000,0x000000079ea00000)
  to   space 27136K, 0% used [0x000000079b600000,0x000000079b600000,0x000000079d080000)
 ParOldGen       total 175104K, used 32393K [0x00000006c7800000, 0x00000006d2300000, 0x0000000797d00000)
  object space 175104K, 18% used [0x00000006c7800000,0x00000006c97a2750,0x00000006d2300000)
 PSPermGen       total 51712K, used 51419K [0x00000006c2600000, 0x00000006c5880000, 0x00000006c7800000)
  object space 51712K, 99% used [0x00000006c2600000,0x00000006c5836e60,0x00000006c5880000)
}
Event: 361.822 GC heap before
{Heap before GC invocations=11 (full 0):
 PSYoungGen      total 84480K, used 59136K [0x0000000797d00000, 0x000000079eb00000, 0x0000000800000000)
  eden space 58368K, 100% used [0x0000000797d00000,0x000000079b600000,0x000000079b600000)
  from space 26112K, 2% used [0x000000079d080000,0x000000079d140000,0x000000079ea00000)
  to   space 27136K, 0% used [0x000000079b600000,0x000000079b600000,0x000000079d080000)
 ParOldGen       total 175104K, used 32393K [0x00000006c7800000, 0x00000006d2300000, 0x0000000797d00000)
  object space 175104K, 18% used [0x00000006c7800000,0x00000006c97a2750,0x00000006d2300000)
 PSPermGen       total 53760K, used 53251K [0x00000006c2600000, 0x00000006c5a80000, 0x00000006c7800000)
  object space 53760K, 99% used [0x00000006c2600000,0x00000006c5a00e70,0x00000006c5a80000)
Event: 361.826 GC heap after
Heap after GC invocations=11 (full 0):
 PSYoungGen      total 60928K, used 3531K [0x0000000797d00000, 0x000000079e900000, 0x0000000800000000)
  eden space 57344K, 0% used [0x0000000797d00000,0x0000000797d00000,0x000000079b500000)
  from space 3584K, 98% used [0x000000079b600000,0x000000079b972ca8,0x000000079b980000)
  to   space 26624K, 0% used [0x000000079cf00000,0x000000079cf00000,0x000000079e900000)
 ParOldGen       total 175104K, used 32833K [0x00000006c7800000, 0x00000006d2300000, 0x0000000797d00000)
  object space 175104K, 18% used [0x00000006c7800000,0x00000006c98107f0,0x00000006d2300000)
 PSPermGen       total 53760K, used 53251K [0x00000006c2600000, 0x00000006c5a80000, 0x00000006c7800000)
  object space 53760K, 99% used [0x00000006c2600000,0x00000006c5a00e70,0x00000006c5a80000)
}
Event: 392.137 GC heap before
{Heap before GC invocations=12 (full 0):
 PSYoungGen      total 60928K, used 60875K [0x0000000797d00000, 0x000000079e900000, 0x0000000800000000)
  eden space 57344K, 100% used [0x0000000797d00000,0x000000079b500000,0x000000079b500000)
  from space 3584K, 98% used [0x000000079b600000,0x000000079b972ca8,0x000000079b980000)
  to   space 26624K, 0% used [0x000000079cf00000,0x000000079cf00000,0x000000079e900000)
 ParOldGen       total 175104K, used 32833K [0x00000006c7800000, 0x00000006d2300000, 0x0000000797d00000)
  object space 175104K, 18% used [0x00000006c7800000,0x00000006c98107f0,0x00000006d2300000)
 PSPermGen       total 53760K, used 53350K [0x00000006c2600000, 0x00000006c5a80000, 0x00000006c7800000)
  object space 53760K, 99% used [0x00000006c2600000,0x00000006c5a19af0,0x00000006c5a80000)
Event: 392.141 GC heap after
Heap after GC invocations=12 (full 0):
 PSYoungGen      total 81920K, used 2326K [0x0000000797d00000, 0x000000079e800000, 0x0000000800000000)
  eden space 56320K, 0% used [0x0000000797d00000,0x0000000797d00000,0x000000079b400000)
  from space 25600K, 9% used [0x000000079cf00000,0x000000079d145bd0,0x000000079e800000)
  to   space 26624K, 0% used [0x000000079b400000,0x000000079b400000,0x000000079ce00000)
 ParOldGen       total 175104K, used 34911K [0x00000006c7800000, 0x00000006d2300000, 0x0000000797d00000)
  object space 175104K, 19% used [0x00000006c7800000,0x00000006c9a17da8,0x00000006d2300000)
 PSPermGen       total 53760K, used 53350K [0x00000006c2600000, 0x00000006c5a80000, 0x00000006c7800000)
  object space 53760K, 99% used [0x00000006c2600000,0x00000006c5a19af0,0x00000006c5a80000)
}

