# JRE version: Java(TM) SE Runtime Environment (7.0_45-b18) (build 1.7.0_45-b18)
# Java VM: Java HotSpot(TM) 64-Bit Server VM (24.45-b08 mixed mode linux-amd64 compressed oops)
Heap
 PSYoungGen      total 84480K, used 53306K [0x0000000759500000, 0x0000000760280000, 0x0000000800000000)
  eden space 57856K, 81% used [0x0000000759500000,0x000000075c303f48,0x000000075cd80000)
  from space 26624K, 23% used [0x000000075e880000,0x000000075ee8ab70,0x0000000760280000)
  to   space 27136K, 0% used [0x000000075cd80000,0x000000075cd80000,0x000000075e800000)
 ParOldGen       total 175104K, used 33395K [0x000000060c000000, 0x0000000616b00000, 0x0000000759500000)
  object space 175104K, 19% used [0x000000060c000000,0x000000060e09cf38,0x0000000616b00000)
 PSPermGen       total 53760K, used 53442K [0x0000000606e00000, 0x000000060a280000, 0x000000060c000000)
  object space 53760K, 99% used [0x0000000606e00000,0x000000060a2308c0,0x000000060a280000)
GC Heap History (10 events):
Event: 18.213 GC heap before
{Heap before GC invocations=6 (full 0):
 PSYoungGen      total 75264K, used 75250K [0x0000000759500000, 0x000000075ff00000, 0x0000000800000000)
  eden space 64512K, 100% used [0x0000000759500000,0x000000075d400000,0x000000075d400000)
  from space 10752K, 99% used [0x000000075d580000,0x000000075dffc9e0,0x000000075e000000)
  to   space 22016K, 0% used [0x000000075e980000,0x000000075e980000,0x000000075ff00000)
 ParOldGen       total 175104K, used 16091K [0x000000060c000000, 0x0000000616b00000, 0x0000000759500000)
  object space 175104K, 9% used [0x000000060c000000,0x000000060cfb6e40,0x0000000616b00000)
 PSPermGen       total 49664K, used 49227K [0x0000000606e00000, 0x0000000609e80000, 0x000000060c000000)
  object space 49664K, 99% used [0x0000000606e00000,0x0000000609e12d70,0x0000000609e80000)
Event: 18.224 GC heap after
Heap after GC invocations=6 (full 0):
 PSYoungGen      total 83968K, used 19504K [0x0000000759500000, 0x0000000760280000, 0x0000000800000000)
  eden space 61952K, 0% used [0x0000000759500000,0x0000000759500000,0x000000075d180000)
  from space 22016K, 88% used [0x000000075e980000,0x000000075fc8c1e0,0x000000075ff00000)
  to   space 24576K, 0% used [0x000000075d180000,0x000000075d180000,0x000000075e980000)
 ParOldGen       total 175104K, used 16099K [0x000000060c000000, 0x0000000616b00000, 0x0000000759500000)
  object space 175104K, 9% used [0x000000060c000000,0x000000060cfb8e40,0x0000000616b00000)
 PSPermGen       total 49664K, used 49227K [0x0000000606e00000, 0x0000000609e80000, 0x000000060c000000)
  object space 49664K, 99% used [0x0000000606e00000,0x0000000609e12d70,0x0000000609e80000)
}
Event: 20.666 GC heap before
{Heap before GC invocations=7 (full 0):
 PSYoungGen      total 83968K, used 81456K [0x0000000759500000, 0x0000000760280000, 0x0000000800000000)
  eden space 61952K, 100% used [0x0000000759500000,0x000000075d180000,0x000000075d180000)
  from space 22016K, 88% used [0x000000075e980000,0x000000075fc8c1e0,0x000000075ff00000)
  to   space 24576K, 0% used [0x000000075d180000,0x000000075d180000,0x000000075e980000)
 ParOldGen       total 175104K, used 16099K [0x000000060c000000, 0x0000000616b00000, 0x0000000759500000)
  object space 175104K, 9% used [0x000000060c000000,0x000000060cfb8e40,0x0000000616b00000)
 PSPermGen       total 52736K, used 52670K [0x0000000606e00000, 0x000000060a180000, 0x000000060c000000)
  object space 52736K, 99% used [0x0000000606e00000,0x000000060a16fbc0,0x000000060a180000)
Event: 20.679 GC heap after
Heap after GC invocations=7 (full 0):
 PSYoungGen      total 85504K, used 21642K [0x0000000759500000, 0x0000000760480000, 0x0000000800000000)
  eden space 60928K, 0% used [0x0000000759500000,0x0000000759500000,0x000000075d080000)
  from space 24576K, 88% used [0x000000075d180000,0x000000075e6a2910,0x000000075e980000)
  to   space 26624K, 0% used [0x000000075ea80000,0x000000075ea80000,0x0000000760480000)
 ParOldGen       total 175104K, used 20470K [0x000000060c000000, 0x0000000616b00000, 0x0000000759500000)
  object space 175104K, 11% used [0x000000060c000000,0x000000060d3fdb18,0x0000000616b00000)
 PSPermGen       total 52736K, used 52670K [0x0000000606e00000, 0x000000060a180000, 0x000000060c000000)
  object space 52736K, 99% used [0x0000000606e00000,0x000000060a16fbc0,0x000000060a180000)
}
Event: 24.937 GC heap before
{Heap before GC invocations=8 (full 0):
 PSYoungGen      total 85504K, used 82570K [0x0000000759500000, 0x0000000760480000, 0x0000000800000000)
  eden space 60928K, 100% used [0x0000000759500000,0x000000075d080000,0x000000075d080000)
  from space 24576K, 88% used [0x000000075d180000,0x000000075e6a2910,0x000000075e980000)
  to   space 26624K, 0% used [0x000000075ea80000,0x000000075ea80000,0x0000000760480000)
 ParOldGen       total 175104K, used 20470K [0x000000060c000000, 0x0000000616b00000, 0x0000000759500000)
  object space 175104K, 11% used [0x000000060c000000,0x000000060d3fdb18,0x0000000616b00000)
 PSPermGen       total 53248K, used 52933K [0x0000000606e00000, 0x000000060a200000, 0x000000060c000000)
  object space 53248K, 99% used [0x0000000606e00000,0x000000060a1b1760,0x000000060a200000)
Event: 24.947 GC heap after
Heap after GC invocations=8 (full 0):
 PSYoungGen      total 86528K, used 20117K [0x0000000759500000, 0x0000000760580000, 0x0000000800000000)
  eden space 59904K, 0% used [0x0000000759500000,0x0000000759500000,0x000000075cf80000)
  from space 26624K, 75% used [0x000000075ea80000,0x000000075fe256e8,0x0000000760480000)
  to   space 27648K, 0% used [0x000000075cf80000,0x000000075cf80000,0x000000075ea80000)
 ParOldGen       total 175104K, used 24385K [0x000000060c000000, 0x0000000616b00000, 0x0000000759500000)
  object space 175104K, 13% used [0x000000060c000000,0x000000060d7d0748,0x0000000616b00000)
 PSPermGen       total 53248K, used 52933K [0x0000000606e00000, 0x000000060a200000, 0x000000060c000000)
  object space 53248K, 99% used [0x0000000606e00000,0x000000060a1b1760,0x000000060a200000)
}
Event: 50.170 GC heap before
{Heap before GC invocations=9 (full 0):
 PSYoungGen      total 86528K, used 80021K [0x0000000759500000, 0x0000000760580000, 0x0000000800000000)
  eden space 59904K, 100% used [0x0000000759500000,0x000000075cf80000,0x000000075cf80000)
  from space 26624K, 75% used [0x000000075ea80000,0x000000075fe256e8,0x0000000760480000)
  to   space 27648K, 0% used [0x000000075cf80000,0x000000075cf80000,0x000000075ea80000)
 ParOldGen       total 175104K, used 24385K [0x000000060c000000, 0x0000000616b00000, 0x0000000759500000)
  object space 175104K, 13% used [0x000000060c000000,0x000000060d7d0748,0x0000000616b00000)
 PSPermGen       total 53248K, used 53105K [0x0000000606e00000, 0x000000060a200000, 0x000000060c000000)
  object space 53248K, 99% used [0x0000000606e00000,0x000000060a1dc740,0x000000060a200000)
Event: 50.178 GC heap after
Heap after GC invocations=9 (full 0):
 PSYoungGen      total 73216K, used 14278K [0x0000000759500000, 0x0000000760280000, 0x0000000800000000)
  eden space 58880K, 0% used [0x0000000759500000,0x0000000759500000,0x000000075ce80000)
  from space 14336K, 99% used [0x000000075cf80000,0x000000075dd71a68,0x000000075dd80000)
  to   space 26624K, 0% used [0x000000075e880000,0x000000075e880000,0x0000000760280000)
 ParOldGen       total 175104K, used 29883K [0x000000060c000000, 0x0000000616b00000, 0x0000000759500000)
  object space 175104K, 17% used [0x000000060c000000,0x000000060dd2ef28,0x0000000616b00000)
 PSPermGen       total 53248K, used 53105K [0x0000000606e00000, 0x000000060a200000, 0x000000060c000000)
  object space 53248K, 99% used [0x0000000606e00000,0x000000060a1dc740,0x000000060a200000)
}
Event: 67.575 GC heap before
{Heap before GC invocations=10 (full 0):
 PSYoungGen      total 73216K, used 73158K [0x0000000759500000, 0x0000000760280000, 0x0000000800000000)
  eden space 58880K, 100% used [0x0000000759500000,0x000000075ce80000,0x000000075ce80000)
  from space 14336K, 99% used [0x000000075cf80000,0x000000075dd71a68,0x000000075dd80000)
  to   space 26624K, 0% used [0x000000075e880000,0x000000075e880000,0x0000000760280000)
 ParOldGen       total 175104K, used 29883K [0x000000060c000000, 0x0000000616b00000, 0x0000000759500000)
  object space 175104K, 17% used [0x000000060c000000,0x000000060dd2ef28,0x0000000616b00000)
 PSPermGen       total 53760K, used 53255K [0x0000000606e00000, 0x000000060a280000, 0x000000060c000000)
  object space 53760K, 99% used [0x0000000606e00000,0x000000060a201df8,0x000000060a280000)
Event: 67.580 GC heap after
Heap after GC invocations=10 (full 0):
 PSYoungGen      total 84480K, used 6186K [0x0000000759500000, 0x0000000760280000, 0x0000000800000000)
  eden space 57856K, 0% used [0x0000000759500000,0x0000000759500000,0x000000075cd80000)
  from space 26624K, 23% used [0x000000075e880000,0x000000075ee8ab70,0x0000000760280000)
  to   space 27136K, 0% used [0x000000075cd80000,0x000000075cd80000,0x000000075e800000)
 ParOldGen       total 175104K, used 33395K [0x000000060c000000, 0x0000000616b00000, 0x0000000759500000)
  object space 175104K, 19% used [0x000000060c000000,0x000000060e09cf38,0x0000000616b00000)
 PSPermGen       total 53760K, used 53255K [0x0000000606e00000, 0x000000060a280000, 0x000000060c000000)
  object space 53760K, 99% used [0x0000000606e00000,0x000000060a201df8,0x000000060a280000)
}

