# JRE version: Java(TM) SE Runtime Environment (7.0_45-b18) (build 1.7.0_45-b18)
# Java VM: Java HotSpot(TM) 64-Bit Server VM (24.45-b08 mixed mode linux-amd64 compressed oops)
Heap
 PSYoungGen      total 203776K, used 67076K [0x00000000eb280000, 0x00000000fa480000, 0x0000000100000000)
  eden space 176128K, 37% used [0x00000000eb280000,0x00000000ef2ee750,0x00000000f5e80000)
  from space 27648K, 3% used [0x00000000f8980000,0x00000000f8a92948,0x00000000fa480000)
  to   space 35840K, 0% used [0x00000000f5e80000,0x00000000f5e80000,0x00000000f8180000)
 ParOldGen       total 271872K, used 200600K [0x00000000c1800000, 0x00000000d2180000, 0x00000000eb280000)
  object space 271872K, 73% used [0x00000000c1800000,0x00000000cdbe6280,0x00000000d2180000)
 PSPermGen       total 83968K, used 51768K [0x00000000bc600000, 0x00000000c1800000, 0x00000000c1800000)
  object space 83968K, 61% used [0x00000000bc600000,0x00000000bf88e098,0x00000000c1800000)
GC Heap History (10 events):
Event: 411.752 GC heap before
{Heap before GC invocations=27 (full 1):
 PSYoungGen      total 210944K, used 210592K [0x00000000eb280000, 0x00000000fde00000, 0x0000000100000000)
  eden space 210432K, 100% used [0x00000000eb280000,0x00000000f8000000,0x00000000f8000000)
  from space 512K, 31% used [0x00000000f8780000,0x00000000f87a8000,0x00000000f8800000)
  to   space 48128K, 0% used [0x00000000faf00000,0x00000000faf00000,0x00000000fde00000)
 ParOldGen       total 271872K, used 200600K [0x00000000c1800000, 0x00000000d2180000, 0x00000000eb280000)
  object space 271872K, 73% used [0x00000000c1800000,0x00000000cdbe6280,0x00000000d2180000)
 PSPermGen       total 83968K, used 51095K [0x00000000bc600000, 0x00000000c1800000, 0x00000000c1800000)
  object space 83968K, 60% used [0x00000000bc600000,0x00000000bf7e5e90,0x00000000c1800000)
Event: 411.755 GC heap after
Heap after GC invocations=27 (full 1):
 PSYoungGen      total 238080K, used 1322K [0x00000000eb280000, 0x00000000fd180000, 0x0000000100000000)
  eden space 202752K, 0% used [0x00000000eb280000,0x00000000eb280000,0x00000000f7880000)
  from space 35328K, 3% used [0x00000000faf00000,0x00000000fb04a948,0x00000000fd180000)
  to   space 45568K, 0% used [0x00000000f7880000,0x00000000f7880000,0x00000000fa500000)
 ParOldGen       total 271872K, used 200600K [0x00000000c1800000, 0x00000000d2180000, 0x00000000eb280000)
  object space 271872K, 73% used [0x00000000c1800000,0x00000000cdbe6280,0x00000000d2180000)
 PSPermGen       total 83968K, used 51095K [0x00000000bc600000, 0x00000000c1800000, 0x00000000c1800000)
  object space 83968K, 60% used [0x00000000bc600000,0x00000000bf7e5e90,0x00000000c1800000)
}
Event: 412.783 GC heap before
{Heap before GC invocations=28 (full 1):
 PSYoungGen      total 238080K, used 204074K [0x00000000eb280000, 0x00000000fd180000, 0x0000000100000000)
  eden space 202752K, 100% used [0x00000000eb280000,0x00000000f7880000,0x00000000f7880000)
  from space 35328K, 3% used [0x00000000faf00000,0x00000000fb04a948,0x00000000fd180000)
  to   space 45568K, 0% used [0x00000000f7880000,0x00000000f7880000,0x00000000fa500000)
 ParOldGen       total 271872K, used 200600K [0x00000000c1800000, 0x00000000d2180000, 0x00000000eb280000)
  object space 271872K, 73% used [0x00000000c1800000,0x00000000cdbe6280,0x00000000d2180000)
 PSPermGen       total 83968K, used 51106K [0x00000000bc600000, 0x00000000c1800000, 0x00000000c1800000)
  object space 83968K, 60% used [0x00000000bc600000,0x00000000bf7e8870,0x00000000c1800000)
Event: 412.785 GC heap after
Heap after GC invocations=28 (full 1):
 PSYoungGen      total 196608K, used 906K [0x00000000eb280000, 0x00000000fc580000, 0x0000000100000000)
  eden space 195584K, 0% used [0x00000000eb280000,0x00000000eb280000,0x00000000f7180000)
  from space 1024K, 88% used [0x00000000f7880000,0x00000000f7962948,0x00000000f7980000)
  to   space 43008K, 0% used [0x00000000f9b80000,0x00000000f9b80000,0x00000000fc580000)
 ParOldGen       total 271872K, used 200600K [0x00000000c1800000, 0x00000000d2180000, 0x00000000eb280000)
  object space 271872K, 73% used [0x00000000c1800000,0x00000000cdbe6280,0x00000000d2180000)
 PSPermGen       total 83968K, used 51106K [0x00000000bc600000, 0x00000000c1800000, 0x00000000c1800000)
  object space 83968K, 60% used [0x00000000bc600000,0x00000000bf7e8870,0x00000000c1800000)
}
Event: 422.510 GC heap before
{Heap before GC invocations=29 (full 1):
 PSYoungGen      total 196608K, used 196490K [0x00000000eb280000, 0x00000000fc580000, 0x0000000100000000)
  eden space 195584K, 100% used [0x00000000eb280000,0x00000000f7180000,0x00000000f7180000)
  from space 1024K, 88% used [0x00000000f7880000,0x00000000f7962948,0x00000000f7980000)
  to   space 43008K, 0% used [0x00000000f9b80000,0x00000000f9b80000,0x00000000fc580000)
 ParOldGen       total 271872K, used 200600K [0x00000000c1800000, 0x00000000d2180000, 0x00000000eb280000)
  object space 271872K, 73% used [0x00000000c1800000,0x00000000cdbe6280,0x00000000d2180000)
 PSPermGen       total 83968K, used 51125K [0x00000000bc600000, 0x00000000c1800000, 0x00000000c1800000)
  object space 83968K, 60% used [0x00000000bc600000,0x00000000bf7ed4a0,0x00000000c1800000)
Event: 422.513 GC heap after
Heap after GC invocations=29 (full 1):
 PSYoungGen      total 220160K, used 1130K [0x00000000eb280000, 0x00000000fba00000, 0x0000000100000000)
  eden space 188928K, 0% used [0x00000000eb280000,0x00000000eb280000,0x00000000f6b00000)
  from space 31232K, 3% used [0x00000000f9b80000,0x00000000f9c9a948,0x00000000fba00000)
  to   space 40448K, 0% used [0x00000000f6b00000,0x00000000f6b00000,0x00000000f9280000)
 ParOldGen       total 271872K, used 200600K [0x00000000c1800000, 0x00000000d2180000, 0x00000000eb280000)
  object space 271872K, 73% used [0x00000000c1800000,0x00000000cdbe6280,0x00000000d2180000)
 PSPermGen       total 83968K, used 51125K [0x00000000bc600000, 0x00000000c1800000, 0x00000000c1800000)
  object space 83968K, 60% used [0x00000000bc600000,0x00000000bf7ed4a0,0x00000000c1800000)
}
Event: 423.532 GC heap before
{Heap before GC invocations=30 (full 1):
 PSYoungGen      total 220160K, used 190058K [0x00000000eb280000, 0x00000000fba00000, 0x0000000100000000)
  eden space 188928K, 100% used [0x00000000eb280000,0x00000000f6b00000,0x00000000f6b00000)
  from space 31232K, 3% used [0x00000000f9b80000,0x00000000f9c9a948,0x00000000fba00000)
  to   space 40448K, 0% used [0x00000000f6b00000,0x00000000f6b00000,0x00000000f9280000)
 ParOldGen       total 271872K, used 200600K [0x00000000c1800000, 0x00000000d2180000, 0x00000000eb280000)
  object space 271872K, 73% used [0x00000000c1800000,0x00000000cdbe6280,0x00000000d2180000)
 PSPermGen       total 83968K, used 51125K [0x00000000bc600000, 0x00000000c1800000, 0x00000000c1800000)
  object space 83968K, 60% used [0x00000000bc600000,0x00000000bf7ed570,0x00000000c1800000)
Event: 423.535 GC heap after
Heap after GC invocations=30 (full 1):
 PSYoungGen      total 183808K, used 1098K [0x00000000eb280000, 0x00000000fae80000, 0x0000000100000000)
  eden space 182272K, 0% used [0x00000000eb280000,0x00000000eb280000,0x00000000f6480000)
  from space 1536K, 71% used [0x00000000f6b00000,0x00000000f6c12948,0x00000000f6c80000)
  to   space 37888K, 0% used [0x00000000f8980000,0x00000000f8980000,0x00000000fae80000)
 ParOldGen       total 271872K, used 200600K [0x00000000c1800000, 0x00000000d2180000, 0x00000000eb280000)
  object space 271872K, 73% used [0x00000000c1800000,0x00000000cdbe6280,0x00000000d2180000)
 PSPermGen       total 83968K, used 51125K [0x00000000bc600000, 0x00000000c1800000, 0x00000000c1800000)
  object space 83968K, 60% used [0x00000000bc600000,0x00000000bf7ed570,0x00000000c1800000)
}
Event: 424.495 GC heap before
{Heap before GC invocations=31 (full 1):
 PSYoungGen      total 183808K, used 183370K [0x00000000eb280000, 0x00000000fae80000, 0x0000000100000000)
  eden space 182272K, 100% used [0x00000000eb280000,0x00000000f6480000,0x00000000f6480000)
  from space 1536K, 71% used [0x00000000f6b00000,0x00000000f6c12948,0x00000000f6c80000)
  to   space 37888K, 0% used [0x00000000f8980000,0x00000000f8980000,0x00000000fae80000)
 ParOldGen       total 271872K, used 200600K [0x00000000c1800000, 0x00000000d2180000, 0x00000000eb280000)
  object space 271872K, 73% used [0x00000000c1800000,0x00000000cdbe6280,0x00000000d2180000)
 PSPermGen       total 83968K, used 51129K [0x00000000bc600000, 0x00000000c1800000, 0x00000000c1800000)
  object space 83968K, 60% used [0x00000000bc600000,0x00000000bf7ee620,0x00000000c1800000)
Event: 424.498 GC heap after
Heap after GC invocations=31 (full 1):
 PSYoungGen      total 203776K, used 1098K [0x00000000eb280000, 0x00000000fa480000, 0x0000000100000000)
  eden space 176128K, 0% used [0x00000000eb280000,0x00000000eb280000,0x00000000f5e80000)
  from space 27648K, 3% used [0x00000000f8980000,0x00000000f8a92948,0x00000000fa480000)
  to   space 35840K, 0% used [0x00000000f5e80000,0x00000000f5e80000,0x00000000f8180000)
 ParOldGen       total 271872K, used 200600K [0x00000000c1800000, 0x00000000d2180000, 0x00000000eb280000)
  object space 271872K, 73% used [0x00000000c1800000,0x00000000cdbe6280,0x00000000d2180000)
 PSPermGen       total 83968K, used 51129K [0x00000000bc600000, 0x00000000c1800000, 0x00000000c1800000)
  object space 83968K, 60% used [0x00000000bc600000,0x00000000bf7ee620,0x00000000c1800000)
}

