# JRE version: Java(TM) SE Runtime Environment (7.0_45-b18) (build 1.7.0_45-b18)
# Java VM: Java HotSpot(TM) 64-Bit Server VM (24.45-b08 mixed mode linux-amd64 compressed oops)
Heap
 PSYoungGen      total 297472K, used 69504K [0x0000000759500000, 0x0000000770800000, 0x0000000800000000)
  eden space 296960K, 23% used [0x0000000759500000,0x000000075d8882f0,0x000000076b700000)
  from space 512K, 68% used [0x000000076c300000,0x000000076c358000,0x000000076c380000)
  to   space 41472K, 0% used [0x000000076df80000,0x000000076df80000,0x0000000770800000)
 ParOldGen       total 175104K, used 140419K [0x000000060c000000, 0x0000000616b00000, 0x0000000759500000)
  object space 175104K, 80% used [0x000000060c000000,0x0000000614920ce0,0x0000000616b00000)
 PSPermGen       total 52224K, used 51774K [0x0000000606e00000, 0x000000060a100000, 0x000000060c000000)
  object space 52224K, 99% used [0x0000000606e00000,0x000000060a08fb30,0x000000060a100000)
GC Heap History (10 events):
Event: 149.889 GC heap before
{Heap before GC invocations=15 (full 0):
 PSYoungGen      total 166400K, used 166376K [0x0000000759500000, 0x0000000767f00000, 0x0000000800000000)
  eden space 137728K, 100% used [0x0000000759500000,0x0000000761b80000,0x0000000761b80000)
  from space 28672K, 99% used [0x0000000764600000,0x00000007661fa120,0x0000000766200000)
  to   space 43520K, 0% used [0x0000000761b80000,0x0000000761b80000,0x0000000764600000)
 ParOldGen       total 175104K, used 104568K [0x000000060c000000, 0x0000000616b00000, 0x0000000759500000)
  object space 175104K, 59% used [0x000000060c000000,0x000000061261e370,0x0000000616b00000)
 PSPermGen       total 51712K, used 51504K [0x0000000606e00000, 0x000000060a080000, 0x000000060c000000)
  object space 51712K, 99% used [0x0000000606e00000,0x000000060a04c3f0,0x000000060a080000)
Event: 149.904 GC heap after
Heap after GC invocations=15 (full 0):
 PSYoungGen      total 181248K, used 7488K [0x0000000759500000, 0x000000076c080000, 0x0000000800000000)
  eden space 137728K, 0% used [0x0000000759500000,0x0000000759500000,0x0000000761b80000)
  from space 43520K, 17% used [0x0000000761b80000,0x00000007622d0020,0x0000000764600000)
  to   space 43008K, 0% used [0x0000000769680000,0x0000000769680000,0x000000076c080000)
 ParOldGen       total 175104K, used 131666K [0x000000060c000000, 0x0000000616b00000, 0x0000000759500000)
  object space 175104K, 75% used [0x000000060c000000,0x00000006140948b0,0x0000000616b00000)
 PSPermGen       total 51712K, used 51504K [0x0000000606e00000, 0x000000060a080000, 0x000000060c000000)
  object space 51712K, 99% used [0x0000000606e00000,0x000000060a04c3f0,0x000000060a080000)
}
Event: 161.858 GC heap before
{Heap before GC invocations=16 (full 0):
 PSYoungGen      total 181248K, used 145216K [0x0000000759500000, 0x000000076c080000, 0x0000000800000000)
  eden space 137728K, 100% used [0x0000000759500000,0x0000000761b80000,0x0000000761b80000)
  from space 43520K, 17% used [0x0000000761b80000,0x00000007622d0020,0x0000000764600000)
  to   space 43008K, 0% used [0x0000000769680000,0x0000000769680000,0x000000076c080000)
 ParOldGen       total 175104K, used 131666K [0x000000060c000000, 0x0000000616b00000, 0x0000000759500000)
  object space 175104K, 75% used [0x000000060c000000,0x00000006140948b0,0x0000000616b00000)
 PSPermGen       total 51712K, used 51597K [0x0000000606e00000, 0x000000060a080000, 0x000000060c000000)
  object space 51712K, 99% used [0x0000000606e00000,0x000000060a0636c8,0x000000060a080000)
Event: 161.866 GC heap after
Heap after GC invocations=16 (full 0):
 PSYoungGen      total 261632K, used 9488K [0x0000000759500000, 0x000000076be80000, 0x0000000800000000)
  eden space 220672K, 0% used [0x0000000759500000,0x0000000759500000,0x0000000766c80000)
  from space 40960K, 23% used [0x0000000769680000,0x0000000769fc4040,0x000000076be80000)
  to   space 41984K, 0% used [0x0000000766c80000,0x0000000766c80000,0x0000000769580000)
 ParOldGen       total 175104K, used 138506K [0x000000060c000000, 0x0000000616b00000, 0x0000000759500000)
  object space 175104K, 79% used [0x000000060c000000,0x00000006147428c0,0x0000000616b00000)
 PSPermGen       total 51712K, used 51597K [0x0000000606e00000, 0x000000060a080000, 0x000000060c000000)
  object space 51712K, 99% used [0x0000000606e00000,0x000000060a0636c8,0x000000060a080000)
}
Event: 232.348 GC heap before
{Heap before GC invocations=17 (full 0):
 PSYoungGen      total 261632K, used 230160K [0x0000000759500000, 0x000000076be80000, 0x0000000800000000)
  eden space 220672K, 100% used [0x0000000759500000,0x0000000766c80000,0x0000000766c80000)
  from space 40960K, 23% used [0x0000000769680000,0x0000000769fc4040,0x000000076be80000)
  to   space 41984K, 0% used [0x0000000766c80000,0x0000000766c80000,0x0000000769580000)
 ParOldGen       total 175104K, used 138506K [0x000000060c000000, 0x0000000616b00000, 0x0000000759500000)
  object space 175104K, 79% used [0x000000060c000000,0x00000006147428c0,0x0000000616b00000)
 PSPermGen       total 51712K, used 51617K [0x0000000606e00000, 0x000000060a080000, 0x000000060c000000)
  object space 51712K, 99% used [0x0000000606e00000,0x000000060a068630,0x000000060a080000)
Event: 232.350 GC heap after
Heap after GC invocations=17 (full 0):
 PSYoungGen      total 262656K, used 480K [0x0000000759500000, 0x0000000771600000, 0x0000000800000000)
  eden space 220672K, 0% used [0x0000000759500000,0x0000000759500000,0x0000000766c80000)
  from space 41984K, 1% used [0x0000000766c80000,0x0000000766cf8010,0x0000000769580000)
  to   space 42496K, 0% used [0x000000076ec80000,0x000000076ec80000,0x0000000771600000)
 ParOldGen       total 175104K, used 138747K [0x000000060c000000, 0x0000000616b00000, 0x0000000759500000)
  object space 175104K, 79% used [0x000000060c000000,0x000000061477ecd0,0x0000000616b00000)
 PSPermGen       total 51712K, used 51617K [0x0000000606e00000, 0x000000060a080000, 0x000000060c000000)
  object space 51712K, 99% used [0x0000000606e00000,0x000000060a068630,0x000000060a080000)
}
Event: 296.689 GC heap before
{Heap before GC invocations=18 (full 0):
 PSYoungGen      total 262656K, used 220957K [0x0000000759500000, 0x0000000771600000, 0x0000000800000000)
  eden space 220672K, 99% used [0x0000000759500000,0x0000000766c4f588,0x0000000766c80000)
  from space 41984K, 1% used [0x0000000766c80000,0x0000000766cf8010,0x0000000769580000)
  to   space 42496K, 0% used [0x000000076ec80000,0x000000076ec80000,0x0000000771600000)
 ParOldGen       total 175104K, used 138747K [0x000000060c000000, 0x0000000616b00000, 0x0000000759500000)
  object space 175104K, 79% used [0x000000060c000000,0x000000061477ecd0,0x0000000616b00000)
 PSPermGen       total 51712K, used 51650K [0x0000000606e00000, 0x000000060a080000, 0x000000060c000000)
  object space 51712K, 99% used [0x0000000606e00000,0x000000060a0708e0,0x000000060a080000)
Event: 296.692 GC heap after
Heap after GC invocations=18 (full 0):
 PSYoungGen      total 350720K, used 1913K [0x0000000759500000, 0x0000000771500000, 0x0000000800000000)
  eden space 309248K, 0% used [0x0000000759500000,0x0000000759500000,0x000000076c300000)
  from space 41472K, 4% used [0x000000076ec80000,0x000000076ee5e520,0x0000000771500000)
  to   space 41984K, 0% used [0x000000076c300000,0x000000076c300000,0x000000076ec00000)
 ParOldGen       total 175104K, used 139067K [0x000000060c000000, 0x0000000616b00000, 0x0000000759500000)
  object space 175104K, 79% used [0x000000060c000000,0x00000006147cece0,0x0000000616b00000)
 PSPermGen       total 51712K, used 51650K [0x0000000606e00000, 0x000000060a080000, 0x000000060c000000)
  object space 51712K, 99% used [0x0000000606e00000,0x000000060a0708e0,0x000000060a080000)
}
Event: 310.972 GC heap before
{Heap before GC invocations=19 (full 0):
 PSYoungGen      total 350720K, used 311161K [0x0000000759500000, 0x0000000771500000, 0x0000000800000000)
  eden space 309248K, 100% used [0x0000000759500000,0x000000076c300000,0x000000076c300000)
  from space 41472K, 4% used [0x000000076ec80000,0x000000076ee5e520,0x0000000771500000)
  to   space 41984K, 0% used [0x000000076c300000,0x000000076c300000,0x000000076ec00000)
 ParOldGen       total 175104K, used 139067K [0x000000060c000000, 0x0000000616b00000, 0x0000000759500000)
  object space 175104K, 79% used [0x000000060c000000,0x00000006147cece0,0x0000000616b00000)
 PSPermGen       total 51712K, used 51651K [0x0000000606e00000, 0x000000060a080000, 0x000000060c000000)
  object space 51712K, 99% used [0x0000000606e00000,0x000000060a070fa8,0x000000060a080000)
Event: 310.975 GC heap after
Heap after GC invocations=19 (full 0):
 PSYoungGen      total 297472K, used 352K [0x0000000759500000, 0x0000000770800000, 0x0000000800000000)
  eden space 296960K, 0% used [0x0000000759500000,0x0000000759500000,0x000000076b700000)
  from space 512K, 68% used [0x000000076c300000,0x000000076c358000,0x000000076c380000)
  to   space 41472K, 0% used [0x000000076df80000,0x000000076df80000,0x0000000770800000)
 ParOldGen       total 175104K, used 140419K [0x000000060c000000, 0x0000000616b00000, 0x0000000759500000)
  object space 175104K, 80% used [0x000000060c000000,0x0000000614920ce0,0x0000000616b00000)
 PSPermGen       total 51712K, used 51651K [0x0000000606e00000, 0x000000060a080000, 0x000000060c000000)
  object space 51712K, 99% used [0x0000000606e00000,0x000000060a070fa8,0x000000060a080000)
}

