# JRE version: Java(TM) SE Runtime Environment (7.0_45-b18) (build 1.7.0_45-b18)
# Java VM: Java HotSpot(TM) 64-Bit Server VM (24.45-b08 mixed mode linux-amd64 compressed oops)
Heap
 PSYoungGen      total 567808K, used 550369K [0x0000000797d00000, 0x00000007c9c80000, 0x0000000800000000)
  eden space 404992K, 95% used [0x0000000797d00000,0x00000007af77d8e0,0x00000007b0880000)
  from space 162816K, 99% used [0x00000007bc100000,0x00000007c5ffaef8,0x00000007c6000000)
  to   space 188928K, 0% used [0x00000007b0880000,0x00000007b0880000,0x00000007bc100000)
 ParOldGen       total 1584640K, used 1248049K [0x00000006c7800000, 0x0000000728380000, 0x0000000797d00000)
  object space 1584640K, 78% used [0x00000006c7800000,0x0000000713acc578,0x0000000728380000)
 PSPermGen       total 83968K, used 53194K [0x00000006c2600000, 0x00000006c7800000, 0x00000006c7800000)
  object space 83968K, 63% used [0x00000006c2600000,0x00000006c59f2bb0,0x00000006c7800000)
GC Heap History (10 events):
Event: 1124.016 GC heap before
{Heap before GC invocations=52 (full 5):
 PSYoungGen      total 488448K, used 458040K [0x0000000797d00000, 0x00000007ba500000, 0x0000000800000000)
  eden space 416768K, 100% used [0x0000000797d00000,0x00000007b1400000,0x00000007b1400000)
  from space 71680K, 57% used [0x00000007b5f00000,0x00000007b874e2d8,0x00000007ba500000)
  to   space 74240K, 0% used [0x00000007b1400000,0x00000007b1400000,0x00000007b5c80000)
 ParOldGen       total 1356800K, used 816634K [0x00000006c7800000, 0x000000071a500000, 0x0000000797d00000)
  object space 1356800K, 60% used [0x00000006c7800000,0x00000006f957ea20,0x000000071a500000)
 PSPermGen       total 83968K, used 53195K [0x00000006c2600000, 0x00000006c7800000, 0x00000006c7800000)
  object space 83968K, 63% used [0x00000006c2600000,0x00000006c59f2e70,0x00000006c7800000)
Event: 1124.052 GC heap after
Heap after GC invocations=52 (full 5):
 PSYoungGen      total 491008K, used 74235K [0x0000000797d00000, 0x00000007c1280000, 0x0000000800000000)
  eden space 416768K, 0% used [0x0000000797d00000,0x0000000797d00000,0x00000007b1400000)
  from space 74240K, 99% used [0x00000007b1400000,0x00000007b5c7eda8,0x00000007b5c80000)
  to   space 129536K, 0% used [0x00000007b9400000,0x00000007b9400000,0x00000007c1280000)
 ParOldGen       total 1356800K, used 939371K [0x00000006c7800000, 0x000000071a500000, 0x0000000797d00000)
  object space 1356800K, 69% used [0x00000006c7800000,0x0000000700d5adf8,0x000000071a500000)
 PSPermGen       total 83968K, used 53195K [0x00000006c2600000, 0x00000006c7800000, 0x00000006c7800000)
  object space 83968K, 63% used [0x00000006c2600000,0x00000006c59f2e70,0x00000006c7800000)
}
Event: 1124.323 GC heap before
{Heap before GC invocations=53 (full 5):
 PSYoungGen      total 491008K, used 308577K [0x0000000797d00000, 0x00000007c1280000, 0x0000000800000000)
  eden space 416768K, 56% used [0x0000000797d00000,0x00000007a61d9880,0x00000007b1400000)
  from space 74240K, 99% used [0x00000007b1400000,0x00000007b5c7eda8,0x00000007b5c80000)
  to   space 129536K, 0% used [0x00000007b9400000,0x00000007b9400000,0x00000007c1280000)
 ParOldGen       total 1356800K, used 939371K [0x00000006c7800000, 0x000000071a500000, 0x0000000797d00000)
  object space 1356800K, 69% used [0x00000006c7800000,0x0000000700d5adf8,0x000000071a500000)
 PSPermGen       total 83968K, used 53195K [0x00000006c2600000, 0x00000006c7800000, 0x00000006c7800000)
  object space 83968K, 63% used [0x00000006c2600000,0x00000006c59f2e70,0x00000006c7800000)
Event: 1124.365 GC heap after
Heap after GC invocations=53 (full 5):
 PSYoungGen      total 536576K, used 105555K [0x0000000797d00000, 0x00000007c4080000, 0x0000000800000000)
  eden space 407040K, 0% used [0x0000000797d00000,0x0000000797d00000,0x00000007b0a80000)
  from space 129536K, 81% used [0x00000007b9400000,0x00000007bfb14c00,0x00000007c1280000)
  to   space 140800K, 0% used [0x00000007b0a80000,0x00000007b0a80000,0x00000007b9400000)
 ParOldGen       total 1356800K, used 1138318K [0x00000006c7800000, 0x000000071a500000, 0x0000000797d00000)
  object space 1356800K, 83% used [0x00000006c7800000,0x000000070cfa3958,0x000000071a500000)
 PSPermGen       total 83968K, used 53195K [0x00000006c2600000, 0x00000006c7800000, 0x00000006c7800000)
  object space 83968K, 63% used [0x00000006c2600000,0x00000006c59f2e70,0x00000006c7800000)
}
Event: 1640.430 GC heap before
{Heap before GC invocations=54 (full 6):
 PSYoungGen      total 536576K, used 512595K [0x0000000797d00000, 0x00000007c4080000, 0x0000000800000000)
  eden space 407040K, 100% used [0x0000000797d00000,0x00000007b0a80000,0x00000007b0a80000)
  from space 129536K, 81% used [0x00000007b9400000,0x00000007bfb14c00,0x00000007c1280000)
  to   space 140800K, 0% used [0x00000007b0a80000,0x00000007b0a80000,0x00000007b9400000)
 ParOldGen       total 2534912K, used 2534517K [0x00000006c7800000, 0x0000000762380000, 0x0000000797d00000)
  object space 2534912K, 99% used [0x00000006c7800000,0x000000076231d7a8,0x0000000762380000)
 PSPermGen       total 83968K, used 53195K [0x00000006c2600000, 0x00000006c7800000, 0x00000006c7800000)
  object space 83968K, 63% used [0x00000006c2600000,0x00000006c59f2e90,0x00000006c7800000)
Event: 1640.751 GC heap after
Heap after GC invocations=54 (full 6):
 PSYoungGen      total 536576K, used 0K [0x0000000797d00000, 0x00000007c4080000, 0x0000000800000000)
  eden space 407040K, 0% used [0x0000000797d00000,0x0000000797d00000,0x00000007b0a80000)
  from space 129536K, 0% used [0x00000007b9400000,0x00000007b9400000,0x00000007c1280000)
  to   space 140800K, 0% used [0x00000007b0a80000,0x00000007b0a80000,0x00000007b9400000)
 ParOldGen       total 1584640K, used 958999K [0x00000006c7800000, 0x0000000728380000, 0x0000000797d00000)
  object space 1584640K, 60% used [0x00000006c7800000,0x0000000702085eb0,0x0000000728380000)
 PSPermGen       total 83968K, used 53194K [0x00000006c2600000, 0x00000006c7800000, 0x00000006c7800000)
  object space 83968K, 63% used [0x00000006c2600000,0x00000006c59f2bb0,0x00000006c7800000)
}
Event: 1641.016 GC heap before
{Heap before GC invocations=55 (full 6):
 PSYoungGen      total 536576K, used 407040K [0x0000000797d00000, 0x00000007c4080000, 0x0000000800000000)
  eden space 407040K, 100% used [0x0000000797d00000,0x00000007b0a80000,0x00000007b0a80000)
  from space 129536K, 0% used [0x00000007b9400000,0x00000007b9400000,0x00000007c1280000)
  to   space 140800K, 0% used [0x00000007b0a80000,0x00000007b0a80000,0x00000007b9400000)
 ParOldGen       total 1584640K, used 961432K [0x00000006c7800000, 0x0000000728380000, 0x0000000797d00000)
  object space 1584640K, 60% used [0x00000006c7800000,0x00000007022e6238,0x0000000728380000)
 PSPermGen       total 83968K, used 53194K [0x00000006c2600000, 0x00000006c7800000, 0x00000006c7800000)
  object space 83968K, 63% used [0x00000006c2600000,0x00000006c59f2bb0,0x00000006c7800000)
Event: 1641.040 GC heap after
Heap after GC invocations=55 (full 6):
 PSYoungGen      total 547840K, used 140790K [0x0000000797d00000, 0x00000007c6000000, 0x0000000800000000)
  eden space 407040K, 0% used [0x0000000797d00000,0x0000000797d00000,0x00000007b0a80000)
  from space 140800K, 99% used [0x00000007b0a80000,0x00000007b93fda58,0x00000007b9400000)
  to   space 162816K, 0% used [0x00000007bc100000,0x00000007bc100000,0x00000007c6000000)
 ParOldGen       total 1584640K, used 1031406K [0x00000006c7800000, 0x0000000728380000, 0x0000000797d00000)
  object space 1584640K, 65% used [0x00000006c7800000,0x000000070673bb98,0x0000000728380000)
 PSPermGen       total 83968K, used 53194K [0x00000006c2600000, 0x00000006c7800000, 0x00000006c7800000)
  object space 83968K, 63% used [0x00000006c2600000,0x00000006c59f2bb0,0x00000006c7800000)
}
Event: 1641.475 GC heap before
{Heap before GC invocations=56 (full 6):
 PSYoungGen      total 547840K, used 502885K [0x0000000797d00000, 0x00000007c6000000, 0x0000000800000000)
  eden space 407040K, 88% used [0x0000000797d00000,0x00000007ade9b9b0,0x00000007b0a80000)
  from space 140800K, 99% used [0x00000007b0a80000,0x00000007b93fda58,0x00000007b9400000)
  to   space 162816K, 0% used [0x00000007bc100000,0x00000007bc100000,0x00000007c6000000)
 ParOldGen       total 1584640K, used 1031406K [0x00000006c7800000, 0x0000000728380000, 0x0000000797d00000)
  object space 1584640K, 65% used [0x00000006c7800000,0x000000070673bb98,0x0000000728380000)
 PSPermGen       total 83968K, used 53194K [0x00000006c2600000, 0x00000006c7800000, 0x00000006c7800000)
  object space 83968K, 63% used [0x00000006c2600000,0x00000006c59f2bb0,0x00000006c7800000)
Event: 1641.522 GC heap after
Heap after GC invocations=56 (full 6):
 PSYoungGen      total 567808K, used 162795K [0x0000000797d00000, 0x00000007c9c80000, 0x0000000800000000)
  eden space 404992K, 0% used [0x0000000797d00000,0x0000000797d00000,0x00000007b0880000)
  from space 162816K, 99% used [0x00000007bc100000,0x00000007c5ffaef8,0x00000007c6000000)
  to   space 188928K, 0% used [0x00000007b0880000,0x00000007b0880000,0x00000007bc100000)
 ParOldGen       total 1584640K, used 1248049K [0x00000006c7800000, 0x0000000728380000, 0x0000000797d00000)
  object space 1584640K, 78% used [0x00000006c7800000,0x0000000713acc578,0x0000000728380000)
 PSPermGen       total 83968K, used 53194K [0x00000006c2600000, 0x00000006c7800000, 0x00000006c7800000)
  object space 83968K, 63% used [0x00000006c2600000,0x00000006c59f2bb0,0x00000006c7800000)
}

