# JRE version: Java(TM) SE Runtime Environment (7.0_45-b18) (build 1.7.0_45-b18)
# Java VM: Java HotSpot(TM) 64-Bit Server VM (24.45-b08 mixed mode linux-amd64 compressed oops)
Heap
 PSYoungGen      total 75264K, used 20072K [0x0000000759500000, 0x0000000760600000, 0x0000000800000000)
  eden space 64512K, 14% used [0x0000000759500000,0x0000000759e1b138,0x000000075d400000)
  from space 10752K, 99% used [0x000000075d580000,0x000000075dfff070,0x000000075e000000)
  to   space 25600K, 0% used [0x000000075ed00000,0x000000075ed00000,0x0000000760600000)
 ParOldGen       total 175104K, used 23487K [0x000000060c000000, 0x0000000616b00000, 0x0000000759500000)
  object space 175104K, 13% used [0x000000060c000000,0x000000060d6efd88,0x0000000616b00000)
 PSPermGen       total 45056K, used 44595K [0x0000000606e00000, 0x0000000609a00000, 0x000000060c000000)
  object space 45056K, 98% used [0x0000000606e00000,0x000000060998cdf8,0x0000000609a00000)
GC Heap History (10 events):
Event: 0.705 GC heap before
{Heap before GC invocations=1 (full 0):
 PSYoungGen      total 76800K, used 66048K [0x0000000759500000, 0x000000075ea80000, 0x0000000800000000)
  eden space 66048K, 100% used [0x0000000759500000,0x000000075d580000,0x000000075d580000)
  from space 10752K, 0% used [0x000000075e000000,0x000000075e000000,0x000000075ea80000)
  to   space 10752K, 0% used [0x000000075d580000,0x000000075d580000,0x000000075e000000)
 ParOldGen       total 175104K, used 0K [0x000000060c000000, 0x0000000616b00000, 0x0000000759500000)
  object space 175104K, 0% used [0x000000060c000000,0x000000060c000000,0x0000000616b00000)
 PSPermGen       total 21504K, used 14600K [0x0000000606e00000, 0x0000000608300000, 0x000000060c000000)
  object space 21504K, 67% used [0x0000000606e00000,0x0000000607c42288,0x0000000608300000)
Event: 0.710 GC heap after
Heap after GC invocations=1 (full 0):
 PSYoungGen      total 76800K, used 5345K [0x0000000759500000, 0x000000075ea80000, 0x0000000800000000)
  eden space 66048K, 0% used [0x0000000759500000,0x0000000759500000,0x000000075d580000)
  from space 10752K, 49% used [0x000000075d580000,0x000000075dab8700,0x000000075e000000)
  to   space 10752K, 0% used [0x000000075e000000,0x000000075e000000,0x000000075ea80000)
 ParOldGen       total 175104K, used 72K [0x000000060c000000, 0x0000000616b00000, 0x0000000759500000)
  object space 175104K, 0% used [0x000000060c000000,0x000000060c012010,0x0000000616b00000)
 PSPermGen       total 21504K, used 14600K [0x0000000606e00000, 0x0000000608300000, 0x000000060c000000)
  object space 21504K, 67% used [0x0000000606e00000,0x0000000607c42288,0x0000000608300000)
}
Event: 1.319 GC heap before
{Heap before GC invocations=2 (full 0):
 PSYoungGen      total 76800K, used 71393K [0x0000000759500000, 0x000000075ea80000, 0x0000000800000000)
  eden space 66048K, 100% used [0x0000000759500000,0x000000075d580000,0x000000075d580000)
  from space 10752K, 49% used [0x000000075d580000,0x000000075dab8700,0x000000075e000000)
  to   space 10752K, 0% used [0x000000075e000000,0x000000075e000000,0x000000075ea80000)
 ParOldGen       total 175104K, used 72K [0x000000060c000000, 0x0000000616b00000, 0x0000000759500000)
  object space 175104K, 0% used [0x000000060c000000,0x000000060c012010,0x0000000616b00000)
 PSPermGen       total 22016K, used 21772K [0x0000000606e00000, 0x0000000608380000, 0x000000060c000000)
  object space 22016K, 98% used [0x0000000606e00000,0x0000000608343280,0x0000000608380000)
Event: 1.327 GC heap after
Heap after GC invocations=2 (full 0):
 PSYoungGen      total 76800K, used 9540K [0x0000000759500000, 0x000000075ea80000, 0x0000000800000000)
  eden space 66048K, 0% used [0x0000000759500000,0x0000000759500000,0x000000075d580000)
  from space 10752K, 88% used [0x000000075e000000,0x000000075e951278,0x000000075ea80000)
  to   space 10752K, 0% used [0x000000075d580000,0x000000075d580000,0x000000075e000000)
 ParOldGen       total 175104K, used 80K [0x000000060c000000, 0x0000000616b00000, 0x0000000759500000)
  object space 175104K, 0% used [0x000000060c000000,0x000000060c014010,0x0000000616b00000)
 PSPermGen       total 22016K, used 21772K [0x0000000606e00000, 0x0000000608380000, 0x000000060c000000)
  object space 22016K, 98% used [0x0000000606e00000,0x0000000608343280,0x0000000608380000)
}
Event: 2.340 GC heap before
{Heap before GC invocations=3 (full 0):
 PSYoungGen      total 76800K, used 75588K [0x0000000759500000, 0x000000075ea80000, 0x0000000800000000)
  eden space 66048K, 100% used [0x0000000759500000,0x000000075d580000,0x000000075d580000)
  from space 10752K, 88% used [0x000000075e000000,0x000000075e951278,0x000000075ea80000)
  to   space 10752K, 0% used [0x000000075d580000,0x000000075d580000,0x000000075e000000)
 ParOldGen       total 175104K, used 80K [0x000000060c000000, 0x0000000616b00000, 0x0000000759500000)
  object space 175104K, 0% used [0x000000060c000000,0x000000060c014010,0x0000000616b00000)
 PSPermGen       total 35840K, used 35499K [0x0000000606e00000, 0x0000000609100000, 0x000000060c000000)
  object space 35840K, 99% used [0x0000000606e00000,0x00000006090aada8,0x0000000609100000)
Event: 2.350 GC heap after
Heap after GC invocations=3 (full 0):
 PSYoungGen      total 76800K, used 10748K [0x0000000759500000, 0x000000075ea80000, 0x0000000800000000)
  eden space 66048K, 0% used [0x0000000759500000,0x0000000759500000,0x000000075d580000)
  from space 10752K, 99% used [0x000000075d580000,0x000000075dfff188,0x000000075e000000)
  to   space 10752K, 0% used [0x000000075e000000,0x000000075e000000,0x000000075ea80000)
 ParOldGen       total 175104K, used 8983K [0x000000060c000000, 0x0000000616b00000, 0x0000000759500000)
  object space 175104K, 5% used [0x000000060c000000,0x000000060c8c5e28,0x0000000616b00000)
 PSPermGen       total 35840K, used 35499K [0x0000000606e00000, 0x0000000609100000, 0x000000060c000000)
  object space 35840K, 99% used [0x0000000606e00000,0x00000006090aada8,0x0000000609100000)
}
Event: 4.377 GC heap before
{Heap before GC invocations=4 (full 0):
 PSYoungGen      total 76800K, used 76796K [0x0000000759500000, 0x000000075ea80000, 0x0000000800000000)
  eden space 66048K, 100% used [0x0000000759500000,0x000000075d580000,0x000000075d580000)
  from space 10752K, 99% used [0x000000075d580000,0x000000075dfff188,0x000000075e000000)
  to   space 10752K, 0% used [0x000000075e000000,0x000000075e000000,0x000000075ea80000)
 ParOldGen       total 175104K, used 8983K [0x000000060c000000, 0x0000000616b00000, 0x0000000759500000)
  object space 175104K, 5% used [0x000000060c000000,0x000000060c8c5e28,0x0000000616b00000)
 PSPermGen       total 43520K, used 43049K [0x0000000606e00000, 0x0000000609880000, 0x000000060c000000)
  object space 43520K, 98% used [0x0000000606e00000,0x000000060980a760,0x0000000609880000)
Event: 4.386 GC heap after
Heap after GC invocations=4 (full 0):
 PSYoungGen      total 76800K, used 10729K [0x0000000759500000, 0x000000075ea80000, 0x0000000800000000)
  eden space 66048K, 0% used [0x0000000759500000,0x0000000759500000,0x000000075d580000)
  from space 10752K, 99% used [0x000000075e000000,0x000000075ea7a798,0x000000075ea80000)
  to   space 10752K, 0% used [0x000000075d580000,0x000000075d580000,0x000000075e000000)
 ParOldGen       total 175104K, used 15713K [0x000000060c000000, 0x0000000616b00000, 0x0000000759500000)
  object space 175104K, 8% used [0x000000060c000000,0x000000060cf58640,0x0000000616b00000)
 PSPermGen       total 43520K, used 43049K [0x0000000606e00000, 0x0000000609880000, 0x000000060c000000)
  object space 43520K, 98% used [0x0000000606e00000,0x000000060980a760,0x0000000609880000)
}
Event: 9.353 GC heap before
{Heap before GC invocations=5 (full 0):
 PSYoungGen      total 76800K, used 76777K [0x0000000759500000, 0x000000075ea80000, 0x0000000800000000)
  eden space 66048K, 100% used [0x0000000759500000,0x000000075d580000,0x000000075d580000)
  from space 10752K, 99% used [0x000000075e000000,0x000000075ea7a798,0x000000075ea80000)
  to   space 10752K, 0% used [0x000000075d580000,0x000000075d580000,0x000000075e000000)
 ParOldGen       total 175104K, used 15713K [0x000000060c000000, 0x0000000616b00000, 0x0000000759500000)
  object space 175104K, 8% used [0x000000060c000000,0x000000060cf58640,0x0000000616b00000)
 PSPermGen       total 45056K, used 44564K [0x0000000606e00000, 0x0000000609a00000, 0x000000060c000000)
  object space 45056K, 98% used [0x0000000606e00000,0x0000000609985018,0x0000000609a00000)
Event: 9.362 GC heap after
Heap after GC invocations=5 (full 0):
 PSYoungGen      total 75264K, used 10748K [0x0000000759500000, 0x0000000760600000, 0x0000000800000000)
  eden space 64512K, 0% used [0x0000000759500000,0x0000000759500000,0x000000075d400000)
  from space 10752K, 99% used [0x000000075d580000,0x000000075dfff070,0x000000075e000000)
  to   space 25600K, 0% used [0x000000075ed00000,0x000000075ed00000,0x0000000760600000)
 ParOldGen       total 175104K, used 23487K [0x000000060c000000, 0x0000000616b00000, 0x0000000759500000)
  object space 175104K, 13% used [0x000000060c000000,0x000000060d6efd88,0x0000000616b00000)
 PSPermGen       total 45056K, used 44564K [0x0000000606e00000, 0x0000000609a00000, 0x000000060c000000)
  object space 45056K, 98% used [0x0000000606e00000,0x0000000609985018,0x0000000609a00000)
}

