# JRE version: Java(TM) SE Runtime Environment (7.0_45-b18) (build 1.7.0_45-b18)
# Java VM: Java HotSpot(TM) 64-Bit Server VM (24.45-b08 mixed mode linux-amd64 compressed oops)
Heap
 PSYoungGen      total 284160K, used 167270K [0x0000000797d00000, 0x00000007ad400000, 0x0000000800000000)
  eden space 250880K, 53% used [0x0000000797d00000,0x000000079ffe0bc8,0x00000007a7200000)
  from space 33280K, 99% used [0x00000007a9d80000,0x00000007abdf8f58,0x00000007abe00000)
  to   space 44544K, 0% used [0x00000007a7200000,0x00000007a7200000,0x00000007a9d80000)
 ParOldGen       total 175104K, used 53000K [0x00000006c7800000, 0x00000006d2300000, 0x0000000797d00000)
  object space 175104K, 30% used [0x00000006c7800000,0x00000006cabc2090,0x00000006d2300000)
 PSPermGen       total 47616K, used 47137K [0x00000006c2600000, 0x00000006c5480000, 0x00000006c7800000)
  object space 47616K, 98% used [0x00000006c2600000,0x00000006c54087e8,0x00000006c5480000)
GC Heap History (10 events):
Event: 6.599 GC heap before
{Heap before GC invocations=4 (full 0):
 PSYoungGen      total 76800K, used 76795K [0x0000000797d00000, 0x000000079d280000, 0x0000000800000000)
  eden space 66048K, 100% used [0x0000000797d00000,0x000000079bd80000,0x000000079bd80000)
  from space 10752K, 99% used [0x000000079bd80000,0x000000079c7fed10,0x000000079c800000)
  to   space 10752K, 0% used [0x000000079c800000,0x000000079c800000,0x000000079d280000)
 ParOldGen       total 175104K, used 6135K [0x00000006c7800000, 0x00000006d2300000, 0x0000000797d00000)
  object space 175104K, 3% used [0x00000006c7800000,0x00000006c7dfde40,0x00000006d2300000)
 PSPermGen       total 35840K, used 35694K [0x00000006c2600000, 0x00000006c4900000, 0x00000006c7800000)
  object space 35840K, 99% used [0x00000006c2600000,0x00000006c48dba28,0x00000006c4900000)
Event: 6.610 GC heap after
Heap after GC invocations=4 (full 0):
 PSYoungGen      total 76800K, used 10738K [0x0000000797d00000, 0x000000079d280000, 0x0000000800000000)
  eden space 66048K, 0% used [0x0000000797d00000,0x0000000797d00000,0x000000079bd80000)
  from space 10752K, 99% used [0x000000079c800000,0x000000079d27cba8,0x000000079d280000)
  to   space 10752K, 0% used [0x000000079bd80000,0x000000079bd80000,0x000000079c800000)
 ParOldGen       total 175104K, used 18126K [0x00000006c7800000, 0x00000006d2300000, 0x0000000797d00000)
  object space 175104K, 10% used [0x00000006c7800000,0x00000006c89b3b08,0x00000006d2300000)
 PSPermGen       total 35840K, used 35694K [0x00000006c2600000, 0x00000006c4900000, 0x00000006c7800000)
  object space 35840K, 99% used [0x00000006c2600000,0x00000006c48dba28,0x00000006c4900000)
}
Event: 6.864 GC heap before
{Heap before GC invocations=5 (full 0):
 PSYoungGen      total 76800K, used 76786K [0x0000000797d00000, 0x000000079d280000, 0x0000000800000000)
  eden space 66048K, 100% used [0x0000000797d00000,0x000000079bd80000,0x000000079bd80000)
  from space 10752K, 99% used [0x000000079c800000,0x000000079d27cba8,0x000000079d280000)
  to   space 10752K, 0% used [0x000000079bd80000,0x000000079bd80000,0x000000079c800000)
 ParOldGen       total 175104K, used 18126K [0x00000006c7800000, 0x00000006d2300000, 0x0000000797d00000)
  object space 175104K, 10% used [0x00000006c7800000,0x00000006c89b3b08,0x00000006d2300000)
 PSPermGen       total 36352K, used 36092K [0x00000006c2600000, 0x00000006c4980000, 0x00000006c7800000)
  object space 36352K, 99% used [0x00000006c2600000,0x00000006c493f010,0x00000006c4980000)
Event: 6.878 GC heap after
Heap after GC invocations=5 (full 0):
 PSYoungGen      total 76800K, used 10731K [0x0000000797d00000, 0x00000007a3d00000, 0x0000000800000000)
  eden space 66048K, 0% used [0x0000000797d00000,0x0000000797d00000,0x000000079bd80000)
  from space 10752K, 99% used [0x000000079bd80000,0x000000079c7fae90,0x000000079c800000)
  to   space 32256K, 0% used [0x00000007a1d80000,0x00000007a1d80000,0x00000007a3d00000)
 ParOldGen       total 175104K, used 32875K [0x00000006c7800000, 0x00000006d2300000, 0x0000000797d00000)
  object space 175104K, 18% used [0x00000006c7800000,0x00000006c981af28,0x00000006d2300000)
 PSPermGen       total 36352K, used 36092K [0x00000006c2600000, 0x00000006c4980000, 0x00000006c7800000)
  object space 36352K, 99% used [0x00000006c2600000,0x00000006c493f010,0x00000006c4980000)
}
Event: 7.329 GC heap before
{Heap before GC invocations=6 (full 0):
 PSYoungGen      total 76800K, used 76779K [0x0000000797d00000, 0x00000007a3d00000, 0x0000000800000000)
  eden space 66048K, 100% used [0x0000000797d00000,0x000000079bd80000,0x000000079bd80000)
  from space 10752K, 99% used [0x000000079bd80000,0x000000079c7fae90,0x000000079c800000)
  to   space 32256K, 0% used [0x00000007a1d80000,0x00000007a1d80000,0x00000007a3d00000)
 ParOldGen       total 175104K, used 32875K [0x00000006c7800000, 0x00000006d2300000, 0x0000000797d00000)
  object space 175104K, 18% used [0x00000006c7800000,0x00000006c981af28,0x00000006d2300000)
 PSPermGen       total 37888K, used 37541K [0x00000006c2600000, 0x00000006c4b00000, 0x00000006c7800000)
  object space 37888K, 99% used [0x00000006c2600000,0x00000006c4aa9610,0x00000006c4b00000)
Event: 7.346 GC heap after
Heap after GC invocations=6 (full 0):
 PSYoungGen      total 163328K, used 21744K [0x0000000797d00000, 0x00000007a3f00000, 0x0000000800000000)
  eden space 131072K, 0% used [0x0000000797d00000,0x0000000797d00000,0x000000079fd00000)
  from space 32256K, 67% used [0x00000007a1d80000,0x00000007a32bc070,0x00000007a3d00000)
  to   space 33280K, 0% used [0x000000079fd00000,0x000000079fd00000,0x00000007a1d80000)
 ParOldGen       total 175104K, used 32875K [0x00000006c7800000, 0x00000006d2300000, 0x0000000797d00000)
  object space 175104K, 18% used [0x00000006c7800000,0x00000006c981af28,0x00000006d2300000)
 PSPermGen       total 37888K, used 37541K [0x00000006c2600000, 0x00000006c4b00000, 0x00000006c7800000)
  object space 37888K, 99% used [0x00000006c2600000,0x00000006c4aa9610,0x00000006c4b00000)
}
Event: 16.734 GC heap before
{Heap before GC invocations=7 (full 0):
 PSYoungGen      total 163328K, used 152816K [0x0000000797d00000, 0x00000007a3f00000, 0x0000000800000000)
  eden space 131072K, 100% used [0x0000000797d00000,0x000000079fd00000,0x000000079fd00000)
  from space 32256K, 67% used [0x00000007a1d80000,0x00000007a32bc070,0x00000007a3d00000)
  to   space 33280K, 0% used [0x000000079fd00000,0x000000079fd00000,0x00000007a1d80000)
 ParOldGen       total 175104K, used 32875K [0x00000006c7800000, 0x00000006d2300000, 0x0000000797d00000)
  object space 175104K, 18% used [0x00000006c7800000,0x00000006c981af28,0x00000006d2300000)
 PSPermGen       total 44544K, used 44537K [0x00000006c2600000, 0x00000006c5180000, 0x00000006c7800000)
  object space 44544K, 99% used [0x00000006c2600000,0x00000006c517e450,0x00000006c5180000)
Event: 16.753 GC heap after
Heap after GC invocations=7 (full 0):
 PSYoungGen      total 164352K, used 21567K [0x0000000797d00000, 0x00000007abe00000, 0x0000000800000000)
  eden space 131072K, 0% used [0x0000000797d00000,0x0000000797d00000,0x000000079fd00000)
  from space 33280K, 64% used [0x000000079fd00000,0x00000007a120fc48,0x00000007a1d80000)
  to   space 33280K, 0% used [0x00000007a9d80000,0x00000007a9d80000,0x00000007abe00000)
 ParOldGen       total 175104K, used 38222K [0x00000006c7800000, 0x00000006d2300000, 0x0000000797d00000)
  object space 175104K, 21% used [0x00000006c7800000,0x00000006c9d53b40,0x00000006d2300000)
 PSPermGen       total 44544K, used 44537K [0x00000006c2600000, 0x00000006c5180000, 0x00000006c7800000)
  object space 44544K, 99% used [0x00000006c2600000,0x00000006c517e450,0x00000006c5180000)
}
Event: 20.785 GC heap before
{Heap before GC invocations=8 (full 0):
 PSYoungGen      total 164352K, used 152619K [0x0000000797d00000, 0x00000007abe00000, 0x0000000800000000)
  eden space 131072K, 99% used [0x0000000797d00000,0x000000079fcfb140,0x000000079fd00000)
  from space 33280K, 64% used [0x000000079fd00000,0x00000007a120fc48,0x00000007a1d80000)
  to   space 33280K, 0% used [0x00000007a9d80000,0x00000007a9d80000,0x00000007abe00000)
 ParOldGen       total 175104K, used 38222K [0x00000006c7800000, 0x00000006d2300000, 0x0000000797d00000)
  object space 175104K, 21% used [0x00000006c7800000,0x00000006c9d53b40,0x00000006d2300000)
 PSPermGen       total 47104K, used 46626K [0x00000006c2600000, 0x00000006c5400000, 0x00000006c7800000)
  object space 47104K, 98% used [0x00000006c2600000,0x00000006c5388a00,0x00000006c5400000)
Event: 20.820 GC heap after
Heap after GC invocations=8 (full 0):
 PSYoungGen      total 284160K, used 33251K [0x0000000797d00000, 0x00000007ad400000, 0x0000000800000000)
  eden space 250880K, 0% used [0x0000000797d00000,0x0000000797d00000,0x00000007a7200000)
  from space 33280K, 99% used [0x00000007a9d80000,0x00000007abdf8f58,0x00000007abe00000)
  to   space 44544K, 0% used [0x00000007a7200000,0x00000007a7200000,0x00000007a9d80000)
 ParOldGen       total 175104K, used 53000K [0x00000006c7800000, 0x00000006d2300000, 0x0000000797d00000)
  object space 175104K, 30% used [0x00000006c7800000,0x00000006cabc2090,0x00000006d2300000)
 PSPermGen       total 47104K, used 46626K [0x00000006c2600000, 0x00000006c5400000, 0x00000006c7800000)
  object space 47104K, 98% used [0x00000006c2600000,0x00000006c5388a00,0x00000006c5400000)
}

