# JRE version: Java(TM) SE Runtime Environment (7.0_45-b18) (build 1.7.0_45-b18)
# Java VM: Java HotSpot(TM) 64-Bit Server VM (24.45-b08 mixed mode linux-amd64 compressed oops)
Heap
 PSYoungGen      total 85504K, used 54477K [0x0000000759500000, 0x0000000760500000, 0x0000000800000000)
  eden space 59904K, 56% used [0x0000000759500000,0x000000075b617238,0x000000075cf80000)
  from space 25600K, 80% used [0x000000075ea00000,0x000000075fe1c4c8,0x0000000760300000)
  to   space 27136K, 0% used [0x000000075cf80000,0x000000075cf80000,0x000000075ea00000)
 ParOldGen       total 175104K, used 25224K [0x000000060c000000, 0x0000000616b00000, 0x0000000759500000)
  object space 175104K, 14% used [0x000000060c000000,0x000000060d8a20f0,0x0000000616b00000)
 PSPermGen       total 53248K, used 53099K [0x0000000606e00000, 0x000000060a200000, 0x000000060c000000)
  object space 53248K, 99% used [0x0000000606e00000,0x000000060a1dac70,0x000000060a200000)
GC Heap History (10 events):
Event: 8.776 GC heap before
{Heap before GC invocations=4 (full 0):
 PSYoungGen      total 76800K, used 76772K [0x0000000759500000, 0x000000075ea80000, 0x0000000800000000)
  eden space 66048K, 100% used [0x0000000759500000,0x000000075d580000,0x000000075d580000)
  from space 10752K, 99% used [0x000000075d580000,0x000000075dff90a0,0x000000075e000000)
  to   space 10752K, 0% used [0x000000075e000000,0x000000075e000000,0x000000075ea80000)
 ParOldGen       total 175104K, used 6225K [0x000000060c000000, 0x0000000616b00000, 0x0000000759500000)
  object space 175104K, 3% used [0x000000060c000000,0x000000060c614580,0x0000000616b00000)
 PSPermGen       total 38400K, used 37941K [0x0000000606e00000, 0x0000000609380000, 0x000000060c000000)
  object space 38400K, 98% used [0x0000000606e00000,0x000000060930d768,0x0000000609380000)
Event: 8.786 GC heap after
Heap after GC invocations=4 (full 0):
 PSYoungGen      total 76800K, used 10749K [0x0000000759500000, 0x000000075ea80000, 0x0000000800000000)
  eden space 66048K, 0% used [0x0000000759500000,0x0000000759500000,0x000000075d580000)
  from space 10752K, 99% used [0x000000075e000000,0x000000075ea7f560,0x000000075ea80000)
  to   space 10752K, 0% used [0x000000075d580000,0x000000075d580000,0x000000075e000000)
 ParOldGen       total 175104K, used 11822K [0x000000060c000000, 0x0000000616b00000, 0x0000000759500000)
  object space 175104K, 6% used [0x000000060c000000,0x000000060cb8b8f8,0x0000000616b00000)
 PSPermGen       total 38400K, used 37941K [0x0000000606e00000, 0x0000000609380000, 0x000000060c000000)
  object space 38400K, 98% used [0x0000000606e00000,0x000000060930d768,0x0000000609380000)
}
Event: 12.944 GC heap before
{Heap before GC invocations=5 (full 0):
 PSYoungGen      total 76800K, used 76797K [0x0000000759500000, 0x000000075ea80000, 0x0000000800000000)
  eden space 66048K, 100% used [0x0000000759500000,0x000000075d580000,0x000000075d580000)
  from space 10752K, 99% used [0x000000075e000000,0x000000075ea7f560,0x000000075ea80000)
  to   space 10752K, 0% used [0x000000075d580000,0x000000075d580000,0x000000075e000000)
 ParOldGen       total 175104K, used 11822K [0x000000060c000000, 0x0000000616b00000, 0x0000000759500000)
  object space 175104K, 6% used [0x000000060c000000,0x000000060cb8b8f8,0x0000000616b00000)
 PSPermGen       total 44544K, used 44350K [0x0000000606e00000, 0x0000000609980000, 0x000000060c000000)
  object space 44544K, 99% used [0x0000000606e00000,0x000000060994fa80,0x0000000609980000)
Event: 12.954 GC heap after
Heap after GC invocations=5 (full 0):
 PSYoungGen      total 75264K, used 10740K [0x0000000759500000, 0x0000000760100000, 0x0000000800000000)
  eden space 64512K, 0% used [0x0000000759500000,0x0000000759500000,0x000000075d400000)
  from space 10752K, 99% used [0x000000075d580000,0x000000075dffd280,0x000000075e000000)
  to   space 23040K, 0% used [0x000000075ea80000,0x000000075ea80000,0x0000000760100000)
 ParOldGen       total 175104K, used 17955K [0x000000060c000000, 0x0000000616b00000, 0x0000000759500000)
  object space 175104K, 10% used [0x000000060c000000,0x000000060d188cc0,0x0000000616b00000)
 PSPermGen       total 44544K, used 44350K [0x0000000606e00000, 0x0000000609980000, 0x000000060c000000)
  object space 44544K, 99% used [0x0000000606e00000,0x000000060994fa80,0x0000000609980000)
}
Event: 13.791 GC heap before
{Heap before GC invocations=6 (full 0):
 PSYoungGen      total 75264K, used 75252K [0x0000000759500000, 0x0000000760100000, 0x0000000800000000)
  eden space 64512K, 100% used [0x0000000759500000,0x000000075d400000,0x000000075d400000)
  from space 10752K, 99% used [0x000000075d580000,0x000000075dffd280,0x000000075e000000)
  to   space 23040K, 0% used [0x000000075ea80000,0x000000075ea80000,0x0000000760100000)
 ParOldGen       total 175104K, used 17955K [0x000000060c000000, 0x0000000616b00000, 0x0000000759500000)
  object space 175104K, 10% used [0x000000060c000000,0x000000060d188cc0,0x0000000616b00000)
 PSPermGen       total 50688K, used 50531K [0x0000000606e00000, 0x0000000609f80000, 0x000000060c000000)
  object space 50688K, 99% used [0x0000000606e00000,0x0000000609f58d00,0x0000000609f80000)
Event: 13.802 GC heap after
Heap after GC invocations=6 (full 0):
 PSYoungGen      total 86016K, used 18258K [0x0000000759500000, 0x0000000760280000, 0x0000000800000000)
  eden space 62976K, 0% used [0x0000000759500000,0x0000000759500000,0x000000075d280000)
  from space 23040K, 79% used [0x000000075ea80000,0x000000075fc54b08,0x0000000760100000)
  to   space 24576K, 0% used [0x000000075d280000,0x000000075d280000,0x000000075ea80000)
 ParOldGen       total 175104K, used 17963K [0x000000060c000000, 0x0000000616b00000, 0x0000000759500000)
  object space 175104K, 10% used [0x000000060c000000,0x000000060d18acc0,0x0000000616b00000)
 PSPermGen       total 50688K, used 50531K [0x0000000606e00000, 0x0000000609f80000, 0x000000060c000000)
  object space 50688K, 99% used [0x0000000606e00000,0x0000000609f58d00,0x0000000609f80000)
}
Event: 18.972 GC heap before
{Heap before GC invocations=7 (full 0):
 PSYoungGen      total 86016K, used 81234K [0x0000000759500000, 0x0000000760280000, 0x0000000800000000)
  eden space 62976K, 100% used [0x0000000759500000,0x000000075d280000,0x000000075d280000)
  from space 23040K, 79% used [0x000000075ea80000,0x000000075fc54b08,0x0000000760100000)
  to   space 24576K, 0% used [0x000000075d280000,0x000000075d280000,0x000000075ea80000)
 ParOldGen       total 175104K, used 17963K [0x000000060c000000, 0x0000000616b00000, 0x0000000759500000)
  object space 175104K, 10% used [0x000000060c000000,0x000000060d18acc0,0x0000000616b00000)
 PSPermGen       total 53248K, used 52803K [0x0000000606e00000, 0x000000060a200000, 0x000000060c000000)
  object space 53248K, 99% used [0x0000000606e00000,0x000000060a190db0,0x000000060a200000)
Event: 18.983 GC heap after
Heap after GC invocations=7 (full 0):
 PSYoungGen      total 80896K, used 18963K [0x0000000759500000, 0x0000000760300000, 0x0000000800000000)
  eden space 61440K, 0% used [0x0000000759500000,0x0000000759500000,0x000000075d100000)
  from space 19456K, 97% used [0x000000075d280000,0x000000075e504c10,0x000000075e580000)
  to   space 25600K, 0% used [0x000000075ea00000,0x000000075ea00000,0x0000000760300000)
 ParOldGen       total 175104K, used 20878K [0x000000060c000000, 0x0000000616b00000, 0x0000000759500000)
  object space 175104K, 11% used [0x000000060c000000,0x000000060d463b50,0x0000000616b00000)
 PSPermGen       total 53248K, used 52803K [0x0000000606e00000, 0x000000060a200000, 0x000000060c000000)
  object space 53248K, 99% used [0x0000000606e00000,0x000000060a190db0,0x000000060a200000)
}
Event: 25.412 GC heap before
{Heap before GC invocations=8 (full 0):
 PSYoungGen      total 80896K, used 80403K [0x0000000759500000, 0x0000000760300000, 0x0000000800000000)
  eden space 61440K, 100% used [0x0000000759500000,0x000000075d100000,0x000000075d100000)
  from space 19456K, 97% used [0x000000075d280000,0x000000075e504c10,0x000000075e580000)
  to   space 25600K, 0% used [0x000000075ea00000,0x000000075ea00000,0x0000000760300000)
 ParOldGen       total 175104K, used 20878K [0x000000060c000000, 0x0000000616b00000, 0x0000000759500000)
  object space 175104K, 11% used [0x000000060c000000,0x000000060d463b50,0x0000000616b00000)
 PSPermGen       total 53248K, used 52960K [0x0000000606e00000, 0x000000060a200000, 0x000000060c000000)
  object space 53248K, 99% used [0x0000000606e00000,0x000000060a1b8198,0x000000060a200000)
Event: 25.422 GC heap after
Heap after GC invocations=8 (full 0):
 PSYoungGen      total 85504K, used 20593K [0x0000000759500000, 0x0000000760500000, 0x0000000800000000)
  eden space 59904K, 0% used [0x0000000759500000,0x0000000759500000,0x000000075cf80000)
  from space 25600K, 80% used [0x000000075ea00000,0x000000075fe1c4c8,0x0000000760300000)
  to   space 27136K, 0% used [0x000000075cf80000,0x000000075cf80000,0x000000075ea00000)
 ParOldGen       total 175104K, used 25224K [0x000000060c000000, 0x0000000616b00000, 0x0000000759500000)
  object space 175104K, 14% used [0x000000060c000000,0x000000060d8a20f0,0x0000000616b00000)
 PSPermGen       total 53248K, used 52960K [0x0000000606e00000, 0x000000060a200000, 0x000000060c000000)
  object space 53248K, 99% used [0x0000000606e00000,0x000000060a1b8198,0x000000060a200000)
}

