# JRE version: Java(TM) SE Runtime Environment (7.0_45-b18) (build 1.7.0_45-b18)
# Java VM: Java HotSpot(TM) 64-Bit Server VM (24.45-b08 mixed mode linux-amd64 compressed oops)
Heap
 PSYoungGen      total 83456K, used 25121K [0x00000000eb280000, 0x00000000f2100000, 0x0000000100000000)
  eden space 58880K, 19% used [0x00000000eb280000,0x00000000ebdd01c8,0x00000000eec00000)
  from space 24576K, 55% used [0x00000000f0900000,0x00000000f1638418,0x00000000f2100000)
  to   space 27136K, 0% used [0x00000000eec00000,0x00000000eec00000,0x00000000f0680000)
 ParOldGen       total 175104K, used 31806K [0x00000000c1800000, 0x00000000cc300000, 0x00000000eb280000)
  object space 175104K, 18% used [0x00000000c1800000,0x00000000c370faa0,0x00000000cc300000)
 PSPermGen       total 52736K, used 52570K [0x00000000bc600000, 0x00000000bf980000, 0x00000000c1800000)
  object space 52736K, 99% used [0x00000000bc600000,0x00000000bf956800,0x00000000bf980000)
GC Heap History (10 events):
Event: 13.110 GC heap before
{Heap before GC invocations=4 (full 0):
 PSYoungGen      total 76800K, used 76786K [0x00000000eb280000, 0x00000000f0800000, 0x0000000100000000)
  eden space 66048K, 100% used [0x00000000eb280000,0x00000000ef300000,0x00000000ef300000)
  from space 10752K, 99% used [0x00000000ef300000,0x00000000efd7cb38,0x00000000efd80000)
  to   space 10752K, 0% used [0x00000000efd80000,0x00000000efd80000,0x00000000f0800000)
 ParOldGen       total 175104K, used 6174K [0x00000000c1800000, 0x00000000cc300000, 0x00000000eb280000)
  object space 175104K, 3% used [0x00000000c1800000,0x00000000c1e07bf0,0x00000000cc300000)
 PSPermGen       total 37376K, used 37296K [0x00000000bc600000, 0x00000000bea80000, 0x00000000c1800000)
  object space 37376K, 99% used [0x00000000bc600000,0x00000000bea6c278,0x00000000bea80000)
Event: 13.119 GC heap after
Heap after GC invocations=4 (full 0):
 PSYoungGen      total 76800K, used 10745K [0x00000000eb280000, 0x00000000f0800000, 0x0000000100000000)
  eden space 66048K, 0% used [0x00000000eb280000,0x00000000eb280000,0x00000000ef300000)
  from space 10752K, 99% used [0x00000000efd80000,0x00000000f07fe610,0x00000000f0800000)
  to   space 10752K, 0% used [0x00000000ef300000,0x00000000ef300000,0x00000000efd80000)
 ParOldGen       total 175104K, used 11991K [0x00000000c1800000, 0x00000000cc300000, 0x00000000eb280000)
  object space 175104K, 6% used [0x00000000c1800000,0x00000000c23b5ea8,0x00000000cc300000)
 PSPermGen       total 37376K, used 37296K [0x00000000bc600000, 0x00000000bea80000, 0x00000000c1800000)
  object space 37376K, 99% used [0x00000000bc600000,0x00000000bea6c278,0x00000000bea80000)
}
Event: 18.506 GC heap before
{Heap before GC invocations=5 (full 0):
 PSYoungGen      total 76800K, used 76793K [0x00000000eb280000, 0x00000000f0800000, 0x0000000100000000)
  eden space 66048K, 100% used [0x00000000eb280000,0x00000000ef300000,0x00000000ef300000)
  from space 10752K, 99% used [0x00000000efd80000,0x00000000f07fe610,0x00000000f0800000)
  to   space 10752K, 0% used [0x00000000ef300000,0x00000000ef300000,0x00000000efd80000)
 ParOldGen       total 175104K, used 11991K [0x00000000c1800000, 0x00000000cc300000, 0x00000000eb280000)
  object space 175104K, 6% used [0x00000000c1800000,0x00000000c23b5ea8,0x00000000cc300000)
 PSPermGen       total 40960K, used 40718K [0x00000000bc600000, 0x00000000bee00000, 0x00000000c1800000)
  object space 40960K, 99% used [0x00000000bc600000,0x00000000bedc3840,0x00000000bee00000)
Event: 18.514 GC heap after
Heap after GC invocations=5 (full 0):
 PSYoungGen      total 75264K, used 10745K [0x00000000eb280000, 0x00000000f1c80000, 0x0000000100000000)
  eden space 64512K, 0% used [0x00000000eb280000,0x00000000eb280000,0x00000000ef180000)
  from space 10752K, 99% used [0x00000000ef300000,0x00000000efd7e7e8,0x00000000efd80000)
  to   space 22016K, 0% used [0x00000000f0700000,0x00000000f0700000,0x00000000f1c80000)
 ParOldGen       total 175104K, used 16015K [0x00000000c1800000, 0x00000000cc300000, 0x00000000eb280000)
  object space 175104K, 9% used [0x00000000c1800000,0x00000000c27a3eb8,0x00000000cc300000)
 PSPermGen       total 40960K, used 40718K [0x00000000bc600000, 0x00000000bee00000, 0x00000000c1800000)
  object space 40960K, 99% used [0x00000000bc600000,0x00000000bedc3840,0x00000000bee00000)
}
Event: 23.872 GC heap before
{Heap before GC invocations=6 (full 0):
 PSYoungGen      total 75264K, used 75257K [0x00000000eb280000, 0x00000000f1c80000, 0x0000000100000000)
  eden space 64512K, 100% used [0x00000000eb280000,0x00000000ef180000,0x00000000ef180000)
  from space 10752K, 99% used [0x00000000ef300000,0x00000000efd7e7e8,0x00000000efd80000)
  to   space 22016K, 0% used [0x00000000f0700000,0x00000000f0700000,0x00000000f1c80000)
 ParOldGen       total 175104K, used 16015K [0x00000000c1800000, 0x00000000cc300000, 0x00000000eb280000)
  object space 175104K, 9% used [0x00000000c1800000,0x00000000c27a3eb8,0x00000000cc300000)
 PSPermGen       total 46592K, used 46097K [0x00000000bc600000, 0x00000000bf380000, 0x00000000c1800000)
  object space 46592K, 98% used [0x00000000bc600000,0x00000000bf304550,0x00000000bf380000)
Event: 23.884 GC heap after
Heap after GC invocations=6 (full 0):
 PSYoungGen      total 82944K, used 21608K [0x00000000eb280000, 0x00000000f2200000, 0x0000000100000000)
  eden space 60928K, 0% used [0x00000000eb280000,0x00000000eb280000,0x00000000eee00000)
  from space 22016K, 98% used [0x00000000f0700000,0x00000000f1c1a168,0x00000000f1c80000)
  to   space 25600K, 0% used [0x00000000eee00000,0x00000000eee00000,0x00000000f0700000)
 ParOldGen       total 175104K, used 23570K [0x00000000c1800000, 0x00000000cc300000, 0x00000000eb280000)
  object space 175104K, 13% used [0x00000000c1800000,0x00000000c2f04978,0x00000000cc300000)
 PSPermGen       total 46592K, used 46097K [0x00000000bc600000, 0x00000000bf380000, 0x00000000c1800000)
  object space 46592K, 98% used [0x00000000bc600000,0x00000000bf304550,0x00000000bf380000)
}
Event: 24.675 GC heap before
{Heap before GC invocations=7 (full 0):
 PSYoungGen      total 82944K, used 82536K [0x00000000eb280000, 0x00000000f2200000, 0x0000000100000000)
  eden space 60928K, 100% used [0x00000000eb280000,0x00000000eee00000,0x00000000eee00000)
  from space 22016K, 98% used [0x00000000f0700000,0x00000000f1c1a168,0x00000000f1c80000)
  to   space 25600K, 0% used [0x00000000eee00000,0x00000000eee00000,0x00000000f0700000)
 ParOldGen       total 175104K, used 23570K [0x00000000c1800000, 0x00000000cc300000, 0x00000000eb280000)
  object space 175104K, 13% used [0x00000000c1800000,0x00000000c2f04978,0x00000000cc300000)
 PSPermGen       total 51712K, used 51658K [0x00000000bc600000, 0x00000000bf880000, 0x00000000c1800000)
  object space 51712K, 99% used [0x00000000bc600000,0x00000000bf872a78,0x00000000bf880000)
Event: 24.688 GC heap after
Heap after GC invocations=7 (full 0):
 PSYoungGen      total 85504K, used 23313K [0x00000000eb280000, 0x00000000f2500000, 0x0000000100000000)
  eden space 59904K, 0% used [0x00000000eb280000,0x00000000eb280000,0x00000000eed00000)
  from space 25600K, 91% used [0x00000000eee00000,0x00000000f04c45e8,0x00000000f0700000)
  to   space 28672K, 0% used [0x00000000f0900000,0x00000000f0900000,0x00000000f2500000)
 ParOldGen       total 175104K, used 27491K [0x00000000c1800000, 0x00000000cc300000, 0x00000000eb280000)
  object space 175104K, 15% used [0x00000000c1800000,0x00000000c32d8e40,0x00000000cc300000)
 PSPermGen       total 51712K, used 51658K [0x00000000bc600000, 0x00000000bf880000, 0x00000000c1800000)
  object space 51712K, 99% used [0x00000000bc600000,0x00000000bf872a78,0x00000000bf880000)
}
Event: 49.492 GC heap before
{Heap before GC invocations=8 (full 0):
 PSYoungGen      total 85504K, used 83217K [0x00000000eb280000, 0x00000000f2500000, 0x0000000100000000)
  eden space 59904K, 100% used [0x00000000eb280000,0x00000000eed00000,0x00000000eed00000)
  from space 25600K, 91% used [0x00000000eee00000,0x00000000f04c45e8,0x00000000f0700000)
  to   space 28672K, 0% used [0x00000000f0900000,0x00000000f0900000,0x00000000f2500000)
 ParOldGen       total 175104K, used 27491K [0x00000000c1800000, 0x00000000cc300000, 0x00000000eb280000)
  object space 175104K, 15% used [0x00000000c1800000,0x00000000c32d8e40,0x00000000cc300000)
 PSPermGen       total 52736K, used 52522K [0x00000000bc600000, 0x00000000bf980000, 0x00000000c1800000)
  object space 52736K, 99% used [0x00000000bc600000,0x00000000bf94ab30,0x00000000bf980000)
Event: 49.500 GC heap after
Heap after GC invocations=8 (full 0):
 PSYoungGen      total 83456K, used 13537K [0x00000000eb280000, 0x00000000f2100000, 0x0000000100000000)
  eden space 58880K, 0% used [0x00000000eb280000,0x00000000eb280000,0x00000000eec00000)
  from space 24576K, 55% used [0x00000000f0900000,0x00000000f1638418,0x00000000f2100000)
  to   space 27136K, 0% used [0x00000000eec00000,0x00000000eec00000,0x00000000f0680000)
 ParOldGen       total 175104K, used 31806K [0x00000000c1800000, 0x00000000cc300000, 0x00000000eb280000)
  object space 175104K, 18% used [0x00000000c1800000,0x00000000c370faa0,0x00000000cc300000)
 PSPermGen       total 52736K, used 52522K [0x00000000bc600000, 0x00000000bf980000, 0x00000000c1800000)
  object space 52736K, 99% used [0x00000000bc600000,0x00000000bf94ab30,0x00000000bf980000)
}

