# JRE version: Java(TM) SE Runtime Environment (7.0_45-b18) (build 1.7.0_45-b18)
# Java VM: Java HotSpot(TM) 64-Bit Server VM (24.45-b08 mixed mode linux-amd64 compressed oops)
Heap
 PSYoungGen      total 230400K, used 36017K [0x0000000797d00000, 0x00000007a7080000, 0x0000000800000000)
  eden space 224256K, 13% used [0x0000000797d00000,0x0000000799a2fa18,0x00000007a5800000)
  from space 6144K, 99% used [0x00000007a5800000,0x00000007a5dfcdb0,0x00000007a5e00000)
  to   space 12288K, 0% used [0x00000007a6480000,0x00000007a6480000,0x00000007a7080000)
 ParOldGen       total 1350144K, used 1197140K [0x00000006c7800000, 0x0000000719e80000, 0x0000000797d00000)
  object space 1350144K, 88% used [0x00000006c7800000,0x0000000710915348,0x0000000719e80000)
 PSPermGen       total 83968K, used 56806K [0x00000006c2600000, 0x00000006c7800000, 0x00000006c7800000)
  object space 83968K, 67% used [0x00000006c2600000,0x00000006c5d79b00,0x00000006c7800000)
GC Heap History (10 events):
Event: 2715.687 GC heap before
{Heap before GC invocations=174 (full 7):
 PSYoungGen      total 228864K, used 226413K [0x0000000797d00000, 0x00000007a6300000, 0x0000000800000000)
  eden space 223232K, 100% used [0x0000000797d00000,0x00000007a5700000,0x00000007a5700000)
  from space 5632K, 56% used [0x00000007a5d80000,0x00000007a609b6a0,0x00000007a6300000)
  to   space 6144K, 0% used [0x00000007a5700000,0x00000007a5700000,0x00000007a5d00000)
 ParOldGen       total 1350144K, used 1182379K [0x00000006c7800000, 0x0000000719e80000, 0x0000000797d00000)
  object space 1350144K, 87% used [0x00000006c7800000,0x000000070faaadb0,0x0000000719e80000)
 PSPermGen       total 83968K, used 55665K [0x00000006c2600000, 0x00000006c7800000, 0x00000006c7800000)
  object space 83968K, 66% used [0x00000006c2600000,0x00000006c5c5c7d8,0x00000006c7800000)
Event: 2715.694 GC heap after
Heap after GC invocations=174 (full 7):
 PSYoungGen      total 229376K, used 3188K [0x0000000797d00000, 0x00000007a6380000, 0x0000000800000000)
  eden space 223232K, 0% used [0x0000000797d00000,0x0000000797d00000,0x00000007a5700000)
  from space 6144K, 51% used [0x00000007a5700000,0x00000007a5a1d270,0x00000007a5d00000)
  to   space 6144K, 0% used [0x00000007a5d80000,0x00000007a5d80000,0x00000007a6380000)
 ParOldGen       total 1350144K, used 1182379K [0x00000006c7800000, 0x0000000719e80000, 0x0000000797d00000)
  object space 1350144K, 87% used [0x00000006c7800000,0x000000070faaadb0,0x0000000719e80000)
 PSPermGen       total 83968K, used 55665K [0x00000006c2600000, 0x00000006c7800000, 0x00000006c7800000)
  object space 83968K, 66% used [0x00000006c2600000,0x00000006c5c5c7d8,0x00000006c7800000)
}
Event: 2723.291 GC heap before
{Heap before GC invocations=175 (full 7):
 PSYoungGen      total 229376K, used 226420K [0x0000000797d00000, 0x00000007a6380000, 0x0000000800000000)
  eden space 223232K, 100% used [0x0000000797d00000,0x00000007a5700000,0x00000007a5700000)
  from space 6144K, 51% used [0x00000007a5700000,0x00000007a5a1d270,0x00000007a5d00000)
  to   space 6144K, 0% used [0x00000007a5d80000,0x00000007a5d80000,0x00000007a6380000)
 ParOldGen       total 1350144K, used 1182379K [0x00000006c7800000, 0x0000000719e80000, 0x0000000797d00000)
  object space 1350144K, 87% used [0x00000006c7800000,0x000000070faaadb0,0x0000000719e80000)
 PSPermGen       total 83968K, used 55665K [0x00000006c2600000, 0x00000006c7800000, 0x00000006c7800000)
  object space 83968K, 66% used [0x00000006c2600000,0x00000006c5c5c7d8,0x00000006c7800000)
Event: 2723.297 GC heap after
Heap after GC invocations=175 (full 7):
 PSYoungGen      total 229888K, used 3165K [0x0000000797d00000, 0x00000007a6380000, 0x0000000800000000)
  eden space 223744K, 0% used [0x0000000797d00000,0x0000000797d00000,0x00000007a5780000)
  from space 6144K, 51% used [0x00000007a5d80000,0x00000007a60976b0,0x00000007a6380000)
  to   space 6144K, 0% used [0x00000007a5780000,0x00000007a5780000,0x00000007a5d80000)
 ParOldGen       total 1350144K, used 1182379K [0x00000006c7800000, 0x0000000719e80000, 0x0000000797d00000)
  object space 1350144K, 87% used [0x00000006c7800000,0x000000070faaadb0,0x0000000719e80000)
 PSPermGen       total 83968K, used 55665K [0x00000006c2600000, 0x00000006c7800000, 0x00000006c7800000)
  object space 83968K, 66% used [0x00000006c2600000,0x00000006c5c5c7d8,0x00000006c7800000)
}
Event: 2729.776 GC heap before
{Heap before GC invocations=176 (full 7):
 PSYoungGen      total 229888K, used 226909K [0x0000000797d00000, 0x00000007a6380000, 0x0000000800000000)
  eden space 223744K, 100% used [0x0000000797d00000,0x00000007a5780000,0x00000007a5780000)
  from space 6144K, 51% used [0x00000007a5d80000,0x00000007a60976b0,0x00000007a6380000)
  to   space 6144K, 0% used [0x00000007a5780000,0x00000007a5780000,0x00000007a5d80000)
 ParOldGen       total 1350144K, used 1182379K [0x00000006c7800000, 0x0000000719e80000, 0x0000000797d00000)
  object space 1350144K, 87% used [0x00000006c7800000,0x000000070faaadb0,0x0000000719e80000)
 PSPermGen       total 83968K, used 55667K [0x00000006c2600000, 0x00000006c7800000, 0x00000006c7800000)
  object space 83968K, 66% used [0x00000006c2600000,0x00000006c5c5cd40,0x00000006c7800000)
Event: 2729.782 GC heap after
Heap after GC invocations=176 (full 7):
 PSYoungGen      total 229888K, used 3300K [0x0000000797d00000, 0x00000007a6400000, 0x0000000800000000)
  eden space 223744K, 0% used [0x0000000797d00000,0x0000000797d00000,0x00000007a5780000)
  from space 6144K, 53% used [0x00000007a5780000,0x00000007a5ab9260,0x00000007a5d80000)
  to   space 6144K, 0% used [0x00000007a5e00000,0x00000007a5e00000,0x00000007a6400000)
 ParOldGen       total 1350144K, used 1182387K [0x00000006c7800000, 0x0000000719e80000, 0x0000000797d00000)
  object space 1350144K, 87% used [0x00000006c7800000,0x000000070faacdb0,0x0000000719e80000)
 PSPermGen       total 83968K, used 55667K [0x00000006c2600000, 0x00000006c7800000, 0x00000006c7800000)
  object space 83968K, 66% used [0x00000006c2600000,0x00000006c5c5cd40,0x00000006c7800000)
}
Event: 2737.415 GC heap before
{Heap before GC invocations=177 (full 7):
 PSYoungGen      total 229888K, used 227044K [0x0000000797d00000, 0x00000007a6400000, 0x0000000800000000)
  eden space 223744K, 100% used [0x0000000797d00000,0x00000007a5780000,0x00000007a5780000)
  from space 6144K, 53% used [0x00000007a5780000,0x00000007a5ab9260,0x00000007a5d80000)
  to   space 6144K, 0% used [0x00000007a5e00000,0x00000007a5e00000,0x00000007a6400000)
 ParOldGen       total 1350144K, used 1182387K [0x00000006c7800000, 0x0000000719e80000, 0x0000000797d00000)
  object space 1350144K, 87% used [0x00000006c7800000,0x000000070faacdb0,0x0000000719e80000)
 PSPermGen       total 83968K, used 55796K [0x00000006c2600000, 0x00000006c7800000, 0x00000006c7800000)
  object space 83968K, 66% used [0x00000006c2600000,0x00000006c5c7d210,0x00000006c7800000)
Event: 2737.422 GC heap after
Heap after GC invocations=177 (full 7):
 PSYoungGen      total 230400K, used 3316K [0x0000000797d00000, 0x00000007a6400000, 0x0000000800000000)
  eden space 224256K, 0% used [0x0000000797d00000,0x0000000797d00000,0x00000007a5800000)
  from space 6144K, 53% used [0x00000007a5e00000,0x00000007a613d388,0x00000007a6400000)
  to   space 6144K, 0% used [0x00000007a5800000,0x00000007a5800000,0x00000007a5e00000)
 ParOldGen       total 1350144K, used 1182387K [0x00000006c7800000, 0x0000000719e80000, 0x0000000797d00000)
  object space 1350144K, 87% used [0x00000006c7800000,0x000000070faacdb0,0x0000000719e80000)
 PSPermGen       total 83968K, used 55796K [0x00000006c2600000, 0x00000006c7800000, 0x00000006c7800000)
  object space 83968K, 66% used [0x00000006c2600000,0x00000006c5c7d210,0x00000006c7800000)
}
Event: 2753.927 GC heap before
{Heap before GC invocations=178 (full 7):
 PSYoungGen      total 230400K, used 227572K [0x0000000797d00000, 0x00000007a6400000, 0x0000000800000000)
  eden space 224256K, 100% used [0x0000000797d00000,0x00000007a5800000,0x00000007a5800000)
  from space 6144K, 53% used [0x00000007a5e00000,0x00000007a613d388,0x00000007a6400000)
  to   space 6144K, 0% used [0x00000007a5800000,0x00000007a5800000,0x00000007a5e00000)
 ParOldGen       total 1350144K, used 1182387K [0x00000006c7800000, 0x0000000719e80000, 0x0000000797d00000)
  object space 1350144K, 87% used [0x00000006c7800000,0x000000070faacdb0,0x0000000719e80000)
 PSPermGen       total 83968K, used 56711K [0x00000006c2600000, 0x00000006c7800000, 0x00000006c7800000)
  object space 83968K, 67% used [0x00000006c2600000,0x00000006c5d61e70,0x00000006c7800000)
Event: 2753.935 GC heap after
Heap after GC invocations=178 (full 7):
 PSYoungGen      total 230400K, used 6131K [0x0000000797d00000, 0x00000007a7080000, 0x0000000800000000)
  eden space 224256K, 0% used [0x0000000797d00000,0x0000000797d00000,0x00000007a5800000)
  from space 6144K, 99% used [0x00000007a5800000,0x00000007a5dfcdb0,0x00000007a5e00000)
  to   space 12288K, 0% used [0x00000007a6480000,0x00000007a6480000,0x00000007a7080000)
 ParOldGen       total 1350144K, used 1197140K [0x00000006c7800000, 0x0000000719e80000, 0x0000000797d00000)
  object space 1350144K, 88% used [0x00000006c7800000,0x0000000710915348,0x0000000719e80000)
 PSPermGen       total 83968K, used 56711K [0x00000006c2600000, 0x00000006c7800000, 0x00000006c7800000)
  object space 83968K, 67% used [0x00000006c2600000,0x00000006c5d61e70,0x00000006c7800000)
}

