# JRE version: Java(TM) SE Runtime Environment (7.0_45-b18) (build 1.7.0_45-b18)
# Java VM: Java HotSpot(TM) 64-Bit Server VM (24.45-b08 mixed mode linux-amd64 compressed oops)
Heap
 PSYoungGen      total 94208K, used 65322K [0x0000000759500000, 0x0000000761a00000, 0x0000000800000000)
  eden space 58880K, 62% used [0x0000000759500000,0x000000075b8e8fa0,0x000000075ce80000)
  from space 35328K, 80% used [0x000000075f380000,0x0000000760f61980,0x0000000761600000)
  to   space 37888K, 0% used [0x000000075ce80000,0x000000075ce80000,0x000000075f380000)
 ParOldGen       total 175104K, used 39301K [0x000000060c000000, 0x0000000616b00000, 0x0000000759500000)
  object space 175104K, 22% used [0x000000060c000000,0x000000060e661498,0x0000000616b00000)
 PSPermGen       total 54272K, used 53779K [0x0000000606e00000, 0x000000060a300000, 0x000000060c000000)
  object space 54272K, 99% used [0x0000000606e00000,0x000000060a284dd8,0x000000060a300000)
GC Heap History (10 events):
Event: 6.105 GC heap before
{Heap before GC invocations=4 (full 0):
 PSYoungGen      total 76800K, used 76774K [0x0000000759500000, 0x000000075ea80000, 0x0000000800000000)
  eden space 66048K, 100% used [0x0000000759500000,0x000000075d580000,0x000000075d580000)
  from space 10752K, 99% used [0x000000075d580000,0x000000075dff9ac8,0x000000075e000000)
  to   space 10752K, 0% used [0x000000075e000000,0x000000075e000000,0x000000075ea80000)
 ParOldGen       total 175104K, used 6318K [0x000000060c000000, 0x0000000616b00000, 0x0000000759500000)
  object space 175104K, 3% used [0x000000060c000000,0x000000060c62b800,0x0000000616b00000)
 PSPermGen       total 40960K, used 40915K [0x0000000606e00000, 0x0000000609600000, 0x000000060c000000)
  object space 40960K, 99% used [0x0000000606e00000,0x00000006095f4d28,0x0000000609600000)
Event: 6.114 GC heap after
Heap after GC invocations=4 (full 0):
 PSYoungGen      total 76800K, used 10749K [0x0000000759500000, 0x000000075ea80000, 0x0000000800000000)
  eden space 66048K, 0% used [0x0000000759500000,0x0000000759500000,0x000000075d580000)
  from space 10752K, 99% used [0x000000075e000000,0x000000075ea7f4c0,0x000000075ea80000)
  to   space 10752K, 0% used [0x000000075d580000,0x000000075d580000,0x000000075e000000)
 ParOldGen       total 175104K, used 12664K [0x000000060c000000, 0x0000000616b00000, 0x0000000759500000)
  object space 175104K, 7% used [0x000000060c000000,0x000000060cc5e120,0x0000000616b00000)
 PSPermGen       total 40960K, used 40915K [0x0000000606e00000, 0x0000000609600000, 0x000000060c000000)
  object space 40960K, 99% used [0x0000000606e00000,0x00000006095f4d28,0x0000000609600000)
}
Event: 8.121 GC heap before
{Heap before GC invocations=5 (full 0):
 PSYoungGen      total 76800K, used 76797K [0x0000000759500000, 0x000000075ea80000, 0x0000000800000000)
  eden space 66048K, 100% used [0x0000000759500000,0x000000075d580000,0x000000075d580000)
  from space 10752K, 99% used [0x000000075e000000,0x000000075ea7f4c0,0x000000075ea80000)
  to   space 10752K, 0% used [0x000000075d580000,0x000000075d580000,0x000000075e000000)
 ParOldGen       total 175104K, used 12664K [0x000000060c000000, 0x0000000616b00000, 0x0000000759500000)
  object space 175104K, 7% used [0x000000060c000000,0x000000060cc5e120,0x0000000616b00000)
 PSPermGen       total 47616K, used 47361K [0x0000000606e00000, 0x0000000609c80000, 0x000000060c000000)
  object space 47616K, 99% used [0x0000000606e00000,0x0000000609c40428,0x0000000609c80000)
Event: 8.130 GC heap after
Heap after GC invocations=5 (full 0):
 PSYoungGen      total 75264K, used 10729K [0x0000000759500000, 0x0000000760500000, 0x0000000800000000)
  eden space 64512K, 0% used [0x0000000759500000,0x0000000759500000,0x000000075d400000)
  from space 10752K, 99% used [0x000000075d580000,0x000000075dffa530,0x000000075e000000)
  to   space 25088K, 0% used [0x000000075ec80000,0x000000075ec80000,0x0000000760500000)
 ParOldGen       total 175104K, used 20837K [0x000000060c000000, 0x0000000616b00000, 0x0000000759500000)
  object space 175104K, 11% used [0x000000060c000000,0x000000060d459420,0x0000000616b00000)
 PSPermGen       total 47616K, used 47361K [0x0000000606e00000, 0x0000000609c80000, 0x000000060c000000)
  object space 47616K, 99% used [0x0000000606e00000,0x0000000609c40428,0x0000000609c80000)
}
Event: 15.893 GC heap before
{Heap before GC invocations=6 (full 0):
 PSYoungGen      total 75264K, used 75241K [0x0000000759500000, 0x0000000760500000, 0x0000000800000000)
  eden space 64512K, 100% used [0x0000000759500000,0x000000075d400000,0x000000075d400000)
  from space 10752K, 99% used [0x000000075d580000,0x000000075dffa530,0x000000075e000000)
  to   space 25088K, 0% used [0x000000075ec80000,0x000000075ec80000,0x0000000760500000)
 ParOldGen       total 175104K, used 20837K [0x000000060c000000, 0x0000000616b00000, 0x0000000759500000)
  object space 175104K, 11% used [0x000000060c000000,0x000000060d459420,0x0000000616b00000)
 PSPermGen       total 50176K, used 50170K [0x0000000606e00000, 0x0000000609f00000, 0x000000060c000000)
  object space 50176K, 99% used [0x0000000606e00000,0x0000000609efea90,0x0000000609f00000)
Event: 15.903 GC heap after
Heap after GC invocations=6 (full 0):
 PSYoungGen      total 84480K, used 15183K [0x0000000759500000, 0x0000000760180000, 0x0000000800000000)
  eden space 62976K, 0% used [0x0000000759500000,0x0000000759500000,0x000000075d280000)
  from space 21504K, 70% used [0x000000075ec80000,0x000000075fb53dc8,0x0000000760180000)
  to   space 24064K, 0% used [0x000000075d280000,0x000000075d280000,0x000000075ea00000)
 ParOldGen       total 175104K, used 20845K [0x000000060c000000, 0x0000000616b00000, 0x0000000759500000)
  object space 175104K, 11% used [0x000000060c000000,0x000000060d45b420,0x0000000616b00000)
 PSPermGen       total 50176K, used 50170K [0x0000000606e00000, 0x0000000609f00000, 0x000000060c000000)
  object space 50176K, 99% used [0x0000000606e00000,0x0000000609efea90,0x0000000609f00000)
}
Event: 18.506 GC heap before
{Heap before GC invocations=7 (full 0):
 PSYoungGen      total 84480K, used 78159K [0x0000000759500000, 0x0000000760180000, 0x0000000800000000)
  eden space 62976K, 100% used [0x0000000759500000,0x000000075d280000,0x000000075d280000)
  from space 21504K, 70% used [0x000000075ec80000,0x000000075fb53dc8,0x0000000760180000)
  to   space 24064K, 0% used [0x000000075d280000,0x000000075d280000,0x000000075ea00000)
 ParOldGen       total 175104K, used 20845K [0x000000060c000000, 0x0000000616b00000, 0x0000000759500000)
  object space 175104K, 11% used [0x000000060c000000,0x000000060d45b420,0x0000000616b00000)
 PSPermGen       total 52224K, used 51992K [0x0000000606e00000, 0x000000060a100000, 0x000000060c000000)
  object space 52224K, 99% used [0x0000000606e00000,0x000000060a0c6330,0x000000060a100000)
Event: 18.517 GC heap after
Heap after GC invocations=7 (full 0):
 PSYoungGen      total 85504K, used 24045K [0x0000000759500000, 0x0000000761600000, 0x0000000800000000)
  eden space 61440K, 0% used [0x0000000759500000,0x0000000759500000,0x000000075d100000)
  from space 24064K, 99% used [0x000000075d280000,0x000000075e9fb518,0x000000075ea00000)
  to   space 35328K, 0% used [0x000000075f380000,0x000000075f380000,0x0000000761600000)
 ParOldGen       total 175104K, used 35372K [0x000000060c000000, 0x0000000616b00000, 0x0000000759500000)
  object space 175104K, 20% used [0x000000060c000000,0x000000060e28b068,0x0000000616b00000)
 PSPermGen       total 52224K, used 51992K [0x0000000606e00000, 0x000000060a100000, 0x000000060c000000)
  object space 52224K, 99% used [0x0000000606e00000,0x000000060a0c6330,0x000000060a100000)
}
Event: 26.981 GC heap before
{Heap before GC invocations=8 (full 0):
 PSYoungGen      total 85504K, used 85485K [0x0000000759500000, 0x0000000761600000, 0x0000000800000000)
  eden space 61440K, 100% used [0x0000000759500000,0x000000075d100000,0x000000075d100000)
  from space 24064K, 99% used [0x000000075d280000,0x000000075e9fb518,0x000000075ea00000)
  to   space 35328K, 0% used [0x000000075f380000,0x000000075f380000,0x0000000761600000)
 ParOldGen       total 175104K, used 35372K [0x000000060c000000, 0x0000000616b00000, 0x0000000759500000)
  object space 175104K, 20% used [0x000000060c000000,0x000000060e28b068,0x0000000616b00000)
 PSPermGen       total 52736K, used 52269K [0x0000000606e00000, 0x000000060a180000, 0x000000060c000000)
  object space 52736K, 99% used [0x0000000606e00000,0x000000060a10b758,0x000000060a180000)
Event: 26.990 GC heap after
Heap after GC invocations=8 (full 0):
 PSYoungGen      total 94208K, used 28550K [0x0000000759500000, 0x0000000761a00000, 0x0000000800000000)
  eden space 58880K, 0% used [0x0000000759500000,0x0000000759500000,0x000000075ce80000)
  from space 35328K, 80% used [0x000000075f380000,0x0000000760f61980,0x0000000761600000)
  to   space 37888K, 0% used [0x000000075ce80000,0x000000075ce80000,0x000000075f380000)
 ParOldGen       total 175104K, used 39301K [0x000000060c000000, 0x0000000616b00000, 0x0000000759500000)
  object space 175104K, 22% used [0x000000060c000000,0x000000060e661498,0x0000000616b00000)
 PSPermGen       total 52736K, used 52269K [0x0000000606e00000, 0x000000060a180000, 0x000000060c000000)
  object space 52736K, 99% used [0x0000000606e00000,0x000000060a10b758,0x000000060a180000)
}

