# JRE version: Java(TM) SE Runtime Environment (7.0_45-b18) (build 1.7.0_45-b18)
# Java VM: Java HotSpot(TM) 64-Bit Server VM (24.45-b08 mixed mode linux-amd64 compressed oops)
Heap
 PSYoungGen      total 90112K, used 60602K [0x0000000759500000, 0x0000000762600000, 0x0000000800000000)
  eden space 83968K, 65% used [0x0000000759500000,0x000000075ca8e198,0x000000075e700000)
  from space 6144K, 93% used [0x000000075ff00000,0x00000007604a09a8,0x0000000760500000)
  to   space 22528K, 0% used [0x0000000761000000,0x0000000761000000,0x0000000762600000)
 ParOldGen       total 175104K, used 32576K [0x000000060c000000, 0x0000000616b00000, 0x0000000759500000)
  object space 175104K, 18% used [0x000000060c000000,0x000000060dfd0030,0x0000000616b00000)
 PSPermGen       total 52736K, used 52604K [0x0000000606e00000, 0x000000060a180000, 0x000000060c000000)
  object space 52736K, 99% used [0x0000000606e00000,0x000000060a15f248,0x000000060a180000)
GC Heap History (10 events):
Event: 16.819 GC heap before
{Heap before GC invocations=5 (full 0):
 PSYoungGen      total 76800K, used 76695K [0x0000000759500000, 0x0000000762b00000, 0x0000000800000000)
  eden space 66048K, 99% used [0x0000000759500000,0x000000075d569620,0x000000075d580000)
  from space 10752K, 99% used [0x0000000762080000,0x0000000762afc750,0x0000000762b00000)
  to   space 10752K, 0% used [0x000000075d580000,0x000000075d580000,0x000000075e000000)
 ParOldGen       total 175104K, used 15616K [0x000000060c000000, 0x0000000616b00000, 0x0000000759500000)
  object space 175104K, 8% used [0x000000060c000000,0x000000060cf401f8,0x0000000616b00000)
 PSPermGen       total 47616K, used 47519K [0x0000000606e00000, 0x0000000609c80000, 0x000000060c000000)
  object space 47616K, 99% used [0x0000000606e00000,0x0000000609c67e10,0x0000000609c80000)
Event: 16.829 GC heap after
Heap after GC invocations=5 (full 0):
 PSYoungGen      total 75264K, used 10723K [0x0000000759500000, 0x0000000762100000, 0x0000000800000000)
  eden space 64512K, 0% used [0x0000000759500000,0x0000000759500000,0x000000075d400000)
  from space 10752K, 99% used [0x000000075d580000,0x000000075dff8d78,0x000000075e000000)
  to   space 24064K, 0% used [0x0000000760980000,0x0000000760980000,0x0000000762100000)
 ParOldGen       total 175104K, used 20528K [0x000000060c000000, 0x0000000616b00000, 0x0000000759500000)
  object space 175104K, 11% used [0x000000060c000000,0x000000060d40c050,0x0000000616b00000)
 PSPermGen       total 47616K, used 47519K [0x0000000606e00000, 0x0000000609c80000, 0x000000060c000000)
  object space 47616K, 99% used [0x0000000606e00000,0x0000000609c67e10,0x0000000609c80000)
}
Event: 18.173 GC heap before
{Heap before GC invocations=6 (full 0):
 PSYoungGen      total 75264K, used 75235K [0x0000000759500000, 0x0000000762100000, 0x0000000800000000)
  eden space 64512K, 100% used [0x0000000759500000,0x000000075d400000,0x000000075d400000)
  from space 10752K, 99% used [0x000000075d580000,0x000000075dff8d78,0x000000075e000000)
  to   space 24064K, 0% used [0x0000000760980000,0x0000000760980000,0x0000000762100000)
 ParOldGen       total 175104K, used 20528K [0x000000060c000000, 0x0000000616b00000, 0x0000000759500000)
  object space 175104K, 11% used [0x000000060c000000,0x000000060d40c050,0x0000000616b00000)
 PSPermGen       total 48640K, used 48171K [0x0000000606e00000, 0x0000000609d80000, 0x000000060c000000)
  object space 48640K, 99% used [0x0000000606e00000,0x0000000609d0ae48,0x0000000609d80000)
Event: 18.180 GC heap after
Heap after GC invocations=6 (full 0):
 PSYoungGen      total 76800K, used 13479K [0x0000000759500000, 0x0000000761700000, 0x0000000800000000)
  eden space 62976K, 0% used [0x0000000759500000,0x0000000759500000,0x000000075d280000)
  from space 13824K, 97% used [0x0000000760980000,0x00000007616a9fd0,0x0000000761700000)
  to   space 22528K, 0% used [0x000000075eb00000,0x000000075eb00000,0x0000000760100000)
 ParOldGen       total 175104K, used 20536K [0x000000060c000000, 0x0000000616b00000, 0x0000000759500000)
  object space 175104K, 11% used [0x000000060c000000,0x000000060d40e050,0x0000000616b00000)
 PSPermGen       total 48640K, used 48171K [0x0000000606e00000, 0x0000000609d80000, 0x000000060c000000)
  object space 48640K, 99% used [0x0000000606e00000,0x0000000609d0ae48,0x0000000609d80000)
}
Event: 18.587 GC heap before
{Heap before GC invocations=7 (full 0):
 PSYoungGen      total 76800K, used 76455K [0x0000000759500000, 0x0000000761700000, 0x0000000800000000)
  eden space 62976K, 100% used [0x0000000759500000,0x000000075d280000,0x000000075d280000)
  from space 13824K, 97% used [0x0000000760980000,0x00000007616a9fd0,0x0000000761700000)
  to   space 22528K, 0% used [0x000000075eb00000,0x000000075eb00000,0x0000000760100000)
 ParOldGen       total 175104K, used 20536K [0x000000060c000000, 0x0000000616b00000, 0x0000000759500000)
  object space 175104K, 11% used [0x000000060c000000,0x000000060d40e050,0x0000000616b00000)
 PSPermGen       total 48640K, used 48189K [0x0000000606e00000, 0x0000000609d80000, 0x000000060c000000)
  object space 48640K, 99% used [0x0000000606e00000,0x0000000609d0f430,0x0000000609d80000)
Event: 18.596 GC heap after
Heap after GC invocations=7 (full 0):
 PSYoungGen      total 110592K, used 10223K [0x0000000759500000, 0x0000000763b00000, 0x0000000800000000)
  eden space 88064K, 0% used [0x0000000759500000,0x0000000759500000,0x000000075eb00000)
  from space 22528K, 45% used [0x000000075eb00000,0x000000075f4fbfd0,0x0000000760100000)
  to   space 22016K, 0% used [0x0000000762580000,0x0000000762580000,0x0000000763b00000)
 ParOldGen       total 175104K, used 23954K [0x000000060c000000, 0x0000000616b00000, 0x0000000759500000)
  object space 175104K, 13% used [0x000000060c000000,0x000000060d764b38,0x0000000616b00000)
 PSPermGen       total 48640K, used 48189K [0x0000000606e00000, 0x0000000609d80000, 0x000000060c000000)
  object space 48640K, 99% used [0x0000000606e00000,0x0000000609d0f430,0x0000000609d80000)
}
Event: 19.140 GC heap before
{Heap before GC invocations=8 (full 0):
 PSYoungGen      total 110592K, used 98287K [0x0000000759500000, 0x0000000763b00000, 0x0000000800000000)
  eden space 88064K, 100% used [0x0000000759500000,0x000000075eb00000,0x000000075eb00000)
  from space 22528K, 45% used [0x000000075eb00000,0x000000075f4fbfd0,0x0000000760100000)
  to   space 22016K, 0% used [0x0000000762580000,0x0000000762580000,0x0000000763b00000)
 ParOldGen       total 175104K, used 23954K [0x000000060c000000, 0x0000000616b00000, 0x0000000759500000)
  object space 175104K, 13% used [0x000000060c000000,0x000000060d764b38,0x0000000616b00000)
 PSPermGen       total 48640K, used 48196K [0x0000000606e00000, 0x0000000609d80000, 0x000000060c000000)
  object space 48640K, 99% used [0x0000000606e00000,0x0000000609d111e0,0x0000000609d80000)
Event: 19.145 GC heap after
Heap after GC invocations=8 (full 0):
 PSYoungGen      total 91648K, used 5305K [0x0000000759500000, 0x0000000762b00000, 0x0000000800000000)
  eden space 86016K, 0% used [0x0000000759500000,0x0000000759500000,0x000000075e900000)
  from space 5632K, 94% used [0x0000000762580000,0x0000000762aae7c8,0x0000000762b00000)
  to   space 22528K, 0% used [0x000000075ff00000,0x000000075ff00000,0x0000000761500000)
 ParOldGen       total 175104K, used 29633K [0x000000060c000000, 0x0000000616b00000, 0x0000000759500000)
  object space 175104K, 16% used [0x000000060c000000,0x000000060dcf06a8,0x0000000616b00000)
 PSPermGen       total 48640K, used 48196K [0x0000000606e00000, 0x0000000609d80000, 0x000000060c000000)
  object space 48640K, 99% used [0x0000000606e00000,0x0000000609d111e0,0x0000000609d80000)
}
Event: 21.373 GC heap before
{Heap before GC invocations=9 (full 0):
 PSYoungGen      total 91648K, used 91321K [0x0000000759500000, 0x0000000762b00000, 0x0000000800000000)
  eden space 86016K, 100% used [0x0000000759500000,0x000000075e900000,0x000000075e900000)
  from space 5632K, 94% used [0x0000000762580000,0x0000000762aae7c8,0x0000000762b00000)
  to   space 22528K, 0% used [0x000000075ff00000,0x000000075ff00000,0x0000000761500000)
 ParOldGen       total 175104K, used 29633K [0x000000060c000000, 0x0000000616b00000, 0x0000000759500000)
  object space 175104K, 16% used [0x000000060c000000,0x000000060dcf06a8,0x0000000616b00000)
 PSPermGen       total 51712K, used 51573K [0x0000000606e00000, 0x000000060a080000, 0x000000060c000000)
  object space 51712K, 99% used [0x0000000606e00000,0x000000060a05d550,0x000000060a080000)
Event: 21.378 GC heap after
Heap after GC invocations=9 (full 0):
 PSYoungGen      total 90112K, used 5762K [0x0000000759500000, 0x0000000762600000, 0x0000000800000000)
  eden space 83968K, 0% used [0x0000000759500000,0x0000000759500000,0x000000075e700000)
  from space 6144K, 93% used [0x000000075ff00000,0x00000007604a09a8,0x0000000760500000)
  to   space 22528K, 0% used [0x0000000761000000,0x0000000761000000,0x0000000762600000)
 ParOldGen       total 175104K, used 32576K [0x000000060c000000, 0x0000000616b00000, 0x0000000759500000)
  object space 175104K, 18% used [0x000000060c000000,0x000000060dfd0030,0x0000000616b00000)
 PSPermGen       total 51712K, used 51573K [0x0000000606e00000, 0x000000060a080000, 0x000000060c000000)
  object space 51712K, 99% used [0x0000000606e00000,0x000000060a05d550,0x000000060a080000)
}

