# JRE version: Java(TM) SE Runtime Environment (7.0_45-b18) (build 1.7.0_45-b18)
# Java VM: Java HotSpot(TM) 64-Bit Server VM (24.45-b08 mixed mode linux-amd64 compressed oops)
Heap
 PSYoungGen      total 290304K, used 58160K [0x0000000759500000, 0x000000076f300000, 0x0000000800000000)
  eden space 252928K, 8% used [0x0000000759500000,0x000000075a9854b0,0x0000000768c00000)
  from space 37376K, 99% used [0x0000000769600000,0x000000076ba46c40,0x000000076ba80000)
  to   space 52736K, 0% used [0x000000076bf80000,0x000000076bf80000,0x000000076f300000)
 ParOldGen       total 175104K, used 65756K [0x000000060c000000, 0x0000000616b00000, 0x0000000759500000)
  object space 175104K, 37% used [0x000000060c000000,0x00000006100371f8,0x0000000616b00000)
 PSPermGen       total 54272K, used 54020K [0x0000000606e00000, 0x000000060a300000, 0x000000060c000000)
  object space 54272K, 99% used [0x0000000606e00000,0x000000060a2c1200,0x000000060a300000)
GC Heap History (10 events):
Event: 9.916 GC heap before
{Heap before GC invocations=5 (full 0):
 PSYoungGen      total 76800K, used 76798K [0x0000000759500000, 0x000000075ea80000, 0x0000000800000000)
  eden space 66048K, 100% used [0x0000000759500000,0x000000075d580000,0x000000075d580000)
  from space 10752K, 99% used [0x000000075e000000,0x000000075ea7fa28,0x000000075ea80000)
  to   space 10752K, 0% used [0x000000075d580000,0x000000075d580000,0x000000075e000000)
 ParOldGen       total 175104K, used 21566K [0x000000060c000000, 0x0000000616b00000, 0x0000000759500000)
  object space 175104K, 12% used [0x000000060c000000,0x000000060d50fa08,0x0000000616b00000)
 PSPermGen       total 36352K, used 35943K [0x0000000606e00000, 0x0000000609180000, 0x000000060c000000)
  object space 36352K, 98% used [0x0000000606e00000,0x0000000609119fe8,0x0000000609180000)
Event: 9.929 GC heap after
Heap after GC invocations=5 (full 0):
 PSYoungGen      total 76800K, used 10736K [0x0000000759500000, 0x0000000765800000, 0x0000000800000000)
  eden space 66048K, 0% used [0x0000000759500000,0x0000000759500000,0x000000075d580000)
  from space 10752K, 99% used [0x000000075d580000,0x000000075dffc380,0x000000075e000000)
  to   space 33792K, 0% used [0x0000000763700000,0x0000000763700000,0x0000000765800000)
 ParOldGen       total 175104K, used 35171K [0x000000060c000000, 0x0000000616b00000, 0x0000000759500000)
  object space 175104K, 20% used [0x000000060c000000,0x000000060e258e38,0x0000000616b00000)
 PSPermGen       total 36352K, used 35943K [0x0000000606e00000, 0x0000000609180000, 0x000000060c000000)
  object space 36352K, 98% used [0x0000000606e00000,0x0000000609119fe8,0x0000000609180000)
}
Event: 10.382 GC heap before
{Heap before GC invocations=6 (full 0):
 PSYoungGen      total 76800K, used 76784K [0x0000000759500000, 0x0000000765800000, 0x0000000800000000)
  eden space 66048K, 100% used [0x0000000759500000,0x000000075d580000,0x000000075d580000)
  from space 10752K, 99% used [0x000000075d580000,0x000000075dffc380,0x000000075e000000)
  to   space 33792K, 0% used [0x0000000763700000,0x0000000763700000,0x0000000765800000)
 ParOldGen       total 175104K, used 35171K [0x000000060c000000, 0x0000000616b00000, 0x0000000759500000)
  object space 175104K, 20% used [0x000000060c000000,0x000000060e258e38,0x0000000616b00000)
 PSPermGen       total 39936K, used 39639K [0x0000000606e00000, 0x0000000609500000, 0x000000060c000000)
  object space 39936K, 99% used [0x0000000606e00000,0x00000006094b5d28,0x0000000609500000)
Event: 10.397 GC heap after
Heap after GC invocations=6 (full 0):
 PSYoungGen      total 165888K, used 21294K [0x0000000759500000, 0x0000000765800000, 0x0000000800000000)
  eden space 132096K, 0% used [0x0000000759500000,0x0000000759500000,0x0000000761600000)
  from space 33792K, 63% used [0x0000000763700000,0x0000000764bcb8d0,0x0000000765800000)
  to   space 33792K, 0% used [0x0000000761600000,0x0000000761600000,0x0000000763700000)
 ParOldGen       total 175104K, used 35179K [0x000000060c000000, 0x0000000616b00000, 0x0000000759500000)
  object space 175104K, 20% used [0x000000060c000000,0x000000060e25ae38,0x0000000616b00000)
 PSPermGen       total 39936K, used 39639K [0x0000000606e00000, 0x0000000609500000, 0x000000060c000000)
  object space 39936K, 99% used [0x0000000606e00000,0x00000006094b5d28,0x0000000609500000)
}
Event: 11.968 GC heap before
{Heap before GC invocations=7 (full 0):
 PSYoungGen      total 165888K, used 153385K [0x0000000759500000, 0x0000000765800000, 0x0000000800000000)
  eden space 132096K, 99% used [0x0000000759500000,0x00000007615feb38,0x0000000761600000)
  from space 33792K, 63% used [0x0000000763700000,0x0000000764bcb8d0,0x0000000765800000)
  to   space 33792K, 0% used [0x0000000761600000,0x0000000761600000,0x0000000763700000)
 ParOldGen       total 175104K, used 35179K [0x000000060c000000, 0x0000000616b00000, 0x0000000759500000)
  object space 175104K, 20% used [0x000000060c000000,0x000000060e25ae38,0x0000000616b00000)
 PSPermGen       total 44032K, used 43609K [0x0000000606e00000, 0x0000000609900000, 0x000000060c000000)
  object space 44032K, 99% used [0x0000000606e00000,0x0000000609896748,0x0000000609900000)
Event: 11.985 GC heap after
Heap after GC invocations=7 (full 0):
 PSYoungGen      total 165888K, used 33772K [0x0000000759500000, 0x000000076f700000, 0x0000000800000000)
  eden space 132096K, 0% used [0x0000000759500000,0x0000000759500000,0x0000000761600000)
  from space 33792K, 99% used [0x0000000761600000,0x00000007636fb088,0x0000000763700000)
  to   space 49152K, 0% used [0x000000076c700000,0x000000076c700000,0x000000076f700000)
 ParOldGen       total 175104K, used 54330K [0x000000060c000000, 0x0000000616b00000, 0x0000000759500000)
  object space 175104K, 31% used [0x000000060c000000,0x000000060f50e998,0x0000000616b00000)
 PSPermGen       total 44032K, used 43609K [0x0000000606e00000, 0x0000000609900000, 0x000000060c000000)
  object space 44032K, 99% used [0x0000000606e00000,0x0000000609896748,0x0000000609900000)
}
Event: 19.568 GC heap before
{Heap before GC invocations=8 (full 0):
 PSYoungGen      total 165888K, used 165868K [0x0000000759500000, 0x000000076f700000, 0x0000000800000000)
  eden space 132096K, 100% used [0x0000000759500000,0x0000000761600000,0x0000000761600000)
  from space 33792K, 99% used [0x0000000761600000,0x00000007636fb088,0x0000000763700000)
  to   space 49152K, 0% used [0x000000076c700000,0x000000076c700000,0x000000076f700000)
 ParOldGen       total 175104K, used 54330K [0x000000060c000000, 0x0000000616b00000, 0x0000000759500000)
  object space 175104K, 31% used [0x000000060c000000,0x000000060f50e998,0x0000000616b00000)
 PSPermGen       total 45056K, used 44577K [0x0000000606e00000, 0x0000000609a00000, 0x000000060c000000)
  object space 45056K, 98% used [0x0000000606e00000,0x0000000609988718,0x0000000609a00000)
Event: 19.580 GC heap after
Heap after GC invocations=8 (full 0):
 PSYoungGen      total 312320K, used 31543K [0x0000000759500000, 0x000000076f900000, 0x0000000800000000)
  eden space 263168K, 0% used [0x0000000759500000,0x0000000759500000,0x0000000769600000)
  from space 49152K, 64% used [0x000000076c700000,0x000000076e5cdd48,0x000000076f700000)
  to   space 50176K, 0% used [0x0000000769600000,0x0000000769600000,0x000000076c700000)
 ParOldGen       total 175104K, used 58696K [0x000000060c000000, 0x0000000616b00000, 0x0000000759500000)
  object space 175104K, 33% used [0x000000060c000000,0x000000060f952018,0x0000000616b00000)
 PSPermGen       total 45056K, used 44577K [0x0000000606e00000, 0x0000000609a00000, 0x000000060c000000)
  object space 45056K, 98% used [0x0000000606e00000,0x0000000609988718,0x0000000609a00000)
}
Event: 152.067 GC heap before
{Heap before GC invocations=9 (full 0):
 PSYoungGen      total 312320K, used 294711K [0x0000000759500000, 0x000000076f900000, 0x0000000800000000)
  eden space 263168K, 100% used [0x0000000759500000,0x0000000769600000,0x0000000769600000)
  from space 49152K, 64% used [0x000000076c700000,0x000000076e5cdd48,0x000000076f700000)
  to   space 50176K, 0% used [0x0000000769600000,0x0000000769600000,0x000000076c700000)
 ParOldGen       total 175104K, used 58696K [0x000000060c000000, 0x0000000616b00000, 0x0000000759500000)
  object space 175104K, 33% used [0x000000060c000000,0x000000060f952018,0x0000000616b00000)
 PSPermGen       total 54272K, used 53779K [0x0000000606e00000, 0x000000060a300000, 0x000000060c000000)
  object space 54272K, 99% used [0x0000000606e00000,0x000000060a284e80,0x000000060a300000)
Event: 152.085 GC heap after
Heap after GC invocations=9 (full 0):
 PSYoungGen      total 290304K, used 37147K [0x0000000759500000, 0x000000076f300000, 0x0000000800000000)
  eden space 252928K, 0% used [0x0000000759500000,0x0000000759500000,0x0000000768c00000)
  from space 37376K, 99% used [0x0000000769600000,0x000000076ba46c40,0x000000076ba80000)
  to   space 52736K, 0% used [0x000000076bf80000,0x000000076bf80000,0x000000076f300000)
 ParOldGen       total 175104K, used 65756K [0x000000060c000000, 0x0000000616b00000, 0x0000000759500000)
  object space 175104K, 37% used [0x000000060c000000,0x00000006100371f8,0x0000000616b00000)
 PSPermGen       total 54272K, used 53779K [0x0000000606e00000, 0x000000060a300000, 0x000000060c000000)
  object space 54272K, 99% used [0x0000000606e00000,0x000000060a284e80,0x000000060a300000)
}

