# JRE version: Java(TM) SE Runtime Environment (7.0_45-b18) (build 1.7.0_45-b18)
# Java VM: Java HotSpot(TM) 64-Bit Server VM (24.45-b08 mixed mode linux-amd64 compressed oops)
Heap
 PSYoungGen      total 466944K, used 132417K [0x0000000759500000, 0x000000077e600000, 0x0000000800000000)
  eden space 325632K, 39% used [0x0000000759500000,0x00000007612a6c78,0x000000076d300000)
  from space 141312K, 2% used [0x0000000775c00000,0x0000000775fa9a90,0x000000077e600000)
  to   space 140288K, 0% used [0x000000076d300000,0x000000076d300000,0x0000000775c00000)
 ParOldGen       total 2583552K, used 2239230K [0x000000060c000000, 0x00000006a9b00000, 0x0000000759500000)
  object space 2583552K, 86% used [0x000000060c000000,0x0000000694abf860,0x00000006a9b00000)
 PSPermGen       total 83968K, used 56475K [0x0000000606e00000, 0x000000060c000000, 0x000000060c000000)
  object space 83968K, 67% used [0x0000000606e00000,0x000000060a526cf8,0x000000060c000000)
GC Heap History (10 events):
Event: 331.709 GC heap before
{Heap before GC invocations=32 (full 6):
 PSYoungGen      total 425472K, used 302592K [0x0000000759500000, 0x000000077f200000, 0x0000000800000000)
  eden space 302592K, 100% used [0x0000000759500000,0x000000076bc80000,0x000000076bc80000)
  from space 122880K, 0% used [0x0000000774a00000,0x0000000774a00000,0x000000077c200000)
  to   space 144896K, 0% used [0x000000076bc80000,0x000000076bc80000,0x0000000774a00000)
 ParOldGen       total 2549248K, used 2426273K [0x000000060c000000, 0x00000006a7980000, 0x0000000759500000)
  object space 2549248K, 95% used [0x000000060c000000,0x00000006a0168748,0x00000006a7980000)
 PSPermGen       total 83968K, used 56314K [0x0000000606e00000, 0x000000060c000000, 0x000000060c000000)
  object space 83968K, 67% used [0x0000000606e00000,0x000000060a4feb10,0x000000060c000000)
Event: 331.900 GC heap after
Heap after GC invocations=32 (full 6):
 PSYoungGen      total 425472K, used 0K [0x0000000759500000, 0x000000077f200000, 0x0000000800000000)
  eden space 302592K, 0% used [0x0000000759500000,0x0000000759500000,0x000000076bc80000)
  from space 122880K, 0% used [0x0000000774a00000,0x0000000774a00000,0x000000077c200000)
  to   space 144896K, 0% used [0x000000076bc80000,0x000000076bc80000,0x0000000774a00000)
 ParOldGen       total 2030592K, used 1664560K [0x000000060c000000, 0x0000000687f00000, 0x0000000759500000)
  object space 2030592K, 81% used [0x000000060c000000,0x000000067198c218,0x0000000687f00000)
 PSPermGen       total 83968K, used 56314K [0x0000000606e00000, 0x000000060c000000, 0x000000060c000000)
  object space 83968K, 67% used [0x0000000606e00000,0x000000060a4feb10,0x000000060c000000)
}
Event: 358.329 GC heap before
{Heap before GC invocations=33 (full 6):
 PSYoungGen      total 425472K, used 302592K [0x0000000759500000, 0x000000077f200000, 0x0000000800000000)
  eden space 302592K, 100% used [0x0000000759500000,0x000000076bc80000,0x000000076bc80000)
  from space 122880K, 0% used [0x0000000774a00000,0x0000000774a00000,0x000000077c200000)
  to   space 144896K, 0% used [0x000000076bc80000,0x000000076bc80000,0x0000000774a00000)
 ParOldGen       total 3367424K, used 3190403K [0x000000060c000000, 0x00000006d9880000, 0x0000000759500000)
  object space 3367424K, 94% used [0x000000060c000000,0x00000006ceba0cd8,0x00000006d9880000)
 PSPermGen       total 83968K, used 56314K [0x0000000606e00000, 0x000000060c000000, 0x000000060c000000)
  object space 83968K, 67% used [0x0000000606e00000,0x000000060a4feb10,0x000000060c000000)
Event: 358.413 GC heap after
Heap after GC invocations=33 (full 6):
 PSYoungGen      total 447488K, used 1293K [0x0000000759500000, 0x000000077e800000, 0x0000000800000000)
  eden space 302592K, 0% used [0x0000000759500000,0x0000000759500000,0x000000076bc80000)
  from space 144896K, 0% used [0x000000076bc80000,0x000000076bdc3650,0x0000000774a00000)
  to   space 143360K, 0% used [0x0000000775c00000,0x0000000775c00000,0x000000077e800000)
 ParOldGen       total 3558400K, used 3381133K [0x000000060c000000, 0x00000006e5300000, 0x0000000759500000)
  object space 3558400K, 95% used [0x000000060c000000,0x00000006da5e3630,0x00000006e5300000)
 PSPermGen       total 83968K, used 56314K [0x0000000606e00000, 0x000000060c000000, 0x000000060c000000)
  object space 83968K, 67% used [0x0000000606e00000,0x000000060a4feb10,0x000000060c000000)
}
Event: 358.413 GC heap before
{Heap before GC invocations=34 (full 7):
 PSYoungGen      total 447488K, used 1293K [0x0000000759500000, 0x000000077e800000, 0x0000000800000000)
  eden space 302592K, 0% used [0x0000000759500000,0x0000000759500000,0x000000076bc80000)
  from space 144896K, 0% used [0x000000076bc80000,0x000000076bdc3650,0x0000000774a00000)
  to   space 143360K, 0% used [0x0000000775c00000,0x0000000775c00000,0x000000077e800000)
 ParOldGen       total 3558400K, used 3381133K [0x000000060c000000, 0x00000006e5300000, 0x0000000759500000)
  object space 3558400K, 95% used [0x000000060c000000,0x00000006da5e3630,0x00000006e5300000)
 PSPermGen       total 83968K, used 56314K [0x0000000606e00000, 0x000000060c000000, 0x000000060c000000)
  object space 83968K, 67% used [0x0000000606e00000,0x000000060a4feb10,0x000000060c000000)
Event: 358.626 GC heap after
Heap after GC invocations=34 (full 7):
 PSYoungGen      total 447488K, used 0K [0x0000000759500000, 0x000000077e800000, 0x0000000800000000)
  eden space 302592K, 0% used [0x0000000759500000,0x0000000759500000,0x000000076bc80000)
  from space 144896K, 0% used [0x000000076bc80000,0x000000076bc80000,0x0000000774a00000)
  to   space 143360K, 0% used [0x0000000775c00000,0x0000000775c00000,0x000000077e800000)
 ParOldGen       total 2140672K, used 1665712K [0x000000060c000000, 0x000000068ea80000, 0x0000000759500000)
  object space 2140672K, 77% used [0x000000060c000000,0x0000000671aac220,0x000000068ea80000)
 PSPermGen       total 83968K, used 56314K [0x0000000606e00000, 0x000000060c000000, 0x000000060c000000)
  object space 83968K, 67% used [0x0000000606e00000,0x000000060a4feb10,0x000000060c000000)
}
Event: 385.639 GC heap before
{Heap before GC invocations=35 (full 8):
 PSYoungGen      total 447488K, used 302592K [0x0000000759500000, 0x000000077e800000, 0x0000000800000000)
  eden space 302592K, 100% used [0x0000000759500000,0x000000076bc80000,0x000000076bc80000)
  from space 144896K, 0% used [0x000000076bc80000,0x000000076bc80000,0x0000000774a00000)
  to   space 143360K, 0% used [0x0000000775c00000,0x0000000775c00000,0x000000077e800000)
 ParOldGen       total 2140672K, used 2047173K [0x000000060c000000, 0x000000068ea80000, 0x0000000759500000)
  object space 2140672K, 95% used [0x000000060c000000,0x0000000688f314d0,0x000000068ea80000)
 PSPermGen       total 83968K, used 56314K [0x0000000606e00000, 0x000000060c000000, 0x000000060c000000)
  object space 83968K, 67% used [0x0000000606e00000,0x000000060a4feb10,0x000000060c000000)
Event: 385.821 GC heap after
Heap after GC invocations=35 (full 8):
 PSYoungGen      total 447488K, used 0K [0x0000000759500000, 0x000000077e800000, 0x0000000800000000)
  eden space 302592K, 0% used [0x0000000759500000,0x0000000759500000,0x000000076bc80000)
  from space 144896K, 0% used [0x000000076bc80000,0x000000076bc80000,0x0000000774a00000)
  to   space 143360K, 0% used [0x0000000775c00000,0x0000000775c00000,0x000000077e800000)
 ParOldGen       total 2583552K, used 2048499K [0x000000060c000000, 0x00000006a9b00000, 0x0000000759500000)
  object space 2583552K, 79% used [0x000000060c000000,0x000000068907cf08,0x00000006a9b00000)
 PSPermGen       total 83968K, used 56314K [0x0000000606e00000, 0x000000060c000000, 0x000000060c000000)
  object space 83968K, 67% used [0x0000000606e00000,0x000000060a4feaf0,0x000000060c000000)
}
Event: 412.403 GC heap before
{Heap before GC invocations=36 (full 8):
 PSYoungGen      total 447488K, used 302592K [0x0000000759500000, 0x000000077e800000, 0x0000000800000000)
  eden space 302592K, 100% used [0x0000000759500000,0x000000076bc80000,0x000000076bc80000)
  from space 144896K, 0% used [0x000000076bc80000,0x000000076bc80000,0x0000000774a00000)
  to   space 143360K, 0% used [0x0000000775c00000,0x0000000775c00000,0x000000077e800000)
 ParOldGen       total 2583552K, used 2239230K [0x000000060c000000, 0x00000006a9b00000, 0x0000000759500000)
  object space 2583552K, 86% used [0x000000060c000000,0x0000000694abf860,0x00000006a9b00000)
 PSPermGen       total 83968K, used 56317K [0x0000000606e00000, 0x000000060c000000, 0x000000060c000000)
  object space 83968K, 67% used [0x0000000606e00000,0x000000060a4ff788,0x000000060c000000)
Event: 412.411 GC heap after
Heap after GC invocations=36 (full 8):
 PSYoungGen      total 466944K, used 3750K [0x0000000759500000, 0x000000077e600000, 0x0000000800000000)
  eden space 325632K, 0% used [0x0000000759500000,0x0000000759500000,0x000000076d300000)
  from space 141312K, 2% used [0x0000000775c00000,0x0000000775fa9a90,0x000000077e600000)
  to   space 140288K, 0% used [0x000000076d300000,0x000000076d300000,0x0000000775c00000)
 ParOldGen       total 2583552K, used 2239230K [0x000000060c000000, 0x00000006a9b00000, 0x0000000759500000)
  object space 2583552K, 86% used [0x000000060c000000,0x0000000694abf860,0x00000006a9b00000)
 PSPermGen       total 83968K, used 56317K [0x0000000606e00000, 0x000000060c000000, 0x000000060c000000)
  object space 83968K, 67% used [0x0000000606e00000,0x000000060a4ff788,0x000000060c000000)
}

