# JRE version: Java(TM) SE Runtime Environment (7.0_45-b18) (build 1.7.0_45-b18)
# Java VM: Java HotSpot(TM) 64-Bit Server VM (24.45-b08 mixed mode linux-amd64 compressed oops)
Heap
 PSYoungGen      total 231936K, used 118625K [0x0000000759500000, 0x000000076bd80000, 0x0000000800000000)
  eden space 195584K, 42% used [0x0000000759500000,0x000000075e55ebb0,0x0000000765400000)
  from space 36352K, 99% used [0x0000000768580000,0x000000076a8f99b0,0x000000076a900000)
  to   space 50688K, 0% used [0x0000000765400000,0x0000000765400000,0x0000000768580000)
 ParOldGen       total 175104K, used 98960K [0x000000060c000000, 0x0000000616b00000, 0x0000000759500000)
  object space 175104K, 56% used [0x000000060c000000,0x00000006120a4398,0x0000000616b00000)
 PSPermGen       total 56832K, used 56575K [0x0000000606e00000, 0x000000060a580000, 0x000000060c000000)
  object space 56832K, 99% used [0x0000000606e00000,0x000000060a53fff8,0x000000060a580000)
GC Heap History (10 events):
Event: 31.238 GC heap before
{Heap before GC invocations=12 (full 0):
 PSYoungGen      total 120320K, used 94174K [0x0000000759500000, 0x0000000765f00000, 0x0000000800000000)
  eden space 85504K, 100% used [0x0000000759500000,0x000000075e880000,0x000000075e880000)
  from space 34816K, 24% used [0x000000075e880000,0x000000075f0f7908,0x0000000760a80000)
  to   space 34816K, 0% used [0x0000000763d00000,0x0000000763d00000,0x0000000765f00000)
 ParOldGen       total 175104K, used 71192K [0x000000060c000000, 0x0000000616b00000, 0x0000000759500000)
  object space 175104K, 40% used [0x000000060c000000,0x0000000610586018,0x0000000616b00000)
 PSPermGen       total 53248K, used 53095K [0x0000000606e00000, 0x000000060a200000, 0x000000060c000000)
  object space 53248K, 99% used [0x0000000606e00000,0x000000060a1d9e88,0x000000060a200000)
Event: 31.241 GC heap after
Heap after GC invocations=12 (full 0):
 PSYoungGen      total 171008K, used 2662K [0x0000000759500000, 0x0000000766100000, 0x0000000800000000)
  eden space 136192K, 0% used [0x0000000759500000,0x0000000759500000,0x0000000761a00000)
  from space 34816K, 7% used [0x0000000763d00000,0x0000000763f99930,0x0000000765f00000)
  to   space 35840K, 0% used [0x0000000761a00000,0x0000000761a00000,0x0000000763d00000)
 ParOldGen       total 175104K, used 77878K [0x000000060c000000, 0x0000000616b00000, 0x0000000759500000)
  object space 175104K, 44% used [0x000000060c000000,0x0000000610c0d9f8,0x0000000616b00000)
 PSPermGen       total 53248K, used 53095K [0x0000000606e00000, 0x000000060a200000, 0x000000060c000000)
  object space 53248K, 99% used [0x0000000606e00000,0x000000060a1d9e88,0x000000060a200000)
}
Event: 52.690 GC heap before
{Heap before GC invocations=13 (full 0):
 PSYoungGen      total 171008K, used 138854K [0x0000000759500000, 0x0000000766100000, 0x0000000800000000)
  eden space 136192K, 100% used [0x0000000759500000,0x0000000761a00000,0x0000000761a00000)
  from space 34816K, 7% used [0x0000000763d00000,0x0000000763f99930,0x0000000765f00000)
  to   space 35840K, 0% used [0x0000000761a00000,0x0000000761a00000,0x0000000763d00000)
 ParOldGen       total 175104K, used 77878K [0x000000060c000000, 0x0000000616b00000, 0x0000000759500000)
  object space 175104K, 44% used [0x000000060c000000,0x0000000610c0d9f8,0x0000000616b00000)
 PSPermGen       total 53248K, used 53194K [0x0000000606e00000, 0x000000060a200000, 0x000000060c000000)
  object space 53248K, 99% used [0x0000000606e00000,0x000000060a1f29e0,0x000000060a200000)
Event: 52.692 GC heap after
Heap after GC invocations=13 (full 0):
 PSYoungGen      total 172032K, used 352K [0x0000000759500000, 0x000000076b100000, 0x0000000800000000)
  eden space 136192K, 0% used [0x0000000759500000,0x0000000759500000,0x0000000761a00000)
  from space 35840K, 0% used [0x0000000761a00000,0x0000000761a58000,0x0000000763d00000)
  to   space 36352K, 0% used [0x0000000768d80000,0x0000000768d80000,0x000000076b100000)
 ParOldGen       total 175104K, used 78272K [0x000000060c000000, 0x0000000616b00000, 0x0000000759500000)
  object space 175104K, 44% used [0x000000060c000000,0x0000000610c70398,0x0000000616b00000)
 PSPermGen       total 53248K, used 53194K [0x0000000606e00000, 0x000000060a200000, 0x000000060c000000)
  object space 53248K, 99% used [0x0000000606e00000,0x000000060a1f29e0,0x000000060a200000)
}
Event: 104.819 GC heap before
{Heap before GC invocations=14 (full 0):
 PSYoungGen      total 172032K, used 136544K [0x0000000759500000, 0x000000076b100000, 0x0000000800000000)
  eden space 136192K, 100% used [0x0000000759500000,0x0000000761a00000,0x0000000761a00000)
  from space 35840K, 0% used [0x0000000761a00000,0x0000000761a58000,0x0000000763d00000)
  to   space 36352K, 0% used [0x0000000768d80000,0x0000000768d80000,0x000000076b100000)
 ParOldGen       total 175104K, used 78272K [0x000000060c000000, 0x0000000616b00000, 0x0000000759500000)
  object space 175104K, 44% used [0x000000060c000000,0x0000000610c70398,0x0000000616b00000)
 PSPermGen       total 53248K, used 53201K [0x0000000606e00000, 0x000000060a200000, 0x000000060c000000)
  object space 53248K, 99% used [0x0000000606e00000,0x000000060a1f4660,0x000000060a200000)
Event: 104.821 GC heap after
Heap after GC invocations=14 (full 0):
 PSYoungGen      total 254464K, used 160K [0x0000000759500000, 0x000000076b100000, 0x0000000800000000)
  eden space 218112K, 0% used [0x0000000759500000,0x0000000759500000,0x0000000766a00000)
  from space 36352K, 0% used [0x0000000768d80000,0x0000000768da8000,0x000000076b100000)
  to   space 36352K, 0% used [0x0000000766a00000,0x0000000766a00000,0x0000000768d80000)
 ParOldGen       total 175104K, used 78464K [0x000000060c000000, 0x0000000616b00000, 0x0000000759500000)
  object space 175104K, 44% used [0x000000060c000000,0x0000000610ca0398,0x0000000616b00000)
 PSPermGen       total 53248K, used 53201K [0x0000000606e00000, 0x000000060a200000, 0x000000060c000000)
  object space 53248K, 99% used [0x0000000606e00000,0x000000060a1f4660,0x000000060a200000)
}
Event: 187.949 GC heap before
{Heap before GC invocations=15 (full 0):
 PSYoungGen      total 254464K, used 218272K [0x0000000759500000, 0x000000076b100000, 0x0000000800000000)
  eden space 218112K, 100% used [0x0000000759500000,0x0000000766a00000,0x0000000766a00000)
  from space 36352K, 0% used [0x0000000768d80000,0x0000000768da8000,0x000000076b100000)
  to   space 36352K, 0% used [0x0000000766a00000,0x0000000766a00000,0x0000000768d80000)
 ParOldGen       total 175104K, used 78464K [0x000000060c000000, 0x0000000616b00000, 0x0000000759500000)
  object space 175104K, 44% used [0x000000060c000000,0x0000000610ca0398,0x0000000616b00000)
 PSPermGen       total 53248K, used 53208K [0x0000000606e00000, 0x000000060a200000, 0x000000060c000000)
  object space 53248K, 99% used [0x0000000606e00000,0x000000060a1f61d8,0x000000060a200000)
Event: 187.951 GC heap after
Heap after GC invocations=15 (full 0):
 PSYoungGen      total 210432K, used 160K [0x0000000759500000, 0x000000076a900000, 0x0000000800000000)
  eden space 209920K, 0% used [0x0000000759500000,0x0000000759500000,0x0000000766200000)
  from space 512K, 31% used [0x0000000766a00000,0x0000000766a28000,0x0000000766a80000)
  to   space 36352K, 0% used [0x0000000768580000,0x0000000768580000,0x000000076a900000)
 ParOldGen       total 175104K, used 78488K [0x000000060c000000, 0x0000000616b00000, 0x0000000759500000)
  object space 175104K, 44% used [0x000000060c000000,0x0000000610ca6398,0x0000000616b00000)
 PSPermGen       total 53248K, used 53208K [0x0000000606e00000, 0x000000060a200000, 0x000000060c000000)
  object space 53248K, 99% used [0x0000000606e00000,0x000000060a1f61d8,0x000000060a200000)
}
Event: 226.588 GC heap before
{Heap before GC invocations=16 (full 0):
 PSYoungGen      total 210432K, used 210080K [0x0000000759500000, 0x000000076a900000, 0x0000000800000000)
  eden space 209920K, 100% used [0x0000000759500000,0x0000000766200000,0x0000000766200000)
  from space 512K, 31% used [0x0000000766a00000,0x0000000766a28000,0x0000000766a80000)
  to   space 36352K, 0% used [0x0000000768580000,0x0000000768580000,0x000000076a900000)
 ParOldGen       total 175104K, used 78488K [0x000000060c000000, 0x0000000616b00000, 0x0000000759500000)
  object space 175104K, 44% used [0x000000060c000000,0x0000000610ca6398,0x0000000616b00000)
 PSPermGen       total 55296K, used 54997K [0x0000000606e00000, 0x000000060a400000, 0x000000060c000000)
  object space 55296K, 99% used [0x0000000606e00000,0x000000060a3b5490,0x000000060a400000)
Event: 226.602 GC heap after
Heap after GC invocations=16 (full 0):
 PSYoungGen      total 231936K, used 36326K [0x0000000759500000, 0x000000076bd80000, 0x0000000800000000)
  eden space 195584K, 0% used [0x0000000759500000,0x0000000759500000,0x0000000765400000)
  from space 36352K, 99% used [0x0000000768580000,0x000000076a8f99b0,0x000000076a900000)
  to   space 50688K, 0% used [0x0000000765400000,0x0000000765400000,0x0000000768580000)
 ParOldGen       total 175104K, used 98960K [0x000000060c000000, 0x0000000616b00000, 0x0000000759500000)
  object space 175104K, 56% used [0x000000060c000000,0x00000006120a4398,0x0000000616b00000)
 PSPermGen       total 55296K, used 54997K [0x0000000606e00000, 0x000000060a400000, 0x000000060c000000)
  object space 55296K, 99% used [0x0000000606e00000,0x000000060a3b5490,0x000000060a400000)
}

