# JRE version: Java(TM) SE Runtime Environment (7.0_45-b18) (build 1.7.0_45-b18)
# Java VM: Java HotSpot(TM) 64-Bit Server VM (24.45-b08 mixed mode linux-amd64 compressed oops)
Heap
 PSYoungGen      total 81920K, used 48353K [0x0000000759500000, 0x000000075fd80000, 0x0000000800000000)
  eden space 59904K, 55% used [0x0000000759500000,0x000000075b585558,0x000000075cf80000)
  from space 22016K, 68% used [0x000000075e800000,0x000000075f6b31e8,0x000000075fd80000)
  to   space 23552K, 0% used [0x000000075cf80000,0x000000075cf80000,0x000000075e680000)
 ParOldGen       total 175104K, used 25164K [0x000000060c000000, 0x0000000616b00000, 0x0000000759500000)
  object space 175104K, 14% used [0x000000060c000000,0x000000060d893130,0x0000000616b00000)
 PSPermGen       total 50688K, used 50673K [0x0000000606e00000, 0x0000000609f80000, 0x000000060c000000)
  object space 50688K, 99% used [0x0000000606e00000,0x0000000609f7c4a8,0x0000000609f80000)
GC Heap History (10 events):
Event: 12.451 GC heap before
{Heap before GC invocations=4 (full 0):
 PSYoungGen      total 76800K, used 76775K [0x0000000759500000, 0x000000075ea80000, 0x0000000800000000)
  eden space 66048K, 100% used [0x0000000759500000,0x000000075d580000,0x000000075d580000)
  from space 10752K, 99% used [0x000000075d580000,0x000000075dff9cb0,0x000000075e000000)
  to   space 10752K, 0% used [0x000000075e000000,0x000000075e000000,0x000000075ea80000)
 ParOldGen       total 175104K, used 6034K [0x000000060c000000, 0x0000000616b00000, 0x0000000759500000)
  object space 175104K, 3% used [0x000000060c000000,0x000000060c5e4b00,0x0000000616b00000)
 PSPermGen       total 37376K, used 37017K [0x0000000606e00000, 0x0000000609280000, 0x000000060c000000)
  object space 37376K, 99% used [0x0000000606e00000,0x00000006092265c0,0x0000000609280000)
Event: 12.459 GC heap after
Heap after GC invocations=4 (full 0):
 PSYoungGen      total 76800K, used 10745K [0x0000000759500000, 0x000000075ea80000, 0x0000000800000000)
  eden space 66048K, 0% used [0x0000000759500000,0x0000000759500000,0x000000075d580000)
  from space 10752K, 99% used [0x000000075e000000,0x000000075ea7e5f0,0x000000075ea80000)
  to   space 10752K, 0% used [0x000000075d580000,0x000000075d580000,0x000000075e000000)
 ParOldGen       total 175104K, used 11216K [0x000000060c000000, 0x0000000616b00000, 0x0000000759500000)
  object space 175104K, 6% used [0x000000060c000000,0x000000060caf4078,0x0000000616b00000)
 PSPermGen       total 37376K, used 37017K [0x0000000606e00000, 0x0000000609280000, 0x000000060c000000)
  object space 37376K, 99% used [0x0000000606e00000,0x00000006092265c0,0x0000000609280000)
}
Event: 15.272 GC heap before
{Heap before GC invocations=5 (full 0):
 PSYoungGen      total 76800K, used 76793K [0x0000000759500000, 0x000000075ea80000, 0x0000000800000000)
  eden space 66048K, 100% used [0x0000000759500000,0x000000075d580000,0x000000075d580000)
  from space 10752K, 99% used [0x000000075e000000,0x000000075ea7e5f0,0x000000075ea80000)
  to   space 10752K, 0% used [0x000000075d580000,0x000000075d580000,0x000000075e000000)
 ParOldGen       total 175104K, used 11216K [0x000000060c000000, 0x0000000616b00000, 0x0000000759500000)
  object space 175104K, 6% used [0x000000060c000000,0x000000060caf4078,0x0000000616b00000)
 PSPermGen       total 45056K, used 44940K [0x0000000606e00000, 0x0000000609a00000, 0x000000060c000000)
  object space 45056K, 99% used [0x0000000606e00000,0x00000006099e3230,0x0000000609a00000)
Event: 15.282 GC heap after
Heap after GC invocations=5 (full 0):
 PSYoungGen      total 75264K, used 10720K [0x0000000759500000, 0x0000000760000000, 0x0000000800000000)
  eden space 64512K, 0% used [0x0000000759500000,0x0000000759500000,0x000000075d400000)
  from space 10752K, 99% used [0x000000075d580000,0x000000075dff8370,0x000000075e000000)
  to   space 22528K, 0% used [0x000000075ea00000,0x000000075ea00000,0x0000000760000000)
 ParOldGen       total 175104K, used 17091K [0x000000060c000000, 0x0000000616b00000, 0x0000000759500000)
  object space 175104K, 9% used [0x000000060c000000,0x000000060d0b0c50,0x0000000616b00000)
 PSPermGen       total 45056K, used 44940K [0x0000000606e00000, 0x0000000609a00000, 0x000000060c000000)
  object space 45056K, 99% used [0x0000000606e00000,0x00000006099e3230,0x0000000609a00000)
}
Event: 17.434 GC heap before
{Heap before GC invocations=6 (full 0):
 PSYoungGen      total 75264K, used 75232K [0x0000000759500000, 0x0000000760000000, 0x0000000800000000)
  eden space 64512K, 100% used [0x0000000759500000,0x000000075d400000,0x000000075d400000)
  from space 10752K, 99% used [0x000000075d580000,0x000000075dff8370,0x000000075e000000)
  to   space 22528K, 0% used [0x000000075ea00000,0x000000075ea00000,0x0000000760000000)
 ParOldGen       total 175104K, used 17091K [0x000000060c000000, 0x0000000616b00000, 0x0000000759500000)
  object space 175104K, 9% used [0x000000060c000000,0x000000060d0b0c50,0x0000000616b00000)
 PSPermGen       total 50176K, used 49904K [0x0000000606e00000, 0x0000000609f00000, 0x000000060c000000)
  object space 50176K, 99% used [0x0000000606e00000,0x0000000609ebc350,0x0000000609f00000)
Event: 17.446 GC heap after
Heap after GC invocations=6 (full 0):
 PSYoungGen      total 84480K, used 19447K [0x0000000759500000, 0x0000000760380000, 0x0000000800000000)
  eden space 61952K, 0% used [0x0000000759500000,0x0000000759500000,0x000000075d180000)
  from space 22528K, 86% used [0x000000075ea00000,0x000000075fcfdd30,0x0000000760000000)
  to   space 25088K, 0% used [0x000000075d180000,0x000000075d180000,0x000000075ea00000)
 ParOldGen       total 175104K, used 17099K [0x000000060c000000, 0x0000000616b00000, 0x0000000759500000)
  object space 175104K, 9% used [0x000000060c000000,0x000000060d0b2c50,0x0000000616b00000)
 PSPermGen       total 50176K, used 49904K [0x0000000606e00000, 0x0000000609f00000, 0x000000060c000000)
  object space 50176K, 99% used [0x0000000606e00000,0x0000000609ebc350,0x0000000609f00000)
}
Event: 19.675 GC heap before
{Heap before GC invocations=7 (full 0):
 PSYoungGen      total 84480K, used 81399K [0x0000000759500000, 0x0000000760380000, 0x0000000800000000)
  eden space 61952K, 100% used [0x0000000759500000,0x000000075d180000,0x000000075d180000)
  from space 22528K, 86% used [0x000000075ea00000,0x000000075fcfdd30,0x0000000760000000)
  to   space 25088K, 0% used [0x000000075d180000,0x000000075d180000,0x000000075ea00000)
 ParOldGen       total 175104K, used 17099K [0x000000060c000000, 0x0000000616b00000, 0x0000000759500000)
  object space 175104K, 9% used [0x000000060c000000,0x000000060d0b2c50,0x0000000616b00000)
 PSPermGen       total 50688K, used 50326K [0x0000000606e00000, 0x0000000609f80000, 0x000000060c000000)
  object space 50688K, 99% used [0x0000000606e00000,0x0000000609f25bc0,0x0000000609f80000)
Event: 19.685 GC heap after
Heap after GC invocations=7 (full 0):
 PSYoungGen      total 76800K, used 15646K [0x0000000759500000, 0x000000075ff80000, 0x0000000800000000)
  eden space 60928K, 0% used [0x0000000759500000,0x0000000759500000,0x000000075d080000)
  from space 15872K, 98% used [0x000000075d180000,0x000000075e0c7ab0,0x000000075e100000)
  to   space 24064K, 0% used [0x000000075e800000,0x000000075e800000,0x000000075ff80000)
 ParOldGen       total 175104K, used 20651K [0x000000060c000000, 0x0000000616b00000, 0x0000000759500000)
  object space 175104K, 11% used [0x000000060c000000,0x000000060d42adf8,0x0000000616b00000)
 PSPermGen       total 50688K, used 50326K [0x0000000606e00000, 0x0000000609f80000, 0x000000060c000000)
  object space 50688K, 99% used [0x0000000606e00000,0x0000000609f25bc0,0x0000000609f80000)
}
Event: 24.857 GC heap before
{Heap before GC invocations=8 (full 0):
 PSYoungGen      total 76800K, used 76574K [0x0000000759500000, 0x000000075ff80000, 0x0000000800000000)
  eden space 60928K, 100% used [0x0000000759500000,0x000000075d080000,0x000000075d080000)
  from space 15872K, 98% used [0x000000075d180000,0x000000075e0c7ab0,0x000000075e100000)
  to   space 24064K, 0% used [0x000000075e800000,0x000000075e800000,0x000000075ff80000)
 ParOldGen       total 175104K, used 20651K [0x000000060c000000, 0x0000000616b00000, 0x0000000759500000)
  object space 175104K, 11% used [0x000000060c000000,0x000000060d42adf8,0x0000000616b00000)
 PSPermGen       total 50688K, used 50377K [0x0000000606e00000, 0x0000000609f80000, 0x000000060c000000)
  object space 50688K, 99% used [0x0000000606e00000,0x0000000609f32558,0x0000000609f80000)
Event: 24.866 GC heap after
Heap after GC invocations=8 (full 0):
 PSYoungGen      total 81920K, used 15052K [0x0000000759500000, 0x000000075fd80000, 0x0000000800000000)
  eden space 59904K, 0% used [0x0000000759500000,0x0000000759500000,0x000000075cf80000)
  from space 22016K, 68% used [0x000000075e800000,0x000000075f6b31e8,0x000000075fd80000)
  to   space 23552K, 0% used [0x000000075cf80000,0x000000075cf80000,0x000000075e680000)
 ParOldGen       total 175104K, used 25164K [0x000000060c000000, 0x0000000616b00000, 0x0000000759500000)
  object space 175104K, 14% used [0x000000060c000000,0x000000060d893130,0x0000000616b00000)
 PSPermGen       total 50688K, used 50377K [0x0000000606e00000, 0x0000000609f80000, 0x000000060c000000)
  object space 50688K, 99% used [0x0000000606e00000,0x0000000609f32558,0x0000000609f80000)
}

