# JRE version: Java(TM) SE Runtime Environment (7.0_45-b18) (build 1.7.0_45-b18)
# Java VM: Java HotSpot(TM) 64-Bit Server VM (24.45-b08 mixed mode linux-amd64 compressed oops)
Heap
 PSYoungGen      total 80896K, used 69199K [0x0000000797d00000, 0x000000079f300000, 0x0000000800000000)
  eden space 61440K, 81% used [0x0000000797d00000,0x000000079ade2e88,0x000000079b900000)
  from space 19456K, 98% used [0x000000079d500000,0x000000079e7b0fa8,0x000000079e800000)
  to   space 11264K, 0% used [0x000000079e800000,0x000000079e800000,0x000000079f300000)
 ParOldGen       total 175104K, used 22409K [0x00000006c7800000, 0x00000006d2300000, 0x0000000797d00000)
  object space 175104K, 12% used [0x00000006c7800000,0x00000006c8de24b0,0x00000006d2300000)
 PSPermGen       total 53248K, used 52853K [0x00000006c2600000, 0x00000006c5a00000, 0x00000006c7800000)
  object space 53248K, 99% used [0x00000006c2600000,0x00000006c599d430,0x00000006c5a00000)
GC Heap History (10 events):
Event: 2.402 GC heap before
{Heap before GC invocations=3 (full 0):
 PSYoungGen      total 76800K, used 75537K [0x0000000797d00000, 0x00000007a1300000, 0x0000000800000000)
  eden space 66048K, 100% used [0x0000000797d00000,0x000000079bd80000,0x000000079bd80000)
  from space 10752K, 88% used [0x000000079c800000,0x000000079d144620,0x000000079d280000)
  to   space 10752K, 0% used [0x000000079bd80000,0x000000079bd80000,0x000000079c800000)
 ParOldGen       total 175104K, used 80K [0x00000006c7800000, 0x00000006d2300000, 0x0000000797d00000)
  object space 175104K, 0% used [0x00000006c7800000,0x00000006c7814010,0x00000006d2300000)
 PSPermGen       total 36864K, used 36606K [0x00000006c2600000, 0x00000006c4a00000, 0x00000006c7800000)
  object space 36864K, 99% used [0x00000006c2600000,0x00000006c49bf848,0x00000006c4a00000)
Event: 2.413 GC heap after
Heap after GC invocations=3 (full 0):
 PSYoungGen      total 76800K, used 10733K [0x0000000797d00000, 0x00000007a1300000, 0x0000000800000000)
  eden space 66048K, 0% used [0x0000000797d00000,0x0000000797d00000,0x000000079bd80000)
  from space 10752K, 99% used [0x000000079bd80000,0x000000079c7fb718,0x000000079c800000)
  to   space 10752K, 0% used [0x00000007a0880000,0x00000007a0880000,0x00000007a1300000)
 ParOldGen       total 175104K, used 8658K [0x00000006c7800000, 0x00000006d2300000, 0x0000000797d00000)
  object space 175104K, 4% used [0x00000006c7800000,0x00000006c8074bd0,0x00000006d2300000)
 PSPermGen       total 36864K, used 36606K [0x00000006c2600000, 0x00000006c4a00000, 0x00000006c7800000)
  object space 36864K, 99% used [0x00000006c2600000,0x00000006c49bf848,0x00000006c4a00000)
}
Event: 4.545 GC heap before
{Heap before GC invocations=4 (full 0):
 PSYoungGen      total 76800K, used 76781K [0x0000000797d00000, 0x00000007a1300000, 0x0000000800000000)
  eden space 66048K, 100% used [0x0000000797d00000,0x000000079bd80000,0x000000079bd80000)
  from space 10752K, 99% used [0x000000079bd80000,0x000000079c7fb718,0x000000079c800000)
  to   space 10752K, 0% used [0x00000007a0880000,0x00000007a0880000,0x00000007a1300000)
 ParOldGen       total 175104K, used 8658K [0x00000006c7800000, 0x00000006d2300000, 0x0000000797d00000)
  object space 175104K, 4% used [0x00000006c7800000,0x00000006c8074bd0,0x00000006d2300000)
 PSPermGen       total 43520K, used 43290K [0x00000006c2600000, 0x00000006c5080000, 0x00000006c7800000)
  object space 43520K, 99% used [0x00000006c2600000,0x00000006c5046b60,0x00000006c5080000)
Event: 4.555 GC heap after
Heap after GC invocations=4 (full 0):
 PSYoungGen      total 76800K, used 10744K [0x0000000797d00000, 0x00000007a1300000, 0x0000000800000000)
  eden space 66048K, 0% used [0x0000000797d00000,0x0000000797d00000,0x000000079bd80000)
  from space 10752K, 99% used [0x00000007a0880000,0x00000007a12fe028,0x00000007a1300000)
  to   space 10752K, 0% used [0x000000079bd80000,0x000000079bd80000,0x000000079c800000)
 ParOldGen       total 175104K, used 15400K [0x00000006c7800000, 0x00000006d2300000, 0x0000000797d00000)
  object space 175104K, 8% used [0x00000006c7800000,0x00000006c870a240,0x00000006d2300000)
 PSPermGen       total 43520K, used 43290K [0x00000006c2600000, 0x00000006c5080000, 0x00000006c7800000)
  object space 43520K, 99% used [0x00000006c2600000,0x00000006c5046b60,0x00000006c5080000)
}
Event: 18.490 GC heap before
{Heap before GC invocations=5 (full 0):
 PSYoungGen      total 76800K, used 75877K [0x0000000797d00000, 0x00000007a1300000, 0x0000000800000000)
  eden space 66048K, 98% used [0x0000000797d00000,0x000000079bc9b600,0x000000079bd80000)
  from space 10752K, 99% used [0x00000007a0880000,0x00000007a12fe028,0x00000007a1300000)
  to   space 10752K, 0% used [0x000000079bd80000,0x000000079bd80000,0x000000079c800000)
 ParOldGen       total 175104K, used 15400K [0x00000006c7800000, 0x00000006d2300000, 0x0000000797d00000)
  object space 175104K, 8% used [0x00000006c7800000,0x00000006c870a240,0x00000006d2300000)
 PSPermGen       total 48128K, used 47855K [0x00000006c2600000, 0x00000006c5500000, 0x00000006c7800000)
  object space 48128K, 99% used [0x00000006c2600000,0x00000006c54bbcd8,0x00000006c5500000)
Event: 18.500 GC heap after
Heap after GC invocations=5 (full 0):
 PSYoungGen      total 75264K, used 10746K [0x0000000797d00000, 0x00000007a0900000, 0x0000000800000000)
  eden space 64512K, 0% used [0x0000000797d00000,0x0000000797d00000,0x000000079bc00000)
  from space 10752K, 99% used [0x000000079bd80000,0x000000079c7fe830,0x000000079c800000)
  to   space 23040K, 0% used [0x000000079f280000,0x000000079f280000,0x00000007a0900000)
 ParOldGen       total 175104K, used 19498K [0x00000006c7800000, 0x00000006d2300000, 0x0000000797d00000)
  object space 175104K, 11% used [0x00000006c7800000,0x00000006c8b0abb8,0x00000006d2300000)
 PSPermGen       total 48128K, used 47855K [0x00000006c2600000, 0x00000006c5500000, 0x00000006c7800000)
  object space 48128K, 99% used [0x00000006c2600000,0x00000006c54bbcd8,0x00000006c5500000)
}
Event: 67.062 GC heap before
{Heap before GC invocations=6 (full 0):
 PSYoungGen      total 75264K, used 75258K [0x0000000797d00000, 0x00000007a0900000, 0x0000000800000000)
  eden space 64512K, 100% used [0x0000000797d00000,0x000000079bc00000,0x000000079bc00000)
  from space 10752K, 99% used [0x000000079bd80000,0x000000079c7fe830,0x000000079c800000)
  to   space 23040K, 0% used [0x000000079f280000,0x000000079f280000,0x00000007a0900000)
 ParOldGen       total 175104K, used 19498K [0x00000006c7800000, 0x00000006d2300000, 0x0000000797d00000)
  object space 175104K, 11% used [0x00000006c7800000,0x00000006c8b0abb8,0x00000006d2300000)
 PSPermGen       total 48640K, used 48225K [0x00000006c2600000, 0x00000006c5580000, 0x00000006c7800000)
  object space 48640K, 99% used [0x00000006c2600000,0x00000006c55186b8,0x00000006c5580000)
Event: 67.073 GC heap after
Heap after GC invocations=6 (full 0):
 PSYoungGen      total 83968K, used 20727K [0x0000000797d00000, 0x00000007a0700000, 0x0000000800000000)
  eden space 62976K, 0% used [0x0000000797d00000,0x0000000797d00000,0x000000079ba80000)
  from space 20992K, 98% used [0x000000079f280000,0x00000007a06bdce0,0x00000007a0700000)
  to   space 25600K, 0% used [0x000000079d500000,0x000000079d500000,0x000000079ee00000)
 ParOldGen       total 175104K, used 19506K [0x00000006c7800000, 0x00000006d2300000, 0x0000000797d00000)
  object space 175104K, 11% used [0x00000006c7800000,0x00000006c8b0cbb8,0x00000006d2300000)
 PSPermGen       total 48640K, used 48225K [0x00000006c2600000, 0x00000006c5580000, 0x00000006c7800000)
  object space 48640K, 99% used [0x00000006c2600000,0x00000006c55186b8,0x00000006c5580000)
}
Event: 94.132 GC heap before
{Heap before GC invocations=7 (full 0):
 PSYoungGen      total 83968K, used 81810K [0x0000000797d00000, 0x00000007a0700000, 0x0000000800000000)
  eden space 62976K, 96% used [0x0000000797d00000,0x000000079b8a6bd8,0x000000079ba80000)
  from space 20992K, 98% used [0x000000079f280000,0x00000007a06bdce0,0x00000007a0700000)
  to   space 25600K, 0% used [0x000000079d500000,0x000000079d500000,0x000000079ee00000)
 ParOldGen       total 175104K, used 19506K [0x00000006c7800000, 0x00000006d2300000, 0x0000000797d00000)
  object space 175104K, 11% used [0x00000006c7800000,0x00000006c8b0cbb8,0x00000006d2300000)
 PSPermGen       total 52736K, used 52502K [0x00000006c2600000, 0x00000006c5980000, 0x00000006c7800000)
  object space 52736K, 99% used [0x00000006c2600000,0x00000006c5945aa0,0x00000006c5980000)
Event: 94.144 GC heap after
Heap after GC invocations=7 (full 0):
 PSYoungGen      total 80896K, used 19139K [0x0000000797d00000, 0x000000079f300000, 0x0000000800000000)
  eden space 61440K, 0% used [0x0000000797d00000,0x0000000797d00000,0x000000079b900000)
  from space 19456K, 98% used [0x000000079d500000,0x000000079e7b0fa8,0x000000079e800000)
  to   space 11264K, 0% used [0x000000079e800000,0x000000079e800000,0x000000079f300000)
 ParOldGen       total 175104K, used 22409K [0x00000006c7800000, 0x00000006d2300000, 0x0000000797d00000)
  object space 175104K, 12% used [0x00000006c7800000,0x00000006c8de24b0,0x00000006d2300000)
 PSPermGen       total 52736K, used 52502K [0x00000006c2600000, 0x00000006c5980000, 0x00000006c7800000)
  object space 52736K, 99% used [0x00000006c2600000,0x00000006c5945aa0,0x00000006c5980000)
}

