# JRE version: Java(TM) SE Runtime Environment (7.0_45-b18) (build 1.7.0_45-b18)
# Java VM: Java HotSpot(TM) 64-Bit Server VM (24.45-b08 mixed mode linux-amd64 compressed oops)
Heap
 PSYoungGen      total 495104K, used 27826K [0x0000000759500000, 0x0000000786480000, 0x0000000800000000)
  eden space 243200K, 1% used [0x0000000759500000,0x00000007598b78c0,0x0000000768280000)
  from space 251904K, 9% used [0x0000000768280000,0x00000007699f5118,0x0000000777880000)
  to   space 239616K, 0% used [0x0000000777a80000,0x0000000777a80000,0x0000000786480000)
 ParOldGen       total 2890240K, used 2706438K [0x000000060c000000, 0x00000006bc680000, 0x0000000759500000)
  object space 2890240K, 93% used [0x000000060c000000,0x00000006b1301b78,0x00000006bc680000)
 PSPermGen       total 72192K, used 57436K [0x0000000606e00000, 0x000000060b480000, 0x000000060c000000)
  object space 72192K, 79% used [0x0000000606e00000,0x000000060a617210,0x000000060b480000)
GC Heap History (10 events):
Event: 675.682 GC heap before
{Heap before GC invocations=26 (full 7):
 PSYoungGen      total 483840K, used 205574K [0x0000000759500000, 0x0000000788d80000, 0x0000000800000000)
  eden space 203264K, 100% used [0x0000000759500000,0x0000000765b80000,0x0000000765b80000)
  from space 280576K, 0% used [0x0000000777b80000,0x0000000777dc1a90,0x0000000788d80000)
  to   space 287744K, 0% used [0x0000000765b80000,0x0000000765b80000,0x0000000777480000)
 ParOldGen       total 2890240K, used 2706422K [0x000000060c000000, 0x00000006bc680000, 0x0000000759500000)
  object space 2890240K, 93% used [0x000000060c000000,0x00000006b12fdb78,0x00000006bc680000)
 PSPermGen       total 72192K, used 41503K [0x0000000606e00000, 0x000000060b480000, 0x000000060c000000)
  object space 72192K, 57% used [0x0000000606e00000,0x0000000609687eb0,0x000000060b480000)
Event: 675.691 GC heap after
Heap after GC invocations=26 (full 7):
 PSYoungGen      total 491008K, used 2374K [0x0000000759500000, 0x0000000789d80000, 0x0000000800000000)
  eden space 203264K, 0% used [0x0000000759500000,0x0000000759500000,0x0000000765b80000)
  from space 287744K, 0% used [0x0000000765b80000,0x0000000765dd1a90,0x0000000777480000)
  to   space 282624K, 0% used [0x0000000778980000,0x0000000778980000,0x0000000789d80000)
 ParOldGen       total 2890240K, used 2706422K [0x000000060c000000, 0x00000006bc680000, 0x0000000759500000)
  object space 2890240K, 93% used [0x000000060c000000,0x00000006b12fdb78,0x00000006bc680000)
 PSPermGen       total 72192K, used 41503K [0x0000000606e00000, 0x000000060b480000, 0x000000060c000000)
  object space 72192K, 57% used [0x0000000606e00000,0x0000000609687eb0,0x000000060b480000)
}
Event: 676.358 GC heap before
{Heap before GC invocations=27 (full 7):
 PSYoungGen      total 491008K, used 205247K [0x0000000759500000, 0x0000000789d80000, 0x0000000800000000)
  eden space 203264K, 99% used [0x0000000759500000,0x0000000765b1e348,0x0000000765b80000)
  from space 287744K, 0% used [0x0000000765b80000,0x0000000765dd1a90,0x0000000777480000)
  to   space 282624K, 0% used [0x0000000778980000,0x0000000778980000,0x0000000789d80000)
 ParOldGen       total 2890240K, used 2706422K [0x000000060c000000, 0x00000006bc680000, 0x0000000759500000)
  object space 2890240K, 93% used [0x000000060c000000,0x00000006b12fdb78,0x00000006bc680000)
 PSPermGen       total 72192K, used 43308K [0x0000000606e00000, 0x000000060b480000, 0x000000060c000000)
  object space 72192K, 59% used [0x0000000606e00000,0x000000060984b088,0x000000060b480000)
Event: 676.371 GC heap after
Heap after GC invocations=27 (full 7):
 PSYoungGen      total 487936K, used 10869K [0x0000000759500000, 0x0000000788900000, 0x0000000800000000)
  eden space 226304K, 0% used [0x0000000759500000,0x0000000759500000,0x0000000767200000)
  from space 261632K, 4% used [0x0000000778980000,0x000000077941d540,0x0000000788900000)
  to   space 273920K, 0% used [0x0000000767200000,0x0000000767200000,0x0000000777d80000)
 ParOldGen       total 2890240K, used 2706430K [0x000000060c000000, 0x00000006bc680000, 0x0000000759500000)
  object space 2890240K, 93% used [0x000000060c000000,0x00000006b12ffb78,0x00000006bc680000)
 PSPermGen       total 72192K, used 43308K [0x0000000606e00000, 0x000000060b480000, 0x000000060c000000)
  object space 72192K, 59% used [0x0000000606e00000,0x000000060984b088,0x000000060b480000)
}
Event: 843.057 GC heap before
{Heap before GC invocations=28 (full 7):
 PSYoungGen      total 487936K, used 237173K [0x0000000759500000, 0x0000000788900000, 0x0000000800000000)
  eden space 226304K, 100% used [0x0000000759500000,0x0000000767200000,0x0000000767200000)
  from space 261632K, 4% used [0x0000000778980000,0x000000077941d540,0x0000000788900000)
  to   space 273920K, 0% used [0x0000000767200000,0x0000000767200000,0x0000000777d80000)
 ParOldGen       total 2890240K, used 2706430K [0x000000060c000000, 0x00000006bc680000, 0x0000000759500000)
  object space 2890240K, 93% used [0x000000060c000000,0x00000006b12ffb78,0x00000006bc680000)
 PSPermGen       total 72192K, used 50147K [0x0000000606e00000, 0x000000060b480000, 0x000000060c000000)
  object space 72192K, 69% used [0x0000000606e00000,0x0000000609ef8d30,0x000000060b480000)
Event: 843.074 GC heap after
Heap after GC invocations=28 (full 7):
 PSYoungGen      total 500224K, used 15013K [0x0000000759500000, 0x0000000788900000, 0x0000000800000000)
  eden space 226304K, 0% used [0x0000000759500000,0x0000000759500000,0x0000000767200000)
  from space 273920K, 5% used [0x0000000767200000,0x00000007680a9708,0x0000000777d80000)
  to   space 263680K, 0% used [0x0000000778780000,0x0000000778780000,0x0000000788900000)
 ParOldGen       total 2890240K, used 2706430K [0x000000060c000000, 0x00000006bc680000, 0x0000000759500000)
  object space 2890240K, 93% used [0x000000060c000000,0x00000006b12ffb78,0x00000006bc680000)
 PSPermGen       total 72192K, used 50147K [0x0000000606e00000, 0x000000060b480000, 0x000000060c000000)
  object space 72192K, 69% used [0x0000000606e00000,0x0000000609ef8d30,0x000000060b480000)
}
Event: 847.285 GC heap before
{Heap before GC invocations=29 (full 7):
 PSYoungGen      total 500224K, used 241317K [0x0000000759500000, 0x0000000788900000, 0x0000000800000000)
  eden space 226304K, 100% used [0x0000000759500000,0x0000000767200000,0x0000000767200000)
  from space 273920K, 5% used [0x0000000767200000,0x00000007680a9708,0x0000000777d80000)
  to   space 263680K, 0% used [0x0000000778780000,0x0000000778780000,0x0000000788900000)
 ParOldGen       total 2890240K, used 2706430K [0x000000060c000000, 0x00000006bc680000, 0x0000000759500000)
  object space 2890240K, 93% used [0x000000060c000000,0x00000006b12ffb78,0x00000006bc680000)
 PSPermGen       total 72192K, used 55822K [0x0000000606e00000, 0x000000060b480000, 0x000000060c000000)
  object space 72192K, 77% used [0x0000000606e00000,0x000000060a483950,0x000000060b480000)
Event: 847.300 GC heap after
Heap after GC invocations=29 (full 7):
 PSYoungGen      total 479744K, used 23371K [0x0000000759500000, 0x0000000786e80000, 0x0000000800000000)
  eden space 243200K, 0% used [0x0000000759500000,0x0000000759500000,0x0000000768280000)
  from space 236544K, 9% used [0x0000000778780000,0x0000000779e52c28,0x0000000786e80000)
  to   space 251904K, 0% used [0x0000000768280000,0x0000000768280000,0x0000000777880000)
 ParOldGen       total 2890240K, used 2706430K [0x000000060c000000, 0x00000006bc680000, 0x0000000759500000)
  object space 2890240K, 93% used [0x000000060c000000,0x00000006b12ffb78,0x00000006bc680000)
 PSPermGen       total 72192K, used 55822K [0x0000000606e00000, 0x000000060b480000, 0x000000060c000000)
  object space 72192K, 77% used [0x0000000606e00000,0x000000060a483950,0x000000060b480000)
}
Event: 1037.688 GC heap before
{Heap before GC invocations=30 (full 7):
 PSYoungGen      total 479744K, used 266571K [0x0000000759500000, 0x0000000786e80000, 0x0000000800000000)
  eden space 243200K, 100% used [0x0000000759500000,0x0000000768280000,0x0000000768280000)
  from space 236544K, 9% used [0x0000000778780000,0x0000000779e52c28,0x0000000786e80000)
  to   space 251904K, 0% used [0x0000000768280000,0x0000000768280000,0x0000000777880000)
 ParOldGen       total 2890240K, used 2706430K [0x000000060c000000, 0x00000006bc680000, 0x0000000759500000)
  object space 2890240K, 93% used [0x000000060c000000,0x00000006b12ffb78,0x00000006bc680000)
 PSPermGen       total 72192K, used 57436K [0x0000000606e00000, 0x000000060b480000, 0x000000060c000000)
  object space 72192K, 79% used [0x0000000606e00000,0x000000060a617210,0x000000060b480000)
Event: 1037.702 GC heap after
Heap after GC invocations=30 (full 7):
 PSYoungGen      total 495104K, used 24020K [0x0000000759500000, 0x0000000786480000, 0x0000000800000000)
  eden space 243200K, 0% used [0x0000000759500000,0x0000000759500000,0x0000000768280000)
  from space 251904K, 9% used [0x0000000768280000,0x00000007699f5118,0x0000000777880000)
  to   space 239616K, 0% used [0x0000000777a80000,0x0000000777a80000,0x0000000786480000)
 ParOldGen       total 2890240K, used 2706438K [0x000000060c000000, 0x00000006bc680000, 0x0000000759500000)
  object space 2890240K, 93% used [0x000000060c000000,0x00000006b1301b78,0x00000006bc680000)
 PSPermGen       total 72192K, used 57436K [0x0000000606e00000, 0x000000060b480000, 0x000000060c000000)
  object space 72192K, 79% used [0x0000000606e00000,0x000000060a617210,0x000000060b480000)
}

