# JRE version: Java(TM) SE Runtime Environment (7.0_45-b18) (build 1.7.0_45-b18)
# Java VM: Java HotSpot(TM) 64-Bit Server VM (24.45-b08 mixed mode linux-amd64 compressed oops)
Heap
 PSYoungGen      total 75264K, used 52369K [0x00000000eb280000, 0x00000000f1f80000, 0x0000000100000000)
  eden space 64512K, 64% used [0x00000000eb280000,0x00000000edb24fd8,0x00000000ef180000)
  from space 10752K, 99% used [0x00000000ef300000,0x00000000efd7f5e0,0x00000000efd80000)
  to   space 23552K, 0% used [0x00000000f0880000,0x00000000f0880000,0x00000000f1f80000)
 ParOldGen       total 175104K, used 18455K [0x00000000c1800000, 0x00000000cc300000, 0x00000000eb280000)
  object space 175104K, 10% used [0x00000000c1800000,0x00000000c2a05d68,0x00000000cc300000)
 PSPermGen       total 47104K, used 46678K [0x00000000bc600000, 0x00000000bf400000, 0x00000000c1800000)
  object space 47104K, 99% used [0x00000000bc600000,0x00000000bf395968,0x00000000bf400000)
GC Heap History (10 events):
Event: 0.748 GC heap before
{Heap before GC invocations=1 (full 0):
 PSYoungGen      total 76800K, used 66048K [0x00000000eb280000, 0x00000000f0800000, 0x0000000100000000)
  eden space 66048K, 100% used [0x00000000eb280000,0x00000000ef300000,0x00000000ef300000)
  from space 10752K, 0% used [0x00000000efd80000,0x00000000efd80000,0x00000000f0800000)
  to   space 10752K, 0% used [0x00000000ef300000,0x00000000ef300000,0x00000000efd80000)
 ParOldGen       total 175104K, used 0K [0x00000000c1800000, 0x00000000cc300000, 0x00000000eb280000)
  object space 175104K, 0% used [0x00000000c1800000,0x00000000c1800000,0x00000000cc300000)
 PSPermGen       total 21504K, used 14600K [0x00000000bc600000, 0x00000000bdb00000, 0x00000000c1800000)
  object space 21504K, 67% used [0x00000000bc600000,0x00000000bd4420b0,0x00000000bdb00000)
Event: 0.752 GC heap after
Heap after GC invocations=1 (full 0):
 PSYoungGen      total 76800K, used 5345K [0x00000000eb280000, 0x00000000f0800000, 0x0000000100000000)
  eden space 66048K, 0% used [0x00000000eb280000,0x00000000eb280000,0x00000000ef300000)
  from space 10752K, 49% used [0x00000000ef300000,0x00000000ef838700,0x00000000efd80000)
  to   space 10752K, 0% used [0x00000000efd80000,0x00000000efd80000,0x00000000f0800000)
 ParOldGen       total 175104K, used 72K [0x00000000c1800000, 0x00000000cc300000, 0x00000000eb280000)
  object space 175104K, 0% used [0x00000000c1800000,0x00000000c1812010,0x00000000cc300000)
 PSPermGen       total 21504K, used 14600K [0x00000000bc600000, 0x00000000bdb00000, 0x00000000c1800000)
  object space 21504K, 67% used [0x00000000bc600000,0x00000000bd4420b0,0x00000000bdb00000)
}
Event: 1.423 GC heap before
{Heap before GC invocations=2 (full 0):
 PSYoungGen      total 76800K, used 71393K [0x00000000eb280000, 0x00000000f0800000, 0x0000000100000000)
  eden space 66048K, 100% used [0x00000000eb280000,0x00000000ef300000,0x00000000ef300000)
  from space 10752K, 49% used [0x00000000ef300000,0x00000000ef838700,0x00000000efd80000)
  to   space 10752K, 0% used [0x00000000efd80000,0x00000000efd80000,0x00000000f0800000)
 ParOldGen       total 175104K, used 72K [0x00000000c1800000, 0x00000000cc300000, 0x00000000eb280000)
  object space 175104K, 0% used [0x00000000c1800000,0x00000000c1812010,0x00000000cc300000)
 PSPermGen       total 22016K, used 21812K [0x00000000bc600000, 0x00000000bdb80000, 0x00000000c1800000)
  object space 22016K, 99% used [0x00000000bc600000,0x00000000bdb4d010,0x00000000bdb80000)
Event: 1.431 GC heap after
Heap after GC invocations=2 (full 0):
 PSYoungGen      total 76800K, used 9349K [0x00000000eb280000, 0x00000000f0800000, 0x0000000100000000)
  eden space 66048K, 0% used [0x00000000eb280000,0x00000000eb280000,0x00000000ef300000)
  from space 10752K, 86% used [0x00000000efd80000,0x00000000f06a1508,0x00000000f0800000)
  to   space 10752K, 0% used [0x00000000ef300000,0x00000000ef300000,0x00000000efd80000)
 ParOldGen       total 175104K, used 80K [0x00000000c1800000, 0x00000000cc300000, 0x00000000eb280000)
  object space 175104K, 0% used [0x00000000c1800000,0x00000000c1814010,0x00000000cc300000)
 PSPermGen       total 22016K, used 21812K [0x00000000bc600000, 0x00000000bdb80000, 0x00000000c1800000)
  object space 22016K, 99% used [0x00000000bc600000,0x00000000bdb4d010,0x00000000bdb80000)
}
Event: 3.767 GC heap before
{Heap before GC invocations=3 (full 0):
 PSYoungGen      total 76800K, used 75397K [0x00000000eb280000, 0x00000000f0800000, 0x0000000100000000)
  eden space 66048K, 100% used [0x00000000eb280000,0x00000000ef300000,0x00000000ef300000)
  from space 10752K, 86% used [0x00000000efd80000,0x00000000f06a1508,0x00000000f0800000)
  to   space 10752K, 0% used [0x00000000ef300000,0x00000000ef300000,0x00000000efd80000)
 ParOldGen       total 175104K, used 80K [0x00000000c1800000, 0x00000000cc300000, 0x00000000eb280000)
  object space 175104K, 0% used [0x00000000c1800000,0x00000000c1814010,0x00000000cc300000)
 PSPermGen       total 33280K, used 33148K [0x00000000bc600000, 0x00000000be680000, 0x00000000c1800000)
  object space 33280K, 99% used [0x00000000bc600000,0x00000000be65f340,0x00000000be680000)
Event: 3.778 GC heap after
Heap after GC invocations=3 (full 0):
 PSYoungGen      total 76800K, used 10728K [0x00000000eb280000, 0x00000000f0800000, 0x0000000100000000)
  eden space 66048K, 0% used [0x00000000eb280000,0x00000000eb280000,0x00000000ef300000)
  from space 10752K, 99% used [0x00000000ef300000,0x00000000efd7a010,0x00000000efd80000)
  to   space 10752K, 0% used [0x00000000efd80000,0x00000000efd80000,0x00000000f0800000)
 ParOldGen       total 175104K, used 6259K [0x00000000c1800000, 0x00000000cc300000, 0x00000000eb280000)
  object space 175104K, 3% used [0x00000000c1800000,0x00000000c1e1cff8,0x00000000cc300000)
 PSPermGen       total 33280K, used 33148K [0x00000000bc600000, 0x00000000be680000, 0x00000000c1800000)
  object space 33280K, 99% used [0x00000000bc600000,0x00000000be65f340,0x00000000be680000)
}
Event: 21.237 GC heap before
{Heap before GC invocations=4 (full 0):
 PSYoungGen      total 76800K, used 76776K [0x00000000eb280000, 0x00000000f0800000, 0x0000000100000000)
  eden space 66048K, 100% used [0x00000000eb280000,0x00000000ef300000,0x00000000ef300000)
  from space 10752K, 99% used [0x00000000ef300000,0x00000000efd7a010,0x00000000efd80000)
  to   space 10752K, 0% used [0x00000000efd80000,0x00000000efd80000,0x00000000f0800000)
 ParOldGen       total 175104K, used 6259K [0x00000000c1800000, 0x00000000cc300000, 0x00000000eb280000)
  object space 175104K, 3% used [0x00000000c1800000,0x00000000c1e1cff8,0x00000000cc300000)
 PSPermGen       total 35328K, used 35301K [0x00000000bc600000, 0x00000000be880000, 0x00000000c1800000)
  object space 35328K, 99% used [0x00000000bc600000,0x00000000be8796a8,0x00000000be880000)
Event: 21.245 GC heap after
Heap after GC invocations=4 (full 0):
 PSYoungGen      total 76800K, used 10749K [0x00000000eb280000, 0x00000000f0800000, 0x0000000100000000)
  eden space 66048K, 0% used [0x00000000eb280000,0x00000000eb280000,0x00000000ef300000)
  from space 10752K, 99% used [0x00000000efd80000,0x00000000f07ff648,0x00000000f0800000)
  to   space 10752K, 0% used [0x00000000ef300000,0x00000000ef300000,0x00000000efd80000)
 ParOldGen       total 175104K, used 10465K [0x00000000c1800000, 0x00000000cc300000, 0x00000000eb280000)
  object space 175104K, 5% used [0x00000000c1800000,0x00000000c2238770,0x00000000cc300000)
 PSPermGen       total 35328K, used 35301K [0x00000000bc600000, 0x00000000be880000, 0x00000000c1800000)
  object space 35328K, 99% used [0x00000000bc600000,0x00000000be8796a8,0x00000000be880000)
}
Event: 61.634 GC heap before
{Heap before GC invocations=5 (full 0):
 PSYoungGen      total 76800K, used 76797K [0x00000000eb280000, 0x00000000f0800000, 0x0000000100000000)
  eden space 66048K, 100% used [0x00000000eb280000,0x00000000ef300000,0x00000000ef300000)
  from space 10752K, 99% used [0x00000000efd80000,0x00000000f07ff648,0x00000000f0800000)
  to   space 10752K, 0% used [0x00000000ef300000,0x00000000ef300000,0x00000000efd80000)
 ParOldGen       total 175104K, used 10465K [0x00000000c1800000, 0x00000000cc300000, 0x00000000eb280000)
  object space 175104K, 5% used [0x00000000c1800000,0x00000000c2238770,0x00000000cc300000)
 PSPermGen       total 45056K, used 44560K [0x00000000bc600000, 0x00000000bf200000, 0x00000000c1800000)
  object space 45056K, 98% used [0x00000000bc600000,0x00000000bf184218,0x00000000bf200000)
Event: 61.645 GC heap after
Heap after GC invocations=5 (full 0):
 PSYoungGen      total 75264K, used 10749K [0x00000000eb280000, 0x00000000f1f80000, 0x0000000100000000)
  eden space 64512K, 0% used [0x00000000eb280000,0x00000000eb280000,0x00000000ef180000)
  from space 10752K, 99% used [0x00000000ef300000,0x00000000efd7f5e0,0x00000000efd80000)
  to   space 23552K, 0% used [0x00000000f0880000,0x00000000f0880000,0x00000000f1f80000)
 ParOldGen       total 175104K, used 18455K [0x00000000c1800000, 0x00000000cc300000, 0x00000000eb280000)
  object space 175104K, 10% used [0x00000000c1800000,0x00000000c2a05d68,0x00000000cc300000)
 PSPermGen       total 45056K, used 44560K [0x00000000bc600000, 0x00000000bf200000, 0x00000000c1800000)
  object space 45056K, 98% used [0x00000000bc600000,0x00000000bf184218,0x00000000bf200000)
}

