# JRE version: Java(TM) SE Runtime Environment (7.0_45-b18) (build 1.7.0_45-b18)
# Java VM: Java HotSpot(TM) 64-Bit Server VM (24.45-b08 mixed mode linux-amd64 compressed oops)
Heap
 PSYoungGen      total 122880K, used 63825K [0x00000000eb280000, 0x00000000f3c80000, 0x0000000100000000)
  eden space 111616K, 53% used [0x00000000eb280000,0x00000000eecf1a88,0x00000000f1f80000)
  from space 11264K, 35% used [0x00000000f3180000,0x00000000f3562c98,0x00000000f3c80000)
  to   space 14848K, 0% used [0x00000000f1f80000,0x00000000f1f80000,0x00000000f2e00000)
 ParOldGen       total 292864K, used 188212K [0x00000000c1800000, 0x00000000d3600000, 0x00000000eb280000)
  object space 292864K, 64% used [0x00000000c1800000,0x00000000ccfcd388,0x00000000d3600000)
 PSPermGen       total 83968K, used 53322K [0x00000000bc600000, 0x00000000c1800000, 0x00000000c1800000)
  object space 83968K, 63% used [0x00000000bc600000,0x00000000bfa12b40,0x00000000c1800000)
GC Heap History (10 events):
Event: 710.235 GC heap before
{Heap before GC invocations=39 (full 1):
 PSYoungGen      total 129024K, used 128672K [0x00000000eb280000, 0x00000000f5900000, 0x0000000100000000)
  eden space 128512K, 100% used [0x00000000eb280000,0x00000000f3000000,0x00000000f3000000)
  from space 512K, 31% used [0x00000000f3380000,0x00000000f33a8000,0x00000000f3400000)
  to   space 20992K, 0% used [0x00000000f4480000,0x00000000f4480000,0x00000000f5900000)
 ParOldGen       total 292864K, used 188140K [0x00000000c1800000, 0x00000000d3600000, 0x00000000eb280000)
  object space 292864K, 64% used [0x00000000c1800000,0x00000000ccfbb388,0x00000000d3600000)
 PSPermGen       total 83968K, used 50673K [0x00000000bc600000, 0x00000000c1800000, 0x00000000c1800000)
  object space 83968K, 60% used [0x00000000bc600000,0x00000000bf77c740,0x00000000c1800000)
Event: 710.237 GC heap after
Heap after GC invocations=39 (full 1):
 PSYoungGen      total 139264K, used 192K [0x00000000eb280000, 0x00000000f5280000, 0x0000000100000000)
  eden space 124928K, 0% used [0x00000000eb280000,0x00000000eb280000,0x00000000f2c80000)
  from space 14336K, 1% used [0x00000000f4480000,0x00000000f44b0000,0x00000000f5280000)
  to   space 19456K, 0% used [0x00000000f2c80000,0x00000000f2c80000,0x00000000f3f80000)
 ParOldGen       total 292864K, used 188188K [0x00000000c1800000, 0x00000000d3600000, 0x00000000eb280000)
  object space 292864K, 64% used [0x00000000c1800000,0x00000000ccfc7388,0x00000000d3600000)
 PSPermGen       total 83968K, used 50673K [0x00000000bc600000, 0x00000000c1800000, 0x00000000c1800000)
  object space 83968K, 60% used [0x00000000bc600000,0x00000000bf77c740,0x00000000c1800000)
}
Event: 717.855 GC heap before
{Heap before GC invocations=40 (full 1):
 PSYoungGen      total 139264K, used 125120K [0x00000000eb280000, 0x00000000f5280000, 0x0000000100000000)
  eden space 124928K, 100% used [0x00000000eb280000,0x00000000f2c80000,0x00000000f2c80000)
  from space 14336K, 1% used [0x00000000f4480000,0x00000000f44b0000,0x00000000f5280000)
  to   space 19456K, 0% used [0x00000000f2c80000,0x00000000f2c80000,0x00000000f3f80000)
 ParOldGen       total 292864K, used 188188K [0x00000000c1800000, 0x00000000d3600000, 0x00000000eb280000)
  object space 292864K, 64% used [0x00000000c1800000,0x00000000ccfc7388,0x00000000d3600000)
 PSPermGen       total 83968K, used 51116K [0x00000000bc600000, 0x00000000c1800000, 0x00000000c1800000)
  object space 83968K, 60% used [0x00000000bc600000,0x00000000bf7eb0b8,0x00000000c1800000)
Event: 717.858 GC heap after
Heap after GC invocations=40 (full 1):
 PSYoungGen      total 122880K, used 1418K [0x00000000eb280000, 0x00000000f4c00000, 0x0000000100000000)
  eden space 121344K, 0% used [0x00000000eb280000,0x00000000eb280000,0x00000000f2900000)
  from space 1536K, 92% used [0x00000000f2c80000,0x00000000f2de2948,0x00000000f2e00000)
  to   space 17920K, 0% used [0x00000000f3a80000,0x00000000f3a80000,0x00000000f4c00000)
 ParOldGen       total 292864K, used 188196K [0x00000000c1800000, 0x00000000d3600000, 0x00000000eb280000)
  object space 292864K, 64% used [0x00000000c1800000,0x00000000ccfc9388,0x00000000d3600000)
 PSPermGen       total 83968K, used 51116K [0x00000000bc600000, 0x00000000c1800000, 0x00000000c1800000)
  object space 83968K, 60% used [0x00000000bc600000,0x00000000bf7eb0b8,0x00000000c1800000)
}
Event: 718.492 GC heap before
{Heap before GC invocations=41 (full 1):
 PSYoungGen      total 122880K, used 122762K [0x00000000eb280000, 0x00000000f4c00000, 0x0000000100000000)
  eden space 121344K, 100% used [0x00000000eb280000,0x00000000f2900000,0x00000000f2900000)
  from space 1536K, 92% used [0x00000000f2c80000,0x00000000f2de2948,0x00000000f2e00000)
  to   space 17920K, 0% used [0x00000000f3a80000,0x00000000f3a80000,0x00000000f4c00000)
 ParOldGen       total 292864K, used 188196K [0x00000000c1800000, 0x00000000d3600000, 0x00000000eb280000)
  object space 292864K, 64% used [0x00000000c1800000,0x00000000ccfc9388,0x00000000d3600000)
 PSPermGen       total 83968K, used 51118K [0x00000000bc600000, 0x00000000c1800000, 0x00000000c1800000)
  object space 83968K, 60% used [0x00000000bc600000,0x00000000bf7eba00,0x00000000c1800000)
Event: 718.494 GC heap after
Heap after GC invocations=41 (full 1):
 PSYoungGen      total 129024K, used 1092K [0x00000000eb280000, 0x00000000f4580000, 0x0000000100000000)
  eden space 117760K, 0% used [0x00000000eb280000,0x00000000eb280000,0x00000000f2580000)
  from space 11264K, 9% used [0x00000000f3a80000,0x00000000f3b91278,0x00000000f4580000)
  to   space 16384K, 0% used [0x00000000f2580000,0x00000000f2580000,0x00000000f3580000)
 ParOldGen       total 292864K, used 188212K [0x00000000c1800000, 0x00000000d3600000, 0x00000000eb280000)
  object space 292864K, 64% used [0x00000000c1800000,0x00000000ccfcd388,0x00000000d3600000)
 PSPermGen       total 83968K, used 51118K [0x00000000bc600000, 0x00000000c1800000, 0x00000000c1800000)
  object space 83968K, 60% used [0x00000000bc600000,0x00000000bf7eba00,0x00000000c1800000)
}
Event: 719.129 GC heap before
{Heap before GC invocations=42 (full 1):
 PSYoungGen      total 129024K, used 118852K [0x00000000eb280000, 0x00000000f4580000, 0x0000000100000000)
  eden space 117760K, 100% used [0x00000000eb280000,0x00000000f2580000,0x00000000f2580000)
  from space 11264K, 9% used [0x00000000f3a80000,0x00000000f3b91278,0x00000000f4580000)
  to   space 16384K, 0% used [0x00000000f2580000,0x00000000f2580000,0x00000000f3580000)
 ParOldGen       total 292864K, used 188212K [0x00000000c1800000, 0x00000000d3600000, 0x00000000eb280000)
  object space 292864K, 64% used [0x00000000c1800000,0x00000000ccfcd388,0x00000000d3600000)
 PSPermGen       total 83968K, used 51129K [0x00000000bc600000, 0x00000000c1800000, 0x00000000c1800000)
  object space 83968K, 60% used [0x00000000bc600000,0x00000000bf7ee500,0x00000000c1800000)
Event: 719.132 GC heap after
Heap after GC invocations=42 (full 1):
 PSYoungGen      total 116224K, used 1130K [0x00000000eb280000, 0x00000000f4080000, 0x0000000100000000)
  eden space 114688K, 0% used [0x00000000eb280000,0x00000000eb280000,0x00000000f2280000)
  from space 1536K, 73% used [0x00000000f2580000,0x00000000f269a948,0x00000000f2700000)
  to   space 15360K, 0% used [0x00000000f3180000,0x00000000f3180000,0x00000000f4080000)
 ParOldGen       total 292864K, used 188212K [0x00000000c1800000, 0x00000000d3600000, 0x00000000eb280000)
  object space 292864K, 64% used [0x00000000c1800000,0x00000000ccfcd388,0x00000000d3600000)
 PSPermGen       total 83968K, used 51129K [0x00000000bc600000, 0x00000000c1800000, 0x00000000c1800000)
  object space 83968K, 60% used [0x00000000bc600000,0x00000000bf7ee500,0x00000000c1800000)
}
Event: 721.844 GC heap before
{Heap before GC invocations=43 (full 1):
 PSYoungGen      total 116224K, used 115818K [0x00000000eb280000, 0x00000000f4080000, 0x0000000100000000)
  eden space 114688K, 100% used [0x00000000eb280000,0x00000000f2280000,0x00000000f2280000)
  from space 1536K, 73% used [0x00000000f2580000,0x00000000f269a948,0x00000000f2700000)
  to   space 15360K, 0% used [0x00000000f3180000,0x00000000f3180000,0x00000000f4080000)
 ParOldGen       total 292864K, used 188212K [0x00000000c1800000, 0x00000000d3600000, 0x00000000eb280000)
  object space 292864K, 64% used [0x00000000c1800000,0x00000000ccfcd388,0x00000000d3600000)
 PSPermGen       total 83968K, used 52727K [0x00000000bc600000, 0x00000000c1800000, 0x00000000c1800000)
  object space 83968K, 62% used [0x00000000bc600000,0x00000000bf97dc78,0x00000000c1800000)
Event: 721.848 GC heap after
Heap after GC invocations=43 (full 1):
 PSYoungGen      total 122880K, used 3979K [0x00000000eb280000, 0x00000000f3c80000, 0x0000000100000000)
  eden space 111616K, 0% used [0x00000000eb280000,0x00000000eb280000,0x00000000f1f80000)
  from space 11264K, 35% used [0x00000000f3180000,0x00000000f3562c98,0x00000000f3c80000)
  to   space 14848K, 0% used [0x00000000f1f80000,0x00000000f1f80000,0x00000000f2e00000)
 ParOldGen       total 292864K, used 188212K [0x00000000c1800000, 0x00000000d3600000, 0x00000000eb280000)
  object space 292864K, 64% used [0x00000000c1800000,0x00000000ccfcd388,0x00000000d3600000)
 PSPermGen       total 83968K, used 52727K [0x00000000bc600000, 0x00000000c1800000, 0x00000000c1800000)
  object space 83968K, 62% used [0x00000000bc600000,0x00000000bf97dc78,0x00000000c1800000)
}

