# JRE version: Java(TM) SE Runtime Environment (7.0_45-b18) (build 1.7.0_45-b18)
# Java VM: Java HotSpot(TM) 64-Bit Server VM (24.45-b08 mixed mode linux-amd64 compressed oops)
Heap
 PSYoungGen      total 279040K, used 200894K [0x0000000797d00000, 0x00000007aa000000, 0x0000000800000000)
  eden space 261632K, 71% used [0x0000000797d00000,0x00000007a3391a80,0x00000007a7c80000)
  from space 17408K, 80% used [0x00000007a8e00000,0x00000007a9b9ddf8,0x00000007a9f00000)
  to   space 17920K, 0% used [0x00000007a7c80000,0x00000007a7c80000,0x00000007a8e00000)
 ParOldGen       total 175104K, used 15514K [0x00000006c7800000, 0x00000006d2300000, 0x0000000797d00000)
  object space 175104K, 8% used [0x00000006c7800000,0x00000006c87268a8,0x00000006d2300000)
 PSPermGen       total 51200K, used 50837K [0x00000006c2600000, 0x00000006c5800000, 0x00000006c7800000)
  object space 51200K, 99% used [0x00000006c2600000,0x00000006c57a5410,0x00000006c5800000)
GC Heap History (10 events):
Event: 2.791 GC heap before
{Heap before GC invocations=4 (full 0):
 PSYoungGen      total 76800K, used 76777K [0x0000000797d00000, 0x000000079d280000, 0x0000000800000000)
  eden space 66048K, 100% used [0x0000000797d00000,0x000000079bd80000,0x000000079bd80000)
  from space 10752K, 99% used [0x000000079bd80000,0x000000079c7fa5b0,0x000000079c800000)
  to   space 10752K, 0% used [0x000000079c800000,0x000000079c800000,0x000000079d280000)
 ParOldGen       total 175104K, used 1731K [0x00000006c7800000, 0x00000006d2300000, 0x0000000797d00000)
  object space 175104K, 0% used [0x00000006c7800000,0x00000006c79b0ef8,0x00000006d2300000)
 PSPermGen       total 32256K, used 32229K [0x00000006c2600000, 0x00000006c4580000, 0x00000006c7800000)
  object space 32256K, 99% used [0x00000006c2600000,0x00000006c45797a0,0x00000006c4580000)
Event: 2.800 GC heap after
Heap after GC invocations=4 (full 0):
 PSYoungGen      total 76800K, used 10750K [0x0000000797d00000, 0x00000007a1300000, 0x0000000800000000)
  eden space 66048K, 0% used [0x0000000797d00000,0x0000000797d00000,0x000000079bd80000)
  from space 10752K, 99% used [0x000000079c800000,0x000000079d27f850,0x000000079d280000)
  to   space 10752K, 0% used [0x000000079bd80000,0x000000079bd80000,0x000000079c800000)
 ParOldGen       total 175104K, used 4378K [0x00000006c7800000, 0x00000006d2300000, 0x0000000797d00000)
  object space 175104K, 2% used [0x00000006c7800000,0x00000006c7c46af8,0x00000006d2300000)
 PSPermGen       total 32256K, used 32229K [0x00000006c2600000, 0x00000006c4580000, 0x00000006c7800000)
  object space 32256K, 99% used [0x00000006c2600000,0x00000006c45797a0,0x00000006c4580000)
}
Event: 2.997 GC heap before
{Heap before GC invocations=5 (full 0):
 PSYoungGen      total 76800K, used 76798K [0x0000000797d00000, 0x00000007a1300000, 0x0000000800000000)
  eden space 66048K, 100% used [0x0000000797d00000,0x000000079bd80000,0x000000079bd80000)
  from space 10752K, 99% used [0x000000079c800000,0x000000079d27f850,0x000000079d280000)
  to   space 10752K, 0% used [0x000000079bd80000,0x000000079bd80000,0x000000079c800000)
 ParOldGen       total 175104K, used 4378K [0x00000006c7800000, 0x00000006d2300000, 0x0000000797d00000)
  object space 175104K, 2% used [0x00000006c7800000,0x00000006c7c46af8,0x00000006d2300000)
 PSPermGen       total 34304K, used 34249K [0x00000006c2600000, 0x00000006c4780000, 0x00000006c7800000)
  object space 34304K, 99% used [0x00000006c2600000,0x00000006c4772668,0x00000006c4780000)
Event: 3.005 GC heap after
Heap after GC invocations=5 (full 0):
 PSYoungGen      total 76800K, used 10741K [0x0000000797d00000, 0x00000007a1f00000, 0x0000000800000000)
  eden space 66048K, 0% used [0x0000000797d00000,0x0000000797d00000,0x000000079bd80000)
  from space 10752K, 99% used [0x000000079bd80000,0x000000079c7fd4c0,0x000000079c800000)
  to   space 16896K, 0% used [0x00000007a0e80000,0x00000007a0e80000,0x00000007a1f00000)
 ParOldGen       total 175104K, used 5940K [0x00000006c7800000, 0x00000006d2300000, 0x0000000797d00000)
  object space 175104K, 3% used [0x00000006c7800000,0x00000006c7dcd158,0x00000006d2300000)
 PSPermGen       total 34304K, used 34249K [0x00000006c2600000, 0x00000006c4780000, 0x00000006c7800000)
  object space 34304K, 99% used [0x00000006c2600000,0x00000006c4772668,0x00000006c4780000)
}
Event: 3.420 GC heap before
{Heap before GC invocations=6 (full 0):
 PSYoungGen      total 76800K, used 76789K [0x0000000797d00000, 0x00000007a1f00000, 0x0000000800000000)
  eden space 66048K, 100% used [0x0000000797d00000,0x000000079bd80000,0x000000079bd80000)
  from space 10752K, 99% used [0x000000079bd80000,0x000000079c7fd4c0,0x000000079c800000)
  to   space 16896K, 0% used [0x00000007a0e80000,0x00000007a0e80000,0x00000007a1f00000)
 ParOldGen       total 175104K, used 5940K [0x00000006c7800000, 0x00000006d2300000, 0x0000000797d00000)
  object space 175104K, 3% used [0x00000006c7800000,0x00000006c7dcd158,0x00000006d2300000)
 PSPermGen       total 37888K, used 37593K [0x00000006c2600000, 0x00000006c4b00000, 0x00000006c7800000)
  object space 37888K, 99% used [0x00000006c2600000,0x00000006c4ab66d8,0x00000006c4b00000)
Event: 3.431 GC heap after
Heap after GC invocations=6 (full 0):
 PSYoungGen      total 147968K, used 13725K [0x0000000797d00000, 0x00000007a2100000, 0x0000000800000000)
  eden space 131072K, 0% used [0x0000000797d00000,0x0000000797d00000,0x000000079fd00000)
  from space 16896K, 81% used [0x00000007a0e80000,0x00000007a1be7588,0x00000007a1f00000)
  to   space 17920K, 0% used [0x000000079fd00000,0x000000079fd00000,0x00000007a0e80000)
 ParOldGen       total 175104K, used 5940K [0x00000006c7800000, 0x00000006d2300000, 0x0000000797d00000)
  object space 175104K, 3% used [0x00000006c7800000,0x00000006c7dcd158,0x00000006d2300000)
 PSPermGen       total 37888K, used 37593K [0x00000006c2600000, 0x00000006c4b00000, 0x00000006c7800000)
  object space 37888K, 99% used [0x00000006c2600000,0x00000006c4ab66d8,0x00000006c4b00000)
}
Event: 3.854 GC heap before
{Heap before GC invocations=7 (full 0):
 PSYoungGen      total 147968K, used 144797K [0x0000000797d00000, 0x00000007a2100000, 0x0000000800000000)
  eden space 131072K, 100% used [0x0000000797d00000,0x000000079fd00000,0x000000079fd00000)
  from space 16896K, 81% used [0x00000007a0e80000,0x00000007a1be7588,0x00000007a1f00000)
  to   space 17920K, 0% used [0x000000079fd00000,0x000000079fd00000,0x00000007a0e80000)
 ParOldGen       total 175104K, used 5940K [0x00000006c7800000, 0x00000006d2300000, 0x0000000797d00000)
  object space 175104K, 3% used [0x00000006c7800000,0x00000006c7dcd158,0x00000006d2300000)
 PSPermGen       total 39424K, used 38921K [0x00000006c2600000, 0x00000006c4c80000, 0x00000006c7800000)
  object space 39424K, 98% used [0x00000006c2600000,0x00000006c4c02480,0x00000006c4c80000)
Event: 3.864 GC heap after
Heap after GC invocations=7 (full 0):
 PSYoungGen      total 148992K, used 9888K [0x0000000797d00000, 0x00000007a9f00000, 0x0000000800000000)
  eden space 131072K, 0% used [0x0000000797d00000,0x0000000797d00000,0x000000079fd00000)
  from space 17920K, 55% used [0x000000079fd00000,0x00000007a06a81f0,0x00000007a0e80000)
  to   space 17408K, 0% used [0x00000007a8e00000,0x00000007a8e00000,0x00000007a9f00000)
 ParOldGen       total 175104K, used 11509K [0x00000006c7800000, 0x00000006d2300000, 0x0000000797d00000)
  object space 175104K, 6% used [0x00000006c7800000,0x00000006c833d580,0x00000006d2300000)
 PSPermGen       total 39424K, used 38921K [0x00000006c2600000, 0x00000006c4c80000, 0x00000006c7800000)
  object space 39424K, 98% used [0x00000006c2600000,0x00000006c4c02480,0x00000006c4c80000)
}
Event: 8.728 GC heap before
{Heap before GC invocations=8 (full 0):
 PSYoungGen      total 148992K, used 140960K [0x0000000797d00000, 0x00000007a9f00000, 0x0000000800000000)
  eden space 131072K, 100% used [0x0000000797d00000,0x000000079fd00000,0x000000079fd00000)
  from space 17920K, 55% used [0x000000079fd00000,0x00000007a06a81f0,0x00000007a0e80000)
  to   space 17408K, 0% used [0x00000007a8e00000,0x00000007a8e00000,0x00000007a9f00000)
 ParOldGen       total 175104K, used 11509K [0x00000006c7800000, 0x00000006d2300000, 0x0000000797d00000)
  object space 175104K, 6% used [0x00000006c7800000,0x00000006c833d580,0x00000006d2300000)
 PSPermGen       total 48128K, used 47620K [0x00000006c2600000, 0x00000006c5500000, 0x00000006c7800000)
  object space 48128K, 98% used [0x00000006c2600000,0x00000006c5481128,0x00000006c5500000)
Event: 8.739 GC heap after
Heap after GC invocations=8 (full 0):
 PSYoungGen      total 279040K, used 13943K [0x0000000797d00000, 0x00000007aa000000, 0x0000000800000000)
  eden space 261632K, 0% used [0x0000000797d00000,0x0000000797d00000,0x00000007a7c80000)
  from space 17408K, 80% used [0x00000007a8e00000,0x00000007a9b9ddf8,0x00000007a9f00000)
  to   space 17920K, 0% used [0x00000007a7c80000,0x00000007a7c80000,0x00000007a8e00000)
 ParOldGen       total 175104K, used 15514K [0x00000006c7800000, 0x00000006d2300000, 0x0000000797d00000)
  object space 175104K, 8% used [0x00000006c7800000,0x00000006c87268a8,0x00000006d2300000)
 PSPermGen       total 48128K, used 47620K [0x00000006c2600000, 0x00000006c5500000, 0x00000006c7800000)
  object space 48128K, 98% used [0x00000006c2600000,0x00000006c5481128,0x00000006c5500000)
}

