# JRE version: Java(TM) SE Runtime Environment (7.0_45-b18) (build 1.7.0_45-b18)
# Java VM: Java HotSpot(TM) 64-Bit Server VM (24.45-b08 mixed mode linux-amd64 compressed oops)
Heap
 PSYoungGen      total 1289728K, used 280989K [0x0000000759500000, 0x00000007ca880000, 0x0000000800000000)
  eden space 766464K, 30% used [0x0000000759500000,0x0000000767d07830,0x0000000788180000)
  from space 523264K, 8% used [0x00000007aa980000,0x00000007ad3dff68,0x00000007ca880000)
  to   space 544256K, 0% used [0x0000000788180000,0x0000000788180000,0x00000007a9500000)
 ParOldGen       total 2219520K, used 1668444K [0x000000060c000000, 0x0000000693780000, 0x0000000759500000)
  object space 2219520K, 75% used [0x000000060c000000,0x0000000671d57088,0x0000000693780000)
 PSPermGen       total 77312K, used 55403K [0x0000000606e00000, 0x000000060b980000, 0x000000060c000000)
  object space 77312K, 71% used [0x0000000606e00000,0x000000060a41ae20,0x000000060b980000)
GC Heap History (10 events):
Event: 388.900 GC heap before
{Heap before GC invocations=33 (full 11):
 PSYoungGen      total 1057792K, used 254994K [0x0000000759500000, 0x00000007b7c00000, 0x0000000800000000)
  eden space 689664K, 0% used [0x0000000759500000,0x0000000759500000,0x0000000783680000)
  from space 368128K, 69% used [0x000000079b580000,0x00000007aae84b30,0x00000007b1d00000)
  to   space 392192K, 0% used [0x0000000783680000,0x0000000783680000,0x000000079b580000)
 ParOldGen       total 1635328K, used 1286149K [0x000000060c000000, 0x000000066fd00000, 0x0000000759500000)
  object space 1635328K, 78% used [0x000000060c000000,0x000000065a801648,0x000000066fd00000)
 PSPermGen       total 80896K, used 55300K [0x0000000606e00000, 0x000000060bd00000, 0x000000060c000000)
  object space 80896K, 68% used [0x0000000606e00000,0x000000060a401038,0x000000060bd00000)
Event: 389.082 GC heap after
Heap after GC invocations=33 (full 11):
 PSYoungGen      total 1057792K, used 0K [0x0000000759500000, 0x00000007b7c00000, 0x0000000800000000)
  eden space 689664K, 0% used [0x0000000759500000,0x0000000759500000,0x0000000783680000)
  from space 368128K, 0% used [0x000000079b580000,0x000000079b580000,0x00000007b1d00000)
  to   space 392192K, 0% used [0x0000000783680000,0x0000000783680000,0x000000079b580000)
 ParOldGen       total 2219520K, used 1540994K [0x000000060c000000, 0x0000000693780000, 0x0000000759500000)
  object space 2219520K, 69% used [0x000000060c000000,0x000000066a0e0ad8,0x0000000693780000)
 PSPermGen       total 77312K, used 55300K [0x0000000606e00000, 0x000000060b980000, 0x000000060c000000)
  object space 77312K, 71% used [0x0000000606e00000,0x000000060a401038,0x000000060b980000)
}
Event: 398.212 GC heap before
{Heap before GC invocations=34 (full 11):
 PSYoungGen      total 1057792K, used 683379K [0x0000000759500000, 0x00000007b7c00000, 0x0000000800000000)
  eden space 689664K, 99% used [0x0000000759500000,0x000000078305cc68,0x0000000783680000)
  from space 368128K, 0% used [0x000000079b580000,0x000000079b580000,0x00000007b1d00000)
  to   space 392192K, 0% used [0x0000000783680000,0x0000000783680000,0x000000079b580000)
 ParOldGen       total 2219520K, used 1540994K [0x000000060c000000, 0x0000000693780000, 0x0000000759500000)
  object space 2219520K, 69% used [0x000000060c000000,0x000000066a0e0ad8,0x0000000693780000)
 PSPermGen       total 77312K, used 55300K [0x0000000606e00000, 0x000000060b980000, 0x000000060c000000)
  object space 77312K, 71% used [0x0000000606e00000,0x000000060a401038,0x000000060b980000)
Event: 398.262 GC heap after
Heap after GC invocations=34 (full 11):
 PSYoungGen      total 1081856K, used 382860K [0x0000000759500000, 0x00000007bf680000, 0x0000000800000000)
  eden space 689664K, 0% used [0x0000000759500000,0x0000000759500000,0x0000000783680000)
  from space 392192K, 97% used [0x0000000783680000,0x000000079ac630c8,0x000000079b580000)
  to   space 458240K, 0% used [0x00000007a3700000,0x00000007a3700000,0x00000007bf680000)
 ParOldGen       total 2219520K, used 1540994K [0x000000060c000000, 0x0000000693780000, 0x0000000759500000)
  object space 2219520K, 69% used [0x000000060c000000,0x000000066a0e0ad8,0x0000000693780000)
 PSPermGen       total 77312K, used 55300K [0x0000000606e00000, 0x000000060b980000, 0x000000060c000000)
  object space 77312K, 71% used [0x0000000606e00000,0x000000060a401038,0x000000060b980000)
}
Event: 398.476 GC heap before
{Heap before GC invocations=35 (full 11):
 PSYoungGen      total 1081856K, used 1022852K [0x0000000759500000, 0x00000007bf680000, 0x0000000800000000)
  eden space 689664K, 92% used [0x0000000759500000,0x00000007805fdfe0,0x0000000783680000)
  from space 392192K, 97% used [0x0000000783680000,0x000000079ac630c8,0x000000079b580000)
  to   space 458240K, 0% used [0x00000007a3700000,0x00000007a3700000,0x00000007bf680000)
 ParOldGen       total 2219520K, used 1540994K [0x000000060c000000, 0x0000000693780000, 0x0000000759500000)
  object space 2219520K, 69% used [0x000000060c000000,0x000000066a0e0ad8,0x0000000693780000)
 PSPermGen       total 77312K, used 55300K [0x0000000606e00000, 0x000000060b980000, 0x000000060c000000)
  object space 77312K, 71% used [0x0000000606e00000,0x000000060a401038,0x000000060b980000)
Event: 398.544 GC heap after
Heap after GC invocations=35 (full 11):
 PSYoungGen      total 1162240K, used 382860K [0x0000000759500000, 0x00000007c8e00000, 0x0000000800000000)
  eden space 704000K, 0% used [0x0000000759500000,0x0000000759500000,0x0000000784480000)
  from space 458240K, 83% used [0x00000007a3700000,0x00000007bace30c8,0x00000007bf680000)
  to   space 510464K, 0% used [0x0000000784480000,0x0000000784480000,0x00000007a3700000)
 ParOldGen       total 2219520K, used 1668444K [0x000000060c000000, 0x0000000693780000, 0x0000000759500000)
  object space 2219520K, 75% used [0x000000060c000000,0x0000000671d57070,0x0000000693780000)
 PSPermGen       total 77312K, used 55300K [0x0000000606e00000, 0x000000060b980000, 0x000000060c000000)
  object space 77312K, 71% used [0x0000000606e00000,0x000000060a401038,0x000000060b980000)
}
Event: 416.565 GC heap before
{Heap before GC invocations=36 (full 11):
 PSYoungGen      total 1162240K, used 972410K [0x0000000759500000, 0x00000007c8e00000, 0x0000000800000000)
  eden space 704000K, 83% used [0x0000000759500000,0x000000077d4bb9e8,0x0000000784480000)
  from space 458240K, 83% used [0x00000007a3700000,0x00000007bace30c8,0x00000007bf680000)
  to   space 510464K, 0% used [0x0000000784480000,0x0000000784480000,0x00000007a3700000)
 ParOldGen       total 2219520K, used 1668444K [0x000000060c000000, 0x0000000693780000, 0x0000000759500000)
  object space 2219520K, 75% used [0x000000060c000000,0x0000000671d57070,0x0000000693780000)
 PSPermGen       total 77312K, used 55300K [0x0000000606e00000, 0x000000060b980000, 0x000000060c000000)
  object space 77312K, 71% used [0x0000000606e00000,0x000000060a401038,0x000000060b980000)
Event: 416.597 GC heap after
Heap after GC invocations=36 (full 11):
 PSYoungGen      total 1214464K, used 383466K [0x0000000759500000, 0x00000007cc480000, 0x0000000800000000)
  eden space 704000K, 0% used [0x0000000759500000,0x0000000759500000,0x0000000784480000)
  from space 510464K, 75% used [0x0000000784480000,0x000000079bafaa58,0x00000007a3700000)
  to   space 551936K, 0% used [0x00000007aa980000,0x00000007aa980000,0x00000007cc480000)
 ParOldGen       total 2219520K, used 1668444K [0x000000060c000000, 0x0000000693780000, 0x0000000759500000)
  object space 2219520K, 75% used [0x000000060c000000,0x0000000671d57070,0x0000000693780000)
 PSPermGen       total 77312K, used 55300K [0x0000000606e00000, 0x000000060b980000, 0x000000060c000000)
  object space 77312K, 71% used [0x0000000606e00000,0x000000060a401038,0x000000060b980000)
}
Event: 584.688 GC heap before
{Heap before GC invocations=37 (full 11):
 PSYoungGen      total 1214464K, used 1087466K [0x0000000759500000, 0x00000007cc480000, 0x0000000800000000)
  eden space 704000K, 100% used [0x0000000759500000,0x0000000784480000,0x0000000784480000)
  from space 510464K, 75% used [0x0000000784480000,0x000000079bafaa58,0x00000007a3700000)
  to   space 551936K, 0% used [0x00000007aa980000,0x00000007aa980000,0x00000007cc480000)
 ParOldGen       total 2219520K, used 1668444K [0x000000060c000000, 0x0000000693780000, 0x0000000759500000)
  object space 2219520K, 75% used [0x000000060c000000,0x0000000671d57088,0x0000000693780000)
 PSPermGen       total 77312K, used 55323K [0x0000000606e00000, 0x000000060b980000, 0x000000060c000000)
  object space 77312K, 71% used [0x0000000606e00000,0x000000060a406de8,0x000000060b980000)
Event: 584.705 GC heap after
Heap after GC invocations=37 (full 11):
 PSYoungGen      total 1289728K, used 43391K [0x0000000759500000, 0x00000007ca880000, 0x0000000800000000)
  eden space 766464K, 0% used [0x0000000759500000,0x0000000759500000,0x0000000788180000)
  from space 523264K, 8% used [0x00000007aa980000,0x00000007ad3dff68,0x00000007ca880000)
  to   space 544256K, 0% used [0x0000000788180000,0x0000000788180000,0x00000007a9500000)
 ParOldGen       total 2219520K, used 1668444K [0x000000060c000000, 0x0000000693780000, 0x0000000759500000)
  object space 2219520K, 75% used [0x000000060c000000,0x0000000671d57088,0x0000000693780000)
 PSPermGen       total 77312K, used 55323K [0x0000000606e00000, 0x000000060b980000, 0x000000060c000000)
  object space 77312K, 71% used [0x0000000606e00000,0x000000060a406de8,0x000000060b980000)
}

