# JRE version: Java(TM) SE Runtime Environment (7.0_45-b18) (build 1.7.0_45-b18)
# Java VM: Java HotSpot(TM) 64-Bit Server VM (24.45-b08 mixed mode linux-amd64 compressed oops)
Heap
 PSYoungGen      total 268800K, used 75066K [0x0000000759500000, 0x000000076bb00000, 0x0000000800000000)
  eden space 241664K, 27% used [0x0000000759500000,0x000000075d5d8d50,0x0000000768100000)
  from space 27136K, 31% used [0x000000076a080000,0x000000076a8f5b90,0x000000076bb00000)
  to   space 29696K, 0% used [0x0000000768100000,0x0000000768100000,0x0000000769e00000)
 ParOldGen       total 1001984K, used 682707K [0x000000060c000000, 0x0000000649280000, 0x0000000759500000)
  object space 1001984K, 68% used [0x000000060c000000,0x0000000635ab4d28,0x0000000649280000)
 PSPermGen       total 83968K, used 59297K [0x0000000606e00000, 0x000000060c000000, 0x000000060c000000)
  object space 83968K, 70% used [0x0000000606e00000,0x000000060a7e8538,0x000000060c000000)
GC Heap History (10 events):
Event: 3881.090 GC heap before
{Heap before GC invocations=256 (full 8):
 PSYoungGen      total 245760K, used 245664K [0x0000000759500000, 0x000000076d000000, 0x0000000800000000)
  eden space 240128K, 100% used [0x0000000759500000,0x0000000767f80000,0x0000000767f80000)
  from space 5632K, 98% used [0x0000000767f80000,0x00000007684e8010,0x0000000768500000)
  to   space 40960K, 0% used [0x000000076a800000,0x000000076a800000,0x000000076d000000)
 ParOldGen       total 1001984K, used 682179K [0x000000060c000000, 0x0000000649280000, 0x0000000759500000)
  object space 1001984K, 68% used [0x000000060c000000,0x0000000635a30d08,0x0000000649280000)
 PSPermGen       total 83968K, used 58596K [0x0000000606e00000, 0x000000060c000000, 0x000000060c000000)
  object space 83968K, 69% used [0x0000000606e00000,0x000000060a7393a0,0x000000060c000000)
Event: 3881.094 GC heap after
Heap after GC invocations=256 (full 8):
 PSYoungGen      total 277504K, used 2720K [0x0000000759500000, 0x000000076cc00000, 0x0000000800000000)
  eden space 240640K, 0% used [0x0000000759500000,0x0000000759500000,0x0000000768000000)
  from space 36864K, 7% used [0x000000076a800000,0x000000076aaa8010,0x000000076cc00000)
  to   space 38912K, 0% used [0x0000000768000000,0x0000000768000000,0x000000076a600000)
 ParOldGen       total 1001984K, used 682235K [0x000000060c000000, 0x0000000649280000, 0x0000000759500000)
  object space 1001984K, 68% used [0x000000060c000000,0x0000000635a3ed08,0x0000000649280000)
 PSPermGen       total 83968K, used 58596K [0x0000000606e00000, 0x000000060c000000, 0x000000060c000000)
  object space 83968K, 69% used [0x0000000606e00000,0x000000060a7393a0,0x000000060c000000)
}
Event: 3935.589 GC heap before
{Heap before GC invocations=257 (full 8):
 PSYoungGen      total 277504K, used 243360K [0x0000000759500000, 0x000000076cc00000, 0x0000000800000000)
  eden space 240640K, 100% used [0x0000000759500000,0x0000000768000000,0x0000000768000000)
  from space 36864K, 7% used [0x000000076a800000,0x000000076aaa8010,0x000000076cc00000)
  to   space 38912K, 0% used [0x0000000768000000,0x0000000768000000,0x000000076a600000)
 ParOldGen       total 1001984K, used 682235K [0x000000060c000000, 0x0000000649280000, 0x0000000759500000)
  object space 1001984K, 68% used [0x000000060c000000,0x0000000635a3ed08,0x0000000649280000)
 PSPermGen       total 83968K, used 59048K [0x0000000606e00000, 0x000000060c000000, 0x000000060c000000)
  object space 83968K, 70% used [0x0000000606e00000,0x000000060a7aa2a0,0x000000060c000000)
Event: 3935.593 GC heap after
Heap after GC invocations=257 (full 8):
 PSYoungGen      total 244224K, used 3360K [0x0000000759500000, 0x000000076c980000, 0x0000000800000000)
  eden space 240640K, 0% used [0x0000000759500000,0x0000000759500000,0x0000000768000000)
  from space 3584K, 93% used [0x0000000768000000,0x0000000768348010,0x0000000768380000)
  to   space 37376K, 0% used [0x000000076a500000,0x000000076a500000,0x000000076c980000)
 ParOldGen       total 1001984K, used 682667K [0x000000060c000000, 0x0000000649280000, 0x0000000759500000)
  object space 1001984K, 68% used [0x000000060c000000,0x0000000635aaad28,0x0000000649280000)
 PSPermGen       total 83968K, used 59048K [0x0000000606e00000, 0x000000060c000000, 0x000000060c000000)
  object space 83968K, 70% used [0x0000000606e00000,0x000000060a7aa2a0,0x000000060c000000)
}
Event: 4001.623 GC heap before
{Heap before GC invocations=258 (full 8):
 PSYoungGen      total 244224K, used 244000K [0x0000000759500000, 0x000000076c980000, 0x0000000800000000)
  eden space 240640K, 100% used [0x0000000759500000,0x0000000768000000,0x0000000768000000)
  from space 3584K, 93% used [0x0000000768000000,0x0000000768348010,0x0000000768380000)
  to   space 37376K, 0% used [0x000000076a500000,0x000000076a500000,0x000000076c980000)
 ParOldGen       total 1001984K, used 682667K [0x000000060c000000, 0x0000000649280000, 0x0000000759500000)
  object space 1001984K, 68% used [0x000000060c000000,0x0000000635aaad28,0x0000000649280000)
 PSPermGen       total 83968K, used 59094K [0x0000000606e00000, 0x000000060c000000, 0x000000060c000000)
  object space 83968K, 70% used [0x0000000606e00000,0x000000060a7b59a0,0x000000060c000000)
Event: 4001.631 GC heap after
Heap after GC invocations=258 (full 8):
 PSYoungGen      total 273408K, used 6749K [0x0000000759500000, 0x000000076c480000, 0x0000000800000000)
  eden space 241152K, 0% used [0x0000000759500000,0x0000000759500000,0x0000000768080000)
  from space 32256K, 20% used [0x000000076a500000,0x000000076ab97760,0x000000076c480000)
  to   space 34816K, 0% used [0x0000000768080000,0x0000000768080000,0x000000076a280000)
 ParOldGen       total 1001984K, used 682675K [0x000000060c000000, 0x0000000649280000, 0x0000000759500000)
  object space 1001984K, 68% used [0x000000060c000000,0x0000000635aacd28,0x0000000649280000)
 PSPermGen       total 83968K, used 59094K [0x0000000606e00000, 0x000000060c000000, 0x000000060c000000)
  object space 83968K, 70% used [0x0000000606e00000,0x000000060a7b59a0,0x000000060c000000)
}
Event: 4137.478 GC heap before
{Heap before GC invocations=259 (full 8):
 PSYoungGen      total 273408K, used 247901K [0x0000000759500000, 0x000000076c480000, 0x0000000800000000)
  eden space 241152K, 100% used [0x0000000759500000,0x0000000768080000,0x0000000768080000)
  from space 32256K, 20% used [0x000000076a500000,0x000000076ab97760,0x000000076c480000)
  to   space 34816K, 0% used [0x0000000768080000,0x0000000768080000,0x000000076a280000)
 ParOldGen       total 1001984K, used 682675K [0x000000060c000000, 0x0000000649280000, 0x0000000759500000)
  object space 1001984K, 68% used [0x000000060c000000,0x0000000635aacd28,0x0000000649280000)
 PSPermGen       total 83968K, used 59163K [0x0000000606e00000, 0x000000060c000000, 0x000000060c000000)
  object space 83968K, 70% used [0x0000000606e00000,0x000000060a7c6d08,0x000000060c000000)
Event: 4137.489 GC heap after
Heap after GC invocations=259 (full 8):
 PSYoungGen      total 250368K, used 8927K [0x0000000759500000, 0x000000076c000000, 0x0000000800000000)
  eden space 241152K, 0% used [0x0000000759500000,0x0000000759500000,0x0000000768080000)
  from space 9216K, 96% used [0x0000000768080000,0x0000000768937fc0,0x0000000768980000)
  to   space 32256K, 0% used [0x000000076a080000,0x000000076a080000,0x000000076c000000)
 ParOldGen       total 1001984K, used 682683K [0x000000060c000000, 0x0000000649280000, 0x0000000759500000)
  object space 1001984K, 68% used [0x000000060c000000,0x0000000635aaed28,0x0000000649280000)
 PSPermGen       total 83968K, used 59163K [0x0000000606e00000, 0x000000060c000000, 0x000000060c000000)
  object space 83968K, 70% used [0x0000000606e00000,0x000000060a7c6d08,0x000000060c000000)
}
Event: 4306.614 GC heap before
{Heap before GC invocations=260 (full 8):
 PSYoungGen      total 250368K, used 250079K [0x0000000759500000, 0x000000076c000000, 0x0000000800000000)
  eden space 241152K, 100% used [0x0000000759500000,0x0000000768080000,0x0000000768080000)
  from space 9216K, 96% used [0x0000000768080000,0x0000000768937fc0,0x0000000768980000)
  to   space 32256K, 0% used [0x000000076a080000,0x000000076a080000,0x000000076c000000)
 ParOldGen       total 1001984K, used 682683K [0x000000060c000000, 0x0000000649280000, 0x0000000759500000)
  object space 1001984K, 68% used [0x000000060c000000,0x0000000635aaed28,0x0000000649280000)
 PSPermGen       total 83968K, used 59249K [0x0000000606e00000, 0x000000060c000000, 0x000000060c000000)
  object space 83968K, 70% used [0x0000000606e00000,0x000000060a7dc748,0x000000060c000000)
Event: 4306.624 GC heap after
Heap after GC invocations=260 (full 8):
 PSYoungGen      total 268800K, used 8662K [0x0000000759500000, 0x000000076bb00000, 0x0000000800000000)
  eden space 241664K, 0% used [0x0000000759500000,0x0000000759500000,0x0000000768100000)
  from space 27136K, 31% used [0x000000076a080000,0x000000076a8f5b90,0x000000076bb00000)
  to   space 29696K, 0% used [0x0000000768100000,0x0000000768100000,0x0000000769e00000)
 ParOldGen       total 1001984K, used 682707K [0x000000060c000000, 0x0000000649280000, 0x0000000759500000)
  object space 1001984K, 68% used [0x000000060c000000,0x0000000635ab4d28,0x0000000649280000)
 PSPermGen       total 83968K, used 59249K [0x0000000606e00000, 0x000000060c000000, 0x000000060c000000)
  object space 83968K, 70% used [0x0000000606e00000,0x000000060a7dc748,0x000000060c000000)
}

