# JRE version: Java(TM) SE Runtime Environment (7.0_45-b18) (build 1.7.0_45-b18)
# Java VM: Java HotSpot(TM) 64-Bit Server VM (24.45-b08 mixed mode linux-amd64 compressed oops)
Heap
 PSYoungGen      total 82944K, used 25460K [0x0000000759500000, 0x000000075fd00000, 0x0000000800000000)
  eden space 60416K, 14% used [0x0000000759500000,0x0000000759da15b8,0x000000075d000000)
  from space 22528K, 73% used [0x000000075e700000,0x000000075f73baa0,0x000000075fd00000)
  to   space 23040K, 0% used [0x000000075d000000,0x000000075d000000,0x000000075e680000)
 ParOldGen       total 175104K, used 27552K [0x000000060c000000, 0x0000000616b00000, 0x0000000759500000)
  object space 175104K, 15% used [0x000000060c000000,0x000000060dae8088,0x0000000616b00000)
 PSPermGen       total 51200K, used 50710K [0x0000000606e00000, 0x000000060a000000, 0x000000060c000000)
  object space 51200K, 99% used [0x0000000606e00000,0x0000000609f859d0,0x000000060a000000)
GC Heap History (10 events):
Event: 8.192 GC heap before
{Heap before GC invocations=4 (full 0):
 PSYoungGen      total 76800K, used 76769K [0x0000000759500000, 0x000000075ea80000, 0x0000000800000000)
  eden space 66048K, 100% used [0x0000000759500000,0x000000075d580000,0x000000075d580000)
  from space 10752K, 99% used [0x000000075d580000,0x000000075dff8518,0x000000075e000000)
  to   space 10752K, 0% used [0x000000075e000000,0x000000075e000000,0x000000075ea80000)
 ParOldGen       total 175104K, used 6222K [0x000000060c000000, 0x0000000616b00000, 0x0000000759500000)
  object space 175104K, 3% used [0x000000060c000000,0x000000060c6139f8,0x0000000616b00000)
 PSPermGen       total 37888K, used 37598K [0x0000000606e00000, 0x0000000609300000, 0x000000060c000000)
  object space 37888K, 99% used [0x0000000606e00000,0x00000006092b7bb8,0x0000000609300000)
Event: 8.203 GC heap after
Heap after GC invocations=4 (full 0):
 PSYoungGen      total 76800K, used 10737K [0x0000000759500000, 0x000000075ea80000, 0x0000000800000000)
  eden space 66048K, 0% used [0x0000000759500000,0x0000000759500000,0x000000075d580000)
  from space 10752K, 99% used [0x000000075e000000,0x000000075ea7c4e0,0x000000075ea80000)
  to   space 10752K, 0% used [0x000000075d580000,0x000000075d580000,0x000000075e000000)
 ParOldGen       total 175104K, used 11241K [0x000000060c000000, 0x0000000616b00000, 0x0000000759500000)
  object space 175104K, 6% used [0x000000060c000000,0x000000060cafa458,0x0000000616b00000)
 PSPermGen       total 37888K, used 37598K [0x0000000606e00000, 0x0000000609300000, 0x000000060c000000)
  object space 37888K, 99% used [0x0000000606e00000,0x00000006092b7bb8,0x0000000609300000)
}
Event: 8.914 GC heap before
{Heap before GC invocations=5 (full 0):
 PSYoungGen      total 76800K, used 76785K [0x0000000759500000, 0x000000075ea80000, 0x0000000800000000)
  eden space 66048K, 100% used [0x0000000759500000,0x000000075d580000,0x000000075d580000)
  from space 10752K, 99% used [0x000000075e000000,0x000000075ea7c4e0,0x000000075ea80000)
  to   space 10752K, 0% used [0x000000075d580000,0x000000075d580000,0x000000075e000000)
 ParOldGen       total 175104K, used 11241K [0x000000060c000000, 0x0000000616b00000, 0x0000000759500000)
  object space 175104K, 6% used [0x000000060c000000,0x000000060cafa458,0x0000000616b00000)
 PSPermGen       total 47616K, used 47370K [0x0000000606e00000, 0x0000000609c80000, 0x000000060c000000)
  object space 47616K, 99% used [0x0000000606e00000,0x0000000609c428a8,0x0000000609c80000)
Event: 8.926 GC heap after
Heap after GC invocations=5 (full 0):
 PSYoungGen      total 75264K, used 10748K [0x0000000759500000, 0x0000000760500000, 0x0000000800000000)
  eden space 64512K, 0% used [0x0000000759500000,0x0000000759500000,0x000000075d400000)
  from space 10752K, 99% used [0x000000075d580000,0x000000075dfff080,0x000000075e000000)
  to   space 25088K, 0% used [0x000000075ec80000,0x000000075ec80000,0x0000000760500000)
 ParOldGen       total 175104K, used 20870K [0x000000060c000000, 0x0000000616b00000, 0x0000000759500000)
  object space 175104K, 11% used [0x000000060c000000,0x000000060d461840,0x0000000616b00000)
 PSPermGen       total 47616K, used 47370K [0x0000000606e00000, 0x0000000609c80000, 0x000000060c000000)
  object space 47616K, 99% used [0x0000000606e00000,0x0000000609c428a8,0x0000000609c80000)
}
Event: 14.285 GC heap before
{Heap before GC invocations=6 (full 0):
 PSYoungGen      total 75264K, used 75260K [0x0000000759500000, 0x0000000760500000, 0x0000000800000000)
  eden space 64512K, 100% used [0x0000000759500000,0x000000075d400000,0x000000075d400000)
  from space 10752K, 99% used [0x000000075d580000,0x000000075dfff080,0x000000075e000000)
  to   space 25088K, 0% used [0x000000075ec80000,0x000000075ec80000,0x0000000760500000)
 ParOldGen       total 175104K, used 20870K [0x000000060c000000, 0x0000000616b00000, 0x0000000759500000)
  object space 175104K, 11% used [0x000000060c000000,0x000000060d461840,0x0000000616b00000)
 PSPermGen       total 50176K, used 49915K [0x0000000606e00000, 0x0000000609f00000, 0x000000060c000000)
  object space 50176K, 99% used [0x0000000606e00000,0x0000000609ebed50,0x0000000609f00000)
Event: 14.296 GC heap after
Heap after GC invocations=6 (full 0):
 PSYoungGen      total 84480K, used 14246K [0x0000000759500000, 0x0000000760180000, 0x0000000800000000)
  eden space 62976K, 0% used [0x0000000759500000,0x0000000759500000,0x000000075d280000)
  from space 21504K, 66% used [0x000000075ec80000,0x000000075fa69bd0,0x0000000760180000)
  to   space 24064K, 0% used [0x000000075d280000,0x000000075d280000,0x000000075ea00000)
 ParOldGen       total 175104K, used 20878K [0x000000060c000000, 0x0000000616b00000, 0x0000000759500000)
  object space 175104K, 11% used [0x000000060c000000,0x000000060d463840,0x0000000616b00000)
 PSPermGen       total 50176K, used 49915K [0x0000000606e00000, 0x0000000609f00000, 0x000000060c000000)
  object space 50176K, 99% used [0x0000000606e00000,0x0000000609ebed50,0x0000000609f00000)
}
Event: 18.923 GC heap before
{Heap before GC invocations=7 (full 0):
 PSYoungGen      total 84480K, used 77222K [0x0000000759500000, 0x0000000760180000, 0x0000000800000000)
  eden space 62976K, 100% used [0x0000000759500000,0x000000075d280000,0x000000075d280000)
  from space 21504K, 66% used [0x000000075ec80000,0x000000075fa69bd0,0x0000000760180000)
  to   space 24064K, 0% used [0x000000075d280000,0x000000075d280000,0x000000075ea00000)
 ParOldGen       total 175104K, used 20878K [0x000000060c000000, 0x0000000616b00000, 0x0000000759500000)
  object space 175104K, 11% used [0x000000060c000000,0x000000060d463840,0x0000000616b00000)
 PSPermGen       total 50688K, used 50461K [0x0000000606e00000, 0x0000000609f80000, 0x000000060c000000)
  object space 50688K, 99% used [0x0000000606e00000,0x0000000609f47450,0x0000000609f80000)
Event: 18.933 GC heap after
Heap after GC invocations=7 (full 0):
 PSYoungGen      total 73728K, used 12078K [0x0000000759500000, 0x000000075fd00000, 0x0000000800000000)
  eden space 61440K, 0% used [0x0000000759500000,0x0000000759500000,0x000000075d100000)
  from space 12288K, 98% used [0x000000075d280000,0x000000075de4bbb0,0x000000075de80000)
  to   space 22528K, 0% used [0x000000075e700000,0x000000075e700000,0x000000075fd00000)
 ParOldGen       total 175104K, used 24476K [0x000000060c000000, 0x0000000616b00000, 0x0000000759500000)
  object space 175104K, 13% used [0x000000060c000000,0x000000060d7e71b0,0x0000000616b00000)
 PSPermGen       total 50688K, used 50461K [0x0000000606e00000, 0x0000000609f80000, 0x000000060c000000)
  object space 50688K, 99% used [0x0000000606e00000,0x0000000609f47450,0x0000000609f80000)
}
Event: 29.198 GC heap before
{Heap before GC invocations=8 (full 0):
 PSYoungGen      total 73728K, used 73518K [0x0000000759500000, 0x000000075fd00000, 0x0000000800000000)
  eden space 61440K, 100% used [0x0000000759500000,0x000000075d100000,0x000000075d100000)
  from space 12288K, 98% used [0x000000075d280000,0x000000075de4bbb0,0x000000075de80000)
  to   space 22528K, 0% used [0x000000075e700000,0x000000075e700000,0x000000075fd00000)
 ParOldGen       total 175104K, used 24476K [0x000000060c000000, 0x0000000616b00000, 0x0000000759500000)
  object space 175104K, 13% used [0x000000060c000000,0x000000060d7e71b0,0x0000000616b00000)
 PSPermGen       total 50688K, used 50666K [0x0000000606e00000, 0x0000000609f80000, 0x000000060c000000)
  object space 50688K, 99% used [0x0000000606e00000,0x0000000609f7a930,0x0000000609f80000)
Event: 29.208 GC heap after
Heap after GC invocations=8 (full 0):
 PSYoungGen      total 82944K, used 16622K [0x0000000759500000, 0x000000075fd00000, 0x0000000800000000)
  eden space 60416K, 0% used [0x0000000759500000,0x0000000759500000,0x000000075d000000)
  from space 22528K, 73% used [0x000000075e700000,0x000000075f73baa0,0x000000075fd00000)
  to   space 23040K, 0% used [0x000000075d000000,0x000000075d000000,0x000000075e680000)
 ParOldGen       total 175104K, used 27552K [0x000000060c000000, 0x0000000616b00000, 0x0000000759500000)
  object space 175104K, 15% used [0x000000060c000000,0x000000060dae8088,0x0000000616b00000)
 PSPermGen       total 50688K, used 50666K [0x0000000606e00000, 0x0000000609f80000, 0x000000060c000000)
  object space 50688K, 99% used [0x0000000606e00000,0x0000000609f7a930,0x0000000609f80000)
}

