# JRE version: Java(TM) SE Runtime Environment (7.0_45-b18) (build 1.7.0_45-b18)
# Java VM: Java HotSpot(TM) 64-Bit Server VM (24.45-b08 mixed mode linux-amd64 compressed oops)
Heap
 PSYoungGen      total 68096K, used 61986K [0x00000000eb280000, 0x00000000f2180000, 0x0000000100000000)
  eden space 59392K, 89% used [0x00000000eb280000,0x00000000ee6ac468,0x00000000eec80000)
  from space 8704K, 98% used [0x00000000ef200000,0x00000000efa5c5f8,0x00000000efa80000)
  to   space 27136K, 0% used [0x00000000f0700000,0x00000000f0700000,0x00000000f2180000)
 ParOldGen       total 175104K, used 36921K [0x00000000c1800000, 0x00000000cc300000, 0x00000000eb280000)
  object space 175104K, 21% used [0x00000000c1800000,0x00000000c3c0e658,0x00000000cc300000)
 PSPermGen       total 54784K, used 54494K [0x00000000bc600000, 0x00000000bfb80000, 0x00000000c1800000)
  object space 54784K, 99% used [0x00000000bc600000,0x00000000bfb37ac8,0x00000000bfb80000)
GC Heap History (10 events):
Event: 11.060 GC heap before
{Heap before GC invocations=5 (full 0):
 PSYoungGen      total 76800K, used 76349K [0x00000000eb280000, 0x00000000f4880000, 0x0000000100000000)
  eden space 66048K, 99% used [0x00000000eb280000,0x00000000ef293880,0x00000000ef300000)
  from space 10752K, 99% used [0x00000000f3e00000,0x00000000f487bc98,0x00000000f4880000)
  to   space 10752K, 0% used [0x00000000ef300000,0x00000000ef300000,0x00000000efd80000)
 ParOldGen       total 175104K, used 15923K [0x00000000c1800000, 0x00000000cc300000, 0x00000000eb280000)
  object space 175104K, 9% used [0x00000000c1800000,0x00000000c278ccf8,0x00000000cc300000)
 PSPermGen       total 49152K, used 49119K [0x00000000bc600000, 0x00000000bf600000, 0x00000000c1800000)
  object space 49152K, 99% used [0x00000000bc600000,0x00000000bf5f7f68,0x00000000bf600000)
Event: 11.070 GC heap after
Heap after GC invocations=5 (full 0):
 PSYoungGen      total 75264K, used 10724K [0x00000000eb280000, 0x00000000f3e80000, 0x0000000100000000)
  eden space 64512K, 0% used [0x00000000eb280000,0x00000000eb280000,0x00000000ef180000)
  from space 10752K, 99% used [0x00000000ef300000,0x00000000efd79070,0x00000000efd80000)
  to   space 24576K, 0% used [0x00000000f2680000,0x00000000f2680000,0x00000000f3e80000)
 ParOldGen       total 175104K, used 21285K [0x00000000c1800000, 0x00000000cc300000, 0x00000000eb280000)
  object space 175104K, 12% used [0x00000000c1800000,0x00000000c2cc9688,0x00000000cc300000)
 PSPermGen       total 49152K, used 49119K [0x00000000bc600000, 0x00000000bf600000, 0x00000000c1800000)
  object space 49152K, 99% used [0x00000000bc600000,0x00000000bf5f7f68,0x00000000bf600000)
}
Event: 13.043 GC heap before
{Heap before GC invocations=6 (full 0):
 PSYoungGen      total 75264K, used 75236K [0x00000000eb280000, 0x00000000f3e80000, 0x0000000100000000)
  eden space 64512K, 100% used [0x00000000eb280000,0x00000000ef180000,0x00000000ef180000)
  from space 10752K, 99% used [0x00000000ef300000,0x00000000efd79070,0x00000000efd80000)
  to   space 24576K, 0% used [0x00000000f2680000,0x00000000f2680000,0x00000000f3e80000)
 ParOldGen       total 175104K, used 21285K [0x00000000c1800000, 0x00000000cc300000, 0x00000000eb280000)
  object space 175104K, 12% used [0x00000000c1800000,0x00000000c2cc9688,0x00000000cc300000)
 PSPermGen       total 52736K, used 52615K [0x00000000bc600000, 0x00000000bf980000, 0x00000000c1800000)
  object space 52736K, 99% used [0x00000000bc600000,0x00000000bf961df8,0x00000000bf980000)
Event: 13.055 GC heap after
Heap after GC invocations=6 (full 0):
 PSYoungGen      total 79872K, used 16746K [0x00000000eb280000, 0x00000000f3700000, 0x0000000100000000)
  eden space 62976K, 0% used [0x00000000eb280000,0x00000000eb280000,0x00000000ef000000)
  from space 16896K, 99% used [0x00000000f2680000,0x00000000f36da900,0x00000000f3700000)
  to   space 24576K, 0% used [0x00000000f0700000,0x00000000f0700000,0x00000000f1f00000)
 ParOldGen       total 175104K, used 21285K [0x00000000c1800000, 0x00000000cc300000, 0x00000000eb280000)
  object space 175104K, 12% used [0x00000000c1800000,0x00000000c2cc9688,0x00000000cc300000)
 PSPermGen       total 52736K, used 52615K [0x00000000bc600000, 0x00000000bf980000, 0x00000000c1800000)
  object space 52736K, 99% used [0x00000000bc600000,0x00000000bf961df8,0x00000000bf980000)
}
Event: 22.213 GC heap before
{Heap before GC invocations=7 (full 0):
 PSYoungGen      total 79872K, used 79722K [0x00000000eb280000, 0x00000000f3700000, 0x0000000100000000)
  eden space 62976K, 100% used [0x00000000eb280000,0x00000000ef000000,0x00000000ef000000)
  from space 16896K, 99% used [0x00000000f2680000,0x00000000f36da900,0x00000000f3700000)
  to   space 24576K, 0% used [0x00000000f0700000,0x00000000f0700000,0x00000000f1f00000)
 ParOldGen       total 175104K, used 21285K [0x00000000c1800000, 0x00000000cc300000, 0x00000000eb280000)
  object space 175104K, 12% used [0x00000000c1800000,0x00000000c2cc9688,0x00000000cc300000)
 PSPermGen       total 53760K, used 53663K [0x00000000bc600000, 0x00000000bfa80000, 0x00000000c1800000)
  object space 53760K, 99% used [0x00000000bc600000,0x00000000bfa67e90,0x00000000bfa80000)
Event: 22.223 GC heap after
Heap after GC invocations=7 (full 0):
 PSYoungGen      total 79872K, used 18231K [0x00000000eb280000, 0x00000000f2700000, 0x0000000100000000)
  eden space 61440K, 0% used [0x00000000eb280000,0x00000000eb280000,0x00000000eee80000)
  from space 18432K, 98% used [0x00000000f0700000,0x00000000f18cdf58,0x00000000f1900000)
  to   space 14336K, 0% used [0x00000000f1900000,0x00000000f1900000,0x00000000f2700000)
 ParOldGen       total 175104K, used 24287K [0x00000000c1800000, 0x00000000cc300000, 0x00000000eb280000)
  object space 175104K, 13% used [0x00000000c1800000,0x00000000c2fb7f60,0x00000000cc300000)
 PSPermGen       total 53760K, used 53663K [0x00000000bc600000, 0x00000000bfa80000, 0x00000000c1800000)
  object space 53760K, 99% used [0x00000000bc600000,0x00000000bfa67e90,0x00000000bfa80000)
}
Event: 55.231 GC heap before
{Heap before GC invocations=8 (full 0):
 PSYoungGen      total 79872K, used 79671K [0x00000000eb280000, 0x00000000f2700000, 0x0000000100000000)
  eden space 61440K, 100% used [0x00000000eb280000,0x00000000eee80000,0x00000000eee80000)
  from space 18432K, 98% used [0x00000000f0700000,0x00000000f18cdf58,0x00000000f1900000)
  to   space 14336K, 0% used [0x00000000f1900000,0x00000000f1900000,0x00000000f2700000)
 ParOldGen       total 175104K, used 24287K [0x00000000c1800000, 0x00000000cc300000, 0x00000000eb280000)
  object space 175104K, 13% used [0x00000000c1800000,0x00000000c2fb7f60,0x00000000cc300000)
 PSPermGen       total 54272K, used 53879K [0x00000000bc600000, 0x00000000bfb00000, 0x00000000c1800000)
  object space 54272K, 99% used [0x00000000bc600000,0x00000000bfa9de40,0x00000000bfb00000)
Event: 55.240 GC heap after
Heap after GC invocations=8 (full 0):
 PSYoungGen      total 74752K, used 14328K [0x00000000eb280000, 0x00000000f2700000, 0x0000000100000000)
  eden space 60416K, 0% used [0x00000000eb280000,0x00000000eb280000,0x00000000eed80000)
  from space 14336K, 99% used [0x00000000f1900000,0x00000000f26fe290,0x00000000f2700000)
  to   space 27136K, 0% used [0x00000000ef200000,0x00000000ef200000,0x00000000f0c80000)
 ParOldGen       total 175104K, used 31771K [0x00000000c1800000, 0x00000000cc300000, 0x00000000eb280000)
  object space 175104K, 18% used [0x00000000c1800000,0x00000000c3706c50,0x00000000cc300000)
 PSPermGen       total 54272K, used 53879K [0x00000000bc600000, 0x00000000bfb00000, 0x00000000c1800000)
  object space 54272K, 99% used [0x00000000bc600000,0x00000000bfa9de40,0x00000000bfb00000)
}
Event: 63.478 GC heap before
{Heap before GC invocations=9 (full 0):
 PSYoungGen      total 74752K, used 74744K [0x00000000eb280000, 0x00000000f2700000, 0x0000000100000000)
  eden space 60416K, 100% used [0x00000000eb280000,0x00000000eed80000,0x00000000eed80000)
  from space 14336K, 99% used [0x00000000f1900000,0x00000000f26fe290,0x00000000f2700000)
  to   space 27136K, 0% used [0x00000000ef200000,0x00000000ef200000,0x00000000f0c80000)
 ParOldGen       total 175104K, used 31771K [0x00000000c1800000, 0x00000000cc300000, 0x00000000eb280000)
  object space 175104K, 18% used [0x00000000c1800000,0x00000000c3706c50,0x00000000cc300000)
 PSPermGen       total 54784K, used 54281K [0x00000000bc600000, 0x00000000bfb80000, 0x00000000c1800000)
  object space 54784K, 99% used [0x00000000bc600000,0x00000000bfb02728,0x00000000bfb80000)
Event: 63.484 GC heap after
Heap after GC invocations=9 (full 0):
 PSYoungGen      total 68096K, used 8561K [0x00000000eb280000, 0x00000000f2180000, 0x0000000100000000)
  eden space 59392K, 0% used [0x00000000eb280000,0x00000000eb280000,0x00000000eec80000)
  from space 8704K, 98% used [0x00000000ef200000,0x00000000efa5c5f8,0x00000000efa80000)
  to   space 27136K, 0% used [0x00000000f0700000,0x00000000f0700000,0x00000000f2180000)
 ParOldGen       total 175104K, used 36921K [0x00000000c1800000, 0x00000000cc300000, 0x00000000eb280000)
  object space 175104K, 21% used [0x00000000c1800000,0x00000000c3c0e658,0x00000000cc300000)
 PSPermGen       total 54784K, used 54281K [0x00000000bc600000, 0x00000000bfb80000, 0x00000000c1800000)
  object space 54784K, 99% used [0x00000000bc600000,0x00000000bfb02728,0x00000000bfb80000)
}

