# JRE version: Java(TM) SE Runtime Environment (7.0_45-b18) (build 1.7.0_45-b18)
# Java VM: Java HotSpot(TM) 64-Bit Server VM (24.45-b08 mixed mode linux-amd64 compressed oops)
Heap
 PSYoungGen      total 110592K, used 71627K [0x0000000759500000, 0x0000000762980000, 0x0000000800000000)
  eden space 77312K, 91% used [0x0000000759500000,0x000000075da4afa0,0x000000075e080000)
  from space 33280K, 2% used [0x0000000760900000,0x00000007609a8000,0x0000000762980000)
  to   space 37376K, 0% used [0x000000075e080000,0x000000075e080000,0x0000000760500000)
 ParOldGen       total 175104K, used 121170K [0x000000060c000000, 0x0000000616b00000, 0x0000000759500000)
  object space 175104K, 69% used [0x000000060c000000,0x0000000613654868,0x0000000616b00000)
 PSPermGen       total 56320K, used 55959K [0x0000000606e00000, 0x000000060a500000, 0x000000060c000000)
  object space 56320K, 99% used [0x0000000606e00000,0x000000060a4a5c98,0x000000060a500000)
GC Heap History (10 events):
Event: 996.072 GC heap before
{Heap before GC invocations=20 (full 0):
 PSYoungGen      total 90112K, used 89750K [0x0000000759500000, 0x0000000764380000, 0x0000000800000000)
  eden space 87552K, 100% used [0x0000000759500000,0x000000075ea80000,0x000000075ea80000)
  from space 2560K, 85% used [0x000000075ed00000,0x000000075ef25bc0,0x000000075ef80000)
  to   space 45568K, 0% used [0x0000000761700000,0x0000000761700000,0x0000000764380000)
 ParOldGen       total 175104K, used 120252K [0x000000060c000000, 0x0000000616b00000, 0x0000000759500000)
  object space 175104K, 68% used [0x000000060c000000,0x000000061356f0c8,0x0000000616b00000)
 PSPermGen       total 56320K, used 55832K [0x0000000606e00000, 0x000000060a500000, 0x000000060c000000)
  object space 56320K, 99% used [0x0000000606e00000,0x000000060a486278,0x000000060a500000)
Event: 996.075 GC heap after
Heap after GC invocations=20 (full 0):
 PSYoungGen      total 126976K, used 288K [0x0000000759500000, 0x0000000763f80000, 0x0000000800000000)
  eden space 85504K, 0% used [0x0000000759500000,0x0000000759500000,0x000000075e880000)
  from space 41472K, 0% used [0x0000000761700000,0x0000000761748000,0x0000000763f80000)
  to   space 44544K, 0% used [0x000000075e880000,0x000000075e880000,0x0000000761400000)
 ParOldGen       total 175104K, used 121090K [0x000000060c000000, 0x0000000616b00000, 0x0000000759500000)
  object space 175104K, 69% used [0x000000060c000000,0x0000000613640868,0x0000000616b00000)
 PSPermGen       total 56320K, used 55832K [0x0000000606e00000, 0x000000060a500000, 0x000000060c000000)
  object space 56320K, 99% used [0x0000000606e00000,0x000000060a486278,0x000000060a500000)
}
Event: 1008.395 GC heap before
{Heap before GC invocations=21 (full 0):
 PSYoungGen      total 126976K, used 85792K [0x0000000759500000, 0x0000000763f80000, 0x0000000800000000)
  eden space 85504K, 100% used [0x0000000759500000,0x000000075e880000,0x000000075e880000)
  from space 41472K, 0% used [0x0000000761700000,0x0000000761748000,0x0000000763f80000)
  to   space 44544K, 0% used [0x000000075e880000,0x000000075e880000,0x0000000761400000)
 ParOldGen       total 175104K, used 121090K [0x000000060c000000, 0x0000000616b00000, 0x0000000759500000)
  object space 175104K, 69% used [0x000000060c000000,0x0000000613640868,0x0000000616b00000)
 PSPermGen       total 56320K, used 55837K [0x0000000606e00000, 0x000000060a500000, 0x000000060c000000)
  object space 56320K, 99% used [0x0000000606e00000,0x000000060a487500,0x000000060a500000)
Event: 1008.398 GC heap after
Heap after GC invocations=21 (full 0):
 PSYoungGen      total 83968K, used 192K [0x0000000759500000, 0x0000000763a80000, 0x0000000800000000)
  eden space 83456K, 0% used [0x0000000759500000,0x0000000759500000,0x000000075e680000)
  from space 512K, 37% used [0x000000075e880000,0x000000075e8b0000,0x000000075e900000)
  to   space 43008K, 0% used [0x0000000761080000,0x0000000761080000,0x0000000763a80000)
 ParOldGen       total 175104K, used 121154K [0x000000060c000000, 0x0000000616b00000, 0x0000000759500000)
  object space 175104K, 69% used [0x000000060c000000,0x0000000613650868,0x0000000616b00000)
 PSPermGen       total 56320K, used 55837K [0x0000000606e00000, 0x000000060a500000, 0x000000060c000000)
  object space 56320K, 99% used [0x0000000606e00000,0x000000060a487500,0x000000060a500000)
}
Event: 1020.473 GC heap before
{Heap before GC invocations=22 (full 0):
 PSYoungGen      total 83968K, used 83648K [0x0000000759500000, 0x0000000763a80000, 0x0000000800000000)
  eden space 83456K, 100% used [0x0000000759500000,0x000000075e680000,0x000000075e680000)
  from space 512K, 37% used [0x000000075e880000,0x000000075e8b0000,0x000000075e900000)
  to   space 43008K, 0% used [0x0000000761080000,0x0000000761080000,0x0000000763a80000)
 ParOldGen       total 175104K, used 121154K [0x000000060c000000, 0x0000000616b00000, 0x0000000759500000)
  object space 175104K, 69% used [0x000000060c000000,0x0000000613650868,0x0000000616b00000)
 PSPermGen       total 56320K, used 55840K [0x0000000606e00000, 0x000000060a500000, 0x000000060c000000)
  object space 56320K, 99% used [0x0000000606e00000,0x000000060a4882d0,0x000000060a500000)
Event: 1020.476 GC heap after
Heap after GC invocations=22 (full 0):
 PSYoungGen      total 118272K, used 192K [0x0000000759500000, 0x0000000763480000, 0x0000000800000000)
  eden space 81408K, 0% used [0x0000000759500000,0x0000000759500000,0x000000075e480000)
  from space 36864K, 0% used [0x0000000761080000,0x00000007610b0000,0x0000000763480000)
  to   space 40960K, 0% used [0x000000075e480000,0x000000075e480000,0x0000000760c80000)
 ParOldGen       total 175104K, used 121162K [0x000000060c000000, 0x0000000616b00000, 0x0000000759500000)
  object space 175104K, 69% used [0x000000060c000000,0x0000000613652868,0x0000000616b00000)
 PSPermGen       total 56320K, used 55840K [0x0000000606e00000, 0x000000060a500000, 0x000000060c000000)
  object space 56320K, 99% used [0x0000000606e00000,0x000000060a4882d0,0x000000060a500000)
}
Event: 1032.244 GC heap before
{Heap before GC invocations=23 (full 0):
 PSYoungGen      total 118272K, used 81600K [0x0000000759500000, 0x0000000763480000, 0x0000000800000000)
  eden space 81408K, 100% used [0x0000000759500000,0x000000075e480000,0x000000075e480000)
  from space 36864K, 0% used [0x0000000761080000,0x00000007610b0000,0x0000000763480000)
  to   space 40960K, 0% used [0x000000075e480000,0x000000075e480000,0x0000000760c80000)
 ParOldGen       total 175104K, used 121162K [0x000000060c000000, 0x0000000616b00000, 0x0000000759500000)
  object space 175104K, 69% used [0x000000060c000000,0x0000000613652868,0x0000000616b00000)
 PSPermGen       total 56320K, used 55843K [0x0000000606e00000, 0x000000060a500000, 0x000000060c000000)
  object space 56320K, 99% used [0x0000000606e00000,0x000000060a488cf0,0x000000060a500000)
Event: 1032.247 GC heap after
Heap after GC invocations=23 (full 0):
 PSYoungGen      total 79872K, used 160K [0x0000000759500000, 0x0000000762f80000, 0x0000000800000000)
  eden space 79360K, 0% used [0x0000000759500000,0x0000000759500000,0x000000075e280000)
  from space 512K, 31% used [0x000000075e480000,0x000000075e4a8000,0x000000075e500000)
  to   space 39424K, 0% used [0x0000000760900000,0x0000000760900000,0x0000000762f80000)
 ParOldGen       total 175104K, used 121162K [0x000000060c000000, 0x0000000616b00000, 0x0000000759500000)
  object space 175104K, 69% used [0x000000060c000000,0x0000000613652868,0x0000000616b00000)
 PSPermGen       total 56320K, used 55843K [0x0000000606e00000, 0x000000060a500000, 0x000000060c000000)
  object space 56320K, 99% used [0x0000000606e00000,0x000000060a488cf0,0x000000060a500000)
}
Event: 1042.364 GC heap before
{Heap before GC invocations=24 (full 0):
 PSYoungGen      total 79872K, used 79520K [0x0000000759500000, 0x0000000762f80000, 0x0000000800000000)
  eden space 79360K, 100% used [0x0000000759500000,0x000000075e280000,0x000000075e280000)
  from space 512K, 31% used [0x000000075e480000,0x000000075e4a8000,0x000000075e500000)
  to   space 39424K, 0% used [0x0000000760900000,0x0000000760900000,0x0000000762f80000)
 ParOldGen       total 175104K, used 121162K [0x000000060c000000, 0x0000000616b00000, 0x0000000759500000)
  object space 175104K, 69% used [0x000000060c000000,0x0000000613652868,0x0000000616b00000)
 PSPermGen       total 56320K, used 55850K [0x0000000606e00000, 0x000000060a500000, 0x000000060c000000)
  object space 56320K, 99% used [0x0000000606e00000,0x000000060a48a8b8,0x000000060a500000)
Event: 1042.367 GC heap after
Heap after GC invocations=24 (full 0):
 PSYoungGen      total 110592K, used 672K [0x0000000759500000, 0x0000000762980000, 0x0000000800000000)
  eden space 77312K, 0% used [0x0000000759500000,0x0000000759500000,0x000000075e080000)
  from space 33280K, 2% used [0x0000000760900000,0x00000007609a8000,0x0000000762980000)
  to   space 37376K, 0% used [0x000000075e080000,0x000000075e080000,0x0000000760500000)
 ParOldGen       total 175104K, used 121170K [0x000000060c000000, 0x0000000616b00000, 0x0000000759500000)
  object space 175104K, 69% used [0x000000060c000000,0x0000000613654868,0x0000000616b00000)
 PSPermGen       total 56320K, used 55850K [0x0000000606e00000, 0x000000060a500000, 0x000000060c000000)
  object space 56320K, 99% used [0x0000000606e00000,0x000000060a48a8b8,0x000000060a500000)
}

