# JRE version: Java(TM) SE Runtime Environment (7.0_45-b18) (build 1.7.0_45-b18)
# Java VM: Java HotSpot(TM) 64-Bit Server VM (24.45-b08 mixed mode linux-amd64 compressed oops)
Heap
 PSYoungGen      total 183296K, used 133014K [0x0000000797d00000, 0x00000007ac500000, 0x0000000800000000)
  eden space 153088K, 67% used [0x0000000797d00000,0x000000079e196910,0x00000007a1280000)
  from space 30208K, 99% used [0x00000007aa780000,0x00000007ac4cf1e0,0x00000007ac500000)
  to   space 51712K, 0% used [0x00000007a6000000,0x00000007a6000000,0x00000007a9280000)
 ParOldGen       total 175104K, used 73286K [0x00000006c7800000, 0x00000006d2300000, 0x0000000797d00000)
  object space 175104K, 41% used [0x00000006c7800000,0x00000006cbf91928,0x00000006d2300000)
 PSPermGen       total 54784K, used 54677K [0x00000006c2600000, 0x00000006c5b80000, 0x00000006c7800000)
  object space 54784K, 99% used [0x00000006c2600000,0x00000006c5b657f8,0x00000006c5b80000)
GC Heap History (10 events):
Event: 23.500 GC heap before
{Heap before GC invocations=6 (full 0):
 PSYoungGen      total 75264K, used 75246K [0x0000000797d00000, 0x00000007a0900000, 0x0000000800000000)
  eden space 64512K, 100% used [0x0000000797d00000,0x000000079bc00000,0x000000079bc00000)
  from space 10752K, 99% used [0x000000079bd80000,0x000000079c7fbb60,0x000000079c800000)
  to   space 26112K, 0% used [0x000000079ef80000,0x000000079ef80000,0x00000007a0900000)
 ParOldGen       total 175104K, used 23516K [0x00000006c7800000, 0x00000006d2300000, 0x0000000797d00000)
  object space 175104K, 13% used [0x00000006c7800000,0x00000006c8ef7360,0x00000006d2300000)
 PSPermGen       total 47104K, used 46693K [0x00000006c2600000, 0x00000006c5400000, 0x00000006c7800000)
  object space 47104K, 99% used [0x00000006c2600000,0x00000006c53994a0,0x00000006c5400000)
Event: 23.515 GC heap after
Heap after GC invocations=6 (full 0):
 PSYoungGen      total 108544K, used 26110K [0x0000000797d00000, 0x00000007a3f00000, 0x0000000800000000)
  eden space 82432K, 0% used [0x0000000797d00000,0x0000000797d00000,0x000000079cd80000)
  from space 26112K, 99% used [0x000000079ef80000,0x00000007a08ffb80,0x00000007a0900000)
  to   space 34816K, 0% used [0x000000079cd80000,0x000000079cd80000,0x000000079ef80000)
 ParOldGen       total 175104K, used 30127K [0x00000006c7800000, 0x00000006d2300000, 0x0000000797d00000)
  object space 175104K, 17% used [0x00000006c7800000,0x00000006c956bcb8,0x00000006d2300000)
 PSPermGen       total 47104K, used 46693K [0x00000006c2600000, 0x00000006c5400000, 0x00000006c7800000)
  object space 47104K, 99% used [0x00000006c2600000,0x00000006c53994a0,0x00000006c5400000)
}
Event: 23.938 GC heap before
{Heap before GC invocations=7 (full 0):
 PSYoungGen      total 108544K, used 108542K [0x0000000797d00000, 0x00000007a3f00000, 0x0000000800000000)
  eden space 82432K, 100% used [0x0000000797d00000,0x000000079cd80000,0x000000079cd80000)
  from space 26112K, 99% used [0x000000079ef80000,0x00000007a08ffb80,0x00000007a0900000)
  to   space 34816K, 0% used [0x000000079cd80000,0x000000079cd80000,0x000000079ef80000)
 ParOldGen       total 175104K, used 30127K [0x00000006c7800000, 0x00000006d2300000, 0x0000000797d00000)
  object space 175104K, 17% used [0x00000006c7800000,0x00000006c956bcb8,0x00000006d2300000)
 PSPermGen       total 47104K, used 46746K [0x00000006c2600000, 0x00000006c5400000, 0x00000006c7800000)
  object space 47104K, 99% used [0x00000006c2600000,0x00000006c53a6a38,0x00000006c5400000)
Event: 23.960 GC heap after
Heap after GC invocations=7 (full 0):
 PSYoungGen      total 117248K, used 32943K [0x0000000797d00000, 0x00000007a6c00000, 0x0000000800000000)
  eden space 82432K, 0% used [0x0000000797d00000,0x0000000797d00000,0x000000079cd80000)
  from space 34816K, 94% used [0x000000079cd80000,0x000000079edabee0,0x000000079ef80000)
  to   space 39936K, 0% used [0x00000007a4500000,0x00000007a4500000,0x00000007a6c00000)
 ParOldGen       total 175104K, used 33458K [0x00000006c7800000, 0x00000006d2300000, 0x0000000797d00000)
  object space 175104K, 19% used [0x00000006c7800000,0x00000006c98aca90,0x00000006d2300000)
 PSPermGen       total 47104K, used 46746K [0x00000006c2600000, 0x00000006c5400000, 0x00000006c7800000)
  object space 47104K, 99% used [0x00000006c2600000,0x00000006c53a6a38,0x00000006c5400000)
}
Event: 29.138 GC heap before
{Heap before GC invocations=8 (full 0):
 PSYoungGen      total 117248K, used 115375K [0x0000000797d00000, 0x00000007a6c00000, 0x0000000800000000)
  eden space 82432K, 100% used [0x0000000797d00000,0x000000079cd80000,0x000000079cd80000)
  from space 34816K, 94% used [0x000000079cd80000,0x000000079edabee0,0x000000079ef80000)
  to   space 39936K, 0% used [0x00000007a4500000,0x00000007a4500000,0x00000007a6c00000)
 ParOldGen       total 175104K, used 33458K [0x00000006c7800000, 0x00000006d2300000, 0x0000000797d00000)
  object space 175104K, 19% used [0x00000006c7800000,0x00000006c98aca90,0x00000006d2300000)
 PSPermGen       total 50688K, used 50185K [0x00000006c2600000, 0x00000006c5780000, 0x00000006c7800000)
  object space 50688K, 99% used [0x00000006c2600000,0x00000006c5702448,0x00000006c5780000)
Event: 29.158 GC heap after
Heap after GC invocations=8 (full 0):
 PSYoungGen      total 198144K, used 39347K [0x0000000797d00000, 0x00000007a7900000, 0x0000000800000000)
  eden space 158208K, 0% used [0x0000000797d00000,0x0000000797d00000,0x00000007a1780000)
  from space 39936K, 98% used [0x00000007a4500000,0x00000007a6b6cc60,0x00000007a6c00000)
  to   space 46592K, 0% used [0x00000007a1780000,0x00000007a1780000,0x00000007a4500000)
 ParOldGen       total 175104K, used 37827K [0x00000006c7800000, 0x00000006d2300000, 0x0000000797d00000)
  object space 175104K, 21% used [0x00000006c7800000,0x00000006c9cf0e68,0x00000006d2300000)
 PSPermGen       total 50688K, used 50185K [0x00000006c2600000, 0x00000006c5780000, 0x00000006c7800000)
  object space 50688K, 99% used [0x00000006c2600000,0x00000006c5702448,0x00000006c5780000)
}
Event: 53.977 GC heap before
{Heap before GC invocations=9 (full 0):
 PSYoungGen      total 198144K, used 197555K [0x0000000797d00000, 0x00000007a7900000, 0x0000000800000000)
  eden space 158208K, 100% used [0x0000000797d00000,0x00000007a1780000,0x00000007a1780000)
  from space 39936K, 98% used [0x00000007a4500000,0x00000007a6b6cc60,0x00000007a6c00000)
  to   space 46592K, 0% used [0x00000007a1780000,0x00000007a1780000,0x00000007a4500000)
 ParOldGen       total 175104K, used 37827K [0x00000006c7800000, 0x00000006d2300000, 0x0000000797d00000)
  object space 175104K, 21% used [0x00000006c7800000,0x00000006c9cf0e68,0x00000006d2300000)
 PSPermGen       total 52224K, used 52024K [0x00000006c2600000, 0x00000006c5900000, 0x00000006c7800000)
  object space 52224K, 99% used [0x00000006c2600000,0x00000006c58ce310,0x00000006c5900000)
Event: 54.002 GC heap after
Heap after GC invocations=9 (full 0):
 PSYoungGen      total 204800K, used 43213K [0x0000000797d00000, 0x00000007ada80000, 0x0000000800000000)
  eden space 158208K, 0% used [0x0000000797d00000,0x0000000797d00000,0x00000007a1780000)
  from space 46592K, 92% used [0x00000007a1780000,0x00000007a41b3510,0x00000007a4500000)
  to   space 52224K, 0% used [0x00000007aa780000,0x00000007aa780000,0x00000007ada80000)
 ParOldGen       total 175104K, used 55246K [0x00000006c7800000, 0x00000006d2300000, 0x0000000797d00000)
  object space 175104K, 31% used [0x00000006c7800000,0x00000006cadf3918,0x00000006d2300000)
 PSPermGen       total 52224K, used 52024K [0x00000006c2600000, 0x00000006c5900000, 0x00000006c7800000)
  object space 52224K, 99% used [0x00000006c2600000,0x00000006c58ce310,0x00000006c5900000)
}
Event: 171.052 GC heap before
{Heap before GC invocations=10 (full 0):
 PSYoungGen      total 204800K, used 201421K [0x0000000797d00000, 0x00000007ada80000, 0x0000000800000000)
  eden space 158208K, 100% used [0x0000000797d00000,0x00000007a1780000,0x00000007a1780000)
  from space 46592K, 92% used [0x00000007a1780000,0x00000007a41b3510,0x00000007a4500000)
  to   space 52224K, 0% used [0x00000007aa780000,0x00000007aa780000,0x00000007ada80000)
 ParOldGen       total 175104K, used 55246K [0x00000006c7800000, 0x00000006d2300000, 0x0000000797d00000)
  object space 175104K, 31% used [0x00000006c7800000,0x00000006cadf3918,0x00000006d2300000)
 PSPermGen       total 54784K, used 54342K [0x00000006c2600000, 0x00000006c5b80000, 0x00000006c7800000)
  object space 54784K, 99% used [0x00000006c2600000,0x00000006c5b119e0,0x00000006c5b80000)
Event: 171.072 GC heap after
Heap after GC invocations=10 (full 0):
 PSYoungGen      total 183296K, used 30012K [0x0000000797d00000, 0x00000007ac500000, 0x0000000800000000)
  eden space 153088K, 0% used [0x0000000797d00000,0x0000000797d00000,0x00000007a1280000)
  from space 30208K, 99% used [0x00000007aa780000,0x00000007ac4cf1e0,0x00000007ac500000)
  to   space 51712K, 0% used [0x00000007a6000000,0x00000007a6000000,0x00000007a9280000)
 ParOldGen       total 175104K, used 73286K [0x00000006c7800000, 0x00000006d2300000, 0x0000000797d00000)
  object space 175104K, 41% used [0x00000006c7800000,0x00000006cbf91928,0x00000006d2300000)
 PSPermGen       total 54784K, used 54342K [0x00000006c2600000, 0x00000006c5b80000, 0x00000006c7800000)
  object space 54784K, 99% used [0x00000006c2600000,0x00000006c5b119e0,0x00000006c5b80000)
}

