# JRE version: Java(TM) SE Runtime Environment (7.0_45-b18) (build 1.7.0_45-b18)
# Java VM: Java HotSpot(TM) 64-Bit Server VM (24.45-b08 mixed mode linux-amd64 compressed oops)
Heap
 PSYoungGen      total 119808K, used 29210K [0x0000000759500000, 0x0000000765600000, 0x0000000800000000)
  eden space 119296K, 24% used [0x0000000759500000,0x000000075b106b68,0x0000000760980000)
  from space 512K, 100% used [0x0000000765580000,0x0000000765600000,0x0000000765600000)
  to   space 2048K, 0% used [0x0000000765200000,0x0000000765200000,0x0000000765400000)
 ParOldGen       total 342528K, used 54920K [0x000000060c000000, 0x0000000620e80000, 0x0000000759500000)
  object space 342528K, 16% used [0x000000060c000000,0x000000060f5a22b8,0x0000000620e80000)
 PSPermGen       total 54784K, used 54515K [0x0000000606e00000, 0x000000060a380000, 0x000000060c000000)
  object space 54784K, 99% used [0x0000000606e00000,0x000000060a33ce60,0x000000060a380000)
GC Heap History (10 events):
Event: 17697.972 GC heap before
{Heap before GC invocations=395 (full 151):
 PSYoungGen      total 136704K, used 136416K [0x0000000759500000, 0x0000000765600000, 0x0000000800000000)
  eden space 136192K, 100% used [0x0000000759500000,0x0000000761a00000,0x0000000761a00000)
  from space 512K, 43% used [0x0000000765500000,0x0000000765538000,0x0000000765580000)
  to   space 512K, 0% used [0x0000000765580000,0x0000000765580000,0x0000000765600000)
 ParOldGen       total 342528K, used 50752K [0x000000060c000000, 0x0000000620e80000, 0x0000000759500000)
  object space 342528K, 14% used [0x000000060c000000,0x000000060f190008,0x0000000620e80000)
 PSPermGen       total 53760K, used 52349K [0x0000000606e00000, 0x000000060a280000, 0x000000060c000000)
  object space 53760K, 97% used [0x0000000606e00000,0x000000060a11f588,0x000000060a280000)
Event: 17697.974 GC heap after
Heap after GC invocations=395 (full 151):
 PSYoungGen      total 133120K, used 192K [0x0000000759500000, 0x0000000765600000, 0x0000000800000000)
  eden space 132608K, 0% used [0x0000000759500000,0x0000000759500000,0x0000000761680000)
  from space 512K, 37% used [0x0000000765580000,0x00000007655b0000,0x0000000765600000)
  to   space 512K, 0% used [0x0000000765500000,0x0000000765500000,0x0000000765580000)
 ParOldGen       total 342528K, used 50752K [0x000000060c000000, 0x0000000620e80000, 0x0000000759500000)
  object space 342528K, 14% used [0x000000060c000000,0x000000060f190008,0x0000000620e80000)
 PSPermGen       total 53760K, used 52349K [0x0000000606e00000, 0x000000060a280000, 0x000000060c000000)
  object space 53760K, 97% used [0x0000000606e00000,0x000000060a11f588,0x000000060a280000)
}
Event: 17703.550 GC heap before
{Heap before GC invocations=396 (full 151):
 PSYoungGen      total 133120K, used 132800K [0x0000000759500000, 0x0000000765600000, 0x0000000800000000)
  eden space 132608K, 100% used [0x0000000759500000,0x0000000761680000,0x0000000761680000)
  from space 512K, 37% used [0x0000000765580000,0x00000007655b0000,0x0000000765600000)
  to   space 512K, 0% used [0x0000000765500000,0x0000000765500000,0x0000000765580000)
 ParOldGen       total 342528K, used 50752K [0x000000060c000000, 0x0000000620e80000, 0x0000000759500000)
  object space 342528K, 14% used [0x000000060c000000,0x000000060f190008,0x0000000620e80000)
 PSPermGen       total 53760K, used 52349K [0x0000000606e00000, 0x000000060a280000, 0x000000060c000000)
  object space 53760K, 97% used [0x0000000606e00000,0x000000060a11f588,0x000000060a280000)
Event: 17703.552 GC heap after
Heap after GC invocations=396 (full 151):
 PSYoungGen      total 129536K, used 128K [0x0000000759500000, 0x0000000765600000, 0x0000000800000000)
  eden space 129024K, 0% used [0x0000000759500000,0x0000000759500000,0x0000000761300000)
  from space 512K, 25% used [0x0000000765500000,0x0000000765520000,0x0000000765580000)
  to   space 512K, 0% used [0x0000000765580000,0x0000000765580000,0x0000000765600000)
 ParOldGen       total 342528K, used 50760K [0x000000060c000000, 0x0000000620e80000, 0x0000000759500000)
  object space 342528K, 14% used [0x000000060c000000,0x000000060f192008,0x0000000620e80000)
 PSPermGen       total 53760K, used 52349K [0x0000000606e00000, 0x000000060a280000, 0x000000060c000000)
  object space 53760K, 97% used [0x0000000606e00000,0x000000060a11f588,0x000000060a280000)
}
Event: 17708.894 GC heap before
{Heap before GC invocations=397 (full 151):
 PSYoungGen      total 129536K, used 129152K [0x0000000759500000, 0x0000000765600000, 0x0000000800000000)
  eden space 129024K, 100% used [0x0000000759500000,0x0000000761300000,0x0000000761300000)
  from space 512K, 25% used [0x0000000765500000,0x0000000765520000,0x0000000765580000)
  to   space 512K, 0% used [0x0000000765580000,0x0000000765580000,0x0000000765600000)
 ParOldGen       total 342528K, used 50760K [0x000000060c000000, 0x0000000620e80000, 0x0000000759500000)
  object space 342528K, 14% used [0x000000060c000000,0x000000060f192008,0x0000000620e80000)
 PSPermGen       total 53760K, used 52349K [0x0000000606e00000, 0x000000060a280000, 0x000000060c000000)
  object space 53760K, 97% used [0x0000000606e00000,0x000000060a11f588,0x000000060a280000)
Event: 17708.896 GC heap after
Heap after GC invocations=397 (full 151):
 PSYoungGen      total 125952K, used 224K [0x0000000759500000, 0x0000000765600000, 0x0000000800000000)
  eden space 125440K, 0% used [0x0000000759500000,0x0000000759500000,0x0000000760f80000)
  from space 512K, 43% used [0x0000000765580000,0x00000007655b8000,0x0000000765600000)
  to   space 512K, 0% used [0x0000000765500000,0x0000000765500000,0x0000000765580000)
 ParOldGen       total 342528K, used 50760K [0x000000060c000000, 0x0000000620e80000, 0x0000000759500000)
  object space 342528K, 14% used [0x000000060c000000,0x000000060f192008,0x0000000620e80000)
 PSPermGen       total 53760K, used 52349K [0x0000000606e00000, 0x000000060a280000, 0x000000060c000000)
  object space 53760K, 97% used [0x0000000606e00000,0x000000060a11f588,0x000000060a280000)
}
Event: 17713.874 GC heap before
{Heap before GC invocations=398 (full 151):
 PSYoungGen      total 125952K, used 125664K [0x0000000759500000, 0x0000000765600000, 0x0000000800000000)
  eden space 125440K, 100% used [0x0000000759500000,0x0000000760f80000,0x0000000760f80000)
  from space 512K, 43% used [0x0000000765580000,0x00000007655b8000,0x0000000765600000)
  to   space 512K, 0% used [0x0000000765500000,0x0000000765500000,0x0000000765580000)
 ParOldGen       total 342528K, used 50760K [0x000000060c000000, 0x0000000620e80000, 0x0000000759500000)
  object space 342528K, 14% used [0x000000060c000000,0x000000060f192008,0x0000000620e80000)
 PSPermGen       total 53760K, used 52356K [0x0000000606e00000, 0x000000060a280000, 0x000000060c000000)
  object space 53760K, 97% used [0x0000000606e00000,0x000000060a1213d8,0x000000060a280000)
Event: 17713.875 GC heap after
Heap after GC invocations=398 (full 151):
 PSYoungGen      total 122880K, used 288K [0x0000000759500000, 0x0000000765600000, 0x0000000800000000)
  eden space 122368K, 0% used [0x0000000759500000,0x0000000759500000,0x0000000760c80000)
  from space 512K, 56% used [0x0000000765500000,0x0000000765548000,0x0000000765580000)
  to   space 512K, 0% used [0x0000000765580000,0x0000000765580000,0x0000000765600000)
 ParOldGen       total 342528K, used 50760K [0x000000060c000000, 0x0000000620e80000, 0x0000000759500000)
  object space 342528K, 14% used [0x000000060c000000,0x000000060f192008,0x0000000620e80000)
 PSPermGen       total 53760K, used 52356K [0x0000000606e00000, 0x000000060a280000, 0x000000060c000000)
  object space 53760K, 97% used [0x0000000606e00000,0x000000060a1213d8,0x000000060a280000)
}
Event: 17722.790 GC heap before
{Heap before GC invocations=399 (full 151):
 PSYoungGen      total 122880K, used 122656K [0x0000000759500000, 0x0000000765600000, 0x0000000800000000)
  eden space 122368K, 100% used [0x0000000759500000,0x0000000760c80000,0x0000000760c80000)
  from space 512K, 56% used [0x0000000765500000,0x0000000765548000,0x0000000765580000)
  to   space 512K, 0% used [0x0000000765580000,0x0000000765580000,0x0000000765600000)
 ParOldGen       total 342528K, used 50760K [0x000000060c000000, 0x0000000620e80000, 0x0000000759500000)
  object space 342528K, 14% used [0x000000060c000000,0x000000060f192008,0x0000000620e80000)
 PSPermGen       total 54784K, used 54336K [0x0000000606e00000, 0x000000060a380000, 0x000000060c000000)
  object space 54784K, 99% used [0x0000000606e00000,0x000000060a310060,0x000000060a380000)
Event: 17722.793 GC heap after
Heap after GC invocations=399 (full 151):
 PSYoungGen      total 119808K, used 512K [0x0000000759500000, 0x0000000765600000, 0x0000000800000000)
  eden space 119296K, 0% used [0x0000000759500000,0x0000000759500000,0x0000000760980000)
  from space 512K, 100% used [0x0000000765580000,0x0000000765600000,0x0000000765600000)
  to   space 2048K, 0% used [0x0000000765200000,0x0000000765200000,0x0000000765400000)
 ParOldGen       total 342528K, used 54920K [0x000000060c000000, 0x0000000620e80000, 0x0000000759500000)
  object space 342528K, 16% used [0x000000060c000000,0x000000060f5a22b8,0x0000000620e80000)
 PSPermGen       total 54784K, used 54336K [0x0000000606e00000, 0x000000060a380000, 0x000000060c000000)
  object space 54784K, 99% used [0x0000000606e00000,0x000000060a310060,0x000000060a380000)
}

