# JRE version: Java(TM) SE Runtime Environment (7.0_45-b18) (build 1.7.0_45-b18)
# Java VM: Java HotSpot(TM) 64-Bit Server VM (24.45-b08 mixed mode linux-amd64 compressed oops)
Heap
 PSYoungGen      total 75264K, used 31873K [0x0000000759500000, 0x0000000762100000, 0x0000000800000000)
  eden space 64512K, 32% used [0x0000000759500000,0x000000075a9a5ea8,0x000000075d400000)
  from space 10752K, 99% used [0x000000075d580000,0x000000075dffa718,0x000000075e000000)
  to   space 25088K, 0% used [0x0000000760880000,0x0000000760880000,0x0000000762100000)
 ParOldGen       total 175104K, used 22488K [0x000000060c000000, 0x0000000616b00000, 0x0000000759500000)
  object space 175104K, 12% used [0x000000060c000000,0x000000060d5f6270,0x0000000616b00000)
 PSPermGen       total 45056K, used 44999K [0x0000000606e00000, 0x0000000609a00000, 0x000000060c000000)
  object space 45056K, 99% used [0x0000000606e00000,0x00000006099f1de0,0x0000000609a00000)
GC Heap History (10 events):
Event: 0.713 GC heap before
{Heap before GC invocations=1 (full 0):
 PSYoungGen      total 76800K, used 66048K [0x0000000759500000, 0x000000075ea80000, 0x0000000800000000)
  eden space 66048K, 100% used [0x0000000759500000,0x000000075d580000,0x000000075d580000)
  from space 10752K, 0% used [0x000000075e000000,0x000000075e000000,0x000000075ea80000)
  to   space 10752K, 0% used [0x000000075d580000,0x000000075d580000,0x000000075e000000)
 ParOldGen       total 175104K, used 0K [0x000000060c000000, 0x0000000616b00000, 0x0000000759500000)
  object space 175104K, 0% used [0x000000060c000000,0x000000060c000000,0x0000000616b00000)
 PSPermGen       total 21504K, used 14602K [0x0000000606e00000, 0x0000000608300000, 0x000000060c000000)
  object space 21504K, 67% used [0x0000000606e00000,0x0000000607c42a88,0x0000000608300000)
Event: 0.719 GC heap after
Heap after GC invocations=1 (full 0):
 PSYoungGen      total 76800K, used 5377K [0x0000000759500000, 0x000000075ea80000, 0x0000000800000000)
  eden space 66048K, 0% used [0x0000000759500000,0x0000000759500000,0x000000075d580000)
  from space 10752K, 50% used [0x000000075d580000,0x000000075dac06e0,0x000000075e000000)
  to   space 10752K, 0% used [0x000000075e000000,0x000000075e000000,0x000000075ea80000)
 ParOldGen       total 175104K, used 72K [0x000000060c000000, 0x0000000616b00000, 0x0000000759500000)
  object space 175104K, 0% used [0x000000060c000000,0x000000060c012010,0x0000000616b00000)
 PSPermGen       total 21504K, used 14602K [0x0000000606e00000, 0x0000000608300000, 0x000000060c000000)
  object space 21504K, 67% used [0x0000000606e00000,0x0000000607c42a88,0x0000000608300000)
}
Event: 1.353 GC heap before
{Heap before GC invocations=2 (full 0):
 PSYoungGen      total 76800K, used 71425K [0x0000000759500000, 0x000000075ea80000, 0x0000000800000000)
  eden space 66048K, 100% used [0x0000000759500000,0x000000075d580000,0x000000075d580000)
  from space 10752K, 50% used [0x000000075d580000,0x000000075dac06e0,0x000000075e000000)
  to   space 10752K, 0% used [0x000000075e000000,0x000000075e000000,0x000000075ea80000)
 ParOldGen       total 175104K, used 72K [0x000000060c000000, 0x0000000616b00000, 0x0000000759500000)
  object space 175104K, 0% used [0x000000060c000000,0x000000060c012010,0x0000000616b00000)
 PSPermGen       total 22016K, used 21730K [0x0000000606e00000, 0x0000000608380000, 0x000000060c000000)
  object space 22016K, 98% used [0x0000000606e00000,0x00000006083389a0,0x0000000608380000)
Event: 1.360 GC heap after
Heap after GC invocations=2 (full 0):
 PSYoungGen      total 76800K, used 9492K [0x0000000759500000, 0x000000075ea80000, 0x0000000800000000)
  eden space 66048K, 0% used [0x0000000759500000,0x0000000759500000,0x000000075d580000)
  from space 10752K, 88% used [0x000000075e000000,0x000000075e945288,0x000000075ea80000)
  to   space 10752K, 0% used [0x000000075d580000,0x000000075d580000,0x000000075e000000)
 ParOldGen       total 175104K, used 80K [0x000000060c000000, 0x0000000616b00000, 0x0000000759500000)
  object space 175104K, 0% used [0x000000060c000000,0x000000060c014010,0x0000000616b00000)
 PSPermGen       total 22016K, used 21730K [0x0000000606e00000, 0x0000000608380000, 0x000000060c000000)
  object space 22016K, 98% used [0x0000000606e00000,0x00000006083389a0,0x0000000608380000)
}
Event: 2.255 GC heap before
{Heap before GC invocations=3 (full 0):
 PSYoungGen      total 76800K, used 75540K [0x0000000759500000, 0x000000075ea80000, 0x0000000800000000)
  eden space 66048K, 100% used [0x0000000759500000,0x000000075d580000,0x000000075d580000)
  from space 10752K, 88% used [0x000000075e000000,0x000000075e945288,0x000000075ea80000)
  to   space 10752K, 0% used [0x000000075d580000,0x000000075d580000,0x000000075e000000)
 ParOldGen       total 175104K, used 80K [0x000000060c000000, 0x0000000616b00000, 0x0000000759500000)
  object space 175104K, 0% used [0x000000060c000000,0x000000060c014010,0x0000000616b00000)
 PSPermGen       total 35328K, used 35216K [0x0000000606e00000, 0x0000000609080000, 0x000000060c000000)
  object space 35328K, 99% used [0x0000000606e00000,0x0000000609064278,0x0000000609080000)
Event: 2.268 GC heap after
Heap after GC invocations=3 (full 0):
 PSYoungGen      total 76800K, used 10733K [0x0000000759500000, 0x0000000762b00000, 0x0000000800000000)
  eden space 66048K, 0% used [0x0000000759500000,0x0000000759500000,0x000000075d580000)
  from space 10752K, 99% used [0x000000075d580000,0x000000075dffb650,0x000000075e000000)
  to   space 10752K, 0% used [0x0000000762080000,0x0000000762080000,0x0000000762b00000)
 ParOldGen       total 175104K, used 8215K [0x000000060c000000, 0x0000000616b00000, 0x0000000759500000)
  object space 175104K, 4% used [0x000000060c000000,0x000000060c805e60,0x0000000616b00000)
 PSPermGen       total 35328K, used 35216K [0x0000000606e00000, 0x0000000609080000, 0x000000060c000000)
  object space 35328K, 99% used [0x0000000606e00000,0x0000000609064278,0x0000000609080000)
}
Event: 4.567 GC heap before
{Heap before GC invocations=4 (full 0):
 PSYoungGen      total 76800K, used 76781K [0x0000000759500000, 0x0000000762b00000, 0x0000000800000000)
  eden space 66048K, 100% used [0x0000000759500000,0x000000075d580000,0x000000075d580000)
  from space 10752K, 99% used [0x000000075d580000,0x000000075dffb650,0x000000075e000000)
  to   space 10752K, 0% used [0x0000000762080000,0x0000000762080000,0x0000000762b00000)
 ParOldGen       total 175104K, used 8215K [0x000000060c000000, 0x0000000616b00000, 0x0000000759500000)
  object space 175104K, 4% used [0x000000060c000000,0x000000060c805e60,0x0000000616b00000)
 PSPermGen       total 44032K, used 43594K [0x0000000606e00000, 0x0000000609900000, 0x000000060c000000)
  object space 44032K, 99% used [0x0000000606e00000,0x00000006098928e0,0x0000000609900000)
Event: 4.578 GC heap after
Heap after GC invocations=4 (full 0):
 PSYoungGen      total 76800K, used 10748K [0x0000000759500000, 0x0000000762b00000, 0x0000000800000000)
  eden space 66048K, 0% used [0x0000000759500000,0x0000000759500000,0x000000075d580000)
  from space 10752K, 99% used [0x0000000762080000,0x0000000762aff300,0x0000000762b00000)
  to   space 10752K, 0% used [0x000000075d580000,0x000000075d580000,0x000000075e000000)
 ParOldGen       total 175104K, used 15968K [0x000000060c000000, 0x0000000616b00000, 0x0000000759500000)
  object space 175104K, 9% used [0x000000060c000000,0x000000060cf98330,0x0000000616b00000)
 PSPermGen       total 44032K, used 43594K [0x0000000606e00000, 0x0000000609900000, 0x000000060c000000)
  object space 44032K, 99% used [0x0000000606e00000,0x00000006098928e0,0x0000000609900000)
}
Event: 28.323 GC heap before
{Heap before GC invocations=5 (full 0):
 PSYoungGen      total 76800K, used 76796K [0x0000000759500000, 0x0000000762b00000, 0x0000000800000000)
  eden space 66048K, 100% used [0x0000000759500000,0x000000075d580000,0x000000075d580000)
  from space 10752K, 99% used [0x0000000762080000,0x0000000762aff300,0x0000000762b00000)
  to   space 10752K, 0% used [0x000000075d580000,0x000000075d580000,0x000000075e000000)
 ParOldGen       total 175104K, used 15968K [0x000000060c000000, 0x0000000616b00000, 0x0000000759500000)
  object space 175104K, 9% used [0x000000060c000000,0x000000060cf98330,0x0000000616b00000)
 PSPermGen       total 44544K, used 44374K [0x0000000606e00000, 0x0000000609980000, 0x000000060c000000)
  object space 44544K, 99% used [0x0000000606e00000,0x0000000609955be0,0x0000000609980000)
Event: 28.332 GC heap after
Heap after GC invocations=5 (full 0):
 PSYoungGen      total 75264K, used 10729K [0x0000000759500000, 0x0000000762100000, 0x0000000800000000)
  eden space 64512K, 0% used [0x0000000759500000,0x0000000759500000,0x000000075d400000)
  from space 10752K, 99% used [0x000000075d580000,0x000000075dffa718,0x000000075e000000)
  to   space 25088K, 0% used [0x0000000760880000,0x0000000760880000,0x0000000762100000)
 ParOldGen       total 175104K, used 22488K [0x000000060c000000, 0x0000000616b00000, 0x0000000759500000)
  object space 175104K, 12% used [0x000000060c000000,0x000000060d5f6270,0x0000000616b00000)
 PSPermGen       total 44544K, used 44374K [0x0000000606e00000, 0x0000000609980000, 0x000000060c000000)
  object space 44544K, 99% used [0x0000000606e00000,0x0000000609955be0,0x0000000609980000)
}

