# JRE version: Java(TM) SE Runtime Environment (7.0_45-b18) (build 1.7.0_45-b18)
# Java VM: Java HotSpot(TM) 64-Bit Server VM (24.45-b08 mixed mode linux-amd64 compressed oops)
Heap
 PSYoungGen      total 83968K, used 40379K [0x00000000eb280000, 0x00000000f1f00000, 0x0000000100000000)
  eden space 59904K, 48% used [0x00000000eb280000,0x00000000ecef1720,0x00000000eed00000)
  from space 24064K, 46% used [0x00000000f0780000,0x00000000f127d690,0x00000000f1f00000)
  to   space 25600K, 0% used [0x00000000eed00000,0x00000000eed00000,0x00000000f0600000)
 ParOldGen       total 175104K, used 24695K [0x00000000c1800000, 0x00000000cc300000, 0x00000000eb280000)
  object space 175104K, 14% used [0x00000000c1800000,0x00000000c301dfc8,0x00000000cc300000)
 PSPermGen       total 52736K, used 52601K [0x00000000bc600000, 0x00000000bf980000, 0x00000000c1800000)
  object space 52736K, 99% used [0x00000000bc600000,0x00000000bf95e608,0x00000000bf980000)
GC Heap History (10 events):
Event: 10.010 GC heap before
{Heap before GC invocations=4 (full 0):
 PSYoungGen      total 76800K, used 76782K [0x00000000eb280000, 0x00000000f0800000, 0x0000000100000000)
  eden space 66048K, 100% used [0x00000000eb280000,0x00000000ef300000,0x00000000ef300000)
  from space 10752K, 99% used [0x00000000ef300000,0x00000000efd7ba08,0x00000000efd80000)
  to   space 10752K, 0% used [0x00000000efd80000,0x00000000efd80000,0x00000000f0800000)
 ParOldGen       total 175104K, used 6263K [0x00000000c1800000, 0x00000000cc300000, 0x00000000eb280000)
  object space 175104K, 3% used [0x00000000c1800000,0x00000000c1e1dd58,0x00000000cc300000)
 PSPermGen       total 37888K, used 37609K [0x00000000bc600000, 0x00000000beb00000, 0x00000000c1800000)
  object space 37888K, 99% used [0x00000000bc600000,0x00000000beaba750,0x00000000beb00000)
Event: 10.019 GC heap after
Heap after GC invocations=4 (full 0):
 PSYoungGen      total 76800K, used 10741K [0x00000000eb280000, 0x00000000f0800000, 0x0000000100000000)
  eden space 66048K, 0% used [0x00000000eb280000,0x00000000eb280000,0x00000000ef300000)
  from space 10752K, 99% used [0x00000000efd80000,0x00000000f07fd648,0x00000000f0800000)
  to   space 10752K, 0% used [0x00000000ef300000,0x00000000ef300000,0x00000000efd80000)
 ParOldGen       total 175104K, used 11577K [0x00000000c1800000, 0x00000000cc300000, 0x00000000eb280000)
  object space 175104K, 6% used [0x00000000c1800000,0x00000000c234e430,0x00000000cc300000)
 PSPermGen       total 37888K, used 37609K [0x00000000bc600000, 0x00000000beb00000, 0x00000000c1800000)
  object space 37888K, 99% used [0x00000000bc600000,0x00000000beaba750,0x00000000beb00000)
}
Event: 18.506 GC heap before
{Heap before GC invocations=5 (full 0):
 PSYoungGen      total 76800K, used 76789K [0x00000000eb280000, 0x00000000f0800000, 0x0000000100000000)
  eden space 66048K, 100% used [0x00000000eb280000,0x00000000ef300000,0x00000000ef300000)
  from space 10752K, 99% used [0x00000000efd80000,0x00000000f07fd648,0x00000000f0800000)
  to   space 10752K, 0% used [0x00000000ef300000,0x00000000ef300000,0x00000000efd80000)
 ParOldGen       total 175104K, used 11577K [0x00000000c1800000, 0x00000000cc300000, 0x00000000eb280000)
  object space 175104K, 6% used [0x00000000c1800000,0x00000000c234e430,0x00000000cc300000)
 PSPermGen       total 40960K, used 40707K [0x00000000bc600000, 0x00000000bee00000, 0x00000000c1800000)
  object space 40960K, 99% used [0x00000000bc600000,0x00000000bedc0dd0,0x00000000bee00000)
Event: 18.515 GC heap after
Heap after GC invocations=5 (full 0):
 PSYoungGen      total 75264K, used 10740K [0x00000000eb280000, 0x00000000f1c80000, 0x0000000100000000)
  eden space 64512K, 0% used [0x00000000eb280000,0x00000000eb280000,0x00000000ef180000)
  from space 10752K, 99% used [0x00000000ef300000,0x00000000efd7d1b0,0x00000000efd80000)
  to   space 22016K, 0% used [0x00000000f0700000,0x00000000f0700000,0x00000000f1c80000)
 ParOldGen       total 175104K, used 16258K [0x00000000c1800000, 0x00000000cc300000, 0x00000000eb280000)
  object space 175104K, 9% used [0x00000000c1800000,0x00000000c27e0848,0x00000000cc300000)
 PSPermGen       total 40960K, used 40707K [0x00000000bc600000, 0x00000000bee00000, 0x00000000c1800000)
  object space 40960K, 99% used [0x00000000bc600000,0x00000000bedc0dd0,0x00000000bee00000)
}
Event: 33.093 GC heap before
{Heap before GC invocations=6 (full 0):
 PSYoungGen      total 75264K, used 75252K [0x00000000eb280000, 0x00000000f1c80000, 0x0000000100000000)
  eden space 64512K, 100% used [0x00000000eb280000,0x00000000ef180000,0x00000000ef180000)
  from space 10752K, 99% used [0x00000000ef300000,0x00000000efd7d1b0,0x00000000efd80000)
  to   space 22016K, 0% used [0x00000000f0700000,0x00000000f0700000,0x00000000f1c80000)
 ParOldGen       total 175104K, used 16258K [0x00000000c1800000, 0x00000000cc300000, 0x00000000eb280000)
  object space 175104K, 9% used [0x00000000c1800000,0x00000000c27e0848,0x00000000cc300000)
 PSPermGen       total 43520K, used 43380K [0x00000000bc600000, 0x00000000bf080000, 0x00000000c1800000)
  object space 43520K, 99% used [0x00000000bc600000,0x00000000bf05d290,0x00000000bf080000)
Event: 33.103 GC heap after
Heap after GC invocations=6 (full 0):
 PSYoungGen      total 83968K, used 19370K [0x00000000eb280000, 0x00000000f2000000, 0x0000000100000000)
  eden space 61952K, 0% used [0x00000000eb280000,0x00000000eb280000,0x00000000eef00000)
  from space 22016K, 87% used [0x00000000f0700000,0x00000000f19ea890,0x00000000f1c80000)
  to   space 24576K, 0% used [0x00000000eef00000,0x00000000eef00000,0x00000000f0700000)
 ParOldGen       total 175104K, used 16258K [0x00000000c1800000, 0x00000000cc300000, 0x00000000eb280000)
  object space 175104K, 9% used [0x00000000c1800000,0x00000000c27e0848,0x00000000cc300000)
 PSPermGen       total 43520K, used 43380K [0x00000000bc600000, 0x00000000bf080000, 0x00000000c1800000)
  object space 43520K, 99% used [0x00000000bc600000,0x00000000bf05d290,0x00000000bf080000)
}
Event: 33.971 GC heap before
{Heap before GC invocations=7 (full 0):
 PSYoungGen      total 83968K, used 81322K [0x00000000eb280000, 0x00000000f2000000, 0x0000000100000000)
  eden space 61952K, 100% used [0x00000000eb280000,0x00000000eef00000,0x00000000eef00000)
  from space 22016K, 87% used [0x00000000f0700000,0x00000000f19ea890,0x00000000f1c80000)
  to   space 24576K, 0% used [0x00000000eef00000,0x00000000eef00000,0x00000000f0700000)
 ParOldGen       total 175104K, used 16258K [0x00000000c1800000, 0x00000000cc300000, 0x00000000eb280000)
  object space 175104K, 9% used [0x00000000c1800000,0x00000000c27e0848,0x00000000cc300000)
 PSPermGen       total 51712K, used 51262K [0x00000000bc600000, 0x00000000bf880000, 0x00000000c1800000)
  object space 51712K, 99% used [0x00000000bc600000,0x00000000bf80f8e0,0x00000000bf880000)
Event: 33.982 GC heap after
Heap after GC invocations=7 (full 0):
 PSYoungGen      total 85504K, used 20632K [0x00000000eb280000, 0x00000000f2100000, 0x0000000100000000)
  eden space 60928K, 0% used [0x00000000eb280000,0x00000000eb280000,0x00000000eee00000)
  from space 24576K, 83% used [0x00000000eef00000,0x00000000f0326348,0x00000000f0700000)
  to   space 26112K, 0% used [0x00000000f0780000,0x00000000f0780000,0x00000000f2100000)
 ParOldGen       total 175104K, used 20468K [0x00000000c1800000, 0x00000000cc300000, 0x00000000eb280000)
  object space 175104K, 11% used [0x00000000c1800000,0x00000000c2bfd110,0x00000000cc300000)
 PSPermGen       total 51712K, used 51262K [0x00000000bc600000, 0x00000000bf880000, 0x00000000c1800000)
  object space 51712K, 99% used [0x00000000bc600000,0x00000000bf80f8e0,0x00000000bf880000)
}
Event: 38.014 GC heap before
{Heap before GC invocations=8 (full 0):
 PSYoungGen      total 85504K, used 81560K [0x00000000eb280000, 0x00000000f2100000, 0x0000000100000000)
  eden space 60928K, 100% used [0x00000000eb280000,0x00000000eee00000,0x00000000eee00000)
  from space 24576K, 83% used [0x00000000eef00000,0x00000000f0326348,0x00000000f0700000)
  to   space 26112K, 0% used [0x00000000f0780000,0x00000000f0780000,0x00000000f2100000)
 ParOldGen       total 175104K, used 20468K [0x00000000c1800000, 0x00000000cc300000, 0x00000000eb280000)
  object space 175104K, 11% used [0x00000000c1800000,0x00000000c2bfd110,0x00000000cc300000)
 PSPermGen       total 52736K, used 52302K [0x00000000bc600000, 0x00000000bf980000, 0x00000000c1800000)
  object space 52736K, 99% used [0x00000000bc600000,0x00000000bf913908,0x00000000bf980000)
Event: 38.022 GC heap after
Heap after GC invocations=8 (full 0):
 PSYoungGen      total 83968K, used 11253K [0x00000000eb280000, 0x00000000f1f00000, 0x0000000100000000)
  eden space 59904K, 0% used [0x00000000eb280000,0x00000000eb280000,0x00000000eed00000)
  from space 24064K, 46% used [0x00000000f0780000,0x00000000f127d690,0x00000000f1f00000)
  to   space 25600K, 0% used [0x00000000eed00000,0x00000000eed00000,0x00000000f0600000)
 ParOldGen       total 175104K, used 24695K [0x00000000c1800000, 0x00000000cc300000, 0x00000000eb280000)
  object space 175104K, 14% used [0x00000000c1800000,0x00000000c301dfc8,0x00000000cc300000)
 PSPermGen       total 52736K, used 52302K [0x00000000bc600000, 0x00000000bf980000, 0x00000000c1800000)
  object space 52736K, 99% used [0x00000000bc600000,0x00000000bf913908,0x00000000bf980000)
}

