# JRE version: Java(TM) SE Runtime Environment (7.0_45-b18) (build 1.7.0_45-b18)
# Java VM: Java HotSpot(TM) 64-Bit Server VM (24.45-b08 mixed mode linux-amd64 compressed oops)
Heap
 PSYoungGen      total 238080K, used 106490K [0x0000000759500000, 0x000000076a800000, 0x0000000800000000)
  eden space 196608K, 42% used [0x0000000759500000,0x000000075e75a2d8,0x0000000765500000)
  from space 41472K, 53% used [0x0000000765500000,0x0000000766aa4550,0x0000000767d80000)
  to   space 41984K, 0% used [0x0000000767f00000,0x0000000767f00000,0x000000076a800000)
 ParOldGen       total 1602048K, used 1272097K [0x000000060c000000, 0x000000066dc80000, 0x0000000759500000)
  object space 1602048K, 79% used [0x000000060c000000,0x0000000659a48528,0x000000066dc80000)
 PSPermGen       total 83968K, used 57247K [0x0000000606e00000, 0x000000060c000000, 0x000000060c000000)
  object space 83968K, 68% used [0x0000000606e00000,0x000000060a5e7f88,0x000000060c000000)
GC Heap History (10 events):
Event: 2095.517 GC heap before
{Heap before GC invocations=89 (full 6):
 PSYoungGen      total 225792K, used 206071K [0x0000000759500000, 0x0000000769200000, 0x0000000800000000)
  eden space 195584K, 100% used [0x0000000759500000,0x0000000765400000,0x0000000765400000)
  from space 30208K, 34% used [0x0000000767480000,0x0000000767ebdfa8,0x0000000769200000)
  to   space 31744K, 0% used [0x0000000765400000,0x0000000765400000,0x0000000767300000)
 ParOldGen       total 1602048K, used 1270177K [0x000000060c000000, 0x000000066dc80000, 0x0000000759500000)
  object space 1602048K, 79% used [0x000000060c000000,0x0000000659868528,0x000000066dc80000)
 PSPermGen       total 83968K, used 56965K [0x0000000606e00000, 0x000000060c000000, 0x000000060c000000)
  object space 83968K, 67% used [0x0000000606e00000,0x000000060a5a1798,0x000000060c000000)
Event: 2095.564 GC heap after
Heap after GC invocations=89 (full 6):
 PSYoungGen      total 227328K, used 31727K [0x0000000759500000, 0x000000076a280000, 0x0000000800000000)
  eden space 195584K, 0% used [0x0000000759500000,0x0000000759500000,0x0000000765400000)
  from space 31744K, 99% used [0x0000000765400000,0x00000007672fbd48,0x0000000767300000)
  to   space 39424K, 0% used [0x0000000767c00000,0x0000000767c00000,0x000000076a280000)
 ParOldGen       total 1602048K, used 1271569K [0x000000060c000000, 0x000000066dc80000, 0x0000000759500000)
  object space 1602048K, 79% used [0x000000060c000000,0x00000006599c4528,0x000000066dc80000)
 PSPermGen       total 83968K, used 56965K [0x0000000606e00000, 0x000000060c000000, 0x000000060c000000)
  object space 83968K, 67% used [0x0000000606e00000,0x000000060a5a1798,0x000000060c000000)
}
Event: 2097.913 GC heap before
{Heap before GC invocations=90 (full 6):
 PSYoungGen      total 227328K, used 227311K [0x0000000759500000, 0x000000076a280000, 0x0000000800000000)
  eden space 195584K, 100% used [0x0000000759500000,0x0000000765400000,0x0000000765400000)
  from space 31744K, 99% used [0x0000000765400000,0x00000007672fbd48,0x0000000767300000)
  to   space 39424K, 0% used [0x0000000767c00000,0x0000000767c00000,0x000000076a280000)
 ParOldGen       total 1602048K, used 1271569K [0x000000060c000000, 0x000000066dc80000, 0x0000000759500000)
  object space 1602048K, 79% used [0x000000060c000000,0x00000006599c4528,0x000000066dc80000)
 PSPermGen       total 83968K, used 57063K [0x0000000606e00000, 0x000000060c000000, 0x000000060c000000)
  object space 83968K, 67% used [0x0000000606e00000,0x000000060a5b9c28,0x000000060c000000)
Event: 2097.923 GC heap after
Heap after GC invocations=90 (full 6):
 PSYoungGen      total 235520K, used 20805K [0x0000000759500000, 0x000000076a480000, 0x0000000800000000)
  eden space 196096K, 0% used [0x0000000759500000,0x0000000759500000,0x0000000765480000)
  from space 39424K, 52% used [0x0000000767c00000,0x0000000769051580,0x000000076a280000)
  to   space 40448K, 0% used [0x0000000765480000,0x0000000765480000,0x0000000767c00000)
 ParOldGen       total 1602048K, used 1271793K [0x000000060c000000, 0x000000066dc80000, 0x0000000759500000)
  object space 1602048K, 79% used [0x000000060c000000,0x00000006599fc528,0x000000066dc80000)
 PSPermGen       total 83968K, used 57063K [0x0000000606e00000, 0x000000060c000000, 0x000000060c000000)
  object space 83968K, 67% used [0x0000000606e00000,0x000000060a5b9c28,0x000000060c000000)
}
Event: 2363.215 GC heap before
{Heap before GC invocations=91 (full 6):
 PSYoungGen      total 235520K, used 216901K [0x0000000759500000, 0x000000076a480000, 0x0000000800000000)
  eden space 196096K, 100% used [0x0000000759500000,0x0000000765480000,0x0000000765480000)
  from space 39424K, 52% used [0x0000000767c00000,0x0000000769051580,0x000000076a280000)
  to   space 40448K, 0% used [0x0000000765480000,0x0000000765480000,0x0000000767c00000)
 ParOldGen       total 1602048K, used 1271793K [0x000000060c000000, 0x000000066dc80000, 0x0000000759500000)
  object space 1602048K, 79% used [0x000000060c000000,0x00000006599fc528,0x000000066dc80000)
 PSPermGen       total 83968K, used 57232K [0x0000000606e00000, 0x000000060c000000, 0x000000060c000000)
  object space 83968K, 68% used [0x0000000606e00000,0x000000060a5e4178,0x000000060c000000)
Event: 2363.225 GC heap after
Heap after GC invocations=91 (full 6):
 PSYoungGen      total 236544K, used 19314K [0x0000000759500000, 0x000000076a580000, 0x0000000800000000)
  eden space 196096K, 0% used [0x0000000759500000,0x0000000759500000,0x0000000765480000)
  from space 40448K, 47% used [0x0000000765480000,0x000000076675cb20,0x0000000767c00000)
  to   space 40960K, 0% used [0x0000000767d80000,0x0000000767d80000,0x000000076a580000)
 ParOldGen       total 1602048K, used 1271793K [0x000000060c000000, 0x000000066dc80000, 0x0000000759500000)
  object space 1602048K, 79% used [0x000000060c000000,0x00000006599fc528,0x000000066dc80000)
 PSPermGen       total 83968K, used 57232K [0x0000000606e00000, 0x000000060c000000, 0x000000060c000000)
  object space 83968K, 68% used [0x0000000606e00000,0x000000060a5e4178,0x000000060c000000)
}
Event: 2413.668 GC heap before
{Heap before GC invocations=92 (full 6):
 PSYoungGen      total 236544K, used 215410K [0x0000000759500000, 0x000000076a580000, 0x0000000800000000)
  eden space 196096K, 100% used [0x0000000759500000,0x0000000765480000,0x0000000765480000)
  from space 40448K, 47% used [0x0000000765480000,0x000000076675cb20,0x0000000767c00000)
  to   space 40960K, 0% used [0x0000000767d80000,0x0000000767d80000,0x000000076a580000)
 ParOldGen       total 1602048K, used 1271793K [0x000000060c000000, 0x000000066dc80000, 0x0000000759500000)
  object space 1602048K, 79% used [0x000000060c000000,0x00000006599fc528,0x000000066dc80000)
 PSPermGen       total 83968K, used 57232K [0x0000000606e00000, 0x000000060c000000, 0x000000060c000000)
  object space 83968K, 68% used [0x0000000606e00000,0x000000060a5e4178,0x000000060c000000)
Event: 2413.679 GC heap after
Heap after GC invocations=92 (full 6):
 PSYoungGen      total 237568K, used 20104K [0x0000000759500000, 0x000000076a680000, 0x0000000800000000)
  eden space 196608K, 0% used [0x0000000759500000,0x0000000759500000,0x0000000765500000)
  from space 40960K, 49% used [0x0000000767d80000,0x0000000769122038,0x000000076a580000)
  to   space 41472K, 0% used [0x0000000765500000,0x0000000765500000,0x0000000767d80000)
 ParOldGen       total 1602048K, used 1271945K [0x000000060c000000, 0x000000066dc80000, 0x0000000759500000)
  object space 1602048K, 79% used [0x000000060c000000,0x0000000659a22528,0x000000066dc80000)
 PSPermGen       total 83968K, used 57232K [0x0000000606e00000, 0x000000060c000000, 0x000000060c000000)
  object space 83968K, 68% used [0x0000000606e00000,0x000000060a5e4178,0x000000060c000000)
}
Event: 2469.815 GC heap before
{Heap before GC invocations=93 (full 6):
 PSYoungGen      total 237568K, used 216712K [0x0000000759500000, 0x000000076a680000, 0x0000000800000000)
  eden space 196608K, 100% used [0x0000000759500000,0x0000000765500000,0x0000000765500000)
  from space 40960K, 49% used [0x0000000767d80000,0x0000000769122038,0x000000076a580000)
  to   space 41472K, 0% used [0x0000000765500000,0x0000000765500000,0x0000000767d80000)
 ParOldGen       total 1602048K, used 1271945K [0x000000060c000000, 0x000000066dc80000, 0x0000000759500000)
  object space 1602048K, 79% used [0x000000060c000000,0x0000000659a22528,0x000000066dc80000)
 PSPermGen       total 83968K, used 57232K [0x0000000606e00000, 0x000000060c000000, 0x000000060c000000)
  object space 83968K, 68% used [0x0000000606e00000,0x000000060a5e4178,0x000000060c000000)
Event: 2469.827 GC heap after
Heap after GC invocations=93 (full 6):
 PSYoungGen      total 238080K, used 22161K [0x0000000759500000, 0x000000076a800000, 0x0000000800000000)
  eden space 196608K, 0% used [0x0000000759500000,0x0000000759500000,0x0000000765500000)
  from space 41472K, 53% used [0x0000000765500000,0x0000000766aa4550,0x0000000767d80000)
  to   space 41984K, 0% used [0x0000000767f00000,0x0000000767f00000,0x000000076a800000)
 ParOldGen       total 1602048K, used 1272097K [0x000000060c000000, 0x000000066dc80000, 0x0000000759500000)
  object space 1602048K, 79% used [0x000000060c000000,0x0000000659a48528,0x000000066dc80000)
 PSPermGen       total 83968K, used 57232K [0x0000000606e00000, 0x000000060c000000, 0x000000060c000000)
  object space 83968K, 68% used [0x0000000606e00000,0x000000060a5e4178,0x000000060c000000)
}

