# JRE version: Java(TM) SE Runtime Environment (7.0_45-b18) (build 1.7.0_45-b18)
# Java VM: Java HotSpot(TM) 64-Bit Server VM (24.45-b08 mixed mode linux-amd64 compressed oops)
Heap
 PSYoungGen      total 78848K, used 75600K [0x0000000759500000, 0x0000000762100000, 0x0000000800000000)
  eden space 61440K, 95% used [0x0000000759500000,0x000000075ce26970,0x000000075d100000)
  from space 17408K, 98% used [0x000000075d280000,0x000000075e32d8a8,0x000000075e380000)
  to   space 40960K, 0% used [0x000000075f900000,0x000000075f900000,0x0000000762100000)
 ParOldGen       total 175104K, used 59294K [0x000000060c000000, 0x0000000616b00000, 0x0000000759500000)
  object space 175104K, 33% used [0x000000060c000000,0x000000060f9e7910,0x0000000616b00000)
 PSPermGen       total 52224K, used 52169K [0x0000000606e00000, 0x000000060a100000, 0x000000060c000000)
  object space 52224K, 99% used [0x0000000606e00000,0x000000060a0f25f0,0x000000060a100000)
GC Heap History (10 events):
Event: 3.512 GC heap before
{Heap before GC invocations=3 (full 0):
 PSYoungGen      total 76800K, used 75512K [0x0000000759500000, 0x000000075ea80000, 0x0000000800000000)
  eden space 66048K, 100% used [0x0000000759500000,0x000000075d580000,0x000000075d580000)
  from space 10752K, 88% used [0x000000075e000000,0x000000075e93e3f8,0x000000075ea80000)
  to   space 10752K, 0% used [0x000000075d580000,0x000000075d580000,0x000000075e000000)
 ParOldGen       total 175104K, used 80K [0x000000060c000000, 0x0000000616b00000, 0x0000000759500000)
  object space 175104K, 0% used [0x000000060c000000,0x000000060c014010,0x0000000616b00000)
 PSPermGen       total 34304K, used 34077K [0x0000000606e00000, 0x0000000608f80000, 0x000000060c000000)
  object space 34304K, 99% used [0x0000000606e00000,0x0000000608f477e0,0x0000000608f80000)
Event: 3.524 GC heap after
Heap after GC invocations=3 (full 0):
 PSYoungGen      total 76800K, used 10726K [0x0000000759500000, 0x000000075ea80000, 0x0000000800000000)
  eden space 66048K, 0% used [0x0000000759500000,0x0000000759500000,0x000000075d580000)
  from space 10752K, 99% used [0x000000075d580000,0x000000075dff99a0,0x000000075e000000)
  to   space 10752K, 0% used [0x000000075e000000,0x000000075e000000,0x000000075ea80000)
 ParOldGen       total 175104K, used 5724K [0x000000060c000000, 0x0000000616b00000, 0x0000000759500000)
  object space 175104K, 3% used [0x000000060c000000,0x000000060c5971a8,0x0000000616b00000)
 PSPermGen       total 34304K, used 34077K [0x0000000606e00000, 0x0000000608f80000, 0x000000060c000000)
  object space 34304K, 99% used [0x0000000606e00000,0x0000000608f477e0,0x0000000608f80000)
}
Event: 5.190 GC heap before
{Heap before GC invocations=4 (full 0):
 PSYoungGen      total 76800K, used 76085K [0x0000000759500000, 0x000000075ea80000, 0x0000000800000000)
  eden space 66048K, 98% used [0x0000000759500000,0x000000075d4d3cc8,0x000000075d580000)
  from space 10752K, 99% used [0x000000075d580000,0x000000075dff99a0,0x000000075e000000)
  to   space 10752K, 0% used [0x000000075e000000,0x000000075e000000,0x000000075ea80000)
 ParOldGen       total 175104K, used 5724K [0x000000060c000000, 0x0000000616b00000, 0x0000000759500000)
  object space 175104K, 3% used [0x000000060c000000,0x000000060c5971a8,0x0000000616b00000)
 PSPermGen       total 41472K, used 41311K [0x0000000606e00000, 0x0000000609680000, 0x000000060c000000)
  object space 41472K, 99% used [0x0000000606e00000,0x0000000609657fc8,0x0000000609680000)
Event: 5.198 GC heap after
Heap after GC invocations=4 (full 0):
 PSYoungGen      total 76800K, used 10733K [0x0000000759500000, 0x000000075ea80000, 0x0000000800000000)
  eden space 66048K, 0% used [0x0000000759500000,0x0000000759500000,0x000000075d580000)
  from space 10752K, 99% used [0x000000075e000000,0x000000075ea7b5c0,0x000000075ea80000)
  to   space 10752K, 0% used [0x000000075d580000,0x000000075d580000,0x000000075e000000)
 ParOldGen       total 175104K, used 27094K [0x000000060c000000, 0x0000000616b00000, 0x0000000759500000)
  object space 175104K, 15% used [0x000000060c000000,0x000000060da75b70,0x0000000616b00000)
 PSPermGen       total 41472K, used 41311K [0x0000000606e00000, 0x0000000609680000, 0x000000060c000000)
  object space 41472K, 99% used [0x0000000606e00000,0x0000000609657fc8,0x0000000609680000)
}
Event: 6.776 GC heap before
{Heap before GC invocations=5 (full 0):
 PSYoungGen      total 76800K, used 76781K [0x0000000759500000, 0x000000075ea80000, 0x0000000800000000)
  eden space 66048K, 100% used [0x0000000759500000,0x000000075d580000,0x000000075d580000)
  from space 10752K, 99% used [0x000000075e000000,0x000000075ea7b5c0,0x000000075ea80000)
  to   space 10752K, 0% used [0x000000075d580000,0x000000075d580000,0x000000075e000000)
 ParOldGen       total 175104K, used 27094K [0x000000060c000000, 0x0000000616b00000, 0x0000000759500000)
  object space 175104K, 15% used [0x000000060c000000,0x000000060da75b70,0x0000000616b00000)
 PSPermGen       total 46592K, used 46158K [0x0000000606e00000, 0x0000000609b80000, 0x000000060c000000)
  object space 46592K, 99% used [0x0000000606e00000,0x0000000609b13b60,0x0000000609b80000)
Event: 6.787 GC heap after
Heap after GC invocations=5 (full 0):
 PSYoungGen      total 75264K, used 10751K [0x0000000759500000, 0x0000000762f00000, 0x0000000800000000)
  eden space 64512K, 0% used [0x0000000759500000,0x0000000759500000,0x000000075d400000)
  from space 10752K, 99% used [0x000000075d580000,0x000000075dfffd50,0x000000075e000000)
  to   space 46592K, 0% used [0x0000000760180000,0x0000000760180000,0x0000000762f00000)
 ParOldGen       total 175104K, used 55558K [0x000000060c000000, 0x0000000616b00000, 0x0000000759500000)
  object space 175104K, 31% used [0x000000060c000000,0x000000060f641a28,0x0000000616b00000)
 PSPermGen       total 46592K, used 46158K [0x0000000606e00000, 0x0000000609b80000, 0x000000060c000000)
  object space 46592K, 99% used [0x0000000606e00000,0x0000000609b13b60,0x0000000609b80000)
}
Event: 15.136 GC heap before
{Heap before GC invocations=6 (full 0):
 PSYoungGen      total 75264K, used 75263K [0x0000000759500000, 0x0000000762f00000, 0x0000000800000000)
  eden space 64512K, 100% used [0x0000000759500000,0x000000075d400000,0x000000075d400000)
  from space 10752K, 99% used [0x000000075d580000,0x000000075dfffd50,0x000000075e000000)
  to   space 46592K, 0% used [0x0000000760180000,0x0000000760180000,0x0000000762f00000)
 ParOldGen       total 175104K, used 55558K [0x000000060c000000, 0x0000000616b00000, 0x0000000759500000)
  object space 175104K, 31% used [0x000000060c000000,0x000000060f641a28,0x0000000616b00000)
 PSPermGen       total 49664K, used 49396K [0x0000000606e00000, 0x0000000609e80000, 0x000000060c000000)
  object space 49664K, 99% used [0x0000000606e00000,0x0000000609e3d0f0,0x0000000609e80000)
Event: 15.146 GC heap after
Heap after GC invocations=6 (full 0):
 PSYoungGen      total 101888K, used 15116K [0x0000000759500000, 0x0000000762780000, 0x0000000800000000)
  eden space 62976K, 0% used [0x0000000759500000,0x0000000759500000,0x000000075d280000)
  from space 38912K, 38% used [0x0000000760180000,0x0000000761043118,0x0000000762780000)
  to   space 43520K, 0% used [0x000000075d280000,0x000000075d280000,0x000000075fd00000)
 ParOldGen       total 175104K, used 55566K [0x000000060c000000, 0x0000000616b00000, 0x0000000759500000)
  object space 175104K, 31% used [0x000000060c000000,0x000000060f643a28,0x0000000616b00000)
 PSPermGen       total 49664K, used 49396K [0x0000000606e00000, 0x0000000609e80000, 0x000000060c000000)
  object space 49664K, 99% used [0x0000000606e00000,0x0000000609e3d0f0,0x0000000609e80000)
}
Event: 23.261 GC heap before
{Heap before GC invocations=7 (full 0):
 PSYoungGen      total 101888K, used 78092K [0x0000000759500000, 0x0000000762780000, 0x0000000800000000)
  eden space 62976K, 100% used [0x0000000759500000,0x000000075d280000,0x000000075d280000)
  from space 38912K, 38% used [0x0000000760180000,0x0000000761043118,0x0000000762780000)
  to   space 43520K, 0% used [0x000000075d280000,0x000000075d280000,0x000000075fd00000)
 ParOldGen       total 175104K, used 55566K [0x000000060c000000, 0x0000000616b00000, 0x0000000759500000)
  object space 175104K, 31% used [0x000000060c000000,0x000000060f643a28,0x0000000616b00000)
 PSPermGen       total 50688K, used 50620K [0x0000000606e00000, 0x0000000609f80000, 0x000000060c000000)
  object space 50688K, 99% used [0x0000000606e00000,0x0000000609f6f3b8,0x0000000609f80000)
Event: 23.273 GC heap after
Heap after GC invocations=7 (full 0):
 PSYoungGen      total 78848K, used 17078K [0x0000000759500000, 0x0000000762100000, 0x0000000800000000)
  eden space 61440K, 0% used [0x0000000759500000,0x0000000759500000,0x000000075d100000)
  from space 17408K, 98% used [0x000000075d280000,0x000000075e32d8a8,0x000000075e380000)
  to   space 40960K, 0% used [0x000000075f900000,0x000000075f900000,0x0000000762100000)
 ParOldGen       total 175104K, used 59294K [0x000000060c000000, 0x0000000616b00000, 0x0000000759500000)
  object space 175104K, 33% used [0x000000060c000000,0x000000060f9e7910,0x0000000616b00000)
 PSPermGen       total 50688K, used 50620K [0x0000000606e00000, 0x0000000609f80000, 0x000000060c000000)
  object space 50688K, 99% used [0x0000000606e00000,0x0000000609f6f3b8,0x0000000609f80000)
}

