# JRE version: Java(TM) SE Runtime Environment (7.0_45-b18) (build 1.7.0_45-b18)
# Java VM: Java HotSpot(TM) 64-Bit Server VM (24.45-b08 mixed mode linux-amd64 compressed oops)
Heap
 PSYoungGen      total 55296K, used 40733K [0x0000000759500000, 0x0000000760200000, 0x0000000800000000)
  eden space 52224K, 73% used [0x0000000759500000,0x000000075ba40500,0x000000075c800000)
  from space 3072K, 84% used [0x000000075c900000,0x000000075cb87040,0x000000075cc00000)
  to   space 29696K, 0% used [0x000000075e500000,0x000000075e500000,0x0000000760200000)
 ParOldGen       total 175104K, used 44840K [0x000000060c000000, 0x0000000616b00000, 0x0000000759500000)
  object space 175104K, 25% used [0x000000060c000000,0x000000060ebca0e0,0x0000000616b00000)
 PSPermGen       total 56320K, used 56062K [0x0000000606e00000, 0x000000060a500000, 0x000000060c000000)
  object space 56320K, 99% used [0x0000000606e00000,0x000000060a4bf968,0x000000060a500000)
GC Heap History (10 events):
Event: 512.586 GC heap before
{Heap before GC invocations=9 (full 0):
 PSYoungGen      total 84992K, used 79002K [0x0000000759500000, 0x0000000760680000, 0x0000000800000000)
  eden space 57344K, 100% used [0x0000000759500000,0x000000075cd00000,0x000000075cd00000)
  from space 27648K, 78% used [0x000000075e980000,0x000000075fea69d0,0x0000000760480000)
  to   space 29184K, 0% used [0x000000075cd00000,0x000000075cd00000,0x000000075e980000)
 ParOldGen       total 175104K, used 24781K [0x000000060c000000, 0x0000000616b00000, 0x0000000759500000)
  object space 175104K, 14% used [0x000000060c000000,0x000000060d8335f8,0x0000000616b00000)
 PSPermGen       total 54272K, used 53833K [0x0000000606e00000, 0x000000060a300000, 0x000000060c000000)
  object space 54272K, 99% used [0x0000000606e00000,0x000000060a2927c0,0x000000060a300000)
Event: 512.596 GC heap after
Heap after GC invocations=9 (full 0):
 PSYoungGen      total 67072K, used 10595K [0x0000000759500000, 0x0000000760400000, 0x0000000800000000)
  eden space 56320K, 0% used [0x0000000759500000,0x0000000759500000,0x000000075cc00000)
  from space 10752K, 98% used [0x000000075cd00000,0x000000075d758f88,0x000000075d780000)
  to   space 28672K, 0% used [0x000000075e800000,0x000000075e800000,0x0000000760400000)
 ParOldGen       total 175104K, used 36414K [0x000000060c000000, 0x0000000616b00000, 0x0000000759500000)
  object space 175104K, 20% used [0x000000060c000000,0x000000060e38f9f8,0x0000000616b00000)
 PSPermGen       total 54272K, used 53833K [0x0000000606e00000, 0x000000060a300000, 0x000000060c000000)
  object space 54272K, 99% used [0x0000000606e00000,0x000000060a2927c0,0x000000060a300000)
}
Event: 557.193 GC heap before
{Heap before GC invocations=10 (full 0):
 PSYoungGen      total 67072K, used 66915K [0x0000000759500000, 0x0000000760400000, 0x0000000800000000)
  eden space 56320K, 100% used [0x0000000759500000,0x000000075cc00000,0x000000075cc00000)
  from space 10752K, 98% used [0x000000075cd00000,0x000000075d758f88,0x000000075d780000)
  to   space 28672K, 0% used [0x000000075e800000,0x000000075e800000,0x0000000760400000)
 ParOldGen       total 175104K, used 36414K [0x000000060c000000, 0x0000000616b00000, 0x0000000759500000)
  object space 175104K, 20% used [0x000000060c000000,0x000000060e38f9f8,0x0000000616b00000)
 PSPermGen       total 54784K, used 54424K [0x0000000606e00000, 0x000000060a380000, 0x000000060c000000)
  object space 54784K, 99% used [0x0000000606e00000,0x000000060a3260f0,0x000000060a380000)
Event: 557.199 GC heap after
Heap after GC invocations=10 (full 0):
 PSYoungGen      total 82944K, used 5076K [0x0000000759500000, 0x0000000760300000, 0x0000000800000000)
  eden space 55296K, 0% used [0x0000000759500000,0x0000000759500000,0x000000075cb00000)
  from space 27648K, 18% used [0x000000075e800000,0x000000075ecf50d8,0x0000000760300000)
  to   space 28672K, 0% used [0x000000075cb00000,0x000000075cb00000,0x000000075e700000)
 ParOldGen       total 175104K, used 40418K [0x000000060c000000, 0x0000000616b00000, 0x0000000759500000)
  object space 175104K, 23% used [0x000000060c000000,0x000000060e778b88,0x0000000616b00000)
 PSPermGen       total 54784K, used 54424K [0x0000000606e00000, 0x000000060a380000, 0x000000060c000000)
  object space 54784K, 99% used [0x0000000606e00000,0x000000060a3260f0,0x000000060a380000)
}
Event: 656.126 GC heap before
{Heap before GC invocations=11 (full 0):
 PSYoungGen      total 82944K, used 60372K [0x0000000759500000, 0x0000000760300000, 0x0000000800000000)
  eden space 55296K, 100% used [0x0000000759500000,0x000000075cb00000,0x000000075cb00000)
  from space 27648K, 18% used [0x000000075e800000,0x000000075ecf50d8,0x0000000760300000)
  to   space 28672K, 0% used [0x000000075cb00000,0x000000075cb00000,0x000000075e700000)
 ParOldGen       total 175104K, used 40418K [0x000000060c000000, 0x0000000616b00000, 0x0000000759500000)
  object space 175104K, 23% used [0x000000060c000000,0x000000060e778b88,0x0000000616b00000)
 PSPermGen       total 54784K, used 54781K [0x0000000606e00000, 0x000000060a380000, 0x000000060c000000)
  object space 54784K, 99% used [0x0000000606e00000,0x000000060a37f790,0x000000060a380000)
Event: 656.130 GC heap after
Heap after GC invocations=11 (full 0):
 PSYoungGen      total 82944K, used 1424K [0x0000000759500000, 0x0000000760400000, 0x0000000800000000)
  eden space 54272K, 0% used [0x0000000759500000,0x0000000759500000,0x000000075ca00000)
  from space 28672K, 4% used [0x000000075cb00000,0x000000075cc64130,0x000000075e700000)
  to   space 29696K, 0% used [0x000000075e700000,0x000000075e700000,0x0000000760400000)
 ParOldGen       total 175104K, used 43315K [0x000000060c000000, 0x0000000616b00000, 0x0000000759500000)
  object space 175104K, 24% used [0x000000060c000000,0x000000060ea4ce98,0x0000000616b00000)
 PSPermGen       total 54784K, used 54781K [0x0000000606e00000, 0x000000060a380000, 0x000000060c000000)
  object space 54784K, 99% used [0x0000000606e00000,0x000000060a37f790,0x000000060a380000)
}
Event: 698.750 GC heap before
{Heap before GC invocations=12 (full 0):
 PSYoungGen      total 82944K, used 55696K [0x0000000759500000, 0x0000000760400000, 0x0000000800000000)
  eden space 54272K, 100% used [0x0000000759500000,0x000000075ca00000,0x000000075ca00000)
  from space 28672K, 4% used [0x000000075cb00000,0x000000075cc64130,0x000000075e700000)
  to   space 29696K, 0% used [0x000000075e700000,0x000000075e700000,0x0000000760400000)
 ParOldGen       total 175104K, used 43315K [0x000000060c000000, 0x0000000616b00000, 0x0000000759500000)
  object space 175104K, 24% used [0x000000060c000000,0x000000060ea4ce98,0x0000000616b00000)
 PSPermGen       total 55296K, used 55160K [0x0000000606e00000, 0x000000060a400000, 0x000000060c000000)
  object space 55296K, 99% used [0x0000000606e00000,0x000000060a3de070,0x000000060a400000)
Event: 698.754 GC heap after
Heap after GC invocations=12 (full 0):
 PSYoungGen      total 81920K, used 2713K [0x0000000759500000, 0x0000000760300000, 0x0000000800000000)
  eden space 53248K, 0% used [0x0000000759500000,0x0000000759500000,0x000000075c900000)
  from space 28672K, 9% used [0x000000075e700000,0x000000075e9a6450,0x0000000760300000)
  to   space 29696K, 0% used [0x000000075c900000,0x000000075c900000,0x000000075e600000)
 ParOldGen       total 175104K, used 43699K [0x000000060c000000, 0x0000000616b00000, 0x0000000759500000)
  object space 175104K, 24% used [0x000000060c000000,0x000000060eaacf28,0x0000000616b00000)
 PSPermGen       total 55296K, used 55160K [0x0000000606e00000, 0x000000060a400000, 0x000000060c000000)
  object space 55296K, 99% used [0x0000000606e00000,0x000000060a3de070,0x000000060a400000)
}
Event: 730.988 GC heap before
{Heap before GC invocations=13 (full 0):
 PSYoungGen      total 81920K, used 55961K [0x0000000759500000, 0x0000000760300000, 0x0000000800000000)
  eden space 53248K, 100% used [0x0000000759500000,0x000000075c900000,0x000000075c900000)
  from space 28672K, 9% used [0x000000075e700000,0x000000075e9a6450,0x0000000760300000)
  to   space 29696K, 0% used [0x000000075c900000,0x000000075c900000,0x000000075e600000)
 ParOldGen       total 175104K, used 43699K [0x000000060c000000, 0x0000000616b00000, 0x0000000759500000)
  object space 175104K, 24% used [0x000000060c000000,0x000000060eaacf28,0x0000000616b00000)
 PSPermGen       total 56320K, used 55994K [0x0000000606e00000, 0x000000060a500000, 0x000000060c000000)
  object space 56320K, 99% used [0x0000000606e00000,0x000000060a4ae860,0x000000060a500000)
Event: 730.991 GC heap after
Heap after GC invocations=13 (full 0):
 PSYoungGen      total 55296K, used 2588K [0x0000000759500000, 0x0000000760200000, 0x0000000800000000)
  eden space 52224K, 0% used [0x0000000759500000,0x0000000759500000,0x000000075c800000)
  from space 3072K, 84% used [0x000000075c900000,0x000000075cb87040,0x000000075cc00000)
  to   space 29696K, 0% used [0x000000075e500000,0x000000075e500000,0x0000000760200000)
 ParOldGen       total 175104K, used 44840K [0x000000060c000000, 0x0000000616b00000, 0x0000000759500000)
  object space 175104K, 25% used [0x000000060c000000,0x000000060ebca0e0,0x0000000616b00000)
 PSPermGen       total 56320K, used 55994K [0x0000000606e00000, 0x000000060a500000, 0x000000060c000000)
  object space 56320K, 99% used [0x0000000606e00000,0x000000060a4ae860,0x000000060a500000)
}

