# JRE version: Java(TM) SE Runtime Environment (7.0_45-b18) (build 1.7.0_45-b18)
# Java VM: Java HotSpot(TM) 64-Bit Server VM (24.45-b08 mixed mode linux-amd64 compressed oops)
Heap
 PSYoungGen      total 73216K, used 31743K [0x00000000eb280000, 0x00000000f1a80000, 0x0000000100000000)
  eden space 49664K, 17% used [0x00000000eb280000,0x00000000ebb05200,0x00000000ee300000)
  from space 23552K, 97% used [0x00000000efd80000,0x00000000f13facd0,0x00000000f1480000)
  to   space 27136K, 0% used [0x00000000ee300000,0x00000000ee300000,0x00000000efd80000)
 ParOldGen       total 175104K, used 40635K [0x00000000c1800000, 0x00000000cc300000, 0x00000000eb280000)
  object space 175104K, 23% used [0x00000000c1800000,0x00000000c3faed20,0x00000000cc300000)
 PSPermGen       total 59904K, used 59519K [0x00000000bc600000, 0x00000000c0080000, 0x00000000c1800000)
  object space 59904K, 99% used [0x00000000bc600000,0x00000000c001fdf8,0x00000000c0080000)
GC Heap History (10 events):
Event: 276.185 GC heap before
{Heap before GC invocations=12 (full 0):
 PSYoungGen      total 79872K, used 58016K [0x00000000eb280000, 0x00000000f1880000, 0x0000000100000000)
  eden space 57344K, 100% used [0x00000000eb280000,0x00000000eea80000,0x00000000eea80000)
  from space 22528K, 2% used [0x00000000eeb80000,0x00000000eec28010,0x00000000f0180000)
  to   space 23552K, 0% used [0x00000000f0180000,0x00000000f0180000,0x00000000f1880000)
 ParOldGen       total 175104K, used 35798K [0x00000000c1800000, 0x00000000cc300000, 0x00000000eb280000)
  object space 175104K, 20% used [0x00000000c1800000,0x00000000c3af5938,0x00000000cc300000)
 PSPermGen       total 56832K, used 56776K [0x00000000bc600000, 0x00000000bfd80000, 0x00000000c1800000)
  object space 56832K, 99% used [0x00000000bc600000,0x00000000bfd72338,0x00000000bfd80000)
Event: 276.188 GC heap after
Heap after GC invocations=12 (full 0):
 PSYoungGen      total 79872K, used 1819K [0x00000000eb280000, 0x00000000f1880000, 0x0000000100000000)
  eden space 56320K, 0% used [0x00000000eb280000,0x00000000eb280000,0x00000000ee980000)
  from space 23552K, 7% used [0x00000000f0180000,0x00000000f0346c90,0x00000000f1880000)
  to   space 24064K, 0% used [0x00000000ee980000,0x00000000ee980000,0x00000000f0100000)
 ParOldGen       total 175104K, used 35958K [0x00000000c1800000, 0x00000000cc300000, 0x00000000eb280000)
  object space 175104K, 20% used [0x00000000c1800000,0x00000000c3b1d978,0x00000000cc300000)
 PSPermGen       total 56832K, used 56776K [0x00000000bc600000, 0x00000000bfd80000, 0x00000000c1800000)
  object space 56832K, 99% used [0x00000000bc600000,0x00000000bfd72338,0x00000000bfd80000)
}
Event: 406.770 GC heap before
{Heap before GC invocations=13 (full 0):
 PSYoungGen      total 79872K, used 58139K [0x00000000eb280000, 0x00000000f1880000, 0x0000000100000000)
  eden space 56320K, 100% used [0x00000000eb280000,0x00000000ee980000,0x00000000ee980000)
  from space 23552K, 7% used [0x00000000f0180000,0x00000000f0346c90,0x00000000f1880000)
  to   space 24064K, 0% used [0x00000000ee980000,0x00000000ee980000,0x00000000f0100000)
 ParOldGen       total 175104K, used 35958K [0x00000000c1800000, 0x00000000cc300000, 0x00000000eb280000)
  object space 175104K, 20% used [0x00000000c1800000,0x00000000c3b1d978,0x00000000cc300000)
 PSPermGen       total 57344K, used 56857K [0x00000000bc600000, 0x00000000bfe00000, 0x00000000c1800000)
  object space 57344K, 99% used [0x00000000bc600000,0x00000000bfd86450,0x00000000bfe00000)
Event: 406.773 GC heap after
Heap after GC invocations=13 (full 0):
 PSYoungGen      total 57856K, used 2336K [0x00000000eb280000, 0x00000000f1780000, 0x0000000100000000)
  eden space 55296K, 0% used [0x00000000eb280000,0x00000000eb280000,0x00000000ee880000)
  from space 2560K, 91% used [0x00000000ee980000,0x00000000eebc8030,0x00000000eec00000)
  to   space 24064K, 0% used [0x00000000f0000000,0x00000000f0000000,0x00000000f1780000)
 ParOldGen       total 175104K, used 36758K [0x00000000c1800000, 0x00000000cc300000, 0x00000000eb280000)
  object space 175104K, 20% used [0x00000000c1800000,0x00000000c3be58e8,0x00000000cc300000)
 PSPermGen       total 57344K, used 56857K [0x00000000bc600000, 0x00000000bfe00000, 0x00000000c1800000)
  object space 57344K, 99% used [0x00000000bc600000,0x00000000bfd86450,0x00000000bfe00000)
}
Event: 613.821 GC heap before
{Heap before GC invocations=14 (full 0):
 PSYoungGen      total 57856K, used 57632K [0x00000000eb280000, 0x00000000f1780000, 0x0000000100000000)
  eden space 55296K, 100% used [0x00000000eb280000,0x00000000ee880000,0x00000000ee880000)
  from space 2560K, 91% used [0x00000000ee980000,0x00000000eebc8030,0x00000000eec00000)
  to   space 24064K, 0% used [0x00000000f0000000,0x00000000f0000000,0x00000000f1780000)
 ParOldGen       total 175104K, used 36758K [0x00000000c1800000, 0x00000000cc300000, 0x00000000eb280000)
  object space 175104K, 20% used [0x00000000c1800000,0x00000000c3be58e8,0x00000000cc300000)
 PSPermGen       total 57344K, used 57095K [0x00000000bc600000, 0x00000000bfe00000, 0x00000000c1800000)
  object space 57344K, 99% used [0x00000000bc600000,0x00000000bfdc1f78,0x00000000bfe00000)
Event: 613.824 GC heap after
Heap after GC invocations=14 (full 0):
 PSYoungGen      total 77312K, used 2102K [0x00000000eb280000, 0x00000000f1680000, 0x0000000100000000)
  eden space 54272K, 0% used [0x00000000eb280000,0x00000000eb280000,0x00000000ee780000)
  from space 23040K, 9% used [0x00000000f0000000,0x00000000f020dbc0,0x00000000f1680000)
  to   space 24064K, 0% used [0x00000000ee780000,0x00000000ee780000,0x00000000eff00000)
 ParOldGen       total 175104K, used 37517K [0x00000000c1800000, 0x00000000cc300000, 0x00000000eb280000)
  object space 175104K, 21% used [0x00000000c1800000,0x00000000c3ca37f8,0x00000000cc300000)
 PSPermGen       total 57344K, used 57095K [0x00000000bc600000, 0x00000000bfe00000, 0x00000000c1800000)
  object space 57344K, 99% used [0x00000000bc600000,0x00000000bfdc1f78,0x00000000bfe00000)
}
Event: 653.143 GC heap before
{Heap before GC invocations=15 (full 0):
 PSYoungGen      total 77312K, used 56374K [0x00000000eb280000, 0x00000000f1680000, 0x0000000100000000)
  eden space 54272K, 100% used [0x00000000eb280000,0x00000000ee780000,0x00000000ee780000)
  from space 23040K, 9% used [0x00000000f0000000,0x00000000f020dbc0,0x00000000f1680000)
  to   space 24064K, 0% used [0x00000000ee780000,0x00000000ee780000,0x00000000eff00000)
 ParOldGen       total 175104K, used 37517K [0x00000000c1800000, 0x00000000cc300000, 0x00000000eb280000)
  object space 175104K, 21% used [0x00000000c1800000,0x00000000c3ca37f8,0x00000000cc300000)
 PSPermGen       total 58880K, used 58769K [0x00000000bc600000, 0x00000000bff80000, 0x00000000c1800000)
  object space 58880K, 99% used [0x00000000bc600000,0x00000000bff644a8,0x00000000bff80000)
Event: 653.147 GC heap after
Heap after GC invocations=15 (full 0):
 PSYoungGen      total 57344K, used 3896K [0x00000000eb280000, 0x00000000f1480000, 0x0000000100000000)
  eden space 53248K, 0% used [0x00000000eb280000,0x00000000eb280000,0x00000000ee680000)
  from space 4096K, 95% used [0x00000000ee780000,0x00000000eeb4e0a8,0x00000000eeb80000)
  to   space 23552K, 0% used [0x00000000efd80000,0x00000000efd80000,0x00000000f1480000)
 ParOldGen       total 175104K, used 38084K [0x00000000c1800000, 0x00000000cc300000, 0x00000000eb280000)
  object space 175104K, 21% used [0x00000000c1800000,0x00000000c3d313c0,0x00000000cc300000)
 PSPermGen       total 58880K, used 58769K [0x00000000bc600000, 0x00000000bff80000, 0x00000000c1800000)
  object space 58880K, 99% used [0x00000000bc600000,0x00000000bff644a8,0x00000000bff80000)
}
Event: 1348.617 GC heap before
{Heap before GC invocations=16 (full 0):
 PSYoungGen      total 57344K, used 57144K [0x00000000eb280000, 0x00000000f1480000, 0x0000000100000000)
  eden space 53248K, 100% used [0x00000000eb280000,0x00000000ee680000,0x00000000ee680000)
  from space 4096K, 95% used [0x00000000ee780000,0x00000000eeb4e0a8,0x00000000eeb80000)
  to   space 23552K, 0% used [0x00000000efd80000,0x00000000efd80000,0x00000000f1480000)
 ParOldGen       total 175104K, used 38084K [0x00000000c1800000, 0x00000000cc300000, 0x00000000eb280000)
  object space 175104K, 21% used [0x00000000c1800000,0x00000000c3d313c0,0x00000000cc300000)
 PSPermGen       total 59904K, used 59480K [0x00000000bc600000, 0x00000000c0080000, 0x00000000c1800000)
  object space 59904K, 99% used [0x00000000bc600000,0x00000000c0016060,0x00000000c0080000)
Event: 1348.622 GC heap after
Heap after GC invocations=16 (full 0):
 PSYoungGen      total 73216K, used 23019K [0x00000000eb280000, 0x00000000f1a80000, 0x0000000100000000)
  eden space 49664K, 0% used [0x00000000eb280000,0x00000000eb280000,0x00000000ee300000)
  from space 23552K, 97% used [0x00000000efd80000,0x00000000f13facd0,0x00000000f1480000)
  to   space 27136K, 0% used [0x00000000ee300000,0x00000000ee300000,0x00000000efd80000)
 ParOldGen       total 175104K, used 40635K [0x00000000c1800000, 0x00000000cc300000, 0x00000000eb280000)
  object space 175104K, 23% used [0x00000000c1800000,0x00000000c3faed20,0x00000000cc300000)
 PSPermGen       total 59904K, used 59480K [0x00000000bc600000, 0x00000000c0080000, 0x00000000c1800000)
  object space 59904K, 99% used [0x00000000bc600000,0x00000000c0016060,0x00000000c0080000)
}

