# JRE version: Java(TM) SE Runtime Environment (7.0_45-b18) (build 1.7.0_45-b18)
# Java VM: Java HotSpot(TM) 64-Bit Server VM (24.45-b08 mixed mode linux-amd64 compressed oops)
Heap
 PSYoungGen      total 71680K, used 31617K [0x0000000759500000, 0x000000075fc00000, 0x0000000800000000)
  eden space 59392K, 33% used [0x0000000759500000,0x000000075a84ad50,0x000000075cf00000)
  from space 12288K, 96% used [0x000000075d000000,0x000000075db95938,0x000000075dc00000)
  to   space 23040K, 0% used [0x000000075e580000,0x000000075e580000,0x000000075fc00000)
 ParOldGen       total 175104K, used 28814K [0x000000060c000000, 0x0000000616b00000, 0x0000000759500000)
  object space 175104K, 16% used [0x000000060c000000,0x000000060dc238a0,0x0000000616b00000)
 PSPermGen       total 54784K, used 54467K [0x0000000606e00000, 0x000000060a380000, 0x000000060c000000)
  object space 54784K, 99% used [0x0000000606e00000,0x000000060a330ca0,0x000000060a380000)
GC Heap History (10 events):
Event: 10.320 GC heap before
{Heap before GC invocations=5 (full 0):
 PSYoungGen      total 76800K, used 76693K [0x0000000759500000, 0x000000075ea80000, 0x0000000800000000)
  eden space 66048K, 99% used [0x0000000759500000,0x000000075d56b038,0x000000075d580000)
  from space 10752K, 99% used [0x000000075e000000,0x000000075ea7a548,0x000000075ea80000)
  to   space 10752K, 0% used [0x000000075d580000,0x000000075d580000,0x000000075e000000)
 ParOldGen       total 175104K, used 11240K [0x000000060c000000, 0x0000000616b00000, 0x0000000759500000)
  object space 175104K, 6% used [0x000000060c000000,0x000000060cafa380,0x0000000616b00000)
 PSPermGen       total 41984K, used 41934K [0x0000000606e00000, 0x0000000609700000, 0x000000060c000000)
  object space 41984K, 99% used [0x0000000606e00000,0x00000006096f3bf8,0x0000000609700000)
Event: 10.328 GC heap after
Heap after GC invocations=5 (full 0):
 PSYoungGen      total 75264K, used 10745K [0x0000000759500000, 0x000000075fd00000, 0x0000000800000000)
  eden space 64512K, 0% used [0x0000000759500000,0x0000000759500000,0x000000075d400000)
  from space 10752K, 99% used [0x000000075d580000,0x000000075dffe630,0x000000075e000000)
  to   space 20992K, 0% used [0x000000075e880000,0x000000075e880000,0x000000075fd00000)
 ParOldGen       total 175104K, used 14845K [0x000000060c000000, 0x0000000616b00000, 0x0000000759500000)
  object space 175104K, 8% used [0x000000060c000000,0x000000060ce7f548,0x0000000616b00000)
 PSPermGen       total 41984K, used 41934K [0x0000000606e00000, 0x0000000609700000, 0x000000060c000000)
  object space 41984K, 99% used [0x0000000606e00000,0x00000006096f3bf8,0x0000000609700000)
}
Event: 15.720 GC heap before
{Heap before GC invocations=6 (full 0):
 PSYoungGen      total 75264K, used 75257K [0x0000000759500000, 0x000000075fd00000, 0x0000000800000000)
  eden space 64512K, 100% used [0x0000000759500000,0x000000075d400000,0x000000075d400000)
  from space 10752K, 99% used [0x000000075d580000,0x000000075dffe630,0x000000075e000000)
  to   space 20992K, 0% used [0x000000075e880000,0x000000075e880000,0x000000075fd00000)
 ParOldGen       total 175104K, used 14845K [0x000000060c000000, 0x0000000616b00000, 0x0000000759500000)
  object space 175104K, 8% used [0x000000060c000000,0x000000060ce7f548,0x0000000616b00000)
 PSPermGen       total 50176K, used 49888K [0x0000000606e00000, 0x0000000609f00000, 0x000000060c000000)
  object space 50176K, 99% used [0x0000000606e00000,0x0000000609eb81f8,0x0000000609f00000)
Event: 15.731 GC heap after
Heap after GC invocations=6 (full 0):
 PSYoungGen      total 83456K, used 17748K [0x0000000759500000, 0x000000075ff80000, 0x0000000800000000)
  eden space 62464K, 0% used [0x0000000759500000,0x0000000759500000,0x000000075d200000)
  from space 20992K, 84% used [0x000000075e880000,0x000000075f9d51d0,0x000000075fd00000)
  to   space 23040K, 0% used [0x000000075d200000,0x000000075d200000,0x000000075e880000)
 ParOldGen       total 175104K, used 14853K [0x000000060c000000, 0x0000000616b00000, 0x0000000759500000)
  object space 175104K, 8% used [0x000000060c000000,0x000000060ce81548,0x0000000616b00000)
 PSPermGen       total 50176K, used 49888K [0x0000000606e00000, 0x0000000609f00000, 0x000000060c000000)
  object space 50176K, 99% used [0x0000000606e00000,0x0000000609eb81f8,0x0000000609f00000)
}
Event: 19.614 GC heap before
{Heap before GC invocations=7 (full 0):
 PSYoungGen      total 83456K, used 80212K [0x0000000759500000, 0x000000075ff80000, 0x0000000800000000)
  eden space 62464K, 100% used [0x0000000759500000,0x000000075d200000,0x000000075d200000)
  from space 20992K, 84% used [0x000000075e880000,0x000000075f9d51d0,0x000000075fd00000)
  to   space 23040K, 0% used [0x000000075d200000,0x000000075d200000,0x000000075e880000)
 ParOldGen       total 175104K, used 14853K [0x000000060c000000, 0x0000000616b00000, 0x0000000759500000)
  object space 175104K, 8% used [0x000000060c000000,0x000000060ce81548,0x0000000616b00000)
 PSPermGen       total 54272K, used 53777K [0x0000000606e00000, 0x000000060a300000, 0x000000060c000000)
  object space 54272K, 99% used [0x0000000606e00000,0x000000060a284780,0x000000060a300000)
Event: 19.627 GC heap after
Heap after GC invocations=7 (full 0):
 PSYoungGen      total 84480K, used 19766K [0x0000000759500000, 0x0000000760200000, 0x0000000800000000)
  eden space 61440K, 0% used [0x0000000759500000,0x0000000759500000,0x000000075d100000)
  from space 23040K, 85% used [0x000000075d200000,0x000000075e54db78,0x000000075e880000)
  to   space 25088K, 0% used [0x000000075e980000,0x000000075e980000,0x0000000760200000)
 ParOldGen       total 175104K, used 18862K [0x000000060c000000, 0x0000000616b00000, 0x0000000759500000)
  object space 175104K, 10% used [0x000000060c000000,0x000000060d26b828,0x0000000616b00000)
 PSPermGen       total 54272K, used 53777K [0x0000000606e00000, 0x000000060a300000, 0x000000060c000000)
  object space 54272K, 99% used [0x0000000606e00000,0x000000060a284780,0x000000060a300000)
}
Event: 20.870 GC heap before
{Heap before GC invocations=8 (full 0):
 PSYoungGen      total 84480K, used 81206K [0x0000000759500000, 0x0000000760200000, 0x0000000800000000)
  eden space 61440K, 100% used [0x0000000759500000,0x000000075d100000,0x000000075d100000)
  from space 23040K, 85% used [0x000000075d200000,0x000000075e54db78,0x000000075e880000)
  to   space 25088K, 0% used [0x000000075e980000,0x000000075e980000,0x0000000760200000)
 ParOldGen       total 175104K, used 18862K [0x000000060c000000, 0x0000000616b00000, 0x0000000759500000)
  object space 175104K, 10% used [0x000000060c000000,0x000000060d26b828,0x0000000616b00000)
 PSPermGen       total 54272K, used 54162K [0x0000000606e00000, 0x000000060a300000, 0x000000060c000000)
  object space 54272K, 99% used [0x0000000606e00000,0x000000060a2e4aa8,0x000000060a300000)
Event: 20.878 GC heap after
Heap after GC invocations=8 (full 0):
 PSYoungGen      total 81408K, used 14268K [0x0000000759500000, 0x000000075fe00000, 0x0000000800000000)
  eden space 60416K, 0% used [0x0000000759500000,0x0000000759500000,0x000000075d000000)
  from space 20992K, 67% used [0x000000075e980000,0x000000075f76f008,0x000000075fe00000)
  to   space 23552K, 0% used [0x000000075d000000,0x000000075d000000,0x000000075e700000)
 ParOldGen       total 175104K, used 22726K [0x000000060c000000, 0x0000000616b00000, 0x0000000759500000)
  object space 175104K, 12% used [0x000000060c000000,0x000000060d631920,0x0000000616b00000)
 PSPermGen       total 54272K, used 54162K [0x0000000606e00000, 0x000000060a300000, 0x000000060c000000)
  object space 54272K, 99% used [0x0000000606e00000,0x000000060a2e4aa8,0x000000060a300000)
}
Event: 23.933 GC heap before
{Heap before GC invocations=9 (full 0):
 PSYoungGen      total 81408K, used 74684K [0x0000000759500000, 0x000000075fe00000, 0x0000000800000000)
  eden space 60416K, 100% used [0x0000000759500000,0x000000075d000000,0x000000075d000000)
  from space 20992K, 67% used [0x000000075e980000,0x000000075f76f008,0x000000075fe00000)
  to   space 23552K, 0% used [0x000000075d000000,0x000000075d000000,0x000000075e700000)
 ParOldGen       total 175104K, used 22726K [0x000000060c000000, 0x0000000616b00000, 0x0000000759500000)
  object space 175104K, 12% used [0x000000060c000000,0x000000060d631920,0x0000000616b00000)
 PSPermGen       total 54784K, used 54441K [0x0000000606e00000, 0x000000060a380000, 0x000000060c000000)
  object space 54784K, 99% used [0x0000000606e00000,0x000000060a32a518,0x000000060a380000)
Event: 23.941 GC heap after
Heap after GC invocations=9 (full 0):
 PSYoungGen      total 71680K, used 11862K [0x0000000759500000, 0x000000075fc00000, 0x0000000800000000)
  eden space 59392K, 0% used [0x0000000759500000,0x0000000759500000,0x000000075cf00000)
  from space 12288K, 96% used [0x000000075d000000,0x000000075db95938,0x000000075dc00000)
  to   space 23040K, 0% used [0x000000075e580000,0x000000075e580000,0x000000075fc00000)
 ParOldGen       total 175104K, used 28814K [0x000000060c000000, 0x0000000616b00000, 0x0000000759500000)
  object space 175104K, 16% used [0x000000060c000000,0x000000060dc238a0,0x0000000616b00000)
 PSPermGen       total 54784K, used 54441K [0x0000000606e00000, 0x000000060a380000, 0x000000060c000000)
  object space 54784K, 99% used [0x0000000606e00000,0x000000060a32a518,0x000000060a380000)
}

