# JRE version: Java(TM) SE Runtime Environment (7.0_45-b18) (build 1.7.0_45-b18)
# Java VM: Java HotSpot(TM) 64-Bit Server VM (24.45-b08 mixed mode linux-amd64 compressed oops)
Heap
 PSYoungGen      total 75264K, used 53315K [0x0000000797d00000, 0x000000079ee00000, 0x0000000800000000)
  eden space 64512K, 65% used [0x0000000797d00000,0x000000079a693640,0x000000079bc00000)
  from space 10752K, 99% used [0x000000079bd80000,0x000000079c7fd740,0x000000079c800000)
  to   space 25600K, 0% used [0x000000079d500000,0x000000079d500000,0x000000079ee00000)
 ParOldGen       total 175104K, used 23121K [0x00000006c7800000, 0x00000006d2300000, 0x0000000797d00000)
  object space 175104K, 13% used [0x00000006c7800000,0x00000006c8e94460,0x00000006d2300000)
 PSPermGen       total 46080K, used 45600K [0x00000006c2600000, 0x00000006c5300000, 0x00000006c7800000)
  object space 46080K, 98% used [0x00000006c2600000,0x00000006c52880d0,0x00000006c5300000)
GC Heap History (10 events):
Event: 0.695 GC heap before
{Heap before GC invocations=1 (full 0):
 PSYoungGen      total 76800K, used 66048K [0x0000000797d00000, 0x000000079d280000, 0x0000000800000000)
  eden space 66048K, 100% used [0x0000000797d00000,0x000000079bd80000,0x000000079bd80000)
  from space 10752K, 0% used [0x000000079c800000,0x000000079c800000,0x000000079d280000)
  to   space 10752K, 0% used [0x000000079bd80000,0x000000079bd80000,0x000000079c800000)
 ParOldGen       total 175104K, used 0K [0x00000006c7800000, 0x00000006d2300000, 0x0000000797d00000)
  object space 175104K, 0% used [0x00000006c7800000,0x00000006c7800000,0x00000006d2300000)
 PSPermGen       total 21504K, used 14600K [0x00000006c2600000, 0x00000006c3b00000, 0x00000006c7800000)
  object space 21504K, 67% used [0x00000006c2600000,0x00000006c34423c8,0x00000006c3b00000)
Event: 0.700 GC heap after
Heap after GC invocations=1 (full 0):
 PSYoungGen      total 76800K, used 5457K [0x0000000797d00000, 0x000000079d280000, 0x0000000800000000)
  eden space 66048K, 0% used [0x0000000797d00000,0x0000000797d00000,0x000000079bd80000)
  from space 10752K, 50% used [0x000000079bd80000,0x000000079c2d46f0,0x000000079c800000)
  to   space 10752K, 0% used [0x000000079c800000,0x000000079c800000,0x000000079d280000)
 ParOldGen       total 175104K, used 72K [0x00000006c7800000, 0x00000006d2300000, 0x0000000797d00000)
  object space 175104K, 0% used [0x00000006c7800000,0x00000006c7812010,0x00000006d2300000)
 PSPermGen       total 21504K, used 14600K [0x00000006c2600000, 0x00000006c3b00000, 0x00000006c7800000)
  object space 21504K, 67% used [0x00000006c2600000,0x00000006c34423c8,0x00000006c3b00000)
}
Event: 1.310 GC heap before
{Heap before GC invocations=2 (full 0):
 PSYoungGen      total 76800K, used 71505K [0x0000000797d00000, 0x000000079d280000, 0x0000000800000000)
  eden space 66048K, 100% used [0x0000000797d00000,0x000000079bd80000,0x000000079bd80000)
  from space 10752K, 50% used [0x000000079bd80000,0x000000079c2d46f0,0x000000079c800000)
  to   space 10752K, 0% used [0x000000079c800000,0x000000079c800000,0x000000079d280000)
 ParOldGen       total 175104K, used 72K [0x00000006c7800000, 0x00000006d2300000, 0x0000000797d00000)
  object space 175104K, 0% used [0x00000006c7800000,0x00000006c7812010,0x00000006d2300000)
 PSPermGen       total 22016K, used 21826K [0x00000006c2600000, 0x00000006c3b80000, 0x00000006c7800000)
  object space 22016K, 99% used [0x00000006c2600000,0x00000006c3b50b80,0x00000006c3b80000)
Event: 1.318 GC heap after
Heap after GC invocations=2 (full 0):
 PSYoungGen      total 76800K, used 9603K [0x0000000797d00000, 0x000000079d280000, 0x0000000800000000)
  eden space 66048K, 0% used [0x0000000797d00000,0x0000000797d00000,0x000000079bd80000)
  from space 10752K, 89% used [0x000000079c800000,0x000000079d160ca8,0x000000079d280000)
  to   space 10752K, 0% used [0x000000079bd80000,0x000000079bd80000,0x000000079c800000)
 ParOldGen       total 175104K, used 80K [0x00000006c7800000, 0x00000006d2300000, 0x0000000797d00000)
  object space 175104K, 0% used [0x00000006c7800000,0x00000006c7814010,0x00000006d2300000)
 PSPermGen       total 22016K, used 21826K [0x00000006c2600000, 0x00000006c3b80000, 0x00000006c7800000)
  object space 22016K, 99% used [0x00000006c2600000,0x00000006c3b50b80,0x00000006c3b80000)
}
Event: 2.447 GC heap before
{Heap before GC invocations=3 (full 0):
 PSYoungGen      total 76800K, used 75651K [0x0000000797d00000, 0x000000079d280000, 0x0000000800000000)
  eden space 66048K, 100% used [0x0000000797d00000,0x000000079bd80000,0x000000079bd80000)
  from space 10752K, 89% used [0x000000079c800000,0x000000079d160ca8,0x000000079d280000)
  to   space 10752K, 0% used [0x000000079bd80000,0x000000079bd80000,0x000000079c800000)
 ParOldGen       total 175104K, used 80K [0x00000006c7800000, 0x00000006d2300000, 0x0000000797d00000)
  object space 175104K, 0% used [0x00000006c7800000,0x00000006c7814010,0x00000006d2300000)
 PSPermGen       total 37888K, used 37425K [0x00000006c2600000, 0x00000006c4b00000, 0x00000006c7800000)
  object space 37888K, 98% used [0x00000006c2600000,0x00000006c4a8c6e8,0x00000006c4b00000)
Event: 2.458 GC heap after
Heap after GC invocations=3 (full 0):
 PSYoungGen      total 76800K, used 10721K [0x0000000797d00000, 0x000000079d280000, 0x0000000800000000)
  eden space 66048K, 0% used [0x0000000797d00000,0x0000000797d00000,0x000000079bd80000)
  from space 10752K, 99% used [0x000000079bd80000,0x000000079c7f8520,0x000000079c800000)
  to   space 10752K, 0% used [0x000000079c800000,0x000000079c800000,0x000000079d280000)
 ParOldGen       total 175104K, used 8717K [0x00000006c7800000, 0x00000006d2300000, 0x0000000797d00000)
  object space 175104K, 4% used [0x00000006c7800000,0x00000006c8083510,0x00000006d2300000)
 PSPermGen       total 37888K, used 37425K [0x00000006c2600000, 0x00000006c4b00000, 0x00000006c7800000)
  object space 37888K, 98% used [0x00000006c2600000,0x00000006c4a8c6e8,0x00000006c4b00000)
}
Event: 9.405 GC heap before
{Heap before GC invocations=4 (full 0):
 PSYoungGen      total 76800K, used 76769K [0x0000000797d00000, 0x000000079d280000, 0x0000000800000000)
  eden space 66048K, 100% used [0x0000000797d00000,0x000000079bd80000,0x000000079bd80000)
  from space 10752K, 99% used [0x000000079bd80000,0x000000079c7f8520,0x000000079c800000)
  to   space 10752K, 0% used [0x000000079c800000,0x000000079c800000,0x000000079d280000)
 ParOldGen       total 175104K, used 8717K [0x00000006c7800000, 0x00000006d2300000, 0x0000000797d00000)
  object space 175104K, 4% used [0x00000006c7800000,0x00000006c8083510,0x00000006d2300000)
 PSPermGen       total 44032K, used 43610K [0x00000006c2600000, 0x00000006c5100000, 0x00000006c7800000)
  object space 44032K, 99% used [0x00000006c2600000,0x00000006c5096af8,0x00000006c5100000)
Event: 9.416 GC heap after
Heap after GC invocations=4 (full 0):
 PSYoungGen      total 76800K, used 10743K [0x0000000797d00000, 0x000000079d280000, 0x0000000800000000)
  eden space 66048K, 0% used [0x0000000797d00000,0x0000000797d00000,0x000000079bd80000)
  from space 10752K, 99% used [0x000000079c800000,0x000000079d27de30,0x000000079d280000)
  to   space 10752K, 0% used [0x000000079bd80000,0x000000079bd80000,0x000000079c800000)
 ParOldGen       total 175104K, used 16610K [0x00000006c7800000, 0x00000006d2300000, 0x0000000797d00000)
  object space 175104K, 9% used [0x00000006c7800000,0x00000006c8838810,0x00000006d2300000)
 PSPermGen       total 44032K, used 43610K [0x00000006c2600000, 0x00000006c5100000, 0x00000006c7800000)
  object space 44032K, 99% used [0x00000006c2600000,0x00000006c5096af8,0x00000006c5100000)
}
Event: 219.487 GC heap before
{Heap before GC invocations=5 (full 0):
 PSYoungGen      total 76800K, used 76791K [0x0000000797d00000, 0x000000079d280000, 0x0000000800000000)
  eden space 66048K, 100% used [0x0000000797d00000,0x000000079bd80000,0x000000079bd80000)
  from space 10752K, 99% used [0x000000079c800000,0x000000079d27de30,0x000000079d280000)
  to   space 10752K, 0% used [0x000000079bd80000,0x000000079bd80000,0x000000079c800000)
 ParOldGen       total 175104K, used 16610K [0x00000006c7800000, 0x00000006d2300000, 0x0000000797d00000)
  object space 175104K, 9% used [0x00000006c7800000,0x00000006c8838810,0x00000006d2300000)
 PSPermGen       total 44544K, used 44408K [0x00000006c2600000, 0x00000006c5180000, 0x00000006c7800000)
  object space 44544K, 99% used [0x00000006c2600000,0x00000006c515e138,0x00000006c5180000)
Event: 219.495 GC heap after
Heap after GC invocations=5 (full 0):
 PSYoungGen      total 75264K, used 10741K [0x0000000797d00000, 0x000000079ee00000, 0x0000000800000000)
  eden space 64512K, 0% used [0x0000000797d00000,0x0000000797d00000,0x000000079bc00000)
  from space 10752K, 99% used [0x000000079bd80000,0x000000079c7fd740,0x000000079c800000)
  to   space 25600K, 0% used [0x000000079d500000,0x000000079d500000,0x000000079ee00000)
 ParOldGen       total 175104K, used 23121K [0x00000006c7800000, 0x00000006d2300000, 0x0000000797d00000)
  object space 175104K, 13% used [0x00000006c7800000,0x00000006c8e94460,0x00000006d2300000)
 PSPermGen       total 44544K, used 44408K [0x00000006c2600000, 0x00000006c5180000, 0x00000006c7800000)
  object space 44544K, 99% used [0x00000006c2600000,0x00000006c515e138,0x00000006c5180000)
}

