# JRE version: Java(TM) SE Runtime Environment (7.0_45-b18) (build 1.7.0_45-b18)
# Java VM: Java HotSpot(TM) 64-Bit Server VM (24.45-b08 mixed mode linux-amd64 compressed oops)
Heap
 PSYoungGen      total 165888K, used 36908K [0x0000000797d00000, 0x00000007aac00000, 0x0000000800000000)
  eden space 140288K, 8% used [0x0000000797d00000,0x000000079887e8f0,0x00000007a0600000)
  from space 25600K, 98% used [0x00000007a9300000,0x00000007aab8ca78,0x00000007aac00000)
  to   space 50176K, 0% used [0x00000007a4a00000,0x00000007a4a00000,0x00000007a7b00000)
 ParOldGen       total 175104K, used 79948K [0x00000006c7800000, 0x00000006d2300000, 0x0000000797d00000)
  object space 175104K, 45% used [0x00000006c7800000,0x00000006cc613348,0x00000006d2300000)
 PSPermGen       total 52736K, used 52661K [0x00000006c2600000, 0x00000006c5980000, 0x00000006c7800000)
  object space 52736K, 99% used [0x00000006c2600000,0x00000006c596d470,0x00000006c5980000)
GC Heap History (10 events):
Event: 9.938 GC heap before
{Heap before GC invocations=6 (full 0):
 PSYoungGen      total 75264K, used 75257K [0x0000000797d00000, 0x00000007a0900000, 0x0000000800000000)
  eden space 64512K, 100% used [0x0000000797d00000,0x000000079bc00000,0x000000079bc00000)
  from space 10752K, 99% used [0x000000079bd80000,0x000000079c7fe790,0x000000079c800000)
  to   space 35840K, 0% used [0x000000079e600000,0x000000079e600000,0x00000007a0900000)
 ParOldGen       total 175104K, used 38006K [0x00000006c7800000, 0x00000006d2300000, 0x0000000797d00000)
  object space 175104K, 21% used [0x00000006c7800000,0x00000006c9d1dba0,0x00000006d2300000)
 PSPermGen       total 45568K, used 45529K [0x00000006c2600000, 0x00000006c5280000, 0x00000006c7800000)
  object space 45568K, 99% used [0x00000006c2600000,0x00000006c52765c0,0x00000006c5280000)
Event: 9.952 GC heap after
Heap after GC invocations=6 (full 0):
 PSYoungGen      total 108544K, used 20460K [0x0000000797d00000, 0x00000007a3f00000, 0x0000000800000000)
  eden space 72704K, 0% used [0x0000000797d00000,0x0000000797d00000,0x000000079c400000)
  from space 35840K, 57% used [0x000000079e600000,0x000000079f9fb380,0x00000007a0900000)
  to   space 34816K, 0% used [0x000000079c400000,0x000000079c400000,0x000000079e600000)
 ParOldGen       total 175104K, used 38006K [0x00000006c7800000, 0x00000006d2300000, 0x0000000797d00000)
  object space 175104K, 21% used [0x00000006c7800000,0x00000006c9d1dba0,0x00000006d2300000)
 PSPermGen       total 45568K, used 45529K [0x00000006c2600000, 0x00000006c5280000, 0x00000006c7800000)
  object space 45568K, 99% used [0x00000006c2600000,0x00000006c52765c0,0x00000006c5280000)
}
Event: 11.207 GC heap before
{Heap before GC invocations=7 (full 0):
 PSYoungGen      total 108544K, used 93164K [0x0000000797d00000, 0x00000007a3f00000, 0x0000000800000000)
  eden space 72704K, 100% used [0x0000000797d00000,0x000000079c400000,0x000000079c400000)
  from space 35840K, 57% used [0x000000079e600000,0x000000079f9fb380,0x00000007a0900000)
  to   space 34816K, 0% used [0x000000079c400000,0x000000079c400000,0x000000079e600000)
 ParOldGen       total 175104K, used 38006K [0x00000006c7800000, 0x00000006d2300000, 0x0000000797d00000)
  object space 175104K, 21% used [0x00000006c7800000,0x00000006c9d1dba0,0x00000006d2300000)
 PSPermGen       total 47104K, used 46818K [0x00000006c2600000, 0x00000006c5400000, 0x00000006c7800000)
  object space 47104K, 99% used [0x00000006c2600000,0x00000006c53b8a80,0x00000006c5400000)
Event: 11.228 GC heap after
Heap after GC invocations=7 (full 0):
 PSYoungGen      total 107520K, used 29181K [0x0000000797d00000, 0x00000007a5600000, 0x0000000800000000)
  eden space 72704K, 0% used [0x0000000797d00000,0x0000000797d00000,0x000000079c400000)
  from space 34816K, 83% used [0x000000079c400000,0x000000079e07f710,0x000000079e600000)
  to   space 38400K, 0% used [0x00000007a3080000,0x00000007a3080000,0x00000007a5600000)
 ParOldGen       total 175104K, used 42241K [0x00000006c7800000, 0x00000006d2300000, 0x0000000797d00000)
  object space 175104K, 24% used [0x00000006c7800000,0x00000006ca1406b0,0x00000006d2300000)
 PSPermGen       total 47104K, used 46818K [0x00000006c2600000, 0x00000006c5400000, 0x00000006c7800000)
  object space 47104K, 99% used [0x00000006c2600000,0x00000006c53b8a80,0x00000006c5400000)
}
Event: 15.615 GC heap before
{Heap before GC invocations=8 (full 0):
 PSYoungGen      total 107520K, used 101885K [0x0000000797d00000, 0x00000007a5600000, 0x0000000800000000)
  eden space 72704K, 100% used [0x0000000797d00000,0x000000079c400000,0x000000079c400000)
  from space 34816K, 83% used [0x000000079c400000,0x000000079e07f710,0x000000079e600000)
  to   space 38400K, 0% used [0x00000007a3080000,0x00000007a3080000,0x00000007a5600000)
 ParOldGen       total 175104K, used 42241K [0x00000006c7800000, 0x00000006d2300000, 0x0000000797d00000)
  object space 175104K, 24% used [0x00000006c7800000,0x00000006ca1406b0,0x00000006d2300000)
 PSPermGen       total 50176K, used 49918K [0x00000006c2600000, 0x00000006c5700000, 0x00000006c7800000)
  object space 50176K, 99% used [0x00000006c2600000,0x00000006c56bfb60,0x00000006c5700000)
Event: 15.633 GC heap after
Heap after GC invocations=8 (full 0):
 PSYoungGen      total 183296K, used 26420K [0x0000000797d00000, 0x00000007a5700000, 0x0000000800000000)
  eden space 144896K, 0% used [0x0000000797d00000,0x0000000797d00000,0x00000007a0a80000)
  from space 38400K, 68% used [0x00000007a3080000,0x00000007a4a4d350,0x00000007a5600000)
  to   space 38912K, 0% used [0x00000007a0a80000,0x00000007a0a80000,0x00000007a3080000)
 ParOldGen       total 175104K, used 47397K [0x00000006c7800000, 0x00000006d2300000, 0x0000000797d00000)
  object space 175104K, 27% used [0x00000006c7800000,0x00000006ca649498,0x00000006d2300000)
 PSPermGen       total 50176K, used 49918K [0x00000006c2600000, 0x00000006c5700000, 0x00000006c7800000)
  object space 50176K, 99% used [0x00000006c2600000,0x00000006c56bfb60,0x00000006c5700000)
}
Event: 20.967 GC heap before
{Heap before GC invocations=9 (full 0):
 PSYoungGen      total 183296K, used 171316K [0x0000000797d00000, 0x00000007a5700000, 0x0000000800000000)
  eden space 144896K, 100% used [0x0000000797d00000,0x00000007a0a80000,0x00000007a0a80000)
  from space 38400K, 68% used [0x00000007a3080000,0x00000007a4a4d350,0x00000007a5600000)
  to   space 38912K, 0% used [0x00000007a0a80000,0x00000007a0a80000,0x00000007a3080000)
 ParOldGen       total 175104K, used 47406K [0x00000006c7800000, 0x00000006d2300000, 0x0000000797d00000)
  object space 175104K, 27% used [0x00000006c7800000,0x00000006ca64b818,0x00000006d2300000)
 PSPermGen       total 52224K, used 51757K [0x00000006c2600000, 0x00000006c5900000, 0x00000006c7800000)
  object space 52224K, 99% used [0x00000006c2600000,0x00000006c588b578,0x00000006c5900000)
Event: 20.988 GC heap after
Heap after GC invocations=9 (full 0):
 PSYoungGen      total 183808K, used 38895K [0x0000000797d00000, 0x00000007ac680000, 0x0000000800000000)
  eden space 144896K, 0% used [0x0000000797d00000,0x0000000797d00000,0x00000007a0a80000)
  from space 38912K, 99% used [0x00000007a0a80000,0x00000007a307bd10,0x00000007a3080000)
  to   space 52736K, 0% used [0x00000007a9300000,0x00000007a9300000,0x00000007ac680000)
 ParOldGen       total 175104K, used 67886K [0x00000006c7800000, 0x00000006d2300000, 0x0000000797d00000)
  object space 175104K, 38% used [0x00000006c7800000,0x00000006cba4bb28,0x00000006d2300000)
 PSPermGen       total 52224K, used 51757K [0x00000006c2600000, 0x00000006c5900000, 0x00000006c7800000)
  object space 52224K, 99% used [0x00000006c2600000,0x00000006c588b578,0x00000006c5900000)
}
Event: 50.580 GC heap before
{Heap before GC invocations=10 (full 0):
 PSYoungGen      total 183808K, used 183791K [0x0000000797d00000, 0x00000007ac680000, 0x0000000800000000)
  eden space 144896K, 100% used [0x0000000797d00000,0x00000007a0a80000,0x00000007a0a80000)
  from space 38912K, 99% used [0x00000007a0a80000,0x00000007a307bd10,0x00000007a3080000)
  to   space 52736K, 0% used [0x00000007a9300000,0x00000007a9300000,0x00000007ac680000)
 ParOldGen       total 175104K, used 67888K [0x00000006c7800000, 0x00000006d2300000, 0x0000000797d00000)
  object space 175104K, 38% used [0x00000006c7800000,0x00000006cba4c308,0x00000006d2300000)
 PSPermGen       total 52736K, used 52573K [0x00000006c2600000, 0x00000006c5980000, 0x00000006c7800000)
  object space 52736K, 99% used [0x00000006c2600000,0x00000006c5957790,0x00000006c5980000)
Event: 50.595 GC heap after
Heap after GC invocations=10 (full 0):
 PSYoungGen      total 165888K, used 25138K [0x0000000797d00000, 0x00000007aac00000, 0x0000000800000000)
  eden space 140288K, 0% used [0x0000000797d00000,0x0000000797d00000,0x00000007a0600000)
  from space 25600K, 98% used [0x00000007a9300000,0x00000007aab8ca78,0x00000007aac00000)
  to   space 50176K, 0% used [0x00000007a4a00000,0x00000007a4a00000,0x00000007a7b00000)
 ParOldGen       total 175104K, used 79948K [0x00000006c7800000, 0x00000006d2300000, 0x0000000797d00000)
  object space 175104K, 45% used [0x00000006c7800000,0x00000006cc613348,0x00000006d2300000)
 PSPermGen       total 52736K, used 52573K [0x00000006c2600000, 0x00000006c5980000, 0x00000006c7800000)
  object space 52736K, 99% used [0x00000006c2600000,0x00000006c5957790,0x00000006c5980000)
}

