# JRE version: Java(TM) SE Runtime Environment (7.0_45-b18) (build 1.7.0_45-b18)
# Java VM: Java HotSpot(TM) 64-Bit Server VM (24.45-b08 mixed mode linux-amd64 compressed oops)
Heap
 PSYoungGen      total 81408K, used 50437K [0x00000000eb280000, 0x00000000f1c80000, 0x0000000100000000)
  eden space 56320K, 88% used [0x00000000eb280000,0x00000000ee301440,0x00000000ee980000)
  from space 25088K, 3% used [0x00000000f0400000,0x00000000f04c0000,0x00000000f1c80000)
  to   space 26112K, 0% used [0x00000000ee980000,0x00000000ee980000,0x00000000f0300000)
 ParOldGen       total 175104K, used 33504K [0x00000000c1800000, 0x00000000cc300000, 0x00000000eb280000)
  object space 175104K, 19% used [0x00000000c1800000,0x00000000c38b8178,0x00000000cc300000)
 PSPermGen       total 54784K, used 54328K [0x00000000bc600000, 0x00000000bfb80000, 0x00000000c1800000)
  object space 54784K, 99% used [0x00000000bc600000,0x00000000bfb0e088,0x00000000bfb80000)
GC Heap History (10 events):
Event: 53.069 GC heap before
{Heap before GC invocations=8 (full 0):
 PSYoungGen      total 84992K, used 80821K [0x00000000eb280000, 0x00000000f1f80000, 0x0000000100000000)
  eden space 61440K, 100% used [0x00000000eb280000,0x00000000eee80000,0x00000000eee80000)
  from space 23552K, 82% used [0x00000000ef000000,0x00000000f02ed760,0x00000000f0700000)
  to   space 25088K, 0% used [0x00000000f0700000,0x00000000f0700000,0x00000000f1f80000)
 ParOldGen       total 175104K, used 20288K [0x00000000c1800000, 0x00000000cc300000, 0x00000000eb280000)
  object space 175104K, 11% used [0x00000000c1800000,0x00000000c2bd02f0,0x00000000cc300000)
 PSPermGen       total 54272K, used 53918K [0x00000000bc600000, 0x00000000bfb00000, 0x00000000c1800000)
  object space 54272K, 99% used [0x00000000bc600000,0x00000000bfaa78a0,0x00000000bfb00000)
Event: 53.077 GC heap after
Heap after GC invocations=8 (full 0):
 PSYoungGen      total 82432K, used 12887K [0x00000000eb280000, 0x00000000f1c80000, 0x0000000100000000)
  eden space 60416K, 0% used [0x00000000eb280000,0x00000000eb280000,0x00000000eed80000)
  from space 22016K, 58% used [0x00000000f0700000,0x00000000f1395d28,0x00000000f1c80000)
  to   space 24064K, 0% used [0x00000000eed80000,0x00000000eed80000,0x00000000f0500000)
 ParOldGen       total 175104K, used 23447K [0x00000000c1800000, 0x00000000cc300000, 0x00000000eb280000)
  object space 175104K, 13% used [0x00000000c1800000,0x00000000c2ee5d58,0x00000000cc300000)
 PSPermGen       total 54272K, used 53918K [0x00000000bc600000, 0x00000000bfb00000, 0x00000000c1800000)
  object space 54272K, 99% used [0x00000000bc600000,0x00000000bfaa78a0,0x00000000bfb00000)
}
Event: 53.484 GC heap before
{Heap before GC invocations=9 (full 0):
 PSYoungGen      total 82432K, used 73303K [0x00000000eb280000, 0x00000000f1c80000, 0x0000000100000000)
  eden space 60416K, 100% used [0x00000000eb280000,0x00000000eed80000,0x00000000eed80000)
  from space 22016K, 58% used [0x00000000f0700000,0x00000000f1395d28,0x00000000f1c80000)
  to   space 24064K, 0% used [0x00000000eed80000,0x00000000eed80000,0x00000000f0500000)
 ParOldGen       total 175104K, used 23447K [0x00000000c1800000, 0x00000000cc300000, 0x00000000eb280000)
  object space 175104K, 13% used [0x00000000c1800000,0x00000000c2ee5d58,0x00000000cc300000)
 PSPermGen       total 54272K, used 53926K [0x00000000bc600000, 0x00000000bfb00000, 0x00000000c1800000)
  object space 54272K, 99% used [0x00000000bc600000,0x00000000bfaa9b90,0x00000000bfb00000)
Event: 53.489 GC heap after
Heap after GC invocations=9 (full 0):
 PSYoungGen      total 64000K, used 4341K [0x00000000eb280000, 0x00000000f1c80000, 0x0000000100000000)
  eden space 59392K, 0% used [0x00000000eb280000,0x00000000eb280000,0x00000000eec80000)
  from space 4608K, 94% used [0x00000000eed80000,0x00000000ef1bd490,0x00000000ef200000)
  to   space 24576K, 0% used [0x00000000f0480000,0x00000000f0480000,0x00000000f1c80000)
 ParOldGen       total 175104K, used 29660K [0x00000000c1800000, 0x00000000cc300000, 0x00000000eb280000)
  object space 175104K, 16% used [0x00000000c1800000,0x00000000c34f7298,0x00000000cc300000)
 PSPermGen       total 54272K, used 53926K [0x00000000bc600000, 0x00000000bfb00000, 0x00000000c1800000)
  object space 54272K, 99% used [0x00000000bc600000,0x00000000bfaa9b90,0x00000000bfb00000)
}
Event: 53.863 GC heap before
{Heap before GC invocations=10 (full 0):
 PSYoungGen      total 64000K, used 63733K [0x00000000eb280000, 0x00000000f1c80000, 0x0000000100000000)
  eden space 59392K, 100% used [0x00000000eb280000,0x00000000eec80000,0x00000000eec80000)
  from space 4608K, 94% used [0x00000000eed80000,0x00000000ef1bd490,0x00000000ef200000)
  to   space 24576K, 0% used [0x00000000f0480000,0x00000000f0480000,0x00000000f1c80000)
 ParOldGen       total 175104K, used 29660K [0x00000000c1800000, 0x00000000cc300000, 0x00000000eb280000)
  object space 175104K, 16% used [0x00000000c1800000,0x00000000c34f7298,0x00000000cc300000)
 PSPermGen       total 54272K, used 53932K [0x00000000bc600000, 0x00000000bfb00000, 0x00000000c1800000)
  object space 54272K, 99% used [0x00000000bc600000,0x00000000bfaab098,0x00000000bfb00000)
Event: 53.867 GC heap after
Heap after GC invocations=10 (full 0):
 PSYoungGen      total 82944K, used 640K [0x00000000eb280000, 0x00000000f1d80000, 0x0000000100000000)
  eden space 58368K, 0% used [0x00000000eb280000,0x00000000eb280000,0x00000000eeb80000)
  from space 24576K, 2% used [0x00000000f0480000,0x00000000f0520000,0x00000000f1c80000)
  to   space 25600K, 0% used [0x00000000eeb80000,0x00000000eeb80000,0x00000000f0480000)
 ParOldGen       total 175104K, used 33440K [0x00000000c1800000, 0x00000000cc300000, 0x00000000eb280000)
  object space 175104K, 19% used [0x00000000c1800000,0x00000000c38a8178,0x00000000cc300000)
 PSPermGen       total 54272K, used 53932K [0x00000000bc600000, 0x00000000bfb00000, 0x00000000c1800000)
  object space 54272K, 99% used [0x00000000bc600000,0x00000000bfaab098,0x00000000bfb00000)
}
Event: 54.242 GC heap before
{Heap before GC invocations=11 (full 0):
 PSYoungGen      total 82944K, used 59008K [0x00000000eb280000, 0x00000000f1d80000, 0x0000000100000000)
  eden space 58368K, 100% used [0x00000000eb280000,0x00000000eeb80000,0x00000000eeb80000)
  from space 24576K, 2% used [0x00000000f0480000,0x00000000f0520000,0x00000000f1c80000)
  to   space 25600K, 0% used [0x00000000eeb80000,0x00000000eeb80000,0x00000000f0480000)
 ParOldGen       total 175104K, used 33440K [0x00000000c1800000, 0x00000000cc300000, 0x00000000eb280000)
  object space 175104K, 19% used [0x00000000c1800000,0x00000000c38a8178,0x00000000cc300000)
 PSPermGen       total 54272K, used 53936K [0x00000000bc600000, 0x00000000bfb00000, 0x00000000c1800000)
  object space 54272K, 99% used [0x00000000bc600000,0x00000000bfaac280,0x00000000bfb00000)
Event: 54.245 GC heap after
Heap after GC invocations=11 (full 0):
 PSYoungGen      total 58368K, used 608K [0x00000000eb280000, 0x00000000f1d80000, 0x0000000100000000)
  eden space 57344K, 0% used [0x00000000eb280000,0x00000000eb280000,0x00000000eea80000)
  from space 1024K, 59% used [0x00000000eeb80000,0x00000000eec18000,0x00000000eec80000)
  to   space 26112K, 0% used [0x00000000f0400000,0x00000000f0400000,0x00000000f1d80000)
 ParOldGen       total 175104K, used 33496K [0x00000000c1800000, 0x00000000cc300000, 0x00000000eb280000)
  object space 175104K, 19% used [0x00000000c1800000,0x00000000c38b6178,0x00000000cc300000)
 PSPermGen       total 54272K, used 53936K [0x00000000bc600000, 0x00000000bfb00000, 0x00000000c1800000)
  object space 54272K, 99% used [0x00000000bc600000,0x00000000bfaac280,0x00000000bfb00000)
}
Event: 57.121 GC heap before
{Heap before GC invocations=12 (full 0):
 PSYoungGen      total 58368K, used 57952K [0x00000000eb280000, 0x00000000f1d80000, 0x0000000100000000)
  eden space 57344K, 100% used [0x00000000eb280000,0x00000000eea80000,0x00000000eea80000)
  from space 1024K, 59% used [0x00000000eeb80000,0x00000000eec18000,0x00000000eec80000)
  to   space 26112K, 0% used [0x00000000f0400000,0x00000000f0400000,0x00000000f1d80000)
 ParOldGen       total 175104K, used 33496K [0x00000000c1800000, 0x00000000cc300000, 0x00000000eb280000)
  object space 175104K, 19% used [0x00000000c1800000,0x00000000c38b6178,0x00000000cc300000)
 PSPermGen       total 54272K, used 53971K [0x00000000bc600000, 0x00000000bfb00000, 0x00000000c1800000)
  object space 54272K, 99% used [0x00000000bc600000,0x00000000bfab4c70,0x00000000bfb00000)
Event: 57.123 GC heap after
Heap after GC invocations=12 (full 0):
 PSYoungGen      total 81408K, used 768K [0x00000000eb280000, 0x00000000f1c80000, 0x0000000100000000)
  eden space 56320K, 0% used [0x00000000eb280000,0x00000000eb280000,0x00000000ee980000)
  from space 25088K, 3% used [0x00000000f0400000,0x00000000f04c0000,0x00000000f1c80000)
  to   space 26112K, 0% used [0x00000000ee980000,0x00000000ee980000,0x00000000f0300000)
 ParOldGen       total 175104K, used 33504K [0x00000000c1800000, 0x00000000cc300000, 0x00000000eb280000)
  object space 175104K, 19% used [0x00000000c1800000,0x00000000c38b8178,0x00000000cc300000)
 PSPermGen       total 54272K, used 53971K [0x00000000bc600000, 0x00000000bfb00000, 0x00000000c1800000)
  object space 54272K, 99% used [0x00000000bc600000,0x00000000bfab4c70,0x00000000bfb00000)
}

