# JRE version: Java(TM) SE Runtime Environment (7.0_45-b18) (build 1.7.0_45-b18)
# Java VM: Java HotSpot(TM) 64-Bit Server VM (24.45-b08 mixed mode linux-amd64 compressed oops)
Heap
 PSYoungGen      total 77312K, used 60799K [0x0000000797d00000, 0x000000079d280000, 0x0000000800000000)
  eden space 67584K, 85% used [0x0000000797d00000,0x000000079b5262a0,0x000000079bf00000)
  from space 9728K, 33% used [0x000000079bf00000,0x000000079c239bf0,0x000000079c880000)
  to   space 9216K, 0% used [0x000000079c980000,0x000000079c980000,0x000000079d280000)
 ParOldGen       total 175104K, used 155231K [0x00000006c7800000, 0x00000006d2300000, 0x0000000797d00000)
  object space 175104K, 88% used [0x00000006c7800000,0x00000006d0f97e38,0x00000006d2300000)
 PSPermGen       total 83968K, used 59829K [0x00000006c2600000, 0x00000006c7800000, 0x00000006c7800000)
  object space 83968K, 71% used [0x00000006c2600000,0x00000006c606d6d0,0x00000006c7800000)
GC Heap History (10 events):
Event: 5433.888 GC heap before
{Heap before GC invocations=240 (full 1):
 PSYoungGen      total 75776K, used 67632K [0x0000000797d00000, 0x000000079d280000, 0x0000000800000000)
  eden space 63488K, 100% used [0x0000000797d00000,0x000000079bb00000,0x000000079bb00000)
  from space 12288K, 33% used [0x000000079c680000,0x000000079ca8c020,0x000000079d280000)
  to   space 11776K, 0% used [0x000000079bb00000,0x000000079bb00000,0x000000079c680000)
 ParOldGen       total 175104K, used 151798K [0x00000006c7800000, 0x00000006d2300000, 0x0000000797d00000)
  object space 175104K, 86% used [0x00000006c7800000,0x00000006d0c3da48,0x00000006d2300000)
 PSPermGen       total 83968K, used 59697K [0x00000006c2600000, 0x00000006c7800000, 0x00000006c7800000)
  object space 83968K, 71% used [0x00000006c2600000,0x00000006c604c6e0,0x00000006c7800000)
Event: 5433.891 GC heap after
Heap after GC invocations=240 (full 1):
 PSYoungGen      total 75264K, used 918K [0x0000000797d00000, 0x000000079d280000, 0x0000000800000000)
  eden space 63488K, 0% used [0x0000000797d00000,0x0000000797d00000,0x000000079bb00000)
  from space 11776K, 7% used [0x000000079bb00000,0x000000079bbe5bc0,0x000000079c680000)
  to   space 11264K, 0% used [0x000000079c780000,0x000000079c780000,0x000000079d280000)
 ParOldGen       total 175104K, used 152750K [0x00000006c7800000, 0x00000006d2300000, 0x0000000797d00000)
  object space 175104K, 87% used [0x00000006c7800000,0x00000006d0d2bab8,0x00000006d2300000)
 PSPermGen       total 83968K, used 59697K [0x00000006c2600000, 0x00000006c7800000, 0x00000006c7800000)
  object space 83968K, 71% used [0x00000006c2600000,0x00000006c604c6e0,0x00000006c7800000)
}
Event: 5445.610 GC heap before
{Heap before GC invocations=241 (full 1):
 PSYoungGen      total 75264K, used 64406K [0x0000000797d00000, 0x000000079d280000, 0x0000000800000000)
  eden space 63488K, 100% used [0x0000000797d00000,0x000000079bb00000,0x000000079bb00000)
  from space 11776K, 7% used [0x000000079bb00000,0x000000079bbe5bc0,0x000000079c680000)
  to   space 11264K, 0% used [0x000000079c780000,0x000000079c780000,0x000000079d280000)
 ParOldGen       total 175104K, used 152750K [0x00000006c7800000, 0x00000006d2300000, 0x0000000797d00000)
  object space 175104K, 87% used [0x00000006c7800000,0x00000006d0d2bab8,0x00000006d2300000)
 PSPermGen       total 83968K, used 59703K [0x00000006c2600000, 0x00000006c7800000, 0x00000006c7800000)
  object space 83968K, 71% used [0x00000006c2600000,0x00000006c604dca8,0x00000006c7800000)
Event: 5445.614 GC heap after
Heap after GC invocations=241 (full 1):
 PSYoungGen      total 76800K, used 1808K [0x0000000797d00000, 0x000000079d280000, 0x0000000800000000)
  eden space 65536K, 0% used [0x0000000797d00000,0x0000000797d00000,0x000000079bd00000)
  from space 11264K, 16% used [0x000000079c780000,0x000000079c944030,0x000000079d280000)
  to   space 10752K, 0% used [0x000000079bd00000,0x000000079bd00000,0x000000079c780000)
 ParOldGen       total 175104K, used 153452K [0x00000006c7800000, 0x00000006d2300000, 0x0000000797d00000)
  object space 175104K, 87% used [0x00000006c7800000,0x00000006d0ddb258,0x00000006d2300000)
 PSPermGen       total 83968K, used 59703K [0x00000006c2600000, 0x00000006c7800000, 0x00000006c7800000)
  object space 83968K, 71% used [0x00000006c2600000,0x00000006c604dca8,0x00000006c7800000)
}
Event: 5455.295 GC heap before
{Heap before GC invocations=242 (full 1):
 PSYoungGen      total 76800K, used 67344K [0x0000000797d00000, 0x000000079d280000, 0x0000000800000000)
  eden space 65536K, 100% used [0x0000000797d00000,0x000000079bd00000,0x000000079bd00000)
  from space 11264K, 16% used [0x000000079c780000,0x000000079c944030,0x000000079d280000)
  to   space 10752K, 0% used [0x000000079bd00000,0x000000079bd00000,0x000000079c780000)
 ParOldGen       total 175104K, used 153452K [0x00000006c7800000, 0x00000006d2300000, 0x0000000797d00000)
  object space 175104K, 87% used [0x00000006c7800000,0x00000006d0ddb258,0x00000006d2300000)
 PSPermGen       total 83968K, used 59705K [0x00000006c2600000, 0x00000006c7800000, 0x00000006c7800000)
  object space 83968K, 71% used [0x00000006c2600000,0x00000006c604e690,0x00000006c7800000)
Event: 5455.298 GC heap after
Heap after GC invocations=242 (full 1):
 PSYoungGen      total 76288K, used 2445K [0x0000000797d00000, 0x000000079d280000, 0x0000000800000000)
  eden space 65536K, 0% used [0x0000000797d00000,0x0000000797d00000,0x000000079bd00000)
  from space 10752K, 22% used [0x000000079bd00000,0x000000079bf637a0,0x000000079c780000)
  to   space 10240K, 0% used [0x000000079c880000,0x000000079c880000,0x000000079d280000)
 ParOldGen       total 175104K, used 154057K [0x00000006c7800000, 0x00000006d2300000, 0x0000000797d00000)
  object space 175104K, 87% used [0x00000006c7800000,0x00000006d0e72678,0x00000006d2300000)
 PSPermGen       total 83968K, used 59705K [0x00000006c2600000, 0x00000006c7800000, 0x00000006c7800000)
  object space 83968K, 71% used [0x00000006c2600000,0x00000006c604e690,0x00000006c7800000)
}
Event: 5468.692 GC heap before
{Heap before GC invocations=243 (full 1):
 PSYoungGen      total 76288K, used 67981K [0x0000000797d00000, 0x000000079d280000, 0x0000000800000000)
  eden space 65536K, 100% used [0x0000000797d00000,0x000000079bd00000,0x000000079bd00000)
  from space 10752K, 22% used [0x000000079bd00000,0x000000079bf637a0,0x000000079c780000)
  to   space 10240K, 0% used [0x000000079c880000,0x000000079c880000,0x000000079d280000)
 ParOldGen       total 175104K, used 154057K [0x00000006c7800000, 0x00000006d2300000, 0x0000000797d00000)
  object space 175104K, 87% used [0x00000006c7800000,0x00000006d0e72678,0x00000006d2300000)
 PSPermGen       total 83968K, used 59746K [0x00000006c2600000, 0x00000006c7800000, 0x00000006c7800000)
  object space 83968K, 71% used [0x00000006c2600000,0x00000006c6058a28,0x00000006c7800000)
Event: 5468.695 GC heap after
Heap after GC invocations=243 (full 1):
 PSYoungGen      total 77824K, used 2688K [0x0000000797d00000, 0x000000079d280000, 0x0000000800000000)
  eden space 67584K, 0% used [0x0000000797d00000,0x0000000797d00000,0x000000079bf00000)
  from space 10240K, 26% used [0x000000079c880000,0x000000079cb20020,0x000000079d280000)
  to   space 9728K, 0% used [0x000000079bf00000,0x000000079bf00000,0x000000079c880000)
 ParOldGen       total 175104K, used 154327K [0x00000006c7800000, 0x00000006d2300000, 0x0000000797d00000)
  object space 175104K, 88% used [0x00000006c7800000,0x00000006d0eb5df8,0x00000006d2300000)
 PSPermGen       total 83968K, used 59746K [0x00000006c2600000, 0x00000006c7800000, 0x00000006c7800000)
  object space 83968K, 71% used [0x00000006c2600000,0x00000006c6058a28,0x00000006c7800000)
}
Event: 5483.352 GC heap before
{Heap before GC invocations=244 (full 1):
 PSYoungGen      total 77824K, used 70272K [0x0000000797d00000, 0x000000079d280000, 0x0000000800000000)
  eden space 67584K, 100% used [0x0000000797d00000,0x000000079bf00000,0x000000079bf00000)
  from space 10240K, 26% used [0x000000079c880000,0x000000079cb20020,0x000000079d280000)
  to   space 9728K, 0% used [0x000000079bf00000,0x000000079bf00000,0x000000079c880000)
 ParOldGen       total 175104K, used 154327K [0x00000006c7800000, 0x00000006d2300000, 0x0000000797d00000)
  object space 175104K, 88% used [0x00000006c7800000,0x00000006d0eb5df8,0x00000006d2300000)
 PSPermGen       total 83968K, used 59762K [0x00000006c2600000, 0x00000006c7800000, 0x00000006c7800000)
  object space 83968K, 71% used [0x00000006c2600000,0x00000006c605ca58,0x00000006c7800000)
Event: 5483.357 GC heap after
Heap after GC invocations=244 (full 1):
 PSYoungGen      total 77312K, used 3302K [0x0000000797d00000, 0x000000079d280000, 0x0000000800000000)
  eden space 67584K, 0% used [0x0000000797d00000,0x0000000797d00000,0x000000079bf00000)
  from space 9728K, 33% used [0x000000079bf00000,0x000000079c239bf0,0x000000079c880000)
  to   space 9216K, 0% used [0x000000079c980000,0x000000079c980000,0x000000079d280000)
 ParOldGen       total 175104K, used 155231K [0x00000006c7800000, 0x00000006d2300000, 0x0000000797d00000)
  object space 175104K, 88% used [0x00000006c7800000,0x00000006d0f97e38,0x00000006d2300000)
 PSPermGen       total 83968K, used 59762K [0x00000006c2600000, 0x00000006c7800000, 0x00000006c7800000)
  object space 83968K, 71% used [0x00000006c2600000,0x00000006c605ca58,0x00000006c7800000)
}

