# JRE version: Java(TM) SE Runtime Environment (7.0_45-b18) (build 1.7.0_45-b18)
# Java VM: Java HotSpot(TM) 64-Bit Server VM (24.45-b08 mixed mode linux-amd64 compressed oops)
Heap
 PSYoungGen      total 67072K, used 49832K [0x0000000759500000, 0x000000075fd80000, 0x0000000800000000)
  eden space 58368K, 71% used [0x0000000759500000,0x000000075bda1650,0x000000075ce00000)
  from space 8704K, 94% used [0x000000075f500000,0x000000075fd08cc8,0x000000075fd80000)
  to   space 24064K, 0% used [0x000000075ce80000,0x000000075ce80000,0x000000075e600000)
 ParOldGen       total 175104K, used 35251K [0x000000060c000000, 0x0000000616b00000, 0x0000000759500000)
  object space 175104K, 20% used [0x000000060c000000,0x000000060e26ce78,0x0000000616b00000)
 PSPermGen       total 50688K, used 50651K [0x0000000606e00000, 0x0000000609f80000, 0x000000060c000000)
  object space 50688K, 99% used [0x0000000606e00000,0x0000000609f76e50,0x0000000609f80000)
GC Heap History (10 events):
Event: 18.692 GC heap before
{Heap before GC invocations=8 (full 0):
 PSYoungGen      total 73216K, used 72999K [0x0000000759500000, 0x000000075ff00000, 0x0000000800000000)
  eden space 61440K, 100% used [0x0000000759500000,0x000000075d100000,0x000000075d100000)
  from space 11776K, 98% used [0x000000075d280000,0x000000075ddc9d20,0x000000075de00000)
  to   space 23552K, 0% used [0x000000075e800000,0x000000075e800000,0x000000075ff00000)
 ParOldGen       total 175104K, used 24427K [0x000000060c000000, 0x0000000616b00000, 0x0000000759500000)
  object space 175104K, 13% used [0x000000060c000000,0x000000060d7dae68,0x0000000616b00000)
 PSPermGen       total 50688K, used 50298K [0x0000000606e00000, 0x0000000609f80000, 0x000000060c000000)
  object space 50688K, 99% used [0x0000000606e00000,0x0000000609f1ebc8,0x0000000609f80000)
Event: 18.698 GC heap after
Heap after GC invocations=8 (full 0):
 PSYoungGen      total 84992K, used 7621K [0x0000000759500000, 0x0000000763b00000, 0x0000000800000000)
  eden space 61440K, 0% used [0x0000000759500000,0x0000000759500000,0x000000075d100000)
  from space 23552K, 32% used [0x000000075e800000,0x000000075ef71450,0x000000075ff00000)
  to   space 23552K, 0% used [0x000000075d100000,0x000000075d100000,0x000000075e800000)
 ParOldGen       total 175104K, used 27748K [0x000000060c000000, 0x0000000616b00000, 0x0000000759500000)
  object space 175104K, 15% used [0x000000060c000000,0x000000060db19148,0x0000000616b00000)
 PSPermGen       total 50688K, used 50298K [0x0000000606e00000, 0x0000000609f80000, 0x000000060c000000)
  object space 50688K, 99% used [0x0000000606e00000,0x0000000609f1ebc8,0x0000000609f80000)
}
Event: 19.083 GC heap before
{Heap before GC invocations=9 (full 0):
 PSYoungGen      total 84992K, used 69061K [0x0000000759500000, 0x0000000763b00000, 0x0000000800000000)
  eden space 61440K, 100% used [0x0000000759500000,0x000000075d100000,0x000000075d100000)
  from space 23552K, 32% used [0x000000075e800000,0x000000075ef71450,0x000000075ff00000)
  to   space 23552K, 0% used [0x000000075d100000,0x000000075d100000,0x000000075e800000)
 ParOldGen       total 175104K, used 27748K [0x000000060c000000, 0x0000000616b00000, 0x0000000759500000)
  object space 175104K, 15% used [0x000000060c000000,0x000000060db19148,0x0000000616b00000)
 PSPermGen       total 50688K, used 50309K [0x0000000606e00000, 0x0000000609f80000, 0x000000060c000000)
  object space 50688K, 99% used [0x0000000606e00000,0x0000000609f21670,0x0000000609f80000)
Event: 19.088 GC heap after
Heap after GC invocations=9 (full 0):
 PSYoungGen      total 84992K, used 2027K [0x0000000759500000, 0x0000000762500000, 0x0000000800000000)
  eden space 61440K, 0% used [0x0000000759500000,0x0000000759500000,0x000000075d100000)
  from space 23552K, 8% used [0x000000075d100000,0x000000075d2faef0,0x000000075e800000)
  to   space 24576K, 0% used [0x0000000760d00000,0x0000000760d00000,0x0000000762500000)
 ParOldGen       total 175104K, used 33523K [0x000000060c000000, 0x0000000616b00000, 0x0000000759500000)
  object space 175104K, 19% used [0x000000060c000000,0x000000060e0bcfb8,0x0000000616b00000)
 PSPermGen       total 50688K, used 50309K [0x0000000606e00000, 0x0000000609f80000, 0x000000060c000000)
  object space 50688K, 99% used [0x0000000606e00000,0x0000000609f21670,0x0000000609f80000)
}
Event: 19.468 GC heap before
{Heap before GC invocations=10 (full 0):
 PSYoungGen      total 84992K, used 63467K [0x0000000759500000, 0x0000000762500000, 0x0000000800000000)
  eden space 61440K, 100% used [0x0000000759500000,0x000000075d100000,0x000000075d100000)
  from space 23552K, 8% used [0x000000075d100000,0x000000075d2faef0,0x000000075e800000)
  to   space 24576K, 0% used [0x0000000760d00000,0x0000000760d00000,0x0000000762500000)
 ParOldGen       total 175104K, used 33523K [0x000000060c000000, 0x0000000616b00000, 0x0000000759500000)
  object space 175104K, 19% used [0x000000060c000000,0x000000060e0bcfb8,0x0000000616b00000)
 PSPermGen       total 50688K, used 50313K [0x0000000606e00000, 0x0000000609f80000, 0x000000060c000000)
  object space 50688K, 99% used [0x0000000606e00000,0x0000000609f22438,0x0000000609f80000)
Event: 19.471 GC heap after
Heap after GC invocations=10 (full 0):
 PSYoungGen      total 61440K, used 855K [0x0000000759500000, 0x0000000760e00000, 0x0000000800000000)
  eden space 60416K, 0% used [0x0000000759500000,0x0000000759500000,0x000000075d000000)
  from space 1024K, 83% used [0x0000000760d00000,0x0000000760dd5e28,0x0000000760e00000)
  to   space 25088K, 0% used [0x000000075dd00000,0x000000075dd00000,0x000000075f580000)
 ParOldGen       total 175104K, used 34861K [0x000000060c000000, 0x0000000616b00000, 0x0000000759500000)
  object space 175104K, 19% used [0x000000060c000000,0x000000060e20b728,0x0000000616b00000)
 PSPermGen       total 50688K, used 50313K [0x0000000606e00000, 0x0000000609f80000, 0x000000060c000000)
  object space 50688K, 99% used [0x0000000606e00000,0x0000000609f22438,0x0000000609f80000)
}
Event: 19.848 GC heap before
{Heap before GC invocations=11 (full 0):
 PSYoungGen      total 61440K, used 61271K [0x0000000759500000, 0x0000000760e00000, 0x0000000800000000)
  eden space 60416K, 100% used [0x0000000759500000,0x000000075d000000,0x000000075d000000)
  from space 1024K, 83% used [0x0000000760d00000,0x0000000760dd5e28,0x0000000760e00000)
  to   space 25088K, 0% used [0x000000075dd00000,0x000000075dd00000,0x000000075f580000)
 ParOldGen       total 175104K, used 34861K [0x000000060c000000, 0x0000000616b00000, 0x0000000759500000)
  object space 175104K, 19% used [0x000000060c000000,0x000000060e20b728,0x0000000616b00000)
 PSPermGen       total 50688K, used 50316K [0x0000000606e00000, 0x0000000609f80000, 0x000000060c000000)
  object space 50688K, 99% used [0x0000000606e00000,0x0000000609f23230,0x0000000609f80000)
Event: 19.851 GC heap after
Heap after GC invocations=11 (full 0):
 PSYoungGen      total 60416K, used 828K [0x0000000759500000, 0x0000000760d80000, 0x0000000800000000)
  eden space 59392K, 0% used [0x0000000759500000,0x0000000759500000,0x000000075cf00000)
  from space 1024K, 80% used [0x000000075dd00000,0x000000075ddcf178,0x000000075de00000)
  to   space 25088K, 0% used [0x000000075f500000,0x000000075f500000,0x0000000760d80000)
 ParOldGen       total 175104K, used 35098K [0x000000060c000000, 0x0000000616b00000, 0x0000000759500000)
  object space 175104K, 20% used [0x000000060c000000,0x000000060e246bf8,0x0000000616b00000)
 PSPermGen       total 50688K, used 50316K [0x0000000606e00000, 0x0000000609f80000, 0x000000060c000000)
  object space 50688K, 99% used [0x0000000606e00000,0x0000000609f23230,0x0000000609f80000)
}
Event: 24.913 GC heap before
{Heap before GC invocations=12 (full 0):
 PSYoungGen      total 60416K, used 60220K [0x0000000759500000, 0x0000000760d80000, 0x0000000800000000)
  eden space 59392K, 100% used [0x0000000759500000,0x000000075cf00000,0x000000075cf00000)
  from space 1024K, 80% used [0x000000075dd00000,0x000000075ddcf178,0x000000075de00000)
  to   space 25088K, 0% used [0x000000075f500000,0x000000075f500000,0x0000000760d80000)
 ParOldGen       total 175104K, used 35098K [0x000000060c000000, 0x0000000616b00000, 0x0000000759500000)
  object space 175104K, 20% used [0x000000060c000000,0x000000060e246bf8,0x0000000616b00000)
 PSPermGen       total 50688K, used 50355K [0x0000000606e00000, 0x0000000609f80000, 0x000000060c000000)
  object space 50688K, 99% used [0x0000000606e00000,0x0000000609f2cd40,0x0000000609f80000)
Event: 24.917 GC heap after
Heap after GC invocations=12 (full 0):
 PSYoungGen      total 67072K, used 8227K [0x0000000759500000, 0x000000075fd80000, 0x0000000800000000)
  eden space 58368K, 0% used [0x0000000759500000,0x0000000759500000,0x000000075ce00000)
  from space 8704K, 94% used [0x000000075f500000,0x000000075fd08cc8,0x000000075fd80000)
  to   space 24064K, 0% used [0x000000075ce80000,0x000000075ce80000,0x000000075e600000)
 ParOldGen       total 175104K, used 35251K [0x000000060c000000, 0x0000000616b00000, 0x0000000759500000)
  object space 175104K, 20% used [0x000000060c000000,0x000000060e26ce78,0x0000000616b00000)
 PSPermGen       total 50688K, used 50355K [0x0000000606e00000, 0x0000000609f80000, 0x000000060c000000)
  object space 50688K, 99% used [0x0000000606e00000,0x0000000609f2cd40,0x0000000609f80000)
}

