# JRE version: Java(TM) SE Runtime Environment (7.0_45-b18) (build 1.7.0_45-b18)
# Java VM: Java HotSpot(TM) 64-Bit Server VM (24.45-b08 mixed mode linux-amd64 compressed oops)
Heap
 PSYoungGen      total 70656K, used 13620K [0x0000000759500000, 0x000000075ea80000, 0x0000000800000000)
  eden space 52736K, 21% used [0x0000000759500000,0x000000075a0498a0,0x000000075c880000)
  from space 17920K, 11% used [0x000000075d900000,0x000000075db03780,0x000000075ea80000)
  to   space 16896K, 0% used [0x000000075c880000,0x000000075c880000,0x000000075d900000)
 ParOldGen       total 175104K, used 78359K [0x000000060c000000, 0x0000000616b00000, 0x0000000759500000)
  object space 175104K, 44% used [0x000000060c000000,0x0000000610c85e00,0x0000000616b00000)
 PSPermGen       total 57856K, used 57353K [0x0000000606e00000, 0x000000060a680000, 0x000000060c000000)
  object space 57856K, 99% used [0x0000000606e00000,0x000000060a602428,0x000000060a680000)
GC Heap History (10 events):
Event: 489.354 GC heap before
{Heap before GC invocations=28 (full 0):
 PSYoungGen      total 43008K, used 42976K [0x0000000759500000, 0x000000075eb80000, 0x0000000800000000)
  eden space 42496K, 100% used [0x0000000759500000,0x000000075be80000,0x000000075be80000)
  from space 512K, 93% used [0x000000075bf00000,0x000000075bf78000,0x000000075bf80000)
  to   space 23040K, 0% used [0x000000075d500000,0x000000075d500000,0x000000075eb80000)
 ParOldGen       total 175104K, used 77247K [0x000000060c000000, 0x0000000616b00000, 0x0000000759500000)
  object space 175104K, 44% used [0x000000060c000000,0x0000000610b6fd70,0x0000000616b00000)
 PSPermGen       total 57344K, used 57122K [0x0000000606e00000, 0x000000060a600000, 0x000000060c000000)
  object space 57344K, 99% used [0x0000000606e00000,0x000000060a5c8848,0x000000060a600000)
Event: 489.357 GC heap after
Heap after GC invocations=28 (full 0):
 PSYoungGen      total 65536K, used 544K [0x0000000759500000, 0x000000075ea80000, 0x0000000800000000)
  eden space 43520K, 0% used [0x0000000759500000,0x0000000759500000,0x000000075bf80000)
  from space 22016K, 2% used [0x000000075d500000,0x000000075d588000,0x000000075ea80000)
  to   space 22016K, 0% used [0x000000075bf80000,0x000000075bf80000,0x000000075d500000)
 ParOldGen       total 175104K, used 77271K [0x000000060c000000, 0x0000000616b00000, 0x0000000759500000)
  object space 175104K, 44% used [0x000000060c000000,0x0000000610b75d70,0x0000000616b00000)
 PSPermGen       total 57344K, used 57122K [0x0000000606e00000, 0x000000060a600000, 0x000000060c000000)
  object space 57344K, 99% used [0x0000000606e00000,0x000000060a5c8848,0x000000060a600000)
}
Event: 489.624 GC heap before
{Heap before GC invocations=29 (full 0):
 PSYoungGen      total 65536K, used 44064K [0x0000000759500000, 0x000000075ea80000, 0x0000000800000000)
  eden space 43520K, 100% used [0x0000000759500000,0x000000075bf80000,0x000000075bf80000)
  from space 22016K, 2% used [0x000000075d500000,0x000000075d588000,0x000000075ea80000)
  to   space 22016K, 0% used [0x000000075bf80000,0x000000075bf80000,0x000000075d500000)
 ParOldGen       total 175104K, used 77271K [0x000000060c000000, 0x0000000616b00000, 0x0000000759500000)
  object space 175104K, 44% used [0x000000060c000000,0x0000000610b75d70,0x0000000616b00000)
 PSPermGen       total 57344K, used 57122K [0x0000000606e00000, 0x000000060a600000, 0x000000060c000000)
  object space 57344K, 99% used [0x0000000606e00000,0x000000060a5c8848,0x000000060a600000)
Event: 489.626 GC heap after
Heap after GC invocations=29 (full 0):
 PSYoungGen      total 65536K, used 480K [0x0000000759500000, 0x000000075ea80000, 0x0000000800000000)
  eden space 43520K, 0% used [0x0000000759500000,0x0000000759500000,0x000000075bf80000)
  from space 22016K, 2% used [0x000000075bf80000,0x000000075bff8000,0x000000075d500000)
  to   space 20480K, 0% used [0x000000075d680000,0x000000075d680000,0x000000075ea80000)
 ParOldGen       total 175104K, used 77327K [0x000000060c000000, 0x0000000616b00000, 0x0000000759500000)
  object space 175104K, 44% used [0x000000060c000000,0x0000000610b83d70,0x0000000616b00000)
 PSPermGen       total 57344K, used 57122K [0x0000000606e00000, 0x000000060a600000, 0x000000060c000000)
  object space 57344K, 99% used [0x0000000606e00000,0x000000060a5c8848,0x000000060a600000)
}
Event: 539.627 GC heap before
{Heap before GC invocations=30 (full 0):
 PSYoungGen      total 65536K, used 44000K [0x0000000759500000, 0x000000075ea80000, 0x0000000800000000)
  eden space 43520K, 100% used [0x0000000759500000,0x000000075bf80000,0x000000075bf80000)
  from space 22016K, 2% used [0x000000075bf80000,0x000000075bff8000,0x000000075d500000)
  to   space 20480K, 0% used [0x000000075d680000,0x000000075d680000,0x000000075ea80000)
 ParOldGen       total 175104K, used 77327K [0x000000060c000000, 0x0000000616b00000, 0x0000000759500000)
  object space 175104K, 44% used [0x000000060c000000,0x0000000610b83d70,0x0000000616b00000)
 PSPermGen       total 57344K, used 57136K [0x0000000606e00000, 0x000000060a600000, 0x000000060c000000)
  object space 57344K, 99% used [0x0000000606e00000,0x000000060a5cc3b8,0x000000060a600000)
Event: 539.629 GC heap after
Heap after GC invocations=30 (full 0):
 PSYoungGen      total 68096K, used 784K [0x0000000759500000, 0x000000075ea80000, 0x0000000800000000)
  eden space 47616K, 0% used [0x0000000759500000,0x0000000759500000,0x000000075c380000)
  from space 20480K, 3% used [0x000000075d680000,0x000000075d744010,0x000000075ea80000)
  to   space 19456K, 0% used [0x000000075c380000,0x000000075c380000,0x000000075d680000)
 ParOldGen       total 175104K, used 77335K [0x000000060c000000, 0x0000000616b00000, 0x0000000759500000)
  object space 175104K, 44% used [0x000000060c000000,0x0000000610b85d70,0x0000000616b00000)
 PSPermGen       total 57344K, used 57136K [0x0000000606e00000, 0x000000060a600000, 0x000000060c000000)
  object space 57344K, 99% used [0x0000000606e00000,0x000000060a5cc3b8,0x000000060a600000)
}
Event: 555.240 GC heap before
{Heap before GC invocations=31 (full 0):
 PSYoungGen      total 68096K, used 48400K [0x0000000759500000, 0x000000075ea80000, 0x0000000800000000)
  eden space 47616K, 100% used [0x0000000759500000,0x000000075c380000,0x000000075c380000)
  from space 20480K, 3% used [0x000000075d680000,0x000000075d744010,0x000000075ea80000)
  to   space 19456K, 0% used [0x000000075c380000,0x000000075c380000,0x000000075d680000)
 ParOldGen       total 175104K, used 77335K [0x000000060c000000, 0x0000000616b00000, 0x0000000759500000)
  object space 175104K, 44% used [0x000000060c000000,0x0000000610b85d70,0x0000000616b00000)
 PSPermGen       total 57344K, used 57229K [0x0000000606e00000, 0x000000060a600000, 0x000000060c000000)
  object space 57344K, 99% used [0x0000000606e00000,0x000000060a5e3738,0x000000060a600000)
Event: 555.243 GC heap after
Heap after GC invocations=31 (full 0):
 PSYoungGen      total 67072K, used 2400K [0x0000000759500000, 0x000000075ea80000, 0x0000000800000000)
  eden space 47616K, 0% used [0x0000000759500000,0x0000000759500000,0x000000075c380000)
  from space 19456K, 12% used [0x000000075c380000,0x000000075c5d8040,0x000000075d680000)
  to   space 17920K, 0% used [0x000000075d900000,0x000000075d900000,0x000000075ea80000)
 ParOldGen       total 175104K, used 77543K [0x000000060c000000, 0x0000000616b00000, 0x0000000759500000)
  object space 175104K, 44% used [0x000000060c000000,0x0000000610bb9dc0,0x0000000616b00000)
 PSPermGen       total 57344K, used 57229K [0x0000000606e00000, 0x000000060a600000, 0x000000060c000000)
  object space 57344K, 99% used [0x0000000606e00000,0x000000060a5e3738,0x000000060a600000)
}
Event: 627.867 GC heap before
{Heap before GC invocations=32 (full 0):
 PSYoungGen      total 67072K, used 50016K [0x0000000759500000, 0x000000075ea80000, 0x0000000800000000)
  eden space 47616K, 100% used [0x0000000759500000,0x000000075c380000,0x000000075c380000)
  from space 19456K, 12% used [0x000000075c380000,0x000000075c5d8040,0x000000075d680000)
  to   space 17920K, 0% used [0x000000075d900000,0x000000075d900000,0x000000075ea80000)
 ParOldGen       total 175104K, used 77543K [0x000000060c000000, 0x0000000616b00000, 0x0000000759500000)
  object space 175104K, 44% used [0x000000060c000000,0x0000000610bb9dc0,0x0000000616b00000)
 PSPermGen       total 57344K, used 57327K [0x0000000606e00000, 0x000000060a600000, 0x000000060c000000)
  object space 57344K, 99% used [0x0000000606e00000,0x000000060a5fbfa0,0x000000060a600000)
Event: 627.870 GC heap after
Heap after GC invocations=32 (full 0):
 PSYoungGen      total 70656K, used 2061K [0x0000000759500000, 0x000000075ea80000, 0x0000000800000000)
  eden space 52736K, 0% used [0x0000000759500000,0x0000000759500000,0x000000075c880000)
  from space 17920K, 11% used [0x000000075d900000,0x000000075db03780,0x000000075ea80000)
  to   space 16896K, 0% used [0x000000075c880000,0x000000075c880000,0x000000075d900000)
 ParOldGen       total 175104K, used 78359K [0x000000060c000000, 0x0000000616b00000, 0x0000000759500000)
  object space 175104K, 44% used [0x000000060c000000,0x0000000610c85e00,0x0000000616b00000)
 PSPermGen       total 57344K, used 57327K [0x0000000606e00000, 0x000000060a600000, 0x000000060c000000)
  object space 57344K, 99% used [0x0000000606e00000,0x000000060a5fbfa0,0x000000060a600000)
}

