# JRE version: Java(TM) SE Runtime Environment (7.0_45-b18) (build 1.7.0_45-b18)
# Java VM: Java HotSpot(TM) 64-Bit Server VM (24.45-b08 mixed mode linux-amd64 compressed oops)
Heap
 PSYoungGen      total 68608K, used 15238K [0x00000000eb280000, 0x00000000f0800000, 0x0000000100000000)
  eden space 48128K, 27% used [0x00000000eb280000,0x00000000ebf95890,0x00000000ee180000)
  from space 20480K, 8% used [0x00000000ef400000,0x00000000ef5cc020,0x00000000f0800000)
  to   space 18944K, 0% used [0x00000000ee180000,0x00000000ee180000,0x00000000ef400000)
 ParOldGen       total 175104K, used 45443K [0x00000000c1800000, 0x00000000cc300000, 0x00000000eb280000)
  object space 175104K, 25% used [0x00000000c1800000,0x00000000c4460d68,0x00000000cc300000)
 PSPermGen       total 54784K, used 54454K [0x00000000bc600000, 0x00000000bfb80000, 0x00000000c1800000)
  object space 54784K, 99% used [0x00000000bc600000,0x00000000bfb2db18,0x00000000bfb80000)
GC Heap History (10 events):
Event: 37.160 GC heap before
{Heap before GC invocations=20 (full 0):
 PSYoungGen      total 50176K, used 49760K [0x00000000eb280000, 0x00000000f1280000, 0x0000000100000000)
  eden space 49152K, 100% used [0x00000000eb280000,0x00000000ee280000,0x00000000ee280000)
  from space 1024K, 59% used [0x00000000ee380000,0x00000000ee418000,0x00000000ee480000)
  to   space 24576K, 0% used [0x00000000efa80000,0x00000000efa80000,0x00000000f1280000)
 ParOldGen       total 175104K, used 45259K [0x00000000c1800000, 0x00000000cc300000, 0x00000000eb280000)
  object space 175104K, 25% used [0x00000000c1800000,0x00000000c4432d68,0x00000000cc300000)
 PSPermGen       total 54272K, used 54172K [0x00000000bc600000, 0x00000000bfb00000, 0x00000000c1800000)
  object space 54272K, 99% used [0x00000000bc600000,0x00000000bfae7188,0x00000000bfb00000)
Event: 37.163 GC heap after
Heap after GC invocations=20 (full 0):
 PSYoungGen      total 69632K, used 544K [0x00000000eb280000, 0x00000000f0f80000, 0x0000000100000000)
  eden space 48128K, 0% used [0x00000000eb280000,0x00000000eb280000,0x00000000ee180000)
  from space 21504K, 2% used [0x00000000efa80000,0x00000000efb08000,0x00000000f0f80000)
  to   space 23552K, 0% used [0x00000000ee180000,0x00000000ee180000,0x00000000ef880000)
 ParOldGen       total 175104K, used 45283K [0x00000000c1800000, 0x00000000cc300000, 0x00000000eb280000)
  object space 175104K, 25% used [0x00000000c1800000,0x00000000c4438d68,0x00000000cc300000)
 PSPermGen       total 54272K, used 54172K [0x00000000bc600000, 0x00000000bfb00000, 0x00000000c1800000)
  object space 54272K, 99% used [0x00000000bc600000,0x00000000bfae7188,0x00000000bfb00000)
}
Event: 37.455 GC heap before
{Heap before GC invocations=21 (full 0):
 PSYoungGen      total 69632K, used 48672K [0x00000000eb280000, 0x00000000f0f80000, 0x0000000100000000)
  eden space 48128K, 100% used [0x00000000eb280000,0x00000000ee180000,0x00000000ee180000)
  from space 21504K, 2% used [0x00000000efa80000,0x00000000efb08000,0x00000000f0f80000)
  to   space 23552K, 0% used [0x00000000ee180000,0x00000000ee180000,0x00000000ef880000)
 ParOldGen       total 175104K, used 45283K [0x00000000c1800000, 0x00000000cc300000, 0x00000000eb280000)
  object space 175104K, 25% used [0x00000000c1800000,0x00000000c4438d68,0x00000000cc300000)
 PSPermGen       total 54272K, used 54172K [0x00000000bc600000, 0x00000000bfb00000, 0x00000000c1800000)
  object space 54272K, 99% used [0x00000000bc600000,0x00000000bfae7390,0x00000000bfb00000)
Event: 37.457 GC heap after
Heap after GC invocations=21 (full 0):
 PSYoungGen      total 48640K, used 608K [0x00000000eb280000, 0x00000000f0d00000, 0x0000000100000000)
  eden space 47616K, 0% used [0x00000000eb280000,0x00000000eb280000,0x00000000ee100000)
  from space 1024K, 59% used [0x00000000ee180000,0x00000000ee218000,0x00000000ee280000)
  to   space 22528K, 0% used [0x00000000ef700000,0x00000000ef700000,0x00000000f0d00000)
 ParOldGen       total 175104K, used 45315K [0x00000000c1800000, 0x00000000cc300000, 0x00000000eb280000)
  object space 175104K, 25% used [0x00000000c1800000,0x00000000c4440d68,0x00000000cc300000)
 PSPermGen       total 54272K, used 54172K [0x00000000bc600000, 0x00000000bfb00000, 0x00000000c1800000)
  object space 54272K, 99% used [0x00000000bc600000,0x00000000bfae7390,0x00000000bfb00000)
}
Event: 37.747 GC heap before
{Heap before GC invocations=22 (full 0):
 PSYoungGen      total 48640K, used 48224K [0x00000000eb280000, 0x00000000f0d00000, 0x0000000100000000)
  eden space 47616K, 100% used [0x00000000eb280000,0x00000000ee100000,0x00000000ee100000)
  from space 1024K, 59% used [0x00000000ee180000,0x00000000ee218000,0x00000000ee280000)
  to   space 22528K, 0% used [0x00000000ef700000,0x00000000ef700000,0x00000000f0d00000)
 ParOldGen       total 175104K, used 45315K [0x00000000c1800000, 0x00000000cc300000, 0x00000000eb280000)
  object space 175104K, 25% used [0x00000000c1800000,0x00000000c4440d68,0x00000000cc300000)
 PSPermGen       total 54272K, used 54177K [0x00000000bc600000, 0x00000000bfb00000, 0x00000000c1800000)
  object space 54272K, 99% used [0x00000000bc600000,0x00000000bfae8420,0x00000000bfb00000)
Event: 37.750 GC heap after
Heap after GC invocations=22 (full 0):
 PSYoungGen      total 67072K, used 608K [0x00000000eb280000, 0x00000000f0a80000, 0x0000000100000000)
  eden space 47104K, 0% used [0x00000000eb280000,0x00000000eb280000,0x00000000ee080000)
  from space 19968K, 3% used [0x00000000ef700000,0x00000000ef798000,0x00000000f0a80000)
  to   space 21504K, 0% used [0x00000000ee080000,0x00000000ee080000,0x00000000ef580000)
 ParOldGen       total 175104K, used 45347K [0x00000000c1800000, 0x00000000cc300000, 0x00000000eb280000)
  object space 175104K, 25% used [0x00000000c1800000,0x00000000c4448d68,0x00000000cc300000)
 PSPermGen       total 54272K, used 54177K [0x00000000bc600000, 0x00000000bfb00000, 0x00000000c1800000)
  object space 54272K, 99% used [0x00000000bc600000,0x00000000bfae8420,0x00000000bfb00000)
}
Event: 38.037 GC heap before
{Heap before GC invocations=23 (full 0):
 PSYoungGen      total 67072K, used 47712K [0x00000000eb280000, 0x00000000f0a80000, 0x0000000100000000)
  eden space 47104K, 100% used [0x00000000eb280000,0x00000000ee080000,0x00000000ee080000)
  from space 19968K, 3% used [0x00000000ef700000,0x00000000ef798000,0x00000000f0a80000)
  to   space 21504K, 0% used [0x00000000ee080000,0x00000000ee080000,0x00000000ef580000)
 ParOldGen       total 175104K, used 45347K [0x00000000c1800000, 0x00000000cc300000, 0x00000000eb280000)
  object space 175104K, 25% used [0x00000000c1800000,0x00000000c4448d68,0x00000000cc300000)
 PSPermGen       total 54272K, used 54182K [0x00000000bc600000, 0x00000000bfb00000, 0x00000000c1800000)
  object space 54272K, 99% used [0x00000000bc600000,0x00000000bfae98c8,0x00000000bfb00000)
Event: 38.040 GC heap after
Heap after GC invocations=23 (full 0):
 PSYoungGen      total 48128K, used 576K [0x00000000eb280000, 0x00000000f0800000, 0x0000000100000000)
  eden space 47104K, 0% used [0x00000000eb280000,0x00000000eb280000,0x00000000ee080000)
  from space 1024K, 56% used [0x00000000ee080000,0x00000000ee110000,0x00000000ee180000)
  to   space 20480K, 0% used [0x00000000ef400000,0x00000000ef400000,0x00000000f0800000)
 ParOldGen       total 175104K, used 45387K [0x00000000c1800000, 0x00000000cc300000, 0x00000000eb280000)
  object space 175104K, 25% used [0x00000000c1800000,0x00000000c4452d68,0x00000000cc300000)
 PSPermGen       total 54272K, used 54182K [0x00000000bc600000, 0x00000000bfb00000, 0x00000000c1800000)
  object space 54272K, 99% used [0x00000000bc600000,0x00000000bfae98c8,0x00000000bfb00000)
}
Event: 89.280 GC heap before
{Heap before GC invocations=24 (full 0):
 PSYoungGen      total 48128K, used 47680K [0x00000000eb280000, 0x00000000f0800000, 0x0000000100000000)
  eden space 47104K, 100% used [0x00000000eb280000,0x00000000ee080000,0x00000000ee080000)
  from space 1024K, 56% used [0x00000000ee080000,0x00000000ee110000,0x00000000ee180000)
  to   space 20480K, 0% used [0x00000000ef400000,0x00000000ef400000,0x00000000f0800000)
 ParOldGen       total 175104K, used 45387K [0x00000000c1800000, 0x00000000cc300000, 0x00000000eb280000)
  object space 175104K, 25% used [0x00000000c1800000,0x00000000c4452d68,0x00000000cc300000)
 PSPermGen       total 54784K, used 54325K [0x00000000bc600000, 0x00000000bfb80000, 0x00000000c1800000)
  object space 54784K, 99% used [0x00000000bc600000,0x00000000bfb0d6c0,0x00000000bfb80000)
Event: 89.284 GC heap after
Heap after GC invocations=24 (full 0):
 PSYoungGen      total 68608K, used 1840K [0x00000000eb280000, 0x00000000f0800000, 0x0000000100000000)
  eden space 48128K, 0% used [0x00000000eb280000,0x00000000eb280000,0x00000000ee180000)
  from space 20480K, 8% used [0x00000000ef400000,0x00000000ef5cc020,0x00000000f0800000)
  to   space 18944K, 0% used [0x00000000ee180000,0x00000000ee180000,0x00000000ef400000)
 ParOldGen       total 175104K, used 45443K [0x00000000c1800000, 0x00000000cc300000, 0x00000000eb280000)
  object space 175104K, 25% used [0x00000000c1800000,0x00000000c4460d68,0x00000000cc300000)
 PSPermGen       total 54784K, used 54325K [0x00000000bc600000, 0x00000000bfb80000, 0x00000000c1800000)
  object space 54784K, 99% used [0x00000000bc600000,0x00000000bfb0d6c0,0x00000000bfb80000)
}

