# JRE version: Java(TM) SE Runtime Environment (7.0_45-b18) (build 1.7.0_45-b18)
# Java VM: Java HotSpot(TM) 64-Bit Server VM (24.45-b08 mixed mode linux-amd64 compressed oops)
Heap
 PSYoungGen      total 77824K, used 44274K [0x0000000759500000, 0x0000000760980000, 0x0000000800000000)
  eden space 60416K, 45% used [0x0000000759500000,0x000000075afb8f20,0x000000075d000000)
  from space 17408K, 97% used [0x000000075f880000,0x0000000760903948,0x0000000760980000)
  to   space 22528K, 0% used [0x000000075dd80000,0x000000075dd80000,0x000000075f380000)
 ParOldGen       total 175104K, used 28811K [0x000000060c000000, 0x0000000616b00000, 0x0000000759500000)
  object space 175104K, 16% used [0x000000060c000000,0x000000060dc22df0,0x0000000616b00000)
 PSPermGen       total 54272K, used 54094K [0x0000000606e00000, 0x000000060a300000, 0x000000060c000000)
  object space 54272K, 99% used [0x0000000606e00000,0x000000060a2d3b70,0x000000060a300000)
GC Heap History (10 events):
Event: 4.214 GC heap before
{Heap before GC invocations=4 (full 0):
 PSYoungGen      total 76800K, used 76791K [0x0000000759500000, 0x0000000762b00000, 0x0000000800000000)
  eden space 66048K, 100% used [0x0000000759500000,0x000000075d580000,0x000000075d580000)
  from space 10752K, 99% used [0x000000075d580000,0x000000075dffdea8,0x000000075e000000)
  to   space 10752K, 0% used [0x0000000762080000,0x0000000762080000,0x0000000762b00000)
 ParOldGen       total 175104K, used 8213K [0x000000060c000000, 0x0000000616b00000, 0x0000000759500000)
  object space 175104K, 4% used [0x000000060c000000,0x000000060c805408,0x0000000616b00000)
 PSPermGen       total 44032K, used 43691K [0x0000000606e00000, 0x0000000609900000, 0x000000060c000000)
  object space 44032K, 99% used [0x0000000606e00000,0x00000006098aae70,0x0000000609900000)
Event: 4.226 GC heap after
Heap after GC invocations=4 (full 0):
 PSYoungGen      total 76800K, used 10745K [0x0000000759500000, 0x0000000762b00000, 0x0000000800000000)
  eden space 66048K, 0% used [0x0000000759500000,0x0000000759500000,0x000000075d580000)
  from space 10752K, 99% used [0x0000000762080000,0x0000000762afe6c8,0x0000000762b00000)
  to   space 10752K, 0% used [0x000000075d580000,0x000000075d580000,0x000000075e000000)
 ParOldGen       total 175104K, used 15727K [0x000000060c000000, 0x0000000616b00000, 0x0000000759500000)
  object space 175104K, 8% used [0x000000060c000000,0x000000060cf5be48,0x0000000616b00000)
 PSPermGen       total 44032K, used 43691K [0x0000000606e00000, 0x0000000609900000, 0x000000060c000000)
  object space 44032K, 99% used [0x0000000606e00000,0x00000006098aae70,0x0000000609900000)
}
Event: 11.009 GC heap before
{Heap before GC invocations=5 (full 0):
 PSYoungGen      total 76800K, used 74713K [0x0000000759500000, 0x0000000762b00000, 0x0000000800000000)
  eden space 66048K, 96% used [0x0000000759500000,0x000000075d377e38,0x000000075d580000)
  from space 10752K, 99% used [0x0000000762080000,0x0000000762afe6c8,0x0000000762b00000)
  to   space 10752K, 0% used [0x000000075d580000,0x000000075d580000,0x000000075e000000)
 ParOldGen       total 175104K, used 15727K [0x000000060c000000, 0x0000000616b00000, 0x0000000759500000)
  object space 175104K, 8% used [0x000000060c000000,0x000000060cf5be48,0x0000000616b00000)
 PSPermGen       total 49152K, used 49106K [0x0000000606e00000, 0x0000000609e00000, 0x000000060c000000)
  object space 49152K, 99% used [0x0000000606e00000,0x0000000609df4870,0x0000000609e00000)
Event: 11.019 GC heap after
Heap after GC invocations=5 (full 0):
 PSYoungGen      total 75264K, used 10750K [0x0000000759500000, 0x0000000762100000, 0x0000000800000000)
  eden space 64512K, 0% used [0x0000000759500000,0x0000000759500000,0x000000075d400000)
  from space 10752K, 99% used [0x000000075d580000,0x000000075dfff948,0x000000075e000000)
  to   space 24064K, 0% used [0x0000000760980000,0x0000000760980000,0x0000000762100000)
 ParOldGen       total 175104K, used 20682K [0x000000060c000000, 0x0000000616b00000, 0x0000000759500000)
  object space 175104K, 11% used [0x000000060c000000,0x000000060d432a30,0x0000000616b00000)
 PSPermGen       total 49152K, used 49106K [0x0000000606e00000, 0x0000000609e00000, 0x000000060c000000)
  object space 49152K, 99% used [0x0000000606e00000,0x0000000609df4870,0x0000000609e00000)
}
Event: 13.707 GC heap before
{Heap before GC invocations=6 (full 0):
 PSYoungGen      total 75264K, used 75262K [0x0000000759500000, 0x0000000762100000, 0x0000000800000000)
  eden space 64512K, 100% used [0x0000000759500000,0x000000075d400000,0x000000075d400000)
  from space 10752K, 99% used [0x000000075d580000,0x000000075dfff948,0x000000075e000000)
  to   space 24064K, 0% used [0x0000000760980000,0x0000000760980000,0x0000000762100000)
 ParOldGen       total 175104K, used 20682K [0x000000060c000000, 0x0000000616b00000, 0x0000000759500000)
  object space 175104K, 11% used [0x000000060c000000,0x000000060d432a30,0x0000000616b00000)
 PSPermGen       total 52224K, used 52143K [0x0000000606e00000, 0x000000060a100000, 0x000000060c000000)
  object space 52224K, 99% used [0x0000000606e00000,0x000000060a0ebea0,0x000000060a100000)
Event: 13.717 GC heap after
Heap after GC invocations=6 (full 0):
 PSYoungGen      total 78336K, used 15338K [0x0000000759500000, 0x0000000761880000, 0x0000000800000000)
  eden space 62976K, 0% used [0x0000000759500000,0x0000000759500000,0x000000075d280000)
  from space 15360K, 99% used [0x0000000760980000,0x000000076187a920,0x0000000761880000)
  to   space 23552K, 0% used [0x000000075ea80000,0x000000075ea80000,0x0000000760180000)
 ParOldGen       total 175104K, used 20682K [0x000000060c000000, 0x0000000616b00000, 0x0000000759500000)
  object space 175104K, 11% used [0x000000060c000000,0x000000060d432a30,0x0000000616b00000)
 PSPermGen       total 52224K, used 52143K [0x0000000606e00000, 0x000000060a100000, 0x000000060c000000)
  object space 52224K, 99% used [0x0000000606e00000,0x000000060a0ebea0,0x000000060a100000)
}
Event: 18.490 GC heap before
{Heap before GC invocations=7 (full 0):
 PSYoungGen      total 78336K, used 77454K [0x0000000759500000, 0x0000000761880000, 0x0000000800000000)
  eden space 62976K, 98% used [0x0000000759500000,0x000000075d1a8f68,0x000000075d280000)
  from space 15360K, 99% used [0x0000000760980000,0x000000076187a920,0x0000000761880000)
  to   space 23552K, 0% used [0x000000075ea80000,0x000000075ea80000,0x0000000760180000)
 ParOldGen       total 175104K, used 20682K [0x000000060c000000, 0x0000000616b00000, 0x0000000759500000)
  object space 175104K, 11% used [0x000000060c000000,0x000000060d432a30,0x0000000616b00000)
 PSPermGen       total 54272K, used 53922K [0x0000000606e00000, 0x000000060a300000, 0x000000060c000000)
  object space 54272K, 99% used [0x0000000606e00000,0x000000060a2a8b80,0x000000060a300000)
Event: 18.504 GC heap after
Heap after GC invocations=7 (full 0):
 PSYoungGen      total 75776K, used 14230K [0x0000000759500000, 0x0000000760a00000, 0x0000000800000000)
  eden space 61440K, 0% used [0x0000000759500000,0x0000000759500000,0x000000075d100000)
  from space 14336K, 99% used [0x000000075ea80000,0x000000075f865958,0x000000075f880000)
  to   space 17920K, 0% used [0x000000075f880000,0x000000075f880000,0x0000000760a00000)
 ParOldGen       total 175104K, used 24282K [0x000000060c000000, 0x0000000616b00000, 0x0000000759500000)
  object space 175104K, 13% used [0x000000060c000000,0x000000060d7b6b90,0x0000000616b00000)
 PSPermGen       total 54272K, used 53922K [0x0000000606e00000, 0x000000060a300000, 0x000000060c000000)
  object space 54272K, 99% used [0x0000000606e00000,0x000000060a2a8b80,0x000000060a300000)
}
Event: 22.338 GC heap before
{Heap before GC invocations=8 (full 0):
 PSYoungGen      total 75776K, used 70588K [0x0000000759500000, 0x0000000760a00000, 0x0000000800000000)
  eden space 61440K, 91% used [0x0000000759500000,0x000000075cc09938,0x000000075d100000)
  from space 14336K, 99% used [0x000000075ea80000,0x000000075f865958,0x000000075f880000)
  to   space 17920K, 0% used [0x000000075f880000,0x000000075f880000,0x0000000760a00000)
 ParOldGen       total 175104K, used 24282K [0x000000060c000000, 0x0000000616b00000, 0x0000000759500000)
  object space 175104K, 13% used [0x000000060c000000,0x000000060d7b6b90,0x0000000616b00000)
 PSPermGen       total 54272K, used 54069K [0x0000000606e00000, 0x000000060a300000, 0x000000060c000000)
  object space 54272K, 99% used [0x0000000606e00000,0x000000060a2cd578,0x000000060a300000)
Event: 22.348 GC heap after
Heap after GC invocations=8 (full 0):
 PSYoungGen      total 77824K, used 16910K [0x0000000759500000, 0x0000000760980000, 0x0000000800000000)
  eden space 60416K, 0% used [0x0000000759500000,0x0000000759500000,0x000000075d000000)
  from space 17408K, 97% used [0x000000075f880000,0x0000000760903948,0x0000000760980000)
  to   space 22528K, 0% used [0x000000075dd80000,0x000000075dd80000,0x000000075f380000)
 ParOldGen       total 175104K, used 28811K [0x000000060c000000, 0x0000000616b00000, 0x0000000759500000)
  object space 175104K, 16% used [0x000000060c000000,0x000000060dc22df0,0x0000000616b00000)
 PSPermGen       total 54272K, used 54069K [0x0000000606e00000, 0x000000060a300000, 0x000000060c000000)
  object space 54272K, 99% used [0x0000000606e00000,0x000000060a2cd578,0x000000060a300000)
}

