# JRE version: Java(TM) SE Runtime Environment (7.0_45-b18) (build 1.7.0_45-b18)
# Java VM: Java HotSpot(TM) 64-Bit Server VM (24.45-b08 mixed mode linux-amd64 compressed oops)
Heap
 PSYoungGen      total 79360K, used 21822K [0x0000000759500000, 0x0000000760300000, 0x0000000800000000)
  eden space 51200K, 15% used [0x0000000759500000,0x0000000759ca0040,0x000000075c700000)
  from space 28160K, 49% used [0x000000075e780000,0x000000075f52f940,0x0000000760300000)
  to   space 30720K, 0% used [0x000000075c700000,0x000000075c700000,0x000000075e500000)
 ParOldGen       total 175104K, used 35810K [0x000000060c000000, 0x0000000616b00000, 0x0000000759500000)
  object space 175104K, 20% used [0x000000060c000000,0x000000060e2f8ba0,0x0000000616b00000)
 PSPermGen       total 50688K, used 50326K [0x0000000606e00000, 0x0000000609f80000, 0x000000060c000000)
  object space 50688K, 99% used [0x0000000606e00000,0x0000000609f25838,0x0000000609f80000)
GC Heap History (10 events):
Event: 266.602 GC heap before
{Heap before GC invocations=4 (full 0):
 PSYoungGen      total 76800K, used 76787K [0x0000000759500000, 0x000000075ea80000, 0x0000000800000000)
  eden space 66048K, 100% used [0x0000000759500000,0x000000075d580000,0x000000075d580000)
  from space 10752K, 99% used [0x000000075d580000,0x000000075dffcce0,0x000000075e000000)
  to   space 10752K, 0% used [0x000000075e000000,0x000000075e000000,0x000000075ea80000)
 ParOldGen       total 175104K, used 5355K [0x000000060c000000, 0x0000000616b00000, 0x0000000759500000)
  object space 175104K, 3% used [0x000000060c000000,0x000000060c53afb0,0x0000000616b00000)
 PSPermGen       total 34816K, used 34625K [0x0000000606e00000, 0x0000000609000000, 0x000000060c000000)
  object space 34816K, 99% used [0x0000000606e00000,0x0000000608fd0410,0x0000000609000000)
Event: 266.611 GC heap after
Heap after GC invocations=4 (full 0):
 PSYoungGen      total 76800K, used 10730K [0x0000000759500000, 0x000000075ea80000, 0x0000000800000000)
  eden space 66048K, 0% used [0x0000000759500000,0x0000000759500000,0x000000075d580000)
  from space 10752K, 99% used [0x000000075e000000,0x000000075ea7a958,0x000000075ea80000)
  to   space 10752K, 0% used [0x000000075d580000,0x000000075d580000,0x000000075e000000)
 ParOldGen       total 175104K, used 8225K [0x000000060c000000, 0x0000000616b00000, 0x0000000759500000)
  object space 175104K, 4% used [0x000000060c000000,0x000000060c808748,0x0000000616b00000)
 PSPermGen       total 34816K, used 34625K [0x0000000606e00000, 0x0000000609000000, 0x000000060c000000)
  object space 34816K, 99% used [0x0000000606e00000,0x0000000608fd0410,0x0000000609000000)
}
Event: 271.916 GC heap before
{Heap before GC invocations=5 (full 0):
 PSYoungGen      total 76800K, used 76778K [0x0000000759500000, 0x000000075ea80000, 0x0000000800000000)
  eden space 66048K, 100% used [0x0000000759500000,0x000000075d580000,0x000000075d580000)
  from space 10752K, 99% used [0x000000075e000000,0x000000075ea7a958,0x000000075ea80000)
  to   space 10752K, 0% used [0x000000075d580000,0x000000075d580000,0x000000075e000000)
 ParOldGen       total 175104K, used 8225K [0x000000060c000000, 0x0000000616b00000, 0x0000000759500000)
  object space 175104K, 4% used [0x000000060c000000,0x000000060c808748,0x0000000616b00000)
 PSPermGen       total 45056K, used 45047K [0x0000000606e00000, 0x0000000609a00000, 0x000000060c000000)
  object space 45056K, 99% used [0x0000000606e00000,0x00000006099fdf50,0x0000000609a00000)
Event: 271.926 GC heap after
Heap after GC invocations=5 (full 0):
 PSYoungGen      total 75264K, used 10741K [0x0000000759500000, 0x0000000760100000, 0x0000000800000000)
  eden space 64512K, 0% used [0x0000000759500000,0x0000000759500000,0x000000075d400000)
  from space 10752K, 99% used [0x000000075d580000,0x000000075dffd568,0x000000075e000000)
  to   space 23040K, 0% used [0x000000075ea80000,0x000000075ea80000,0x0000000760100000)
 ParOldGen       total 175104K, used 16855K [0x000000060c000000, 0x0000000616b00000, 0x0000000759500000)
  object space 175104K, 9% used [0x000000060c000000,0x000000060d075da8,0x0000000616b00000)
 PSPermGen       total 45056K, used 45047K [0x0000000606e00000, 0x0000000609a00000, 0x000000060c000000)
  object space 45056K, 99% used [0x0000000606e00000,0x00000006099fdf50,0x0000000609a00000)
}
Event: 284.305 GC heap before
{Heap before GC invocations=6 (full 0):
 PSYoungGen      total 75264K, used 74610K [0x0000000759500000, 0x0000000760100000, 0x0000000800000000)
  eden space 64512K, 99% used [0x0000000759500000,0x000000075d35f520,0x000000075d400000)
  from space 10752K, 99% used [0x000000075d580000,0x000000075dffd568,0x000000075e000000)
  to   space 23040K, 0% used [0x000000075ea80000,0x000000075ea80000,0x0000000760100000)
 ParOldGen       total 175104K, used 16855K [0x000000060c000000, 0x0000000616b00000, 0x0000000759500000)
  object space 175104K, 9% used [0x000000060c000000,0x000000060d075da8,0x0000000616b00000)
 PSPermGen       total 49664K, used 49589K [0x0000000606e00000, 0x0000000609e80000, 0x000000060c000000)
  object space 49664K, 99% used [0x0000000606e00000,0x0000000609e6d4c0,0x0000000609e80000)
Event: 284.316 GC heap after
Heap after GC invocations=6 (full 0):
 PSYoungGen      total 76288K, used 23028K [0x0000000759500000, 0x0000000761580000, 0x0000000800000000)
  eden space 53248K, 0% used [0x0000000759500000,0x0000000759500000,0x000000075c900000)
  from space 23040K, 99% used [0x000000075ea80000,0x00000007600fd248,0x0000000760100000)
  to   space 34304K, 0% used [0x000000075c900000,0x000000075c900000,0x000000075ea80000)
 ParOldGen       total 175104K, used 29730K [0x000000060c000000, 0x0000000616b00000, 0x0000000759500000)
  object space 175104K, 16% used [0x000000060c000000,0x000000060dd08b70,0x0000000616b00000)
 PSPermGen       total 49664K, used 49589K [0x0000000606e00000, 0x0000000609e80000, 0x000000060c000000)
  object space 49664K, 99% used [0x0000000606e00000,0x0000000609e6d4c0,0x0000000609e80000)
}
Event: 344.445 GC heap before
{Heap before GC invocations=7 (full 0):
 PSYoungGen      total 76288K, used 76276K [0x0000000759500000, 0x0000000761580000, 0x0000000800000000)
  eden space 53248K, 100% used [0x0000000759500000,0x000000075c900000,0x000000075c900000)
  from space 23040K, 99% used [0x000000075ea80000,0x00000007600fd248,0x0000000760100000)
  to   space 34304K, 0% used [0x000000075c900000,0x000000075c900000,0x000000075ea80000)
 ParOldGen       total 175104K, used 29730K [0x000000060c000000, 0x0000000616b00000, 0x0000000759500000)
  object space 175104K, 16% used [0x000000060c000000,0x000000060dd08b70,0x0000000616b00000)
 PSPermGen       total 50176K, used 49904K [0x0000000606e00000, 0x0000000609f00000, 0x000000060c000000)
  object space 50176K, 99% used [0x0000000606e00000,0x0000000609ebc218,0x0000000609f00000)
Event: 344.454 GC heap after
Heap after GC invocations=7 (full 0):
 PSYoungGen      total 69120K, used 16432K [0x0000000759500000, 0x0000000760700000, 0x0000000800000000)
  eden space 52224K, 0% used [0x0000000759500000,0x0000000759500000,0x000000075c800000)
  from space 16896K, 97% used [0x000000075c900000,0x000000075d90c0c8,0x000000075d980000)
  to   space 32256K, 0% used [0x000000075e780000,0x000000075e780000,0x0000000760700000)
 ParOldGen       total 175104K, used 32900K [0x000000060c000000, 0x0000000616b00000, 0x0000000759500000)
  object space 175104K, 18% used [0x000000060c000000,0x000000060e0211d8,0x0000000616b00000)
 PSPermGen       total 50176K, used 49904K [0x0000000606e00000, 0x0000000609f00000, 0x000000060c000000)
  object space 50176K, 99% used [0x0000000606e00000,0x0000000609ebc218,0x0000000609f00000)
}
Event: 486.116 GC heap before
{Heap before GC invocations=8 (full 0):
 PSYoungGen      total 69120K, used 68656K [0x0000000759500000, 0x0000000760700000, 0x0000000800000000)
  eden space 52224K, 100% used [0x0000000759500000,0x000000075c800000,0x000000075c800000)
  from space 16896K, 97% used [0x000000075c900000,0x000000075d90c0c8,0x000000075d980000)
  to   space 32256K, 0% used [0x000000075e780000,0x000000075e780000,0x0000000760700000)
 ParOldGen       total 175104K, used 32900K [0x000000060c000000, 0x0000000616b00000, 0x0000000759500000)
  object space 175104K, 18% used [0x000000060c000000,0x000000060e0211d8,0x0000000616b00000)
 PSPermGen       total 50688K, used 50289K [0x0000000606e00000, 0x0000000609f80000, 0x000000060c000000)
  object space 50688K, 99% used [0x0000000606e00000,0x0000000609f1c6a0,0x0000000609f80000)
Event: 486.123 GC heap after
Heap after GC invocations=8 (full 0):
 PSYoungGen      total 79360K, used 14014K [0x0000000759500000, 0x0000000760300000, 0x0000000800000000)
  eden space 51200K, 0% used [0x0000000759500000,0x0000000759500000,0x000000075c700000)
  from space 28160K, 49% used [0x000000075e780000,0x000000075f52f940,0x0000000760300000)
  to   space 30720K, 0% used [0x000000075c700000,0x000000075c700000,0x000000075e500000)
 ParOldGen       total 175104K, used 35810K [0x000000060c000000, 0x0000000616b00000, 0x0000000759500000)
  object space 175104K, 20% used [0x000000060c000000,0x000000060e2f8ba0,0x0000000616b00000)
 PSPermGen       total 50688K, used 50289K [0x0000000606e00000, 0x0000000609f80000, 0x000000060c000000)
  object space 50688K, 99% used [0x0000000606e00000,0x0000000609f1c6a0,0x0000000609f80000)
}

