# JRE version: Java(TM) SE Runtime Environment (7.0_45-b18) (build 1.7.0_45-b18)
# Java VM: Java HotSpot(TM) 64-Bit Server VM (24.45-b08 mixed mode linux-amd64 compressed oops)
Heap
 PSYoungGen      total 244224K, used 153615K [0x0000000797d00000, 0x00000007a9e00000, 0x0000000800000000)
  eden space 194560K, 70% used [0x0000000797d00000,0x00000007a03e00d0,0x00000007a3b00000)
  from space 49664K, 31% used [0x00000007a6d80000,0x00000007a7ca3bc0,0x00000007a9e00000)
  to   space 50688K, 0% used [0x00000007a3b00000,0x00000007a3b00000,0x00000007a6c80000)
 ParOldGen       total 175104K, used 91028K [0x00000006c7800000, 0x00000006d2300000, 0x0000000797d00000)
  object space 175104K, 51% used [0x00000006c7800000,0x00000006cd0e5178,0x00000006d2300000)
 PSPermGen       total 52736K, used 52505K [0x00000006c2600000, 0x00000006c5980000, 0x00000006c7800000)
  object space 52736K, 99% used [0x00000006c2600000,0x00000006c5946410,0x00000006c5980000)
GC Heap History (10 events):
Event: 16.806 GC heap before
{Heap before GC invocations=6 (full 0):
 PSYoungGen      total 75264K, used 75236K [0x0000000797d00000, 0x000000079ec00000, 0x0000000800000000)
  eden space 64512K, 100% used [0x0000000797d00000,0x000000079bc00000,0x000000079bc00000)
  from space 10752K, 99% used [0x000000079bd80000,0x000000079c7f92c8,0x000000079c800000)
  to   space 24576K, 0% used [0x000000079d400000,0x000000079d400000,0x000000079ec00000)
 ParOldGen       total 175104K, used 19466K [0x00000006c7800000, 0x00000006d2300000, 0x0000000797d00000)
  object space 175104K, 11% used [0x00000006c7800000,0x00000006c8b02a70,0x00000006d2300000)
 PSPermGen       total 38912K, used 38440K [0x00000006c2600000, 0x00000006c4c00000, 0x00000006c7800000)
  object space 38912K, 98% used [0x00000006c2600000,0x00000006c4b8a130,0x00000006c4c00000)
Event: 16.816 GC heap after
Heap after GC invocations=6 (full 0):
 PSYoungGen      total 86528K, used 21318K [0x0000000797d00000, 0x000000079ef80000, 0x0000000800000000)
  eden space 61952K, 0% used [0x0000000797d00000,0x0000000797d00000,0x000000079b980000)
  from space 24576K, 86% used [0x000000079d400000,0x000000079e8d1a10,0x000000079ec00000)
  to   space 27136K, 0% used [0x000000079b980000,0x000000079b980000,0x000000079d400000)
 ParOldGen       total 175104K, used 19474K [0x00000006c7800000, 0x00000006d2300000, 0x0000000797d00000)
  object space 175104K, 11% used [0x00000006c7800000,0x00000006c8b04a70,0x00000006d2300000)
 PSPermGen       total 38912K, used 38440K [0x00000006c2600000, 0x00000006c4c00000, 0x00000006c7800000)
  object space 38912K, 98% used [0x00000006c2600000,0x00000006c4b8a130,0x00000006c4c00000)
}
Event: 16.977 GC heap before
{Heap before GC invocations=7 (full 0):
 PSYoungGen      total 86528K, used 80406K [0x0000000797d00000, 0x000000079ef80000, 0x0000000800000000)
  eden space 61952K, 95% used [0x0000000797d00000,0x000000079b6b3e60,0x000000079b980000)
  from space 24576K, 86% used [0x000000079d400000,0x000000079e8d1a10,0x000000079ec00000)
  to   space 27136K, 0% used [0x000000079b980000,0x000000079b980000,0x000000079d400000)
 ParOldGen       total 175104K, used 19474K [0x00000006c7800000, 0x00000006d2300000, 0x0000000797d00000)
  object space 175104K, 11% used [0x00000006c7800000,0x00000006c8b04a70,0x00000006d2300000)
 PSPermGen       total 39424K, used 39054K [0x00000006c2600000, 0x00000006c4c80000, 0x00000006c7800000)
  object space 39424K, 99% used [0x00000006c2600000,0x00000006c4c239a8,0x00000006c4c80000)
Event: 16.992 GC heap after
Heap after GC invocations=7 (full 0):
 PSYoungGen      total 89088K, used 27128K [0x0000000797d00000, 0x00000007a5d00000, 0x0000000800000000)
  eden space 61952K, 0% used [0x0000000797d00000,0x0000000797d00000,0x000000079b980000)
  from space 27136K, 99% used [0x000000079b980000,0x000000079d3fe290,0x000000079d400000)
  to   space 52736K, 0% used [0x00000007a2980000,0x00000007a2980000,0x00000007a5d00000)
 ParOldGen       total 175104K, used 61688K [0x00000006c7800000, 0x00000006d2300000, 0x0000000797d00000)
  object space 175104K, 35% used [0x00000006c7800000,0x00000006cb43e288,0x00000006d2300000)
 PSPermGen       total 39424K, used 39054K [0x00000006c2600000, 0x00000006c4c80000, 0x00000006c7800000)
  object space 39424K, 99% used [0x00000006c2600000,0x00000006c4c239a8,0x00000006c4c80000)
}
Event: 23.702 GC heap before
{Heap before GC invocations=8 (full 0):
 PSYoungGen      total 89088K, used 89080K [0x0000000797d00000, 0x00000007a5d00000, 0x0000000800000000)
  eden space 61952K, 100% used [0x0000000797d00000,0x000000079b980000,0x000000079b980000)
  from space 27136K, 99% used [0x000000079b980000,0x000000079d3fe290,0x000000079d400000)
  to   space 52736K, 0% used [0x00000007a2980000,0x00000007a2980000,0x00000007a5d00000)
 ParOldGen       total 175104K, used 76980K [0x00000006c7800000, 0x00000006d2300000, 0x0000000797d00000)
  object space 175104K, 43% used [0x00000006c7800000,0x00000006cc32d040,0x00000006d2300000)
 PSPermGen       total 40960K, used 40891K [0x00000006c2600000, 0x00000006c4e00000, 0x00000006c7800000)
  object space 40960K, 99% used [0x00000006c2600000,0x00000006c4deefd8,0x00000006c4e00000)
Event: 23.719 GC heap after
Heap after GC invocations=8 (full 0):
 PSYoungGen      total 174080K, used 35770K [0x0000000797d00000, 0x00000007a6200000, 0x0000000800000000)
  eden space 121344K, 0% used [0x0000000797d00000,0x0000000797d00000,0x000000079f380000)
  from space 52736K, 67% used [0x00000007a2980000,0x00000007a4c6e920,0x00000007a5d00000)
  to   space 55296K, 0% used [0x000000079f380000,0x000000079f380000,0x00000007a2980000)
 ParOldGen       total 175104K, used 81288K [0x00000006c7800000, 0x00000006d2300000, 0x0000000797d00000)
  object space 175104K, 46% used [0x00000006c7800000,0x00000006cc762238,0x00000006d2300000)
 PSPermGen       total 40960K, used 40891K [0x00000006c2600000, 0x00000006c4e00000, 0x00000006c7800000)
  object space 40960K, 99% used [0x00000006c2600000,0x00000006c4deefd8,0x00000006c4e00000)
}
Event: 28.470 GC heap before
{Heap before GC invocations=9 (full 0):
 PSYoungGen      total 174080K, used 157114K [0x0000000797d00000, 0x00000007a6200000, 0x0000000800000000)
  eden space 121344K, 100% used [0x0000000797d00000,0x000000079f380000,0x000000079f380000)
  from space 52736K, 67% used [0x00000007a2980000,0x00000007a4c6e920,0x00000007a5d00000)
  to   space 55296K, 0% used [0x000000079f380000,0x000000079f380000,0x00000007a2980000)
 ParOldGen       total 175104K, used 81291K [0x00000006c7800000, 0x00000006d2300000, 0x0000000797d00000)
  object space 175104K, 46% used [0x00000006c7800000,0x00000006cc762c18,0x00000006d2300000)
 PSPermGen       total 52224K, used 51872K [0x00000006c2600000, 0x00000006c5900000, 0x00000006c7800000)
  object space 52224K, 99% used [0x00000006c2600000,0x00000006c58a8280,0x00000006c5900000)
Event: 28.484 GC heap after
Heap after GC invocations=9 (full 0):
 PSYoungGen      total 176640K, used 24225K [0x0000000797d00000, 0x00000007aa000000, 0x0000000800000000)
  eden space 121344K, 0% used [0x0000000797d00000,0x0000000797d00000,0x000000079f380000)
  from space 55296K, 43% used [0x000000079f380000,0x00000007a0b287f0,0x00000007a2980000)
  to   space 51712K, 0% used [0x00000007a6d80000,0x00000007a6d80000,0x00000007aa000000)
 ParOldGen       total 175104K, used 90573K [0x00000006c7800000, 0x00000006d2300000, 0x0000000797d00000)
  object space 175104K, 51% used [0x00000006c7800000,0x00000006cd0734e0,0x00000006d2300000)
 PSPermGen       total 52224K, used 51872K [0x00000006c2600000, 0x00000006c5900000, 0x00000006c7800000)
  object space 52224K, 99% used [0x00000006c2600000,0x00000006c58a8280,0x00000006c5900000)
}
Event: 38.858 GC heap before
{Heap before GC invocations=10 (full 0):
 PSYoungGen      total 176640K, used 145569K [0x0000000797d00000, 0x00000007aa000000, 0x0000000800000000)
  eden space 121344K, 100% used [0x0000000797d00000,0x000000079f380000,0x000000079f380000)
  from space 55296K, 43% used [0x000000079f380000,0x00000007a0b287f0,0x00000007a2980000)
  to   space 51712K, 0% used [0x00000007a6d80000,0x00000007a6d80000,0x00000007aa000000)
 ParOldGen       total 175104K, used 90573K [0x00000006c7800000, 0x00000006d2300000, 0x0000000797d00000)
  object space 175104K, 51% used [0x00000006c7800000,0x00000006cd0734e0,0x00000006d2300000)
 PSPermGen       total 52224K, used 52179K [0x00000006c2600000, 0x00000006c5900000, 0x00000006c7800000)
  object space 52224K, 99% used [0x00000006c2600000,0x00000006c58f4cf8,0x00000006c5900000)
Event: 38.867 GC heap after
Heap after GC invocations=10 (full 0):
 PSYoungGen      total 244224K, used 15502K [0x0000000797d00000, 0x00000007a9e00000, 0x0000000800000000)
  eden space 194560K, 0% used [0x0000000797d00000,0x0000000797d00000,0x00000007a3b00000)
  from space 49664K, 31% used [0x00000007a6d80000,0x00000007a7ca3bc0,0x00000007a9e00000)
  to   space 50688K, 0% used [0x00000007a3b00000,0x00000007a3b00000,0x00000007a6c80000)
 ParOldGen       total 175104K, used 91028K [0x00000006c7800000, 0x00000006d2300000, 0x0000000797d00000)
  object space 175104K, 51% used [0x00000006c7800000,0x00000006cd0e5178,0x00000006d2300000)
 PSPermGen       total 52224K, used 52179K [0x00000006c2600000, 0x00000006c5900000, 0x00000006c7800000)
  object space 52224K, 99% used [0x00000006c2600000,0x00000006c58f4cf8,0x00000006c5900000)
}

