# JRE version: Java(TM) SE Runtime Environment (7.0_45-b18) (build 1.7.0_45-b18)
# Java VM: Java HotSpot(TM) 64-Bit Server VM (24.45-b08 mixed mode linux-amd64 compressed oops)
Heap
 PSYoungGen      total 81920K, used 37545K [0x0000000759500000, 0x0000000760e00000, 0x0000000800000000)
  eden space 55808K, 20% used [0x0000000759500000,0x000000075a0310a8,0x000000075cb80000)
  from space 26112K, 99% used [0x000000075ea80000,0x00000007603f9490,0x0000000760400000)
  to   space 31744K, 0% used [0x000000075cb80000,0x000000075cb80000,0x000000075ea80000)
 ParOldGen       total 175104K, used 29798K [0x000000060c000000, 0x0000000616b00000, 0x0000000759500000)
  object space 175104K, 17% used [0x000000060c000000,0x000000060dd19a70,0x0000000616b00000)
 PSPermGen       total 54272K, used 54069K [0x0000000606e00000, 0x000000060a300000, 0x000000060c000000)
  object space 54272K, 99% used [0x0000000606e00000,0x000000060a2cd498,0x000000060a300000)
GC Heap History (10 events):
Event: 4.268 GC heap before
{Heap before GC invocations=4 (full 0):
 PSYoungGen      total 76800K, used 76783K [0x0000000759500000, 0x000000075ea80000, 0x0000000800000000)
  eden space 66048K, 100% used [0x0000000759500000,0x000000075d580000,0x000000075d580000)
  from space 10752K, 99% used [0x000000075d580000,0x000000075dffbe40,0x000000075e000000)
  to   space 10752K, 0% used [0x000000075e000000,0x000000075e000000,0x000000075ea80000)
 ParOldGen       total 175104K, used 8200K [0x000000060c000000, 0x0000000616b00000, 0x0000000759500000)
  object space 175104K, 4% used [0x000000060c000000,0x000000060c802260,0x0000000616b00000)
 PSPermGen       total 44032K, used 43681K [0x0000000606e00000, 0x0000000609900000, 0x000000060c000000)
  object space 44032K, 99% used [0x0000000606e00000,0x00000006098a8680,0x0000000609900000)
Event: 4.278 GC heap after
Heap after GC invocations=4 (full 0):
 PSYoungGen      total 76800K, used 10729K [0x0000000759500000, 0x000000075ea80000, 0x0000000800000000)
  eden space 66048K, 0% used [0x0000000759500000,0x0000000759500000,0x000000075d580000)
  from space 10752K, 99% used [0x000000075e000000,0x000000075ea7a468,0x000000075ea80000)
  to   space 10752K, 0% used [0x000000075d580000,0x000000075d580000,0x000000075e000000)
 ParOldGen       total 175104K, used 15923K [0x000000060c000000, 0x0000000616b00000, 0x0000000759500000)
  object space 175104K, 9% used [0x000000060c000000,0x000000060cf8ce48,0x0000000616b00000)
 PSPermGen       total 44032K, used 43681K [0x0000000606e00000, 0x0000000609900000, 0x000000060c000000)
  object space 44032K, 99% used [0x0000000606e00000,0x00000006098a8680,0x0000000609900000)
}
Event: 14.618 GC heap before
{Heap before GC invocations=5 (full 0):
 PSYoungGen      total 76800K, used 75978K [0x0000000759500000, 0x000000075ea80000, 0x0000000800000000)
  eden space 66048K, 98% used [0x0000000759500000,0x000000075d4b8678,0x000000075d580000)
  from space 10752K, 99% used [0x000000075e000000,0x000000075ea7a468,0x000000075ea80000)
  to   space 10752K, 0% used [0x000000075d580000,0x000000075d580000,0x000000075e000000)
 ParOldGen       total 175104K, used 15923K [0x000000060c000000, 0x0000000616b00000, 0x0000000759500000)
  object space 175104K, 9% used [0x000000060c000000,0x000000060cf8ce48,0x0000000616b00000)
 PSPermGen       total 49152K, used 49124K [0x0000000606e00000, 0x0000000609e00000, 0x000000060c000000)
  object space 49152K, 99% used [0x0000000606e00000,0x0000000609df90e0,0x0000000609e00000)
Event: 14.627 GC heap after
Heap after GC invocations=5 (full 0):
 PSYoungGen      total 75264K, used 10724K [0x0000000759500000, 0x0000000760300000, 0x0000000800000000)
  eden space 64512K, 0% used [0x0000000759500000,0x0000000759500000,0x000000075d400000)
  from space 10752K, 99% used [0x000000075d580000,0x000000075dff92d0,0x000000075e000000)
  to   space 24064K, 0% used [0x000000075eb80000,0x000000075eb80000,0x0000000760300000)
 ParOldGen       total 175104K, used 20977K [0x000000060c000000, 0x0000000616b00000, 0x0000000759500000)
  object space 175104K, 11% used [0x000000060c000000,0x000000060d47c710,0x0000000616b00000)
 PSPermGen       total 49152K, used 49124K [0x0000000606e00000, 0x0000000609e00000, 0x000000060c000000)
  object space 49152K, 99% used [0x0000000606e00000,0x0000000609df90e0,0x0000000609e00000)
}
Event: 17.424 GC heap before
{Heap before GC invocations=6 (full 0):
 PSYoungGen      total 75264K, used 74549K [0x0000000759500000, 0x0000000760300000, 0x0000000800000000)
  eden space 64512K, 98% used [0x0000000759500000,0x000000075d3542a8,0x000000075d400000)
  from space 10752K, 99% used [0x000000075d580000,0x000000075dff92d0,0x000000075e000000)
  to   space 24064K, 0% used [0x000000075eb80000,0x000000075eb80000,0x0000000760300000)
 ParOldGen       total 175104K, used 20977K [0x000000060c000000, 0x0000000616b00000, 0x0000000759500000)
  object space 175104K, 11% used [0x000000060c000000,0x000000060d47c710,0x0000000616b00000)
 PSPermGen       total 52224K, used 51921K [0x0000000606e00000, 0x000000060a100000, 0x000000060c000000)
  object space 52224K, 99% used [0x0000000606e00000,0x000000060a0b4530,0x000000060a100000)
Event: 17.434 GC heap after
Heap after GC invocations=6 (full 0):
 PSYoungGen      total 87040K, used 17803K [0x0000000759500000, 0x0000000760380000, 0x0000000800000000)
  eden space 62976K, 0% used [0x0000000759500000,0x0000000759500000,0x000000075d280000)
  from space 24064K, 73% used [0x000000075eb80000,0x000000075fce2eb8,0x0000000760300000)
  to   space 25088K, 0% used [0x000000075d280000,0x000000075d280000,0x000000075eb00000)
 ParOldGen       total 175104K, used 20985K [0x000000060c000000, 0x0000000616b00000, 0x0000000759500000)
  object space 175104K, 11% used [0x000000060c000000,0x000000060d47e710,0x0000000616b00000)
 PSPermGen       total 52224K, used 51921K [0x0000000606e00000, 0x000000060a100000, 0x000000060c000000)
  object space 52224K, 99% used [0x0000000606e00000,0x000000060a0b4530,0x000000060a100000)
}
Event: 20.222 GC heap before
{Heap before GC invocations=7 (full 0):
 PSYoungGen      total 87040K, used 80779K [0x0000000759500000, 0x0000000760380000, 0x0000000800000000)
  eden space 62976K, 100% used [0x0000000759500000,0x000000075d280000,0x000000075d280000)
  from space 24064K, 73% used [0x000000075eb80000,0x000000075fce2eb8,0x0000000760300000)
  to   space 25088K, 0% used [0x000000075d280000,0x000000075d280000,0x000000075eb00000)
 ParOldGen       total 175104K, used 20985K [0x000000060c000000, 0x0000000616b00000, 0x0000000759500000)
  object space 175104K, 11% used [0x000000060c000000,0x000000060d47e710,0x0000000616b00000)
 PSPermGen       total 54272K, used 53769K [0x0000000606e00000, 0x000000060a300000, 0x000000060c000000)
  object space 54272K, 99% used [0x0000000606e00000,0x000000060a282428,0x000000060a300000)
Event: 20.232 GC heap after
Heap after GC invocations=7 (full 0):
 PSYoungGen      total 80896K, used 19164K [0x0000000759500000, 0x0000000760400000, 0x0000000800000000)
  eden space 61440K, 0% used [0x0000000759500000,0x0000000759500000,0x000000075d100000)
  from space 19456K, 98% used [0x000000075d280000,0x000000075e537248,0x000000075e580000)
  to   space 26112K, 0% used [0x000000075ea80000,0x000000075ea80000,0x0000000760400000)
 ParOldGen       total 175104K, used 24493K [0x000000060c000000, 0x0000000616b00000, 0x0000000759500000)
  object space 175104K, 13% used [0x000000060c000000,0x000000060d7eb668,0x0000000616b00000)
 PSPermGen       total 54272K, used 53769K [0x0000000606e00000, 0x000000060a300000, 0x000000060c000000)
  object space 54272K, 99% used [0x0000000606e00000,0x000000060a282428,0x000000060a300000)
}
Event: 28.167 GC heap before
{Heap before GC invocations=8 (full 0):
 PSYoungGen      total 80896K, used 80604K [0x0000000759500000, 0x0000000760400000, 0x0000000800000000)
  eden space 61440K, 100% used [0x0000000759500000,0x000000075d100000,0x000000075d100000)
  from space 19456K, 98% used [0x000000075d280000,0x000000075e537248,0x000000075e580000)
  to   space 26112K, 0% used [0x000000075ea80000,0x000000075ea80000,0x0000000760400000)
 ParOldGen       total 175104K, used 24493K [0x000000060c000000, 0x0000000616b00000, 0x0000000759500000)
  object space 175104K, 13% used [0x000000060c000000,0x000000060d7eb668,0x0000000616b00000)
 PSPermGen       total 54272K, used 54043K [0x0000000606e00000, 0x000000060a300000, 0x000000060c000000)
  object space 54272K, 99% used [0x0000000606e00000,0x000000060a2c6d20,0x000000060a300000)
Event: 28.177 GC heap after
Heap after GC invocations=8 (full 0):
 PSYoungGen      total 81920K, used 26085K [0x0000000759500000, 0x0000000760e00000, 0x0000000800000000)
  eden space 55808K, 0% used [0x0000000759500000,0x0000000759500000,0x000000075cb80000)
  from space 26112K, 99% used [0x000000075ea80000,0x00000007603f9490,0x0000000760400000)
  to   space 31744K, 0% used [0x000000075cb80000,0x000000075cb80000,0x000000075ea80000)
 ParOldGen       total 175104K, used 29798K [0x000000060c000000, 0x0000000616b00000, 0x0000000759500000)
  object space 175104K, 17% used [0x000000060c000000,0x000000060dd19a70,0x0000000616b00000)
 PSPermGen       total 54272K, used 54043K [0x0000000606e00000, 0x000000060a300000, 0x000000060c000000)
  object space 54272K, 99% used [0x0000000606e00000,0x000000060a2c6d20,0x000000060a300000)
}

