# JRE version: Java(TM) SE Runtime Environment (7.0_45-b18) (build 1.7.0_45-b18)
# Java VM: Java HotSpot(TM) 64-Bit Server VM (24.45-b08 mixed mode linux-amd64 compressed oops)
Heap
 PSYoungGen      total 69632K, used 67321K [0x0000000797d00000, 0x000000079e700000, 0x0000000800000000)
  eden space 59392K, 96% used [0x0000000797d00000,0x000000079b523bb8,0x000000079b700000)
  from space 10240K, 96% used [0x000000079b800000,0x000000079c19ab50,0x000000079c200000)
  to   space 24576K, 0% used [0x000000079cf00000,0x000000079cf00000,0x000000079e700000)
 ParOldGen       total 175104K, used 28047K [0x00000006c7800000, 0x00000006d2300000, 0x0000000797d00000)
  object space 175104K, 16% used [0x00000006c7800000,0x00000006c9363ea0,0x00000006d2300000)
 PSPermGen       total 53760K, used 53320K [0x00000006c2600000, 0x00000006c5a80000, 0x00000006c7800000)
  object space 53760K, 99% used [0x00000006c2600000,0x00000006c5a121c0,0x00000006c5a80000)
GC Heap History (10 events):
Event: 14.845 GC heap before
{Heap before GC invocations=5 (full 0):
 PSYoungGen      total 76800K, used 76787K [0x0000000797d00000, 0x000000079d280000, 0x0000000800000000)
  eden space 66048K, 100% used [0x0000000797d00000,0x000000079bd80000,0x000000079bd80000)
  from space 10752K, 99% used [0x000000079c800000,0x000000079d27cd80,0x000000079d280000)
  to   space 10752K, 0% used [0x000000079bd80000,0x000000079bd80000,0x000000079c800000)
 ParOldGen       total 175104K, used 11859K [0x00000006c7800000, 0x00000006d2300000, 0x0000000797d00000)
  object space 175104K, 6% used [0x00000006c7800000,0x00000006c8394d28,0x00000006d2300000)
 PSPermGen       total 40448K, used 40330K [0x00000006c2600000, 0x00000006c4d80000, 0x00000006c7800000)
  object space 40448K, 99% used [0x00000006c2600000,0x00000006c4d62910,0x00000006c4d80000)
Event: 14.853 GC heap after
Heap after GC invocations=5 (full 0):
 PSYoungGen      total 75264K, used 10725K [0x0000000797d00000, 0x000000079e700000, 0x0000000800000000)
  eden space 64512K, 0% used [0x0000000797d00000,0x0000000797d00000,0x000000079bc00000)
  from space 10752K, 99% used [0x000000079bd80000,0x000000079c7f95d0,0x000000079c800000)
  to   space 22016K, 0% used [0x000000079d180000,0x000000079d180000,0x000000079e700000)
 ParOldGen       total 175104K, used 16010K [0x00000006c7800000, 0x00000006d2300000, 0x0000000797d00000)
  object space 175104K, 9% used [0x00000006c7800000,0x00000006c87a2a90,0x00000006d2300000)
 PSPermGen       total 40448K, used 40330K [0x00000006c2600000, 0x00000006c4d80000, 0x00000006c7800000)
  object space 40448K, 99% used [0x00000006c2600000,0x00000006c4d62910,0x00000006c4d80000)
}
Event: 20.665 GC heap before
{Heap before GC invocations=6 (full 0):
 PSYoungGen      total 75264K, used 75237K [0x0000000797d00000, 0x000000079e700000, 0x0000000800000000)
  eden space 64512K, 100% used [0x0000000797d00000,0x000000079bc00000,0x000000079bc00000)
  from space 10752K, 99% used [0x000000079bd80000,0x000000079c7f95d0,0x000000079c800000)
  to   space 22016K, 0% used [0x000000079d180000,0x000000079d180000,0x000000079e700000)
 ParOldGen       total 175104K, used 16010K [0x00000006c7800000, 0x00000006d2300000, 0x0000000797d00000)
  object space 175104K, 9% used [0x00000006c7800000,0x00000006c87a2a90,0x00000006d2300000)
 PSPermGen       total 45568K, used 45138K [0x00000006c2600000, 0x00000006c5280000, 0x00000006c7800000)
  object space 45568K, 99% used [0x00000006c2600000,0x00000006c5214b60,0x00000006c5280000)
Event: 20.674 GC heap after
Heap after GC invocations=6 (full 0):
 PSYoungGen      total 83456K, used 15881K [0x0000000797d00000, 0x000000079e580000, 0x0000000800000000)
  eden space 62976K, 0% used [0x0000000797d00000,0x0000000797d00000,0x000000079ba80000)
  from space 20480K, 77% used [0x000000079d180000,0x000000079e1024f0,0x000000079e580000)
  to   space 22016K, 0% used [0x000000079ba80000,0x000000079ba80000,0x000000079d000000)
 ParOldGen       total 175104K, used 16018K [0x00000006c7800000, 0x00000006d2300000, 0x0000000797d00000)
  object space 175104K, 9% used [0x00000006c7800000,0x00000006c87a4a90,0x00000006d2300000)
 PSPermGen       total 45568K, used 45138K [0x00000006c2600000, 0x00000006c5280000, 0x00000006c7800000)
  object space 45568K, 99% used [0x00000006c2600000,0x00000006c5214b60,0x00000006c5280000)
}
Event: 21.548 GC heap before
{Heap before GC invocations=7 (full 0):
 PSYoungGen      total 83456K, used 78857K [0x0000000797d00000, 0x000000079e580000, 0x0000000800000000)
  eden space 62976K, 100% used [0x0000000797d00000,0x000000079ba80000,0x000000079ba80000)
  from space 20480K, 77% used [0x000000079d180000,0x000000079e1024f0,0x000000079e580000)
  to   space 22016K, 0% used [0x000000079ba80000,0x000000079ba80000,0x000000079d000000)
 ParOldGen       total 175104K, used 16018K [0x00000006c7800000, 0x00000006d2300000, 0x0000000797d00000)
  object space 175104K, 9% used [0x00000006c7800000,0x00000006c87a4a90,0x00000006d2300000)
 PSPermGen       total 51712K, used 51357K [0x00000006c2600000, 0x00000006c5880000, 0x00000006c7800000)
  object space 51712K, 99% used [0x00000006c2600000,0x00000006c5827790,0x00000006c5880000)
Event: 21.559 GC heap after
Heap after GC invocations=7 (full 0):
 PSYoungGen      total 83456K, used 20201K [0x0000000797d00000, 0x000000079e900000, 0x0000000800000000)
  eden space 61440K, 0% used [0x0000000797d00000,0x0000000797d00000,0x000000079b900000)
  from space 22016K, 91% used [0x000000079ba80000,0x000000079ce3a7c8,0x000000079d000000)
  to   space 24576K, 0% used [0x000000079d100000,0x000000079d100000,0x000000079e900000)
 ParOldGen       total 175104K, used 19330K [0x00000006c7800000, 0x00000006d2300000, 0x0000000797d00000)
  object space 175104K, 11% used [0x00000006c7800000,0x00000006c8ae08c0,0x00000006d2300000)
 PSPermGen       total 51712K, used 51357K [0x00000006c2600000, 0x00000006c5880000, 0x00000006c7800000)
  object space 51712K, 99% used [0x00000006c2600000,0x00000006c5827790,0x00000006c5880000)
}
Event: 28.437 GC heap before
{Heap before GC invocations=8 (full 0):
 PSYoungGen      total 83456K, used 81641K [0x0000000797d00000, 0x000000079e900000, 0x0000000800000000)
  eden space 61440K, 100% used [0x0000000797d00000,0x000000079b900000,0x000000079b900000)
  from space 22016K, 91% used [0x000000079ba80000,0x000000079ce3a7c8,0x000000079d000000)
  to   space 24576K, 0% used [0x000000079d100000,0x000000079d100000,0x000000079e900000)
 ParOldGen       total 175104K, used 19330K [0x00000006c7800000, 0x00000006d2300000, 0x0000000797d00000)
  object space 175104K, 11% used [0x00000006c7800000,0x00000006c8ae08c0,0x00000006d2300000)
 PSPermGen       total 53248K, used 52860K [0x00000006c2600000, 0x00000006c5a00000, 0x00000006c7800000)
  object space 53248K, 99% used [0x00000006c2600000,0x00000006c599f0a8,0x00000006c5a00000)
Event: 28.446 GC heap after
Heap after GC invocations=8 (full 0):
 PSYoungGen      total 83968K, used 17440K [0x0000000797d00000, 0x000000079e800000, 0x0000000800000000)
  eden space 60416K, 0% used [0x0000000797d00000,0x0000000797d00000,0x000000079b800000)
  from space 23552K, 74% used [0x000000079d100000,0x000000079e2081b0,0x000000079e800000)
  to   space 24576K, 0% used [0x000000079b800000,0x000000079b800000,0x000000079d000000)
 ParOldGen       total 175104K, used 24453K [0x00000006c7800000, 0x00000006d2300000, 0x0000000797d00000)
  object space 175104K, 13% used [0x00000006c7800000,0x00000006c8fe1618,0x00000006d2300000)
 PSPermGen       total 53248K, used 52860K [0x00000006c2600000, 0x00000006c5a00000, 0x00000006c7800000)
  object space 53248K, 99% used [0x00000006c2600000,0x00000006c599f0a8,0x00000006c5a00000)
}
Event: 48.321 GC heap before
{Heap before GC invocations=9 (full 0):
 PSYoungGen      total 83968K, used 77856K [0x0000000797d00000, 0x000000079e800000, 0x0000000800000000)
  eden space 60416K, 100% used [0x0000000797d00000,0x000000079b800000,0x000000079b800000)
  from space 23552K, 74% used [0x000000079d100000,0x000000079e2081b0,0x000000079e800000)
  to   space 24576K, 0% used [0x000000079b800000,0x000000079b800000,0x000000079d000000)
 ParOldGen       total 175104K, used 24453K [0x00000006c7800000, 0x00000006d2300000, 0x0000000797d00000)
  object space 175104K, 13% used [0x00000006c7800000,0x00000006c8fe1618,0x00000006d2300000)
 PSPermGen       total 53248K, used 53065K [0x00000006c2600000, 0x00000006c5a00000, 0x00000006c7800000)
  object space 53248K, 99% used [0x00000006c2600000,0x00000006c59d25d0,0x00000006c5a00000)
Event: 48.327 GC heap after
Heap after GC invocations=9 (full 0):
 PSYoungGen      total 69632K, used 9834K [0x0000000797d00000, 0x000000079e700000, 0x0000000800000000)
  eden space 59392K, 0% used [0x0000000797d00000,0x0000000797d00000,0x000000079b700000)
  from space 10240K, 96% used [0x000000079b800000,0x000000079c19ab50,0x000000079c200000)
  to   space 24576K, 0% used [0x000000079cf00000,0x000000079cf00000,0x000000079e700000)
 ParOldGen       total 175104K, used 28047K [0x00000006c7800000, 0x00000006d2300000, 0x0000000797d00000)
  object space 175104K, 16% used [0x00000006c7800000,0x00000006c9363ea0,0x00000006d2300000)
 PSPermGen       total 53248K, used 53065K [0x00000006c2600000, 0x00000006c5a00000, 0x00000006c7800000)
  object space 53248K, 99% used [0x00000006c2600000,0x00000006c59d25d0,0x00000006c5a00000)
}

