# JRE version: Java(TM) SE Runtime Environment (7.0_45-b18) (build 1.7.0_45-b18)
# Java VM: Java HotSpot(TM) 64-Bit Server VM (24.45-b08 mixed mode linux-amd64 compressed oops)
Heap
 PSYoungGen      total 792576K, used 737203K [0x0000000759500000, 0x00000007a8000000, 0x0000000800000000)
  eden space 541696K, 90% used [0x0000000759500000,0x0000000777186a60,0x000000077a600000)
  from space 250880K, 99% used [0x0000000792180000,0x00000007a14e6528,0x00000007a1680000)
  to   space 373760K, 0% used [0x000000077a600000,0x000000077a600000,0x0000000791300000)
 ParOldGen       total 1236480K, used 737235K [0x000000060c000000, 0x0000000657780000, 0x0000000759500000)
  object space 1236480K, 59% used [0x000000060c000000,0x0000000638ff4ff8,0x0000000657780000)
 PSPermGen       total 83968K, used 50744K [0x0000000606e00000, 0x000000060c000000, 0x000000060c000000)
  object space 83968K, 60% used [0x0000000606e00000,0x0000000609f8e2a8,0x000000060c000000)
GC Heap History (10 events):
Event: 13.884 GC heap before
{Heap before GC invocations=9 (full 1):
 PSYoungGen      total 486400K, used 24048K [0x0000000759500000, 0x0000000784900000, 0x0000000800000000)
  eden space 462336K, 0% used [0x0000000759500000,0x0000000759500000,0x0000000775880000)
  from space 24064K, 99% used [0x000000077b080000,0x000000077c7fc088,0x000000077c800000)
  to   space 90112K, 0% used [0x0000000775880000,0x0000000775880000,0x000000077b080000)
 ParOldGen       total 175104K, used 157827K [0x000000060c000000, 0x0000000616b00000, 0x0000000759500000)
  object space 175104K, 90% used [0x000000060c000000,0x0000000615a20d08,0x0000000616b00000)
 PSPermGen       total 47616K, used 47567K [0x0000000606e00000, 0x0000000609c80000, 0x000000060c000000)
  object space 47616K, 99% used [0x0000000606e00000,0x0000000609c73ef8,0x0000000609c80000)
Event: 14.044 GC heap after
Heap after GC invocations=9 (full 1):
 PSYoungGen      total 486400K, used 3052K [0x0000000759500000, 0x0000000784900000, 0x0000000800000000)
  eden space 462336K, 0% used [0x0000000759500000,0x0000000759500000,0x0000000775880000)
  from space 24064K, 12% used [0x000000077b080000,0x000000077b37b290,0x000000077c800000)
  to   space 90112K, 0% used [0x0000000775880000,0x0000000775880000,0x000000077b080000)
 ParOldGen       total 340480K, used 174974K [0x000000060c000000, 0x0000000620c80000, 0x0000000759500000)
  object space 340480K, 51% used [0x000000060c000000,0x0000000616adfa90,0x0000000620c80000)
 PSPermGen       total 83968K, used 47548K [0x0000000606e00000, 0x000000060c000000, 0x000000060c000000)
  object space 83968K, 56% used [0x0000000606e00000,0x0000000609c6f220,0x000000060c000000)
}
Event: 14.262 GC heap before
{Heap before GC invocations=10 (full 1):
 PSYoungGen      total 486400K, used 465388K [0x0000000759500000, 0x0000000784900000, 0x0000000800000000)
  eden space 462336K, 100% used [0x0000000759500000,0x0000000775880000,0x0000000775880000)
  from space 24064K, 12% used [0x000000077b080000,0x000000077b37b290,0x000000077c800000)
  to   space 90112K, 0% used [0x0000000775880000,0x0000000775880000,0x000000077b080000)
 ParOldGen       total 340480K, used 174974K [0x000000060c000000, 0x0000000620c80000, 0x0000000759500000)
  object space 340480K, 51% used [0x000000060c000000,0x0000000616adfa90,0x0000000620c80000)
 PSPermGen       total 83968K, used 48485K [0x0000000606e00000, 0x000000060c000000, 0x000000060c000000)
  object space 83968K, 57% used [0x0000000606e00000,0x0000000609d59638,0x000000060c000000)
Event: 14.316 GC heap after
Heap after GC invocations=10 (full 1):
 PSYoungGen      total 552448K, used 90107K [0x0000000759500000, 0x00000007a1680000, 0x0000000800000000)
  eden space 462336K, 0% used [0x0000000759500000,0x0000000759500000,0x0000000775880000)
  from space 90112K, 99% used [0x0000000775880000,0x000000077b07ed58,0x000000077b080000)
  to   space 250880K, 0% used [0x0000000792180000,0x0000000792180000,0x00000007a1680000)
 ParOldGen       total 531968K, used 530559K [0x000000060c000000, 0x000000062c780000, 0x0000000759500000)
  object space 531968K, 99% used [0x000000060c000000,0x000000062c61fd00,0x000000062c780000)
 PSPermGen       total 83968K, used 48485K [0x0000000606e00000, 0x000000060c000000, 0x000000060c000000)
  object space 83968K, 57% used [0x0000000606e00000,0x0000000609d59638,0x000000060c000000)
}
Event: 14.316 GC heap before
{Heap before GC invocations=11 (full 2):
 PSYoungGen      total 552448K, used 90107K [0x0000000759500000, 0x00000007a1680000, 0x0000000800000000)
  eden space 462336K, 0% used [0x0000000759500000,0x0000000759500000,0x0000000775880000)
  from space 90112K, 99% used [0x0000000775880000,0x000000077b07ed58,0x000000077b080000)
  to   space 250880K, 0% used [0x0000000792180000,0x0000000792180000,0x00000007a1680000)
 ParOldGen       total 531968K, used 530559K [0x000000060c000000, 0x000000062c780000, 0x0000000759500000)
  object space 531968K, 99% used [0x000000060c000000,0x000000062c61fd00,0x000000062c780000)
 PSPermGen       total 83968K, used 48485K [0x0000000606e00000, 0x000000060c000000, 0x000000060c000000)
  object space 83968K, 57% used [0x0000000606e00000,0x0000000609d59638,0x000000060c000000)
Event: 14.469 GC heap after
Heap after GC invocations=11 (full 2):
 PSYoungGen      total 552448K, used 83901K [0x0000000759500000, 0x00000007a1680000, 0x0000000800000000)
  eden space 462336K, 0% used [0x0000000759500000,0x0000000759500000,0x0000000775880000)
  from space 90112K, 93% used [0x0000000775880000,0x000000077aa6f548,0x000000077b080000)
  to   space 250880K, 0% used [0x0000000792180000,0x0000000792180000,0x00000007a1680000)
 ParOldGen       total 908288K, used 531908K [0x000000060c000000, 0x0000000643700000, 0x0000000759500000)
  object space 908288K, 58% used [0x000000060c000000,0x000000062c7712a0,0x0000000643700000)
 PSPermGen       total 83968K, used 48485K [0x0000000606e00000, 0x000000060c000000, 0x000000060c000000)
  object space 83968K, 57% used [0x0000000606e00000,0x0000000609d59538,0x000000060c000000)
}
Event: 14.754 GC heap before
{Heap before GC invocations=12 (full 2):
 PSYoungGen      total 552448K, used 465601K [0x0000000759500000, 0x00000007a1680000, 0x0000000800000000)
  eden space 462336K, 82% used [0x0000000759500000,0x00000007709c10c0,0x0000000775880000)
  from space 90112K, 93% used [0x0000000775880000,0x000000077aa6f548,0x000000077b080000)
  to   space 250880K, 0% used [0x0000000792180000,0x0000000792180000,0x00000007a1680000)
 ParOldGen       total 908288K, used 531908K [0x000000060c000000, 0x0000000643700000, 0x0000000759500000)
  object space 908288K, 58% used [0x000000060c000000,0x000000062c7712a0,0x0000000643700000)
 PSPermGen       total 83968K, used 48576K [0x0000000606e00000, 0x000000060c000000, 0x000000060c000000)
  object space 83968K, 57% used [0x0000000606e00000,0x0000000609d70298,0x000000060c000000)
Event: 14.846 GC heap after
Heap after GC invocations=12 (full 2):
 PSYoungGen      total 792576K, used 250872K [0x0000000759500000, 0x00000007a8000000, 0x0000000800000000)
  eden space 541696K, 0% used [0x0000000759500000,0x0000000759500000,0x000000077a600000)
  from space 250880K, 99% used [0x0000000792180000,0x00000007a167e358,0x00000007a1680000)
  to   space 373760K, 0% used [0x000000077a600000,0x000000077a600000,0x0000000791300000)
 ParOldGen       total 908288K, used 737879K [0x000000060c000000, 0x0000000643700000, 0x0000000759500000)
  object space 908288K, 81% used [0x000000060c000000,0x0000000639095e00,0x0000000643700000)
 PSPermGen       total 83968K, used 48576K [0x0000000606e00000, 0x000000060c000000, 0x000000060c000000)
  object space 83968K, 57% used [0x0000000606e00000,0x0000000609d70298,0x000000060c000000)
}
Event: 14.846 GC heap before
{Heap before GC invocations=13 (full 3):
 PSYoungGen      total 792576K, used 250872K [0x0000000759500000, 0x00000007a8000000, 0x0000000800000000)
  eden space 541696K, 0% used [0x0000000759500000,0x0000000759500000,0x000000077a600000)
  from space 250880K, 99% used [0x0000000792180000,0x00000007a167e358,0x00000007a1680000)
  to   space 373760K, 0% used [0x000000077a600000,0x000000077a600000,0x0000000791300000)
 ParOldGen       total 908288K, used 737879K [0x000000060c000000, 0x0000000643700000, 0x0000000759500000)
  object space 908288K, 81% used [0x000000060c000000,0x0000000639095e00,0x0000000643700000)
 PSPermGen       total 83968K, used 48576K [0x0000000606e00000, 0x000000060c000000, 0x000000060c000000)
  object space 83968K, 57% used [0x0000000606e00000,0x0000000609d70298,0x000000060c000000)
Event: 15.034 GC heap after
Heap after GC invocations=13 (full 3):
 PSYoungGen      total 792576K, used 249241K [0x0000000759500000, 0x00000007a8000000, 0x0000000800000000)
  eden space 541696K, 0% used [0x0000000759500000,0x0000000759500000,0x000000077a600000)
  from space 250880K, 99% used [0x0000000792180000,0x00000007a14e6528,0x00000007a1680000)
  to   space 373760K, 0% used [0x000000077a600000,0x000000077a600000,0x0000000791300000)
 ParOldGen       total 1236480K, used 737235K [0x000000060c000000, 0x0000000657780000, 0x0000000759500000)
  object space 1236480K, 59% used [0x000000060c000000,0x0000000638ff4ff8,0x0000000657780000)
 PSPermGen       total 83968K, used 48576K [0x0000000606e00000, 0x000000060c000000, 0x000000060c000000)
  object space 83968K, 57% used [0x0000000606e00000,0x0000000609d70298,0x000000060c000000)
}

