# JRE version: Java(TM) SE Runtime Environment (7.0_45-b18) (build 1.7.0_45-b18)
# Java VM: Java HotSpot(TM) 64-Bit Server VM (24.45-b08 mixed mode linux-amd64 compressed oops)
Heap
 PSYoungGen      total 278528K, used 210205K [0x0000000797d00000, 0x00000007a9f00000, 0x0000000800000000)
  eden space 261632K, 75% used [0x0000000797d00000,0x00000007a3d25808,0x00000007a7c80000)
  from space 16896K, 79% used [0x00000007a8d80000,0x00000007a9aa1f30,0x00000007a9e00000)
  to   space 17408K, 0% used [0x00000007a7c80000,0x00000007a7c80000,0x00000007a8d80000)
 ParOldGen       total 175104K, used 15547K [0x00000006c7800000, 0x00000006d2300000, 0x0000000797d00000)
  object space 175104K, 8% used [0x00000006c7800000,0x00000006c872ef28,0x00000006d2300000)
 PSPermGen       total 51200K, used 50867K [0x00000006c2600000, 0x00000006c5800000, 0x00000006c7800000)
  object space 51200K, 99% used [0x00000006c2600000,0x00000006c57acf08,0x00000006c5800000)
GC Heap History (10 events):
Event: 2.273 GC heap before
{Heap before GC invocations=4 (full 0):
 PSYoungGen      total 76800K, used 76793K [0x0000000797d00000, 0x000000079d280000, 0x0000000800000000)
  eden space 66048K, 100% used [0x0000000797d00000,0x000000079bd80000,0x000000079bd80000)
  from space 10752K, 99% used [0x000000079bd80000,0x000000079c7fe548,0x000000079c800000)
  to   space 10752K, 0% used [0x000000079c800000,0x000000079c800000,0x000000079d280000)
 ParOldGen       total 175104K, used 1857K [0x00000006c7800000, 0x00000006d2300000, 0x0000000797d00000)
  object space 175104K, 1% used [0x00000006c7800000,0x00000006c79d0680,0x00000006d2300000)
 PSPermGen       total 32768K, used 32612K [0x00000006c2600000, 0x00000006c4600000, 0x00000006c7800000)
  object space 32768K, 99% used [0x00000006c2600000,0x00000006c45d9010,0x00000006c4600000)
Event: 2.281 GC heap after
Heap after GC invocations=4 (full 0):
 PSYoungGen      total 76800K, used 10742K [0x0000000797d00000, 0x00000007a1300000, 0x0000000800000000)
  eden space 66048K, 0% used [0x0000000797d00000,0x0000000797d00000,0x000000079bd80000)
  from space 10752K, 99% used [0x000000079c800000,0x000000079d27d878,0x000000079d280000)
  to   space 10752K, 0% used [0x000000079bd80000,0x000000079bd80000,0x000000079c800000)
 ParOldGen       total 175104K, used 4565K [0x00000006c7800000, 0x00000006d2300000, 0x0000000797d00000)
  object space 175104K, 2% used [0x00000006c7800000,0x00000006c7c75540,0x00000006d2300000)
 PSPermGen       total 32768K, used 32612K [0x00000006c2600000, 0x00000006c4600000, 0x00000006c7800000)
  object space 32768K, 99% used [0x00000006c2600000,0x00000006c45d9010,0x00000006c4600000)
}
Event: 2.438 GC heap before
{Heap before GC invocations=5 (full 0):
 PSYoungGen      total 76800K, used 76790K [0x0000000797d00000, 0x00000007a1300000, 0x0000000800000000)
  eden space 66048K, 100% used [0x0000000797d00000,0x000000079bd80000,0x000000079bd80000)
  from space 10752K, 99% used [0x000000079c800000,0x000000079d27d878,0x000000079d280000)
  to   space 10752K, 0% used [0x000000079bd80000,0x000000079bd80000,0x000000079c800000)
 ParOldGen       total 175104K, used 4565K [0x00000006c7800000, 0x00000006d2300000, 0x0000000797d00000)
  object space 175104K, 2% used [0x00000006c7800000,0x00000006c7c75540,0x00000006d2300000)
 PSPermGen       total 34304K, used 34248K [0x00000006c2600000, 0x00000006c4780000, 0x00000006c7800000)
  object space 34304K, 99% used [0x00000006c2600000,0x00000006c47723a8,0x00000006c4780000)
Event: 2.446 GC heap after
Heap after GC invocations=5 (full 0):
 PSYoungGen      total 76800K, used 10735K [0x0000000797d00000, 0x00000007a1f00000, 0x0000000800000000)
  eden space 66048K, 0% used [0x0000000797d00000,0x0000000797d00000,0x000000079bd80000)
  from space 10752K, 99% used [0x000000079bd80000,0x000000079c7fbd28,0x000000079c800000)
  to   space 16896K, 0% used [0x00000007a0e80000,0x00000007a0e80000,0x00000007a1f00000)
 ParOldGen       total 175104K, used 6004K [0x00000006c7800000, 0x00000006d2300000, 0x0000000797d00000)
  object space 175104K, 3% used [0x00000006c7800000,0x00000006c7ddd310,0x00000006d2300000)
 PSPermGen       total 34304K, used 34248K [0x00000006c2600000, 0x00000006c4780000, 0x00000006c7800000)
  object space 34304K, 99% used [0x00000006c2600000,0x00000006c47723a8,0x00000006c4780000)
}
Event: 2.839 GC heap before
{Heap before GC invocations=6 (full 0):
 PSYoungGen      total 76800K, used 76783K [0x0000000797d00000, 0x00000007a1f00000, 0x0000000800000000)
  eden space 66048K, 100% used [0x0000000797d00000,0x000000079bd80000,0x000000079bd80000)
  from space 10752K, 99% used [0x000000079bd80000,0x000000079c7fbd28,0x000000079c800000)
  to   space 16896K, 0% used [0x00000007a0e80000,0x00000007a0e80000,0x00000007a1f00000)
 ParOldGen       total 175104K, used 6004K [0x00000006c7800000, 0x00000006d2300000, 0x0000000797d00000)
  object space 175104K, 3% used [0x00000006c7800000,0x00000006c7ddd310,0x00000006d2300000)
 PSPermGen       total 37888K, used 37620K [0x00000006c2600000, 0x00000006c4b00000, 0x00000006c7800000)
  object space 37888K, 99% used [0x00000006c2600000,0x00000006c4abd370,0x00000006c4b00000)
Event: 2.848 GC heap after
Heap after GC invocations=6 (full 0):
 PSYoungGen      total 147968K, used 13744K [0x0000000797d00000, 0x00000007a2100000, 0x0000000800000000)
  eden space 131072K, 0% used [0x0000000797d00000,0x0000000797d00000,0x000000079fd00000)
  from space 16896K, 81% used [0x00000007a0e80000,0x00000007a1bec398,0x00000007a1f00000)
  to   space 17920K, 0% used [0x000000079fd00000,0x000000079fd00000,0x00000007a0e80000)
 ParOldGen       total 175104K, used 6004K [0x00000006c7800000, 0x00000006d2300000, 0x0000000797d00000)
  object space 175104K, 3% used [0x00000006c7800000,0x00000006c7ddd310,0x00000006d2300000)
 PSPermGen       total 37888K, used 37620K [0x00000006c2600000, 0x00000006c4b00000, 0x00000006c7800000)
  object space 37888K, 99% used [0x00000006c2600000,0x00000006c4abd370,0x00000006c4b00000)
}
Event: 3.227 GC heap before
{Heap before GC invocations=7 (full 0):
 PSYoungGen      total 147968K, used 144816K [0x0000000797d00000, 0x00000007a2100000, 0x0000000800000000)
  eden space 131072K, 100% used [0x0000000797d00000,0x000000079fd00000,0x000000079fd00000)
  from space 16896K, 81% used [0x00000007a0e80000,0x00000007a1bec398,0x00000007a1f00000)
  to   space 17920K, 0% used [0x000000079fd00000,0x000000079fd00000,0x00000007a0e80000)
 ParOldGen       total 175104K, used 6004K [0x00000006c7800000, 0x00000006d2300000, 0x0000000797d00000)
  object space 175104K, 3% used [0x00000006c7800000,0x00000006c7ddd310,0x00000006d2300000)
 PSPermGen       total 39424K, used 39026K [0x00000006c2600000, 0x00000006c4c80000, 0x00000006c7800000)
  object space 39424K, 98% used [0x00000006c2600000,0x00000006c4c1ca20,0x00000006c4c80000)
Event: 3.235 GC heap after
Heap after GC invocations=7 (full 0):
 PSYoungGen      total 148992K, used 10083K [0x0000000797d00000, 0x00000007a9e00000, 0x0000000800000000)
  eden space 131072K, 0% used [0x0000000797d00000,0x0000000797d00000,0x000000079fd00000)
  from space 17920K, 56% used [0x000000079fd00000,0x00000007a06d8c68,0x00000007a0e80000)
  to   space 16896K, 0% used [0x00000007a8d80000,0x00000007a8d80000,0x00000007a9e00000)
 ParOldGen       total 175104K, used 11405K [0x00000006c7800000, 0x00000006d2300000, 0x0000000797d00000)
  object space 175104K, 6% used [0x00000006c7800000,0x00000006c8323510,0x00000006d2300000)
 PSPermGen       total 39424K, used 39026K [0x00000006c2600000, 0x00000006c4c80000, 0x00000006c7800000)
  object space 39424K, 98% used [0x00000006c2600000,0x00000006c4c1ca20,0x00000006c4c80000)
}
Event: 8.683 GC heap before
{Heap before GC invocations=8 (full 0):
 PSYoungGen      total 148992K, used 141155K [0x0000000797d00000, 0x00000007a9e00000, 0x0000000800000000)
  eden space 131072K, 100% used [0x0000000797d00000,0x000000079fd00000,0x000000079fd00000)
  from space 17920K, 56% used [0x000000079fd00000,0x00000007a06d8c68,0x00000007a0e80000)
  to   space 16896K, 0% used [0x00000007a8d80000,0x00000007a8d80000,0x00000007a9e00000)
 ParOldGen       total 175104K, used 11405K [0x00000006c7800000, 0x00000006d2300000, 0x0000000797d00000)
  object space 175104K, 6% used [0x00000006c7800000,0x00000006c8323510,0x00000006d2300000)
 PSPermGen       total 47104K, used 46607K [0x00000006c2600000, 0x00000006c5400000, 0x00000006c7800000)
  object space 47104K, 98% used [0x00000006c2600000,0x00000006c5383cb8,0x00000006c5400000)
Event: 8.695 GC heap after
Heap after GC invocations=8 (full 0):
 PSYoungGen      total 278528K, used 13447K [0x0000000797d00000, 0x00000007a9f00000, 0x0000000800000000)
  eden space 261632K, 0% used [0x0000000797d00000,0x0000000797d00000,0x00000007a7c80000)
  from space 16896K, 79% used [0x00000007a8d80000,0x00000007a9aa1f30,0x00000007a9e00000)
  to   space 17408K, 0% used [0x00000007a7c80000,0x00000007a7c80000,0x00000007a8d80000)
 ParOldGen       total 175104K, used 15547K [0x00000006c7800000, 0x00000006d2300000, 0x0000000797d00000)
  object space 175104K, 8% used [0x00000006c7800000,0x00000006c872ef28,0x00000006d2300000)
 PSPermGen       total 47104K, used 46607K [0x00000006c2600000, 0x00000006c5400000, 0x00000006c7800000)
  object space 47104K, 98% used [0x00000006c2600000,0x00000006c5383cb8,0x00000006c5400000)
}

