# JRE version: Java(TM) SE Runtime Environment (7.0_45-b18) (build 1.7.0_45-b18)
# Java VM: Java HotSpot(TM) 64-Bit Server VM (24.45-b08 mixed mode linux-amd64 compressed oops)
Heap
 PSYoungGen      total 210944K, used 62756K [0x0000000759500000, 0x0000000766400000, 0x0000000800000000)
  eden space 209920K, 29% used [0x0000000759500000,0x000000075d1c93d8,0x0000000766200000)
  from space 1024K, 50% used [0x0000000766300000,0x0000000766380000,0x0000000766400000)
  to   space 1024K, 0% used [0x0000000766200000,0x0000000766200000,0x0000000766300000)
 ParOldGen       total 1201152K, used 989801K [0x000000060c000000, 0x0000000655500000, 0x0000000759500000)
  object space 1201152K, 82% used [0x000000060c000000,0x000000064869a428,0x0000000655500000)
 PSPermGen       total 83968K, used 56422K [0x0000000606e00000, 0x000000060c000000, 0x000000060c000000)
  object space 83968K, 67% used [0x0000000606e00000,0x000000060a5198f8,0x000000060c000000)
GC Heap History (10 events):
Event: 2079.773 GC heap before
{Heap before GC invocations=150 (full 4):
 PSYoungGen      total 209920K, used 208832K [0x0000000759500000, 0x0000000766400000, 0x0000000800000000)
  eden space 208384K, 100% used [0x0000000759500000,0x0000000766080000,0x0000000766080000)
  from space 1536K, 29% used [0x0000000766080000,0x00000007660f0000,0x0000000766200000)
  to   space 1536K, 0% used [0x0000000766280000,0x0000000766280000,0x0000000766400000)
 ParOldGen       total 1201152K, used 989801K [0x000000060c000000, 0x0000000655500000, 0x0000000759500000)
  object space 1201152K, 82% used [0x000000060c000000,0x000000064869a428,0x0000000655500000)
 PSPermGen       total 83968K, used 56377K [0x0000000606e00000, 0x000000060c000000, 0x000000060c000000)
  object space 83968K, 67% used [0x0000000606e00000,0x000000060a50e5c0,0x000000060c000000)
Event: 2079.777 GC heap after
Heap after GC invocations=150 (full 4):
 PSYoungGen      total 210432K, used 480K [0x0000000759500000, 0x0000000766400000, 0x0000000800000000)
  eden space 208896K, 0% used [0x0000000759500000,0x0000000759500000,0x0000000766100000)
  from space 1536K, 31% used [0x0000000766280000,0x00000007662f8000,0x0000000766400000)
  to   space 1536K, 0% used [0x0000000766100000,0x0000000766100000,0x0000000766280000)
 ParOldGen       total 1201152K, used 989801K [0x000000060c000000, 0x0000000655500000, 0x0000000759500000)
  object space 1201152K, 82% used [0x000000060c000000,0x000000064869a428,0x0000000655500000)
 PSPermGen       total 83968K, used 56377K [0x0000000606e00000, 0x000000060c000000, 0x000000060c000000)
  object space 83968K, 67% used [0x0000000606e00000,0x000000060a50e5c0,0x000000060c000000)
}
Event: 2094.244 GC heap before
{Heap before GC invocations=151 (full 4):
 PSYoungGen      total 210432K, used 209376K [0x0000000759500000, 0x0000000766400000, 0x0000000800000000)
  eden space 208896K, 100% used [0x0000000759500000,0x0000000766100000,0x0000000766100000)
  from space 1536K, 31% used [0x0000000766280000,0x00000007662f8000,0x0000000766400000)
  to   space 1536K, 0% used [0x0000000766100000,0x0000000766100000,0x0000000766280000)
 ParOldGen       total 1201152K, used 989801K [0x000000060c000000, 0x0000000655500000, 0x0000000759500000)
  object space 1201152K, 82% used [0x000000060c000000,0x000000064869a428,0x0000000655500000)
 PSPermGen       total 83968K, used 56377K [0x0000000606e00000, 0x000000060c000000, 0x000000060c000000)
  object space 83968K, 67% used [0x0000000606e00000,0x000000060a50e5c0,0x000000060c000000)
Event: 2094.247 GC heap after
Heap after GC invocations=151 (full 4):
 PSYoungGen      total 210432K, used 416K [0x0000000759500000, 0x0000000766380000, 0x0000000800000000)
  eden space 208896K, 0% used [0x0000000759500000,0x0000000759500000,0x0000000766100000)
  from space 1536K, 27% used [0x0000000766100000,0x0000000766168000,0x0000000766280000)
  to   space 1024K, 0% used [0x0000000766280000,0x0000000766280000,0x0000000766380000)
 ParOldGen       total 1201152K, used 989801K [0x000000060c000000, 0x0000000655500000, 0x0000000759500000)
  object space 1201152K, 82% used [0x000000060c000000,0x000000064869a428,0x0000000655500000)
 PSPermGen       total 83968K, used 56377K [0x0000000606e00000, 0x000000060c000000, 0x000000060c000000)
  object space 83968K, 67% used [0x0000000606e00000,0x000000060a50e5c0,0x000000060c000000)
}
Event: 2108.797 GC heap before
{Heap before GC invocations=152 (full 4):
 PSYoungGen      total 210432K, used 209312K [0x0000000759500000, 0x0000000766380000, 0x0000000800000000)
  eden space 208896K, 100% used [0x0000000759500000,0x0000000766100000,0x0000000766100000)
  from space 1536K, 27% used [0x0000000766100000,0x0000000766168000,0x0000000766280000)
  to   space 1024K, 0% used [0x0000000766280000,0x0000000766280000,0x0000000766380000)
 ParOldGen       total 1201152K, used 989801K [0x000000060c000000, 0x0000000655500000, 0x0000000759500000)
  object space 1201152K, 82% used [0x000000060c000000,0x000000064869a428,0x0000000655500000)
 PSPermGen       total 83968K, used 56377K [0x0000000606e00000, 0x000000060c000000, 0x000000060c000000)
  object space 83968K, 67% used [0x0000000606e00000,0x000000060a50e5c0,0x000000060c000000)
Event: 2108.801 GC heap after
Heap after GC invocations=152 (full 4):
 PSYoungGen      total 210432K, used 448K [0x0000000759500000, 0x0000000766380000, 0x0000000800000000)
  eden space 209408K, 0% used [0x0000000759500000,0x0000000759500000,0x0000000766180000)
  from space 1024K, 43% used [0x0000000766280000,0x00000007662f0000,0x0000000766380000)
  to   space 1024K, 0% used [0x0000000766180000,0x0000000766180000,0x0000000766280000)
 ParOldGen       total 1201152K, used 989801K [0x000000060c000000, 0x0000000655500000, 0x0000000759500000)
  object space 1201152K, 82% used [0x000000060c000000,0x000000064869a428,0x0000000655500000)
 PSPermGen       total 83968K, used 56377K [0x0000000606e00000, 0x000000060c000000, 0x000000060c000000)
  object space 83968K, 67% used [0x0000000606e00000,0x000000060a50e5c0,0x000000060c000000)
}
Event: 2121.308 GC heap before
{Heap before GC invocations=153 (full 4):
 PSYoungGen      total 210432K, used 209856K [0x0000000759500000, 0x0000000766380000, 0x0000000800000000)
  eden space 209408K, 100% used [0x0000000759500000,0x0000000766180000,0x0000000766180000)
  from space 1024K, 43% used [0x0000000766280000,0x00000007662f0000,0x0000000766380000)
  to   space 1024K, 0% used [0x0000000766180000,0x0000000766180000,0x0000000766280000)
 ParOldGen       total 1201152K, used 989801K [0x000000060c000000, 0x0000000655500000, 0x0000000759500000)
  object space 1201152K, 82% used [0x000000060c000000,0x000000064869a428,0x0000000655500000)
 PSPermGen       total 83968K, used 56377K [0x0000000606e00000, 0x000000060c000000, 0x000000060c000000)
  object space 83968K, 67% used [0x0000000606e00000,0x000000060a50e5e0,0x000000060c000000)
Event: 2121.312 GC heap after
Heap after GC invocations=153 (full 4):
 PSYoungGen      total 210432K, used 480K [0x0000000759500000, 0x0000000766400000, 0x0000000800000000)
  eden space 209408K, 0% used [0x0000000759500000,0x0000000759500000,0x0000000766180000)
  from space 1024K, 46% used [0x0000000766180000,0x00000007661f8000,0x0000000766280000)
  to   space 1024K, 0% used [0x0000000766300000,0x0000000766300000,0x0000000766400000)
 ParOldGen       total 1201152K, used 989801K [0x000000060c000000, 0x0000000655500000, 0x0000000759500000)
  object space 1201152K, 82% used [0x000000060c000000,0x000000064869a428,0x0000000655500000)
 PSPermGen       total 83968K, used 56377K [0x0000000606e00000, 0x000000060c000000, 0x000000060c000000)
  object space 83968K, 67% used [0x0000000606e00000,0x000000060a50e5e0,0x000000060c000000)
}
Event: 2136.841 GC heap before
{Heap before GC invocations=154 (full 4):
 PSYoungGen      total 210432K, used 209888K [0x0000000759500000, 0x0000000766400000, 0x0000000800000000)
  eden space 209408K, 100% used [0x0000000759500000,0x0000000766180000,0x0000000766180000)
  from space 1024K, 46% used [0x0000000766180000,0x00000007661f8000,0x0000000766280000)
  to   space 1024K, 0% used [0x0000000766300000,0x0000000766300000,0x0000000766400000)
 ParOldGen       total 1201152K, used 989801K [0x000000060c000000, 0x0000000655500000, 0x0000000759500000)
  object space 1201152K, 82% used [0x000000060c000000,0x000000064869a428,0x0000000655500000)
 PSPermGen       total 83968K, used 56377K [0x0000000606e00000, 0x000000060c000000, 0x000000060c000000)
  object space 83968K, 67% used [0x0000000606e00000,0x000000060a50e5e0,0x000000060c000000)
Event: 2136.844 GC heap after
Heap after GC invocations=154 (full 4):
 PSYoungGen      total 210944K, used 512K [0x0000000759500000, 0x0000000766400000, 0x0000000800000000)
  eden space 209920K, 0% used [0x0000000759500000,0x0000000759500000,0x0000000766200000)
  from space 1024K, 50% used [0x0000000766300000,0x0000000766380000,0x0000000766400000)
  to   space 1024K, 0% used [0x0000000766200000,0x0000000766200000,0x0000000766300000)
 ParOldGen       total 1201152K, used 989801K [0x000000060c000000, 0x0000000655500000, 0x0000000759500000)
  object space 1201152K, 82% used [0x000000060c000000,0x000000064869a428,0x0000000655500000)
 PSPermGen       total 83968K, used 56377K [0x0000000606e00000, 0x000000060c000000, 0x000000060c000000)
  object space 83968K, 67% used [0x0000000606e00000,0x000000060a50e5e0,0x000000060c000000)
}

