# JRE version: Java(TM) SE Runtime Environment (7.0_45-b18) (build 1.7.0_45-b18)
# Java VM: Java HotSpot(TM) 64-Bit Server VM (24.45-b08 mixed mode linux-amd64 compressed oops)
Heap
 PSYoungGen      total 54784K, used 2905K [0x0000000759500000, 0x000000075fd00000, 0x0000000800000000)
  eden space 53248K, 3% used [0x0000000759500000,0x00000007596c6490,0x000000075c900000)
  from space 1536K, 70% used [0x000000075ca00000,0x000000075cb10000,0x000000075cb80000)
  to   space 26624K, 0% used [0x000000075e300000,0x000000075e300000,0x000000075fd00000)
 ParOldGen       total 175104K, used 36459K [0x000000060c000000, 0x0000000616b00000, 0x0000000759500000)
  object space 175104K, 20% used [0x000000060c000000,0x000000060e39aea0,0x0000000616b00000)
 PSPermGen       total 52224K, used 51719K [0x0000000606e00000, 0x000000060a100000, 0x000000060c000000)
  object space 52224K, 99% used [0x0000000606e00000,0x000000060a081e68,0x000000060a100000)
GC Heap History (10 events):
Event: 1066.630 GC heap before
{Heap before GC invocations=11 (full 0):
 PSYoungGen      total 84992K, used 58880K [0x0000000759500000, 0x0000000760400000, 0x0000000800000000)
  eden space 58368K, 100% used [0x0000000759500000,0x000000075ce00000,0x000000075ce00000)
  from space 26624K, 1% used [0x000000075e900000,0x000000075e980000,0x0000000760300000)
  to   space 27648K, 0% used [0x000000075ce00000,0x000000075ce00000,0x000000075e900000)
 ParOldGen       total 175104K, used 34392K [0x000000060c000000, 0x0000000616b00000, 0x0000000759500000)
  object space 175104K, 19% used [0x000000060c000000,0x000000060e196138,0x0000000616b00000)
 PSPermGen       total 50688K, used 50241K [0x0000000606e00000, 0x0000000609f80000, 0x000000060c000000)
  object space 50688K, 99% used [0x0000000606e00000,0x0000000609f10778,0x0000000609f80000)
Event: 1066.632 GC heap after
Heap after GC invocations=11 (full 0):
 PSYoungGen      total 57856K, used 256K [0x0000000759500000, 0x0000000760400000, 0x0000000800000000)
  eden space 57344K, 0% used [0x0000000759500000,0x0000000759500000,0x000000075cd00000)
  from space 512K, 50% used [0x000000075ce00000,0x000000075ce40000,0x000000075ce80000)
  to   space 28160K, 0% used [0x000000075e880000,0x000000075e880000,0x0000000760400000)
 ParOldGen       total 175104K, used 34760K [0x000000060c000000, 0x0000000616b00000, 0x0000000759500000)
  object space 175104K, 19% used [0x000000060c000000,0x000000060e1f2138,0x0000000616b00000)
 PSPermGen       total 50688K, used 50241K [0x0000000606e00000, 0x0000000609f80000, 0x000000060c000000)
  object space 50688K, 99% used [0x0000000606e00000,0x0000000609f10778,0x0000000609f80000)
}
Event: 1320.457 GC heap before
{Heap before GC invocations=12 (full 0):
 PSYoungGen      total 57856K, used 57600K [0x0000000759500000, 0x0000000760400000, 0x0000000800000000)
  eden space 57344K, 100% used [0x0000000759500000,0x000000075cd00000,0x000000075cd00000)
  from space 512K, 50% used [0x000000075ce00000,0x000000075ce40000,0x000000075ce80000)
  to   space 28160K, 0% used [0x000000075e880000,0x000000075e880000,0x0000000760400000)
 ParOldGen       total 175104K, used 34760K [0x000000060c000000, 0x0000000616b00000, 0x0000000759500000)
  object space 175104K, 19% used [0x000000060c000000,0x000000060e1f2138,0x0000000616b00000)
 PSPermGen       total 50688K, used 50241K [0x0000000606e00000, 0x0000000609f80000, 0x000000060c000000)
  object space 50688K, 99% used [0x0000000606e00000,0x0000000609f10778,0x0000000609f80000)
Event: 1320.459 GC heap after
Heap after GC invocations=12 (full 0):
 PSYoungGen      total 84480K, used 128K [0x0000000759500000, 0x0000000760400000, 0x0000000800000000)
  eden space 56320K, 0% used [0x0000000759500000,0x0000000759500000,0x000000075cc00000)
  from space 28160K, 0% used [0x000000075e880000,0x000000075e8a0000,0x0000000760400000)
  to   space 28672K, 0% used [0x000000075cc00000,0x000000075cc00000,0x000000075e800000)
 ParOldGen       total 175104K, used 34760K [0x000000060c000000, 0x0000000616b00000, 0x0000000759500000)
  object space 175104K, 19% used [0x000000060c000000,0x000000060e1f2138,0x0000000616b00000)
 PSPermGen       total 50688K, used 50241K [0x0000000606e00000, 0x0000000609f80000, 0x000000060c000000)
  object space 50688K, 99% used [0x0000000606e00000,0x0000000609f10778,0x0000000609f80000)
}
Event: 1489.084 GC heap before
{Heap before GC invocations=13 (full 0):
 PSYoungGen      total 84480K, used 56448K [0x0000000759500000, 0x0000000760400000, 0x0000000800000000)
  eden space 56320K, 100% used [0x0000000759500000,0x000000075cc00000,0x000000075cc00000)
  from space 28160K, 0% used [0x000000075e880000,0x000000075e8a0000,0x0000000760400000)
  to   space 28672K, 0% used [0x000000075cc00000,0x000000075cc00000,0x000000075e800000)
 ParOldGen       total 175104K, used 34760K [0x000000060c000000, 0x0000000616b00000, 0x0000000759500000)
  object space 175104K, 19% used [0x000000060c000000,0x000000060e1f2138,0x0000000616b00000)
 PSPermGen       total 51200K, used 51050K [0x0000000606e00000, 0x000000060a000000, 0x000000060c000000)
  object space 51200K, 99% used [0x0000000606e00000,0x0000000609fda9f8,0x000000060a000000)
Event: 1489.087 GC heap after
Heap after GC invocations=13 (full 0):
 PSYoungGen      total 59904K, used 4356K [0x0000000759500000, 0x0000000760100000, 0x0000000800000000)
  eden space 55296K, 0% used [0x0000000759500000,0x0000000759500000,0x000000075cb00000)
  from space 4608K, 94% used [0x000000075cc00000,0x000000075d0412a0,0x000000075d080000)
  to   space 27648K, 0% used [0x000000075e600000,0x000000075e600000,0x0000000760100000)
 ParOldGen       total 175104K, used 34760K [0x000000060c000000, 0x0000000616b00000, 0x0000000759500000)
  object space 175104K, 19% used [0x000000060c000000,0x000000060e1f2138,0x0000000616b00000)
 PSPermGen       total 51200K, used 51050K [0x0000000606e00000, 0x000000060a000000, 0x000000060c000000)
  object space 51200K, 99% used [0x0000000606e00000,0x0000000609fda9f8,0x000000060a000000)
}
Event: 1588.029 GC heap before
{Heap before GC invocations=14 (full 0):
 PSYoungGen      total 59904K, used 59652K [0x0000000759500000, 0x0000000760100000, 0x0000000800000000)
  eden space 55296K, 100% used [0x0000000759500000,0x000000075cb00000,0x000000075cb00000)
  from space 4608K, 94% used [0x000000075cc00000,0x000000075d0412a0,0x000000075d080000)
  to   space 27648K, 0% used [0x000000075e600000,0x000000075e600000,0x0000000760100000)
 ParOldGen       total 175104K, used 34760K [0x000000060c000000, 0x0000000616b00000, 0x0000000759500000)
  object space 175104K, 19% used [0x000000060c000000,0x000000060e1f2138,0x0000000616b00000)
 PSPermGen       total 51712K, used 51527K [0x0000000606e00000, 0x000000060a080000, 0x000000060c000000)
  object space 51712K, 99% used [0x0000000606e00000,0x000000060a051fb8,0x000000060a080000)
Event: 1588.033 GC heap after
Heap after GC invocations=14 (full 0):
 PSYoungGen      total 79872K, used 2080K [0x0000000759500000, 0x000000075ff00000, 0x0000000800000000)
  eden space 54272K, 0% used [0x0000000759500000,0x0000000759500000,0x000000075ca00000)
  from space 25600K, 8% used [0x000000075e600000,0x000000075e808020,0x000000075ff00000)
  to   space 27136K, 0% used [0x000000075ca00000,0x000000075ca00000,0x000000075e480000)
 ParOldGen       total 175104K, used 35637K [0x000000060c000000, 0x0000000616b00000, 0x0000000759500000)
  object space 175104K, 20% used [0x000000060c000000,0x000000060e2cd4c8,0x0000000616b00000)
 PSPermGen       total 51712K, used 51527K [0x0000000606e00000, 0x000000060a080000, 0x000000060c000000)
  object space 51712K, 99% used [0x0000000606e00000,0x000000060a051fb8,0x000000060a080000)
}
Event: 2617.510 GC heap before
{Heap before GC invocations=15 (full 0):
 PSYoungGen      total 79872K, used 56352K [0x0000000759500000, 0x000000075ff00000, 0x0000000800000000)
  eden space 54272K, 100% used [0x0000000759500000,0x000000075ca00000,0x000000075ca00000)
  from space 25600K, 8% used [0x000000075e600000,0x000000075e808020,0x000000075ff00000)
  to   space 27136K, 0% used [0x000000075ca00000,0x000000075ca00000,0x000000075e480000)
 ParOldGen       total 175104K, used 35637K [0x000000060c000000, 0x0000000616b00000, 0x0000000759500000)
  object space 175104K, 20% used [0x000000060c000000,0x000000060e2cd4c8,0x0000000616b00000)
 PSPermGen       total 51712K, used 51704K [0x0000000606e00000, 0x000000060a080000, 0x000000060c000000)
  object space 51712K, 99% used [0x0000000606e00000,0x000000060a07e118,0x000000060a080000)
Event: 2617.513 GC heap after
Heap after GC invocations=15 (full 0):
 PSYoungGen      total 54784K, used 1088K [0x0000000759500000, 0x000000075fd00000, 0x0000000800000000)
  eden space 53248K, 0% used [0x0000000759500000,0x0000000759500000,0x000000075c900000)
  from space 1536K, 70% used [0x000000075ca00000,0x000000075cb10000,0x000000075cb80000)
  to   space 26624K, 0% used [0x000000075e300000,0x000000075e300000,0x000000075fd00000)
 ParOldGen       total 175104K, used 36459K [0x000000060c000000, 0x0000000616b00000, 0x0000000759500000)
  object space 175104K, 20% used [0x000000060c000000,0x000000060e39aea0,0x0000000616b00000)
 PSPermGen       total 51712K, used 51704K [0x0000000606e00000, 0x000000060a080000, 0x000000060c000000)
  object space 51712K, 99% used [0x0000000606e00000,0x000000060a07e118,0x000000060a080000)
}

