# JRE version: Java(TM) SE Runtime Environment (7.0_45-b18) (build 1.7.0_45-b18)
# Java VM: Java HotSpot(TM) 64-Bit Server VM (24.45-b08 mixed mode linux-amd64 compressed oops)
Heap
 PSYoungGen      total 366080K, used 276581K [0x0000000759500000, 0x000000077e280000, 0x0000000800000000)
  eden space 321536K, 77% used [0x0000000759500000,0x000000076885b538,0x000000076cf00000)
  from space 44544K, 61% used [0x000000076cf00000,0x000000076e9be1d8,0x000000076fa80000)
  to   space 44544K, 0% used [0x000000077b700000,0x000000077b700000,0x000000077e280000)
 ParOldGen       total 175104K, used 134024K [0x000000060c000000, 0x0000000616b00000, 0x0000000759500000)
  object space 175104K, 76% used [0x000000060c000000,0x00000006142e20c8,0x0000000616b00000)
 PSPermGen       total 57344K, used 57266K [0x0000000606e00000, 0x000000060a600000, 0x000000060c000000)
  object space 57344K, 99% used [0x0000000606e00000,0x000000060a5ec908,0x000000060a600000)
GC Heap History (10 events):
Event: 23.831 GC heap before
{Heap before GC invocations=9 (full 0):
 PSYoungGen      total 154112K, used 147016K [0x0000000759500000, 0x0000000764400000, 0x0000000800000000)
  eden space 129024K, 100% used [0x0000000759500000,0x0000000761300000,0x0000000761300000)
  from space 25088K, 71% used [0x0000000762b80000,0x0000000763d121b8,0x0000000764400000)
  to   space 25088K, 0% used [0x0000000761300000,0x0000000761300000,0x0000000762b80000)
 ParOldGen       total 175104K, used 31301K [0x000000060c000000, 0x0000000616b00000, 0x0000000759500000)
  object space 175104K, 17% used [0x000000060c000000,0x000000060de916d8,0x0000000616b00000)
 PSPermGen       total 45568K, used 45565K [0x0000000606e00000, 0x0000000609a80000, 0x000000060c000000)
  object space 45568K, 99% used [0x0000000606e00000,0x0000000609a7f5a8,0x0000000609a80000)
Event: 23.849 GC heap after
Heap after GC invocations=9 (full 0):
 PSYoungGen      total 154112K, used 25063K [0x0000000759500000, 0x000000076a900000, 0x0000000800000000)
  eden space 129024K, 0% used [0x0000000759500000,0x0000000759500000,0x0000000761300000)
  from space 25088K, 99% used [0x0000000761300000,0x0000000762b79ef0,0x0000000762b80000)
  to   space 37888K, 0% used [0x0000000768400000,0x0000000768400000,0x000000076a900000)
 ParOldGen       total 175104K, used 55779K [0x000000060c000000, 0x0000000616b00000, 0x0000000759500000)
  object space 175104K, 31% used [0x000000060c000000,0x000000060f678f90,0x0000000616b00000)
 PSPermGen       total 45568K, used 45565K [0x0000000606e00000, 0x0000000609a80000, 0x000000060c000000)
  object space 45568K, 99% used [0x0000000606e00000,0x0000000609a7f5a8,0x0000000609a80000)
}
Event: 24.047 GC heap before
{Heap before GC invocations=10 (full 0):
 PSYoungGen      total 154112K, used 154087K [0x0000000759500000, 0x000000076a900000, 0x0000000800000000)
  eden space 129024K, 100% used [0x0000000759500000,0x0000000761300000,0x0000000761300000)
  from space 25088K, 99% used [0x0000000761300000,0x0000000762b79ef0,0x0000000762b80000)
  to   space 37888K, 0% used [0x0000000768400000,0x0000000768400000,0x000000076a900000)
 ParOldGen       total 175104K, used 55779K [0x000000060c000000, 0x0000000616b00000, 0x0000000759500000)
  object space 175104K, 31% used [0x000000060c000000,0x000000060f678f90,0x0000000616b00000)
 PSPermGen       total 46080K, used 45569K [0x0000000606e00000, 0x0000000609b00000, 0x000000060c000000)
  object space 46080K, 98% used [0x0000000606e00000,0x0000000609a80630,0x0000000609b00000)
Event: 24.059 GC heap after
Heap after GC invocations=10 (full 0):
 PSYoungGen      total 239616K, used 36854K [0x0000000759500000, 0x000000076b300000, 0x0000000800000000)
  eden space 201728K, 0% used [0x0000000759500000,0x0000000759500000,0x0000000765a00000)
  from space 37888K, 97% used [0x0000000768400000,0x000000076a7fdbc8,0x000000076a900000)
  to   space 43008K, 0% used [0x0000000765a00000,0x0000000765a00000,0x0000000768400000)
 ParOldGen       total 175104K, used 56196K [0x000000060c000000, 0x0000000616b00000, 0x0000000759500000)
  object space 175104K, 32% used [0x000000060c000000,0x000000060f6e12f8,0x0000000616b00000)
 PSPermGen       total 46080K, used 45569K [0x0000000606e00000, 0x0000000609b00000, 0x000000060c000000)
  object space 46080K, 98% used [0x0000000606e00000,0x0000000609a80630,0x0000000609b00000)
}
Event: 26.019 GC heap before
{Heap before GC invocations=11 (full 0):
 PSYoungGen      total 239616K, used 238582K [0x0000000759500000, 0x000000076b300000, 0x0000000800000000)
  eden space 201728K, 100% used [0x0000000759500000,0x0000000765a00000,0x0000000765a00000)
  from space 37888K, 97% used [0x0000000768400000,0x000000076a7fdbc8,0x000000076a900000)
  to   space 43008K, 0% used [0x0000000765a00000,0x0000000765a00000,0x0000000768400000)
 ParOldGen       total 175104K, used 56196K [0x000000060c000000, 0x0000000616b00000, 0x0000000759500000)
  object space 175104K, 32% used [0x000000060c000000,0x000000060f6e12f8,0x0000000616b00000)
 PSPermGen       total 47616K, used 47503K [0x0000000606e00000, 0x0000000609c80000, 0x000000060c000000)
  object space 47616K, 99% used [0x0000000606e00000,0x0000000609c63c90,0x0000000609c80000)
Event: 26.037 GC heap after
Heap after GC invocations=11 (full 0):
 PSYoungGen      total 244736K, used 27505K [0x0000000759500000, 0x0000000772480000, 0x0000000800000000)
  eden space 201728K, 0% used [0x0000000759500000,0x0000000759500000,0x0000000765a00000)
  from space 43008K, 63% used [0x0000000765a00000,0x00000007674dc6a8,0x0000000768400000)
  to   space 43008K, 0% used [0x000000076fa80000,0x000000076fa80000,0x0000000772480000)
 ParOldGen       total 175104K, used 79477K [0x000000060c000000, 0x0000000616b00000, 0x0000000759500000)
  object space 175104K, 45% used [0x000000060c000000,0x0000000610d9d6e8,0x0000000616b00000)
 PSPermGen       total 47616K, used 47503K [0x0000000606e00000, 0x0000000609c80000, 0x000000060c000000)
  object space 47616K, 99% used [0x0000000606e00000,0x0000000609c63c90,0x0000000609c80000)
}
Event: 40.985 GC heap before
{Heap before GC invocations=12 (full 0):
 PSYoungGen      total 244736K, used 229233K [0x0000000759500000, 0x0000000772480000, 0x0000000800000000)
  eden space 201728K, 100% used [0x0000000759500000,0x0000000765a00000,0x0000000765a00000)
  from space 43008K, 63% used [0x0000000765a00000,0x00000007674dc6a8,0x0000000768400000)
  to   space 43008K, 0% used [0x000000076fa80000,0x000000076fa80000,0x0000000772480000)
 ParOldGen       total 175104K, used 79477K [0x000000060c000000, 0x0000000616b00000, 0x0000000759500000)
  object space 175104K, 45% used [0x000000060c000000,0x0000000610d9d6e8,0x0000000616b00000)
 PSPermGen       total 50688K, used 50261K [0x0000000606e00000, 0x0000000609f80000, 0x000000060c000000)
  object space 50688K, 99% used [0x0000000606e00000,0x0000000609f154f0,0x0000000609f80000)
Event: 41.005 GC heap after
Heap after GC invocations=12 (full 0):
 PSYoungGen      total 364544K, used 31358K [0x0000000759500000, 0x0000000772780000, 0x0000000800000000)
  eden space 321536K, 0% used [0x0000000759500000,0x0000000759500000,0x000000076cf00000)
  from space 43008K, 72% used [0x000000076fa80000,0x000000077191fa58,0x0000000772480000)
  to   space 44544K, 0% used [0x000000076cf00000,0x000000076cf00000,0x000000076fa80000)
 ParOldGen       total 175104K, used 105161K [0x000000060c000000, 0x0000000616b00000, 0x0000000759500000)
  object space 175104K, 60% used [0x000000060c000000,0x00000006126b24e0,0x0000000616b00000)
 PSPermGen       total 50688K, used 50261K [0x0000000606e00000, 0x0000000609f80000, 0x000000060c000000)
  object space 50688K, 99% used [0x0000000606e00000,0x0000000609f154f0,0x0000000609f80000)
}
Event: 71.630 GC heap before
{Heap before GC invocations=13 (full 0):
 PSYoungGen      total 364544K, used 352894K [0x0000000759500000, 0x0000000772780000, 0x0000000800000000)
  eden space 321536K, 100% used [0x0000000759500000,0x000000076cf00000,0x000000076cf00000)
  from space 43008K, 72% used [0x000000076fa80000,0x000000077191fa58,0x0000000772480000)
  to   space 44544K, 0% used [0x000000076cf00000,0x000000076cf00000,0x000000076fa80000)
 ParOldGen       total 175104K, used 105161K [0x000000060c000000, 0x0000000616b00000, 0x0000000759500000)
  object space 175104K, 60% used [0x000000060c000000,0x00000006126b24e0,0x0000000616b00000)
 PSPermGen       total 53760K, used 53744K [0x0000000606e00000, 0x000000060a280000, 0x000000060c000000)
  object space 53760K, 99% used [0x0000000606e00000,0x000000060a27c360,0x000000060a280000)
Event: 71.651 GC heap after
Heap after GC invocations=13 (full 0):
 PSYoungGen      total 366080K, used 27384K [0x0000000759500000, 0x000000077e280000, 0x0000000800000000)
  eden space 321536K, 0% used [0x0000000759500000,0x0000000759500000,0x000000076cf00000)
  from space 44544K, 61% used [0x000000076cf00000,0x000000076e9be1d8,0x000000076fa80000)
  to   space 44544K, 0% used [0x000000077b700000,0x000000077b700000,0x000000077e280000)
 ParOldGen       total 175104K, used 134024K [0x000000060c000000, 0x0000000616b00000, 0x0000000759500000)
  object space 175104K, 76% used [0x000000060c000000,0x00000006142e20c8,0x0000000616b00000)
 PSPermGen       total 53760K, used 53744K [0x0000000606e00000, 0x000000060a280000, 0x000000060c000000)
  object space 53760K, 99% used [0x0000000606e00000,0x000000060a27c360,0x000000060a280000)
}

