# JRE version: Java(TM) SE Runtime Environment (7.0_45-b18) (build 1.7.0_45-b18)
# Java VM: Java HotSpot(TM) 64-Bit Server VM (24.45-b08 mixed mode linux-amd64 compressed oops)
Heap
 PSYoungGen      total 84480K, used 69250K [0x0000000759500000, 0x0000000760980000, 0x0000000800000000)
  eden space 60416K, 74% used [0x0000000759500000,0x000000075c134d00,0x000000075d000000)
  from space 24064K, 99% used [0x000000075eb80000,0x00000007602ebbe8,0x0000000760300000)
  to   space 28160K, 0% used [0x000000075d000000,0x000000075d000000,0x000000075eb80000)
 ParOldGen       total 175104K, used 28185K [0x000000060c000000, 0x0000000616b00000, 0x0000000759500000)
  object space 175104K, 16% used [0x000000060c000000,0x000000060db86700,0x0000000616b00000)
 PSPermGen       total 49152K, used 48708K [0x0000000606e00000, 0x0000000609e00000, 0x000000060c000000)
  object space 49152K, 99% used [0x0000000606e00000,0x0000000609d91350,0x0000000609e00000)
GC Heap History (10 events):
Event: 1.388 GC heap before
{Heap before GC invocations=2 (full 0):
 PSYoungGen      total 76800K, used 71427K [0x0000000759500000, 0x000000075ea80000, 0x0000000800000000)
  eden space 66048K, 100% used [0x0000000759500000,0x000000075d580000,0x000000075d580000)
  from space 10752K, 50% used [0x000000075d580000,0x000000075dac0f30,0x000000075e000000)
  to   space 10752K, 0% used [0x000000075e000000,0x000000075e000000,0x000000075ea80000)
 ParOldGen       total 175104K, used 72K [0x000000060c000000, 0x0000000616b00000, 0x0000000759500000)
  object space 175104K, 0% used [0x000000060c000000,0x000000060c012010,0x0000000616b00000)
 PSPermGen       total 22016K, used 21771K [0x0000000606e00000, 0x0000000608380000, 0x000000060c000000)
  object space 22016K, 98% used [0x0000000606e00000,0x0000000608342d78,0x0000000608380000)
Event: 1.395 GC heap after
Heap after GC invocations=2 (full 0):
 PSYoungGen      total 76800K, used 9483K [0x0000000759500000, 0x000000075ea80000, 0x0000000800000000)
  eden space 66048K, 0% used [0x0000000759500000,0x0000000759500000,0x000000075d580000)
  from space 10752K, 88% used [0x000000075e000000,0x000000075e942ea0,0x000000075ea80000)
  to   space 10752K, 0% used [0x000000075d580000,0x000000075d580000,0x000000075e000000)
 ParOldGen       total 175104K, used 80K [0x000000060c000000, 0x0000000616b00000, 0x0000000759500000)
  object space 175104K, 0% used [0x000000060c000000,0x000000060c014010,0x0000000616b00000)
 PSPermGen       total 22016K, used 21771K [0x0000000606e00000, 0x0000000608380000, 0x000000060c000000)
  object space 22016K, 98% used [0x0000000606e00000,0x0000000608342d78,0x0000000608380000)
}
Event: 2.339 GC heap before
{Heap before GC invocations=3 (full 0):
 PSYoungGen      total 76800K, used 75531K [0x0000000759500000, 0x000000075ea80000, 0x0000000800000000)
  eden space 66048K, 100% used [0x0000000759500000,0x000000075d580000,0x000000075d580000)
  from space 10752K, 88% used [0x000000075e000000,0x000000075e942ea0,0x000000075ea80000)
  to   space 10752K, 0% used [0x000000075d580000,0x000000075d580000,0x000000075e000000)
 ParOldGen       total 175104K, used 80K [0x000000060c000000, 0x0000000616b00000, 0x0000000759500000)
  object space 175104K, 0% used [0x000000060c000000,0x000000060c014010,0x0000000616b00000)
 PSPermGen       total 35328K, used 35308K [0x0000000606e00000, 0x0000000609080000, 0x000000060c000000)
  object space 35328K, 99% used [0x0000000606e00000,0x000000060907b3f8,0x0000000609080000)
Event: 2.349 GC heap after
Heap after GC invocations=3 (full 0):
 PSYoungGen      total 76800K, used 10732K [0x0000000759500000, 0x000000075ea80000, 0x0000000800000000)
  eden space 66048K, 0% used [0x0000000759500000,0x0000000759500000,0x000000075d580000)
  from space 10752K, 99% used [0x000000075d580000,0x000000075dffb1d0,0x000000075e000000)
  to   space 10752K, 0% used [0x000000075e000000,0x000000075e000000,0x000000075ea80000)
 ParOldGen       total 175104K, used 8390K [0x000000060c000000, 0x0000000616b00000, 0x0000000759500000)
  object space 175104K, 4% used [0x000000060c000000,0x000000060c831990,0x0000000616b00000)
 PSPermGen       total 35328K, used 35308K [0x0000000606e00000, 0x0000000609080000, 0x000000060c000000)
  object space 35328K, 99% used [0x0000000606e00000,0x000000060907b3f8,0x0000000609080000)
}
Event: 4.536 GC heap before
{Heap before GC invocations=4 (full 0):
 PSYoungGen      total 76800K, used 76780K [0x0000000759500000, 0x000000075ea80000, 0x0000000800000000)
  eden space 66048K, 100% used [0x0000000759500000,0x000000075d580000,0x000000075d580000)
  from space 10752K, 99% used [0x000000075d580000,0x000000075dffb1d0,0x000000075e000000)
  to   space 10752K, 0% used [0x000000075e000000,0x000000075e000000,0x000000075ea80000)
 ParOldGen       total 175104K, used 8390K [0x000000060c000000, 0x0000000616b00000, 0x0000000759500000)
  object space 175104K, 4% used [0x000000060c000000,0x000000060c831990,0x0000000616b00000)
 PSPermGen       total 43520K, used 43044K [0x0000000606e00000, 0x0000000609880000, 0x000000060c000000)
  object space 43520K, 98% used [0x0000000606e00000,0x0000000609809348,0x0000000609880000)
Event: 4.546 GC heap after
Heap after GC invocations=4 (full 0):
 PSYoungGen      total 76800K, used 10739K [0x0000000759500000, 0x000000075ea80000, 0x0000000800000000)
  eden space 66048K, 0% used [0x0000000759500000,0x0000000759500000,0x000000075d580000)
  from space 10752K, 99% used [0x000000075e000000,0x000000075ea7cfc8,0x000000075ea80000)
  to   space 10752K, 0% used [0x000000075d580000,0x000000075d580000,0x000000075e000000)
 ParOldGen       total 175104K, used 15654K [0x000000060c000000, 0x0000000616b00000, 0x0000000759500000)
  object space 175104K, 8% used [0x000000060c000000,0x000000060cf49b60,0x0000000616b00000)
 PSPermGen       total 43520K, used 43044K [0x0000000606e00000, 0x0000000609880000, 0x000000060c000000)
  object space 43520K, 98% used [0x0000000606e00000,0x0000000609809348,0x0000000609880000)
}
Event: 13.026 GC heap before
{Heap before GC invocations=5 (full 0):
 PSYoungGen      total 76800K, used 69924K [0x0000000759500000, 0x000000075ea80000, 0x0000000800000000)
  eden space 66048K, 89% used [0x0000000759500000,0x000000075cecc0c0,0x000000075d580000)
  from space 10752K, 99% used [0x000000075e000000,0x000000075ea7cfc8,0x000000075ea80000)
  to   space 10752K, 0% used [0x000000075d580000,0x000000075d580000,0x000000075e000000)
 ParOldGen       total 175104K, used 15654K [0x000000060c000000, 0x0000000616b00000, 0x0000000759500000)
  object space 175104K, 8% used [0x000000060c000000,0x000000060cf49b60,0x0000000616b00000)
 PSPermGen       total 47104K, used 46952K [0x0000000606e00000, 0x0000000609c00000, 0x000000060c000000)
  object space 47104K, 99% used [0x0000000606e00000,0x0000000609bda380,0x0000000609c00000)
Event: 13.035 GC heap after
Heap after GC invocations=5 (full 0):
 PSYoungGen      total 75264K, used 10745K [0x0000000759500000, 0x0000000760300000, 0x0000000800000000)
  eden space 64512K, 0% used [0x0000000759500000,0x0000000759500000,0x000000075d400000)
  from space 10752K, 99% used [0x000000075d580000,0x000000075dffe420,0x000000075e000000)
  to   space 24064K, 0% used [0x000000075eb80000,0x000000075eb80000,0x0000000760300000)
 ParOldGen       total 175104K, used 20623K [0x000000060c000000, 0x0000000616b00000, 0x0000000759500000)
  object space 175104K, 11% used [0x000000060c000000,0x000000060d423c40,0x0000000616b00000)
 PSPermGen       total 47104K, used 46952K [0x0000000606e00000, 0x0000000609c00000, 0x000000060c000000)
  object space 47104K, 99% used [0x0000000606e00000,0x0000000609bda380,0x0000000609c00000)
}
Event: 22.296 GC heap before
{Heap before GC invocations=6 (full 0):
 PSYoungGen      total 75264K, used 75257K [0x0000000759500000, 0x0000000760300000, 0x0000000800000000)
  eden space 64512K, 100% used [0x0000000759500000,0x000000075d400000,0x000000075d400000)
  from space 10752K, 99% used [0x000000075d580000,0x000000075dffe420,0x000000075e000000)
  to   space 24064K, 0% used [0x000000075eb80000,0x000000075eb80000,0x0000000760300000)
 ParOldGen       total 175104K, used 20623K [0x000000060c000000, 0x0000000616b00000, 0x0000000759500000)
  object space 175104K, 11% used [0x000000060c000000,0x000000060d423c40,0x0000000616b00000)
 PSPermGen       total 48640K, used 48373K [0x0000000606e00000, 0x0000000609d80000, 0x000000060c000000)
  object space 48640K, 99% used [0x0000000606e00000,0x0000000609d3d580,0x0000000609d80000)
Event: 22.306 GC heap after
Heap after GC invocations=6 (full 0):
 PSYoungGen      total 84480K, used 23982K [0x0000000759500000, 0x0000000760980000, 0x0000000800000000)
  eden space 60416K, 0% used [0x0000000759500000,0x0000000759500000,0x000000075d000000)
  from space 24064K, 99% used [0x000000075eb80000,0x00000007602ebbe8,0x0000000760300000)
  to   space 28160K, 0% used [0x000000075d000000,0x000000075d000000,0x000000075eb80000)
 ParOldGen       total 175104K, used 28185K [0x000000060c000000, 0x0000000616b00000, 0x0000000759500000)
  object space 175104K, 16% used [0x000000060c000000,0x000000060db86700,0x0000000616b00000)
 PSPermGen       total 48640K, used 48373K [0x0000000606e00000, 0x0000000609d80000, 0x000000060c000000)
  object space 48640K, 99% used [0x0000000606e00000,0x0000000609d3d580,0x0000000609d80000)
}

