# JRE version: Java(TM) SE Runtime Environment (7.0_45-b18) (build 1.7.0_45-b18)
# Java VM: Java HotSpot(TM) 64-Bit Server VM (24.45-b08 mixed mode linux-amd64 compressed oops)
Heap
 PSYoungGen      total 203264K, used 164518K [0x0000000797d00000, 0x00000007a8600000, 0x0000000800000000)
  eden space 181248K, 78% used [0x0000000797d00000,0x00000007a0857bf8,0x00000007a2e00000)
  from space 22016K, 99% used [0x00000007a3480000,0x00000007a49d1d78,0x00000007a4a00000)
  to   space 45056K, 0% used [0x00000007a5a00000,0x00000007a5a00000,0x00000007a8600000)
 ParOldGen       total 175104K, used 103333K [0x00000006c7800000, 0x00000006d2300000, 0x0000000797d00000)
  object space 175104K, 59% used [0x00000006c7800000,0x00000006cdce9458,0x00000006d2300000)
 PSPermGen       total 51712K, used 51284K [0x00000006c2600000, 0x00000006c5880000, 0x00000006c7800000)
  object space 51712K, 99% used [0x00000006c2600000,0x00000006c5815088,0x00000006c5880000)
GC Heap History (10 events):
Event: 17.732 GC heap before
{Heap before GC invocations=9 (full 0):
 PSYoungGen      total 165376K, used 164517K [0x0000000797d00000, 0x00000007a5400000, 0x0000000800000000)
  eden space 127488K, 100% used [0x0000000797d00000,0x000000079f980000,0x000000079f980000)
  from space 37888K, 97% used [0x00000007a2400000,0x00000007a4829590,0x00000007a4900000)
  to   space 43520K, 0% used [0x000000079f980000,0x000000079f980000,0x00000007a2400000)
 ParOldGen       total 175104K, used 48693K [0x00000006c7800000, 0x00000006d2300000, 0x0000000797d00000)
  object space 175104K, 27% used [0x00000006c7800000,0x00000006ca78d518,0x00000006d2300000)
 PSPermGen       total 49152K, used 48978K [0x00000006c2600000, 0x00000006c5600000, 0x00000006c7800000)
  object space 49152K, 99% used [0x00000006c2600000,0x00000006c55d4918,0x00000006c5600000)
Event: 17.750 GC heap after
Heap after GC invocations=9 (full 0):
 PSYoungGen      total 171008K, used 32949K [0x0000000797d00000, 0x00000007a9d80000, 0x0000000800000000)
  eden space 127488K, 0% used [0x0000000797d00000,0x0000000797d00000,0x000000079f980000)
  from space 43520K, 75% used [0x000000079f980000,0x00000007a19ad4b0,0x00000007a2400000)
  to   space 45568K, 0% used [0x00000007a7100000,0x00000007a7100000,0x00000007a9d80000)
 ParOldGen       total 175104K, used 58319K [0x00000006c7800000, 0x00000006d2300000, 0x0000000797d00000)
  object space 175104K, 33% used [0x00000006c7800000,0x00000006cb0f3c78,0x00000006d2300000)
 PSPermGen       total 49152K, used 48978K [0x00000006c2600000, 0x00000006c5600000, 0x00000006c7800000)
  object space 49152K, 99% used [0x00000006c2600000,0x00000006c55d4918,0x00000006c5600000)
}
Event: 25.398 GC heap before
{Heap before GC invocations=10 (full 0):
 PSYoungGen      total 171008K, used 155338K [0x0000000797d00000, 0x00000007a9d80000, 0x0000000800000000)
  eden space 127488K, 96% used [0x0000000797d00000,0x000000079f485378,0x000000079f980000)
  from space 43520K, 75% used [0x000000079f980000,0x00000007a19ad4b0,0x00000007a2400000)
  to   space 45568K, 0% used [0x00000007a7100000,0x00000007a7100000,0x00000007a9d80000)
 ParOldGen       total 175104K, used 58319K [0x00000006c7800000, 0x00000006d2300000, 0x0000000797d00000)
  object space 175104K, 33% used [0x00000006c7800000,0x00000006cb0f3c78,0x00000006d2300000)
 PSPermGen       total 50688K, used 50527K [0x00000006c2600000, 0x00000006c5780000, 0x00000006c7800000)
  object space 50688K, 99% used [0x00000006c2600000,0x00000006c5757d98,0x00000006c5780000)
Event: 25.416 GC heap after
Heap after GC invocations=10 (full 0):
 PSYoungGen      total 247808K, used 34165K [0x0000000797d00000, 0x00000007aa180000, 0x0000000800000000)
  eden space 202240K, 0% used [0x0000000797d00000,0x0000000797d00000,0x00000007a4280000)
  from space 45568K, 74% used [0x00000007a7100000,0x00000007a925d5b8,0x00000007a9d80000)
  to   space 47616K, 0% used [0x00000007a4280000,0x00000007a4280000,0x00000007a7100000)
 ParOldGen       total 175104K, used 70939K [0x00000006c7800000, 0x00000006d2300000, 0x0000000797d00000)
  object space 175104K, 40% used [0x00000006c7800000,0x00000006cbd46cc8,0x00000006d2300000)
 PSPermGen       total 50688K, used 50527K [0x00000006c2600000, 0x00000006c5780000, 0x00000006c7800000)
  object space 50688K, 99% used [0x00000006c2600000,0x00000006c5757d98,0x00000006c5780000)
}
Event: 123.918 GC heap before
{Heap before GC invocations=11 (full 0):
 PSYoungGen      total 247808K, used 236405K [0x0000000797d00000, 0x00000007aa180000, 0x0000000800000000)
  eden space 202240K, 100% used [0x0000000797d00000,0x00000007a4280000,0x00000007a4280000)
  from space 45568K, 74% used [0x00000007a7100000,0x00000007a925d5b8,0x00000007a9d80000)
  to   space 47616K, 0% used [0x00000007a4280000,0x00000007a4280000,0x00000007a7100000)
 ParOldGen       total 175104K, used 70939K [0x00000006c7800000, 0x00000006d2300000, 0x0000000797d00000)
  object space 175104K, 40% used [0x00000006c7800000,0x00000006cbd46cc8,0x00000006d2300000)
 PSPermGen       total 50688K, used 50563K [0x00000006c2600000, 0x00000006c5780000, 0x00000006c7800000)
  object space 50688K, 99% used [0x00000006c2600000,0x00000006c5760d38,0x00000006c5780000)
Event: 123.929 GC heap after
Heap after GC invocations=11 (full 0):
 PSYoungGen      total 196608K, used 1459K [0x0000000797d00000, 0x00000007a9b80000, 0x0000000800000000)
  eden space 195072K, 0% used [0x0000000797d00000,0x0000000797d00000,0x00000007a3b80000)
  from space 1536K, 95% used [0x00000007a4280000,0x00000007a43eceb8,0x00000007a4400000)
  to   space 49152K, 0% used [0x00000007a6b80000,0x00000007a6b80000,0x00000007a9b80000)
 ParOldGen       total 175104K, used 101822K [0x00000006c7800000, 0x00000006d2300000, 0x0000000797d00000)
  object space 175104K, 58% used [0x00000006c7800000,0x00000006cdb6f838,0x00000006d2300000)
 PSPermGen       total 50688K, used 50563K [0x00000006c2600000, 0x00000006c5780000, 0x00000006c7800000)
  object space 50688K, 99% used [0x00000006c2600000,0x00000006c5760d38,0x00000006c5780000)
}
Event: 196.155 GC heap before
{Heap before GC invocations=12 (full 0):
 PSYoungGen      total 196608K, used 196531K [0x0000000797d00000, 0x00000007a9b80000, 0x0000000800000000)
  eden space 195072K, 100% used [0x0000000797d00000,0x00000007a3b80000,0x00000007a3b80000)
  from space 1536K, 95% used [0x00000007a4280000,0x00000007a43eceb8,0x00000007a4400000)
  to   space 49152K, 0% used [0x00000007a6b80000,0x00000007a6b80000,0x00000007a9b80000)
 ParOldGen       total 175104K, used 101822K [0x00000006c7800000, 0x00000006d2300000, 0x0000000797d00000)
  object space 175104K, 58% used [0x00000006c7800000,0x00000006cdb6f838,0x00000006d2300000)
 PSPermGen       total 51200K, used 50708K [0x00000006c2600000, 0x00000006c5800000, 0x00000006c7800000)
  object space 51200K, 99% used [0x00000006c2600000,0x00000006c57850b8,0x00000006c5800000)
Event: 196.161 GC heap after
Heap after GC invocations=12 (full 0):
 PSYoungGen      total 225792K, used 16519K [0x0000000797d00000, 0x00000007a9080000, 0x0000000800000000)
  eden space 187904K, 0% used [0x0000000797d00000,0x0000000797d00000,0x00000007a3480000)
  from space 37888K, 43% used [0x00000007a6b80000,0x00000007a7ba1d78,0x00000007a9080000)
  to   space 47104K, 0% used [0x00000007a3480000,0x00000007a3480000,0x00000007a6280000)
 ParOldGen       total 175104K, used 102949K [0x00000006c7800000, 0x00000006d2300000, 0x0000000797d00000)
  object space 175104K, 58% used [0x00000006c7800000,0x00000006cdc89458,0x00000006d2300000)
 PSPermGen       total 51200K, used 50708K [0x00000006c2600000, 0x00000006c5800000, 0x00000006c7800000)
  object space 51200K, 99% used [0x00000006c2600000,0x00000006c57850b8,0x00000006c5800000)
}
Event: 216.059 GC heap before
{Heap before GC invocations=13 (full 0):
 PSYoungGen      total 225792K, used 204423K [0x0000000797d00000, 0x00000007a9080000, 0x0000000800000000)
  eden space 187904K, 100% used [0x0000000797d00000,0x00000007a3480000,0x00000007a3480000)
  from space 37888K, 43% used [0x00000007a6b80000,0x00000007a7ba1d78,0x00000007a9080000)
  to   space 47104K, 0% used [0x00000007a3480000,0x00000007a3480000,0x00000007a6280000)
 ParOldGen       total 175104K, used 102949K [0x00000006c7800000, 0x00000006d2300000, 0x0000000797d00000)
  object space 175104K, 58% used [0x00000006c7800000,0x00000006cdc89458,0x00000006d2300000)
 PSPermGen       total 51200K, used 50756K [0x00000006c2600000, 0x00000006c5800000, 0x00000006c7800000)
  object space 51200K, 99% used [0x00000006c2600000,0x00000006c5791270,0x00000006c5800000)
Event: 216.070 GC heap after
Heap after GC invocations=13 (full 0):
 PSYoungGen      total 203264K, used 21831K [0x0000000797d00000, 0x00000007a8600000, 0x0000000800000000)
  eden space 181248K, 0% used [0x0000000797d00000,0x0000000797d00000,0x00000007a2e00000)
  from space 22016K, 99% used [0x00000007a3480000,0x00000007a49d1d78,0x00000007a4a00000)
  to   space 45056K, 0% used [0x00000007a5a00000,0x00000007a5a00000,0x00000007a8600000)
 ParOldGen       total 175104K, used 103333K [0x00000006c7800000, 0x00000006d2300000, 0x0000000797d00000)
  object space 175104K, 59% used [0x00000006c7800000,0x00000006cdce9458,0x00000006d2300000)
 PSPermGen       total 51200K, used 50756K [0x00000006c2600000, 0x00000006c5800000, 0x00000006c7800000)
  object space 51200K, 99% used [0x00000006c2600000,0x00000006c5791270,0x00000006c5800000)
}

