# JRE version: Java(TM) SE Runtime Environment (7.0_45-b18) (build 1.7.0_45-b18)
# Java VM: Java HotSpot(TM) 64-Bit Server VM (24.45-b08 mixed mode linux-amd64 compressed oops)
Heap
 PSYoungGen      total 74752K, used 20661K [0x0000000759500000, 0x0000000760900000, 0x0000000800000000)
  eden space 60416K, 11% used [0x0000000759500000,0x0000000759b9b0a0,0x000000075d000000)
  from space 14336K, 96% used [0x000000075fb00000,0x0000000760892670,0x0000000760900000)
  to   space 22016K, 0% used [0x000000075de00000,0x000000075de00000,0x000000075f380000)
 ParOldGen       total 175104K, used 28823K [0x000000060c000000, 0x0000000616b00000, 0x0000000759500000)
  object space 175104K, 16% used [0x000000060c000000,0x000000060dc25e58,0x0000000616b00000)
 PSPermGen       total 53248K, used 52842K [0x0000000606e00000, 0x000000060a200000, 0x000000060c000000)
  object space 53248K, 99% used [0x0000000606e00000,0x000000060a19a890,0x000000060a200000)
GC Heap History (10 events):
Event: 4.496 GC heap before
{Heap before GC invocations=4 (full 0):
 PSYoungGen      total 76800K, used 76772K [0x0000000759500000, 0x0000000762b00000, 0x0000000800000000)
  eden space 66048K, 100% used [0x0000000759500000,0x000000075d580000,0x000000075d580000)
  from space 10752K, 99% used [0x000000075d580000,0x000000075dff9348,0x000000075e000000)
  to   space 10752K, 0% used [0x0000000762080000,0x0000000762080000,0x0000000762b00000)
 ParOldGen       total 175104K, used 8847K [0x000000060c000000, 0x0000000616b00000, 0x0000000759500000)
  object space 175104K, 5% used [0x000000060c000000,0x000000060c8a3fe0,0x0000000616b00000)
 PSPermGen       total 43520K, used 43120K [0x0000000606e00000, 0x0000000609880000, 0x000000060c000000)
  object space 43520K, 99% used [0x0000000606e00000,0x000000060981c390,0x0000000609880000)
Event: 4.508 GC heap after
Heap after GC invocations=4 (full 0):
 PSYoungGen      total 76800K, used 10728K [0x0000000759500000, 0x0000000762b00000, 0x0000000800000000)
  eden space 66048K, 0% used [0x0000000759500000,0x0000000759500000,0x000000075d580000)
  from space 10752K, 99% used [0x0000000762080000,0x0000000762afa040,0x0000000762b00000)
  to   space 10752K, 0% used [0x000000075d580000,0x000000075d580000,0x000000075e000000)
 ParOldGen       total 175104K, used 15752K [0x000000060c000000, 0x0000000616b00000, 0x0000000759500000)
  object space 175104K, 8% used [0x000000060c000000,0x000000060cf622d0,0x0000000616b00000)
 PSPermGen       total 43520K, used 43120K [0x0000000606e00000, 0x0000000609880000, 0x000000060c000000)
  object space 43520K, 99% used [0x0000000606e00000,0x000000060981c390,0x0000000609880000)
}
Event: 8.836 GC heap before
{Heap before GC invocations=5 (full 0):
 PSYoungGen      total 76800K, used 76776K [0x0000000759500000, 0x0000000762b00000, 0x0000000800000000)
  eden space 66048K, 100% used [0x0000000759500000,0x000000075d580000,0x000000075d580000)
  from space 10752K, 99% used [0x0000000762080000,0x0000000762afa040,0x0000000762b00000)
  to   space 10752K, 0% used [0x000000075d580000,0x000000075d580000,0x000000075e000000)
 ParOldGen       total 175104K, used 15752K [0x000000060c000000, 0x0000000616b00000, 0x0000000759500000)
  object space 175104K, 8% used [0x000000060c000000,0x000000060cf622d0,0x0000000616b00000)
 PSPermGen       total 49664K, used 49249K [0x0000000606e00000, 0x0000000609e80000, 0x000000060c000000)
  object space 49664K, 99% used [0x0000000606e00000,0x0000000609e18740,0x0000000609e80000)
Event: 8.847 GC heap after
Heap after GC invocations=5 (full 0):
 PSYoungGen      total 75264K, used 10734K [0x0000000759500000, 0x0000000762100000, 0x0000000800000000)
  eden space 64512K, 0% used [0x0000000759500000,0x0000000759500000,0x000000075d400000)
  from space 10752K, 99% used [0x000000075d580000,0x000000075dffba68,0x000000075e000000)
  to   space 24064K, 0% used [0x0000000760980000,0x0000000760980000,0x0000000762100000)
 ParOldGen       total 175104K, used 20763K [0x000000060c000000, 0x0000000616b00000, 0x0000000759500000)
  object space 175104K, 11% used [0x000000060c000000,0x000000060d446f60,0x0000000616b00000)
 PSPermGen       total 49664K, used 49249K [0x0000000606e00000, 0x0000000609e80000, 0x000000060c000000)
  object space 49664K, 99% used [0x0000000606e00000,0x0000000609e18740,0x0000000609e80000)
}
Event: 19.583 GC heap before
{Heap before GC invocations=6 (full 0):
 PSYoungGen      total 75264K, used 75246K [0x0000000759500000, 0x0000000762100000, 0x0000000800000000)
  eden space 64512K, 100% used [0x0000000759500000,0x000000075d400000,0x000000075d400000)
  from space 10752K, 99% used [0x000000075d580000,0x000000075dffba68,0x000000075e000000)
  to   space 24064K, 0% used [0x0000000760980000,0x0000000760980000,0x0000000762100000)
 ParOldGen       total 175104K, used 20763K [0x000000060c000000, 0x0000000616b00000, 0x0000000759500000)
  object space 175104K, 11% used [0x000000060c000000,0x000000060d446f60,0x0000000616b00000)
 PSPermGen       total 50688K, used 50547K [0x0000000606e00000, 0x0000000609f80000, 0x000000060c000000)
  object space 50688K, 99% used [0x0000000606e00000,0x0000000609f5ccd0,0x0000000609f80000)
Event: 19.591 GC heap after
Heap after GC invocations=6 (full 0):
 PSYoungGen      total 76288K, used 13240K [0x0000000759500000, 0x0000000761680000, 0x0000000800000000)
  eden space 62976K, 0% used [0x0000000759500000,0x0000000759500000,0x000000075d280000)
  from space 13312K, 99% used [0x0000000760980000,0x000000076166e0c8,0x0000000761680000)
  to   space 22528K, 0% used [0x000000075ea80000,0x000000075ea80000,0x0000000760080000)
 ParOldGen       total 175104K, used 20771K [0x000000060c000000, 0x0000000616b00000, 0x0000000759500000)
  object space 175104K, 11% used [0x000000060c000000,0x000000060d448f60,0x0000000616b00000)
 PSPermGen       total 50688K, used 50547K [0x0000000606e00000, 0x0000000609f80000, 0x000000060c000000)
  object space 50688K, 99% used [0x0000000606e00000,0x0000000609f5ccd0,0x0000000609f80000)
}
Event: 31.511 GC heap before
{Heap before GC invocations=7 (full 0):
 PSYoungGen      total 76288K, used 76216K [0x0000000759500000, 0x0000000761680000, 0x0000000800000000)
  eden space 62976K, 100% used [0x0000000759500000,0x000000075d280000,0x000000075d280000)
  from space 13312K, 99% used [0x0000000760980000,0x000000076166e0c8,0x0000000761680000)
  to   space 22528K, 0% used [0x000000075ea80000,0x000000075ea80000,0x0000000760080000)
 ParOldGen       total 175104K, used 20771K [0x000000060c000000, 0x0000000616b00000, 0x0000000759500000)
  object space 175104K, 11% used [0x000000060c000000,0x000000060d448f60,0x0000000616b00000)
 PSPermGen       total 50688K, used 50644K [0x0000000606e00000, 0x0000000609f80000, 0x000000060c000000)
  object space 50688K, 99% used [0x0000000606e00000,0x0000000609f75338,0x0000000609f80000)
Event: 31.521 GC heap after
Heap after GC invocations=7 (full 0):
 PSYoungGen      total 78336K, used 16820K [0x0000000759500000, 0x0000000760a00000, 0x0000000800000000)
  eden space 61440K, 0% used [0x0000000759500000,0x0000000759500000,0x000000075d100000)
  from space 16896K, 99% used [0x000000075ea80000,0x000000075faed180,0x000000075fb00000)
  to   space 15360K, 0% used [0x000000075fb00000,0x000000075fb00000,0x0000000760a00000)
 ParOldGen       total 175104K, used 24468K [0x000000060c000000, 0x0000000616b00000, 0x0000000759500000)
  object space 175104K, 13% used [0x000000060c000000,0x000000060d7e53e0,0x0000000616b00000)
 PSPermGen       total 50688K, used 50644K [0x0000000606e00000, 0x0000000609f80000, 0x000000060c000000)
  object space 50688K, 99% used [0x0000000606e00000,0x0000000609f75338,0x0000000609f80000)
}
Event: 66.377 GC heap before
{Heap before GC invocations=8 (full 0):
 PSYoungGen      total 78336K, used 78260K [0x0000000759500000, 0x0000000760a00000, 0x0000000800000000)
  eden space 61440K, 100% used [0x0000000759500000,0x000000075d100000,0x000000075d100000)
  from space 16896K, 99% used [0x000000075ea80000,0x000000075faed180,0x000000075fb00000)
  to   space 15360K, 0% used [0x000000075fb00000,0x000000075fb00000,0x0000000760a00000)
 ParOldGen       total 175104K, used 24468K [0x000000060c000000, 0x0000000616b00000, 0x0000000759500000)
  object space 175104K, 13% used [0x000000060c000000,0x000000060d7e53e0,0x0000000616b00000)
 PSPermGen       total 53248K, used 52819K [0x0000000606e00000, 0x000000060a200000, 0x000000060c000000)
  object space 53248K, 99% used [0x0000000606e00000,0x000000060a194e30,0x000000060a200000)
Event: 66.386 GC heap after
Heap after GC invocations=8 (full 0):
 PSYoungGen      total 74752K, used 13897K [0x0000000759500000, 0x0000000760900000, 0x0000000800000000)
  eden space 60416K, 0% used [0x0000000759500000,0x0000000759500000,0x000000075d000000)
  from space 14336K, 96% used [0x000000075fb00000,0x0000000760892670,0x0000000760900000)
  to   space 22016K, 0% used [0x000000075de00000,0x000000075de00000,0x000000075f380000)
 ParOldGen       total 175104K, used 28823K [0x000000060c000000, 0x0000000616b00000, 0x0000000759500000)
  object space 175104K, 16% used [0x000000060c000000,0x000000060dc25e58,0x0000000616b00000)
 PSPermGen       total 53248K, used 52819K [0x0000000606e00000, 0x000000060a200000, 0x000000060c000000)
  object space 53248K, 99% used [0x0000000606e00000,0x000000060a194e30,0x000000060a200000)
}

