# JRE version: Java(TM) SE Runtime Environment (7.0_45-b18) (build 1.7.0_45-b18)
# Java VM: Java HotSpot(TM) 64-Bit Server VM (24.45-b08 mixed mode linux-amd64 compressed oops)
Heap
 PSYoungGen      total 83968K, used 61901K [0x00000000eb280000, 0x00000000f1e80000, 0x0000000100000000)
  eden space 59392K, 75% used [0x00000000eb280000,0x00000000ede7bdc8,0x00000000eec80000)
  from space 24576K, 68% used [0x00000000f0680000,0x00000000f16f7660,0x00000000f1e80000)
  to   space 25600K, 0% used [0x00000000eec80000,0x00000000eec80000,0x00000000f0580000)
 ParOldGen       total 175104K, used 23399K [0x00000000c1800000, 0x00000000cc300000, 0x00000000eb280000)
  object space 175104K, 13% used [0x00000000c1800000,0x00000000c2ed9ff8,0x00000000cc300000)
 PSPermGen       total 54272K, used 54201K [0x00000000bc600000, 0x00000000bfb00000, 0x00000000c1800000)
  object space 54272K, 99% used [0x00000000bc600000,0x00000000bfaee6b8,0x00000000bfb00000)
GC Heap History (10 events):
Event: 11.685 GC heap before
{Heap before GC invocations=4 (full 0):
 PSYoungGen      total 76800K, used 76487K [0x00000000eb280000, 0x00000000f0800000, 0x0000000100000000)
  eden space 66048K, 99% used [0x00000000eb280000,0x00000000ef2b2c60,0x00000000ef300000)
  from space 10752K, 99% used [0x00000000ef300000,0x00000000efd7f1c8,0x00000000efd80000)
  to   space 10752K, 0% used [0x00000000efd80000,0x00000000efd80000,0x00000000f0800000)
 ParOldGen       total 175104K, used 6176K [0x00000000c1800000, 0x00000000cc300000, 0x00000000eb280000)
  object space 175104K, 3% used [0x00000000c1800000,0x00000000c1e08188,0x00000000cc300000)
 PSPermGen       total 38400K, used 37952K [0x00000000bc600000, 0x00000000beb80000, 0x00000000c1800000)
  object space 38400K, 98% used [0x00000000bc600000,0x00000000beb103b8,0x00000000beb80000)
Event: 11.695 GC heap after
Heap after GC invocations=4 (full 0):
 PSYoungGen      total 76800K, used 10732K [0x00000000eb280000, 0x00000000f0800000, 0x0000000100000000)
  eden space 66048K, 0% used [0x00000000eb280000,0x00000000eb280000,0x00000000ef300000)
  from space 10752K, 99% used [0x00000000efd80000,0x00000000f07fb388,0x00000000f0800000)
  to   space 10752K, 0% used [0x00000000ef300000,0x00000000ef300000,0x00000000efd80000)
 ParOldGen       total 175104K, used 11664K [0x00000000c1800000, 0x00000000cc300000, 0x00000000eb280000)
  object space 175104K, 6% used [0x00000000c1800000,0x00000000c2364218,0x00000000cc300000)
 PSPermGen       total 38400K, used 37952K [0x00000000bc600000, 0x00000000beb80000, 0x00000000c1800000)
  object space 38400K, 98% used [0x00000000bc600000,0x00000000beb103b8,0x00000000beb80000)
}
Event: 14.207 GC heap before
{Heap before GC invocations=5 (full 0):
 PSYoungGen      total 76800K, used 76780K [0x00000000eb280000, 0x00000000f0800000, 0x0000000100000000)
  eden space 66048K, 100% used [0x00000000eb280000,0x00000000ef300000,0x00000000ef300000)
  from space 10752K, 99% used [0x00000000efd80000,0x00000000f07fb388,0x00000000f0800000)
  to   space 10752K, 0% used [0x00000000ef300000,0x00000000ef300000,0x00000000efd80000)
 ParOldGen       total 175104K, used 11664K [0x00000000c1800000, 0x00000000cc300000, 0x00000000eb280000)
  object space 175104K, 6% used [0x00000000c1800000,0x00000000c2364218,0x00000000cc300000)
 PSPermGen       total 42496K, used 42393K [0x00000000bc600000, 0x00000000bef80000, 0x00000000c1800000)
  object space 42496K, 99% used [0x00000000bc600000,0x00000000bef66610,0x00000000bef80000)
Event: 14.217 GC heap after
Heap after GC invocations=5 (full 0):
 PSYoungGen      total 75264K, used 10740K [0x00000000eb280000, 0x00000000f1b80000, 0x0000000100000000)
  eden space 64512K, 0% used [0x00000000eb280000,0x00000000eb280000,0x00000000ef180000)
  from space 10752K, 99% used [0x00000000ef300000,0x00000000efd7d238,0x00000000efd80000)
  to   space 21504K, 0% used [0x00000000f0680000,0x00000000f0680000,0x00000000f1b80000)
 ParOldGen       total 175104K, used 15233K [0x00000000c1800000, 0x00000000cc300000, 0x00000000eb280000)
  object space 175104K, 8% used [0x00000000c1800000,0x00000000c26e06c0,0x00000000cc300000)
 PSPermGen       total 42496K, used 42393K [0x00000000bc600000, 0x00000000bef80000, 0x00000000c1800000)
  object space 42496K, 99% used [0x00000000bc600000,0x00000000bef66610,0x00000000bef80000)
}
Event: 14.848 GC heap before
{Heap before GC invocations=6 (full 0):
 PSYoungGen      total 75264K, used 75252K [0x00000000eb280000, 0x00000000f1b80000, 0x0000000100000000)
  eden space 64512K, 100% used [0x00000000eb280000,0x00000000ef180000,0x00000000ef180000)
  from space 10752K, 99% used [0x00000000ef300000,0x00000000efd7d238,0x00000000efd80000)
  to   space 21504K, 0% used [0x00000000f0680000,0x00000000f0680000,0x00000000f1b80000)
 ParOldGen       total 175104K, used 15233K [0x00000000c1800000, 0x00000000cc300000, 0x00000000eb280000)
  object space 175104K, 8% used [0x00000000c1800000,0x00000000c26e06c0,0x00000000cc300000)
 PSPermGen       total 52224K, used 51917K [0x00000000bc600000, 0x00000000bf900000, 0x00000000c1800000)
  object space 52224K, 99% used [0x00000000bc600000,0x00000000bf8b36f0,0x00000000bf900000)
Event: 14.860 GC heap after
Heap after GC invocations=6 (full 0):
 PSYoungGen      total 82944K, used 20347K [0x00000000eb280000, 0x00000000f2000000, 0x0000000100000000)
  eden space 61440K, 0% used [0x00000000eb280000,0x00000000eb280000,0x00000000eee80000)
  from space 21504K, 94% used [0x00000000f0680000,0x00000000f1a5edf0,0x00000000f1b80000)
  to   space 24576K, 0% used [0x00000000eee80000,0x00000000eee80000,0x00000000f0680000)
 ParOldGen       total 175104K, used 15233K [0x00000000c1800000, 0x00000000cc300000, 0x00000000eb280000)
  object space 175104K, 8% used [0x00000000c1800000,0x00000000c26e06c0,0x00000000cc300000)
 PSPermGen       total 52224K, used 51917K [0x00000000bc600000, 0x00000000bf900000, 0x00000000c1800000)
  object space 52224K, 99% used [0x00000000bc600000,0x00000000bf8b36f0,0x00000000bf900000)
}
Event: 18.700 GC heap before
{Heap before GC invocations=7 (full 0):
 PSYoungGen      total 82944K, used 81787K [0x00000000eb280000, 0x00000000f2000000, 0x0000000100000000)
  eden space 61440K, 100% used [0x00000000eb280000,0x00000000eee80000,0x00000000eee80000)
  from space 21504K, 94% used [0x00000000f0680000,0x00000000f1a5edf0,0x00000000f1b80000)
  to   space 24576K, 0% used [0x00000000eee80000,0x00000000eee80000,0x00000000f0680000)
 ParOldGen       total 175104K, used 15233K [0x00000000c1800000, 0x00000000cc300000, 0x00000000eb280000)
  object space 175104K, 8% used [0x00000000c1800000,0x00000000c26e06c0,0x00000000cc300000)
 PSPermGen       total 53760K, used 53758K [0x00000000bc600000, 0x00000000bfa80000, 0x00000000c1800000)
  object space 53760K, 99% used [0x00000000bc600000,0x00000000bfa7f858,0x00000000bfa80000)
Event: 18.712 GC heap after
Heap after GC invocations=7 (full 0):
 PSYoungGen      total 84992K, used 19349K [0x00000000eb280000, 0x00000000f1f80000, 0x0000000100000000)
  eden space 60416K, 0% used [0x00000000eb280000,0x00000000eb280000,0x00000000eed80000)
  from space 24576K, 78% used [0x00000000eee80000,0x00000000f0165760,0x00000000f0680000)
  to   space 25600K, 0% used [0x00000000f0680000,0x00000000f0680000,0x00000000f1f80000)
 ParOldGen       total 175104K, used 19011K [0x00000000c1800000, 0x00000000cc300000, 0x00000000eb280000)
  object space 175104K, 10% used [0x00000000c1800000,0x00000000c2a90e18,0x00000000cc300000)
 PSPermGen       total 53760K, used 53758K [0x00000000bc600000, 0x00000000bfa80000, 0x00000000c1800000)
  object space 53760K, 99% used [0x00000000bc600000,0x00000000bfa7f858,0x00000000bfa80000)
}
Event: 25.394 GC heap before
{Heap before GC invocations=8 (full 0):
 PSYoungGen      total 84992K, used 79765K [0x00000000eb280000, 0x00000000f1f80000, 0x0000000100000000)
  eden space 60416K, 100% used [0x00000000eb280000,0x00000000eed80000,0x00000000eed80000)
  from space 24576K, 78% used [0x00000000eee80000,0x00000000f0165760,0x00000000f0680000)
  to   space 25600K, 0% used [0x00000000f0680000,0x00000000f0680000,0x00000000f1f80000)
 ParOldGen       total 175104K, used 19011K [0x00000000c1800000, 0x00000000cc300000, 0x00000000eb280000)
  object space 175104K, 10% used [0x00000000c1800000,0x00000000c2a90e18,0x00000000cc300000)
 PSPermGen       total 54272K, used 53916K [0x00000000bc600000, 0x00000000bfb00000, 0x00000000c1800000)
  object space 54272K, 99% used [0x00000000bc600000,0x00000000bfaa71c0,0x00000000bfb00000)
Event: 25.404 GC heap after
Heap after GC invocations=8 (full 0):
 PSYoungGen      total 83968K, used 16861K [0x00000000eb280000, 0x00000000f1e80000, 0x0000000100000000)
  eden space 59392K, 0% used [0x00000000eb280000,0x00000000eb280000,0x00000000eec80000)
  from space 24576K, 68% used [0x00000000f0680000,0x00000000f16f7660,0x00000000f1e80000)
  to   space 25600K, 0% used [0x00000000eec80000,0x00000000eec80000,0x00000000f0580000)
 ParOldGen       total 175104K, used 23399K [0x00000000c1800000, 0x00000000cc300000, 0x00000000eb280000)
  object space 175104K, 13% used [0x00000000c1800000,0x00000000c2ed9ff8,0x00000000cc300000)
 PSPermGen       total 54272K, used 53916K [0x00000000bc600000, 0x00000000bfb00000, 0x00000000c1800000)
  object space 54272K, 99% used [0x00000000bc600000,0x00000000bfaa71c0,0x00000000bfb00000)
}

