# JRE version: Java(TM) SE Runtime Environment (7.0_45-b18) (build 1.7.0_45-b18)
# Java VM: Java HotSpot(TM) 64-Bit Server VM (24.45-b08 mixed mode linux-amd64 compressed oops)
Heap
 PSYoungGen      total 461312K, used 461281K [0x0000000797d00000, 0x00000007c0280000, 0x0000000800000000)
  eden space 327168K, 100% used [0x0000000797d00000,0x00000007abc80000,0x00000007abc80000)
  from space 134144K, 99% used [0x00000007abc80000,0x00000007b3f78540,0x00000007b3f80000)
  to   space 160768K, 0% used [0x00000007b6580000,0x00000007b6580000,0x00000007c0280000)
 ParOldGen       total 990720K, used 750076K [0x00000006c7800000, 0x0000000703f80000, 0x0000000797d00000)
  object space 990720K, 75% used [0x00000006c7800000,0x00000006f547f0b8,0x0000000703f80000)
 PSPermGen       total 83968K, used 54766K [0x00000006c2600000, 0x00000006c7800000, 0x00000006c7800000)
  object space 83968K, 65% used [0x00000006c2600000,0x00000006c5b7bac8,0x00000006c7800000)
GC Heap History (10 events):
Event: 4124.807 GC heap before
{Heap before GC invocations=188 (full 4):
 PSYoungGen      total 459264K, used 454336K [0x0000000797d00000, 0x00000007b4300000, 0x0000000800000000)
  eden space 454144K, 100% used [0x0000000797d00000,0x00000007b3880000,0x00000007b3880000)
  from space 5120K, 3% used [0x00000007b3880000,0x00000007b38b0000,0x00000007b3d80000)
  to   space 5120K, 0% used [0x00000007b3e00000,0x00000007b3e00000,0x00000007b4300000)
 ParOldGen       total 1316352K, used 894647K [0x00000006c7800000, 0x0000000717d80000, 0x0000000797d00000)
  object space 1316352K, 67% used [0x00000006c7800000,0x00000006fe1adf50,0x0000000717d80000)
 PSPermGen       total 83968K, used 52792K [0x00000006c2600000, 0x00000006c7800000, 0x00000006c7800000)
  object space 83968K, 62% used [0x00000006c2600000,0x00000006c598e0f0,0x00000006c7800000)
Event: 4124.812 GC heap after
Heap after GC invocations=188 (full 4):
 PSYoungGen      total 459776K, used 128K [0x0000000797d00000, 0x00000007b4300000, 0x0000000800000000)
  eden space 454656K, 0% used [0x0000000797d00000,0x0000000797d00000,0x00000007b3900000)
  from space 5120K, 2% used [0x00000007b3e00000,0x00000007b3e20000,0x00000007b4300000)
  to   space 5120K, 0% used [0x00000007b3900000,0x00000007b3900000,0x00000007b3e00000)
 ParOldGen       total 1316352K, used 894655K [0x00000006c7800000, 0x0000000717d80000, 0x0000000797d00000)
  object space 1316352K, 67% used [0x00000006c7800000,0x00000006fe1aff50,0x0000000717d80000)
 PSPermGen       total 83968K, used 52792K [0x00000006c2600000, 0x00000006c7800000, 0x00000006c7800000)
  object space 83968K, 62% used [0x00000006c2600000,0x00000006c598e0f0,0x00000006c7800000)
}
Event: 4149.596 GC heap before
{Heap before GC invocations=189 (full 4):
 PSYoungGen      total 459776K, used 454784K [0x0000000797d00000, 0x00000007b4300000, 0x0000000800000000)
  eden space 454656K, 100% used [0x0000000797d00000,0x00000007b3900000,0x00000007b3900000)
  from space 5120K, 2% used [0x00000007b3e00000,0x00000007b3e20000,0x00000007b4300000)
  to   space 5120K, 0% used [0x00000007b3900000,0x00000007b3900000,0x00000007b3e00000)
 ParOldGen       total 1316352K, used 894655K [0x00000006c7800000, 0x0000000717d80000, 0x0000000797d00000)
  object space 1316352K, 67% used [0x00000006c7800000,0x00000006fe1aff50,0x0000000717d80000)
 PSPermGen       total 83968K, used 54688K [0x00000006c2600000, 0x00000006c7800000, 0x00000006c7800000)
  object space 83968K, 65% used [0x00000006c2600000,0x00000006c5b68168,0x00000006c7800000)
Event: 4149.604 GC heap after
Heap after GC invocations=189 (full 4):
 PSYoungGen      total 459776K, used 4908K [0x0000000797d00000, 0x00000007b4580000, 0x0000000800000000)
  eden space 454656K, 0% used [0x0000000797d00000,0x0000000797d00000,0x00000007b3900000)
  from space 5120K, 95% used [0x00000007b3900000,0x00000007b3dcb348,0x00000007b3e00000)
  to   space 6144K, 0% used [0x00000007b3f80000,0x00000007b3f80000,0x00000007b4580000)
 ParOldGen       total 1316352K, used 894663K [0x00000006c7800000, 0x0000000717d80000, 0x0000000797d00000)
  object space 1316352K, 67% used [0x00000006c7800000,0x00000006fe1b1f50,0x0000000717d80000)
 PSPermGen       total 83968K, used 54688K [0x00000006c2600000, 0x00000006c7800000, 0x00000006c7800000)
  object space 83968K, 65% used [0x00000006c2600000,0x00000006c5b68168,0x00000006c7800000)
}
Event: 4157.723 GC heap before
{Heap before GC invocations=190 (full 4):
 PSYoungGen      total 459776K, used 459564K [0x0000000797d00000, 0x00000007b4580000, 0x0000000800000000)
  eden space 454656K, 100% used [0x0000000797d00000,0x00000007b3900000,0x00000007b3900000)
  from space 5120K, 95% used [0x00000007b3900000,0x00000007b3dcb348,0x00000007b3e00000)
  to   space 6144K, 0% used [0x00000007b3f80000,0x00000007b3f80000,0x00000007b4580000)
 ParOldGen       total 1316352K, used 894663K [0x00000006c7800000, 0x0000000717d80000, 0x0000000797d00000)
  object space 1316352K, 67% used [0x00000006c7800000,0x00000006fe1b1f50,0x0000000717d80000)
 PSPermGen       total 83968K, used 54737K [0x00000006c2600000, 0x00000006c7800000, 0x00000006c7800000)
  object space 83968K, 65% used [0x00000006c2600000,0x00000006c5b74610,0x00000006c7800000)
Event: 4157.772 GC heap after
Heap after GC invocations=190 (full 4):
 PSYoungGen      total 333312K, used 6142K [0x0000000797d00000, 0x00000007c4100000, 0x0000000800000000)
  eden space 327168K, 0% used [0x0000000797d00000,0x0000000797d00000,0x00000007abc80000)
  from space 6144K, 99% used [0x00000007b3f80000,0x00000007b457fa08,0x00000007b4580000)
  to   space 134144K, 0% used [0x00000007abc80000,0x00000007abc80000,0x00000007b3f80000)
 ParOldGen       total 1316352K, used 1238041K [0x00000006c7800000, 0x0000000717d80000, 0x0000000797d00000)
  object space 1316352K, 94% used [0x00000006c7800000,0x0000000713106708,0x0000000717d80000)
 PSPermGen       total 83968K, used 54737K [0x00000006c2600000, 0x00000006c7800000, 0x00000006c7800000)
  object space 83968K, 65% used [0x00000006c2600000,0x00000006c5b74610,0x00000006c7800000)
}
Event: 4157.772 GC heap before
{Heap before GC invocations=191 (full 5):
 PSYoungGen      total 333312K, used 6142K [0x0000000797d00000, 0x00000007c4100000, 0x0000000800000000)
  eden space 327168K, 0% used [0x0000000797d00000,0x0000000797d00000,0x00000007abc80000)
  from space 6144K, 99% used [0x00000007b3f80000,0x00000007b457fa08,0x00000007b4580000)
  to   space 134144K, 0% used [0x00000007abc80000,0x00000007abc80000,0x00000007b3f80000)
 ParOldGen       total 1316352K, used 1238041K [0x00000006c7800000, 0x0000000717d80000, 0x0000000797d00000)
  object space 1316352K, 94% used [0x00000006c7800000,0x0000000713106708,0x0000000717d80000)
 PSPermGen       total 83968K, used 54737K [0x00000006c2600000, 0x00000006c7800000, 0x00000006c7800000)
  object space 83968K, 65% used [0x00000006c2600000,0x00000006c5b74610,0x00000006c7800000)
Event: 4157.945 GC heap after
Heap after GC invocations=191 (full 5):
 PSYoungGen      total 333312K, used 0K [0x0000000797d00000, 0x00000007c4100000, 0x0000000800000000)
  eden space 327168K, 0% used [0x0000000797d00000,0x0000000797d00000,0x00000007abc80000)
  from space 6144K, 0% used [0x00000007b3f80000,0x00000007b3f80000,0x00000007b4580000)
  to   space 134144K, 0% used [0x00000007abc80000,0x00000007abc80000,0x00000007b3f80000)
 ParOldGen       total 990720K, used 446777K [0x00000006c7800000, 0x0000000703f80000, 0x0000000797d00000)
  object space 990720K, 45% used [0x00000006c7800000,0x00000006e2c4e648,0x0000000703f80000)
 PSPermGen       total 83968K, used 54733K [0x00000006c2600000, 0x00000006c7800000, 0x00000006c7800000)
  object space 83968K, 65% used [0x00000006c2600000,0x00000006c5b73760,0x00000006c7800000)
}
Event: 4158.395 GC heap before
{Heap before GC invocations=192 (full 5):
 PSYoungGen      total 333312K, used 298788K [0x0000000797d00000, 0x00000007c4100000, 0x0000000800000000)
  eden space 327168K, 91% used [0x0000000797d00000,0x00000007aa0c9098,0x00000007abc80000)
  from space 6144K, 0% used [0x00000007b3f80000,0x00000007b3f80000,0x00000007b4580000)
  to   space 134144K, 0% used [0x00000007abc80000,0x00000007abc80000,0x00000007b3f80000)
 ParOldGen       total 990720K, used 446777K [0x00000006c7800000, 0x0000000703f80000, 0x0000000797d00000)
  object space 990720K, 45% used [0x00000006c7800000,0x00000006e2c4e648,0x0000000703f80000)
 PSPermGen       total 83968K, used 54737K [0x00000006c2600000, 0x00000006c7800000, 0x00000006c7800000)
  object space 83968K, 65% used [0x00000006c2600000,0x00000006c5b74450,0x00000006c7800000)
Event: 4158.434 GC heap after
Heap after GC invocations=192 (full 5):
 PSYoungGen      total 461312K, used 134113K [0x0000000797d00000, 0x00000007c0280000, 0x0000000800000000)
  eden space 327168K, 0% used [0x0000000797d00000,0x0000000797d00000,0x00000007abc80000)
  from space 134144K, 99% used [0x00000007abc80000,0x00000007b3f78540,0x00000007b3f80000)
  to   space 160768K, 0% used [0x00000007b6580000,0x00000007b6580000,0x00000007c0280000)
 ParOldGen       total 990720K, used 605386K [0x00000006c7800000, 0x0000000703f80000, 0x0000000797d00000)
  object space 990720K, 61% used [0x00000006c7800000,0x00000006ec732b48,0x0000000703f80000)
 PSPermGen       total 83968K, used 54737K [0x00000006c2600000, 0x00000006c7800000, 0x00000006c7800000)
  object space 83968K, 65% used [0x00000006c2600000,0x00000006c5b74450,0x00000006c7800000)
}

