# JRE version: Java(TM) SE Runtime Environment (7.0_45-b18) (build 1.7.0_45-b18)
# Java VM: Java HotSpot(TM) 64-Bit Server VM (24.45-b08 mixed mode linux-amd64 compressed oops)
Heap
 PSYoungGen      total 82944K, used 53429K [0x00000000eb280000, 0x00000000f1c80000, 0x0000000100000000)
  eden space 60416K, 69% used [0x00000000eb280000,0x00000000edb8c1f8,0x00000000eed80000)
  from space 22528K, 50% used [0x00000000f0680000,0x00000000f11a13e8,0x00000000f1c80000)
  to   space 24064K, 0% used [0x00000000eed80000,0x00000000eed80000,0x00000000f0500000)
 ParOldGen       total 175104K, used 25970K [0x00000000c1800000, 0x00000000cc300000, 0x00000000eb280000)
  object space 175104K, 14% used [0x00000000c1800000,0x00000000c315cbd8,0x00000000cc300000)
 PSPermGen       total 54272K, used 54241K [0x00000000bc600000, 0x00000000bfb00000, 0x00000000c1800000)
  object space 54272K, 99% used [0x00000000bc600000,0x00000000bfaf8680,0x00000000bfb00000)
GC Heap History (10 events):
Event: 9.316 GC heap before
{Heap before GC invocations=4 (full 0):
 PSYoungGen      total 76800K, used 76783K [0x00000000eb280000, 0x00000000f0800000, 0x0000000100000000)
  eden space 66048K, 100% used [0x00000000eb280000,0x00000000ef300000,0x00000000ef300000)
  from space 10752K, 99% used [0x00000000ef300000,0x00000000efd7bfb8,0x00000000efd80000)
  to   space 10752K, 0% used [0x00000000efd80000,0x00000000efd80000,0x00000000f0800000)
 ParOldGen       total 175104K, used 6197K [0x00000000c1800000, 0x00000000cc300000, 0x00000000eb280000)
  object space 175104K, 3% used [0x00000000c1800000,0x00000000c1e0d720,0x00000000cc300000)
 PSPermGen       total 37376K, used 37148K [0x00000000bc600000, 0x00000000bea80000, 0x00000000c1800000)
  object space 37376K, 99% used [0x00000000bc600000,0x00000000bea47310,0x00000000bea80000)
Event: 9.325 GC heap after
Heap after GC invocations=4 (full 0):
 PSYoungGen      total 76800K, used 10750K [0x00000000eb280000, 0x00000000f0800000, 0x0000000100000000)
  eden space 66048K, 0% used [0x00000000eb280000,0x00000000eb280000,0x00000000ef300000)
  from space 10752K, 99% used [0x00000000efd80000,0x00000000f07ffb08,0x00000000f0800000)
  to   space 10752K, 0% used [0x00000000ef300000,0x00000000ef300000,0x00000000efd80000)
 ParOldGen       total 175104K, used 12021K [0x00000000c1800000, 0x00000000cc300000, 0x00000000eb280000)
  object space 175104K, 6% used [0x00000000c1800000,0x00000000c23bd450,0x00000000cc300000)
 PSPermGen       total 37376K, used 37148K [0x00000000bc600000, 0x00000000bea80000, 0x00000000c1800000)
  object space 37376K, 99% used [0x00000000bc600000,0x00000000bea47310,0x00000000bea80000)
}
Event: 16.900 GC heap before
{Heap before GC invocations=5 (full 0):
 PSYoungGen      total 76800K, used 76798K [0x00000000eb280000, 0x00000000f0800000, 0x0000000100000000)
  eden space 66048K, 100% used [0x00000000eb280000,0x00000000ef300000,0x00000000ef300000)
  from space 10752K, 99% used [0x00000000efd80000,0x00000000f07ffb08,0x00000000f0800000)
  to   space 10752K, 0% used [0x00000000ef300000,0x00000000ef300000,0x00000000efd80000)
 ParOldGen       total 175104K, used 12021K [0x00000000c1800000, 0x00000000cc300000, 0x00000000eb280000)
  object space 175104K, 6% used [0x00000000c1800000,0x00000000c23bd450,0x00000000cc300000)
 PSPermGen       total 42496K, used 42319K [0x00000000bc600000, 0x00000000bef80000, 0x00000000c1800000)
  object space 42496K, 99% used [0x00000000bc600000,0x00000000bef53cb0,0x00000000bef80000)
Event: 16.908 GC heap after
Heap after GC invocations=5 (full 0):
 PSYoungGen      total 75264K, used 10727K [0x00000000eb280000, 0x00000000f1c80000, 0x0000000100000000)
  eden space 64512K, 0% used [0x00000000eb280000,0x00000000eb280000,0x00000000ef180000)
  from space 10752K, 99% used [0x00000000ef300000,0x00000000efd79f40,0x00000000efd80000)
  to   space 22016K, 0% used [0x00000000f0700000,0x00000000f0700000,0x00000000f1c80000)
 ParOldGen       total 175104K, used 16488K [0x00000000c1800000, 0x00000000cc300000, 0x00000000eb280000)
  object space 175104K, 9% used [0x00000000c1800000,0x00000000c281a130,0x00000000cc300000)
 PSPermGen       total 42496K, used 42319K [0x00000000bc600000, 0x00000000bef80000, 0x00000000c1800000)
  object space 42496K, 99% used [0x00000000bc600000,0x00000000bef53cb0,0x00000000bef80000)
}
Event: 57.441 GC heap before
{Heap before GC invocations=6 (full 0):
 PSYoungGen      total 75264K, used 75239K [0x00000000eb280000, 0x00000000f1c80000, 0x0000000100000000)
  eden space 64512K, 100% used [0x00000000eb280000,0x00000000ef180000,0x00000000ef180000)
  from space 10752K, 99% used [0x00000000ef300000,0x00000000efd79f40,0x00000000efd80000)
  to   space 22016K, 0% used [0x00000000f0700000,0x00000000f0700000,0x00000000f1c80000)
 ParOldGen       total 175104K, used 16488K [0x00000000c1800000, 0x00000000cc300000, 0x00000000eb280000)
  object space 175104K, 9% used [0x00000000c1800000,0x00000000c281a130,0x00000000cc300000)
 PSPermGen       total 43008K, used 42808K [0x00000000bc600000, 0x00000000bf000000, 0x00000000c1800000)
  object space 43008K, 99% used [0x00000000bc600000,0x00000000befce370,0x00000000bf000000)
Event: 57.450 GC heap after
Heap after GC invocations=6 (full 0):
 PSYoungGen      total 84992K, used 17328K [0x00000000eb280000, 0x00000000f1d00000, 0x0000000100000000)
  eden space 62976K, 0% used [0x00000000eb280000,0x00000000eb280000,0x00000000ef000000)
  from space 22016K, 78% used [0x00000000f0700000,0x00000000f17ec380,0x00000000f1c80000)
  to   space 23040K, 0% used [0x00000000ef000000,0x00000000ef000000,0x00000000f0680000)
 ParOldGen       total 175104K, used 16488K [0x00000000c1800000, 0x00000000cc300000, 0x00000000eb280000)
  object space 175104K, 9% used [0x00000000c1800000,0x00000000c281a130,0x00000000cc300000)
 PSPermGen       total 43008K, used 42808K [0x00000000bc600000, 0x00000000bf000000, 0x00000000c1800000)
  object space 43008K, 99% used [0x00000000bc600000,0x00000000befce370,0x00000000bf000000)
}
Event: 58.090 GC heap before
{Heap before GC invocations=7 (full 0):
 PSYoungGen      total 84992K, used 80304K [0x00000000eb280000, 0x00000000f1d00000, 0x0000000100000000)
  eden space 62976K, 100% used [0x00000000eb280000,0x00000000ef000000,0x00000000ef000000)
  from space 22016K, 78% used [0x00000000f0700000,0x00000000f17ec380,0x00000000f1c80000)
  to   space 23040K, 0% used [0x00000000ef000000,0x00000000ef000000,0x00000000f0680000)
 ParOldGen       total 175104K, used 16488K [0x00000000c1800000, 0x00000000cc300000, 0x00000000eb280000)
  object space 175104K, 9% used [0x00000000c1800000,0x00000000c281a130,0x00000000cc300000)
 PSPermGen       total 52224K, used 52180K [0x00000000bc600000, 0x00000000bf900000, 0x00000000c1800000)
  object space 52224K, 99% used [0x00000000bc600000,0x00000000bf8f51a0,0x00000000bf900000)
Event: 58.103 GC heap after
Heap after GC invocations=7 (full 0):
 PSYoungGen      total 84480K, used 19036K [0x00000000eb280000, 0x00000000f1e80000, 0x0000000100000000)
  eden space 61440K, 0% used [0x00000000eb280000,0x00000000eb280000,0x00000000eee80000)
  from space 23040K, 82% used [0x00000000ef000000,0x00000000f0297190,0x00000000f0680000)
  to   space 24576K, 0% used [0x00000000f0680000,0x00000000f0680000,0x00000000f1e80000)
 ParOldGen       total 175104K, used 21182K [0x00000000c1800000, 0x00000000cc300000, 0x00000000eb280000)
  object space 175104K, 12% used [0x00000000c1800000,0x00000000c2caf9a0,0x00000000cc300000)
 PSPermGen       total 52224K, used 52180K [0x00000000bc600000, 0x00000000bf900000, 0x00000000c1800000)
  object space 52224K, 99% used [0x00000000bc600000,0x00000000bf8f51a0,0x00000000bf900000)
}
Event: 62.421 GC heap before
{Heap before GC invocations=8 (full 0):
 PSYoungGen      total 84480K, used 80476K [0x00000000eb280000, 0x00000000f1e80000, 0x0000000100000000)
  eden space 61440K, 100% used [0x00000000eb280000,0x00000000eee80000,0x00000000eee80000)
  from space 23040K, 82% used [0x00000000ef000000,0x00000000f0297190,0x00000000f0680000)
  to   space 24576K, 0% used [0x00000000f0680000,0x00000000f0680000,0x00000000f1e80000)
 ParOldGen       total 175104K, used 21182K [0x00000000c1800000, 0x00000000cc300000, 0x00000000eb280000)
  object space 175104K, 12% used [0x00000000c1800000,0x00000000c2caf9a0,0x00000000cc300000)
 PSPermGen       total 54272K, used 53942K [0x00000000bc600000, 0x00000000bfb00000, 0x00000000c1800000)
  object space 54272K, 99% used [0x00000000bc600000,0x00000000bfaadb60,0x00000000bfb00000)
Event: 62.430 GC heap after
Heap after GC invocations=8 (full 0):
 PSYoungGen      total 82944K, used 11396K [0x00000000eb280000, 0x00000000f1c80000, 0x0000000100000000)
  eden space 60416K, 0% used [0x00000000eb280000,0x00000000eb280000,0x00000000eed80000)
  from space 22528K, 50% used [0x00000000f0680000,0x00000000f11a13e8,0x00000000f1c80000)
  to   space 24064K, 0% used [0x00000000eed80000,0x00000000eed80000,0x00000000f0500000)
 ParOldGen       total 175104K, used 25970K [0x00000000c1800000, 0x00000000cc300000, 0x00000000eb280000)
  object space 175104K, 14% used [0x00000000c1800000,0x00000000c315cbd8,0x00000000cc300000)
 PSPermGen       total 54272K, used 53942K [0x00000000bc600000, 0x00000000bfb00000, 0x00000000c1800000)
  object space 54272K, 99% used [0x00000000bc600000,0x00000000bfaadb60,0x00000000bfb00000)
}

