# JRE version: Java(TM) SE Runtime Environment (7.0_45-b18) (build 1.7.0_45-b18)
# Java VM: Java HotSpot(TM) 64-Bit Server VM (24.45-b08 mixed mode linux-amd64 compressed oops)
Heap
 PSYoungGen      total 310272K, used 57504K [0x0000000797d00000, 0x00000007ae100000, 0x0000000800000000)
  eden space 269824K, 10% used [0x0000000797d00000,0x000000079993c908,0x00000007a8480000)
  from space 40448K, 70% used [0x00000007ab080000,0x00000007acc6b850,0x00000007ad800000)
  to   space 45056K, 0% used [0x00000007a8480000,0x00000007a8480000,0x00000007ab080000)
 ParOldGen       total 1297408K, used 1000662K [0x00000006c7800000, 0x0000000716b00000, 0x0000000797d00000)
  object space 1297408K, 77% used [0x00000006c7800000,0x0000000704935850,0x0000000716b00000)
 PSPermGen       total 81408K, used 55678K [0x00000006c2600000, 0x00000006c7580000, 0x00000006c7800000)
  object space 81408K, 68% used [0x00000006c2600000,0x00000006c5c5f9e0,0x00000006c7580000)
GC Heap History (10 events):
Event: 576.943 GC heap before
{Heap before GC invocations=46 (full 4):
 PSYoungGen      total 275968K, used 275712K [0x0000000797d00000, 0x00000007ad880000, 0x0000000800000000)
  eden space 274432K, 100% used [0x0000000797d00000,0x00000007a8900000,0x00000007a8900000)
  from space 1536K, 83% used [0x00000007a8900000,0x00000007a8a40000,0x00000007a8a80000)
  to   space 39936K, 0% used [0x00000007ab180000,0x00000007ab180000,0x00000007ad880000)
 ParOldGen       total 1297408K, used 1000150K [0x00000006c7800000, 0x0000000716b00000, 0x0000000797d00000)
  object space 1297408K, 77% used [0x00000006c7800000,0x00000007048b5850,0x0000000716b00000)
 PSPermGen       total 81408K, used 40842K [0x00000006c2600000, 0x00000006c7580000, 0x00000006c7800000)
  object space 81408K, 50% used [0x00000006c2600000,0x00000006c4de2b38,0x00000006c7580000)
Event: 576.949 GC heap after
Heap after GC invocations=46 (full 4):
 PSYoungGen      total 310784K, used 1280K [0x0000000797d00000, 0x00000007ad380000, 0x0000000800000000)
  eden space 275968K, 0% used [0x0000000797d00000,0x0000000797d00000,0x00000007a8a80000)
  from space 34816K, 3% used [0x00000007ab180000,0x00000007ab2c0000,0x00000007ad380000)
  to   space 37376K, 0% used [0x00000007a8a80000,0x00000007a8a80000,0x00000007aaf00000)
 ParOldGen       total 1297408K, used 1000262K [0x00000006c7800000, 0x0000000716b00000, 0x0000000797d00000)
  object space 1297408K, 77% used [0x00000006c7800000,0x00000007048d1850,0x0000000716b00000)
 PSPermGen       total 81408K, used 40842K [0x00000006c2600000, 0x00000006c7580000, 0x00000006c7800000)
  object space 81408K, 50% used [0x00000006c2600000,0x00000006c4de2b38,0x00000006c7580000)
}
Event: 577.864 GC heap before
{Heap before GC invocations=47 (full 4):
 PSYoungGen      total 310784K, used 277248K [0x0000000797d00000, 0x00000007ad380000, 0x0000000800000000)
  eden space 275968K, 100% used [0x0000000797d00000,0x00000007a8a80000,0x00000007a8a80000)
  from space 34816K, 3% used [0x00000007ab180000,0x00000007ab2c0000,0x00000007ad380000)
  to   space 37376K, 0% used [0x00000007a8a80000,0x00000007a8a80000,0x00000007aaf00000)
 ParOldGen       total 1297408K, used 1000262K [0x00000006c7800000, 0x0000000716b00000, 0x0000000797d00000)
  object space 1297408K, 77% used [0x00000006c7800000,0x00000007048d1850,0x0000000716b00000)
 PSPermGen       total 81408K, used 40843K [0x00000006c2600000, 0x00000006c7580000, 0x00000006c7800000)
  object space 81408K, 50% used [0x00000006c2600000,0x00000006c4de2d48,0x00000006c7580000)
Event: 577.870 GC heap after
Heap after GC invocations=47 (full 4):
 PSYoungGen      total 277504K, used 1280K [0x0000000797d00000, 0x00000007acf00000, 0x0000000800000000)
  eden space 275968K, 0% used [0x0000000797d00000,0x0000000797d00000,0x00000007a8a80000)
  from space 1536K, 83% used [0x00000007a8a80000,0x00000007a8bc0000,0x00000007a8c00000)
  to   space 34304K, 0% used [0x00000007aad80000,0x00000007aad80000,0x00000007acf00000)
 ParOldGen       total 1297408K, used 1000382K [0x00000006c7800000, 0x0000000716b00000, 0x0000000797d00000)
  object space 1297408K, 77% used [0x00000006c7800000,0x00000007048ef850,0x0000000716b00000)
 PSPermGen       total 81408K, used 40843K [0x00000006c2600000, 0x00000006c7580000, 0x00000006c7800000)
  object space 81408K, 50% used [0x00000006c2600000,0x00000006c4de2d48,0x00000006c7580000)
}
Event: 579.420 GC heap before
{Heap before GC invocations=48 (full 4):
 PSYoungGen      total 277504K, used 277248K [0x0000000797d00000, 0x00000007acf00000, 0x0000000800000000)
  eden space 275968K, 100% used [0x0000000797d00000,0x00000007a8a80000,0x00000007a8a80000)
  from space 1536K, 83% used [0x00000007a8a80000,0x00000007a8bc0000,0x00000007a8c00000)
  to   space 34304K, 0% used [0x00000007aad80000,0x00000007aad80000,0x00000007acf00000)
 ParOldGen       total 1297408K, used 1000382K [0x00000006c7800000, 0x0000000716b00000, 0x0000000797d00000)
  object space 1297408K, 77% used [0x00000006c7800000,0x00000007048ef850,0x0000000716b00000)
 PSPermGen       total 81408K, used 42972K [0x00000006c2600000, 0x00000006c7580000, 0x00000006c7800000)
  object space 81408K, 52% used [0x00000006c2600000,0x00000006c4ff70d0,0x00000006c7580000)
Event: 579.429 GC heap after
Heap after GC invocations=48 (full 4):
 PSYoungGen      total 307712K, used 22361K [0x0000000797d00000, 0x00000007ad700000, 0x0000000800000000)
  eden space 273408K, 0% used [0x0000000797d00000,0x0000000797d00000,0x00000007a8800000)
  from space 34304K, 65% used [0x00000007aad80000,0x00000007ac3567c0,0x00000007acf00000)
  to   space 38400K, 0% used [0x00000007a8800000,0x00000007a8800000,0x00000007aad80000)
 ParOldGen       total 1297408K, used 1000502K [0x00000006c7800000, 0x0000000716b00000, 0x0000000797d00000)
  object space 1297408K, 77% used [0x00000006c7800000,0x000000070490d850,0x0000000716b00000)
 PSPermGen       total 81408K, used 42972K [0x00000006c2600000, 0x00000006c7580000, 0x00000006c7800000)
  object space 81408K, 52% used [0x00000006c2600000,0x00000006c4ff70d0,0x00000006c7580000)
}
Event: 940.638 GC heap before
{Heap before GC invocations=49 (full 4):
 PSYoungGen      total 307712K, used 295769K [0x0000000797d00000, 0x00000007ad700000, 0x0000000800000000)
  eden space 273408K, 100% used [0x0000000797d00000,0x00000007a8800000,0x00000007a8800000)
  from space 34304K, 65% used [0x00000007aad80000,0x00000007ac3567c0,0x00000007acf00000)
  to   space 38400K, 0% used [0x00000007a8800000,0x00000007a8800000,0x00000007aad80000)
 ParOldGen       total 1297408K, used 1000502K [0x00000006c7800000, 0x0000000716b00000, 0x0000000797d00000)
  object space 1297408K, 77% used [0x00000006c7800000,0x000000070490d850,0x0000000716b00000)
 PSPermGen       total 81408K, used 53873K [0x00000006c2600000, 0x00000006c7580000, 0x00000006c7800000)
  object space 81408K, 66% used [0x00000006c2600000,0x00000006c5a9c580,0x00000006c7580000)
Event: 940.648 GC heap after
Heap after GC invocations=49 (full 4):
 PSYoungGen      total 311808K, used 21165K [0x0000000797d00000, 0x00000007ad800000, 0x0000000800000000)
  eden space 273408K, 0% used [0x0000000797d00000,0x0000000797d00000,0x00000007a8800000)
  from space 38400K, 55% used [0x00000007a8800000,0x00000007a9cab650,0x00000007aad80000)
  to   space 40448K, 0% used [0x00000007ab080000,0x00000007ab080000,0x00000007ad800000)
 ParOldGen       total 1297408K, used 1000582K [0x00000006c7800000, 0x0000000716b00000, 0x0000000797d00000)
  object space 1297408K, 77% used [0x00000006c7800000,0x0000000704921850,0x0000000716b00000)
 PSPermGen       total 81408K, used 53873K [0x00000006c2600000, 0x00000006c7580000, 0x00000006c7800000)
  object space 81408K, 66% used [0x00000006c2600000,0x00000006c5a9c580,0x00000006c7580000)
}
Event: 989.410 GC heap before
{Heap before GC invocations=50 (full 4):
 PSYoungGen      total 311808K, used 294573K [0x0000000797d00000, 0x00000007ad800000, 0x0000000800000000)
  eden space 273408K, 100% used [0x0000000797d00000,0x00000007a8800000,0x00000007a8800000)
  from space 38400K, 55% used [0x00000007a8800000,0x00000007a9cab650,0x00000007aad80000)
  to   space 40448K, 0% used [0x00000007ab080000,0x00000007ab080000,0x00000007ad800000)
 ParOldGen       total 1297408K, used 1000582K [0x00000006c7800000, 0x0000000716b00000, 0x0000000797d00000)
  object space 1297408K, 77% used [0x00000006c7800000,0x0000000704921850,0x0000000716b00000)
 PSPermGen       total 81408K, used 55586K [0x00000006c2600000, 0x00000006c7580000, 0x00000006c7800000)
  object space 81408K, 68% used [0x00000006c2600000,0x00000006c5c48bc0,0x00000006c7580000)
Event: 989.427 GC heap after
Heap after GC invocations=50 (full 4):
 PSYoungGen      total 310272K, used 28590K [0x0000000797d00000, 0x00000007ae100000, 0x0000000800000000)
  eden space 269824K, 0% used [0x0000000797d00000,0x0000000797d00000,0x00000007a8480000)
  from space 40448K, 70% used [0x00000007ab080000,0x00000007acc6b850,0x00000007ad800000)
  to   space 45056K, 0% used [0x00000007a8480000,0x00000007a8480000,0x00000007ab080000)
 ParOldGen       total 1297408K, used 1000662K [0x00000006c7800000, 0x0000000716b00000, 0x0000000797d00000)
  object space 1297408K, 77% used [0x00000006c7800000,0x0000000704935850,0x0000000716b00000)
 PSPermGen       total 81408K, used 55586K [0x00000006c2600000, 0x00000006c7580000, 0x00000006c7800000)
  object space 81408K, 68% used [0x00000006c2600000,0x00000006c5c48bc0,0x00000006c7580000)
}

