# JRE version: Java(TM) SE Runtime Environment (7.0_45-b18) (build 1.7.0_45-b18)
# Java VM: Java HotSpot(TM) 64-Bit Server VM (24.45-b08 mixed mode linux-amd64 compressed oops)
Heap
 PSYoungGen      total 262656K, used 64524K [0x0000000759500000, 0x0000000776480000, 0x0000000800000000)
  eden space 249856K, 20% used [0x0000000759500000,0x000000075c800c30,0x0000000768900000)
  from space 12800K, 96% used [0x0000000775800000,0x00000007764026b0,0x0000000776480000)
  to   space 45056K, 0% used [0x0000000770c80000,0x0000000770c80000,0x0000000773880000)
 ParOldGen       total 175104K, used 73225K [0x000000060c000000, 0x0000000616b00000, 0x0000000759500000)
  object space 175104K, 41% used [0x000000060c000000,0x00000006107827f0,0x0000000616b00000)
 PSPermGen       total 53760K, used 53486K [0x0000000606e00000, 0x000000060a280000, 0x000000060c000000)
  object space 53760K, 99% used [0x0000000606e00000,0x000000060a23b890,0x000000060a280000)
GC Heap History (10 events):
Event: 7.773 GC heap before
{Heap before GC invocations=6 (full 0):
 PSYoungGen      total 76800K, used 76782K [0x0000000759500000, 0x0000000765500000, 0x0000000800000000)
  eden space 66048K, 100% used [0x0000000759500000,0x000000075d580000,0x000000075d580000)
  from space 10752K, 99% used [0x000000075d580000,0x000000075dffbb70,0x000000075e000000)
  to   space 32256K, 0% used [0x0000000763580000,0x0000000763580000,0x0000000765500000)
 ParOldGen       total 175104K, used 32725K [0x000000060c000000, 0x0000000616b00000, 0x0000000759500000)
  object space 175104K, 18% used [0x000000060c000000,0x000000060dff55f0,0x0000000616b00000)
 PSPermGen       total 37376K, used 37288K [0x0000000606e00000, 0x0000000609280000, 0x000000060c000000)
  object space 37376K, 99% used [0x0000000606e00000,0x000000060926a320,0x0000000609280000)
Event: 7.791 GC heap after
Heap after GC invocations=6 (full 0):
 PSYoungGen      total 163328K, used 21883K [0x0000000759500000, 0x0000000765700000, 0x0000000800000000)
  eden space 131072K, 0% used [0x0000000759500000,0x0000000759500000,0x0000000761500000)
  from space 32256K, 67% used [0x0000000763580000,0x0000000764aded18,0x0000000765500000)
  to   space 33280K, 0% used [0x0000000761500000,0x0000000761500000,0x0000000763580000)
 ParOldGen       total 175104K, used 32725K [0x000000060c000000, 0x0000000616b00000, 0x0000000759500000)
  object space 175104K, 18% used [0x000000060c000000,0x000000060dff55f0,0x0000000616b00000)
 PSPermGen       total 37376K, used 37288K [0x0000000606e00000, 0x0000000609280000, 0x000000060c000000)
  object space 37376K, 99% used [0x0000000606e00000,0x000000060926a320,0x0000000609280000)
}
Event: 13.095 GC heap before
{Heap before GC invocations=7 (full 0):
 PSYoungGen      total 163328K, used 152955K [0x0000000759500000, 0x0000000765700000, 0x0000000800000000)
  eden space 131072K, 100% used [0x0000000759500000,0x0000000761500000,0x0000000761500000)
  from space 32256K, 67% used [0x0000000763580000,0x0000000764aded18,0x0000000765500000)
  to   space 33280K, 0% used [0x0000000761500000,0x0000000761500000,0x0000000763580000)
 ParOldGen       total 175104K, used 32725K [0x000000060c000000, 0x0000000616b00000, 0x0000000759500000)
  object space 175104K, 18% used [0x000000060c000000,0x000000060dff55f0,0x0000000616b00000)
 PSPermGen       total 50176K, used 49738K [0x0000000606e00000, 0x0000000609f00000, 0x000000060c000000)
  object space 50176K, 99% used [0x0000000606e00000,0x0000000609e928c0,0x0000000609f00000)
Event: 13.120 GC heap after
Heap after GC invocations=7 (full 0):
 PSYoungGen      total 164352K, used 33255K [0x0000000759500000, 0x000000076e900000, 0x0000000800000000)
  eden space 131072K, 0% used [0x0000000759500000,0x0000000759500000,0x0000000761500000)
  from space 33280K, 99% used [0x0000000761500000,0x0000000763579f48,0x0000000763580000)
  to   space 43008K, 0% used [0x000000076bf00000,0x000000076bf00000,0x000000076e900000)
 ParOldGen       total 175104K, used 40895K [0x000000060c000000, 0x0000000616b00000, 0x0000000759500000)
  object space 175104K, 23% used [0x000000060c000000,0x000000060e7efc18,0x0000000616b00000)
 PSPermGen       total 50176K, used 49738K [0x0000000606e00000, 0x0000000609f00000, 0x000000060c000000)
  object space 50176K, 99% used [0x0000000606e00000,0x0000000609e928c0,0x0000000609f00000)
}
Event: 16.359 GC heap before
{Heap before GC invocations=8 (full 0):
 PSYoungGen      total 164352K, used 164327K [0x0000000759500000, 0x000000076e900000, 0x0000000800000000)
  eden space 131072K, 100% used [0x0000000759500000,0x0000000761500000,0x0000000761500000)
  from space 33280K, 99% used [0x0000000761500000,0x0000000763579f48,0x0000000763580000)
  to   space 43008K, 0% used [0x000000076bf00000,0x000000076bf00000,0x000000076e900000)
 ParOldGen       total 175104K, used 40895K [0x000000060c000000, 0x0000000616b00000, 0x0000000759500000)
  object space 175104K, 23% used [0x000000060c000000,0x000000060e7efc18,0x0000000616b00000)
 PSPermGen       total 52224K, used 52181K [0x0000000606e00000, 0x000000060a100000, 0x000000060c000000)
  object space 52224K, 99% used [0x0000000606e00000,0x000000060a0f57d0,0x000000060a100000)
Event: 16.377 GC heap after
Heap after GC invocations=8 (full 0):
 PSYoungGen      total 303104K, used 31209K [0x0000000759500000, 0x000000076ed00000, 0x0000000800000000)
  eden space 260096K, 0% used [0x0000000759500000,0x0000000759500000,0x0000000769300000)
  from space 43008K, 72% used [0x000000076bf00000,0x000000076dd7a648,0x000000076e900000)
  to   space 45056K, 0% used [0x0000000769300000,0x0000000769300000,0x000000076bf00000)
 ParOldGen       total 175104K, used 45249K [0x000000060c000000, 0x0000000616b00000, 0x0000000759500000)
  object space 175104K, 25% used [0x000000060c000000,0x000000060ec30598,0x0000000616b00000)
 PSPermGen       total 52224K, used 52181K [0x0000000606e00000, 0x000000060a100000, 0x000000060c000000)
  object space 52224K, 99% used [0x0000000606e00000,0x000000060a0f57d0,0x000000060a100000)
}
Event: 64.293 GC heap before
{Heap before GC invocations=9 (full 0):
 PSYoungGen      total 303104K, used 291305K [0x0000000759500000, 0x000000076ed00000, 0x0000000800000000)
  eden space 260096K, 100% used [0x0000000759500000,0x0000000769300000,0x0000000769300000)
  from space 43008K, 72% used [0x000000076bf00000,0x000000076dd7a648,0x000000076e900000)
  to   space 45056K, 0% used [0x0000000769300000,0x0000000769300000,0x000000076bf00000)
 ParOldGen       total 175104K, used 45249K [0x000000060c000000, 0x0000000616b00000, 0x0000000759500000)
  object space 175104K, 25% used [0x000000060c000000,0x000000060ec30598,0x0000000616b00000)
 PSPermGen       total 53248K, used 52776K [0x0000000606e00000, 0x000000060a200000, 0x000000060c000000)
  object space 53248K, 99% used [0x0000000606e00000,0x000000060a18a108,0x000000060a200000)
Event: 64.308 GC heap after
Heap after GC invocations=9 (full 0):
 PSYoungGen      total 305152K, used 28910K [0x0000000759500000, 0x0000000778480000, 0x0000000800000000)
  eden space 260096K, 0% used [0x0000000759500000,0x0000000759500000,0x0000000769300000)
  from space 45056K, 64% used [0x0000000769300000,0x000000076af3b978,0x000000076bf00000)
  to   space 45568K, 0% used [0x0000000775800000,0x0000000775800000,0x0000000778480000)
 ParOldGen       total 175104K, used 55444K [0x000000060c000000, 0x0000000616b00000, 0x0000000759500000)
  object space 175104K, 31% used [0x000000060c000000,0x000000060f625150,0x0000000616b00000)
 PSPermGen       total 53248K, used 52776K [0x0000000606e00000, 0x000000060a200000, 0x000000060c000000)
  object space 53248K, 99% used [0x0000000606e00000,0x000000060a18a108,0x000000060a200000)
}
Event: 157.148 GC heap before
{Heap before GC invocations=10 (full 0):
 PSYoungGen      total 305152K, used 289006K [0x0000000759500000, 0x0000000778480000, 0x0000000800000000)
  eden space 260096K, 100% used [0x0000000759500000,0x0000000769300000,0x0000000769300000)
  from space 45056K, 64% used [0x0000000769300000,0x000000076af3b978,0x000000076bf00000)
  to   space 45568K, 0% used [0x0000000775800000,0x0000000775800000,0x0000000778480000)
 ParOldGen       total 175104K, used 55444K [0x000000060c000000, 0x0000000616b00000, 0x0000000759500000)
  object space 175104K, 31% used [0x000000060c000000,0x000000060f625150,0x0000000616b00000)
 PSPermGen       total 53248K, used 53246K [0x0000000606e00000, 0x000000060a200000, 0x000000060c000000)
  object space 53248K, 99% used [0x0000000606e00000,0x000000060a1ff8c0,0x000000060a200000)
Event: 157.163 GC heap after
Heap after GC invocations=10 (full 0):
 PSYoungGen      total 262656K, used 12297K [0x0000000759500000, 0x0000000776480000, 0x0000000800000000)
  eden space 249856K, 0% used [0x0000000759500000,0x0000000759500000,0x0000000768900000)
  from space 12800K, 96% used [0x0000000775800000,0x00000007764026b0,0x0000000776480000)
  to   space 45056K, 0% used [0x0000000770c80000,0x0000000770c80000,0x0000000773880000)
 ParOldGen       total 175104K, used 73225K [0x000000060c000000, 0x0000000616b00000, 0x0000000759500000)
  object space 175104K, 41% used [0x000000060c000000,0x00000006107827f0,0x0000000616b00000)
 PSPermGen       total 53248K, used 53246K [0x0000000606e00000, 0x000000060a200000, 0x000000060c000000)
  object space 53248K, 99% used [0x0000000606e00000,0x000000060a1ff8c0,0x000000060a200000)
}

