# JRE version: Java(TM) SE Runtime Environment (7.0_45-b18) (build 1.7.0_45-b18)
# Java VM: Java HotSpot(TM) 64-Bit Server VM (24.45-b08 mixed mode linux-amd64 compressed oops)
Heap
 PSYoungGen      total 86528K, used 62775K [0x0000000797d00000, 0x000000079d280000, 0x0000000800000000)
  eden space 85504K, 72% used [0x0000000797d00000,0x000000079b9ddf40,0x000000079d080000)
  from space 1024K, 43% used [0x000000079d180000,0x000000079d1f0000,0x000000079d280000)
  to   space 1024K, 0% used [0x000000079d080000,0x000000079d080000,0x000000079d180000)
 ParOldGen       total 214528K, used 163319K [0x00000006c7800000, 0x00000006d4980000, 0x0000000797d00000)
  object space 214528K, 76% used [0x00000006c7800000,0x00000006d177dc28,0x00000006d4980000)
 PSPermGen       total 83968K, used 53970K [0x00000006c2600000, 0x00000006c7800000, 0x00000006c7800000)
  object space 83968K, 64% used [0x00000006c2600000,0x00000006c5ab4a78,0x00000006c7800000)
GC Heap History (10 events):
Event: 4797.517 GC heap before
{Heap before GC invocations=1212 (full 2):
 PSYoungGen      total 86528K, used 85984K [0x0000000797d00000, 0x000000079d280000, 0x0000000800000000)
  eden space 85504K, 100% used [0x0000000797d00000,0x000000079d080000,0x000000079d080000)
  from space 1024K, 46% used [0x000000079d080000,0x000000079d0f8000,0x000000079d180000)
  to   space 1024K, 0% used [0x000000079d180000,0x000000079d180000,0x000000079d280000)
 ParOldGen       total 214528K, used 162975K [0x00000006c7800000, 0x00000006d4980000, 0x0000000797d00000)
  object space 214528K, 75% used [0x00000006c7800000,0x00000006d1727c28,0x00000006d4980000)
 PSPermGen       total 83968K, used 53928K [0x00000006c2600000, 0x00000006c7800000, 0x00000006c7800000)
  object space 83968K, 64% used [0x00000006c2600000,0x00000006c5aaa008,0x00000006c7800000)
Event: 4797.520 GC heap after
Heap after GC invocations=1212 (full 2):
 PSYoungGen      total 86528K, used 480K [0x0000000797d00000, 0x000000079d280000, 0x0000000800000000)
  eden space 85504K, 0% used [0x0000000797d00000,0x0000000797d00000,0x000000079d080000)
  from space 1024K, 46% used [0x000000079d180000,0x000000079d1f8000,0x000000079d280000)
  to   space 1024K, 0% used [0x000000079d080000,0x000000079d080000,0x000000079d180000)
 ParOldGen       total 214528K, used 162975K [0x00000006c7800000, 0x00000006d4980000, 0x0000000797d00000)
  object space 214528K, 75% used [0x00000006c7800000,0x00000006d1727c28,0x00000006d4980000)
 PSPermGen       total 83968K, used 53928K [0x00000006c2600000, 0x00000006c7800000, 0x00000006c7800000)
  object space 83968K, 64% used [0x00000006c2600000,0x00000006c5aaa008,0x00000006c7800000)
}
Event: 4801.193 GC heap before
{Heap before GC invocations=1213 (full 2):
 PSYoungGen      total 86528K, used 85984K [0x0000000797d00000, 0x000000079d280000, 0x0000000800000000)
  eden space 85504K, 100% used [0x0000000797d00000,0x000000079d080000,0x000000079d080000)
  from space 1024K, 46% used [0x000000079d180000,0x000000079d1f8000,0x000000079d280000)
  to   space 1024K, 0% used [0x000000079d080000,0x000000079d080000,0x000000079d180000)
 ParOldGen       total 214528K, used 162975K [0x00000006c7800000, 0x00000006d4980000, 0x0000000797d00000)
  object space 214528K, 75% used [0x00000006c7800000,0x00000006d1727c28,0x00000006d4980000)
 PSPermGen       total 83968K, used 53928K [0x00000006c2600000, 0x00000006c7800000, 0x00000006c7800000)
  object space 83968K, 64% used [0x00000006c2600000,0x00000006c5aaa008,0x00000006c7800000)
Event: 4801.196 GC heap after
Heap after GC invocations=1213 (full 2):
 PSYoungGen      total 86528K, used 480K [0x0000000797d00000, 0x000000079d280000, 0x0000000800000000)
  eden space 85504K, 0% used [0x0000000797d00000,0x0000000797d00000,0x000000079d080000)
  from space 1024K, 46% used [0x000000079d080000,0x000000079d0f8000,0x000000079d180000)
  to   space 1024K, 0% used [0x000000079d180000,0x000000079d180000,0x000000079d280000)
 ParOldGen       total 214528K, used 162999K [0x00000006c7800000, 0x00000006d4980000, 0x0000000797d00000)
  object space 214528K, 75% used [0x00000006c7800000,0x00000006d172dc28,0x00000006d4980000)
 PSPermGen       total 83968K, used 53928K [0x00000006c2600000, 0x00000006c7800000, 0x00000006c7800000)
  object space 83968K, 64% used [0x00000006c2600000,0x00000006c5aaa008,0x00000006c7800000)
}
Event: 4804.762 GC heap before
{Heap before GC invocations=1214 (full 2):
 PSYoungGen      total 86528K, used 85984K [0x0000000797d00000, 0x000000079d280000, 0x0000000800000000)
  eden space 85504K, 100% used [0x0000000797d00000,0x000000079d080000,0x000000079d080000)
  from space 1024K, 46% used [0x000000079d080000,0x000000079d0f8000,0x000000079d180000)
  to   space 1024K, 0% used [0x000000079d180000,0x000000079d180000,0x000000079d280000)
 ParOldGen       total 214528K, used 162999K [0x00000006c7800000, 0x00000006d4980000, 0x0000000797d00000)
  object space 214528K, 75% used [0x00000006c7800000,0x00000006d172dc28,0x00000006d4980000)
 PSPermGen       total 83968K, used 53928K [0x00000006c2600000, 0x00000006c7800000, 0x00000006c7800000)
  object space 83968K, 64% used [0x00000006c2600000,0x00000006c5aaa008,0x00000006c7800000)
Event: 4804.765 GC heap after
Heap after GC invocations=1214 (full 2):
 PSYoungGen      total 86528K, used 192K [0x0000000797d00000, 0x000000079d280000, 0x0000000800000000)
  eden space 85504K, 0% used [0x0000000797d00000,0x0000000797d00000,0x000000079d080000)
  from space 1024K, 18% used [0x000000079d180000,0x000000079d1b0000,0x000000079d280000)
  to   space 1024K, 0% used [0x000000079d080000,0x000000079d080000,0x000000079d180000)
 ParOldGen       total 214528K, used 163319K [0x00000006c7800000, 0x00000006d4980000, 0x0000000797d00000)
  object space 214528K, 76% used [0x00000006c7800000,0x00000006d177dc28,0x00000006d4980000)
 PSPermGen       total 83968K, used 53928K [0x00000006c2600000, 0x00000006c7800000, 0x00000006c7800000)
  object space 83968K, 64% used [0x00000006c2600000,0x00000006c5aaa008,0x00000006c7800000)
}
Event: 4808.439 GC heap before
{Heap before GC invocations=1215 (full 2):
 PSYoungGen      total 86528K, used 85696K [0x0000000797d00000, 0x000000079d280000, 0x0000000800000000)
  eden space 85504K, 100% used [0x0000000797d00000,0x000000079d080000,0x000000079d080000)
  from space 1024K, 18% used [0x000000079d180000,0x000000079d1b0000,0x000000079d280000)
  to   space 1024K, 0% used [0x000000079d080000,0x000000079d080000,0x000000079d180000)
 ParOldGen       total 214528K, used 163319K [0x00000006c7800000, 0x00000006d4980000, 0x0000000797d00000)
  object space 214528K, 76% used [0x00000006c7800000,0x00000006d177dc28,0x00000006d4980000)
 PSPermGen       total 83968K, used 53928K [0x00000006c2600000, 0x00000006c7800000, 0x00000006c7800000)
  object space 83968K, 64% used [0x00000006c2600000,0x00000006c5aaa008,0x00000006c7800000)
Event: 4808.441 GC heap after
Heap after GC invocations=1215 (full 2):
 PSYoungGen      total 86528K, used 160K [0x0000000797d00000, 0x000000079d280000, 0x0000000800000000)
  eden space 85504K, 0% used [0x0000000797d00000,0x0000000797d00000,0x000000079d080000)
  from space 1024K, 15% used [0x000000079d080000,0x000000079d0a8000,0x000000079d180000)
  to   space 1024K, 0% used [0x000000079d180000,0x000000079d180000,0x000000079d280000)
 ParOldGen       total 214528K, used 163319K [0x00000006c7800000, 0x00000006d4980000, 0x0000000797d00000)
  object space 214528K, 76% used [0x00000006c7800000,0x00000006d177dc28,0x00000006d4980000)
 PSPermGen       total 83968K, used 53928K [0x00000006c2600000, 0x00000006c7800000, 0x00000006c7800000)
  object space 83968K, 64% used [0x00000006c2600000,0x00000006c5aaa008,0x00000006c7800000)
}
Event: 4811.898 GC heap before
{Heap before GC invocations=1216 (full 2):
 PSYoungGen      total 86528K, used 85664K [0x0000000797d00000, 0x000000079d280000, 0x0000000800000000)
  eden space 85504K, 100% used [0x0000000797d00000,0x000000079d080000,0x000000079d080000)
  from space 1024K, 15% used [0x000000079d080000,0x000000079d0a8000,0x000000079d180000)
  to   space 1024K, 0% used [0x000000079d180000,0x000000079d180000,0x000000079d280000)
 ParOldGen       total 214528K, used 163319K [0x00000006c7800000, 0x00000006d4980000, 0x0000000797d00000)
  object space 214528K, 76% used [0x00000006c7800000,0x00000006d177dc28,0x00000006d4980000)
 PSPermGen       total 83968K, used 53928K [0x00000006c2600000, 0x00000006c7800000, 0x00000006c7800000)
  object space 83968K, 64% used [0x00000006c2600000,0x00000006c5aaa008,0x00000006c7800000)
Event: 4811.900 GC heap after
Heap after GC invocations=1216 (full 2):
 PSYoungGen      total 86528K, used 448K [0x0000000797d00000, 0x000000079d280000, 0x0000000800000000)
  eden space 85504K, 0% used [0x0000000797d00000,0x0000000797d00000,0x000000079d080000)
  from space 1024K, 43% used [0x000000079d180000,0x000000079d1f0000,0x000000079d280000)
  to   space 1024K, 0% used [0x000000079d080000,0x000000079d080000,0x000000079d180000)
 ParOldGen       total 214528K, used 163319K [0x00000006c7800000, 0x00000006d4980000, 0x0000000797d00000)
  object space 214528K, 76% used [0x00000006c7800000,0x00000006d177dc28,0x00000006d4980000)
 PSPermGen       total 83968K, used 53928K [0x00000006c2600000, 0x00000006c7800000, 0x00000006c7800000)
  object space 83968K, 64% used [0x00000006c2600000,0x00000006c5aaa008,0x00000006c7800000)
}

