# JRE version: Java(TM) SE Runtime Environment (7.0_45-b18) (build 1.7.0_45-b18)
# Java VM: Java HotSpot(TM) 64-Bit Server VM (24.45-b08 mixed mode linux-amd64 compressed oops)
Heap
 PSYoungGen      total 82944K, used 68926K [0x0000000759500000, 0x000000075fe00000, 0x0000000800000000)
  eden space 60416K, 86% used [0x0000000759500000,0x000000075c7df9e8,0x000000075d000000)
  from space 22528K, 74% used [0x000000075e800000,0x000000075f870020,0x000000075fe00000)
  to   space 23552K, 0% used [0x000000075d000000,0x000000075d000000,0x000000075e700000)
 ParOldGen       total 175104K, used 28668K [0x000000060c000000, 0x0000000616b00000, 0x0000000759500000)
  object space 175104K, 16% used [0x000000060c000000,0x000000060dbff230,0x0000000616b00000)
 PSPermGen       total 54784K, used 54326K [0x0000000606e00000, 0x000000060a380000, 0x000000060c000000)
  object space 54784K, 99% used [0x0000000606e00000,0x000000060a30dbe8,0x000000060a380000)
GC Heap History (10 events):
Event: 4.276 GC heap before
{Heap before GC invocations=4 (full 0):
 PSYoungGen      total 76800K, used 76795K [0x0000000759500000, 0x000000075ea80000, 0x0000000800000000)
  eden space 66048K, 100% used [0x0000000759500000,0x000000075d580000,0x000000075d580000)
  from space 10752K, 99% used [0x000000075d580000,0x000000075dffeeb0,0x000000075e000000)
  to   space 10752K, 0% used [0x000000075e000000,0x000000075e000000,0x000000075ea80000)
 ParOldGen       total 175104K, used 8354K [0x000000060c000000, 0x0000000616b00000, 0x0000000759500000)
  object space 175104K, 4% used [0x000000060c000000,0x000000060c828bc0,0x0000000616b00000)
 PSPermGen       total 44032K, used 43695K [0x0000000606e00000, 0x0000000609900000, 0x000000060c000000)
  object space 44032K, 99% used [0x0000000606e00000,0x00000006098abf10,0x0000000609900000)
Event: 4.287 GC heap after
Heap after GC invocations=4 (full 0):
 PSYoungGen      total 76800K, used 10738K [0x0000000759500000, 0x000000075ea80000, 0x0000000800000000)
  eden space 66048K, 0% used [0x0000000759500000,0x0000000759500000,0x000000075d580000)
  from space 10752K, 99% used [0x000000075e000000,0x000000075ea7c908,0x000000075ea80000)
  to   space 10752K, 0% used [0x000000075d580000,0x000000075d580000,0x000000075e000000)
 ParOldGen       total 175104K, used 15869K [0x000000060c000000, 0x0000000616b00000, 0x0000000759500000)
  object space 175104K, 9% used [0x000000060c000000,0x000000060cf7f4b8,0x0000000616b00000)
 PSPermGen       total 44032K, used 43695K [0x0000000606e00000, 0x0000000609900000, 0x000000060c000000)
  object space 44032K, 99% used [0x0000000606e00000,0x00000006098abf10,0x0000000609900000)
}
Event: 9.664 GC heap before
{Heap before GC invocations=5 (full 0):
 PSYoungGen      total 76800K, used 76786K [0x0000000759500000, 0x000000075ea80000, 0x0000000800000000)
  eden space 66048K, 100% used [0x0000000759500000,0x000000075d580000,0x000000075d580000)
  from space 10752K, 99% used [0x000000075e000000,0x000000075ea7c908,0x000000075ea80000)
  to   space 10752K, 0% used [0x000000075d580000,0x000000075d580000,0x000000075e000000)
 ParOldGen       total 175104K, used 15869K [0x000000060c000000, 0x0000000616b00000, 0x0000000759500000)
  object space 175104K, 9% used [0x000000060c000000,0x000000060cf7f4b8,0x0000000616b00000)
 PSPermGen       total 47616K, used 47379K [0x0000000606e00000, 0x0000000609c80000, 0x000000060c000000)
  object space 47616K, 99% used [0x0000000606e00000,0x0000000609c44fa8,0x0000000609c80000)
Event: 9.675 GC heap after
Heap after GC invocations=5 (full 0):
 PSYoungGen      total 75264K, used 10745K [0x0000000759500000, 0x0000000760300000, 0x0000000800000000)
  eden space 64512K, 0% used [0x0000000759500000,0x0000000759500000,0x000000075d400000)
  from space 10752K, 99% used [0x000000075d580000,0x000000075dffe400,0x000000075e000000)
  to   space 24064K, 0% used [0x000000075eb80000,0x000000075eb80000,0x0000000760300000)
 ParOldGen       total 175104K, used 20696K [0x000000060c000000, 0x0000000616b00000, 0x0000000759500000)
  object space 175104K, 11% used [0x000000060c000000,0x000000060d436020,0x0000000616b00000)
 PSPermGen       total 47616K, used 47379K [0x0000000606e00000, 0x0000000609c80000, 0x000000060c000000)
  object space 47616K, 99% used [0x0000000606e00000,0x0000000609c44fa8,0x0000000609c80000)
}
Event: 13.669 GC heap before
{Heap before GC invocations=6 (full 0):
 PSYoungGen      total 75264K, used 75257K [0x0000000759500000, 0x0000000760300000, 0x0000000800000000)
  eden space 64512K, 100% used [0x0000000759500000,0x000000075d400000,0x000000075d400000)
  from space 10752K, 99% used [0x000000075d580000,0x000000075dffe400,0x000000075e000000)
  to   space 24064K, 0% used [0x000000075eb80000,0x000000075eb80000,0x0000000760300000)
 ParOldGen       total 175104K, used 20696K [0x000000060c000000, 0x0000000616b00000, 0x0000000759500000)
  object space 175104K, 11% used [0x000000060c000000,0x000000060d436020,0x0000000616b00000)
 PSPermGen       total 51712K, used 51495K [0x0000000606e00000, 0x000000060a080000, 0x000000060c000000)
  object space 51712K, 99% used [0x0000000606e00000,0x000000060a049fa8,0x000000060a080000)
Event: 13.677 GC heap after
Heap after GC invocations=6 (full 0):
 PSYoungGen      total 83456K, used 14350K [0x0000000759500000, 0x000000075ff80000, 0x0000000800000000)
  eden space 62976K, 0% used [0x0000000759500000,0x0000000759500000,0x000000075d280000)
  from space 20480K, 70% used [0x000000075eb80000,0x000000075f9839e8,0x000000075ff80000)
  to   space 23040K, 0% used [0x000000075d280000,0x000000075d280000,0x000000075e900000)
 ParOldGen       total 175104K, used 20696K [0x000000060c000000, 0x0000000616b00000, 0x0000000759500000)
  object space 175104K, 11% used [0x000000060c000000,0x000000060d436020,0x0000000616b00000)
 PSPermGen       total 51712K, used 51495K [0x0000000606e00000, 0x000000060a080000, 0x000000060c000000)
  object space 51712K, 99% used [0x0000000606e00000,0x000000060a049fa8,0x000000060a080000)
}
Event: 22.945 GC heap before
{Heap before GC invocations=7 (full 0):
 PSYoungGen      total 83456K, used 77326K [0x0000000759500000, 0x000000075ff80000, 0x0000000800000000)
  eden space 62976K, 100% used [0x0000000759500000,0x000000075d280000,0x000000075d280000)
  from space 20480K, 70% used [0x000000075eb80000,0x000000075f9839e8,0x000000075ff80000)
  to   space 23040K, 0% used [0x000000075d280000,0x000000075d280000,0x000000075e900000)
 ParOldGen       total 175104K, used 20696K [0x000000060c000000, 0x0000000616b00000, 0x0000000759500000)
  object space 175104K, 11% used [0x000000060c000000,0x000000060d436020,0x0000000616b00000)
 PSPermGen       total 52736K, used 52579K [0x0000000606e00000, 0x000000060a180000, 0x000000060c000000)
  object space 52736K, 99% used [0x0000000606e00000,0x000000060a158c08,0x000000060a180000)
Event: 22.954 GC heap after
Heap after GC invocations=7 (full 0):
 PSYoungGen      total 78848K, used 17110K [0x0000000759500000, 0x000000075ff00000, 0x0000000800000000)
  eden space 61440K, 0% used [0x0000000759500000,0x0000000759500000,0x000000075d100000)
  from space 17408K, 98% used [0x000000075d280000,0x000000075e335a18,0x000000075e380000)
  to   space 23552K, 0% used [0x000000075e800000,0x000000075e800000,0x000000075ff00000)
 ParOldGen       total 175104K, used 24411K [0x000000060c000000, 0x0000000616b00000, 0x0000000759500000)
  object space 175104K, 13% used [0x000000060c000000,0x000000060d7d6d98,0x0000000616b00000)
 PSPermGen       total 52736K, used 52579K [0x0000000606e00000, 0x000000060a180000, 0x000000060c000000)
  object space 52736K, 99% used [0x0000000606e00000,0x000000060a158c08,0x000000060a180000)
}
Event: 26.934 GC heap before
{Heap before GC invocations=8 (full 0):
 PSYoungGen      total 78848K, used 74937K [0x0000000759500000, 0x000000075ff00000, 0x0000000800000000)
  eden space 61440K, 94% used [0x0000000759500000,0x000000075cd78b28,0x000000075d100000)
  from space 17408K, 98% used [0x000000075d280000,0x000000075e335a18,0x000000075e380000)
  to   space 23552K, 0% used [0x000000075e800000,0x000000075e800000,0x000000075ff00000)
 ParOldGen       total 175104K, used 24411K [0x000000060c000000, 0x0000000616b00000, 0x0000000759500000)
  object space 175104K, 13% used [0x000000060c000000,0x000000060d7d6d98,0x0000000616b00000)
 PSPermGen       total 54272K, used 54054K [0x0000000606e00000, 0x000000060a300000, 0x000000060c000000)
  object space 54272K, 99% used [0x0000000606e00000,0x000000060a2c9ab8,0x000000060a300000)
Event: 26.943 GC heap after
Heap after GC invocations=8 (full 0):
 PSYoungGen      total 82944K, used 16832K [0x0000000759500000, 0x000000075fe00000, 0x0000000800000000)
  eden space 60416K, 0% used [0x0000000759500000,0x0000000759500000,0x000000075d000000)
  from space 22528K, 74% used [0x000000075e800000,0x000000075f870020,0x000000075fe00000)
  to   space 23552K, 0% used [0x000000075d000000,0x000000075d000000,0x000000075e700000)
 ParOldGen       total 175104K, used 28668K [0x000000060c000000, 0x0000000616b00000, 0x0000000759500000)
  object space 175104K, 16% used [0x000000060c000000,0x000000060dbff230,0x0000000616b00000)
 PSPermGen       total 54272K, used 54054K [0x0000000606e00000, 0x000000060a300000, 0x000000060c000000)
  object space 54272K, 99% used [0x0000000606e00000,0x000000060a2c9ab8,0x000000060a300000)
}

