# JRE version: Java(TM) SE Runtime Environment (7.0_45-b18) (build 1.7.0_45-b18)
# Java VM: Java HotSpot(TM) 64-Bit Server VM (24.45-b08 mixed mode linux-amd64 compressed oops)
Heap
 PSYoungGen      total 138752K, used 93897K [0x0000000759500000, 0x0000000764300000, 0x0000000800000000)
  eden space 128000K, 64% used [0x0000000759500000,0x000000075e633330,0x0000000761200000)
  from space 10752K, 99% used [0x0000000761600000,0x000000076207f2f8,0x0000000762080000)
  to   space 25088K, 0% used [0x0000000762a80000,0x0000000762a80000,0x0000000764300000)
 ParOldGen       total 175104K, used 22488K [0x000000060c000000, 0x0000000616b00000, 0x0000000759500000)
  object space 175104K, 12% used [0x000000060c000000,0x000000060d5f6120,0x0000000616b00000)
 PSPermGen       total 51200K, used 51050K [0x0000000606e00000, 0x000000060a000000, 0x000000060c000000)
  object space 51200K, 99% used [0x0000000606e00000,0x0000000609fda9b8,0x000000060a000000)
GC Heap History (10 events):
Event: 0.708 GC heap before
{Heap before GC invocations=1 (full 0):
 PSYoungGen      total 76800K, used 66048K [0x0000000759500000, 0x000000075ea80000, 0x0000000800000000)
  eden space 66048K, 100% used [0x0000000759500000,0x000000075d580000,0x000000075d580000)
  from space 10752K, 0% used [0x000000075e000000,0x000000075e000000,0x000000075ea80000)
  to   space 10752K, 0% used [0x000000075d580000,0x000000075d580000,0x000000075e000000)
 ParOldGen       total 175104K, used 0K [0x000000060c000000, 0x0000000616b00000, 0x0000000759500000)
  object space 175104K, 0% used [0x000000060c000000,0x000000060c000000,0x0000000616b00000)
 PSPermGen       total 21504K, used 14600K [0x0000000606e00000, 0x0000000608300000, 0x000000060c000000)
  object space 21504K, 67% used [0x0000000606e00000,0x0000000607c420d0,0x0000000608300000)
Event: 0.713 GC heap after
Heap after GC invocations=1 (full 0):
 PSYoungGen      total 76800K, used 5393K [0x0000000759500000, 0x000000075ea80000, 0x0000000800000000)
  eden space 66048K, 0% used [0x0000000759500000,0x0000000759500000,0x000000075d580000)
  from space 10752K, 50% used [0x000000075d580000,0x000000075dac4710,0x000000075e000000)
  to   space 10752K, 0% used [0x000000075e000000,0x000000075e000000,0x000000075ea80000)
 ParOldGen       total 175104K, used 72K [0x000000060c000000, 0x0000000616b00000, 0x0000000759500000)
  object space 175104K, 0% used [0x000000060c000000,0x000000060c012010,0x0000000616b00000)
 PSPermGen       total 21504K, used 14600K [0x0000000606e00000, 0x0000000608300000, 0x000000060c000000)
  object space 21504K, 67% used [0x0000000606e00000,0x0000000607c420d0,0x0000000608300000)
}
Event: 1.325 GC heap before
{Heap before GC invocations=2 (full 0):
 PSYoungGen      total 76800K, used 71441K [0x0000000759500000, 0x000000075ea80000, 0x0000000800000000)
  eden space 66048K, 100% used [0x0000000759500000,0x000000075d580000,0x000000075d580000)
  from space 10752K, 50% used [0x000000075d580000,0x000000075dac4710,0x000000075e000000)
  to   space 10752K, 0% used [0x000000075e000000,0x000000075e000000,0x000000075ea80000)
 ParOldGen       total 175104K, used 72K [0x000000060c000000, 0x0000000616b00000, 0x0000000759500000)
  object space 175104K, 0% used [0x000000060c000000,0x000000060c012010,0x0000000616b00000)
 PSPermGen       total 22016K, used 21799K [0x0000000606e00000, 0x0000000608380000, 0x000000060c000000)
  object space 22016K, 99% used [0x0000000606e00000,0x0000000608349ec0,0x0000000608380000)
Event: 1.336 GC heap after
Heap after GC invocations=2 (full 0):
 PSYoungGen      total 76800K, used 9556K [0x0000000759500000, 0x0000000762b00000, 0x0000000800000000)
  eden space 66048K, 0% used [0x0000000759500000,0x0000000759500000,0x000000075d580000)
  from space 10752K, 88% used [0x000000075e000000,0x000000075e955038,0x000000075ea80000)
  to   space 10752K, 0% used [0x000000075d580000,0x000000075d580000,0x000000075e000000)
 ParOldGen       total 175104K, used 80K [0x000000060c000000, 0x0000000616b00000, 0x0000000759500000)
  object space 175104K, 0% used [0x000000060c000000,0x000000060c014010,0x0000000616b00000)
 PSPermGen       total 22016K, used 21799K [0x0000000606e00000, 0x0000000608380000, 0x000000060c000000)
  object space 22016K, 99% used [0x0000000606e00000,0x0000000608349ec0,0x0000000608380000)
}
Event: 2.232 GC heap before
{Heap before GC invocations=3 (full 0):
 PSYoungGen      total 76800K, used 75604K [0x0000000759500000, 0x0000000762b00000, 0x0000000800000000)
  eden space 66048K, 100% used [0x0000000759500000,0x000000075d580000,0x000000075d580000)
  from space 10752K, 88% used [0x000000075e000000,0x000000075e955038,0x000000075ea80000)
  to   space 10752K, 0% used [0x000000075d580000,0x000000075d580000,0x000000075e000000)
 ParOldGen       total 175104K, used 80K [0x000000060c000000, 0x0000000616b00000, 0x0000000759500000)
  object space 175104K, 0% used [0x000000060c000000,0x000000060c014010,0x0000000616b00000)
 PSPermGen       total 35328K, used 35206K [0x0000000606e00000, 0x0000000609080000, 0x000000060c000000)
  object space 35328K, 99% used [0x0000000606e00000,0x0000000609061b50,0x0000000609080000)
Event: 2.243 GC heap after
Heap after GC invocations=3 (full 0):
 PSYoungGen      total 76800K, used 10743K [0x0000000759500000, 0x0000000762b00000, 0x0000000800000000)
  eden space 66048K, 0% used [0x0000000759500000,0x0000000759500000,0x000000075d580000)
  from space 10752K, 99% used [0x000000075d580000,0x000000075dffdcb8,0x000000075e000000)
  to   space 10752K, 0% used [0x0000000762080000,0x0000000762080000,0x0000000762b00000)
 ParOldGen       total 175104K, used 8256K [0x000000060c000000, 0x0000000616b00000, 0x0000000759500000)
  object space 175104K, 4% used [0x000000060c000000,0x000000060c810080,0x0000000616b00000)
 PSPermGen       total 35328K, used 35206K [0x0000000606e00000, 0x0000000609080000, 0x000000060c000000)
  object space 35328K, 99% used [0x0000000606e00000,0x0000000609061b50,0x0000000609080000)
}
Event: 4.349 GC heap before
{Heap before GC invocations=4 (full 0):
 PSYoungGen      total 76800K, used 76791K [0x0000000759500000, 0x0000000762b00000, 0x0000000800000000)
  eden space 66048K, 100% used [0x0000000759500000,0x000000075d580000,0x000000075d580000)
  from space 10752K, 99% used [0x000000075d580000,0x000000075dffdcb8,0x000000075e000000)
  to   space 10752K, 0% used [0x0000000762080000,0x0000000762080000,0x0000000762b00000)
 ParOldGen       total 175104K, used 8256K [0x000000060c000000, 0x0000000616b00000, 0x0000000759500000)
  object space 175104K, 4% used [0x000000060c000000,0x000000060c810080,0x0000000616b00000)
 PSPermGen       total 44032K, used 43700K [0x0000000606e00000, 0x0000000609900000, 0x000000060c000000)
  object space 44032K, 99% used [0x0000000606e00000,0x00000006098ad010,0x0000000609900000)
Event: 4.361 GC heap after
Heap after GC invocations=4 (full 0):
 PSYoungGen      total 142848K, used 10732K [0x0000000759500000, 0x0000000762b00000, 0x0000000800000000)
  eden space 132096K, 0% used [0x0000000759500000,0x0000000759500000,0x0000000761600000)
  from space 10752K, 99% used [0x0000000762080000,0x0000000762afb050,0x0000000762b00000)
  to   space 10752K, 0% used [0x0000000761600000,0x0000000761600000,0x0000000762080000)
 ParOldGen       total 175104K, used 15827K [0x000000060c000000, 0x0000000616b00000, 0x0000000759500000)
  object space 175104K, 9% used [0x000000060c000000,0x000000060cf74c80,0x0000000616b00000)
 PSPermGen       total 44032K, used 43700K [0x0000000606e00000, 0x0000000609900000, 0x000000060c000000)
  object space 44032K, 99% used [0x0000000606e00000,0x00000006098ad010,0x0000000609900000)
}
Event: 19.050 GC heap before
{Heap before GC invocations=5 (full 0):
 PSYoungGen      total 142848K, used 142828K [0x0000000759500000, 0x0000000762b00000, 0x0000000800000000)
  eden space 132096K, 100% used [0x0000000759500000,0x0000000761600000,0x0000000761600000)
  from space 10752K, 99% used [0x0000000762080000,0x0000000762afb050,0x0000000762b00000)
  to   space 10752K, 0% used [0x0000000761600000,0x0000000761600000,0x0000000762080000)
 ParOldGen       total 175104K, used 15827K [0x000000060c000000, 0x0000000616b00000, 0x0000000759500000)
  object space 175104K, 9% used [0x000000060c000000,0x000000060cf74c80,0x0000000616b00000)
 PSPermGen       total 50688K, used 50430K [0x0000000606e00000, 0x0000000609f80000, 0x000000060c000000)
  object space 50688K, 99% used [0x0000000606e00000,0x0000000609f3f9a8,0x0000000609f80000)
Event: 19.061 GC heap after
Heap after GC invocations=5 (full 0):
 PSYoungGen      total 138752K, used 10748K [0x0000000759500000, 0x0000000764300000, 0x0000000800000000)
  eden space 128000K, 0% used [0x0000000759500000,0x0000000759500000,0x0000000761200000)
  from space 10752K, 99% used [0x0000000761600000,0x000000076207f2f8,0x0000000762080000)
  to   space 25088K, 0% used [0x0000000762a80000,0x0000000762a80000,0x0000000764300000)
 ParOldGen       total 175104K, used 22488K [0x000000060c000000, 0x0000000616b00000, 0x0000000759500000)
  object space 175104K, 12% used [0x000000060c000000,0x000000060d5f6120,0x0000000616b00000)
 PSPermGen       total 50688K, used 50430K [0x0000000606e00000, 0x0000000609f80000, 0x000000060c000000)
  object space 50688K, 99% used [0x0000000606e00000,0x0000000609f3f9a8,0x0000000609f80000)
}

