# JRE version: Java(TM) SE Runtime Environment (7.0_45-b18) (build 1.7.0_45-b18)
# Java VM: Java HotSpot(TM) 64-Bit Server VM (24.45-b08 mixed mode linux-amd64 compressed oops)
Heap
 PSYoungGen      total 78848K, used 48031K [0x0000000759500000, 0x0000000760a00000, 0x0000000800000000)
  eden space 61440K, 50% used [0x0000000759500000,0x000000075b30ece8,0x000000075d100000)
  from space 17408K, 99% used [0x000000075ea80000,0x000000075fb58f38,0x000000075fb80000)
  to   space 14848K, 0% used [0x000000075fb80000,0x000000075fb80000,0x0000000760a00000)
 ParOldGen       total 175104K, used 24002K [0x000000060c000000, 0x0000000616b00000, 0x0000000759500000)
  object space 175104K, 13% used [0x000000060c000000,0x000000060d770980,0x0000000616b00000)
 PSPermGen       total 51200K, used 51025K [0x0000000606e00000, 0x000000060a000000, 0x000000060c000000)
  object space 51200K, 99% used [0x0000000606e00000,0x0000000609fd4540,0x000000060a000000)
GC Heap History (10 events):
Event: 2.417 GC heap before
{Heap before GC invocations=3 (full 0):
 PSYoungGen      total 76800K, used 75604K [0x0000000759500000, 0x0000000762b00000, 0x0000000800000000)
  eden space 66048K, 100% used [0x0000000759500000,0x000000075d580000,0x000000075d580000)
  from space 10752K, 88% used [0x000000075e000000,0x000000075e9552a0,0x000000075ea80000)
  to   space 10752K, 0% used [0x000000075d580000,0x000000075d580000,0x000000075e000000)
 ParOldGen       total 175104K, used 80K [0x000000060c000000, 0x0000000616b00000, 0x0000000759500000)
  object space 175104K, 0% used [0x000000060c000000,0x000000060c014010,0x0000000616b00000)
 PSPermGen       total 35840K, used 35467K [0x0000000606e00000, 0x0000000609100000, 0x000000060c000000)
  object space 35840K, 98% used [0x0000000606e00000,0x00000006090a2ec0,0x0000000609100000)
Event: 2.429 GC heap after
Heap after GC invocations=3 (full 0):
 PSYoungGen      total 76800K, used 10746K [0x0000000759500000, 0x0000000762b00000, 0x0000000800000000)
  eden space 66048K, 0% used [0x0000000759500000,0x0000000759500000,0x000000075d580000)
  from space 10752K, 99% used [0x000000075d580000,0x000000075dffe930,0x000000075e000000)
  to   space 10752K, 0% used [0x0000000762080000,0x0000000762080000,0x0000000762b00000)
 ParOldGen       total 175104K, used 8914K [0x000000060c000000, 0x0000000616b00000, 0x0000000759500000)
  object space 175104K, 5% used [0x000000060c000000,0x000000060c8b4ae0,0x0000000616b00000)
 PSPermGen       total 35840K, used 35467K [0x0000000606e00000, 0x0000000609100000, 0x000000060c000000)
  object space 35840K, 98% used [0x0000000606e00000,0x00000006090a2ec0,0x0000000609100000)
}
Event: 4.366 GC heap before
{Heap before GC invocations=4 (full 0):
 PSYoungGen      total 76800K, used 76794K [0x0000000759500000, 0x0000000762b00000, 0x0000000800000000)
  eden space 66048K, 100% used [0x0000000759500000,0x000000075d580000,0x000000075d580000)
  from space 10752K, 99% used [0x000000075d580000,0x000000075dffe930,0x000000075e000000)
  to   space 10752K, 0% used [0x0000000762080000,0x0000000762080000,0x0000000762b00000)
 ParOldGen       total 175104K, used 8914K [0x000000060c000000, 0x0000000616b00000, 0x0000000759500000)
  object space 175104K, 5% used [0x000000060c000000,0x000000060c8b4ae0,0x0000000616b00000)
 PSPermGen       total 44032K, used 43700K [0x0000000606e00000, 0x0000000609900000, 0x000000060c000000)
  object space 44032K, 99% used [0x0000000606e00000,0x00000006098ad028,0x0000000609900000)
Event: 4.375 GC heap after
Heap after GC invocations=4 (full 0):
 PSYoungGen      total 76800K, used 10737K [0x0000000759500000, 0x0000000762b00000, 0x0000000800000000)
  eden space 66048K, 0% used [0x0000000759500000,0x0000000759500000,0x000000075d580000)
  from space 10752K, 99% used [0x0000000762080000,0x0000000762afc4a8,0x0000000762b00000)
  to   space 10752K, 0% used [0x000000075d580000,0x000000075d580000,0x000000075e000000)
 ParOldGen       total 175104K, used 16037K [0x000000060c000000, 0x0000000616b00000, 0x0000000759500000)
  object space 175104K, 9% used [0x000000060c000000,0x000000060cfa9440,0x0000000616b00000)
 PSPermGen       total 44032K, used 43700K [0x0000000606e00000, 0x0000000609900000, 0x000000060c000000)
  object space 44032K, 99% used [0x0000000606e00000,0x00000006098ad028,0x0000000609900000)
}
Event: 7.328 GC heap before
{Heap before GC invocations=5 (full 0):
 PSYoungGen      total 76800K, used 74833K [0x0000000759500000, 0x0000000762b00000, 0x0000000800000000)
  eden space 66048K, 97% used [0x0000000759500000,0x000000075d3982d8,0x000000075d580000)
  from space 10752K, 99% used [0x0000000762080000,0x0000000762afc4a8,0x0000000762b00000)
  to   space 10752K, 0% used [0x000000075d580000,0x000000075d580000,0x000000075e000000)
 ParOldGen       total 175104K, used 16037K [0x000000060c000000, 0x0000000616b00000, 0x0000000759500000)
  object space 175104K, 9% used [0x000000060c000000,0x000000060cfa9440,0x0000000616b00000)
 PSPermGen       total 49664K, used 49250K [0x0000000606e00000, 0x0000000609e80000, 0x000000060c000000)
  object space 49664K, 99% used [0x0000000606e00000,0x0000000609e18be0,0x0000000609e80000)
Event: 7.338 GC heap after
Heap after GC invocations=5 (full 0):
 PSYoungGen      total 75264K, used 10745K [0x0000000759500000, 0x0000000762100000, 0x0000000800000000)
  eden space 64512K, 0% used [0x0000000759500000,0x0000000759500000,0x000000075d400000)
  from space 10752K, 99% used [0x000000075d580000,0x000000075dffe780,0x000000075e000000)
  to   space 24064K, 0% used [0x0000000760980000,0x0000000760980000,0x0000000762100000)
 ParOldGen       total 175104K, used 20970K [0x000000060c000000, 0x0000000616b00000, 0x0000000759500000)
  object space 175104K, 11% used [0x000000060c000000,0x000000060d47ab90,0x0000000616b00000)
 PSPermGen       total 49664K, used 49250K [0x0000000606e00000, 0x0000000609e80000, 0x000000060c000000)
  object space 49664K, 99% used [0x0000000606e00000,0x0000000609e18be0,0x0000000609e80000)
}
Event: 19.103 GC heap before
{Heap before GC invocations=6 (full 0):
 PSYoungGen      total 75264K, used 75257K [0x0000000759500000, 0x0000000762100000, 0x0000000800000000)
  eden space 64512K, 100% used [0x0000000759500000,0x000000075d400000,0x000000075d400000)
  from space 10752K, 99% used [0x000000075d580000,0x000000075dffe780,0x000000075e000000)
  to   space 24064K, 0% used [0x0000000760980000,0x0000000760980000,0x0000000762100000)
 ParOldGen       total 175104K, used 20970K [0x000000060c000000, 0x0000000616b00000, 0x0000000759500000)
  object space 175104K, 11% used [0x000000060c000000,0x000000060d47ab90,0x0000000616b00000)
 PSPermGen       total 50688K, used 50565K [0x0000000606e00000, 0x0000000609f80000, 0x000000060c000000)
  object space 50688K, 99% used [0x0000000606e00000,0x0000000609f61698,0x0000000609f80000)
Event: 19.112 GC heap after
Heap after GC invocations=6 (full 0):
 PSYoungGen      total 76288K, used 12928K [0x0000000759500000, 0x0000000761680000, 0x0000000800000000)
  eden space 62976K, 0% used [0x0000000759500000,0x0000000759500000,0x000000075d280000)
  from space 13312K, 97% used [0x0000000760980000,0x0000000761620220,0x0000000761680000)
  to   space 22528K, 0% used [0x000000075ea80000,0x000000075ea80000,0x0000000760080000)
 ParOldGen       total 175104K, used 20978K [0x000000060c000000, 0x0000000616b00000, 0x0000000759500000)
  object space 175104K, 11% used [0x000000060c000000,0x000000060d47cb90,0x0000000616b00000)
 PSPermGen       total 50688K, used 50565K [0x0000000606e00000, 0x0000000609f80000, 0x000000060c000000)
  object space 50688K, 99% used [0x0000000606e00000,0x0000000609f61698,0x0000000609f80000)
}
Event: 56.565 GC heap before
{Heap before GC invocations=7 (full 0):
 PSYoungGen      total 76288K, used 75904K [0x0000000759500000, 0x0000000761680000, 0x0000000800000000)
  eden space 62976K, 100% used [0x0000000759500000,0x000000075d280000,0x000000075d280000)
  from space 13312K, 97% used [0x0000000760980000,0x0000000761620220,0x0000000761680000)
  to   space 22528K, 0% used [0x000000075ea80000,0x000000075ea80000,0x0000000760080000)
 ParOldGen       total 175104K, used 20978K [0x000000060c000000, 0x0000000616b00000, 0x0000000759500000)
  object space 175104K, 11% used [0x000000060c000000,0x000000060d47cb90,0x0000000616b00000)
 PSPermGen       total 50688K, used 50596K [0x0000000606e00000, 0x0000000609f80000, 0x000000060c000000)
  object space 50688K, 99% used [0x0000000606e00000,0x0000000609f691f0,0x0000000609f80000)
Event: 56.578 GC heap after
Heap after GC invocations=7 (full 0):
 PSYoungGen      total 78848K, used 17251K [0x0000000759500000, 0x0000000760a00000, 0x0000000800000000)
  eden space 61440K, 0% used [0x0000000759500000,0x0000000759500000,0x000000075d100000)
  from space 17408K, 99% used [0x000000075ea80000,0x000000075fb58f38,0x000000075fb80000)
  to   space 14848K, 0% used [0x000000075fb80000,0x000000075fb80000,0x0000000760a00000)
 ParOldGen       total 175104K, used 24002K [0x000000060c000000, 0x0000000616b00000, 0x0000000759500000)
  object space 175104K, 13% used [0x000000060c000000,0x000000060d770980,0x0000000616b00000)
 PSPermGen       total 50688K, used 50596K [0x0000000606e00000, 0x0000000609f80000, 0x000000060c000000)
  object space 50688K, 99% used [0x0000000606e00000,0x0000000609f691f0,0x0000000609f80000)
}

