# JRE version: Java(TM) SE Runtime Environment (7.0_45-b18) (build 1.7.0_45-b18)
# Java VM: Java HotSpot(TM) 64-Bit Server VM (24.45-b08 mixed mode linux-amd64 compressed oops)
Heap
 PSYoungGen      total 315904K, used 221636K [0x0000000759500000, 0x000000076fd00000, 0x0000000800000000)
  eden space 264192K, 72% used [0x0000000759500000,0x0000000764f40b38,0x0000000769700000)
  from space 51712K, 59% used [0x000000076ca80000,0x000000076e8b06b8,0x000000076fd00000)
  to   space 52224K, 0% used [0x0000000769700000,0x0000000769700000,0x000000076ca00000)
 ParOldGen       total 175104K, used 66698K [0x000000060c000000, 0x0000000616b00000, 0x0000000759500000)
  object space 175104K, 38% used [0x000000060c000000,0x0000000610122868,0x0000000616b00000)
 PSPermGen       total 52736K, used 52324K [0x0000000606e00000, 0x000000060a180000, 0x000000060c000000)
  object space 52736K, 99% used [0x0000000606e00000,0x000000060a119248,0x000000060a180000)
GC Heap History (10 events):
Event: 6.279 GC heap before
{Heap before GC invocations=4 (full 0):
 PSYoungGen      total 76800K, used 76654K [0x0000000759500000, 0x000000075ea80000, 0x0000000800000000)
  eden space 66048K, 99% used [0x0000000759500000,0x000000075d562fb8,0x000000075d580000)
  from space 10752K, 99% used [0x000000075d580000,0x000000075dff8aa8,0x000000075e000000)
  to   space 10752K, 0% used [0x000000075e000000,0x000000075e000000,0x000000075ea80000)
 ParOldGen       total 175104K, used 5644K [0x000000060c000000, 0x0000000616b00000, 0x0000000759500000)
  object space 175104K, 3% used [0x000000060c000000,0x000000060c583220,0x0000000616b00000)
 PSPermGen       total 36864K, used 36426K [0x0000000606e00000, 0x0000000609200000, 0x000000060c000000)
  object space 36864K, 98% used [0x0000000606e00000,0x0000000609192bf8,0x0000000609200000)
Event: 6.295 GC heap after
Heap after GC invocations=4 (full 0):
 PSYoungGen      total 76800K, used 10720K [0x0000000759500000, 0x000000075ea80000, 0x0000000800000000)
  eden space 66048K, 0% used [0x0000000759500000,0x0000000759500000,0x000000075d580000)
  from space 10752K, 99% used [0x000000075e000000,0x000000075ea78210,0x000000075ea80000)
  to   space 10752K, 0% used [0x000000075d580000,0x000000075d580000,0x000000075e000000)
 ParOldGen       total 175104K, used 22097K [0x000000060c000000, 0x0000000616b00000, 0x0000000759500000)
  object space 175104K, 12% used [0x000000060c000000,0x000000060d594630,0x0000000616b00000)
 PSPermGen       total 36864K, used 36426K [0x0000000606e00000, 0x0000000609200000, 0x000000060c000000)
  object space 36864K, 98% used [0x0000000606e00000,0x0000000609192bf8,0x0000000609200000)
}
Event: 6.648 GC heap before
{Heap before GC invocations=5 (full 0):
 PSYoungGen      total 76800K, used 76768K [0x0000000759500000, 0x000000075ea80000, 0x0000000800000000)
  eden space 66048K, 100% used [0x0000000759500000,0x000000075d580000,0x000000075d580000)
  from space 10752K, 99% used [0x000000075e000000,0x000000075ea78210,0x000000075ea80000)
  to   space 10752K, 0% used [0x000000075d580000,0x000000075d580000,0x000000075e000000)
 ParOldGen       total 175104K, used 22097K [0x000000060c000000, 0x0000000616b00000, 0x0000000759500000)
  object space 175104K, 12% used [0x000000060c000000,0x000000060d594630,0x0000000616b00000)
 PSPermGen       total 36864K, used 36545K [0x0000000606e00000, 0x0000000609200000, 0x000000060c000000)
  object space 36864K, 99% used [0x0000000606e00000,0x00000006091b0590,0x0000000609200000)
Event: 6.662 GC heap after
Heap after GC invocations=5 (full 0):
 PSYoungGen      total 76800K, used 10725K [0x0000000759500000, 0x0000000765700000, 0x0000000800000000)
  eden space 66048K, 0% used [0x0000000759500000,0x0000000759500000,0x000000075d580000)
  from space 10752K, 99% used [0x000000075d580000,0x000000075dff94c0,0x000000075e000000)
  to   space 33280K, 0% used [0x0000000763680000,0x0000000763680000,0x0000000765700000)
 ParOldGen       total 175104K, used 34739K [0x000000060c000000, 0x0000000616b00000, 0x0000000759500000)
  object space 175104K, 19% used [0x000000060c000000,0x000000060e1ecdc8,0x0000000616b00000)
 PSPermGen       total 36864K, used 36545K [0x0000000606e00000, 0x0000000609200000, 0x000000060c000000)
  object space 36864K, 99% used [0x0000000606e00000,0x00000006091b0590,0x0000000609200000)
}
Event: 7.142 GC heap before
{Heap before GC invocations=6 (full 0):
 PSYoungGen      total 76800K, used 76773K [0x0000000759500000, 0x0000000765700000, 0x0000000800000000)
  eden space 66048K, 100% used [0x0000000759500000,0x000000075d580000,0x000000075d580000)
  from space 10752K, 99% used [0x000000075d580000,0x000000075dff94c0,0x000000075e000000)
  to   space 33280K, 0% used [0x0000000763680000,0x0000000763680000,0x0000000765700000)
 ParOldGen       total 175104K, used 34739K [0x000000060c000000, 0x0000000616b00000, 0x0000000759500000)
  object space 175104K, 19% used [0x000000060c000000,0x000000060e1ecdc8,0x0000000616b00000)
 PSPermGen       total 40960K, used 40871K [0x0000000606e00000, 0x0000000609600000, 0x000000060c000000)
  object space 40960K, 99% used [0x0000000606e00000,0x00000006095e9ca8,0x0000000609600000)
Event: 7.159 GC heap after
Heap after GC invocations=6 (full 0):
 PSYoungGen      total 165376K, used 21038K [0x0000000759500000, 0x0000000765700000, 0x0000000800000000)
  eden space 132096K, 0% used [0x0000000759500000,0x0000000759500000,0x0000000761600000)
  from space 33280K, 63% used [0x0000000763680000,0x0000000764b0b8c8,0x0000000765700000)
  to   space 33280K, 0% used [0x0000000761600000,0x0000000761600000,0x0000000763680000)
 ParOldGen       total 175104K, used 34739K [0x000000060c000000, 0x0000000616b00000, 0x0000000759500000)
  object space 175104K, 19% used [0x000000060c000000,0x000000060e1ecdc8,0x0000000616b00000)
 PSPermGen       total 40960K, used 40871K [0x0000000606e00000, 0x0000000609600000, 0x000000060c000000)
  object space 40960K, 99% used [0x0000000606e00000,0x00000006095e9ca8,0x0000000609600000)
}
Event: 10.355 GC heap before
{Heap before GC invocations=7 (full 0):
 PSYoungGen      total 165376K, used 147675K [0x0000000759500000, 0x0000000765700000, 0x0000000800000000)
  eden space 132096K, 95% used [0x0000000759500000,0x00000007610ab5f0,0x0000000761600000)
  from space 33280K, 63% used [0x0000000763680000,0x0000000764b0b8c8,0x0000000765700000)
  to   space 33280K, 0% used [0x0000000761600000,0x0000000761600000,0x0000000763680000)
 ParOldGen       total 175104K, used 34739K [0x000000060c000000, 0x0000000616b00000, 0x0000000759500000)
  object space 175104K, 19% used [0x000000060c000000,0x000000060e1ecdc8,0x0000000616b00000)
 PSPermGen       total 49152K, used 48678K [0x0000000606e00000, 0x0000000609e00000, 0x000000060c000000)
  object space 49152K, 99% used [0x0000000606e00000,0x0000000609d89b28,0x0000000609e00000)
Event: 10.376 GC heap after
Heap after GC invocations=7 (full 0):
 PSYoungGen      total 165376K, used 33256K [0x0000000759500000, 0x000000076fe00000, 0x0000000800000000)
  eden space 132096K, 0% used [0x0000000759500000,0x0000000759500000,0x0000000761600000)
  from space 33280K, 99% used [0x0000000761600000,0x000000076367a350,0x0000000763680000)
  to   space 52736K, 0% used [0x000000076ca80000,0x000000076ca80000,0x000000076fe00000)
 ParOldGen       total 175104K, used 61689K [0x000000060c000000, 0x0000000616b00000, 0x0000000759500000)
  object space 175104K, 35% used [0x000000060c000000,0x000000060fc3e430,0x0000000616b00000)
 PSPermGen       total 49152K, used 48678K [0x0000000606e00000, 0x0000000609e00000, 0x000000060c000000)
  object space 49152K, 99% used [0x0000000606e00000,0x0000000609d89b28,0x0000000609e00000)
}
Event: 18.513 GC heap before
{Heap before GC invocations=8 (full 0):
 PSYoungGen      total 165376K, used 165352K [0x0000000759500000, 0x000000076fe00000, 0x0000000800000000)
  eden space 132096K, 100% used [0x0000000759500000,0x0000000761600000,0x0000000761600000)
  from space 33280K, 99% used [0x0000000761600000,0x000000076367a350,0x0000000763680000)
  to   space 52736K, 0% used [0x000000076ca80000,0x000000076ca80000,0x000000076fe00000)
 ParOldGen       total 175104K, used 61689K [0x000000060c000000, 0x0000000616b00000, 0x0000000759500000)
  object space 175104K, 35% used [0x000000060c000000,0x000000060fc3e430,0x0000000616b00000)
 PSPermGen       total 50176K, used 49811K [0x0000000606e00000, 0x0000000609f00000, 0x000000060c000000)
  object space 50176K, 99% used [0x0000000606e00000,0x0000000609ea4ed8,0x0000000609f00000)
Event: 18.528 GC heap after
Heap after GC invocations=8 (full 0):
 PSYoungGen      total 315904K, used 30913K [0x0000000759500000, 0x000000076fd00000, 0x0000000800000000)
  eden space 264192K, 0% used [0x0000000759500000,0x0000000759500000,0x0000000769700000)
  from space 51712K, 59% used [0x000000076ca80000,0x000000076e8b06b8,0x000000076fd00000)
  to   space 52224K, 0% used [0x0000000769700000,0x0000000769700000,0x000000076ca00000)
 ParOldGen       total 175104K, used 66698K [0x000000060c000000, 0x0000000616b00000, 0x0000000759500000)
  object space 175104K, 38% used [0x000000060c000000,0x0000000610122868,0x0000000616b00000)
 PSPermGen       total 50176K, used 49811K [0x0000000606e00000, 0x0000000609f00000, 0x000000060c000000)
  object space 50176K, 99% used [0x0000000606e00000,0x0000000609ea4ed8,0x0000000609f00000)
}

