# JRE version: Java(TM) SE Runtime Environment (7.0_45-b18) (build 1.7.0_45-b18)
# Java VM: Java HotSpot(TM) 64-Bit Server VM (24.45-b08 mixed mode linux-amd64 compressed oops)
Heap
 PSYoungGen      total 249856K, used 68683K [0x0000000797d00000, 0x00000007aec00000, 0x0000000800000000)
  eden space 209920K, 31% used [0x0000000797d00000,0x000000079be22ec0,0x00000007a4a00000)
  from space 39936K, 4% used [0x00000007a9e00000,0x00000007a9ff0020,0x00000007ac500000)
  to   space 38400K, 0% used [0x00000007ac680000,0x00000007ac680000,0x00000007aec00000)
 ParOldGen       total 208896K, used 133523K [0x00000006c7800000, 0x00000006d4400000, 0x0000000797d00000)
  object space 208896K, 63% used [0x00000006c7800000,0x00000006cfa64f68,0x00000006d4400000)
 PSPermGen       total 83968K, used 57375K [0x00000006c2600000, 0x00000006c7800000, 0x00000006c7800000)
  object space 83968K, 68% used [0x00000006c2600000,0x00000006c5e07e00,0x00000006c7800000)
GC Heap History (10 events):
Event: 36940.789 GC heap before
{Heap before GC invocations=20 (full 1):
 PSYoungGen      total 255488K, used 255008K [0x0000000797d00000, 0x00000007b3b00000, 0x0000000800000000)
  eden space 254464K, 100% used [0x0000000797d00000,0x00000007a7580000,0x00000007a7580000)
  from space 1024K, 53% used [0x00000007b3a00000,0x00000007b3a88000,0x00000007b3b00000)
  to   space 43520K, 0% used [0x00000007ae600000,0x00000007ae600000,0x00000007b1080000)
 ParOldGen       total 208896K, used 114193K [0x00000006c7800000, 0x00000006d4400000, 0x0000000797d00000)
  object space 208896K, 54% used [0x00000006c7800000,0x00000006ce784498,0x00000006d4400000)
 PSPermGen       total 83968K, used 57197K [0x00000006c2600000, 0x00000006c7800000, 0x00000006c7800000)
  object space 83968K, 68% used [0x00000006c2600000,0x00000006c5ddb5b0,0x00000006c7800000)
Event: 36940.799 GC heap after
Heap after GC invocations=20 (full 1):
 PSYoungGen      total 288256K, used 16656K [0x0000000797d00000, 0x00000007b3a80000, 0x0000000800000000)
  eden space 244736K, 0% used [0x0000000797d00000,0x0000000797d00000,0x00000007a6c00000)
  from space 43520K, 38% used [0x00000007ae600000,0x00000007af644240,0x00000007b1080000)
  to   space 40960K, 0% used [0x00000007b1280000,0x00000007b1280000,0x00000007b3a80000)
 ParOldGen       total 208896K, used 114535K [0x00000006c7800000, 0x00000006d4400000, 0x0000000797d00000)
  object space 208896K, 54% used [0x00000006c7800000,0x00000006ce7d9ca8,0x00000006d4400000)
 PSPermGen       total 83968K, used 57197K [0x00000006c2600000, 0x00000006c7800000, 0x00000006c7800000)
  object space 83968K, 68% used [0x00000006c2600000,0x00000006c5ddb5b0,0x00000006c7800000)
}
Event: 36970.611 GC heap before
{Heap before GC invocations=21 (full 1):
 PSYoungGen      total 288256K, used 261392K [0x0000000797d00000, 0x00000007b3a80000, 0x0000000800000000)
  eden space 244736K, 100% used [0x0000000797d00000,0x00000007a6c00000,0x00000007a6c00000)
  from space 43520K, 38% used [0x00000007ae600000,0x00000007af644240,0x00000007b1080000)
  to   space 40960K, 0% used [0x00000007b1280000,0x00000007b1280000,0x00000007b3a80000)
 ParOldGen       total 208896K, used 114535K [0x00000006c7800000, 0x00000006d4400000, 0x0000000797d00000)
  object space 208896K, 54% used [0x00000006c7800000,0x00000006ce7d9ca8,0x00000006d4400000)
 PSPermGen       total 83968K, used 57281K [0x00000006c2600000, 0x00000006c7800000, 0x00000006c7800000)
  object space 83968K, 68% used [0x00000006c2600000,0x00000006c5df0710,0x00000006c7800000)
Event: 36970.620 GC heap after
Heap after GC invocations=21 (full 1):
 PSYoungGen      total 238080K, used 2445K [0x0000000797d00000, 0x00000007b1500000, 0x0000000800000000)
  eden space 235520K, 0% used [0x0000000797d00000,0x0000000797d00000,0x00000007a6300000)
  from space 2560K, 95% used [0x00000007b1280000,0x00000007b14e3790,0x00000007b1500000)
  to   space 40960K, 0% used [0x00000007ac500000,0x00000007ac500000,0x00000007aed00000)
 ParOldGen       total 208896K, used 128561K [0x00000006c7800000, 0x00000006d4400000, 0x0000000797d00000)
  object space 208896K, 61% used [0x00000006c7800000,0x00000006cf58c7a0,0x00000006d4400000)
 PSPermGen       total 83968K, used 57281K [0x00000006c2600000, 0x00000006c7800000, 0x00000006c7800000)
  object space 83968K, 68% used [0x00000006c2600000,0x00000006c5df0710,0x00000006c7800000)
}
Event: 36980.925 GC heap before
{Heap before GC invocations=22 (full 1):
 PSYoungGen      total 238080K, used 237965K [0x0000000797d00000, 0x00000007b1500000, 0x0000000800000000)
  eden space 235520K, 100% used [0x0000000797d00000,0x00000007a6300000,0x00000007a6300000)
  from space 2560K, 95% used [0x00000007b1280000,0x00000007b14e3790,0x00000007b1500000)
  to   space 40960K, 0% used [0x00000007ac500000,0x00000007ac500000,0x00000007aed00000)
 ParOldGen       total 208896K, used 128561K [0x00000006c7800000, 0x00000006d4400000, 0x0000000797d00000)
  object space 208896K, 61% used [0x00000006c7800000,0x00000006cf58c7a0,0x00000006d4400000)
 PSPermGen       total 83968K, used 57295K [0x00000006c2600000, 0x00000006c7800000, 0x00000006c7800000)
  object space 83968K, 68% used [0x00000006c2600000,0x00000006c5df3c28,0x00000006c7800000)
Event: 36980.928 GC heap after
Heap after GC invocations=22 (full 1):
 PSYoungGen      total 228352K, used 1417K [0x0000000797d00000, 0x00000007b1300000, 0x0000000800000000)
  eden space 226816K, 0% used [0x0000000797d00000,0x0000000797d00000,0x00000007a5a80000)
  from space 1536K, 92% used [0x00000007ac500000,0x00000007ac662610,0x00000007ac680000)
  to   space 40448K, 0% used [0x00000007aeb80000,0x00000007aeb80000,0x00000007b1300000)
 ParOldGen       total 208896K, used 129523K [0x00000006c7800000, 0x00000006d4400000, 0x0000000797d00000)
  object space 208896K, 62% used [0x00000006c7800000,0x00000006cf67ce08,0x00000006d4400000)
 PSPermGen       total 83968K, used 57295K [0x00000006c2600000, 0x00000006c7800000, 0x00000006c7800000)
  object space 83968K, 68% used [0x00000006c2600000,0x00000006c5df3c28,0x00000006c7800000)
}
Event: 37014.733 GC heap before
{Heap before GC invocations=23 (full 1):
 PSYoungGen      total 228352K, used 228233K [0x0000000797d00000, 0x00000007b1300000, 0x0000000800000000)
  eden space 226816K, 100% used [0x0000000797d00000,0x00000007a5a80000,0x00000007a5a80000)
  from space 1536K, 92% used [0x00000007ac500000,0x00000007ac662610,0x00000007ac680000)
  to   space 40448K, 0% used [0x00000007aeb80000,0x00000007aeb80000,0x00000007b1300000)
 ParOldGen       total 208896K, used 129523K [0x00000006c7800000, 0x00000006d4400000, 0x0000000797d00000)
  object space 208896K, 62% used [0x00000006c7800000,0x00000006cf67ce08,0x00000006d4400000)
 PSPermGen       total 83968K, used 57295K [0x00000006c2600000, 0x00000006c7800000, 0x00000006c7800000)
  object space 83968K, 68% used [0x00000006c2600000,0x00000006c5df3c28,0x00000006c7800000)
Event: 37014.736 GC heap after
Heap after GC invocations=23 (full 1):
 PSYoungGen      total 218624K, used 192K [0x0000000797d00000, 0x00000007aec00000, 0x0000000800000000)
  eden space 218112K, 0% used [0x0000000797d00000,0x0000000797d00000,0x00000007a5200000)
  from space 512K, 37% used [0x00000007aeb80000,0x00000007aebb0000,0x00000007aec00000)
  to   space 39936K, 0% used [0x00000007a9e00000,0x00000007a9e00000,0x00000007ac500000)
 ParOldGen       total 208896K, used 133523K [0x00000006c7800000, 0x00000006d4400000, 0x0000000797d00000)
  object space 208896K, 63% used [0x00000006c7800000,0x00000006cfa64f68,0x00000006d4400000)
 PSPermGen       total 83968K, used 57295K [0x00000006c2600000, 0x00000006c7800000, 0x00000006c7800000)
  object space 83968K, 68% used [0x00000006c2600000,0x00000006c5df3c28,0x00000006c7800000)
}
Event: 37068.295 GC heap before
{Heap before GC invocations=24 (full 1):
 PSYoungGen      total 218624K, used 218304K [0x0000000797d00000, 0x00000007aec00000, 0x0000000800000000)
  eden space 218112K, 100% used [0x0000000797d00000,0x00000007a5200000,0x00000007a5200000)
  from space 512K, 37% used [0x00000007aeb80000,0x00000007aebb0000,0x00000007aec00000)
  to   space 39936K, 0% used [0x00000007a9e00000,0x00000007a9e00000,0x00000007ac500000)
 ParOldGen       total 208896K, used 133523K [0x00000006c7800000, 0x00000006d4400000, 0x0000000797d00000)
  object space 208896K, 63% used [0x00000006c7800000,0x00000006cfa64f68,0x00000006d4400000)
 PSPermGen       total 83968K, used 57303K [0x00000006c2600000, 0x00000006c7800000, 0x00000006c7800000)
  object space 83968K, 68% used [0x00000006c2600000,0x00000006c5df5f18,0x00000006c7800000)
Event: 37068.298 GC heap after
Heap after GC invocations=24 (full 1):
 PSYoungGen      total 249856K, used 1984K [0x0000000797d00000, 0x00000007aec00000, 0x0000000800000000)
  eden space 209920K, 0% used [0x0000000797d00000,0x0000000797d00000,0x00000007a4a00000)
  from space 39936K, 4% used [0x00000007a9e00000,0x00000007a9ff0020,0x00000007ac500000)
  to   space 38400K, 0% used [0x00000007ac680000,0x00000007ac680000,0x00000007aec00000)
 ParOldGen       total 208896K, used 133523K [0x00000006c7800000, 0x00000006d4400000, 0x0000000797d00000)
  object space 208896K, 63% used [0x00000006c7800000,0x00000006cfa64f68,0x00000006d4400000)
 PSPermGen       total 83968K, used 57303K [0x00000006c2600000, 0x00000006c7800000, 0x00000006c7800000)
  object space 83968K, 68% used [0x00000006c2600000,0x00000006c5df5f18,0x00000006c7800000)
}

