# JRE version: Java(TM) SE Runtime Environment (7.0_45-b18) (build 1.7.0_45-b18)
# Java VM: Java HotSpot(TM) 64-Bit Server VM (24.45-b08 mixed mode linux-amd64 compressed oops)
Heap
 PSYoungGen      total 65536K, used 45467K [0x0000000797d00000, 0x000000079fa80000, 0x0000000800000000)
  eden space 65024K, 69% used [0x0000000797d00000,0x000000079a90edd8,0x000000079bc80000)
  from space 512K, 68% used [0x000000079be00000,0x000000079be58000,0x000000079be80000)
  to   space 31744K, 0% used [0x000000079db80000,0x000000079db80000,0x000000079fa80000)
 ParOldGen       total 182784K, used 115455K [0x00000006c7800000, 0x00000006d2a80000, 0x0000000797d00000)
  object space 182784K, 63% used [0x00000006c7800000,0x00000006ce8bff28,0x00000006d2a80000)
 PSPermGen       total 83968K, used 54469K [0x00000006c2600000, 0x00000006c7800000, 0x00000006c7800000)
  object space 83968K, 64% used [0x00000006c2600000,0x00000006c5b315b8,0x00000006c7800000)
GC Heap History (10 events):
Event: 622.338 GC heap before
{Heap before GC invocations=26 (full 1):
 PSYoungGen      total 103424K, used 75430K [0x0000000797d00000, 0x00000007a0380000, 0x0000000800000000)
  eden space 74240K, 100% used [0x0000000797d00000,0x000000079c580000,0x000000079c580000)
  from space 29184K, 4% used [0x000000079e700000,0x000000079e829bd0,0x00000007a0380000)
  to   space 31744K, 0% used [0x000000079c580000,0x000000079c580000,0x000000079e480000)
 ParOldGen       total 182784K, used 90818K [0x00000006c7800000, 0x00000006d2a80000, 0x0000000797d00000)
  object space 182784K, 49% used [0x00000006c7800000,0x00000006cd0b09a0,0x00000006d2a80000)
 PSPermGen       total 83968K, used 54342K [0x00000006c2600000, 0x00000006c7800000, 0x00000006c7800000)
  object space 83968K, 64% used [0x00000006c2600000,0x00000006c5b11bc8,0x00000006c7800000)
Event: 622.341 GC heap after
Heap after GC invocations=26 (full 1):
 PSYoungGen      total 73728K, used 608K [0x0000000797d00000, 0x00000007a0000000, 0x0000000800000000)
  eden space 72704K, 0% used [0x0000000797d00000,0x0000000797d00000,0x000000079c400000)
  from space 1024K, 59% used [0x000000079c580000,0x000000079c618000,0x000000079c680000)
  to   space 30720K, 0% used [0x000000079e200000,0x000000079e200000,0x00000007a0000000)
 ParOldGen       total 182784K, used 91312K [0x00000006c7800000, 0x00000006d2a80000, 0x0000000797d00000)
  object space 182784K, 49% used [0x00000006c7800000,0x00000006cd12c140,0x00000006d2a80000)
 PSPermGen       total 83968K, used 54342K [0x00000006c2600000, 0x00000006c7800000, 0x00000006c7800000)
  object space 83968K, 64% used [0x00000006c2600000,0x00000006c5b11bc8,0x00000006c7800000)
}
Event: 641.871 GC heap before
{Heap before GC invocations=27 (full 1):
 PSYoungGen      total 73728K, used 72444K [0x0000000797d00000, 0x00000007a0000000, 0x0000000800000000)
  eden space 72704K, 98% used [0x0000000797d00000,0x000000079c327350,0x000000079c400000)
  from space 1024K, 59% used [0x000000079c580000,0x000000079c618000,0x000000079c680000)
  to   space 30720K, 0% used [0x000000079e200000,0x000000079e200000,0x00000007a0000000)
 ParOldGen       total 182784K, used 91312K [0x00000006c7800000, 0x00000006d2a80000, 0x0000000797d00000)
  object space 182784K, 49% used [0x00000006c7800000,0x00000006cd12c140,0x00000006d2a80000)
 PSPermGen       total 83968K, used 54403K [0x00000006c2600000, 0x00000006c7800000, 0x00000006c7800000)
  object space 83968K, 64% used [0x00000006c2600000,0x00000006c5b20c58,0x00000006c7800000)
Event: 641.875 GC heap after
Heap after GC invocations=27 (full 1):
 PSYoungGen      total 98304K, used 11325K [0x0000000797d00000, 0x000000079fc80000, 0x0000000800000000)
  eden space 71168K, 0% used [0x0000000797d00000,0x0000000797d00000,0x000000079c280000)
  from space 27136K, 41% used [0x000000079e200000,0x000000079ed0f520,0x000000079fc80000)
  to   space 29696K, 0% used [0x000000079c280000,0x000000079c280000,0x000000079df80000)
 ParOldGen       total 182784K, used 91416K [0x00000006c7800000, 0x00000006d2a80000, 0x0000000797d00000)
  object space 182784K, 50% used [0x00000006c7800000,0x00000006cd146140,0x00000006d2a80000)
 PSPermGen       total 83968K, used 54403K [0x00000006c2600000, 0x00000006c7800000, 0x00000006c7800000)
  object space 83968K, 64% used [0x00000006c2600000,0x00000006c5b20c58,0x00000006c7800000)
}
Event: 644.968 GC heap before
{Heap before GC invocations=28 (full 1):
 PSYoungGen      total 98304K, used 82493K [0x0000000797d00000, 0x000000079fc80000, 0x0000000800000000)
  eden space 71168K, 100% used [0x0000000797d00000,0x000000079c280000,0x000000079c280000)
  from space 27136K, 41% used [0x000000079e200000,0x000000079ed0f520,0x000000079fc80000)
  to   space 29696K, 0% used [0x000000079c280000,0x000000079c280000,0x000000079df80000)
 ParOldGen       total 182784K, used 91416K [0x00000006c7800000, 0x00000006d2a80000, 0x0000000797d00000)
  object space 182784K, 50% used [0x00000006c7800000,0x00000006cd146140,0x00000006d2a80000)
 PSPermGen       total 83968K, used 54403K [0x00000006c2600000, 0x00000006c7800000, 0x00000006c7800000)
  object space 83968K, 64% used [0x00000006c2600000,0x00000006c5b20d10,0x00000006c7800000)
Event: 644.971 GC heap after
Heap after GC invocations=28 (full 1):
 PSYoungGen      total 70656K, used 512K [0x0000000797d00000, 0x000000079fa00000, 0x0000000800000000)
  eden space 69632K, 0% used [0x0000000797d00000,0x0000000797d00000,0x000000079c100000)
  from space 1024K, 50% used [0x000000079c280000,0x000000079c300020,0x000000079c380000)
  to   space 29184K, 0% used [0x000000079dd80000,0x000000079dd80000,0x000000079fa00000)
 ParOldGen       total 182784K, used 93352K [0x00000006c7800000, 0x00000006d2a80000, 0x0000000797d00000)
  object space 182784K, 51% used [0x00000006c7800000,0x00000006cd32a170,0x00000006d2a80000)
 PSPermGen       total 83968K, used 54403K [0x00000006c2600000, 0x00000006c7800000, 0x00000006c7800000)
  object space 83968K, 64% used [0x00000006c2600000,0x00000006c5b20d10,0x00000006c7800000)
}
Event: 648.245 GC heap before
{Heap before GC invocations=29 (full 1):
 PSYoungGen      total 70656K, used 70144K [0x0000000797d00000, 0x000000079fa00000, 0x0000000800000000)
  eden space 69632K, 100% used [0x0000000797d00000,0x000000079c100000,0x000000079c100000)
  from space 1024K, 50% used [0x000000079c280000,0x000000079c300020,0x000000079c380000)
  to   space 29184K, 0% used [0x000000079dd80000,0x000000079dd80000,0x000000079fa00000)
 ParOldGen       total 182784K, used 93352K [0x00000006c7800000, 0x00000006d2a80000, 0x0000000797d00000)
  object space 182784K, 51% used [0x00000006c7800000,0x00000006cd32a170,0x00000006d2a80000)
 PSPermGen       total 83968K, used 54406K [0x00000006c2600000, 0x00000006c7800000, 0x00000006c7800000)
  object space 83968K, 64% used [0x00000006c2600000,0x00000006c5b21b48,0x00000006c7800000)
Event: 648.258 GC heap after
Heap after GC invocations=29 (full 1):
 PSYoungGen      total 95744K, used 22250K [0x0000000797d00000, 0x000000079fe80000, 0x0000000800000000)
  eden space 66560K, 0% used [0x0000000797d00000,0x0000000797d00000,0x000000079be00000)
  from space 29184K, 76% used [0x000000079dd80000,0x000000079f33a860,0x000000079fa00000)
  to   space 32256K, 0% used [0x000000079be00000,0x000000079be00000,0x000000079dd80000)
 ParOldGen       total 182784K, used 93760K [0x00000006c7800000, 0x00000006d2a80000, 0x0000000797d00000)
  object space 182784K, 51% used [0x00000006c7800000,0x00000006cd390190,0x00000006d2a80000)
 PSPermGen       total 83968K, used 54406K [0x00000006c2600000, 0x00000006c7800000, 0x00000006c7800000)
  object space 83968K, 64% used [0x00000006c2600000,0x00000006c5b21b48,0x00000006c7800000)
}
Event: 655.692 GC heap before
{Heap before GC invocations=30 (full 1):
 PSYoungGen      total 95744K, used 88810K [0x0000000797d00000, 0x000000079fe80000, 0x0000000800000000)
  eden space 66560K, 100% used [0x0000000797d00000,0x000000079be00000,0x000000079be00000)
  from space 29184K, 76% used [0x000000079dd80000,0x000000079f33a860,0x000000079fa00000)
  to   space 32256K, 0% used [0x000000079be00000,0x000000079be00000,0x000000079dd80000)
 ParOldGen       total 182784K, used 93760K [0x00000006c7800000, 0x00000006d2a80000, 0x0000000797d00000)
  object space 182784K, 51% used [0x00000006c7800000,0x00000006cd390190,0x00000006d2a80000)
 PSPermGen       total 83968K, used 54408K [0x00000006c2600000, 0x00000006c7800000, 0x00000006c7800000)
  object space 83968K, 64% used [0x00000006c2600000,0x00000006c5b222f8,0x00000006c7800000)
Event: 655.704 GC heap after
Heap after GC invocations=30 (full 1):
 PSYoungGen      total 65536K, used 352K [0x0000000797d00000, 0x000000079fa80000, 0x0000000800000000)
  eden space 65024K, 0% used [0x0000000797d00000,0x0000000797d00000,0x000000079bc80000)
  from space 512K, 68% used [0x000000079be00000,0x000000079be58000,0x000000079be80000)
  to   space 31744K, 0% used [0x000000079db80000,0x000000079db80000,0x000000079fa80000)
 ParOldGen       total 182784K, used 115455K [0x00000006c7800000, 0x00000006d2a80000, 0x0000000797d00000)
  object space 182784K, 63% used [0x00000006c7800000,0x00000006ce8bff28,0x00000006d2a80000)
 PSPermGen       total 83968K, used 54408K [0x00000006c2600000, 0x00000006c7800000, 0x00000006c7800000)
  object space 83968K, 64% used [0x00000006c2600000,0x00000006c5b222f8,0x00000006c7800000)
}

