# JRE version: Java(TM) SE Runtime Environment (7.0_45-b18) (build 1.7.0_45-b18)
# Java VM: Java HotSpot(TM) 64-Bit Server VM (24.45-b08 mixed mode linux-amd64 compressed oops)
Heap
 PSYoungGen      total 73728K, used 55442K [0x0000000759500000, 0x0000000760080000, 0x0000000800000000)
  eden space 58880K, 69% used [0x0000000759500000,0x000000075bd1a4e0,0x000000075ce80000)
  from space 14848K, 96% used [0x000000075cf80000,0x000000075dd8a4c0,0x000000075de00000)
  to   space 25600K, 0% used [0x000000075e780000,0x000000075e780000,0x0000000760080000)
 ParOldGen       total 175104K, used 30361K [0x000000060c000000, 0x0000000616b00000, 0x0000000759500000)
  object space 175104K, 17% used [0x000000060c000000,0x000000060dda66c0,0x0000000616b00000)
 PSPermGen       total 53760K, used 53328K [0x0000000606e00000, 0x000000060a280000, 0x000000060c000000)
  object space 53760K, 99% used [0x0000000606e00000,0x000000060a214010,0x000000060a280000)
GC Heap History (10 events):
Event: 14.840 GC heap before
{Heap before GC invocations=5 (full 0):
 PSYoungGen      total 76800K, used 76777K [0x0000000759500000, 0x000000075ea80000, 0x0000000800000000)
  eden space 66048K, 100% used [0x0000000759500000,0x000000075d580000,0x000000075d580000)
  from space 10752K, 99% used [0x000000075e000000,0x000000075ea7a6a8,0x000000075ea80000)
  to   space 10752K, 0% used [0x000000075d580000,0x000000075d580000,0x000000075e000000)
 ParOldGen       total 175104K, used 11654K [0x000000060c000000, 0x0000000616b00000, 0x0000000759500000)
  object space 175104K, 6% used [0x000000060c000000,0x000000060cb618b8,0x0000000616b00000)
 PSPermGen       total 40960K, used 40634K [0x0000000606e00000, 0x0000000609600000, 0x000000060c000000)
  object space 40960K, 99% used [0x0000000606e00000,0x00000006095ae930,0x0000000609600000)
Event: 14.849 GC heap after
Heap after GC invocations=5 (full 0):
 PSYoungGen      total 75264K, used 10737K [0x0000000759500000, 0x000000075fe00000, 0x0000000800000000)
  eden space 64512K, 0% used [0x0000000759500000,0x0000000759500000,0x000000075d400000)
  from space 10752K, 99% used [0x000000075d580000,0x000000075dffc7a8,0x000000075e000000)
  to   space 21504K, 0% used [0x000000075e900000,0x000000075e900000,0x000000075fe00000)
 ParOldGen       total 175104K, used 15633K [0x000000060c000000, 0x0000000616b00000, 0x0000000759500000)
  object space 175104K, 8% used [0x000000060c000000,0x000000060cf44590,0x0000000616b00000)
 PSPermGen       total 40960K, used 40634K [0x0000000606e00000, 0x0000000609600000, 0x000000060c000000)
  object space 40960K, 99% used [0x0000000606e00000,0x00000006095ae930,0x0000000609600000)
}
Event: 15.531 GC heap before
{Heap before GC invocations=6 (full 0):
 PSYoungGen      total 75264K, used 75249K [0x0000000759500000, 0x000000075fe00000, 0x0000000800000000)
  eden space 64512K, 100% used [0x0000000759500000,0x000000075d400000,0x000000075d400000)
  from space 10752K, 99% used [0x000000075d580000,0x000000075dffc7a8,0x000000075e000000)
  to   space 21504K, 0% used [0x000000075e900000,0x000000075e900000,0x000000075fe00000)
 ParOldGen       total 175104K, used 15633K [0x000000060c000000, 0x0000000616b00000, 0x0000000759500000)
  object space 175104K, 8% used [0x000000060c000000,0x000000060cf44590,0x0000000616b00000)
 PSPermGen       total 50176K, used 49904K [0x0000000606e00000, 0x0000000609f00000, 0x000000060c000000)
  object space 50176K, 99% used [0x0000000606e00000,0x0000000609ebc3d0,0x0000000609f00000)
Event: 15.542 GC heap after
Heap after GC invocations=6 (full 0):
 PSYoungGen      total 83456K, used 19640K [0x0000000759500000, 0x0000000760180000, 0x0000000800000000)
  eden space 61952K, 0% used [0x0000000759500000,0x0000000759500000,0x000000075d180000)
  from space 21504K, 91% used [0x000000075e900000,0x000000075fc2e190,0x000000075fe00000)
  to   space 24064K, 0% used [0x000000075d180000,0x000000075d180000,0x000000075e900000)
 ParOldGen       total 175104K, used 15633K [0x000000060c000000, 0x0000000616b00000, 0x0000000759500000)
  object space 175104K, 8% used [0x000000060c000000,0x000000060cf44590,0x0000000616b00000)
 PSPermGen       total 50176K, used 49904K [0x0000000606e00000, 0x0000000609f00000, 0x000000060c000000)
  object space 50176K, 99% used [0x0000000606e00000,0x0000000609ebc3d0,0x0000000609f00000)
}
Event: 18.517 GC heap before
{Heap before GC invocations=7 (full 0):
 PSYoungGen      total 83456K, used 81592K [0x0000000759500000, 0x0000000760180000, 0x0000000800000000)
  eden space 61952K, 100% used [0x0000000759500000,0x000000075d180000,0x000000075d180000)
  from space 21504K, 91% used [0x000000075e900000,0x000000075fc2e190,0x000000075fe00000)
  to   space 24064K, 0% used [0x000000075d180000,0x000000075d180000,0x000000075e900000)
 ParOldGen       total 175104K, used 15633K [0x000000060c000000, 0x0000000616b00000, 0x0000000759500000)
  object space 175104K, 8% used [0x000000060c000000,0x000000060cf44590,0x0000000616b00000)
 PSPermGen       total 52736K, used 52717K [0x0000000606e00000, 0x000000060a180000, 0x000000060c000000)
  object space 52736K, 99% used [0x0000000606e00000,0x000000060a17b7b0,0x000000060a180000)
Event: 18.528 GC heap after
Heap after GC invocations=7 (full 0):
 PSYoungGen      total 84992K, used 20489K [0x0000000759500000, 0x0000000760380000, 0x0000000800000000)
  eden space 60928K, 0% used [0x0000000759500000,0x0000000759500000,0x000000075d080000)
  from space 24064K, 85% used [0x000000075d180000,0x000000075e582420,0x000000075e900000)
  to   space 26112K, 0% used [0x000000075ea00000,0x000000075ea00000,0x0000000760380000)
 ParOldGen       total 175104K, used 19758K [0x000000060c000000, 0x0000000616b00000, 0x0000000759500000)
  object space 175104K, 11% used [0x000000060c000000,0x000000060d34bb30,0x0000000616b00000)
 PSPermGen       total 52736K, used 52717K [0x0000000606e00000, 0x000000060a180000, 0x000000060c000000)
  object space 52736K, 99% used [0x0000000606e00000,0x000000060a17b7b0,0x000000060a180000)
}
Event: 23.291 GC heap before
{Heap before GC invocations=8 (full 0):
 PSYoungGen      total 84992K, used 75285K [0x0000000759500000, 0x0000000760380000, 0x0000000800000000)
  eden space 60928K, 89% used [0x0000000759500000,0x000000075ca83280,0x000000075d080000)
  from space 24064K, 85% used [0x000000075d180000,0x000000075e582420,0x000000075e900000)
  to   space 26112K, 0% used [0x000000075ea00000,0x000000075ea00000,0x0000000760380000)
 ParOldGen       total 175104K, used 19758K [0x000000060c000000, 0x0000000616b00000, 0x0000000759500000)
  object space 175104K, 11% used [0x000000060c000000,0x000000060d34bb30,0x0000000616b00000)
 PSPermGen       total 53248K, used 52984K [0x0000000606e00000, 0x000000060a200000, 0x000000060c000000)
  object space 53248K, 99% used [0x0000000606e00000,0x000000060a1be3f0,0x000000060a200000)
Event: 23.301 GC heap after
Heap after GC invocations=8 (full 0):
 PSYoungGen      total 86016K, used 18378K [0x0000000759500000, 0x0000000760380000, 0x0000000800000000)
  eden space 59904K, 0% used [0x0000000759500000,0x0000000759500000,0x000000075cf80000)
  from space 26112K, 70% used [0x000000075ea00000,0x000000075fbf28b0,0x0000000760380000)
  to   space 26624K, 0% used [0x000000075cf80000,0x000000075cf80000,0x000000075e980000)
 ParOldGen       total 175104K, used 23898K [0x000000060c000000, 0x0000000616b00000, 0x0000000759500000)
  object space 175104K, 13% used [0x000000060c000000,0x000000060d756978,0x0000000616b00000)
 PSPermGen       total 53248K, used 52984K [0x0000000606e00000, 0x000000060a200000, 0x000000060c000000)
  object space 53248K, 99% used [0x0000000606e00000,0x000000060a1be3f0,0x000000060a200000)
}
Event: 33.440 GC heap before
{Heap before GC invocations=9 (full 0):
 PSYoungGen      total 86016K, used 78282K [0x0000000759500000, 0x0000000760380000, 0x0000000800000000)
  eden space 59904K, 100% used [0x0000000759500000,0x000000075cf80000,0x000000075cf80000)
  from space 26112K, 70% used [0x000000075ea00000,0x000000075fbf28b0,0x0000000760380000)
  to   space 26624K, 0% used [0x000000075cf80000,0x000000075cf80000,0x000000075e980000)
 ParOldGen       total 175104K, used 23898K [0x000000060c000000, 0x0000000616b00000, 0x0000000759500000)
  object space 175104K, 13% used [0x000000060c000000,0x000000060d756978,0x0000000616b00000)
 PSPermGen       total 53248K, used 53080K [0x0000000606e00000, 0x000000060a200000, 0x000000060c000000)
  object space 53248K, 99% used [0x0000000606e00000,0x000000060a1d6130,0x000000060a200000)
Event: 33.448 GC heap after
Heap after GC invocations=9 (full 0):
 PSYoungGen      total 73728K, used 14377K [0x0000000759500000, 0x0000000760080000, 0x0000000800000000)
  eden space 58880K, 0% used [0x0000000759500000,0x0000000759500000,0x000000075ce80000)
  from space 14848K, 96% used [0x000000075cf80000,0x000000075dd8a4c0,0x000000075de00000)
  to   space 25600K, 0% used [0x000000075e780000,0x000000075e780000,0x0000000760080000)
 ParOldGen       total 175104K, used 30361K [0x000000060c000000, 0x0000000616b00000, 0x0000000759500000)
  object space 175104K, 17% used [0x000000060c000000,0x000000060dda66c0,0x0000000616b00000)
 PSPermGen       total 53248K, used 53080K [0x0000000606e00000, 0x000000060a200000, 0x000000060c000000)
  object space 53248K, 99% used [0x0000000606e00000,0x000000060a1d6130,0x000000060a200000)
}

