# JRE version: Java(TM) SE Runtime Environment (7.0_45-b18) (build 1.7.0_45-b18)
# Java VM: Java HotSpot(TM) 64-Bit Server VM (24.45-b08 mixed mode linux-amd64 compressed oops)
Heap
 PSYoungGen      total 125952K, used 41221K [0x0000000759500000, 0x0000000764f00000, 0x0000000800000000)
  eden space 124928K, 32% used [0x0000000759500000,0x000000075bc61740,0x0000000760f00000)
  from space 1024K, 87% used [0x0000000761280000,0x0000000761360000,0x0000000761380000)
  to   space 32768K, 0% used [0x0000000762f00000,0x0000000762f00000,0x0000000764f00000)
 ParOldGen       total 319488K, used 210557K [0x000000060c000000, 0x000000061f800000, 0x0000000759500000)
  object space 319488K, 65% used [0x000000060c000000,0x0000000618d9f6a8,0x000000061f800000)
 PSPermGen       total 83968K, used 55363K [0x0000000606e00000, 0x000000060c000000, 0x000000060c000000)
  object space 83968K, 65% used [0x0000000606e00000,0x000000060a410e48,0x000000060c000000)
GC Heap History (10 events):
Event: 163.094 GC heap before
{Heap before GC invocations=29 (full 2):
 PSYoungGen      total 180736K, used 145185K [0x0000000759500000, 0x0000000767600000, 0x0000000800000000)
  eden space 144384K, 100% used [0x0000000759500000,0x0000000762200000,0x0000000762200000)
  from space 36352K, 2% used [0x0000000765280000,0x0000000765348538,0x0000000767600000)
  to   space 43008K, 0% used [0x0000000762200000,0x0000000762200000,0x0000000764c00000)
 ParOldGen       total 319488K, used 210557K [0x000000060c000000, 0x000000061f800000, 0x0000000759500000)
  object space 319488K, 65% used [0x000000060c000000,0x0000000618d9f6a8,0x000000061f800000)
 PSPermGen       total 83968K, used 55244K [0x0000000606e00000, 0x000000060c000000, 0x000000060c000000)
  object space 83968K, 65% used [0x0000000606e00000,0x000000060a3f30d0,0x000000060c000000)
Event: 163.097 GC heap after
Heap after GC invocations=29 (full 2):
 PSYoungGen      total 141312K, used 769K [0x0000000759500000, 0x0000000766e00000, 0x0000000800000000)
  eden space 140288K, 0% used [0x0000000759500000,0x0000000759500000,0x0000000761e00000)
  from space 1024K, 75% used [0x0000000762200000,0x00000007622c0538,0x0000000762300000)
  to   space 40960K, 0% used [0x0000000764600000,0x0000000764600000,0x0000000766e00000)
 ParOldGen       total 319488K, used 210557K [0x000000060c000000, 0x000000061f800000, 0x0000000759500000)
  object space 319488K, 65% used [0x000000060c000000,0x0000000618d9f6a8,0x000000061f800000)
 PSPermGen       total 83968K, used 55244K [0x0000000606e00000, 0x000000060c000000, 0x000000060c000000)
  object space 83968K, 65% used [0x0000000606e00000,0x000000060a3f30d0,0x000000060c000000)
}
Event: 163.792 GC heap before
{Heap before GC invocations=30 (full 2):
 PSYoungGen      total 141312K, used 141057K [0x0000000759500000, 0x0000000766e00000, 0x0000000800000000)
  eden space 140288K, 100% used [0x0000000759500000,0x0000000761e00000,0x0000000761e00000)
  from space 1024K, 75% used [0x0000000762200000,0x00000007622c0538,0x0000000762300000)
  to   space 40960K, 0% used [0x0000000764600000,0x0000000764600000,0x0000000766e00000)
 ParOldGen       total 319488K, used 210557K [0x000000060c000000, 0x000000061f800000, 0x0000000759500000)
  object space 319488K, 65% used [0x000000060c000000,0x0000000618d9f6a8,0x000000061f800000)
 PSPermGen       total 83968K, used 55244K [0x0000000606e00000, 0x000000060c000000, 0x000000060c000000)
  object space 83968K, 65% used [0x0000000606e00000,0x000000060a3f30d0,0x000000060c000000)
Event: 163.795 GC heap after
Heap after GC invocations=30 (full 2):
 PSYoungGen      total 168960K, used 897K [0x0000000759500000, 0x0000000766600000, 0x0000000800000000)
  eden space 136192K, 0% used [0x0000000759500000,0x0000000759500000,0x0000000761a00000)
  from space 32768K, 2% used [0x0000000764600000,0x00000007646e0538,0x0000000766600000)
  to   space 38912K, 0% used [0x0000000761a00000,0x0000000761a00000,0x0000000764000000)
 ParOldGen       total 319488K, used 210557K [0x000000060c000000, 0x000000061f800000, 0x0000000759500000)
  object space 319488K, 65% used [0x000000060c000000,0x0000000618d9f6a8,0x000000061f800000)
 PSPermGen       total 83968K, used 55244K [0x0000000606e00000, 0x000000060c000000, 0x000000060c000000)
  object space 83968K, 65% used [0x0000000606e00000,0x000000060a3f30d0,0x000000060c000000)
}
Event: 164.506 GC heap before
{Heap before GC invocations=31 (full 2):
 PSYoungGen      total 168960K, used 137089K [0x0000000759500000, 0x0000000766600000, 0x0000000800000000)
  eden space 136192K, 100% used [0x0000000759500000,0x0000000761a00000,0x0000000761a00000)
  from space 32768K, 2% used [0x0000000764600000,0x00000007646e0538,0x0000000766600000)
  to   space 38912K, 0% used [0x0000000761a00000,0x0000000761a00000,0x0000000764000000)
 ParOldGen       total 319488K, used 210557K [0x000000060c000000, 0x000000061f800000, 0x0000000759500000)
  object space 319488K, 65% used [0x000000060c000000,0x0000000618d9f6a8,0x000000061f800000)
 PSPermGen       total 83968K, used 55245K [0x0000000606e00000, 0x000000060c000000, 0x000000060c000000)
  object space 83968K, 65% used [0x0000000606e00000,0x000000060a3f35a8,0x000000060c000000)
Event: 164.508 GC heap after
Heap after GC invocations=31 (full 2):
 PSYoungGen      total 133120K, used 992K [0x0000000759500000, 0x0000000765e00000, 0x0000000800000000)
  eden space 132096K, 0% used [0x0000000759500000,0x0000000759500000,0x0000000761600000)
  from space 1024K, 96% used [0x0000000761a00000,0x0000000761af8000,0x0000000761b00000)
  to   space 36864K, 0% used [0x0000000763a00000,0x0000000763a00000,0x0000000765e00000)
 ParOldGen       total 319488K, used 210557K [0x000000060c000000, 0x000000061f800000, 0x0000000759500000)
  object space 319488K, 65% used [0x000000060c000000,0x0000000618d9f6a8,0x000000061f800000)
 PSPermGen       total 83968K, used 55245K [0x0000000606e00000, 0x000000060c000000, 0x000000060c000000)
  object space 83968K, 65% used [0x0000000606e00000,0x000000060a3f35a8,0x000000060c000000)
}
Event: 165.166 GC heap before
{Heap before GC invocations=32 (full 2):
 PSYoungGen      total 133120K, used 133088K [0x0000000759500000, 0x0000000765e00000, 0x0000000800000000)
  eden space 132096K, 100% used [0x0000000759500000,0x0000000761600000,0x0000000761600000)
  from space 1024K, 96% used [0x0000000761a00000,0x0000000761af8000,0x0000000761b00000)
  to   space 36864K, 0% used [0x0000000763a00000,0x0000000763a00000,0x0000000765e00000)
 ParOldGen       total 319488K, used 210557K [0x000000060c000000, 0x000000061f800000, 0x0000000759500000)
  object space 319488K, 65% used [0x000000060c000000,0x0000000618d9f6a8,0x000000061f800000)
 PSPermGen       total 83968K, used 55245K [0x0000000606e00000, 0x000000060c000000, 0x000000060c000000)
  object space 83968K, 65% used [0x0000000606e00000,0x000000060a3f35a8,0x000000060c000000)
Event: 165.168 GC heap after
Heap after GC invocations=32 (full 2):
 PSYoungGen      total 157696K, used 1042K [0x0000000759500000, 0x0000000765680000, 0x0000000800000000)
  eden space 128512K, 0% used [0x0000000759500000,0x0000000759500000,0x0000000761280000)
  from space 29184K, 3% used [0x0000000763a00000,0x0000000763b04970,0x0000000765680000)
  to   space 34816K, 0% used [0x0000000761280000,0x0000000761280000,0x0000000763480000)
 ParOldGen       total 319488K, used 210557K [0x000000060c000000, 0x000000061f800000, 0x0000000759500000)
  object space 319488K, 65% used [0x000000060c000000,0x0000000618d9f6a8,0x000000061f800000)
 PSPermGen       total 83968K, used 55245K [0x0000000606e00000, 0x000000060c000000, 0x000000060c000000)
  object space 83968K, 65% used [0x0000000606e00000,0x000000060a3f35a8,0x000000060c000000)
}
Event: 173.120 GC heap before
{Heap before GC invocations=33 (full 2):
 PSYoungGen      total 157696K, used 129554K [0x0000000759500000, 0x0000000765680000, 0x0000000800000000)
  eden space 128512K, 100% used [0x0000000759500000,0x0000000761280000,0x0000000761280000)
  from space 29184K, 3% used [0x0000000763a00000,0x0000000763b04970,0x0000000765680000)
  to   space 34816K, 0% used [0x0000000761280000,0x0000000761280000,0x0000000763480000)
 ParOldGen       total 319488K, used 210557K [0x000000060c000000, 0x000000061f800000, 0x0000000759500000)
  object space 319488K, 65% used [0x000000060c000000,0x0000000618d9f6a8,0x000000061f800000)
 PSPermGen       total 83968K, used 55246K [0x0000000606e00000, 0x000000060c000000, 0x000000060c000000)
  object space 83968K, 65% used [0x0000000606e00000,0x000000060a3f3b58,0x000000060c000000)
Event: 173.122 GC heap after
Heap after GC invocations=33 (full 2):
 PSYoungGen      total 125952K, used 896K [0x0000000759500000, 0x0000000764f00000, 0x0000000800000000)
  eden space 124928K, 0% used [0x0000000759500000,0x0000000759500000,0x0000000760f00000)
  from space 1024K, 87% used [0x0000000761280000,0x0000000761360000,0x0000000761380000)
  to   space 32768K, 0% used [0x0000000762f00000,0x0000000762f00000,0x0000000764f00000)
 ParOldGen       total 319488K, used 210557K [0x000000060c000000, 0x000000061f800000, 0x0000000759500000)
  object space 319488K, 65% used [0x000000060c000000,0x0000000618d9f6a8,0x000000061f800000)
 PSPermGen       total 83968K, used 55246K [0x0000000606e00000, 0x000000060c000000, 0x000000060c000000)
  object space 83968K, 65% used [0x0000000606e00000,0x000000060a3f3b58,0x000000060c000000)
}

