# JRE version: Java(TM) SE Runtime Environment (7.0_45-b18) (build 1.7.0_45-b18)
# Java VM: Java HotSpot(TM) 64-Bit Server VM (24.45-b08 mixed mode linux-amd64 compressed oops)
Heap
 PSYoungGen      total 553472K, used 72636K [0x0000000797d00000, 0x00000007bb900000, 0x0000000800000000)
  eden space 525824K, 9% used [0x0000000797d00000,0x000000079afdb0a0,0x00000007b7e80000)
  from space 27648K, 74% used [0x00000007b9b00000,0x00000007baf13fa0,0x00000007bb600000)
  to   space 29184K, 0% used [0x00000007b7e80000,0x00000007b7e80000,0x00000007b9b00000)
 ParOldGen       total 175104K, used 23071K [0x00000006c7800000, 0x00000006d2300000, 0x0000000797d00000)
  object space 175104K, 13% used [0x00000006c7800000,0x00000006c8e87e28,0x00000006d2300000)
 PSPermGen       total 49664K, used 49625K [0x00000006c2600000, 0x00000006c5680000, 0x00000006c7800000)
  object space 49664K, 99% used [0x00000006c2600000,0x00000006c56767e0,0x00000006c5680000)
GC Heap History (10 events):
Event: 2.526 GC heap before
{Heap before GC invocations=4 (full 0):
 PSYoungGen      total 76800K, used 76779K [0x0000000797d00000, 0x00000007a1300000, 0x0000000800000000)
  eden space 66048K, 100% used [0x0000000797d00000,0x000000079bd80000,0x000000079bd80000)
  from space 10752K, 99% used [0x000000079bd80000,0x000000079c7faef8,0x000000079c800000)
  to   space 10752K, 0% used [0x00000007a0880000,0x00000007a0880000,0x00000007a1300000)
 ParOldGen       total 175104K, used 2224K [0x00000006c7800000, 0x00000006d2300000, 0x0000000797d00000)
  object space 175104K, 1% used [0x00000006c7800000,0x00000006c7a2c3b0,0x00000006d2300000)
 PSPermGen       total 31744K, used 31552K [0x00000006c2600000, 0x00000006c4500000, 0x00000006c7800000)
  object space 31744K, 99% used [0x00000006c2600000,0x00000006c44d01c0,0x00000006c4500000)
Event: 2.533 GC heap after
Heap after GC invocations=4 (full 0):
 PSYoungGen      total 142848K, used 10749K [0x0000000797d00000, 0x00000007a1300000, 0x0000000800000000)
  eden space 132096K, 0% used [0x0000000797d00000,0x0000000797d00000,0x000000079fe00000)
  from space 10752K, 99% used [0x00000007a0880000,0x00000007a12ff4d0,0x00000007a1300000)
  to   space 10752K, 0% used [0x000000079fe00000,0x000000079fe00000,0x00000007a0880000)
 ParOldGen       total 175104K, used 3868K [0x00000006c7800000, 0x00000006d2300000, 0x0000000797d00000)
  object space 175104K, 2% used [0x00000006c7800000,0x00000006c7bc73f0,0x00000006d2300000)
 PSPermGen       total 31744K, used 31552K [0x00000006c2600000, 0x00000006c4500000, 0x00000006c7800000)
  object space 31744K, 99% used [0x00000006c2600000,0x00000006c44d01c0,0x00000006c4500000)
}
Event: 3.243 GC heap before
{Heap before GC invocations=5 (full 0):
 PSYoungGen      total 142848K, used 142845K [0x0000000797d00000, 0x00000007a1300000, 0x0000000800000000)
  eden space 132096K, 100% used [0x0000000797d00000,0x000000079fe00000,0x000000079fe00000)
  from space 10752K, 99% used [0x00000007a0880000,0x00000007a12ff4d0,0x00000007a1300000)
  to   space 10752K, 0% used [0x000000079fe00000,0x000000079fe00000,0x00000007a0880000)
 ParOldGen       total 175104K, used 3868K [0x00000006c7800000, 0x00000006d2300000, 0x0000000797d00000)
  object space 175104K, 2% used [0x00000006c7800000,0x00000006c7bc73f0,0x00000006d2300000)
 PSPermGen       total 37888K, used 37639K [0x00000006c2600000, 0x00000006c4b00000, 0x00000006c7800000)
  object space 37888K, 99% used [0x00000006c2600000,0x00000006c4ac1d20,0x00000006c4b00000)
Event: 3.258 GC heap after
Heap after GC invocations=5 (full 0):
 PSYoungGen      total 142848K, used 10723K [0x0000000797d00000, 0x00000007aa400000, 0x0000000800000000)
  eden space 132096K, 0% used [0x0000000797d00000,0x0000000797d00000,0x000000079fe00000)
  from space 10752K, 99% used [0x000000079fe00000,0x00000007a0878ca8,0x00000007a0880000)
  to   space 18944K, 0% used [0x00000007a9180000,0x00000007a9180000,0x00000007aa400000)
 ParOldGen       total 175104K, used 8899K [0x00000006c7800000, 0x00000006d2300000, 0x0000000797d00000)
  object space 175104K, 5% used [0x00000006c7800000,0x00000006c80b0eb0,0x00000006d2300000)
 PSPermGen       total 37888K, used 37639K [0x00000006c2600000, 0x00000006c4b00000, 0x00000006c7800000)
  object space 37888K, 99% used [0x00000006c2600000,0x00000006c4ac1d20,0x00000006c4b00000)
}
Event: 3.701 GC heap before
{Heap before GC invocations=6 (full 0):
 PSYoungGen      total 142848K, used 142819K [0x0000000797d00000, 0x00000007aa400000, 0x0000000800000000)
  eden space 132096K, 100% used [0x0000000797d00000,0x000000079fe00000,0x000000079fe00000)
  from space 10752K, 99% used [0x000000079fe00000,0x00000007a0878ca8,0x00000007a0880000)
  to   space 18944K, 0% used [0x00000007a9180000,0x00000007a9180000,0x00000007aa400000)
 ParOldGen       total 175104K, used 8899K [0x00000006c7800000, 0x00000006d2300000, 0x0000000797d00000)
  object space 175104K, 5% used [0x00000006c7800000,0x00000006c80b0eb0,0x00000006d2300000)
 PSPermGen       total 40448K, used 40221K [0x00000006c2600000, 0x00000006c4d80000, 0x00000006c7800000)
  object space 40448K, 99% used [0x00000006c2600000,0x00000006c4d47798,0x00000006c4d80000)
Event: 3.710 GC heap after
Heap after GC invocations=6 (full 0):
 PSYoungGen      total 282624K, used 13679K [0x0000000797d00000, 0x00000007aa500000, 0x0000000800000000)
  eden space 263680K, 0% used [0x0000000797d00000,0x0000000797d00000,0x00000007a7e80000)
  from space 18944K, 72% used [0x00000007a9180000,0x00000007a9edbe28,0x00000007aa400000)
  to   space 19456K, 0% used [0x00000007a7e80000,0x00000007a7e80000,0x00000007a9180000)
 ParOldGen       total 175104K, used 8907K [0x00000006c7800000, 0x00000006d2300000, 0x0000000797d00000)
  object space 175104K, 5% used [0x00000006c7800000,0x00000006c80b2eb0,0x00000006d2300000)
 PSPermGen       total 40448K, used 40221K [0x00000006c2600000, 0x00000006c4d80000, 0x00000006c7800000)
  object space 40448K, 99% used [0x00000006c2600000,0x00000006c4d47798,0x00000006c4d80000)
}
Event: 8.763 GC heap before
{Heap before GC invocations=7 (full 0):
 PSYoungGen      total 282624K, used 277359K [0x0000000797d00000, 0x00000007aa500000, 0x0000000800000000)
  eden space 263680K, 100% used [0x0000000797d00000,0x00000007a7e80000,0x00000007a7e80000)
  from space 18944K, 72% used [0x00000007a9180000,0x00000007a9edbe28,0x00000007aa400000)
  to   space 19456K, 0% used [0x00000007a7e80000,0x00000007a7e80000,0x00000007a9180000)
 ParOldGen       total 175104K, used 8907K [0x00000006c7800000, 0x00000006d2300000, 0x0000000797d00000)
  object space 175104K, 5% used [0x00000006c7800000,0x00000006c80b2eb0,0x00000006d2300000)
 PSPermGen       total 47616K, used 47573K [0x00000006c2600000, 0x00000006c5480000, 0x00000006c7800000)
  object space 47616K, 99% used [0x00000006c2600000,0x00000006c54757d0,0x00000006c5480000)
Event: 8.780 GC heap after
Heap after GC invocations=7 (full 0):
 PSYoungGen      total 283136K, used 19428K [0x0000000797d00000, 0x00000007bb600000, 0x0000000800000000)
  eden space 263680K, 0% used [0x0000000797d00000,0x0000000797d00000,0x00000007a7e80000)
  from space 19456K, 99% used [0x00000007a7e80000,0x00000007a9179018,0x00000007a9180000)
  to   space 27648K, 0% used [0x00000007b9b00000,0x00000007b9b00000,0x00000007bb600000)
 ParOldGen       total 175104K, used 20187K [0x00000006c7800000, 0x00000006d2300000, 0x0000000797d00000)
  object space 175104K, 11% used [0x00000006c7800000,0x00000006c8bb6cc0,0x00000006d2300000)
 PSPermGen       total 47616K, used 47573K [0x00000006c2600000, 0x00000006c5480000, 0x00000006c7800000)
  object space 47616K, 99% used [0x00000006c2600000,0x00000006c54757d0,0x00000006c5480000)
}
Event: 18.979 GC heap before
{Heap before GC invocations=8 (full 0):
 PSYoungGen      total 283136K, used 283108K [0x0000000797d00000, 0x00000007bb600000, 0x0000000800000000)
  eden space 263680K, 100% used [0x0000000797d00000,0x00000007a7e80000,0x00000007a7e80000)
  from space 19456K, 99% used [0x00000007a7e80000,0x00000007a9179018,0x00000007a9180000)
  to   space 27648K, 0% used [0x00000007b9b00000,0x00000007b9b00000,0x00000007bb600000)
 ParOldGen       total 175104K, used 20187K [0x00000006c7800000, 0x00000006d2300000, 0x0000000797d00000)
  object space 175104K, 11% used [0x00000006c7800000,0x00000006c8bb6cc0,0x00000006d2300000)
 PSPermGen       total 49664K, used 49603K [0x00000006c2600000, 0x00000006c5680000, 0x00000006c7800000)
  object space 49664K, 99% used [0x00000006c2600000,0x00000006c5670c48,0x00000006c5680000)
Event: 18.990 GC heap after
Heap after GC invocations=8 (full 0):
 PSYoungGen      total 553472K, used 20559K [0x0000000797d00000, 0x00000007bb900000, 0x0000000800000000)
  eden space 525824K, 0% used [0x0000000797d00000,0x0000000797d00000,0x00000007b7e80000)
  from space 27648K, 74% used [0x00000007b9b00000,0x00000007baf13fa0,0x00000007bb600000)
  to   space 29184K, 0% used [0x00000007b7e80000,0x00000007b7e80000,0x00000007b9b00000)
 ParOldGen       total 175104K, used 23071K [0x00000006c7800000, 0x00000006d2300000, 0x0000000797d00000)
  object space 175104K, 13% used [0x00000006c7800000,0x00000006c8e87e28,0x00000006d2300000)
 PSPermGen       total 49664K, used 49603K [0x00000006c2600000, 0x00000006c5680000, 0x00000006c7800000)
  object space 49664K, 99% used [0x00000006c2600000,0x00000006c5670c48,0x00000006c5680000)
}

