# JRE version: Java(TM) SE Runtime Environment (7.0_45-b18) (build 1.7.0_45-b18)
# Java VM: Java HotSpot(TM) 64-Bit Server VM (24.45-b08 mixed mode linux-amd64 compressed oops)
Heap
 PSYoungGen      total 206336K, used 7710K [0x0000000797d00000, 0x00000007a4880000, 0x0000000800000000)
  eden space 205824K, 3% used [0x0000000797d00000,0x00000007984078a8,0x00000007a4600000)
  from space 512K, 100% used [0x00000007a4600000,0x00000007a4680000,0x00000007a4680000)
  to   space 1024K, 0% used [0x00000007a4780000,0x00000007a4780000,0x00000007a4880000)
 ParOldGen       total 1299968K, used 976266K [0x00000006c7800000, 0x0000000716d80000, 0x0000000797d00000)
  object space 1299968K, 75% used [0x00000006c7800000,0x0000000703162840,0x0000000716d80000)
 PSPermGen       total 83968K, used 57765K [0x00000006c2600000, 0x00000006c7800000, 0x00000006c7800000)
  object space 83968K, 68% used [0x00000006c2600000,0x00000006c5e69790,0x00000006c7800000)
GC Heap History (10 events):
Event: 3968.591 GC heap before
{Heap before GC invocations=513 (full 6):
 PSYoungGen      total 205312K, used 204864K [0x0000000797d00000, 0x00000007a4600000, 0x0000000800000000)
  eden space 204800K, 100% used [0x0000000797d00000,0x00000007a4500000,0x00000007a4500000)
  from space 512K, 12% used [0x00000007a4580000,0x00000007a4590000,0x00000007a4600000)
  to   space 512K, 0% used [0x00000007a4500000,0x00000007a4500000,0x00000007a4580000)
 ParOldGen       total 1299968K, used 975686K [0x00000006c7800000, 0x0000000716d80000, 0x0000000797d00000)
  object space 1299968K, 75% used [0x00000006c7800000,0x00000007030d1830,0x0000000716d80000)
 PSPermGen       total 83968K, used 57721K [0x00000006c2600000, 0x00000006c7800000, 0x00000006c7800000)
  object space 83968K, 68% used [0x00000006c2600000,0x00000006c5e5e658,0x00000006c7800000)
Event: 3968.594 GC heap after
Heap after GC invocations=513 (full 6):
 PSYoungGen      total 205312K, used 128K [0x0000000797d00000, 0x00000007a4680000, 0x0000000800000000)
  eden space 204800K, 0% used [0x0000000797d00000,0x0000000797d00000,0x00000007a4500000)
  from space 512K, 25% used [0x00000007a4500000,0x00000007a4520000,0x00000007a4580000)
  to   space 512K, 0% used [0x00000007a4600000,0x00000007a4600000,0x00000007a4680000)
 ParOldGen       total 1299968K, used 975686K [0x00000006c7800000, 0x0000000716d80000, 0x0000000797d00000)
  object space 1299968K, 75% used [0x00000006c7800000,0x00000007030d1830,0x0000000716d80000)
 PSPermGen       total 83968K, used 57721K [0x00000006c2600000, 0x00000006c7800000, 0x00000006c7800000)
  object space 83968K, 68% used [0x00000006c2600000,0x00000006c5e5e658,0x00000006c7800000)
}
Event: 3976.505 GC heap before
{Heap before GC invocations=514 (full 6):
 PSYoungGen      total 205312K, used 204928K [0x0000000797d00000, 0x00000007a4680000, 0x0000000800000000)
  eden space 204800K, 100% used [0x0000000797d00000,0x00000007a4500000,0x00000007a4500000)
  from space 512K, 25% used [0x00000007a4500000,0x00000007a4520000,0x00000007a4580000)
  to   space 512K, 0% used [0x00000007a4600000,0x00000007a4600000,0x00000007a4680000)
 ParOldGen       total 1299968K, used 975686K [0x00000006c7800000, 0x0000000716d80000, 0x0000000797d00000)
  object space 1299968K, 75% used [0x00000006c7800000,0x00000007030d1830,0x0000000716d80000)
 PSPermGen       total 83968K, used 57721K [0x00000006c2600000, 0x00000006c7800000, 0x00000006c7800000)
  object space 83968K, 68% used [0x00000006c2600000,0x00000006c5e5e658,0x00000006c7800000)
Event: 3976.508 GC heap after
Heap after GC invocations=514 (full 6):
 PSYoungGen      total 205824K, used 512K [0x0000000797d00000, 0x00000007a4680000, 0x0000000800000000)
  eden space 205312K, 0% used [0x0000000797d00000,0x0000000797d00000,0x00000007a4580000)
  from space 512K, 100% used [0x00000007a4600000,0x00000007a4680000,0x00000007a4680000)
  to   space 512K, 0% used [0x00000007a4580000,0x00000007a4580000,0x00000007a4600000)
 ParOldGen       total 1299968K, used 975694K [0x00000006c7800000, 0x0000000716d80000, 0x0000000797d00000)
  object space 1299968K, 75% used [0x00000006c7800000,0x00000007030d3830,0x0000000716d80000)
 PSPermGen       total 83968K, used 57721K [0x00000006c2600000, 0x00000006c7800000, 0x00000006c7800000)
  object space 83968K, 68% used [0x00000006c2600000,0x00000006c5e5e658,0x00000006c7800000)
}
Event: 3993.011 GC heap before
{Heap before GC invocations=515 (full 6):
 PSYoungGen      total 205824K, used 205824K [0x0000000797d00000, 0x00000007a4680000, 0x0000000800000000)
  eden space 205312K, 100% used [0x0000000797d00000,0x00000007a4580000,0x00000007a4580000)
  from space 512K, 100% used [0x00000007a4600000,0x00000007a4680000,0x00000007a4680000)
  to   space 512K, 0% used [0x00000007a4580000,0x00000007a4580000,0x00000007a4600000)
 ParOldGen       total 1299968K, used 975694K [0x00000006c7800000, 0x0000000716d80000, 0x0000000797d00000)
  object space 1299968K, 75% used [0x00000006c7800000,0x00000007030d3830,0x0000000716d80000)
 PSPermGen       total 83968K, used 57721K [0x00000006c2600000, 0x00000006c7800000, 0x00000006c7800000)
  object space 83968K, 68% used [0x00000006c2600000,0x00000006c5e5e658,0x00000006c7800000)
Event: 3993.014 GC heap after
Heap after GC invocations=515 (full 6):
 PSYoungGen      total 205824K, used 480K [0x0000000797d00000, 0x00000007a4700000, 0x0000000800000000)
  eden space 205312K, 0% used [0x0000000797d00000,0x0000000797d00000,0x00000007a4580000)
  from space 512K, 93% used [0x00000007a4580000,0x00000007a45f8000,0x00000007a4600000)
  to   space 512K, 0% used [0x00000007a4680000,0x00000007a4680000,0x00000007a4700000)
 ParOldGen       total 1299968K, used 975694K [0x00000006c7800000, 0x0000000716d80000, 0x0000000797d00000)
  object space 1299968K, 75% used [0x00000006c7800000,0x00000007030d3830,0x0000000716d80000)
 PSPermGen       total 83968K, used 57721K [0x00000006c2600000, 0x00000006c7800000, 0x00000006c7800000)
  object space 83968K, 68% used [0x00000006c2600000,0x00000006c5e5e658,0x00000006c7800000)
}
Event: 4005.997 GC heap before
{Heap before GC invocations=516 (full 6):
 PSYoungGen      total 205824K, used 205792K [0x0000000797d00000, 0x00000007a4700000, 0x0000000800000000)
  eden space 205312K, 100% used [0x0000000797d00000,0x00000007a4580000,0x00000007a4580000)
  from space 512K, 93% used [0x00000007a4580000,0x00000007a45f8000,0x00000007a4600000)
  to   space 512K, 0% used [0x00000007a4680000,0x00000007a4680000,0x00000007a4700000)
 ParOldGen       total 1299968K, used 975694K [0x00000006c7800000, 0x0000000716d80000, 0x0000000797d00000)
  object space 1299968K, 75% used [0x00000006c7800000,0x00000007030d3830,0x0000000716d80000)
 PSPermGen       total 83968K, used 57721K [0x00000006c2600000, 0x00000006c7800000, 0x00000006c7800000)
  object space 83968K, 68% used [0x00000006c2600000,0x00000006c5e5e658,0x00000006c7800000)
Event: 4006.000 GC heap after
Heap after GC invocations=516 (full 6):
 PSYoungGen      total 206336K, used 480K [0x0000000797d00000, 0x00000007a4700000, 0x0000000800000000)
  eden space 205824K, 0% used [0x0000000797d00000,0x0000000797d00000,0x00000007a4600000)
  from space 512K, 93% used [0x00000007a4680000,0x00000007a46f8000,0x00000007a4700000)
  to   space 512K, 0% used [0x00000007a4600000,0x00000007a4600000,0x00000007a4680000)
 ParOldGen       total 1299968K, used 975694K [0x00000006c7800000, 0x0000000716d80000, 0x0000000797d00000)
  object space 1299968K, 75% used [0x00000006c7800000,0x00000007030d3830,0x0000000716d80000)
 PSPermGen       total 83968K, used 57721K [0x00000006c2600000, 0x00000006c7800000, 0x00000006c7800000)
  object space 83968K, 68% used [0x00000006c2600000,0x00000006c5e5e658,0x00000006c7800000)
}
Event: 4020.230 GC heap before
{Heap before GC invocations=517 (full 6):
 PSYoungGen      total 206336K, used 206304K [0x0000000797d00000, 0x00000007a4700000, 0x0000000800000000)
  eden space 205824K, 100% used [0x0000000797d00000,0x00000007a4600000,0x00000007a4600000)
  from space 512K, 93% used [0x00000007a4680000,0x00000007a46f8000,0x00000007a4700000)
  to   space 512K, 0% used [0x00000007a4600000,0x00000007a4600000,0x00000007a4680000)
 ParOldGen       total 1299968K, used 975694K [0x00000006c7800000, 0x0000000716d80000, 0x0000000797d00000)
  object space 1299968K, 75% used [0x00000006c7800000,0x00000007030d3830,0x0000000716d80000)
 PSPermGen       total 83968K, used 57753K [0x00000006c2600000, 0x00000006c7800000, 0x00000006c7800000)
  object space 83968K, 68% used [0x00000006c2600000,0x00000006c5e66608,0x00000006c7800000)
Event: 4020.234 GC heap after
Heap after GC invocations=517 (full 6):
 PSYoungGen      total 206336K, used 512K [0x0000000797d00000, 0x00000007a4880000, 0x0000000800000000)
  eden space 205824K, 0% used [0x0000000797d00000,0x0000000797d00000,0x00000007a4600000)
  from space 512K, 100% used [0x00000007a4600000,0x00000007a4680000,0x00000007a4680000)
  to   space 1024K, 0% used [0x00000007a4780000,0x00000007a4780000,0x00000007a4880000)
 ParOldGen       total 1299968K, used 976266K [0x00000006c7800000, 0x0000000716d80000, 0x0000000797d00000)
  object space 1299968K, 75% used [0x00000006c7800000,0x0000000703162840,0x0000000716d80000)
 PSPermGen       total 83968K, used 57753K [0x00000006c2600000, 0x00000006c7800000, 0x00000006c7800000)
  object space 83968K, 68% used [0x00000006c2600000,0x00000006c5e66608,0x00000006c7800000)
}

