# JRE version: Java(TM) SE Runtime Environment (7.0_45-b18) (build 1.7.0_45-b18)
# Java VM: Java HotSpot(TM) 64-Bit Server VM (24.45-b08 mixed mode linux-amd64 compressed oops)
Heap
 PSYoungGen      total 79360K, used 29150K [0x00000000eb280000, 0x00000000f1e00000, 0x0000000100000000)
  eden space 60928K, 18% used [0x00000000eb280000,0x00000000ebd50480,0x00000000eee00000)
  from space 18432K, 98% used [0x00000000eef00000,0x00000000f00a73d0,0x00000000f0100000)
  to   space 24576K, 0% used [0x00000000f0600000,0x00000000f0600000,0x00000000f1e00000)
 ParOldGen       total 175104K, used 18815K [0x00000000c1800000, 0x00000000cc300000, 0x00000000eb280000)
  object space 175104K, 10% used [0x00000000c1800000,0x00000000c2a5ff58,0x00000000cc300000)
 PSPermGen       total 50176K, used 49971K [0x00000000bc600000, 0x00000000bf700000, 0x00000000c1800000)
  object space 50176K, 99% used [0x00000000bc600000,0x00000000bf6ccee0,0x00000000bf700000)
GC Heap History (10 events):
Event: 3.612 GC heap before
{Heap before GC invocations=3 (full 0):
 PSYoungGen      total 76800K, used 75392K [0x00000000eb280000, 0x00000000f0800000, 0x0000000100000000)
  eden space 66048K, 100% used [0x00000000eb280000,0x00000000ef300000,0x00000000ef300000)
  from space 10752K, 86% used [0x00000000efd80000,0x00000000f06a02a0,0x00000000f0800000)
  to   space 10752K, 0% used [0x00000000ef300000,0x00000000ef300000,0x00000000efd80000)
 ParOldGen       total 175104K, used 80K [0x00000000c1800000, 0x00000000cc300000, 0x00000000eb280000)
  object space 175104K, 0% used [0x00000000c1800000,0x00000000c1814010,0x00000000cc300000)
 PSPermGen       total 33280K, used 32785K [0x00000000bc600000, 0x00000000be680000, 0x00000000c1800000)
  object space 33280K, 98% used [0x00000000bc600000,0x00000000be604610,0x00000000be680000)
Event: 3.623 GC heap after
Heap after GC invocations=3 (full 0):
 PSYoungGen      total 76800K, used 10733K [0x00000000eb280000, 0x00000000f0800000, 0x0000000100000000)
  eden space 66048K, 0% used [0x00000000eb280000,0x00000000eb280000,0x00000000ef300000)
  from space 10752K, 99% used [0x00000000ef300000,0x00000000efd7b6f8,0x00000000efd80000)
  to   space 10752K, 0% used [0x00000000efd80000,0x00000000efd80000,0x00000000f0800000)
 ParOldGen       total 175104K, used 5791K [0x00000000c1800000, 0x00000000cc300000, 0x00000000eb280000)
  object space 175104K, 3% used [0x00000000c1800000,0x00000000c1da7f28,0x00000000cc300000)
 PSPermGen       total 33280K, used 32785K [0x00000000bc600000, 0x00000000be680000, 0x00000000c1800000)
  object space 33280K, 98% used [0x00000000bc600000,0x00000000be604610,0x00000000be680000)
}
Event: 18.465 GC heap before
{Heap before GC invocations=4 (full 0):
 PSYoungGen      total 76800K, used 76086K [0x00000000eb280000, 0x00000000f0800000, 0x0000000100000000)
  eden space 66048K, 98% used [0x00000000eb280000,0x00000000ef2522e8,0x00000000ef300000)
  from space 10752K, 99% used [0x00000000ef300000,0x00000000efd7b6f8,0x00000000efd80000)
  to   space 10752K, 0% used [0x00000000efd80000,0x00000000efd80000,0x00000000f0800000)
 ParOldGen       total 175104K, used 5791K [0x00000000c1800000, 0x00000000cc300000, 0x00000000eb280000)
  object space 175104K, 3% used [0x00000000c1800000,0x00000000c1da7f28,0x00000000cc300000)
 PSPermGen       total 35840K, used 35566K [0x00000000bc600000, 0x00000000be900000, 0x00000000c1800000)
  object space 35840K, 99% used [0x00000000bc600000,0x00000000be8bba08,0x00000000be900000)
Event: 18.472 GC heap after
Heap after GC invocations=4 (full 0):
 PSYoungGen      total 76800K, used 10727K [0x00000000eb280000, 0x00000000f0800000, 0x0000000100000000)
  eden space 66048K, 0% used [0x00000000eb280000,0x00000000eb280000,0x00000000ef300000)
  from space 10752K, 99% used [0x00000000efd80000,0x00000000f07f9d58,0x00000000f0800000)
  to   space 10752K, 0% used [0x00000000ef300000,0x00000000ef300000,0x00000000efd80000)
 ParOldGen       total 175104K, used 8911K [0x00000000c1800000, 0x00000000cc300000, 0x00000000eb280000)
  object space 175104K, 5% used [0x00000000c1800000,0x00000000c20b3f98,0x00000000cc300000)
 PSPermGen       total 35840K, used 35566K [0x00000000bc600000, 0x00000000be900000, 0x00000000c1800000)
  object space 35840K, 99% used [0x00000000bc600000,0x00000000be8bba08,0x00000000be900000)
}
Event: 37.712 GC heap before
{Heap before GC invocations=5 (full 0):
 PSYoungGen      total 76800K, used 76775K [0x00000000eb280000, 0x00000000f0800000, 0x0000000100000000)
  eden space 66048K, 100% used [0x00000000eb280000,0x00000000ef300000,0x00000000ef300000)
  from space 10752K, 99% used [0x00000000efd80000,0x00000000f07f9d58,0x00000000f0800000)
  to   space 10752K, 0% used [0x00000000ef300000,0x00000000ef300000,0x00000000efd80000)
 ParOldGen       total 175104K, used 8911K [0x00000000c1800000, 0x00000000cc300000, 0x00000000eb280000)
  object space 175104K, 5% used [0x00000000c1800000,0x00000000c20b3f98,0x00000000cc300000)
 PSPermGen       total 38912K, used 38428K [0x00000000bc600000, 0x00000000bec00000, 0x00000000c1800000)
  object space 38912K, 98% used [0x00000000bc600000,0x00000000beb87070,0x00000000bec00000)
Event: 37.721 GC heap after
Heap after GC invocations=5 (full 0):
 PSYoungGen      total 75264K, used 10747K [0x00000000eb280000, 0x00000000f1b80000, 0x0000000100000000)
  eden space 64512K, 0% used [0x00000000eb280000,0x00000000eb280000,0x00000000ef180000)
  from space 10752K, 99% used [0x00000000ef300000,0x00000000efd7ee18,0x00000000efd80000)
  to   space 21504K, 0% used [0x00000000f0680000,0x00000000f0680000,0x00000000f1b80000)
 ParOldGen       total 175104K, used 14795K [0x00000000c1800000, 0x00000000cc300000, 0x00000000eb280000)
  object space 175104K, 8% used [0x00000000c1800000,0x00000000c2672fd8,0x00000000cc300000)
 PSPermGen       total 38912K, used 38428K [0x00000000bc600000, 0x00000000bec00000, 0x00000000c1800000)
  object space 38912K, 98% used [0x00000000bc600000,0x00000000beb87070,0x00000000bec00000)
}
Event: 38.411 GC heap before
{Heap before GC invocations=6 (full 0):
 PSYoungGen      total 75264K, used 75259K [0x00000000eb280000, 0x00000000f1b80000, 0x0000000100000000)
  eden space 64512K, 100% used [0x00000000eb280000,0x00000000ef180000,0x00000000ef180000)
  from space 10752K, 99% used [0x00000000ef300000,0x00000000efd7ee18,0x00000000efd80000)
  to   space 21504K, 0% used [0x00000000f0680000,0x00000000f0680000,0x00000000f1b80000)
 ParOldGen       total 175104K, used 14795K [0x00000000c1800000, 0x00000000cc300000, 0x00000000eb280000)
  object space 175104K, 8% used [0x00000000c1800000,0x00000000c2672fd8,0x00000000cc300000)
 PSPermGen       total 48640K, used 48479K [0x00000000bc600000, 0x00000000bf580000, 0x00000000c1800000)
  object space 48640K, 99% used [0x00000000bc600000,0x00000000bf557e00,0x00000000bf580000)
Event: 38.423 GC heap after
Heap after GC invocations=6 (full 0):
 PSYoungGen      total 83456K, used 19120K [0x00000000eb280000, 0x00000000f1f00000, 0x0000000100000000)
  eden space 61952K, 0% used [0x00000000eb280000,0x00000000eb280000,0x00000000eef00000)
  from space 21504K, 88% used [0x00000000f0680000,0x00000000f192c080,0x00000000f1b80000)
  to   space 24064K, 0% used [0x00000000eef00000,0x00000000eef00000,0x00000000f0680000)
 ParOldGen       total 175104K, used 14795K [0x00000000c1800000, 0x00000000cc300000, 0x00000000eb280000)
  object space 175104K, 8% used [0x00000000c1800000,0x00000000c2672fd8,0x00000000cc300000)
 PSPermGen       total 48640K, used 48479K [0x00000000bc600000, 0x00000000bf580000, 0x00000000c1800000)
  object space 48640K, 99% used [0x00000000bc600000,0x00000000bf557e00,0x00000000bf580000)
}
Event: 78.217 GC heap before
{Heap before GC invocations=7 (full 0):
 PSYoungGen      total 83456K, used 81072K [0x00000000eb280000, 0x00000000f1f00000, 0x0000000100000000)
  eden space 61952K, 100% used [0x00000000eb280000,0x00000000eef00000,0x00000000eef00000)
  from space 21504K, 88% used [0x00000000f0680000,0x00000000f192c080,0x00000000f1b80000)
  to   space 24064K, 0% used [0x00000000eef00000,0x00000000eef00000,0x00000000f0680000)
 ParOldGen       total 175104K, used 14795K [0x00000000c1800000, 0x00000000cc300000, 0x00000000eb280000)
  object space 175104K, 8% used [0x00000000c1800000,0x00000000c2672fd8,0x00000000cc300000)
 PSPermGen       total 50176K, used 49929K [0x00000000bc600000, 0x00000000bf700000, 0x00000000c1800000)
  object space 50176K, 99% used [0x00000000bc600000,0x00000000bf6c25a0,0x00000000bf700000)
Event: 78.228 GC heap after
Heap after GC invocations=7 (full 0):
 PSYoungGen      total 79360K, used 18076K [0x00000000eb280000, 0x00000000f1e00000, 0x0000000100000000)
  eden space 60928K, 0% used [0x00000000eb280000,0x00000000eb280000,0x00000000eee00000)
  from space 18432K, 98% used [0x00000000eef00000,0x00000000f00a73d0,0x00000000f0100000)
  to   space 24576K, 0% used [0x00000000f0600000,0x00000000f0600000,0x00000000f1e00000)
 ParOldGen       total 175104K, used 18815K [0x00000000c1800000, 0x00000000cc300000, 0x00000000eb280000)
  object space 175104K, 10% used [0x00000000c1800000,0x00000000c2a5ff58,0x00000000cc300000)
 PSPermGen       total 50176K, used 49929K [0x00000000bc600000, 0x00000000bf700000, 0x00000000c1800000)
  object space 50176K, 99% used [0x00000000bc600000,0x00000000bf6c25a0,0x00000000bf700000)
}

