# JRE version: Java(TM) SE Runtime Environment (7.0_45-b18) (build 1.7.0_45-b18)
# Java VM: Java HotSpot(TM) 64-Bit Server VM (24.45-b08 mixed mode linux-amd64 compressed oops)
Heap
 PSYoungGen      total 285696K, used 247414K [0x0000000797d00000, 0x00000007acf00000, 0x0000000800000000)
  eden space 246784K, 99% used [0x0000000797d00000,0x00000007a6ded3f0,0x00000007a6e00000)
  from space 38912K, 1% used [0x00000007aa900000,0x00000007aa9b0538,0x00000007acf00000)
  to   space 49664K, 0% used [0x00000007a6e00000,0x00000007a6e00000,0x00000007a9e80000)
 ParOldGen       total 175104K, used 115309K [0x00000006c7800000, 0x00000006d2300000, 0x0000000797d00000)
  object space 175104K, 65% used [0x00000006c7800000,0x00000006ce89b598,0x00000006d2300000)
 PSPermGen       total 54784K, used 54740K [0x00000006c2600000, 0x00000006c5b80000, 0x00000006c7800000)
  object space 54784K, 99% used [0x00000006c2600000,0x00000006c5b75298,0x00000006c5b80000)
GC Heap History (10 events):
Event: 23.037 GC heap before
{Heap before GC invocations=12 (full 0):
 PSYoungGen      total 238080K, used 181623K [0x0000000797d00000, 0x00000007b0800000, 0x0000000800000000)
  eden space 180224K, 100% used [0x0000000797d00000,0x00000007a2d00000,0x00000007a2d00000)
  from space 57856K, 2% used [0x00000007a2d00000,0x00000007a2e5de38,0x00000007a6580000)
  to   space 57856K, 0% used [0x00000007acf80000,0x00000007acf80000,0x00000007b0800000)
 ParOldGen       total 175104K, used 90150K [0x00000006c7800000, 0x00000006d2300000, 0x0000000797d00000)
  object space 175104K, 51% used [0x00000006c7800000,0x00000006cd009b50,0x00000006d2300000)
 PSPermGen       total 43008K, used 42976K [0x00000006c2600000, 0x00000006c5000000, 0x00000006c7800000)
  object space 43008K, 99% used [0x00000006c2600000,0x00000006c4ff8378,0x00000006c5000000)
Event: 23.042 GC heap after
Heap after GC invocations=12 (full 0):
 PSYoungGen      total 340480K, used 13502K [0x0000000797d00000, 0x00000007b0200000, 0x0000000800000000)
  eden space 288768K, 0% used [0x0000000797d00000,0x0000000797d00000,0x00000007a9700000)
  from space 51712K, 26% used [0x00000007acf80000,0x00000007adcafb20,0x00000007b0200000)
  to   space 54784K, 0% used [0x00000007a9700000,0x00000007a9700000,0x00000007acc80000)
 ParOldGen       total 175104K, used 91103K [0x00000006c7800000, 0x00000006d2300000, 0x0000000797d00000)
  object space 175104K, 52% used [0x00000006c7800000,0x00000006cd0f7dc0,0x00000006d2300000)
 PSPermGen       total 43008K, used 42976K [0x00000006c2600000, 0x00000006c5000000, 0x00000006c7800000)
  object space 43008K, 99% used [0x00000006c2600000,0x00000006c4ff8378,0x00000006c5000000)
}
Event: 153.966 GC heap before
{Heap before GC invocations=13 (full 0):
 PSYoungGen      total 340480K, used 302270K [0x0000000797d00000, 0x00000007b0200000, 0x0000000800000000)
  eden space 288768K, 100% used [0x0000000797d00000,0x00000007a9700000,0x00000007a9700000)
  from space 51712K, 26% used [0x00000007acf80000,0x00000007adcafb20,0x00000007b0200000)
  to   space 54784K, 0% used [0x00000007a9700000,0x00000007a9700000,0x00000007acc80000)
 ParOldGen       total 175104K, used 91103K [0x00000006c7800000, 0x00000006d2300000, 0x0000000797d00000)
  object space 175104K, 52% used [0x00000006c7800000,0x00000006cd0f7dc0,0x00000006d2300000)
 PSPermGen       total 54272K, used 54154K [0x00000006c2600000, 0x00000006c5b00000, 0x00000006c7800000)
  object space 54272K, 99% used [0x00000006c2600000,0x00000006c5ae2a98,0x00000006c5b00000)
Event: 153.977 GC heap after
Heap after GC invocations=13 (full 0):
 PSYoungGen      total 291840K, used 14309K [0x0000000797d00000, 0x00000007af100000, 0x0000000800000000)
  eden space 277504K, 0% used [0x0000000797d00000,0x0000000797d00000,0x00000007a8c00000)
  from space 14336K, 99% used [0x00000007a9700000,0x00000007aa4f9768,0x00000007aa500000)
  to   space 51712K, 0% used [0x00000007abe80000,0x00000007abe80000,0x00000007af100000)
 ParOldGen       total 175104K, used 103470K [0x00000006c7800000, 0x00000006d2300000, 0x0000000797d00000)
  object space 175104K, 59% used [0x00000006c7800000,0x00000006cdd0bb78,0x00000006d2300000)
 PSPermGen       total 54272K, used 54154K [0x00000006c2600000, 0x00000006c5b00000, 0x00000006c7800000)
  object space 54272K, 99% used [0x00000006c2600000,0x00000006c5ae2a98,0x00000006c5b00000)
}
Event: 155.570 GC heap before
{Heap before GC invocations=14 (full 0):
 PSYoungGen      total 291840K, used 291813K [0x0000000797d00000, 0x00000007af100000, 0x0000000800000000)
  eden space 277504K, 100% used [0x0000000797d00000,0x00000007a8c00000,0x00000007a8c00000)
  from space 14336K, 99% used [0x00000007a9700000,0x00000007aa4f9768,0x00000007aa500000)
  to   space 51712K, 0% used [0x00000007abe80000,0x00000007abe80000,0x00000007af100000)
 ParOldGen       total 175104K, used 103470K [0x00000006c7800000, 0x00000006d2300000, 0x0000000797d00000)
  object space 175104K, 59% used [0x00000006c7800000,0x00000006cdd0bb78,0x00000006d2300000)
 PSPermGen       total 54272K, used 54216K [0x00000006c2600000, 0x00000006c5b00000, 0x00000006c7800000)
  object space 54272K, 99% used [0x00000006c2600000,0x00000006c5af23c0,0x00000006c5b00000)
Event: 155.576 GC heap after
Heap after GC invocations=14 (full 0):
 PSYoungGen      total 307712K, used 737K [0x0000000797d00000, 0x00000007ae680000, 0x0000000800000000)
  eden space 266752K, 0% used [0x0000000797d00000,0x0000000797d00000,0x00000007a8180000)
  from space 40960K, 1% used [0x00000007abe80000,0x00000007abf38538,0x00000007ae680000)
  to   space 51712K, 0% used [0x00000007a8180000,0x00000007a8180000,0x00000007ab400000)
 ParOldGen       total 175104K, used 115157K [0x00000006c7800000, 0x00000006d2300000, 0x0000000797d00000)
  object space 175104K, 65% used [0x00000006c7800000,0x00000006ce875568,0x00000006d2300000)
 PSPermGen       total 54272K, used 54216K [0x00000006c2600000, 0x00000006c5b00000, 0x00000006c7800000)
  object space 54272K, 99% used [0x00000006c2600000,0x00000006c5af23c0,0x00000006c5b00000)
}
Event: 157.008 GC heap before
{Heap before GC invocations=15 (full 0):
 PSYoungGen      total 307712K, used 267489K [0x0000000797d00000, 0x00000007ae680000, 0x0000000800000000)
  eden space 266752K, 100% used [0x0000000797d00000,0x00000007a8180000,0x00000007a8180000)
  from space 40960K, 1% used [0x00000007abe80000,0x00000007abf38538,0x00000007ae680000)
  to   space 51712K, 0% used [0x00000007a8180000,0x00000007a8180000,0x00000007ab400000)
 ParOldGen       total 175104K, used 115157K [0x00000006c7800000, 0x00000006d2300000, 0x0000000797d00000)
  object space 175104K, 65% used [0x00000006c7800000,0x00000006ce875568,0x00000006d2300000)
 PSPermGen       total 54272K, used 54221K [0x00000006c2600000, 0x00000006c5b00000, 0x00000006c7800000)
  object space 54272K, 99% used [0x00000006c2600000,0x00000006c5af34d8,0x00000006c5b00000)
Event: 157.010 GC heap after
Heap after GC invocations=15 (full 0):
 PSYoungGen      total 257536K, used 577K [0x0000000797d00000, 0x00000007ada80000, 0x0000000800000000)
  eden space 256512K, 0% used [0x0000000797d00000,0x0000000797d00000,0x00000007a7780000)
  from space 1024K, 56% used [0x00000007a8180000,0x00000007a8210538,0x00000007a8280000)
  to   space 50688K, 0% used [0x00000007aa900000,0x00000007aa900000,0x00000007ada80000)
 ParOldGen       total 175104K, used 115277K [0x00000006c7800000, 0x00000006d2300000, 0x0000000797d00000)
  object space 175104K, 65% used [0x00000006c7800000,0x00000006ce893598,0x00000006d2300000)
 PSPermGen       total 54272K, used 54221K [0x00000006c2600000, 0x00000006c5b00000, 0x00000006c7800000)
  object space 54272K, 99% used [0x00000006c2600000,0x00000006c5af34d8,0x00000006c5b00000)
}
Event: 158.418 GC heap before
{Heap before GC invocations=16 (full 0):
 PSYoungGen      total 257536K, used 257089K [0x0000000797d00000, 0x00000007ada80000, 0x0000000800000000)
  eden space 256512K, 100% used [0x0000000797d00000,0x00000007a7780000,0x00000007a7780000)
  from space 1024K, 56% used [0x00000007a8180000,0x00000007a8210538,0x00000007a8280000)
  to   space 50688K, 0% used [0x00000007aa900000,0x00000007aa900000,0x00000007ada80000)
 ParOldGen       total 175104K, used 115277K [0x00000006c7800000, 0x00000006d2300000, 0x0000000797d00000)
  object space 175104K, 65% used [0x00000006c7800000,0x00000006ce893598,0x00000006d2300000)
 PSPermGen       total 54272K, used 54234K [0x00000006c2600000, 0x00000006c5b00000, 0x00000006c7800000)
  object space 54272K, 99% used [0x00000006c2600000,0x00000006c5af6a58,0x00000006c5b00000)
Event: 158.421 GC heap after
Heap after GC invocations=16 (full 0):
 PSYoungGen      total 285696K, used 705K [0x0000000797d00000, 0x00000007acf00000, 0x0000000800000000)
  eden space 246784K, 0% used [0x0000000797d00000,0x0000000797d00000,0x00000007a6e00000)
  from space 38912K, 1% used [0x00000007aa900000,0x00000007aa9b0538,0x00000007acf00000)
  to   space 49664K, 0% used [0x00000007a6e00000,0x00000007a6e00000,0x00000007a9e80000)
 ParOldGen       total 175104K, used 115309K [0x00000006c7800000, 0x00000006d2300000, 0x0000000797d00000)
  object space 175104K, 65% used [0x00000006c7800000,0x00000006ce89b598,0x00000006d2300000)
 PSPermGen       total 54272K, used 54234K [0x00000006c2600000, 0x00000006c5b00000, 0x00000006c7800000)
  object space 54272K, 99% used [0x00000006c2600000,0x00000006c5af6a58,0x00000006c5b00000)
}

