# JRE version: Java(TM) SE Runtime Environment (7.0_45-b18) (build 1.7.0_45-b18)
# Java VM: Java HotSpot(TM) 64-Bit Server VM (24.45-b08 mixed mode linux-amd64 compressed oops)
Heap
 PSYoungGen      total 76800K, used 31596K [0x0000000759500000, 0x000000075fc00000, 0x0000000800000000)
  eden space 61440K, 26% used [0x0000000759500000,0x000000075a5162a0,0x000000075d100000)
  from space 15360K, 98% used [0x000000075d280000,0x000000075e144f88,0x000000075e180000)
  to   space 22016K, 0% used [0x000000075e680000,0x000000075e680000,0x000000075fc00000)
 ParOldGen       total 175104K, used 15745K [0x000000060c000000, 0x0000000616b00000, 0x0000000759500000)
  object space 175104K, 8% used [0x000000060c000000,0x000000060cf60768,0x0000000616b00000)
 PSPermGen       total 45056K, used 44836K [0x0000000606e00000, 0x0000000609a00000, 0x000000060c000000)
  object space 45056K, 99% used [0x0000000606e00000,0x00000006099c91f0,0x0000000609a00000)
GC Heap History (10 events):
Event: 2.329 GC heap before
{Heap before GC invocations=3 (full 0):
 PSYoungGen      total 76800K, used 74673K [0x0000000759500000, 0x000000075ea80000, 0x0000000800000000)
  eden space 66048K, 100% used [0x0000000759500000,0x000000075d580000,0x000000075d580000)
  from space 10752K, 80% used [0x000000075e000000,0x000000075e86c538,0x000000075ea80000)
  to   space 10752K, 0% used [0x000000075d580000,0x000000075d580000,0x000000075e000000)
 ParOldGen       total 175104K, used 80K [0x000000060c000000, 0x0000000616b00000, 0x0000000759500000)
  object space 175104K, 0% used [0x000000060c000000,0x000000060c014010,0x0000000616b00000)
 PSPermGen       total 28672K, used 28503K [0x0000000606e00000, 0x0000000608a00000, 0x000000060c000000)
  object space 28672K, 99% used [0x0000000606e00000,0x00000006089d5df8,0x0000000608a00000)
Event: 2.338 GC heap after
Heap after GC invocations=3 (full 0):
 PSYoungGen      total 76800K, used 10729K [0x0000000759500000, 0x000000075ea80000, 0x0000000800000000)
  eden space 66048K, 0% used [0x0000000759500000,0x0000000759500000,0x000000075d580000)
  from space 10752K, 99% used [0x000000075d580000,0x000000075dffa7e0,0x000000075e000000)
  to   space 10752K, 0% used [0x000000075e000000,0x000000075e000000,0x000000075ea80000)
 ParOldGen       total 175104K, used 1001K [0x000000060c000000, 0x0000000616b00000, 0x0000000759500000)
  object space 175104K, 0% used [0x000000060c000000,0x000000060c0fa5b8,0x0000000616b00000)
 PSPermGen       total 28672K, used 28503K [0x0000000606e00000, 0x0000000608a00000, 0x000000060c000000)
  object space 28672K, 99% used [0x0000000606e00000,0x00000006089d5df8,0x0000000608a00000)
}
Event: 4.261 GC heap before
{Heap before GC invocations=4 (full 0):
 PSYoungGen      total 76800K, used 76777K [0x0000000759500000, 0x000000075ea80000, 0x0000000800000000)
  eden space 66048K, 100% used [0x0000000759500000,0x000000075d580000,0x000000075d580000)
  from space 10752K, 99% used [0x000000075d580000,0x000000075dffa7e0,0x000000075e000000)
  to   space 10752K, 0% used [0x000000075e000000,0x000000075e000000,0x000000075ea80000)
 ParOldGen       total 175104K, used 1001K [0x000000060c000000, 0x0000000616b00000, 0x0000000759500000)
  object space 175104K, 0% used [0x000000060c000000,0x000000060c0fa5b8,0x0000000616b00000)
 PSPermGen       total 33792K, used 33518K [0x0000000606e00000, 0x0000000608f00000, 0x000000060c000000)
  object space 33792K, 99% used [0x0000000606e00000,0x0000000608ebb978,0x0000000608f00000)
Event: 4.272 GC heap after
Heap after GC invocations=4 (full 0):
 PSYoungGen      total 76800K, used 10740K [0x0000000759500000, 0x000000075ea80000, 0x0000000800000000)
  eden space 66048K, 0% used [0x0000000759500000,0x0000000759500000,0x000000075d580000)
  from space 10752K, 99% used [0x000000075e000000,0x000000075ea7d1b0,0x000000075ea80000)
  to   space 10752K, 0% used [0x000000075d580000,0x000000075d580000,0x000000075e000000)
 ParOldGen       total 175104K, used 6157K [0x000000060c000000, 0x0000000616b00000, 0x0000000759500000)
  object space 175104K, 3% used [0x000000060c000000,0x000000060c6035e8,0x0000000616b00000)
 PSPermGen       total 33792K, used 33518K [0x0000000606e00000, 0x0000000608f00000, 0x000000060c000000)
  object space 33792K, 99% used [0x0000000606e00000,0x0000000608ebb978,0x0000000608f00000)
}
Event: 6.847 GC heap before
{Heap before GC invocations=5 (full 0):
 PSYoungGen      total 76800K, used 76788K [0x0000000759500000, 0x000000075ea80000, 0x0000000800000000)
  eden space 66048K, 100% used [0x0000000759500000,0x000000075d580000,0x000000075d580000)
  from space 10752K, 99% used [0x000000075e000000,0x000000075ea7d1b0,0x000000075ea80000)
  to   space 10752K, 0% used [0x000000075d580000,0x000000075d580000,0x000000075e000000)
 ParOldGen       total 175104K, used 6157K [0x000000060c000000, 0x0000000616b00000, 0x0000000759500000)
  object space 175104K, 3% used [0x000000060c000000,0x000000060c6035e8,0x0000000616b00000)
 PSPermGen       total 40960K, used 40771K [0x0000000606e00000, 0x0000000609600000, 0x000000060c000000)
  object space 40960K, 99% used [0x0000000606e00000,0x00000006095d0cc8,0x0000000609600000)
Event: 6.858 GC heap after
Heap after GC invocations=5 (full 0):
 PSYoungGen      total 75264K, used 10725K [0x0000000759500000, 0x000000075fe00000, 0x0000000800000000)
  eden space 64512K, 0% used [0x0000000759500000,0x0000000759500000,0x000000075d400000)
  from space 10752K, 99% used [0x000000075d580000,0x000000075dff9510,0x000000075e000000)
  to   space 21504K, 0% used [0x000000075e900000,0x000000075e900000,0x000000075fe00000)
 ParOldGen       total 175104K, used 11965K [0x000000060c000000, 0x0000000616b00000, 0x0000000759500000)
  object space 175104K, 6% used [0x000000060c000000,0x000000060cbaf518,0x0000000616b00000)
 PSPermGen       total 40960K, used 40771K [0x0000000606e00000, 0x0000000609600000, 0x000000060c000000)
  object space 40960K, 99% used [0x0000000606e00000,0x00000006095d0cc8,0x0000000609600000)
}
Event: 21.125 GC heap before
{Heap before GC invocations=6 (full 0):
 PSYoungGen      total 75264K, used 75237K [0x0000000759500000, 0x000000075fe00000, 0x0000000800000000)
  eden space 64512K, 100% used [0x0000000759500000,0x000000075d400000,0x000000075d400000)
  from space 10752K, 99% used [0x000000075d580000,0x000000075dff9510,0x000000075e000000)
  to   space 21504K, 0% used [0x000000075e900000,0x000000075e900000,0x000000075fe00000)
 ParOldGen       total 175104K, used 11965K [0x000000060c000000, 0x0000000616b00000, 0x0000000759500000)
  object space 175104K, 6% used [0x000000060c000000,0x000000060cbaf518,0x0000000616b00000)
 PSPermGen       total 41984K, used 41714K [0x0000000606e00000, 0x0000000609700000, 0x000000060c000000)
  object space 41984K, 99% used [0x0000000606e00000,0x00000006096bcab8,0x0000000609700000)
Event: 21.135 GC heap after
Heap after GC invocations=6 (full 0):
 PSYoungGen      total 82944K, used 14660K [0x0000000759500000, 0x000000075fc80000, 0x0000000800000000)
  eden space 62976K, 0% used [0x0000000759500000,0x0000000759500000,0x000000075d280000)
  from space 19968K, 73% used [0x000000075e900000,0x000000075f7510f8,0x000000075fc80000)
  to   space 21504K, 0% used [0x000000075d280000,0x000000075d280000,0x000000075e780000)
 ParOldGen       total 175104K, used 11973K [0x000000060c000000, 0x0000000616b00000, 0x0000000759500000)
  object space 175104K, 6% used [0x000000060c000000,0x000000060cbb1518,0x0000000616b00000)
 PSPermGen       total 41984K, used 41714K [0x0000000606e00000, 0x0000000609700000, 0x000000060c000000)
  object space 41984K, 99% used [0x0000000606e00000,0x00000006096bcab8,0x0000000609700000)
}
Event: 38.530 GC heap before
{Heap before GC invocations=7 (full 0):
 PSYoungGen      total 82944K, used 73425K [0x0000000759500000, 0x000000075fc80000, 0x0000000800000000)
  eden space 62976K, 93% used [0x0000000759500000,0x000000075ce634e0,0x000000075d280000)
  from space 19968K, 73% used [0x000000075e900000,0x000000075f7510f8,0x000000075fc80000)
  to   space 21504K, 0% used [0x000000075d280000,0x000000075d280000,0x000000075e780000)
 ParOldGen       total 175104K, used 11973K [0x000000060c000000, 0x0000000616b00000, 0x0000000759500000)
  object space 175104K, 6% used [0x000000060c000000,0x000000060cbb1518,0x0000000616b00000)
 PSPermGen       total 45056K, used 44788K [0x0000000606e00000, 0x0000000609a00000, 0x000000060c000000)
  object space 45056K, 99% used [0x0000000606e00000,0x00000006099bd008,0x0000000609a00000)
Event: 38.539 GC heap after
Heap after GC invocations=7 (full 0):
 PSYoungGen      total 76800K, used 15123K [0x0000000759500000, 0x000000075fc00000, 0x0000000800000000)
  eden space 61440K, 0% used [0x0000000759500000,0x0000000759500000,0x000000075d100000)
  from space 15360K, 98% used [0x000000075d280000,0x000000075e144f88,0x000000075e180000)
  to   space 22016K, 0% used [0x000000075e680000,0x000000075e680000,0x000000075fc00000)
 ParOldGen       total 175104K, used 15745K [0x000000060c000000, 0x0000000616b00000, 0x0000000759500000)
  object space 175104K, 8% used [0x000000060c000000,0x000000060cf60768,0x0000000616b00000)
 PSPermGen       total 45056K, used 44788K [0x0000000606e00000, 0x0000000609a00000, 0x000000060c000000)
  object space 45056K, 99% used [0x0000000606e00000,0x00000006099bd008,0x0000000609a00000)
}

