# JRE version: Java(TM) SE Runtime Environment (7.0_45-b18) (build 1.7.0_45-b18)
# Java VM: Java HotSpot(TM) 64-Bit Server VM (24.45-b08 mixed mode linux-amd64 compressed oops)
Heap
 PSYoungGen      total 83456K, used 51752K [0x0000000797d00000, 0x000000079e800000, 0x0000000800000000)
  eden space 58368K, 88% used [0x0000000797d00000,0x000000079af52170,0x000000079b600000)
  from space 25088K, 0% used [0x000000079cf80000,0x000000079cfb8000,0x000000079e800000)
  to   space 25600K, 0% used [0x000000079b600000,0x000000079b600000,0x000000079cf00000)
 ParOldGen       total 175104K, used 33607K [0x00000006c7800000, 0x00000006d2300000, 0x0000000797d00000)
  object space 175104K, 19% used [0x00000006c7800000,0x00000006c98d1dd0,0x00000006d2300000)
 PSPermGen       total 53248K, used 52873K [0x00000006c2600000, 0x00000006c5a00000, 0x00000006c7800000)
  object space 53248K, 99% used [0x00000006c2600000,0x00000006c59a2758,0x00000006c5a00000)
GC Heap History (10 events):
Event: 27.732 GC heap before
{Heap before GC invocations=6 (full 0):
 PSYoungGen      total 75264K, used 70749K [0x0000000797d00000, 0x00000007a0900000, 0x0000000800000000)
  eden space 64512K, 93% used [0x0000000797d00000,0x000000079b79b8d8,0x000000079bc00000)
  from space 10752K, 99% used [0x000000079bd80000,0x000000079c7fbe10,0x000000079c800000)
  to   space 24064K, 0% used [0x000000079f180000,0x000000079f180000,0x00000007a0900000)
 ParOldGen       total 175104K, used 20909K [0x00000006c7800000, 0x00000006d2300000, 0x0000000797d00000)
  object space 175104K, 11% used [0x00000006c7800000,0x00000006c8c6b5a0,0x00000006d2300000)
 PSPermGen       total 50688K, used 50374K [0x00000006c2600000, 0x00000006c5780000, 0x00000006c7800000)
  object space 50688K, 99% used [0x00000006c2600000,0x00000006c5731bb0,0x00000006c5780000)
Event: 27.742 GC heap after
Heap after GC invocations=6 (full 0):
 PSYoungGen      total 80384K, used 17378K [0x0000000797d00000, 0x00000007a0280000, 0x0000000800000000)
  eden space 62976K, 0% used [0x0000000797d00000,0x0000000797d00000,0x000000079ba80000)
  from space 17408K, 99% used [0x000000079f180000,0x00000007a0278980,0x00000007a0280000)
  to   space 24576K, 0% used [0x000000079d280000,0x000000079d280000,0x000000079ea80000)
 ParOldGen       total 175104K, used 20917K [0x00000006c7800000, 0x00000006d2300000, 0x0000000797d00000)
  object space 175104K, 11% used [0x00000006c7800000,0x00000006c8c6d5a0,0x00000006d2300000)
 PSPermGen       total 50688K, used 50374K [0x00000006c2600000, 0x00000006c5780000, 0x00000006c7800000)
  object space 50688K, 99% used [0x00000006c2600000,0x00000006c5731bb0,0x00000006c5780000)
}
Event: 151.753 GC heap before
{Heap before GC invocations=7 (full 0):
 PSYoungGen      total 80384K, used 80354K [0x0000000797d00000, 0x00000007a0280000, 0x0000000800000000)
  eden space 62976K, 100% used [0x0000000797d00000,0x000000079ba80000,0x000000079ba80000)
  from space 17408K, 99% used [0x000000079f180000,0x00000007a0278980,0x00000007a0280000)
  to   space 24576K, 0% used [0x000000079d280000,0x000000079d280000,0x000000079ea80000)
 ParOldGen       total 175104K, used 20917K [0x00000006c7800000, 0x00000006d2300000, 0x0000000797d00000)
  object space 175104K, 11% used [0x00000006c7800000,0x00000006c8c6d5a0,0x00000006d2300000)
 PSPermGen       total 52736K, used 52409K [0x00000006c2600000, 0x00000006c5980000, 0x00000006c7800000)
  object space 52736K, 99% used [0x00000006c2600000,0x00000006c592e568,0x00000006c5980000)
Event: 151.765 GC heap after
Heap after GC invocations=7 (full 0):
 PSYoungGen      total 76288K, used 14759K [0x0000000797d00000, 0x000000079f200000, 0x0000000800000000)
  eden space 61440K, 0% used [0x0000000797d00000,0x0000000797d00000,0x000000079b900000)
  from space 14848K, 99% used [0x000000079d280000,0x000000079e0e9e88,0x000000079e100000)
  to   space 17408K, 0% used [0x000000079e100000,0x000000079e100000,0x000000079f200000)
 ParOldGen       total 175104K, used 24485K [0x00000006c7800000, 0x00000006d2300000, 0x0000000797d00000)
  object space 175104K, 13% used [0x00000006c7800000,0x00000006c8fe9698,0x00000006d2300000)
 PSPermGen       total 52736K, used 52409K [0x00000006c2600000, 0x00000006c5980000, 0x00000006c7800000)
  object space 52736K, 99% used [0x00000006c2600000,0x00000006c592e568,0x00000006c5980000)
}
Event: 416.201 GC heap before
{Heap before GC invocations=8 (full 0):
 PSYoungGen      total 76288K, used 76199K [0x0000000797d00000, 0x000000079f200000, 0x0000000800000000)
  eden space 61440K, 100% used [0x0000000797d00000,0x000000079b900000,0x000000079b900000)
  from space 14848K, 99% used [0x000000079d280000,0x000000079e0e9e88,0x000000079e100000)
  to   space 17408K, 0% used [0x000000079e100000,0x000000079e100000,0x000000079f200000)
 ParOldGen       total 175104K, used 24485K [0x00000006c7800000, 0x00000006d2300000, 0x0000000797d00000)
  object space 175104K, 13% used [0x00000006c7800000,0x00000006c8fe9698,0x00000006d2300000)
 PSPermGen       total 52736K, used 52541K [0x00000006c2600000, 0x00000006c5980000, 0x00000006c7800000)
  object space 52736K, 99% used [0x00000006c2600000,0x00000006c594f558,0x00000006c5980000)
Event: 416.207 GC heap after
Heap after GC invocations=8 (full 0):
 PSYoungGen      total 66560K, used 5509K [0x0000000797d00000, 0x000000079e700000, 0x0000000800000000)
  eden space 60416K, 0% used [0x0000000797d00000,0x0000000797d00000,0x000000079b800000)
  from space 6144K, 89% used [0x000000079e100000,0x000000079e6617e8,0x000000079e700000)
  to   space 24064K, 0% used [0x000000079b800000,0x000000079b800000,0x000000079cf80000)
 ParOldGen       total 175104K, used 29514K [0x00000006c7800000, 0x00000006d2300000, 0x0000000797d00000)
  object space 175104K, 16% used [0x00000006c7800000,0x00000006c94d2988,0x00000006d2300000)
 PSPermGen       total 52736K, used 52541K [0x00000006c2600000, 0x00000006c5980000, 0x00000006c7800000)
  object space 52736K, 99% used [0x00000006c2600000,0x00000006c594f558,0x00000006c5980000)
}
Event: 728.984 GC heap before
{Heap before GC invocations=9 (full 0):
 PSYoungGen      total 66560K, used 65925K [0x0000000797d00000, 0x000000079e700000, 0x0000000800000000)
  eden space 60416K, 100% used [0x0000000797d00000,0x000000079b800000,0x000000079b800000)
  from space 6144K, 89% used [0x000000079e100000,0x000000079e6617e8,0x000000079e700000)
  to   space 24064K, 0% used [0x000000079b800000,0x000000079b800000,0x000000079cf80000)
 ParOldGen       total 175104K, used 29514K [0x00000006c7800000, 0x00000006d2300000, 0x0000000797d00000)
  object space 175104K, 16% used [0x00000006c7800000,0x00000006c94d2988,0x00000006d2300000)
 PSPermGen       total 52736K, used 52545K [0x00000006c2600000, 0x00000006c5980000, 0x00000006c7800000)
  object space 52736K, 99% used [0x00000006c2600000,0x00000006c5950628,0x00000006c5980000)
Event: 728.987 GC heap after
Heap after GC invocations=9 (full 0):
 PSYoungGen      total 83456K, used 1152K [0x0000000797d00000, 0x000000079e800000, 0x0000000800000000)
  eden space 59392K, 0% used [0x0000000797d00000,0x0000000797d00000,0x000000079b700000)
  from space 24064K, 4% used [0x000000079b800000,0x000000079b920000,0x000000079cf80000)
  to   space 25088K, 0% used [0x000000079cf80000,0x000000079cf80000,0x000000079e800000)
 ParOldGen       total 175104K, used 32519K [0x00000006c7800000, 0x00000006d2300000, 0x0000000797d00000)
  object space 175104K, 18% used [0x00000006c7800000,0x00000006c97c1dd0,0x00000006d2300000)
 PSPermGen       total 52736K, used 52545K [0x00000006c2600000, 0x00000006c5980000, 0x00000006c7800000)
  object space 52736K, 99% used [0x00000006c2600000,0x00000006c5950628,0x00000006c5980000)
}
Event: 1036.674 GC heap before
{Heap before GC invocations=10 (full 0):
 PSYoungGen      total 83456K, used 60544K [0x0000000797d00000, 0x000000079e800000, 0x0000000800000000)
  eden space 59392K, 100% used [0x0000000797d00000,0x000000079b700000,0x000000079b700000)
  from space 24064K, 4% used [0x000000079b800000,0x000000079b920000,0x000000079cf80000)
  to   space 25088K, 0% used [0x000000079cf80000,0x000000079cf80000,0x000000079e800000)
 ParOldGen       total 175104K, used 32519K [0x00000006c7800000, 0x00000006d2300000, 0x0000000797d00000)
  object space 175104K, 18% used [0x00000006c7800000,0x00000006c97c1dd0,0x00000006d2300000)
 PSPermGen       total 52736K, used 52546K [0x00000006c2600000, 0x00000006c5980000, 0x00000006c7800000)
  object space 52736K, 99% used [0x00000006c2600000,0x00000006c5950bc8,0x00000006c5980000)
Event: 1036.676 GC heap after
Heap after GC invocations=10 (full 0):
 PSYoungGen      total 83456K, used 224K [0x0000000797d00000, 0x000000079e800000, 0x0000000800000000)
  eden space 58368K, 0% used [0x0000000797d00000,0x0000000797d00000,0x000000079b600000)
  from space 25088K, 0% used [0x000000079cf80000,0x000000079cfb8000,0x000000079e800000)
  to   space 25600K, 0% used [0x000000079b600000,0x000000079b600000,0x000000079cf00000)
 ParOldGen       total 175104K, used 33607K [0x00000006c7800000, 0x00000006d2300000, 0x0000000797d00000)
  object space 175104K, 19% used [0x00000006c7800000,0x00000006c98d1dd0,0x00000006d2300000)
 PSPermGen       total 52736K, used 52546K [0x00000006c2600000, 0x00000006c5980000, 0x00000006c7800000)
  object space 52736K, 99% used [0x00000006c2600000,0x00000006c5950bc8,0x00000006c5980000)
}

