# JRE version: Java(TM) SE Runtime Environment (7.0_45-b18) (build 1.7.0_45-b18)
# Java VM: Java HotSpot(TM) 64-Bit Server VM (24.45-b08 mixed mode linux-amd64 compressed oops)
Heap
 PSYoungGen      total 879104K, used 105402K [0x0000000759500000, 0x00000007ae600000, 0x0000000800000000)
  eden space 504832K, 20% used [0x0000000759500000,0x000000075fbee988,0x0000000778200000)
  from space 374272K, 0% used [0x0000000778200000,0x0000000778200000,0x000000078ef80000)
  to   space 410624K, 0% used [0x0000000795500000,0x0000000795500000,0x00000007ae600000)
 ParOldGen       total 1415680K, used 697973K [0x000000060c000000, 0x0000000662680000, 0x0000000759500000)
  object space 1415680K, 49% used [0x000000060c000000,0x000000063699d758,0x0000000662680000)
 PSPermGen       total 83968K, used 50689K [0x0000000606e00000, 0x000000060c000000, 0x000000060c000000)
  object space 83968K, 60% used [0x0000000606e00000,0x0000000609f80428,0x000000060c000000)
GC Heap History (10 events):
Event: 14.163 GC heap before
{Heap before GC invocations=11 (full 2):
 PSYoungGen      total 552448K, used 81908K [0x0000000759500000, 0x000000079e080000, 0x0000000800000000)
  eden space 470528K, 0% used [0x0000000759500000,0x0000000759500000,0x0000000776080000)
  from space 81920K, 99% used [0x0000000776080000,0x000000077b07d350,0x000000077b080000)
  to   space 246784K, 0% used [0x000000078ef80000,0x000000078ef80000,0x000000079e080000)
 ParOldGen       total 529920K, used 529745K [0x000000060c000000, 0x000000062c580000, 0x0000000759500000)
  object space 529920K, 99% used [0x000000060c000000,0x000000062c554518,0x000000062c580000)
 PSPermGen       total 83968K, used 48228K [0x0000000606e00000, 0x000000060c000000, 0x000000060c000000)
  object space 83968K, 57% used [0x0000000606e00000,0x0000000609d19110,0x000000060c000000)
Event: 14.305 GC heap after
Heap after GC invocations=11 (full 2):
 PSYoungGen      total 552448K, used 77233K [0x0000000759500000, 0x000000079e080000, 0x0000000800000000)
  eden space 470528K, 0% used [0x0000000759500000,0x0000000759500000,0x0000000776080000)
  from space 81920K, 94% used [0x0000000776080000,0x000000077abec510,0x000000077b080000)
  to   space 246784K, 0% used [0x000000078ef80000,0x000000078ef80000,0x000000079e080000)
 ParOldGen       total 901632K, used 529473K [0x000000060c000000, 0x0000000643080000, 0x0000000759500000)
  object space 901632K, 58% used [0x000000060c000000,0x000000062c510440,0x0000000643080000)
 PSPermGen       total 83968K, used 48228K [0x0000000606e00000, 0x000000060c000000, 0x000000060c000000)
  object space 83968K, 57% used [0x0000000606e00000,0x0000000609d190b0,0x000000060c000000)
}
Event: 53.100 GC heap before
{Heap before GC invocations=12 (full 2):
 PSYoungGen      total 552448K, used 534718K [0x0000000759500000, 0x000000079e080000, 0x0000000800000000)
  eden space 470528K, 97% used [0x0000000759500000,0x00000007753c3538,0x0000000776080000)
  from space 81920K, 94% used [0x0000000776080000,0x000000077abec510,0x000000077b080000)
  to   space 246784K, 0% used [0x000000078ef80000,0x000000078ef80000,0x000000079e080000)
 ParOldGen       total 901632K, used 529473K [0x000000060c000000, 0x0000000643080000, 0x0000000759500000)
  object space 901632K, 58% used [0x000000060c000000,0x000000062c510440,0x0000000643080000)
 PSPermGen       total 83968K, used 48891K [0x0000000606e00000, 0x000000060c000000, 0x000000060c000000)
  object space 83968K, 58% used [0x0000000606e00000,0x0000000609dbee88,0x000000060c000000)
Event: 53.196 GC heap after
Heap after GC invocations=12 (full 2):
 PSYoungGen      total 751616K, used 246766K [0x0000000759500000, 0x00000007a7600000, 0x0000000800000000)
  eden space 504832K, 0% used [0x0000000759500000,0x0000000759500000,0x0000000778200000)
  from space 246784K, 99% used [0x000000078ef80000,0x000000079e07b8c0,0x000000079e080000)
  to   space 374272K, 0% used [0x0000000778200000,0x0000000778200000,0x000000078ef80000)
 ParOldGen       total 901632K, used 750133K [0x000000060c000000, 0x0000000643080000, 0x0000000759500000)
  object space 901632K, 83% used [0x000000060c000000,0x0000000639c8d710,0x0000000643080000)
 PSPermGen       total 83968K, used 48891K [0x0000000606e00000, 0x000000060c000000, 0x000000060c000000)
  object space 83968K, 58% used [0x0000000606e00000,0x0000000609dbee88,0x000000060c000000)
}
Event: 53.196 GC heap before
{Heap before GC invocations=13 (full 3):
 PSYoungGen      total 751616K, used 246766K [0x0000000759500000, 0x00000007a7600000, 0x0000000800000000)
  eden space 504832K, 0% used [0x0000000759500000,0x0000000759500000,0x0000000778200000)
  from space 246784K, 99% used [0x000000078ef80000,0x000000079e07b8c0,0x000000079e080000)
  to   space 374272K, 0% used [0x0000000778200000,0x0000000778200000,0x000000078ef80000)
 ParOldGen       total 901632K, used 750133K [0x000000060c000000, 0x0000000643080000, 0x0000000759500000)
  object space 901632K, 83% used [0x000000060c000000,0x0000000639c8d710,0x0000000643080000)
 PSPermGen       total 83968K, used 48891K [0x0000000606e00000, 0x000000060c000000, 0x000000060c000000)
  object space 83968K, 58% used [0x0000000606e00000,0x0000000609dbee88,0x000000060c000000)
Event: 53.385 GC heap after
Heap after GC invocations=13 (full 3):
 PSYoungGen      total 751616K, used 236168K [0x0000000759500000, 0x00000007a7600000, 0x0000000800000000)
  eden space 504832K, 0% used [0x0000000759500000,0x0000000759500000,0x0000000778200000)
  from space 246784K, 95% used [0x000000078ef80000,0x000000079d622068,0x000000079e080000)
  to   space 374272K, 0% used [0x0000000778200000,0x0000000778200000,0x000000078ef80000)
 ParOldGen       total 1249280K, used 754767K [0x000000060c000000, 0x0000000658400000, 0x0000000759500000)
  object space 1249280K, 60% used [0x000000060c000000,0x000000063a113e18,0x0000000658400000)
 PSPermGen       total 83968K, used 48891K [0x0000000606e00000, 0x000000060c000000, 0x000000060c000000)
  object space 83968K, 58% used [0x0000000606e00000,0x0000000609dbed90,0x000000060c000000)
}
Event: 804.545 GC heap before
{Heap before GC invocations=14 (full 3):
 PSYoungGen      total 751616K, used 741000K [0x0000000759500000, 0x00000007a7600000, 0x0000000800000000)
  eden space 504832K, 100% used [0x0000000759500000,0x0000000778200000,0x0000000778200000)
  from space 246784K, 95% used [0x000000078ef80000,0x000000079d622068,0x000000079e080000)
  to   space 374272K, 0% used [0x0000000778200000,0x0000000778200000,0x000000078ef80000)
 ParOldGen       total 1249280K, used 754767K [0x000000060c000000, 0x0000000658400000, 0x0000000759500000)
  object space 1249280K, 60% used [0x000000060c000000,0x000000063a113e18,0x0000000658400000)
 PSPermGen       total 83968K, used 50689K [0x0000000606e00000, 0x000000060c000000, 0x000000060c000000)
  object space 83968K, 60% used [0x0000000606e00000,0x0000000609f80458,0x000000060c000000)
Event: 804.671 GC heap after
Heap after GC invocations=14 (full 3):
 PSYoungGen      total 879104K, used 282815K [0x0000000759500000, 0x00000007ae600000, 0x0000000800000000)
  eden space 504832K, 0% used [0x0000000759500000,0x0000000759500000,0x0000000778200000)
  from space 374272K, 75% used [0x0000000778200000,0x000000078962fd58,0x000000078ef80000)
  to   space 410624K, 0% used [0x0000000795500000,0x0000000795500000,0x00000007ae600000)
 ParOldGen       total 1249280K, used 1181564K [0x000000060c000000, 0x0000000658400000, 0x0000000759500000)
  object space 1249280K, 94% used [0x000000060c000000,0x00000006541df2d0,0x0000000658400000)
 PSPermGen       total 83968K, used 50689K [0x0000000606e00000, 0x000000060c000000, 0x000000060c000000)
  object space 83968K, 60% used [0x0000000606e00000,0x0000000609f80458,0x000000060c000000)
}
Event: 804.671 GC heap before
{Heap before GC invocations=15 (full 4):
 PSYoungGen      total 879104K, used 282815K [0x0000000759500000, 0x00000007ae600000, 0x0000000800000000)
  eden space 504832K, 0% used [0x0000000759500000,0x0000000759500000,0x0000000778200000)
  from space 374272K, 75% used [0x0000000778200000,0x000000078962fd58,0x000000078ef80000)
  to   space 410624K, 0% used [0x0000000795500000,0x0000000795500000,0x00000007ae600000)
 ParOldGen       total 1249280K, used 1181564K [0x000000060c000000, 0x0000000658400000, 0x0000000759500000)
  object space 1249280K, 94% used [0x000000060c000000,0x00000006541df2d0,0x0000000658400000)
 PSPermGen       total 83968K, used 50689K [0x0000000606e00000, 0x000000060c000000, 0x000000060c000000)
  object space 83968K, 60% used [0x0000000606e00000,0x0000000609f80458,0x000000060c000000)
Event: 804.805 GC heap after
Heap after GC invocations=15 (full 4):
 PSYoungGen      total 879104K, used 0K [0x0000000759500000, 0x00000007ae600000, 0x0000000800000000)
  eden space 504832K, 0% used [0x0000000759500000,0x0000000759500000,0x0000000778200000)
  from space 374272K, 0% used [0x0000000778200000,0x0000000778200000,0x000000078ef80000)
  to   space 410624K, 0% used [0x0000000795500000,0x0000000795500000,0x00000007ae600000)
 ParOldGen       total 1415680K, used 697973K [0x000000060c000000, 0x0000000662680000, 0x0000000759500000)
  object space 1415680K, 49% used [0x000000060c000000,0x000000063699d758,0x0000000662680000)
 PSPermGen       total 83968K, used 50689K [0x0000000606e00000, 0x000000060c000000, 0x000000060c000000)
  object space 83968K, 60% used [0x0000000606e00000,0x0000000609f80428,0x000000060c000000)
}

