# JRE version: Java(TM) SE Runtime Environment (7.0_45-b18) (build 1.7.0_45-b18)
# Java VM: Java HotSpot(TM) 64-Bit Server VM (24.45-b08 mixed mode linux-amd64 compressed oops)
Heap
 PSYoungGen      total 108032K, used 100442K [0x0000000759500000, 0x0000000761580000, 0x0000000800000000)
  eden space 105984K, 92% used [0x0000000759500000,0x000000075f532858,0x000000075fc80000)
  from space 2048K, 94% used [0x000000075ff00000,0x00000007600e4030,0x0000000760100000)
  to   space 12800K, 0% used [0x0000000760900000,0x0000000760900000,0x0000000761580000)
 ParOldGen       total 348672K, used 237331K [0x000000060c000000, 0x0000000621480000, 0x0000000759500000)
  object space 348672K, 68% used [0x000000060c000000,0x000000061a7c4dd0,0x0000000621480000)
 PSPermGen       total 83968K, used 56387K [0x0000000606e00000, 0x000000060c000000, 0x000000060c000000)
  object space 83968K, 67% used [0x0000000606e00000,0x000000060a510d90,0x000000060c000000)
GC Heap History (10 events):
Event: 285.720 GC heap before
{Heap before GC invocations=45 (full 2):
 PSYoungGen      total 135168K, used 118657K [0x0000000759500000, 0x0000000762d00000, 0x0000000800000000)
  eden space 117760K, 100% used [0x0000000759500000,0x0000000760800000,0x0000000760800000)
  from space 17408K, 5% used [0x0000000761c00000,0x0000000761ce0538,0x0000000762d00000)
  to   space 18944K, 0% used [0x0000000760800000,0x0000000760800000,0x0000000761a80000)
 ParOldGen       total 348672K, used 237275K [0x000000060c000000, 0x0000000621480000, 0x0000000759500000)
  object space 348672K, 68% used [0x000000060c000000,0x000000061a7b6dd0,0x0000000621480000)
 PSPermGen       total 83968K, used 55963K [0x0000000606e00000, 0x000000060c000000, 0x000000060c000000)
  object space 83968K, 66% used [0x0000000606e00000,0x000000060a4a6d58,0x000000060c000000)
Event: 285.723 GC heap after
Heap after GC invocations=45 (full 2):
 PSYoungGen      total 136704K, used 1025K [0x0000000759500000, 0x0000000763500000, 0x0000000800000000)
  eden space 117760K, 0% used [0x0000000759500000,0x0000000759500000,0x0000000760800000)
  from space 18944K, 5% used [0x0000000760800000,0x0000000760900538,0x0000000761a80000)
  to   space 17920K, 0% used [0x0000000762380000,0x0000000762380000,0x0000000763500000)
 ParOldGen       total 348672K, used 237275K [0x000000060c000000, 0x0000000621480000, 0x0000000759500000)
  object space 348672K, 68% used [0x000000060c000000,0x000000061a7b6dd0,0x0000000621480000)
 PSPermGen       total 83968K, used 55963K [0x0000000606e00000, 0x000000060c000000, 0x000000060c000000)
  object space 83968K, 66% used [0x0000000606e00000,0x000000060a4a6d58,0x000000060c000000)
}
Event: 300.587 GC heap before
{Heap before GC invocations=46 (full 2):
 PSYoungGen      total 136704K, used 118785K [0x0000000759500000, 0x0000000763500000, 0x0000000800000000)
  eden space 117760K, 100% used [0x0000000759500000,0x0000000760800000,0x0000000760800000)
  from space 18944K, 5% used [0x0000000760800000,0x0000000760900538,0x0000000761a80000)
  to   space 17920K, 0% used [0x0000000762380000,0x0000000762380000,0x0000000763500000)
 ParOldGen       total 348672K, used 237275K [0x000000060c000000, 0x0000000621480000, 0x0000000759500000)
  object space 348672K, 68% used [0x000000060c000000,0x000000061a7b6dd0,0x0000000621480000)
 PSPermGen       total 83968K, used 55963K [0x0000000606e00000, 0x000000060c000000, 0x000000060c000000)
  object space 83968K, 66% used [0x0000000606e00000,0x000000060a4a6d58,0x000000060c000000)
Event: 300.589 GC heap after
Heap after GC invocations=46 (full 2):
 PSYoungGen      total 116224K, used 864K [0x0000000759500000, 0x0000000762500000, 0x0000000800000000)
  eden space 114688K, 0% used [0x0000000759500000,0x0000000759500000,0x0000000760500000)
  from space 1536K, 56% used [0x0000000762380000,0x0000000762458000,0x0000000762500000)
  to   space 16384K, 0% used [0x0000000760500000,0x0000000760500000,0x0000000761500000)
 ParOldGen       total 348672K, used 237283K [0x000000060c000000, 0x0000000621480000, 0x0000000759500000)
  object space 348672K, 68% used [0x000000060c000000,0x000000061a7b8dd0,0x0000000621480000)
 PSPermGen       total 83968K, used 55963K [0x0000000606e00000, 0x000000060c000000, 0x000000060c000000)
  object space 83968K, 66% used [0x0000000606e00000,0x000000060a4a6d58,0x000000060c000000)
}
Event: 315.291 GC heap before
{Heap before GC invocations=47 (full 2):
 PSYoungGen      total 116224K, used 115552K [0x0000000759500000, 0x0000000762500000, 0x0000000800000000)
  eden space 114688K, 100% used [0x0000000759500000,0x0000000760500000,0x0000000760500000)
  from space 1536K, 56% used [0x0000000762380000,0x0000000762458000,0x0000000762500000)
  to   space 16384K, 0% used [0x0000000760500000,0x0000000760500000,0x0000000761500000)
 ParOldGen       total 348672K, used 237283K [0x000000060c000000, 0x0000000621480000, 0x0000000759500000)
  object space 348672K, 68% used [0x000000060c000000,0x000000061a7b8dd0,0x0000000621480000)
 PSPermGen       total 83968K, used 55963K [0x0000000606e00000, 0x000000060c000000, 0x000000060c000000)
  object space 83968K, 66% used [0x0000000606e00000,0x000000060a4a6d58,0x000000060c000000)
Event: 315.294 GC heap after
Heap after GC invocations=47 (full 2):
 PSYoungGen      total 128000K, used 832K [0x0000000759500000, 0x0000000762400000, 0x0000000800000000)
  eden space 111616K, 0% used [0x0000000759500000,0x0000000759500000,0x0000000760200000)
  from space 16384K, 5% used [0x0000000760500000,0x00000007605d0000,0x0000000761500000)
  to   space 15360K, 0% used [0x0000000761500000,0x0000000761500000,0x0000000762400000)
 ParOldGen       total 348672K, used 237283K [0x000000060c000000, 0x0000000621480000, 0x0000000759500000)
  object space 348672K, 68% used [0x000000060c000000,0x000000061a7b8dd0,0x0000000621480000)
 PSPermGen       total 83968K, used 55963K [0x0000000606e00000, 0x000000060c000000, 0x000000060c000000)
  object space 83968K, 66% used [0x0000000606e00000,0x000000060a4a6d58,0x000000060c000000)
}
Event: 326.940 GC heap before
{Heap before GC invocations=48 (full 2):
 PSYoungGen      total 128000K, used 112448K [0x0000000759500000, 0x0000000762400000, 0x0000000800000000)
  eden space 111616K, 100% used [0x0000000759500000,0x0000000760200000,0x0000000760200000)
  from space 16384K, 5% used [0x0000000760500000,0x00000007605d0000,0x0000000761500000)
  to   space 15360K, 0% used [0x0000000761500000,0x0000000761500000,0x0000000762400000)
 ParOldGen       total 348672K, used 237283K [0x000000060c000000, 0x0000000621480000, 0x0000000759500000)
  object space 348672K, 68% used [0x000000060c000000,0x000000061a7b8dd0,0x0000000621480000)
 PSPermGen       total 83968K, used 56076K [0x0000000606e00000, 0x000000060c000000, 0x000000060c000000)
  object space 83968K, 66% used [0x0000000606e00000,0x000000060a4c3148,0x000000060c000000)
Event: 326.944 GC heap after
Heap after GC invocations=48 (full 2):
 PSYoungGen      total 113664K, used 2320K [0x0000000759500000, 0x0000000761a00000, 0x0000000800000000)
  eden space 108544K, 0% used [0x0000000759500000,0x0000000759500000,0x000000075ff00000)
  from space 5120K, 45% used [0x0000000761500000,0x0000000761744030,0x0000000761a00000)
  to   space 13824K, 0% used [0x000000075ff00000,0x000000075ff00000,0x0000000760c80000)
 ParOldGen       total 348672K, used 237291K [0x000000060c000000, 0x0000000621480000, 0x0000000759500000)
  object space 348672K, 68% used [0x000000060c000000,0x000000061a7badd0,0x0000000621480000)
 PSPermGen       total 83968K, used 56076K [0x0000000606e00000, 0x000000060c000000, 0x000000060c000000)
  object space 83968K, 66% used [0x0000000606e00000,0x000000060a4c3148,0x000000060c000000)
}
Event: 341.370 GC heap before
{Heap before GC invocations=49 (full 2):
 PSYoungGen      total 113664K, used 110864K [0x0000000759500000, 0x0000000761a00000, 0x0000000800000000)
  eden space 108544K, 100% used [0x0000000759500000,0x000000075ff00000,0x000000075ff00000)
  from space 5120K, 45% used [0x0000000761500000,0x0000000761744030,0x0000000761a00000)
  to   space 13824K, 0% used [0x000000075ff00000,0x000000075ff00000,0x0000000760c80000)
 ParOldGen       total 348672K, used 237291K [0x000000060c000000, 0x0000000621480000, 0x0000000759500000)
  object space 348672K, 68% used [0x000000060c000000,0x000000061a7badd0,0x0000000621480000)
 PSPermGen       total 83968K, used 56215K [0x0000000606e00000, 0x000000060c000000, 0x000000060c000000)
  object space 83968K, 66% used [0x0000000606e00000,0x000000060a4e5de0,0x000000060c000000)
Event: 341.373 GC heap after
Heap after GC invocations=49 (full 2):
 PSYoungGen      total 108032K, used 1936K [0x0000000759500000, 0x0000000761580000, 0x0000000800000000)
  eden space 105984K, 0% used [0x0000000759500000,0x0000000759500000,0x000000075fc80000)
  from space 2048K, 94% used [0x000000075ff00000,0x00000007600e4030,0x0000000760100000)
  to   space 12800K, 0% used [0x0000000760900000,0x0000000760900000,0x0000000761580000)
 ParOldGen       total 348672K, used 237331K [0x000000060c000000, 0x0000000621480000, 0x0000000759500000)
  object space 348672K, 68% used [0x000000060c000000,0x000000061a7c4dd0,0x0000000621480000)
 PSPermGen       total 83968K, used 56215K [0x0000000606e00000, 0x000000060c000000, 0x000000060c000000)
  object space 83968K, 66% used [0x0000000606e00000,0x000000060a4e5de0,0x000000060c000000)
}

