# JRE version: Java(TM) SE Runtime Environment (7.0_45-b18) (build 1.7.0_45-b18)
# Java VM: Java HotSpot(TM) 64-Bit Server VM (24.45-b08 mixed mode linux-amd64 compressed oops)
Heap
 PSYoungGen      total 100864K, used 60154K [0x0000000759500000, 0x0000000762500000, 0x0000000800000000)
  eden space 60416K, 70% used [0x0000000759500000,0x000000075beb6950,0x000000075d000000)
  from space 40448K, 43% used [0x000000075fd80000,0x0000000760e88220,0x0000000762500000)
  to   space 43520K, 0% used [0x000000075d000000,0x000000075d000000,0x000000075fa80000)
 ParOldGen       total 175104K, used 71853K [0x000000060c000000, 0x0000000616b00000, 0x0000000759500000)
  object space 175104K, 41% used [0x000000060c000000,0x000000061062b6f8,0x0000000616b00000)
 PSPermGen       total 53760K, used 53677K [0x0000000606e00000, 0x000000060a280000, 0x000000060c000000)
  object space 53760K, 99% used [0x0000000606e00000,0x000000060a26b548,0x000000060a280000)
GC Heap History (10 events):
Event: 8.045 GC heap before
{Heap before GC invocations=4 (full 0):
 PSYoungGen      total 76800K, used 75375K [0x0000000759500000, 0x000000075ea80000, 0x0000000800000000)
  eden space 66048K, 97% used [0x0000000759500000,0x000000075d41f158,0x000000075d580000)
  from space 10752K, 99% used [0x000000075d580000,0x000000075dffcdc0,0x000000075e000000)
  to   space 10752K, 0% used [0x000000075e000000,0x000000075e000000,0x000000075ea80000)
 ParOldGen       total 175104K, used 5177K [0x000000060c000000, 0x0000000616b00000, 0x0000000759500000)
  object space 175104K, 2% used [0x000000060c000000,0x000000060c50e568,0x0000000616b00000)
 PSPermGen       total 40960K, used 40672K [0x0000000606e00000, 0x0000000609600000, 0x000000060c000000)
  object space 40960K, 99% used [0x0000000606e00000,0x00000006095b8030,0x0000000609600000)
Event: 8.056 GC heap after
Heap after GC invocations=4 (full 0):
 PSYoungGen      total 76800K, used 10726K [0x0000000759500000, 0x000000075ea80000, 0x0000000800000000)
  eden space 66048K, 0% used [0x0000000759500000,0x0000000759500000,0x000000075d580000)
  from space 10752K, 99% used [0x000000075e000000,0x000000075ea79908,0x000000075ea80000)
  to   space 10752K, 0% used [0x000000075d580000,0x000000075d580000,0x000000075e000000)
 ParOldGen       total 175104K, used 15269K [0x000000060c000000, 0x0000000616b00000, 0x0000000759500000)
  object space 175104K, 8% used [0x000000060c000000,0x000000060cee9608,0x0000000616b00000)
 PSPermGen       total 40960K, used 40672K [0x0000000606e00000, 0x0000000609600000, 0x000000060c000000)
  object space 40960K, 99% used [0x0000000606e00000,0x00000006095b8030,0x0000000609600000)
}
Event: 15.180 GC heap before
{Heap before GC invocations=5 (full 0):
 PSYoungGen      total 76800K, used 76774K [0x0000000759500000, 0x000000075ea80000, 0x0000000800000000)
  eden space 66048K, 100% used [0x0000000759500000,0x000000075d580000,0x000000075d580000)
  from space 10752K, 99% used [0x000000075e000000,0x000000075ea79908,0x000000075ea80000)
  to   space 10752K, 0% used [0x000000075d580000,0x000000075d580000,0x000000075e000000)
 ParOldGen       total 175104K, used 15269K [0x000000060c000000, 0x0000000616b00000, 0x0000000759500000)
  object space 175104K, 8% used [0x000000060c000000,0x000000060cee9608,0x0000000616b00000)
 PSPermGen       total 44544K, used 44476K [0x0000000606e00000, 0x0000000609980000, 0x000000060c000000)
  object space 44544K, 99% used [0x0000000606e00000,0x000000060996f360,0x0000000609980000)
Event: 15.190 GC heap after
Heap after GC invocations=5 (full 0):
 PSYoungGen      total 75264K, used 10722K [0x0000000759500000, 0x0000000763c00000, 0x0000000800000000)
  eden space 64512K, 0% used [0x0000000759500000,0x0000000759500000,0x000000075d400000)
  from space 10752K, 99% used [0x000000075d580000,0x000000075dff89f8,0x000000075e000000)
  to   space 53248K, 0% used [0x0000000760800000,0x0000000760800000,0x0000000763c00000)
 ParOldGen       total 175104K, used 62469K [0x000000060c000000, 0x0000000616b00000, 0x0000000759500000)
  object space 175104K, 35% used [0x000000060c000000,0x000000060fd016e0,0x0000000616b00000)
 PSPermGen       total 44544K, used 44476K [0x0000000606e00000, 0x0000000609980000, 0x000000060c000000)
  object space 44544K, 99% used [0x0000000606e00000,0x000000060996f360,0x0000000609980000)
}
Event: 16.037 GC heap before
{Heap before GC invocations=6 (full 0):
 PSYoungGen      total 75264K, used 75234K [0x0000000759500000, 0x0000000763c00000, 0x0000000800000000)
  eden space 64512K, 100% used [0x0000000759500000,0x000000075d400000,0x000000075d400000)
  from space 10752K, 99% used [0x000000075d580000,0x000000075dff89f8,0x000000075e000000)
  to   space 53248K, 0% used [0x0000000760800000,0x0000000760800000,0x0000000763c00000)
 ParOldGen       total 175104K, used 62469K [0x000000060c000000, 0x0000000616b00000, 0x0000000759500000)
  object space 175104K, 35% used [0x000000060c000000,0x000000060fd016e0,0x0000000616b00000)
 PSPermGen       total 50176K, used 50126K [0x0000000606e00000, 0x0000000609f00000, 0x000000060c000000)
  object space 50176K, 99% used [0x0000000606e00000,0x0000000609ef3818,0x0000000609f00000)
Event: 16.048 GC heap after
Heap after GC invocations=6 (full 0):
 PSYoungGen      total 105472K, used 19716K [0x0000000759500000, 0x0000000763180000, 0x0000000800000000)
  eden space 62976K, 0% used [0x0000000759500000,0x0000000759500000,0x000000075d280000)
  from space 42496K, 46% used [0x0000000760800000,0x0000000761b410d0,0x0000000763180000)
  to   space 48640K, 0% used [0x000000075d280000,0x000000075d280000,0x0000000760200000)
 ParOldGen       total 175104K, used 62469K [0x000000060c000000, 0x0000000616b00000, 0x0000000759500000)
  object space 175104K, 35% used [0x000000060c000000,0x000000060fd016e0,0x0000000616b00000)
 PSPermGen       total 50176K, used 50126K [0x0000000606e00000, 0x0000000609f00000, 0x000000060c000000)
  object space 50176K, 99% used [0x0000000606e00000,0x0000000609ef3818,0x0000000609f00000)
}
Event: 20.095 GC heap before
{Heap before GC invocations=7 (full 0):
 PSYoungGen      total 105472K, used 78994K [0x0000000759500000, 0x0000000763180000, 0x0000000800000000)
  eden space 62976K, 94% used [0x0000000759500000,0x000000075cee3788,0x000000075d280000)
  from space 42496K, 46% used [0x0000000760800000,0x0000000761b410d0,0x0000000763180000)
  to   space 48640K, 0% used [0x000000075d280000,0x000000075d280000,0x0000000760200000)
 ParOldGen       total 175104K, used 62469K [0x000000060c000000, 0x0000000616b00000, 0x0000000759500000)
  object space 175104K, 35% used [0x000000060c000000,0x000000060fd016e0,0x0000000616b00000)
 PSPermGen       total 53248K, used 52818K [0x0000000606e00000, 0x000000060a200000, 0x000000060c000000)
  object space 53248K, 99% used [0x0000000606e00000,0x000000060a194828,0x000000060a200000)
Event: 20.105 GC heap after
Heap after GC invocations=7 (full 0):
 PSYoungGen      total 79872K, used 18032K [0x0000000759500000, 0x0000000762a00000, 0x0000000800000000)
  eden space 61440K, 0% used [0x0000000759500000,0x0000000759500000,0x000000075d100000)
  from space 18432K, 97% used [0x000000075d280000,0x000000075e41c380,0x000000075e480000)
  to   space 45568K, 0% used [0x000000075fd80000,0x000000075fd80000,0x0000000762a00000)
 ParOldGen       total 175104K, used 65902K [0x000000060c000000, 0x0000000616b00000, 0x0000000759500000)
  object space 175104K, 37% used [0x000000060c000000,0x000000061005bbc0,0x0000000616b00000)
 PSPermGen       total 53248K, used 52818K [0x0000000606e00000, 0x000000060a200000, 0x000000060c000000)
  object space 53248K, 99% used [0x0000000606e00000,0x000000060a194828,0x000000060a200000)
}
Event: 26.738 GC heap before
{Heap before GC invocations=8 (full 0):
 PSYoungGen      total 79872K, used 79472K [0x0000000759500000, 0x0000000762a00000, 0x0000000800000000)
  eden space 61440K, 100% used [0x0000000759500000,0x000000075d100000,0x000000075d100000)
  from space 18432K, 97% used [0x000000075d280000,0x000000075e41c380,0x000000075e480000)
  to   space 45568K, 0% used [0x000000075fd80000,0x000000075fd80000,0x0000000762a00000)
 ParOldGen       total 175104K, used 65902K [0x000000060c000000, 0x0000000616b00000, 0x0000000759500000)
  object space 175104K, 37% used [0x000000060c000000,0x000000061005bbc0,0x0000000616b00000)
 PSPermGen       total 53248K, used 53205K [0x0000000606e00000, 0x000000060a200000, 0x000000060c000000)
  object space 53248K, 99% used [0x0000000606e00000,0x000000060a1f5678,0x000000060a200000)
Event: 26.747 GC heap after
Heap after GC invocations=8 (full 0):
 PSYoungGen      total 100864K, used 17440K [0x0000000759500000, 0x0000000762500000, 0x0000000800000000)
  eden space 60416K, 0% used [0x0000000759500000,0x0000000759500000,0x000000075d000000)
  from space 40448K, 43% used [0x000000075fd80000,0x0000000760e88220,0x0000000762500000)
  to   space 43520K, 0% used [0x000000075d000000,0x000000075d000000,0x000000075fa80000)
 ParOldGen       total 175104K, used 71853K [0x000000060c000000, 0x0000000616b00000, 0x0000000759500000)
  object space 175104K, 41% used [0x000000060c000000,0x000000061062b6f8,0x0000000616b00000)
 PSPermGen       total 53248K, used 53205K [0x0000000606e00000, 0x000000060a200000, 0x000000060c000000)
  object space 53248K, 99% used [0x0000000606e00000,0x000000060a1f5678,0x000000060a200000)
}

