# JRE version: Java(TM) SE Runtime Environment (7.0_45-b18) (build 1.7.0_45-b18)
# Java VM: Java HotSpot(TM) 64-Bit Server VM (24.45-b08 mixed mode linux-amd64 compressed oops)
Heap
 PSYoungGen      total 649216K, used 580855K [0x0000000797d00000, 0x00000007d1580000, 0x0000000800000000)
  eden space 638976K, 90% used [0x0000000797d00000,0x00000007bb43de50,0x00000007bed00000)
  from space 10240K, 0% used [0x00000007bed00000,0x00000007bed00000,0x00000007bf700000)
  to   space 150528K, 0% used [0x00000007c8280000,0x00000007c8280000,0x00000007d1580000)
 ParOldGen       total 1596416K, used 1239389K [0x00000006c7800000, 0x0000000728f00000, 0x0000000797d00000)
  object space 1596416K, 77% used [0x00000006c7800000,0x00000007132574f8,0x0000000728f00000)
 PSPermGen       total 83968K, used 52657K [0x00000006c2600000, 0x00000006c7800000, 0x00000006c7800000)
  object space 83968K, 62% used [0x00000006c2600000,0x00000006c596c780,0x00000006c7800000)
GC Heap History (10 events):
Event: 1604.320 GC heap before
{Heap before GC invocations=71 (full 4):
 PSYoungGen      total 649728K, used 638592K [0x0000000797d00000, 0x00000007c0480000, 0x0000000800000000)
  eden space 638464K, 100% used [0x0000000797d00000,0x00000007bec80000,0x00000007bec80000)
  from space 11264K, 1% used [0x00000007bf980000,0x00000007bf9a0000,0x00000007c0480000)
  to   space 12288K, 0% used [0x00000007bec80000,0x00000007bec80000,0x00000007bf880000)
 ParOldGen       total 1529344K, used 1050645K [0x00000006c7800000, 0x0000000724d80000, 0x0000000797d00000)
  object space 1529344K, 68% used [0x00000006c7800000,0x0000000707a05688,0x0000000724d80000)
 PSPermGen       total 83968K, used 52640K [0x00000006c2600000, 0x00000006c7800000, 0x00000006c7800000)
  object space 83968K, 62% used [0x00000006c2600000,0x00000006c5968150,0x00000006c7800000)
Event: 1604.324 GC heap after
Heap after GC invocations=71 (full 4):
 PSYoungGen      total 638976K, used 224K [0x0000000797d00000, 0x00000007c0300000, 0x0000000800000000)
  eden space 638464K, 0% used [0x0000000797d00000,0x0000000797d00000,0x00000007bec80000)
  from space 512K, 43% used [0x00000007bec80000,0x00000007becb8000,0x00000007bed00000)
  to   space 11264K, 0% used [0x00000007bf800000,0x00000007bf800000,0x00000007c0300000)
 ParOldGen       total 1529344K, used 1050677K [0x00000006c7800000, 0x0000000724d80000, 0x0000000797d00000)
  object space 1529344K, 68% used [0x00000006c7800000,0x0000000707a0d688,0x0000000724d80000)
 PSPermGen       total 83968K, used 52640K [0x00000006c2600000, 0x00000006c7800000, 0x00000006c7800000)
  object space 83968K, 62% used [0x00000006c2600000,0x00000006c5968150,0x00000006c7800000)
}
Event: 1629.867 GC heap before
{Heap before GC invocations=72 (full 4):
 PSYoungGen      total 638976K, used 638688K [0x0000000797d00000, 0x00000007c0300000, 0x0000000800000000)
  eden space 638464K, 100% used [0x0000000797d00000,0x00000007bec80000,0x00000007bec80000)
  from space 512K, 43% used [0x00000007bec80000,0x00000007becb8000,0x00000007bed00000)
  to   space 11264K, 0% used [0x00000007bf800000,0x00000007bf800000,0x00000007c0300000)
 ParOldGen       total 1529344K, used 1050677K [0x00000006c7800000, 0x0000000724d80000, 0x0000000797d00000)
  object space 1529344K, 68% used [0x00000006c7800000,0x0000000707a0d688,0x0000000724d80000)
 PSPermGen       total 83968K, used 52652K [0x00000006c2600000, 0x00000006c7800000, 0x00000006c7800000)
  object space 83968K, 62% used [0x00000006c2600000,0x00000006c596b230,0x00000006c7800000)
Event: 1629.871 GC heap after
Heap after GC invocations=72 (full 4):
 PSYoungGen      total 648192K, used 480K [0x0000000797d00000, 0x00000007c0100000, 0x0000000800000000)
  eden space 638976K, 0% used [0x0000000797d00000,0x0000000797d00000,0x00000007bed00000)
  from space 9216K, 5% used [0x00000007bf800000,0x00000007bf878000,0x00000007c0100000)
  to   space 10240K, 0% used [0x00000007bed00000,0x00000007bed00000,0x00000007bf700000)
 ParOldGen       total 1529344K, used 1050677K [0x00000006c7800000, 0x0000000724d80000, 0x0000000797d00000)
  object space 1529344K, 68% used [0x00000006c7800000,0x0000000707a0d688,0x0000000724d80000)
 PSPermGen       total 83968K, used 52652K [0x00000006c2600000, 0x00000006c7800000, 0x00000006c7800000)
  object space 83968K, 62% used [0x00000006c2600000,0x00000006c596b230,0x00000006c7800000)
}
Event: 1634.267 GC heap before
{Heap before GC invocations=73 (full 4):
 PSYoungGen      total 648192K, used 536833K [0x0000000797d00000, 0x00000007c0100000, 0x0000000800000000)
  eden space 638976K, 83% used [0x0000000797d00000,0x00000007b88c87e0,0x00000007bed00000)
  from space 9216K, 5% used [0x00000007bf800000,0x00000007bf878000,0x00000007c0100000)
  to   space 10240K, 0% used [0x00000007bed00000,0x00000007bed00000,0x00000007bf700000)
 ParOldGen       total 1529344K, used 1050677K [0x00000006c7800000, 0x0000000724d80000, 0x0000000797d00000)
  object space 1529344K, 68% used [0x00000006c7800000,0x0000000707a0d688,0x0000000724d80000)
 PSPermGen       total 83968K, used 52654K [0x00000006c2600000, 0x00000006c7800000, 0x00000006c7800000)
  object space 83968K, 62% used [0x00000006c2600000,0x00000006c596b8f0,0x00000006c7800000)
Event: 1634.310 GC heap after
Heap after GC invocations=73 (full 4):
 PSYoungGen      total 649216K, used 10233K [0x0000000797d00000, 0x00000007d1580000, 0x0000000800000000)
  eden space 638976K, 0% used [0x0000000797d00000,0x0000000797d00000,0x00000007bed00000)
  from space 10240K, 99% used [0x00000007bed00000,0x00000007bf6fe6e0,0x00000007bf700000)
  to   space 150528K, 0% used [0x00000007c8280000,0x00000007c8280000,0x00000007d1580000)
 ParOldGen       total 1529344K, used 1423302K [0x00000006c7800000, 0x0000000724d80000, 0x0000000797d00000)
  object space 1529344K, 93% used [0x00000006c7800000,0x000000071e5f1bb0,0x0000000724d80000)
 PSPermGen       total 83968K, used 52654K [0x00000006c2600000, 0x00000006c7800000, 0x00000006c7800000)
  object space 83968K, 62% used [0x00000006c2600000,0x00000006c596b8f0,0x00000006c7800000)
}
Event: 1634.310 GC heap before
{Heap before GC invocations=74 (full 5):
 PSYoungGen      total 649216K, used 10233K [0x0000000797d00000, 0x00000007d1580000, 0x0000000800000000)
  eden space 638976K, 0% used [0x0000000797d00000,0x0000000797d00000,0x00000007bed00000)
  from space 10240K, 99% used [0x00000007bed00000,0x00000007bf6fe6e0,0x00000007bf700000)
  to   space 150528K, 0% used [0x00000007c8280000,0x00000007c8280000,0x00000007d1580000)
 ParOldGen       total 1529344K, used 1423302K [0x00000006c7800000, 0x0000000724d80000, 0x0000000797d00000)
  object space 1529344K, 93% used [0x00000006c7800000,0x000000071e5f1bb0,0x0000000724d80000)
 PSPermGen       total 83968K, used 52654K [0x00000006c2600000, 0x00000006c7800000, 0x00000006c7800000)
  object space 83968K, 62% used [0x00000006c2600000,0x00000006c596b8f0,0x00000006c7800000)
Event: 1634.454 GC heap after
Heap after GC invocations=74 (full 5):
 PSYoungGen      total 649216K, used 0K [0x0000000797d00000, 0x00000007d1580000, 0x0000000800000000)
  eden space 638976K, 0% used [0x0000000797d00000,0x0000000797d00000,0x00000007bed00000)
  from space 10240K, 0% used [0x00000007bed00000,0x00000007bed00000,0x00000007bf700000)
  to   space 150528K, 0% used [0x00000007c8280000,0x00000007c8280000,0x00000007d1580000)
 ParOldGen       total 1039360K, used 468139K [0x00000006c7800000, 0x0000000706f00000, 0x0000000797d00000)
  object space 1039360K, 45% used [0x00000006c7800000,0x00000006e412af40,0x0000000706f00000)
 PSPermGen       total 83968K, used 52653K [0x00000006c2600000, 0x00000006c7800000, 0x00000006c7800000)
  object space 83968K, 62% used [0x00000006c2600000,0x00000006c596b500,0x00000006c7800000)
}
Event: 2139.040 GC heap before
{Heap before GC invocations=75 (full 6):
 PSYoungGen      total 649216K, used 638976K [0x0000000797d00000, 0x00000007d1580000, 0x0000000800000000)
  eden space 638976K, 100% used [0x0000000797d00000,0x00000007bed00000,0x00000007bed00000)
  from space 10240K, 0% used [0x00000007bed00000,0x00000007bed00000,0x00000007bf700000)
  to   space 150528K, 0% used [0x00000007c8280000,0x00000007c8280000,0x00000007d1580000)
 ParOldGen       total 1358336K, used 1358159K [0x00000006c7800000, 0x000000071a680000, 0x0000000797d00000)
  object space 1358336K, 99% used [0x00000006c7800000,0x000000071a653d90,0x000000071a680000)
 PSPermGen       total 83968K, used 52657K [0x00000006c2600000, 0x00000006c7800000, 0x00000006c7800000)
  object space 83968K, 62% used [0x00000006c2600000,0x00000006c596c448,0x00000006c7800000)
Event: 2139.176 GC heap after
Heap after GC invocations=75 (full 6):
 PSYoungGen      total 649216K, used 0K [0x0000000797d00000, 0x00000007d1580000, 0x0000000800000000)
  eden space 638976K, 0% used [0x0000000797d00000,0x0000000797d00000,0x00000007bed00000)
  from space 10240K, 0% used [0x00000007bed00000,0x00000007bed00000,0x00000007bf700000)
  to   space 150528K, 0% used [0x00000007c8280000,0x00000007c8280000,0x00000007d1580000)
 ParOldGen       total 1596416K, used 857928K [0x00000006c7800000, 0x0000000728f00000, 0x0000000797d00000)
  object space 1596416K, 53% used [0x00000006c7800000,0x00000006fbdd2248,0x0000000728f00000)
 PSPermGen       total 83968K, used 52657K [0x00000006c2600000, 0x00000006c7800000, 0x00000006c7800000)
  object space 83968K, 62% used [0x00000006c2600000,0x00000006c596c428,0x00000006c7800000)
}

