# JRE version: Java(TM) SE Runtime Environment (7.0_45-b18) (build 1.7.0_45-b18)
# Java VM: Java HotSpot(TM) 64-Bit Server VM (24.45-b08 mixed mode linux-amd64 compressed oops)
Heap
 PSYoungGen      total 65024K, used 37805K [0x0000000759500000, 0x000000075fd00000, 0x0000000800000000)
  eden space 59392K, 54% used [0x0000000759500000,0x000000075b4b5070,0x000000075cf00000)
  from space 5632K, 94% used [0x000000075d980000,0x000000075deb6398,0x000000075df00000)
  to   space 23552K, 0% used [0x000000075e600000,0x000000075e600000,0x000000075fd00000)
 ParOldGen       total 175104K, used 32029K [0x000000060c000000, 0x0000000616b00000, 0x0000000759500000)
  object space 175104K, 18% used [0x000000060c000000,0x000000060df47670,0x0000000616b00000)
 PSPermGen       total 52224K, used 52201K [0x0000000606e00000, 0x000000060a100000, 0x000000060c000000)
  object space 52224K, 99% used [0x0000000606e00000,0x000000060a0fa6a8,0x000000060a100000)
GC Heap History (10 events):
Event: 10.044 GC heap before
{Heap before GC invocations=5 (full 0):
 PSYoungGen      total 76800K, used 76796K [0x0000000759500000, 0x0000000762b00000, 0x0000000800000000)
  eden space 66048K, 100% used [0x0000000759500000,0x000000075d580000,0x000000075d580000)
  from space 10752K, 99% used [0x0000000762080000,0x0000000762aff018,0x0000000762b00000)
  to   space 10752K, 0% used [0x000000075d580000,0x000000075d580000,0x000000075e000000)
 ParOldGen       total 175104K, used 15836K [0x000000060c000000, 0x0000000616b00000, 0x0000000759500000)
  object space 175104K, 9% used [0x000000060c000000,0x000000060cf77338,0x0000000616b00000)
 PSPermGen       total 48128K, used 47773K [0x0000000606e00000, 0x0000000609d00000, 0x000000060c000000)
  object space 48128K, 99% used [0x0000000606e00000,0x0000000609ca77a8,0x0000000609d00000)
Event: 10.054 GC heap after
Heap after GC invocations=5 (full 0):
 PSYoungGen      total 75264K, used 10749K [0x0000000759500000, 0x0000000762100000, 0x0000000800000000)
  eden space 64512K, 0% used [0x0000000759500000,0x0000000759500000,0x000000075d400000)
  from space 10752K, 99% used [0x000000075d580000,0x000000075dfff538,0x000000075e000000)
  to   space 24064K, 0% used [0x0000000760980000,0x0000000760980000,0x0000000762100000)
 ParOldGen       total 175104K, used 20948K [0x000000060c000000, 0x0000000616b00000, 0x0000000759500000)
  object space 175104K, 11% used [0x000000060c000000,0x000000060d475298,0x0000000616b00000)
 PSPermGen       total 48128K, used 47773K [0x0000000606e00000, 0x0000000609d00000, 0x000000060c000000)
  object space 48128K, 99% used [0x0000000606e00000,0x0000000609ca77a8,0x0000000609d00000)
}
Event: 16.655 GC heap before
{Heap before GC invocations=6 (full 0):
 PSYoungGen      total 75264K, used 75261K [0x0000000759500000, 0x0000000762100000, 0x0000000800000000)
  eden space 64512K, 100% used [0x0000000759500000,0x000000075d400000,0x000000075d400000)
  from space 10752K, 99% used [0x000000075d580000,0x000000075dfff538,0x000000075e000000)
  to   space 24064K, 0% used [0x0000000760980000,0x0000000760980000,0x0000000762100000)
 ParOldGen       total 175104K, used 20948K [0x000000060c000000, 0x0000000616b00000, 0x0000000759500000)
  object space 175104K, 11% used [0x000000060c000000,0x000000060d475298,0x0000000616b00000)
 PSPermGen       total 48640K, used 48589K [0x0000000606e00000, 0x0000000609d80000, 0x000000060c000000)
  object space 48640K, 99% used [0x0000000606e00000,0x0000000609d735c8,0x0000000609d80000)
Event: 16.664 GC heap after
Heap after GC invocations=6 (full 0):
 PSYoungGen      total 74752K, used 11772K [0x0000000759500000, 0x0000000761500000, 0x0000000800000000)
  eden space 62976K, 0% used [0x0000000759500000,0x0000000759500000,0x000000075d280000)
  from space 11776K, 99% used [0x0000000760980000,0x00000007614ff298,0x0000000761500000)
  to   space 23040K, 0% used [0x000000075e800000,0x000000075e800000,0x000000075fe80000)
 ParOldGen       total 175104K, used 20956K [0x000000060c000000, 0x0000000616b00000, 0x0000000759500000)
  object space 175104K, 11% used [0x000000060c000000,0x000000060d477298,0x0000000616b00000)
 PSPermGen       total 48640K, used 48589K [0x0000000606e00000, 0x0000000609d80000, 0x000000060c000000)
  object space 48640K, 99% used [0x0000000606e00000,0x0000000609d735c8,0x0000000609d80000)
}
Event: 25.377 GC heap before
{Heap before GC invocations=7 (full 0):
 PSYoungGen      total 74752K, used 72090K [0x0000000759500000, 0x0000000761500000, 0x0000000800000000)
  eden space 62976K, 95% used [0x0000000759500000,0x000000075cfe7670,0x000000075d280000)
  from space 11776K, 99% used [0x0000000760980000,0x00000007614ff298,0x0000000761500000)
  to   space 23040K, 0% used [0x000000075e800000,0x000000075e800000,0x000000075fe80000)
 ParOldGen       total 175104K, used 20956K [0x000000060c000000, 0x0000000616b00000, 0x0000000759500000)
  object space 175104K, 11% used [0x000000060c000000,0x000000060d477298,0x0000000616b00000)
 PSPermGen       total 49152K, used 48873K [0x0000000606e00000, 0x0000000609e00000, 0x000000060c000000)
  object space 49152K, 99% used [0x0000000606e00000,0x0000000609dba5a8,0x0000000609e00000)
Event: 25.388 GC heap after
Heap after GC invocations=7 (full 0):
 PSYoungGen      total 79360K, used 17717K [0x0000000759500000, 0x0000000760a00000, 0x0000000800000000)
  eden space 61440K, 0% used [0x0000000759500000,0x0000000759500000,0x000000075d100000)
  from space 17920K, 98% used [0x000000075e800000,0x000000075f94d620,0x000000075f980000)
  to   space 16896K, 0% used [0x000000075f980000,0x000000075f980000,0x0000000760a00000)
 ParOldGen       total 175104K, used 24359K [0x000000060c000000, 0x0000000616b00000, 0x0000000759500000)
  object space 175104K, 13% used [0x000000060c000000,0x000000060d7c9d80,0x0000000616b00000)
 PSPermGen       total 49152K, used 48873K [0x0000000606e00000, 0x0000000609e00000, 0x000000060c000000)
  object space 49152K, 99% used [0x0000000606e00000,0x0000000609dba5a8,0x0000000609e00000)
}
Event: 47.191 GC heap before
{Heap before GC invocations=8 (full 0):
 PSYoungGen      total 79360K, used 79157K [0x0000000759500000, 0x0000000760a00000, 0x0000000800000000)
  eden space 61440K, 100% used [0x0000000759500000,0x000000075d100000,0x000000075d100000)
  from space 17920K, 98% used [0x000000075e800000,0x000000075f94d620,0x000000075f980000)
  to   space 16896K, 0% used [0x000000075f980000,0x000000075f980000,0x0000000760a00000)
 ParOldGen       total 175104K, used 24359K [0x000000060c000000, 0x0000000616b00000, 0x0000000759500000)
  object space 175104K, 13% used [0x000000060c000000,0x000000060d7c9d80,0x0000000616b00000)
 PSPermGen       total 50176K, used 50149K [0x0000000606e00000, 0x0000000609f00000, 0x000000060c000000)
  object space 50176K, 99% used [0x0000000606e00000,0x0000000609ef9678,0x0000000609f00000)
Event: 47.200 GC heap after
Heap after GC invocations=8 (full 0):
 PSYoungGen      total 73728K, used 12892K [0x0000000759500000, 0x0000000760680000, 0x0000000800000000)
  eden space 60416K, 0% used [0x0000000759500000,0x0000000759500000,0x000000075d000000)
  from space 13312K, 96% used [0x000000075f980000,0x00000007606171d0,0x0000000760680000)
  to   space 23040K, 0% used [0x000000075d980000,0x000000075d980000,0x000000075f000000)
 ParOldGen       total 175104K, used 29403K [0x000000060c000000, 0x0000000616b00000, 0x0000000759500000)
  object space 175104K, 16% used [0x000000060c000000,0x000000060dcb6f78,0x0000000616b00000)
 PSPermGen       total 50176K, used 50149K [0x0000000606e00000, 0x0000000609f00000, 0x000000060c000000)
  object space 50176K, 99% used [0x0000000606e00000,0x0000000609ef9678,0x0000000609f00000)
}
Event: 95.646 GC heap before
{Heap before GC invocations=9 (full 0):
 PSYoungGen      total 73728K, used 73308K [0x0000000759500000, 0x0000000760680000, 0x0000000800000000)
  eden space 60416K, 100% used [0x0000000759500000,0x000000075d000000,0x000000075d000000)
  from space 13312K, 96% used [0x000000075f980000,0x00000007606171d0,0x0000000760680000)
  to   space 23040K, 0% used [0x000000075d980000,0x000000075d980000,0x000000075f000000)
 ParOldGen       total 175104K, used 29403K [0x000000060c000000, 0x0000000616b00000, 0x0000000759500000)
  object space 175104K, 16% used [0x000000060c000000,0x000000060dcb6f78,0x0000000616b00000)
 PSPermGen       total 52224K, used 51992K [0x0000000606e00000, 0x000000060a100000, 0x000000060c000000)
  object space 52224K, 99% used [0x0000000606e00000,0x000000060a0c61e8,0x000000060a100000)
Event: 95.651 GC heap after
Heap after GC invocations=9 (full 0):
 PSYoungGen      total 65024K, used 5336K [0x0000000759500000, 0x000000075fd00000, 0x0000000800000000)
  eden space 59392K, 0% used [0x0000000759500000,0x0000000759500000,0x000000075cf00000)
  from space 5632K, 94% used [0x000000075d980000,0x000000075deb6398,0x000000075df00000)
  to   space 23552K, 0% used [0x000000075e600000,0x000000075e600000,0x000000075fd00000)
 ParOldGen       total 175104K, used 32029K [0x000000060c000000, 0x0000000616b00000, 0x0000000759500000)
  object space 175104K, 18% used [0x000000060c000000,0x000000060df47670,0x0000000616b00000)
 PSPermGen       total 52224K, used 51992K [0x0000000606e00000, 0x000000060a100000, 0x000000060c000000)
  object space 52224K, 99% used [0x0000000606e00000,0x000000060a0c61e8,0x000000060a100000)
}

