# JRE version: Java(TM) SE Runtime Environment (7.0_45-b18) (build 1.7.0_45-b18)
# Java VM: Java HotSpot(TM) 64-Bit Server VM (24.45-b08 mixed mode linux-amd64 compressed oops)
Heap
 PSYoungGen      total 86528K, used 35351K [0x0000000759500000, 0x0000000760400000, 0x0000000800000000)
  eden space 60416K, 27% used [0x0000000759500000,0x000000075a529750,0x000000075d000000)
  from space 26112K, 72% used [0x000000075ea80000,0x000000075fcdc4f8,0x0000000760400000)
  to   space 26624K, 0% used [0x000000075d000000,0x000000075d000000,0x000000075ea00000)
 ParOldGen       total 175104K, used 24491K [0x000000060c000000, 0x0000000616b00000, 0x0000000759500000)
  object space 175104K, 13% used [0x000000060c000000,0x000000060d7eafe8,0x0000000616b00000)
 PSPermGen       total 53248K, used 52824K [0x0000000606e00000, 0x000000060a200000, 0x000000060c000000)
  object space 53248K, 99% used [0x0000000606e00000,0x000000060a1962c0,0x000000060a200000)
GC Heap History (10 events):
Event: 6.805 GC heap before
{Heap before GC invocations=4 (full 0):
 PSYoungGen      total 76800K, used 76769K [0x0000000759500000, 0x000000075ea80000, 0x0000000800000000)
  eden space 66048K, 100% used [0x0000000759500000,0x000000075d580000,0x000000075d580000)
  from space 10752K, 99% used [0x000000075d580000,0x000000075dff84b0,0x000000075e000000)
  to   space 10752K, 0% used [0x000000075e000000,0x000000075e000000,0x000000075ea80000)
 ParOldGen       total 175104K, used 5852K [0x000000060c000000, 0x0000000616b00000, 0x0000000759500000)
  object space 175104K, 3% used [0x000000060c000000,0x000000060c5b72e8,0x0000000616b00000)
 PSPermGen       total 40448K, used 40159K [0x0000000606e00000, 0x0000000609580000, 0x000000060c000000)
  object space 40448K, 99% used [0x0000000606e00000,0x0000000609537e68,0x0000000609580000)
Event: 6.814 GC heap after
Heap after GC invocations=4 (full 0):
 PSYoungGen      total 76800K, used 10739K [0x0000000759500000, 0x000000075ea80000, 0x0000000800000000)
  eden space 66048K, 0% used [0x0000000759500000,0x0000000759500000,0x000000075d580000)
  from space 10752K, 99% used [0x000000075e000000,0x000000075ea7cc00,0x000000075ea80000)
  to   space 10752K, 0% used [0x000000075d580000,0x000000075d580000,0x000000075e000000)
 ParOldGen       total 175104K, used 12295K [0x000000060c000000, 0x0000000616b00000, 0x0000000759500000)
  object space 175104K, 7% used [0x000000060c000000,0x000000060cc01cf0,0x0000000616b00000)
 PSPermGen       total 40448K, used 40159K [0x0000000606e00000, 0x0000000609580000, 0x000000060c000000)
  object space 40448K, 99% used [0x0000000606e00000,0x0000000609537e68,0x0000000609580000)
}
Event: 13.122 GC heap before
{Heap before GC invocations=5 (full 0):
 PSYoungGen      total 76800K, used 76787K [0x0000000759500000, 0x000000075ea80000, 0x0000000800000000)
  eden space 66048K, 100% used [0x0000000759500000,0x000000075d580000,0x000000075d580000)
  from space 10752K, 99% used [0x000000075e000000,0x000000075ea7cc00,0x000000075ea80000)
  to   space 10752K, 0% used [0x000000075d580000,0x000000075d580000,0x000000075e000000)
 ParOldGen       total 175104K, used 12295K [0x000000060c000000, 0x0000000616b00000, 0x0000000759500000)
  object space 175104K, 7% used [0x000000060c000000,0x000000060cc01cf0,0x0000000616b00000)
 PSPermGen       total 44544K, used 44202K [0x0000000606e00000, 0x0000000609980000, 0x000000060c000000)
  object space 44544K, 99% used [0x0000000606e00000,0x000000060992a8d8,0x0000000609980000)
Event: 13.134 GC heap after
Heap after GC invocations=5 (full 0):
 PSYoungGen      total 75264K, used 10750K [0x0000000759500000, 0x000000075fd00000, 0x0000000800000000)
  eden space 64512K, 0% used [0x0000000759500000,0x0000000759500000,0x000000075d400000)
  from space 10752K, 99% used [0x000000075d580000,0x000000075dfff8e0,0x000000075e000000)
  to   space 20992K, 0% used [0x000000075e880000,0x000000075e880000,0x000000075fd00000)
 ParOldGen       total 175104K, used 14626K [0x000000060c000000, 0x0000000616b00000, 0x0000000759500000)
  object space 175104K, 8% used [0x000000060c000000,0x000000060ce48ae8,0x0000000616b00000)
 PSPermGen       total 44544K, used 44202K [0x0000000606e00000, 0x0000000609980000, 0x000000060c000000)
  object space 44544K, 99% used [0x0000000606e00000,0x000000060992a8d8,0x0000000609980000)
}
Event: 18.305 GC heap before
{Heap before GC invocations=6 (full 0):
 PSYoungGen      total 75264K, used 75262K [0x0000000759500000, 0x000000075fd00000, 0x0000000800000000)
  eden space 64512K, 100% used [0x0000000759500000,0x000000075d400000,0x000000075d400000)
  from space 10752K, 99% used [0x000000075d580000,0x000000075dfff8e0,0x000000075e000000)
  to   space 20992K, 0% used [0x000000075e880000,0x000000075e880000,0x000000075fd00000)
 ParOldGen       total 175104K, used 14626K [0x000000060c000000, 0x0000000616b00000, 0x0000000759500000)
  object space 175104K, 8% used [0x000000060c000000,0x000000060ce48ae8,0x0000000616b00000)
 PSPermGen       total 49664K, used 49234K [0x0000000606e00000, 0x0000000609e80000, 0x000000060c000000)
  object space 49664K, 99% used [0x0000000606e00000,0x0000000609e14ad8,0x0000000609e80000)
Event: 18.315 GC heap after
Heap after GC invocations=6 (full 0):
 PSYoungGen      total 83456K, used 18051K [0x0000000759500000, 0x000000075ff80000, 0x0000000800000000)
  eden space 62464K, 0% used [0x0000000759500000,0x0000000759500000,0x000000075d200000)
  from space 20992K, 85% used [0x000000075e880000,0x000000075fa20c98,0x000000075fd00000)
  to   space 23040K, 0% used [0x000000075d200000,0x000000075d200000,0x000000075e880000)
 ParOldGen       total 175104K, used 14634K [0x000000060c000000, 0x0000000616b00000, 0x0000000759500000)
  object space 175104K, 8% used [0x000000060c000000,0x000000060ce4aae8,0x0000000616b00000)
 PSPermGen       total 49664K, used 49234K [0x0000000606e00000, 0x0000000609e80000, 0x000000060c000000)
  object space 49664K, 99% used [0x0000000606e00000,0x0000000609e14ad8,0x0000000609e80000)
}
Event: 23.390 GC heap before
{Heap before GC invocations=7 (full 0):
 PSYoungGen      total 83456K, used 80515K [0x0000000759500000, 0x000000075ff80000, 0x0000000800000000)
  eden space 62464K, 100% used [0x0000000759500000,0x000000075d200000,0x000000075d200000)
  from space 20992K, 85% used [0x000000075e880000,0x000000075fa20c98,0x000000075fd00000)
  to   space 23040K, 0% used [0x000000075d200000,0x000000075d200000,0x000000075e880000)
 ParOldGen       total 175104K, used 14634K [0x000000060c000000, 0x0000000616b00000, 0x0000000759500000)
  object space 175104K, 8% used [0x000000060c000000,0x000000060ce4aae8,0x0000000616b00000)
 PSPermGen       total 52736K, used 52233K [0x0000000606e00000, 0x000000060a180000, 0x000000060c000000)
  object space 52736K, 99% used [0x0000000606e00000,0x000000060a102448,0x000000060a180000)
Event: 23.405 GC heap after
Heap after GC invocations=7 (full 0):
 PSYoungGen      total 84480K, used 22780K [0x0000000759500000, 0x0000000760400000, 0x0000000800000000)
  eden space 61440K, 0% used [0x0000000759500000,0x0000000759500000,0x000000075d100000)
  from space 23040K, 98% used [0x000000075d200000,0x000000075e83f140,0x000000075e880000)
  to   space 26112K, 0% used [0x000000075ea80000,0x000000075ea80000,0x0000000760400000)
 ParOldGen       total 175104K, used 18396K [0x000000060c000000, 0x0000000616b00000, 0x0000000759500000)
  object space 175104K, 10% used [0x000000060c000000,0x000000060d1f73a8,0x0000000616b00000)
 PSPermGen       total 52736K, used 52233K [0x0000000606e00000, 0x000000060a180000, 0x000000060c000000)
  object space 52736K, 99% used [0x0000000606e00000,0x000000060a102448,0x000000060a180000)
}
Event: 29.074 GC heap before
{Heap before GC invocations=8 (full 0):
 PSYoungGen      total 84480K, used 84220K [0x0000000759500000, 0x0000000760400000, 0x0000000800000000)
  eden space 61440K, 100% used [0x0000000759500000,0x000000075d100000,0x000000075d100000)
  from space 23040K, 98% used [0x000000075d200000,0x000000075e83f140,0x000000075e880000)
  to   space 26112K, 0% used [0x000000075ea80000,0x000000075ea80000,0x0000000760400000)
 ParOldGen       total 175104K, used 18396K [0x000000060c000000, 0x0000000616b00000, 0x0000000759500000)
  object space 175104K, 10% used [0x000000060c000000,0x000000060d1f73a8,0x0000000616b00000)
 PSPermGen       total 52736K, used 52543K [0x0000000606e00000, 0x000000060a180000, 0x000000060c000000)
  object space 52736K, 99% used [0x0000000606e00000,0x000000060a14fed8,0x000000060a180000)
Event: 29.085 GC heap after
Heap after GC invocations=8 (full 0):
 PSYoungGen      total 86528K, used 18801K [0x0000000759500000, 0x0000000760400000, 0x0000000800000000)
  eden space 60416K, 0% used [0x0000000759500000,0x0000000759500000,0x000000075d000000)
  from space 26112K, 72% used [0x000000075ea80000,0x000000075fcdc4f8,0x0000000760400000)
  to   space 26624K, 0% used [0x000000075d000000,0x000000075d000000,0x000000075ea00000)
 ParOldGen       total 175104K, used 24491K [0x000000060c000000, 0x0000000616b00000, 0x0000000759500000)
  object space 175104K, 13% used [0x000000060c000000,0x000000060d7eafe8,0x0000000616b00000)
 PSPermGen       total 52736K, used 52543K [0x0000000606e00000, 0x000000060a180000, 0x000000060c000000)
  object space 52736K, 99% used [0x0000000606e00000,0x000000060a14fed8,0x000000060a180000)
}

