# JRE version: Java(TM) SE Runtime Environment (7.0_45-b18) (build 1.7.0_45-b18)
# Java VM: Java HotSpot(TM) 64-Bit Server VM (24.45-b08 mixed mode linux-amd64 compressed oops)
Heap
 PSYoungGen      total 85504K, used 58387K [0x0000000797d00000, 0x000000079d400000, 0x0000000800000000)
  eden space 84992K, 68% used [0x0000000797d00000,0x000000079b584d60,0x000000079d000000)
  from space 512K, 100% used [0x000000079d200000,0x000000079d280000,0x000000079d280000)
  to   space 2048K, 0% used [0x000000079d000000,0x000000079d000000,0x000000079d200000)
 ParOldGen       total 502272K, used 42066K [0x00000006c7800000, 0x00000006e6280000, 0x0000000797d00000)
  object space 502272K, 8% used [0x00000006c7800000,0x00000006ca114a38,0x00000006e6280000)
 PSPermGen       total 54272K, used 54268K [0x00000006c2600000, 0x00000006c5b00000, 0x00000006c7800000)
  object space 54272K, 99% used [0x00000006c2600000,0x00000006c5aff130,0x00000006c5b00000)
GC Heap History (10 events):
Event: 17722.242 GC heap before
{Heap before GC invocations=742 (full 151):
 PSYoungGen      total 87040K, used 86688K [0x0000000797d00000, 0x000000079d280000, 0x0000000800000000)
  eden space 86528K, 100% used [0x0000000797d00000,0x000000079d180000,0x000000079d180000)
  from space 512K, 31% used [0x000000079d180000,0x000000079d1a8000,0x000000079d200000)
  to   space 512K, 0% used [0x000000079d200000,0x000000079d200000,0x000000079d280000)
 ParOldGen       total 502272K, used 38691K [0x00000006c7800000, 0x00000006e6280000, 0x0000000797d00000)
  object space 502272K, 7% used [0x00000006c7800000,0x00000006c9dc8c90,0x00000006e6280000)
 PSPermGen       total 53760K, used 52500K [0x00000006c2600000, 0x00000006c5a80000, 0x00000006c7800000)
  object space 53760K, 97% used [0x00000006c2600000,0x00000006c59450b0,0x00000006c5a80000)
Event: 17722.244 GC heap after
Heap after GC invocations=742 (full 151):
 PSYoungGen      total 87040K, used 288K [0x0000000797d00000, 0x000000079d280000, 0x0000000800000000)
  eden space 86528K, 0% used [0x0000000797d00000,0x0000000797d00000,0x000000079d180000)
  from space 512K, 56% used [0x000000079d200000,0x000000079d248000,0x000000079d280000)
  to   space 512K, 0% used [0x000000079d180000,0x000000079d180000,0x000000079d200000)
 ParOldGen       total 502272K, used 38691K [0x00000006c7800000, 0x00000006e6280000, 0x0000000797d00000)
  object space 502272K, 7% used [0x00000006c7800000,0x00000006c9dc8c90,0x00000006e6280000)
 PSPermGen       total 53760K, used 52500K [0x00000006c2600000, 0x00000006c5a80000, 0x00000006c7800000)
  object space 53760K, 97% used [0x00000006c2600000,0x00000006c59450b0,0x00000006c5a80000)
}
Event: 17725.901 GC heap before
{Heap before GC invocations=743 (full 151):
 PSYoungGen      total 87040K, used 86816K [0x0000000797d00000, 0x000000079d280000, 0x0000000800000000)
  eden space 86528K, 100% used [0x0000000797d00000,0x000000079d180000,0x000000079d180000)
  from space 512K, 56% used [0x000000079d200000,0x000000079d248000,0x000000079d280000)
  to   space 512K, 0% used [0x000000079d180000,0x000000079d180000,0x000000079d200000)
 ParOldGen       total 502272K, used 38691K [0x00000006c7800000, 0x00000006e6280000, 0x0000000797d00000)
  object space 502272K, 7% used [0x00000006c7800000,0x00000006c9dc8c90,0x00000006e6280000)
 PSPermGen       total 53760K, used 52500K [0x00000006c2600000, 0x00000006c5a80000, 0x00000006c7800000)
  object space 53760K, 97% used [0x00000006c2600000,0x00000006c59450b0,0x00000006c5a80000)
Event: 17725.903 GC heap after
Heap after GC invocations=743 (full 151):
 PSYoungGen      total 87040K, used 224K [0x0000000797d00000, 0x000000079d280000, 0x0000000800000000)
  eden space 86528K, 0% used [0x0000000797d00000,0x0000000797d00000,0x000000079d180000)
  from space 512K, 43% used [0x000000079d180000,0x000000079d1b8000,0x000000079d200000)
  to   space 512K, 0% used [0x000000079d200000,0x000000079d200000,0x000000079d280000)
 ParOldGen       total 502272K, used 38691K [0x00000006c7800000, 0x00000006e6280000, 0x0000000797d00000)
  object space 502272K, 7% used [0x00000006c7800000,0x00000006c9dc8c90,0x00000006e6280000)
 PSPermGen       total 53760K, used 52500K [0x00000006c2600000, 0x00000006c5a80000, 0x00000006c7800000)
  object space 53760K, 97% used [0x00000006c2600000,0x00000006c59450b0,0x00000006c5a80000)
}
Event: 17729.566 GC heap before
{Heap before GC invocations=744 (full 151):
 PSYoungGen      total 87040K, used 86752K [0x0000000797d00000, 0x000000079d280000, 0x0000000800000000)
  eden space 86528K, 100% used [0x0000000797d00000,0x000000079d180000,0x000000079d180000)
  from space 512K, 43% used [0x000000079d180000,0x000000079d1b8000,0x000000079d200000)
  to   space 512K, 0% used [0x000000079d200000,0x000000079d200000,0x000000079d280000)
 ParOldGen       total 502272K, used 38691K [0x00000006c7800000, 0x00000006e6280000, 0x0000000797d00000)
  object space 502272K, 7% used [0x00000006c7800000,0x00000006c9dc8c90,0x00000006e6280000)
 PSPermGen       total 53760K, used 52500K [0x00000006c2600000, 0x00000006c5a80000, 0x00000006c7800000)
  object space 53760K, 97% used [0x00000006c2600000,0x00000006c59450b0,0x00000006c5a80000)
Event: 17729.568 GC heap after
Heap after GC invocations=744 (full 151):
 PSYoungGen      total 87040K, used 224K [0x0000000797d00000, 0x000000079d280000, 0x0000000800000000)
  eden space 86528K, 0% used [0x0000000797d00000,0x0000000797d00000,0x000000079d180000)
  from space 512K, 43% used [0x000000079d200000,0x000000079d238000,0x000000079d280000)
  to   space 512K, 0% used [0x000000079d180000,0x000000079d180000,0x000000079d200000)
 ParOldGen       total 502272K, used 38691K [0x00000006c7800000, 0x00000006e6280000, 0x0000000797d00000)
  object space 502272K, 7% used [0x00000006c7800000,0x00000006c9dc8c90,0x00000006e6280000)
 PSPermGen       total 53760K, used 52500K [0x00000006c2600000, 0x00000006c5a80000, 0x00000006c7800000)
  object space 53760K, 97% used [0x00000006c2600000,0x00000006c59450b0,0x00000006c5a80000)
}
Event: 17732.538 GC heap before
{Heap before GC invocations=745 (full 151):
 PSYoungGen      total 87040K, used 86752K [0x0000000797d00000, 0x000000079d280000, 0x0000000800000000)
  eden space 86528K, 100% used [0x0000000797d00000,0x000000079d180000,0x000000079d180000)
  from space 512K, 43% used [0x000000079d200000,0x000000079d238000,0x000000079d280000)
  to   space 512K, 0% used [0x000000079d180000,0x000000079d180000,0x000000079d200000)
 ParOldGen       total 502272K, used 38691K [0x00000006c7800000, 0x00000006e6280000, 0x0000000797d00000)
  object space 502272K, 7% used [0x00000006c7800000,0x00000006c9dc8c90,0x00000006e6280000)
 PSPermGen       total 53760K, used 52500K [0x00000006c2600000, 0x00000006c5a80000, 0x00000006c7800000)
  object space 53760K, 97% used [0x00000006c2600000,0x00000006c5945110,0x00000006c5a80000)
Event: 17732.540 GC heap after
Heap after GC invocations=745 (full 151):
 PSYoungGen      total 87040K, used 480K [0x0000000797d00000, 0x000000079d280000, 0x0000000800000000)
  eden space 86528K, 0% used [0x0000000797d00000,0x0000000797d00000,0x000000079d180000)
  from space 512K, 93% used [0x000000079d180000,0x000000079d1f8000,0x000000079d200000)
  to   space 512K, 0% used [0x000000079d200000,0x000000079d200000,0x000000079d280000)
 ParOldGen       total 502272K, used 38691K [0x00000006c7800000, 0x00000006e6280000, 0x0000000797d00000)
  object space 502272K, 7% used [0x00000006c7800000,0x00000006c9dc8c90,0x00000006e6280000)
 PSPermGen       total 53760K, used 52500K [0x00000006c2600000, 0x00000006c5a80000, 0x00000006c7800000)
  object space 53760K, 97% used [0x00000006c2600000,0x00000006c5945110,0x00000006c5a80000)
}
Event: 17734.306 GC heap before
{Heap before GC invocations=746 (full 151):
 PSYoungGen      total 87040K, used 87008K [0x0000000797d00000, 0x000000079d280000, 0x0000000800000000)
  eden space 86528K, 100% used [0x0000000797d00000,0x000000079d180000,0x000000079d180000)
  from space 512K, 93% used [0x000000079d180000,0x000000079d1f8000,0x000000079d200000)
  to   space 512K, 0% used [0x000000079d200000,0x000000079d200000,0x000000079d280000)
 ParOldGen       total 502272K, used 38691K [0x00000006c7800000, 0x00000006e6280000, 0x0000000797d00000)
  object space 502272K, 7% used [0x00000006c7800000,0x00000006c9dc8c90,0x00000006e6280000)
 PSPermGen       total 54272K, used 53966K [0x00000006c2600000, 0x00000006c5b00000, 0x00000006c7800000)
  object space 54272K, 99% used [0x00000006c2600000,0x00000006c5ab3a20,0x00000006c5b00000)
Event: 17734.309 GC heap after
Heap after GC invocations=746 (full 151):
 PSYoungGen      total 85504K, used 512K [0x0000000797d00000, 0x000000079d400000, 0x0000000800000000)
  eden space 84992K, 0% used [0x0000000797d00000,0x0000000797d00000,0x000000079d000000)
  from space 512K, 100% used [0x000000079d200000,0x000000079d280000,0x000000079d280000)
  to   space 2048K, 0% used [0x000000079d000000,0x000000079d000000,0x000000079d200000)
 ParOldGen       total 502272K, used 42066K [0x00000006c7800000, 0x00000006e6280000, 0x0000000797d00000)
  object space 502272K, 8% used [0x00000006c7800000,0x00000006ca114a38,0x00000006e6280000)
 PSPermGen       total 54272K, used 53966K [0x00000006c2600000, 0x00000006c5b00000, 0x00000006c7800000)
  object space 54272K, 99% used [0x00000006c2600000,0x00000006c5ab3a20,0x00000006c5b00000)
}

