# JRE version: Java(TM) SE Runtime Environment (7.0_45-b18) (build 1.7.0_45-b18)
# Java VM: Java HotSpot(TM) 64-Bit Server VM (24.45-b08 mixed mode linux-amd64 compressed oops)
Heap
 PSYoungGen      total 274944K, used 229864K [0x0000000797d00000, 0x00000007b2f00000, 0x0000000800000000)
  eden space 229376K, 80% used [0x0000000797d00000,0x00000007a30fa678,0x00000007a5d00000)
  from space 45568K, 99% used [0x00000007aef80000,0x00000007b1bffc28,0x00000007b1c00000)
  to   space 19456K, 0% used [0x00000007b1c00000,0x00000007b1c00000,0x00000007b2f00000)
 ParOldGen       total 175104K, used 87668K [0x00000006c7800000, 0x00000006d2300000, 0x0000000797d00000)
  object space 175104K, 50% used [0x00000006c7800000,0x00000006ccd9d318,0x00000006d2300000)
 PSPermGen       total 48128K, used 48044K [0x00000006c2600000, 0x00000006c5500000, 0x00000006c7800000)
  object space 48128K, 99% used [0x00000006c2600000,0x00000006c54eb0d0,0x00000006c5500000)
GC Heap History (10 events):
Event: 13.154 GC heap before
{Heap before GC invocations=7 (full 0):
 PSYoungGen      total 163328K, used 153167K [0x0000000797d00000, 0x00000007a3f00000, 0x0000000800000000)
  eden space 131072K, 100% used [0x0000000797d00000,0x000000079fd00000,0x000000079fd00000)
  from space 32256K, 68% used [0x00000007a1d80000,0x00000007a3313ec8,0x00000007a3d00000)
  to   space 33280K, 0% used [0x000000079fd00000,0x000000079fd00000,0x00000007a1d80000)
 ParOldGen       total 175104K, used 32453K [0x00000006c7800000, 0x00000006d2300000, 0x0000000797d00000)
  object space 175104K, 18% used [0x00000006c7800000,0x00000006c97b14b0,0x00000006d2300000)
 PSPermGen       total 44544K, used 44509K [0x00000006c2600000, 0x00000006c5180000, 0x00000006c7800000)
  object space 44544K, 99% used [0x00000006c2600000,0x00000006c5177420,0x00000006c5180000)
Event: 13.180 GC heap after
Heap after GC invocations=7 (full 0):
 PSYoungGen      total 164352K, used 22798K [0x0000000797d00000, 0x00000007abf00000, 0x0000000800000000)
  eden space 131072K, 0% used [0x0000000797d00000,0x0000000797d00000,0x000000079fd00000)
  from space 33280K, 68% used [0x000000079fd00000,0x00000007a1343bc0,0x00000007a1d80000)
  to   space 33792K, 0% used [0x00000007a9e00000,0x00000007a9e00000,0x00000007abf00000)
 ParOldGen       total 175104K, used 37375K [0x00000006c7800000, 0x00000006d2300000, 0x0000000797d00000)
  object space 175104K, 21% used [0x00000006c7800000,0x00000006c9c7fff0,0x00000006d2300000)
 PSPermGen       total 44544K, used 44509K [0x00000006c2600000, 0x00000006c5180000, 0x00000006c7800000)
  object space 44544K, 99% used [0x00000006c2600000,0x00000006c5177420,0x00000006c5180000)
}
Event: 17.251 GC heap before
{Heap before GC invocations=8 (full 0):
 PSYoungGen      total 164352K, used 153870K [0x0000000797d00000, 0x00000007abf00000, 0x0000000800000000)
  eden space 131072K, 100% used [0x0000000797d00000,0x000000079fd00000,0x000000079fd00000)
  from space 33280K, 68% used [0x000000079fd00000,0x00000007a1343bc0,0x00000007a1d80000)
  to   space 33792K, 0% used [0x00000007a9e00000,0x00000007a9e00000,0x00000007abf00000)
 ParOldGen       total 175104K, used 37375K [0x00000006c7800000, 0x00000006d2300000, 0x0000000797d00000)
  object space 175104K, 21% used [0x00000006c7800000,0x00000006c9c7fff0,0x00000006d2300000)
 PSPermGen       total 47104K, used 46630K [0x00000006c2600000, 0x00000006c5400000, 0x00000006c7800000)
  object space 47104K, 98% used [0x00000006c2600000,0x00000006c5389a08,0x00000006c5400000)
Event: 17.277 GC heap after
Heap after GC invocations=8 (full 0):
 PSYoungGen      total 282112K, used 33763K [0x0000000797d00000, 0x00000007ada00000, 0x0000000800000000)
  eden space 248320K, 0% used [0x0000000797d00000,0x0000000797d00000,0x00000007a6f80000)
  from space 33792K, 99% used [0x00000007a9e00000,0x00000007abef8f48,0x00000007abf00000)
  to   space 47616K, 0% used [0x00000007a6f80000,0x00000007a6f80000,0x00000007a9e00000)
 ParOldGen       total 175104K, used 56702K [0x00000006c7800000, 0x00000006d2300000, 0x0000000797d00000)
  object space 175104K, 32% used [0x00000006c7800000,0x00000006caf5fae8,0x00000006d2300000)
 PSPermGen       total 47104K, used 46630K [0x00000006c2600000, 0x00000006c5400000, 0x00000006c7800000)
  object space 47104K, 98% used [0x00000006c2600000,0x00000006c5389a08,0x00000006c5400000)
}
Event: 505.200 GC heap before
{Heap before GC invocations=9 (full 0):
 PSYoungGen      total 282112K, used 282083K [0x0000000797d00000, 0x00000007ada00000, 0x0000000800000000)
  eden space 248320K, 100% used [0x0000000797d00000,0x00000007a6f80000,0x00000007a6f80000)
  from space 33792K, 99% used [0x00000007a9e00000,0x00000007abef8f48,0x00000007abf00000)
  to   space 47616K, 0% used [0x00000007a6f80000,0x00000007a6f80000,0x00000007a9e00000)
 ParOldGen       total 175104K, used 56702K [0x00000006c7800000, 0x00000006d2300000, 0x0000000797d00000)
  object space 175104K, 32% used [0x00000006c7800000,0x00000006caf5fae8,0x00000006d2300000)
 PSPermGen       total 47616K, used 47177K [0x00000006c2600000, 0x00000006c5480000, 0x00000006c7800000)
  object space 47616K, 99% used [0x00000006c2600000,0x00000006c5412788,0x00000006c5480000)
Event: 505.215 GC heap after
Heap after GC invocations=9 (full 0):
 PSYoungGen      total 295936K, used 26436K [0x0000000797d00000, 0x00000007b5c00000, 0x0000000800000000)
  eden space 248320K, 0% used [0x0000000797d00000,0x0000000797d00000,0x00000007a6f80000)
  from space 47616K, 55% used [0x00000007a6f80000,0x00000007a8951100,0x00000007a9e00000)
  to   space 46592K, 0% used [0x00000007b2e80000,0x00000007b2e80000,0x00000007b5c00000)
 ParOldGen       total 175104K, used 66906K [0x00000006c7800000, 0x00000006d2300000, 0x0000000797d00000)
  object space 175104K, 38% used [0x00000006c7800000,0x00000006cb9568e8,0x00000006d2300000)
 PSPermGen       total 47616K, used 47177K [0x00000006c2600000, 0x00000006c5480000, 0x00000006c7800000)
  object space 47616K, 99% used [0x00000006c2600000,0x00000006c5412788,0x00000006c5480000)
}
Event: 571.362 GC heap before
{Heap before GC invocations=10 (full 0):
 PSYoungGen      total 295936K, used 274756K [0x0000000797d00000, 0x00000007b5c00000, 0x0000000800000000)
  eden space 248320K, 100% used [0x0000000797d00000,0x00000007a6f80000,0x00000007a6f80000)
  from space 47616K, 55% used [0x00000007a6f80000,0x00000007a8951100,0x00000007a9e00000)
  to   space 46592K, 0% used [0x00000007b2e80000,0x00000007b2e80000,0x00000007b5c00000)
 ParOldGen       total 175104K, used 66906K [0x00000006c7800000, 0x00000006d2300000, 0x0000000797d00000)
  object space 175104K, 38% used [0x00000006c7800000,0x00000006cb9568e8,0x00000006d2300000)
 PSPermGen       total 47616K, used 47357K [0x00000006c2600000, 0x00000006c5480000, 0x00000006c7800000)
  object space 47616K, 99% used [0x00000006c2600000,0x00000006c543f638,0x00000006c5480000)
Event: 571.380 GC heap after
Heap after GC invocations=10 (full 0):
 PSYoungGen      total 265216K, used 26310K [0x0000000797d00000, 0x00000007b4880000, 0x0000000800000000)
  eden space 238592K, 0% used [0x0000000797d00000,0x0000000797d00000,0x00000007a6600000)
  from space 26624K, 98% used [0x00000007b2e80000,0x00000007b4831940,0x00000007b4880000)
  to   space 45568K, 0% used [0x00000007aef80000,0x00000007aef80000,0x00000007b1c00000)
 ParOldGen       total 175104K, used 84574K [0x00000006c7800000, 0x00000006d2300000, 0x0000000797d00000)
  object space 175104K, 48% used [0x00000006c7800000,0x00000006cca97968,0x00000006d2300000)
 PSPermGen       total 47616K, used 47357K [0x00000006c2600000, 0x00000006c5480000, 0x00000006c7800000)
  object space 47616K, 99% used [0x00000006c2600000,0x00000006c543f638,0x00000006c5480000)
}
Event: 582.358 GC heap before
{Heap before GC invocations=11 (full 0):
 PSYoungGen      total 265216K, used 264902K [0x0000000797d00000, 0x00000007b4880000, 0x0000000800000000)
  eden space 238592K, 100% used [0x0000000797d00000,0x00000007a6600000,0x00000007a6600000)
  from space 26624K, 98% used [0x00000007b2e80000,0x00000007b4831940,0x00000007b4880000)
  to   space 45568K, 0% used [0x00000007aef80000,0x00000007aef80000,0x00000007b1c00000)
 ParOldGen       total 175104K, used 84574K [0x00000006c7800000, 0x00000006d2300000, 0x0000000797d00000)
  object space 175104K, 48% used [0x00000006c7800000,0x00000006cca97968,0x00000006d2300000)
 PSPermGen       total 48128K, used 47923K [0x00000006c2600000, 0x00000006c5500000, 0x00000006c7800000)
  object space 48128K, 99% used [0x00000006c2600000,0x00000006c54ccda8,0x00000006c5500000)
Event: 582.378 GC heap after
Heap after GC invocations=11 (full 0):
 PSYoungGen      total 274944K, used 45567K [0x0000000797d00000, 0x00000007b2f00000, 0x0000000800000000)
  eden space 229376K, 0% used [0x0000000797d00000,0x0000000797d00000,0x00000007a5d00000)
  from space 45568K, 99% used [0x00000007aef80000,0x00000007b1bffc28,0x00000007b1c00000)
  to   space 19456K, 0% used [0x00000007b1c00000,0x00000007b1c00000,0x00000007b2f00000)
 ParOldGen       total 175104K, used 87668K [0x00000006c7800000, 0x00000006d2300000, 0x0000000797d00000)
  object space 175104K, 50% used [0x00000006c7800000,0x00000006ccd9d318,0x00000006d2300000)
 PSPermGen       total 48128K, used 47923K [0x00000006c2600000, 0x00000006c5500000, 0x00000006c7800000)
  object space 48128K, 99% used [0x00000006c2600000,0x00000006c54ccda8,0x00000006c5500000)
}

