# JRE version: Java(TM) SE Runtime Environment (7.0_45-b18) (build 1.7.0_45-b18)
# Java VM: Java HotSpot(TM) 64-Bit Server VM (24.45-b08 mixed mode linux-amd64 compressed oops)
Heap
 PSYoungGen      total 78336K, used 17126K [0x0000000759500000, 0x000000075ff00000, 0x0000000800000000)
  eden space 53248K, 30% used [0x0000000759500000,0x000000075a5019d0,0x000000075c900000)
  from space 25088K, 2% used [0x000000075e680000,0x000000075e738000,0x000000075ff00000)
  to   space 27648K, 0% used [0x000000075c900000,0x000000075c900000,0x000000075e400000)
 ParOldGen       total 175104K, used 76240K [0x000000060c000000, 0x0000000616b00000, 0x0000000759500000)
  object space 175104K, 43% used [0x000000060c000000,0x0000000610a74108,0x0000000616b00000)
 PSPermGen       total 83968K, used 55754K [0x0000000606e00000, 0x000000060c000000, 0x000000060c000000)
  object space 83968K, 66% used [0x0000000606e00000,0x000000060a472b28,0x000000060c000000)
GC Heap History (10 events):
Event: 108.124 GC heap before
{Heap before GC invocations=33 (full 0):
 PSYoungGen      total 81408K, used 75589K [0x0000000759500000, 0x0000000760400000, 0x0000000800000000)
  eden space 57344K, 100% used [0x0000000759500000,0x000000075cd00000,0x000000075cd00000)
  from space 24064K, 75% used [0x000000075e780000,0x000000075f951758,0x000000075ff00000)
  to   space 27136K, 0% used [0x000000075cd00000,0x000000075cd00000,0x000000075e780000)
 ParOldGen       total 175104K, used 108051K [0x000000060c000000, 0x0000000616b00000, 0x0000000759500000)
  object space 175104K, 61% used [0x000000060c000000,0x0000000612984c78,0x0000000616b00000)
 PSPermGen       total 55808K, used 55328K [0x0000000606e00000, 0x000000060a480000, 0x000000060c000000)
  object space 55808K, 99% used [0x0000000606e00000,0x000000060a4080f8,0x000000060a480000)
Event: 108.130 GC heap after
Heap after GC invocations=33 (full 0):
 PSYoungGen      total 83456K, used 23914K [0x0000000759500000, 0x0000000760b00000, 0x0000000800000000)
  eden space 56320K, 0% used [0x0000000759500000,0x0000000759500000,0x000000075cc00000)
  from space 27136K, 88% used [0x000000075cd00000,0x000000075e45ab00,0x000000075e780000)
  to   space 32256K, 0% used [0x000000075eb80000,0x000000075eb80000,0x0000000760b00000)
 ParOldGen       total 175104K, used 119929K [0x000000060c000000, 0x0000000616b00000, 0x0000000759500000)
  object space 175104K, 68% used [0x000000060c000000,0x000000061351e7c0,0x0000000616b00000)
 PSPermGen       total 55808K, used 55328K [0x0000000606e00000, 0x000000060a480000, 0x000000060c000000)
  object space 55808K, 99% used [0x0000000606e00000,0x000000060a4080f8,0x000000060a480000)
}
Event: 118.712 GC heap before
{Heap before GC invocations=34 (full 0):
 PSYoungGen      total 83456K, used 80234K [0x0000000759500000, 0x0000000760b00000, 0x0000000800000000)
  eden space 56320K, 100% used [0x0000000759500000,0x000000075cc00000,0x000000075cc00000)
  from space 27136K, 88% used [0x000000075cd00000,0x000000075e45ab00,0x000000075e780000)
  to   space 32256K, 0% used [0x000000075eb80000,0x000000075eb80000,0x0000000760b00000)
 ParOldGen       total 175104K, used 119929K [0x000000060c000000, 0x0000000616b00000, 0x0000000759500000)
  object space 175104K, 68% used [0x000000060c000000,0x000000061351e7c0,0x0000000616b00000)
 PSPermGen       total 55808K, used 55579K [0x0000000606e00000, 0x000000060a480000, 0x000000060c000000)
  object space 55808K, 99% used [0x0000000606e00000,0x000000060a446ec8,0x000000060a480000)
Event: 118.718 GC heap after
Heap after GC invocations=34 (full 0):
 PSYoungGen      total 83456K, used 1805K [0x0000000759500000, 0x0000000760700000, 0x0000000800000000)
  eden space 55296K, 0% used [0x0000000759500000,0x0000000759500000,0x000000075cb00000)
  from space 28160K, 6% used [0x000000075eb80000,0x000000075ed43790,0x0000000760700000)
  to   space 30720K, 0% used [0x000000075cb00000,0x000000075cb00000,0x000000075e900000)
 ParOldGen       total 175104K, used 152720K [0x000000060c000000, 0x0000000616b00000, 0x0000000759500000)
  object space 175104K, 87% used [0x000000060c000000,0x00000006155243b8,0x0000000616b00000)
 PSPermGen       total 55808K, used 55579K [0x0000000606e00000, 0x000000060a480000, 0x000000060c000000)
  object space 55808K, 99% used [0x0000000606e00000,0x000000060a446ec8,0x000000060a480000)
}
Event: 118.718 GC heap before
{Heap before GC invocations=35 (full 1):
 PSYoungGen      total 83456K, used 1805K [0x0000000759500000, 0x0000000760700000, 0x0000000800000000)
  eden space 55296K, 0% used [0x0000000759500000,0x0000000759500000,0x000000075cb00000)
  from space 28160K, 6% used [0x000000075eb80000,0x000000075ed43790,0x0000000760700000)
  to   space 30720K, 0% used [0x000000075cb00000,0x000000075cb00000,0x000000075e900000)
 ParOldGen       total 175104K, used 152720K [0x000000060c000000, 0x0000000616b00000, 0x0000000759500000)
  object space 175104K, 87% used [0x000000060c000000,0x00000006155243b8,0x0000000616b00000)
 PSPermGen       total 55808K, used 55579K [0x0000000606e00000, 0x000000060a480000, 0x000000060c000000)
  object space 55808K, 99% used [0x0000000606e00000,0x000000060a446ec8,0x000000060a480000)
Event: 118.873 GC heap after
Heap after GC invocations=35 (full 1):
 PSYoungGen      total 83456K, used 0K [0x0000000759500000, 0x0000000760700000, 0x0000000800000000)
  eden space 55296K, 0% used [0x0000000759500000,0x0000000759500000,0x000000075cb00000)
  from space 28160K, 0% used [0x000000075eb80000,0x000000075eb80000,0x0000000760700000)
  to   space 30720K, 0% used [0x000000075cb00000,0x000000075cb00000,0x000000075e900000)
 ParOldGen       total 175104K, used 75987K [0x000000060c000000, 0x0000000616b00000, 0x0000000759500000)
  object space 175104K, 43% used [0x000000060c000000,0x0000000610a34d90,0x0000000616b00000)
 PSPermGen       total 83968K, used 55555K [0x0000000606e00000, 0x000000060c000000, 0x000000060c000000)
  object space 83968K, 66% used [0x0000000606e00000,0x000000060a440d70,0x000000060c000000)
}
Event: 126.274 GC heap before
{Heap before GC invocations=36 (full 1):
 PSYoungGen      total 83456K, used 55296K [0x0000000759500000, 0x0000000760700000, 0x0000000800000000)
  eden space 55296K, 100% used [0x0000000759500000,0x000000075cb00000,0x000000075cb00000)
  from space 28160K, 0% used [0x000000075eb80000,0x000000075eb80000,0x0000000760700000)
  to   space 30720K, 0% used [0x000000075cb00000,0x000000075cb00000,0x000000075e900000)
 ParOldGen       total 175104K, used 75987K [0x000000060c000000, 0x0000000616b00000, 0x0000000759500000)
  object space 175104K, 43% used [0x000000060c000000,0x0000000610a34d90,0x0000000616b00000)
 PSPermGen       total 83968K, used 55628K [0x0000000606e00000, 0x000000060c000000, 0x000000060c000000)
  object space 83968K, 66% used [0x0000000606e00000,0x000000060a4532b0,0x000000060c000000)
Event: 126.277 GC heap after
Heap after GC invocations=36 (full 1):
 PSYoungGen      total 55296K, used 768K [0x0000000759500000, 0x0000000760300000, 0x0000000800000000)
  eden space 54272K, 0% used [0x0000000759500000,0x0000000759500000,0x000000075ca00000)
  from space 1024K, 75% used [0x000000075cb00000,0x000000075cbc0000,0x000000075cc00000)
  to   space 29184K, 0% used [0x000000075e680000,0x000000075e680000,0x0000000760300000)
 ParOldGen       total 175104K, used 75987K [0x000000060c000000, 0x0000000616b00000, 0x0000000759500000)
  object space 175104K, 43% used [0x000000060c000000,0x0000000610a34d90,0x0000000616b00000)
 PSPermGen       total 83968K, used 55628K [0x0000000606e00000, 0x000000060c000000, 0x000000060c000000)
  object space 83968K, 66% used [0x0000000606e00000,0x000000060a4532b0,0x000000060c000000)
}
Event: 133.585 GC heap before
{Heap before GC invocations=37 (full 1):
 PSYoungGen      total 55296K, used 55040K [0x0000000759500000, 0x0000000760300000, 0x0000000800000000)
  eden space 54272K, 100% used [0x0000000759500000,0x000000075ca00000,0x000000075ca00000)
  from space 1024K, 75% used [0x000000075cb00000,0x000000075cbc0000,0x000000075cc00000)
  to   space 29184K, 0% used [0x000000075e680000,0x000000075e680000,0x0000000760300000)
 ParOldGen       total 175104K, used 75987K [0x000000060c000000, 0x0000000616b00000, 0x0000000759500000)
  object space 175104K, 43% used [0x000000060c000000,0x0000000610a34d90,0x0000000616b00000)
 PSPermGen       total 83968K, used 55727K [0x0000000606e00000, 0x000000060c000000, 0x000000060c000000)
  object space 83968K, 66% used [0x0000000606e00000,0x000000060a46bc48,0x000000060c000000)
Event: 133.588 GC heap after
Heap after GC invocations=37 (full 1):
 PSYoungGen      total 78336K, used 736K [0x0000000759500000, 0x000000075ff00000, 0x0000000800000000)
  eden space 53248K, 0% used [0x0000000759500000,0x0000000759500000,0x000000075c900000)
  from space 25088K, 2% used [0x000000075e680000,0x000000075e738000,0x000000075ff00000)
  to   space 27648K, 0% used [0x000000075c900000,0x000000075c900000,0x000000075e400000)
 ParOldGen       total 175104K, used 76240K [0x000000060c000000, 0x0000000616b00000, 0x0000000759500000)
  object space 175104K, 43% used [0x000000060c000000,0x0000000610a74108,0x0000000616b00000)
 PSPermGen       total 83968K, used 55727K [0x0000000606e00000, 0x000000060c000000, 0x000000060c000000)
  object space 83968K, 66% used [0x0000000606e00000,0x000000060a46bc48,0x000000060c000000)
}

