# JRE version: Java(TM) SE Runtime Environment (7.0_45-b18) (build 1.7.0_45-b18)
# Java VM: Java HotSpot(TM) 64-Bit Server VM (24.45-b08 mixed mode linux-amd64 compressed oops)
Heap
 PSYoungGen      total 792576K, used 743599K [0x0000000797d00000, 0x00000007ce480000, 0x0000000800000000)
  eden space 750080K, 93% used [0x0000000797d00000,0x00000007c29ed9f8,0x00000007c5980000)
  from space 42496K, 99% used [0x00000007c5980000,0x00000007c82be2d8,0x00000007c8300000)
  to   space 70656K, 0% used [0x00000007c9f80000,0x00000007c9f80000,0x00000007ce480000)
 ParOldGen       total 1064448K, used 623035K [0x00000006c7800000, 0x0000000708780000, 0x0000000797d00000)
  object space 1064448K, 58% used [0x00000006c7800000,0x00000006ed86ee70,0x0000000708780000)
 PSPermGen       total 83968K, used 54769K [0x00000006c2600000, 0x00000006c7800000, 0x00000006c7800000)
  object space 83968K, 65% used [0x00000006c2600000,0x00000006c5b7c7c0,0x00000006c7800000)
GC Heap History (10 events):
Event: 871.903 GC heap before
{Heap before GC invocations=34 (full 3):
 PSYoungGen      total 826880K, used 790168K [0x0000000797d00000, 0x00000007cf900000, 0x0000000800000000)
  eden space 747520K, 100% used [0x0000000797d00000,0x00000007c5700000,0x00000007c5700000)
  from space 79360K, 53% used [0x00000007cab80000,0x00000007cd5262d8,0x00000007cf900000)
  to   space 82944K, 0% used [0x00000007c5700000,0x00000007c5700000,0x00000007ca800000)
 ParOldGen       total 1064448K, used 621619K [0x00000006c7800000, 0x0000000708780000, 0x0000000797d00000)
  object space 1064448K, 58% used [0x00000006c7800000,0x00000006ed70ce70,0x0000000708780000)
 PSPermGen       total 83968K, used 53841K [0x00000006c2600000, 0x00000006c7800000, 0x00000006c7800000)
  object space 83968K, 64% used [0x00000006c2600000,0x00000006c5a94608,0x00000006c7800000)
Event: 871.915 GC heap after
Heap after GC invocations=34 (full 3):
 PSYoungGen      total 790016K, used 42456K [0x0000000797d00000, 0x00000007cf580000, 0x0000000800000000)
  eden space 747520K, 0% used [0x0000000797d00000,0x0000000797d00000,0x00000007c5700000)
  from space 42496K, 99% used [0x00000007c5700000,0x00000007c80762d8,0x00000007c8080000)
  to   space 80384K, 0% used [0x00000007ca700000,0x00000007ca700000,0x00000007cf580000)
 ParOldGen       total 1064448K, used 621883K [0x00000006c7800000, 0x0000000708780000, 0x0000000797d00000)
  object space 1064448K, 58% used [0x00000006c7800000,0x00000006ed74ee70,0x0000000708780000)
 PSPermGen       total 83968K, used 53841K [0x00000006c2600000, 0x00000006c7800000, 0x00000006c7800000)
  object space 83968K, 64% used [0x00000006c2600000,0x00000006c5a94608,0x00000006c7800000)
}
Event: 898.272 GC heap before
{Heap before GC invocations=35 (full 3):
 PSYoungGen      total 790016K, used 789976K [0x0000000797d00000, 0x00000007cf580000, 0x0000000800000000)
  eden space 747520K, 100% used [0x0000000797d00000,0x00000007c5700000,0x00000007c5700000)
  from space 42496K, 99% used [0x00000007c5700000,0x00000007c80762d8,0x00000007c8080000)
  to   space 80384K, 0% used [0x00000007ca700000,0x00000007ca700000,0x00000007cf580000)
 ParOldGen       total 1064448K, used 621883K [0x00000006c7800000, 0x0000000708780000, 0x0000000797d00000)
  object space 1064448K, 58% used [0x00000006c7800000,0x00000006ed74ee70,0x0000000708780000)
 PSPermGen       total 83968K, used 53841K [0x00000006c2600000, 0x00000006c7800000, 0x00000006c7800000)
  object space 83968K, 64% used [0x00000006c2600000,0x00000006c5a94758,0x00000006c7800000)
Event: 898.284 GC heap after
Heap after GC invocations=35 (full 3):
 PSYoungGen      total 824320K, used 42232K [0x0000000797d00000, 0x00000007cf080000, 0x0000000800000000)
  eden space 749056K, 0% used [0x0000000797d00000,0x0000000797d00000,0x00000007c5880000)
  from space 75264K, 56% used [0x00000007ca700000,0x00000007cd03e2d8,0x00000007cf080000)
  to   space 77824K, 0% used [0x00000007c5880000,0x00000007c5880000,0x00000007ca480000)
 ParOldGen       total 1064448K, used 622171K [0x00000006c7800000, 0x0000000708780000, 0x0000000797d00000)
  object space 1064448K, 58% used [0x00000006c7800000,0x00000006ed796e70,0x0000000708780000)
 PSPermGen       total 83968K, used 53841K [0x00000006c2600000, 0x00000006c7800000, 0x00000006c7800000)
  object space 83968K, 64% used [0x00000006c2600000,0x00000006c5a94758,0x00000006c7800000)
}
Event: 924.795 GC heap before
{Heap before GC invocations=36 (full 3):
 PSYoungGen      total 824320K, used 791288K [0x0000000797d00000, 0x00000007cf080000, 0x0000000800000000)
  eden space 749056K, 100% used [0x0000000797d00000,0x00000007c5880000,0x00000007c5880000)
  from space 75264K, 56% used [0x00000007ca700000,0x00000007cd03e2d8,0x00000007cf080000)
  to   space 77824K, 0% used [0x00000007c5880000,0x00000007c5880000,0x00000007ca480000)
 ParOldGen       total 1064448K, used 622171K [0x00000006c7800000, 0x0000000708780000, 0x0000000797d00000)
  object space 1064448K, 58% used [0x00000006c7800000,0x00000006ed796e70,0x0000000708780000)
 PSPermGen       total 83968K, used 53841K [0x00000006c2600000, 0x00000006c7800000, 0x00000006c7800000)
  object space 83968K, 64% used [0x00000006c2600000,0x00000006c5a94758,0x00000006c7800000)
Event: 924.807 GC heap after
Heap after GC invocations=36 (full 3):
 PSYoungGen      total 791040K, used 41912K [0x0000000797d00000, 0x00000007cec80000, 0x0000000800000000)
  eden space 749056K, 0% used [0x0000000797d00000,0x0000000797d00000,0x00000007c5880000)
  from space 41984K, 99% used [0x00000007c5880000,0x00000007c816e2d8,0x00000007c8180000)
  to   space 75264K, 0% used [0x00000007ca300000,0x00000007ca300000,0x00000007cec80000)
 ParOldGen       total 1064448K, used 622467K [0x00000006c7800000, 0x0000000708780000, 0x0000000797d00000)
  object space 1064448K, 58% used [0x00000006c7800000,0x00000006ed7e0e70,0x0000000708780000)
 PSPermGen       total 83968K, used 53841K [0x00000006c2600000, 0x00000006c7800000, 0x00000006c7800000)
  object space 83968K, 64% used [0x00000006c2600000,0x00000006c5a94758,0x00000006c7800000)
}
Event: 951.624 GC heap before
{Heap before GC invocations=37 (full 3):
 PSYoungGen      total 791040K, used 790968K [0x0000000797d00000, 0x00000007cec80000, 0x0000000800000000)
  eden space 749056K, 100% used [0x0000000797d00000,0x00000007c5880000,0x00000007c5880000)
  from space 41984K, 99% used [0x00000007c5880000,0x00000007c816e2d8,0x00000007c8180000)
  to   space 75264K, 0% used [0x00000007ca300000,0x00000007ca300000,0x00000007cec80000)
 ParOldGen       total 1064448K, used 622467K [0x00000006c7800000, 0x0000000708780000, 0x0000000797d00000)
  object space 1064448K, 58% used [0x00000006c7800000,0x00000006ed7e0e70,0x0000000708780000)
 PSPermGen       total 83968K, used 53842K [0x00000006c2600000, 0x00000006c7800000, 0x00000006c7800000)
  object space 83968K, 64% used [0x00000006c2600000,0x00000006c5a94850,0x00000006c7800000)
Event: 951.636 GC heap after
Heap after GC invocations=37 (full 3):
 PSYoungGen      total 820224K, used 41720K [0x0000000797d00000, 0x00000007ce780000, 0x0000000800000000)
  eden space 750080K, 0% used [0x0000000797d00000,0x0000000797d00000,0x00000007c5980000)
  from space 70144K, 59% used [0x00000007ca300000,0x00000007ccbbe2d8,0x00000007ce780000)
  to   space 72704K, 0% used [0x00000007c5980000,0x00000007c5980000,0x00000007ca080000)
 ParOldGen       total 1064448K, used 622755K [0x00000006c7800000, 0x0000000708780000, 0x0000000797d00000)
  object space 1064448K, 58% used [0x00000006c7800000,0x00000006ed828e70,0x0000000708780000)
 PSPermGen       total 83968K, used 53842K [0x00000006c2600000, 0x00000006c7800000, 0x00000006c7800000)
  object space 83968K, 64% used [0x00000006c2600000,0x00000006c5a94850,0x00000006c7800000)
}
Event: 988.187 GC heap before
{Heap before GC invocations=38 (full 3):
 PSYoungGen      total 820224K, used 791800K [0x0000000797d00000, 0x00000007ce780000, 0x0000000800000000)
  eden space 750080K, 100% used [0x0000000797d00000,0x00000007c5980000,0x00000007c5980000)
  from space 70144K, 59% used [0x00000007ca300000,0x00000007ccbbe2d8,0x00000007ce780000)
  to   space 72704K, 0% used [0x00000007c5980000,0x00000007c5980000,0x00000007ca080000)
 ParOldGen       total 1064448K, used 622755K [0x00000006c7800000, 0x0000000708780000, 0x0000000797d00000)
  object space 1064448K, 58% used [0x00000006c7800000,0x00000006ed828e70,0x0000000708780000)
 PSPermGen       total 83968K, used 54090K [0x00000006c2600000, 0x00000006c7800000, 0x00000006c7800000)
  object space 83968K, 64% used [0x00000006c2600000,0x00000006c5ad2a98,0x00000006c7800000)
Event: 988.200 GC heap after
Heap after GC invocations=38 (full 3):
 PSYoungGen      total 792576K, used 42232K [0x0000000797d00000, 0x00000007ce480000, 0x0000000800000000)
  eden space 750080K, 0% used [0x0000000797d00000,0x0000000797d00000,0x00000007c5980000)
  from space 42496K, 99% used [0x00000007c5980000,0x00000007c82be2d8,0x00000007c8300000)
  to   space 70656K, 0% used [0x00000007c9f80000,0x00000007c9f80000,0x00000007ce480000)
 ParOldGen       total 1064448K, used 623035K [0x00000006c7800000, 0x0000000708780000, 0x0000000797d00000)
  object space 1064448K, 58% used [0x00000006c7800000,0x00000006ed86ee70,0x0000000708780000)
 PSPermGen       total 83968K, used 54090K [0x00000006c2600000, 0x00000006c7800000, 0x00000006c7800000)
  object space 83968K, 64% used [0x00000006c2600000,0x00000006c5ad2a98,0x00000006c7800000)
}

