# JRE version: Java(TM) SE Runtime Environment (7.0_45-b18) (build 1.7.0_45-b18)
# Java VM: Java HotSpot(TM) 64-Bit Server VM (24.45-b08 mixed mode linux-amd64 compressed oops)
Heap
 PSYoungGen      total 76800K, used 39046K [0x0000000759500000, 0x0000000760a00000, 0x0000000800000000)
  eden space 61440K, 39% used [0x0000000759500000,0x000000075ac9cf38,0x000000075d100000)
  from space 15360K, 96% used [0x000000075ea80000,0x000000075f904920,0x000000075f980000)
  to   space 16896K, 0% used [0x000000075f980000,0x000000075f980000,0x0000000760a00000)
 ParOldGen       total 175104K, used 32321K [0x000000060c000000, 0x0000000616b00000, 0x0000000759500000)
  object space 175104K, 18% used [0x000000060c000000,0x000000060df907a8,0x0000000616b00000)
 PSPermGen       total 49664K, used 49268K [0x0000000606e00000, 0x0000000609e80000, 0x000000060c000000)
  object space 49664K, 99% used [0x0000000606e00000,0x0000000609e1d108,0x0000000609e80000)
GC Heap History (10 events):
Event: 2.310 GC heap before
{Heap before GC invocations=3 (full 0):
 PSYoungGen      total 76800K, used 75572K [0x0000000759500000, 0x000000075ea80000, 0x0000000800000000)
  eden space 66048K, 100% used [0x0000000759500000,0x000000075d580000,0x000000075d580000)
  from space 10752K, 88% used [0x000000075e000000,0x000000075e94d2e8,0x000000075ea80000)
  to   space 10752K, 0% used [0x000000075d580000,0x000000075d580000,0x000000075e000000)
 ParOldGen       total 175104K, used 80K [0x000000060c000000, 0x0000000616b00000, 0x0000000759500000)
  object space 175104K, 0% used [0x000000060c000000,0x000000060c014010,0x0000000616b00000)
 PSPermGen       total 35840K, used 35393K [0x0000000606e00000, 0x0000000609100000, 0x000000060c000000)
  object space 35840K, 98% used [0x0000000606e00000,0x0000000609090658,0x0000000609100000)
Event: 2.321 GC heap after
Heap after GC invocations=3 (full 0):
 PSYoungGen      total 76800K, used 10720K [0x0000000759500000, 0x0000000762b00000, 0x0000000800000000)
  eden space 66048K, 0% used [0x0000000759500000,0x0000000759500000,0x000000075d580000)
  from space 10752K, 99% used [0x000000075d580000,0x000000075dff80e8,0x000000075e000000)
  to   space 10752K, 0% used [0x0000000762080000,0x0000000762080000,0x0000000762b00000)
 ParOldGen       total 175104K, used 8566K [0x000000060c000000, 0x0000000616b00000, 0x0000000759500000)
  object space 175104K, 4% used [0x000000060c000000,0x000000060c85d8f8,0x0000000616b00000)
 PSPermGen       total 35840K, used 35393K [0x0000000606e00000, 0x0000000609100000, 0x000000060c000000)
  object space 35840K, 98% used [0x0000000606e00000,0x0000000609090658,0x0000000609100000)
}
Event: 4.365 GC heap before
{Heap before GC invocations=4 (full 0):
 PSYoungGen      total 76800K, used 76768K [0x0000000759500000, 0x0000000762b00000, 0x0000000800000000)
  eden space 66048K, 100% used [0x0000000759500000,0x000000075d580000,0x000000075d580000)
  from space 10752K, 99% used [0x000000075d580000,0x000000075dff80e8,0x000000075e000000)
  to   space 10752K, 0% used [0x0000000762080000,0x0000000762080000,0x0000000762b00000)
 ParOldGen       total 175104K, used 8566K [0x000000060c000000, 0x0000000616b00000, 0x0000000759500000)
  object space 175104K, 4% used [0x000000060c000000,0x000000060c85d8f8,0x0000000616b00000)
 PSPermGen       total 44032K, used 43695K [0x0000000606e00000, 0x0000000609900000, 0x000000060c000000)
  object space 44032K, 99% used [0x0000000606e00000,0x00000006098abd70,0x0000000609900000)
Event: 4.375 GC heap after
Heap after GC invocations=4 (full 0):
 PSYoungGen      total 76800K, used 10724K [0x0000000759500000, 0x0000000762b00000, 0x0000000800000000)
  eden space 66048K, 0% used [0x0000000759500000,0x0000000759500000,0x000000075d580000)
  from space 10752K, 99% used [0x0000000762080000,0x0000000762af9270,0x0000000762b00000)
  to   space 10752K, 0% used [0x000000075d580000,0x000000075d580000,0x000000075e000000)
 ParOldGen       total 175104K, used 15956K [0x000000060c000000, 0x0000000616b00000, 0x0000000759500000)
  object space 175104K, 9% used [0x000000060c000000,0x000000060cf95010,0x0000000616b00000)
 PSPermGen       total 44032K, used 43695K [0x0000000606e00000, 0x0000000609900000, 0x000000060c000000)
  object space 44032K, 99% used [0x0000000606e00000,0x00000006098abd70,0x0000000609900000)
}
Event: 12.181 GC heap before
{Heap before GC invocations=5 (full 0):
 PSYoungGen      total 76800K, used 72740K [0x0000000759500000, 0x0000000762b00000, 0x0000000800000000)
  eden space 66048K, 93% used [0x0000000759500000,0x000000075d190148,0x000000075d580000)
  from space 10752K, 99% used [0x0000000762080000,0x0000000762af9270,0x0000000762b00000)
  to   space 10752K, 0% used [0x000000075d580000,0x000000075d580000,0x000000075e000000)
 ParOldGen       total 175104K, used 15956K [0x000000060c000000, 0x0000000616b00000, 0x0000000759500000)
  object space 175104K, 9% used [0x000000060c000000,0x000000060cf95010,0x0000000616b00000)
 PSPermGen       total 47616K, used 47527K [0x0000000606e00000, 0x0000000609c80000, 0x000000060c000000)
  object space 47616K, 99% used [0x0000000606e00000,0x0000000609c69c10,0x0000000609c80000)
Event: 12.190 GC heap after
Heap after GC invocations=5 (full 0):
 PSYoungGen      total 75264K, used 10738K [0x0000000759500000, 0x0000000762100000, 0x0000000800000000)
  eden space 64512K, 0% used [0x0000000759500000,0x0000000759500000,0x000000075d400000)
  from space 10752K, 99% used [0x000000075d580000,0x000000075dffc938,0x000000075e000000)
  to   space 24064K, 0% used [0x0000000760980000,0x0000000760980000,0x0000000762100000)
 ParOldGen       total 175104K, used 21059K [0x000000060c000000, 0x0000000616b00000, 0x0000000759500000)
  object space 175104K, 12% used [0x000000060c000000,0x000000060d490ee8,0x0000000616b00000)
 PSPermGen       total 47616K, used 47527K [0x0000000606e00000, 0x0000000609c80000, 0x000000060c000000)
  object space 47616K, 99% used [0x0000000606e00000,0x0000000609c69c10,0x0000000609c80000)
}
Event: 15.426 GC heap before
{Heap before GC invocations=6 (full 0):
 PSYoungGen      total 75264K, used 75250K [0x0000000759500000, 0x0000000762100000, 0x0000000800000000)
  eden space 64512K, 100% used [0x0000000759500000,0x000000075d400000,0x000000075d400000)
  from space 10752K, 99% used [0x000000075d580000,0x000000075dffc938,0x000000075e000000)
  to   space 24064K, 0% used [0x0000000760980000,0x0000000760980000,0x0000000762100000)
 ParOldGen       total 175104K, used 21059K [0x000000060c000000, 0x0000000616b00000, 0x0000000759500000)
  object space 175104K, 12% used [0x000000060c000000,0x000000060d490ee8,0x0000000616b00000)
 PSPermGen       total 48640K, used 48599K [0x0000000606e00000, 0x0000000609d80000, 0x000000060c000000)
  object space 48640K, 99% used [0x0000000606e00000,0x0000000609d75ca8,0x0000000609d80000)
Event: 15.436 GC heap after
Heap after GC invocations=6 (full 0):
 PSYoungGen      total 82432K, used 19396K [0x0000000759500000, 0x0000000761c80000, 0x0000000800000000)
  eden space 62976K, 0% used [0x0000000759500000,0x0000000759500000,0x000000075d280000)
  from space 19456K, 99% used [0x0000000760980000,0x0000000761c713f8,0x0000000761c80000)
  to   space 25600K, 0% used [0x000000075ea80000,0x000000075ea80000,0x0000000760380000)
 ParOldGen       total 175104K, used 28622K [0x000000060c000000, 0x0000000616b00000, 0x0000000759500000)
  object space 175104K, 16% used [0x000000060c000000,0x000000060dbf39a8,0x0000000616b00000)
 PSPermGen       total 48640K, used 48599K [0x0000000606e00000, 0x0000000609d80000, 0x000000060c000000)
  object space 48640K, 99% used [0x0000000606e00000,0x0000000609d75ca8,0x0000000609d80000)
}
Event: 20.291 GC heap before
{Heap before GC invocations=7 (full 0):
 PSYoungGen      total 82432K, used 82372K [0x0000000759500000, 0x0000000761c80000, 0x0000000800000000)
  eden space 62976K, 100% used [0x0000000759500000,0x000000075d280000,0x000000075d280000)
  from space 19456K, 99% used [0x0000000760980000,0x0000000761c713f8,0x0000000761c80000)
  to   space 25600K, 0% used [0x000000075ea80000,0x000000075ea80000,0x0000000760380000)
 ParOldGen       total 175104K, used 28622K [0x000000060c000000, 0x0000000616b00000, 0x0000000759500000)
  object space 175104K, 16% used [0x000000060c000000,0x000000060dbf39a8,0x0000000616b00000)
 PSPermGen       total 49664K, used 49243K [0x0000000606e00000, 0x0000000609e80000, 0x000000060c000000)
  object space 49664K, 99% used [0x0000000606e00000,0x0000000609e16e40,0x0000000609e80000)
Event: 20.302 GC heap after
Heap after GC invocations=7 (full 0):
 PSYoungGen      total 76800K, used 14866K [0x0000000759500000, 0x0000000760a00000, 0x0000000800000000)
  eden space 61440K, 0% used [0x0000000759500000,0x0000000759500000,0x000000075d100000)
  from space 15360K, 96% used [0x000000075ea80000,0x000000075f904920,0x000000075f980000)
  to   space 16896K, 0% used [0x000000075f980000,0x000000075f980000,0x0000000760a00000)
 ParOldGen       total 175104K, used 32321K [0x000000060c000000, 0x0000000616b00000, 0x0000000759500000)
  object space 175104K, 18% used [0x000000060c000000,0x000000060df907a8,0x0000000616b00000)
 PSPermGen       total 49664K, used 49243K [0x0000000606e00000, 0x0000000609e80000, 0x000000060c000000)
  object space 49664K, 99% used [0x0000000606e00000,0x0000000609e16e40,0x0000000609e80000)
}

