# JRE version: Java(TM) SE Runtime Environment (7.0_45-b18) (build 1.7.0_45-b18)
# Java VM: Java HotSpot(TM) 64-Bit Server VM (24.45-b08 mixed mode linux-amd64 compressed oops)
Heap
 PSYoungGen      total 154112K, used 58591K [0x0000000759500000, 0x0000000768900000, 0x0000000800000000)
  eden space 153600K, 37% used [0x0000000759500000,0x000000075cdcfce0,0x0000000762b00000)
  from space 512K, 81% used [0x0000000763000000,0x0000000763068000,0x0000000763080000)
  to   space 48128K, 0% used [0x0000000765a00000,0x0000000765a00000,0x0000000768900000)
 ParOldGen       total 175104K, used 83222K [0x000000060c000000, 0x0000000616b00000, 0x0000000759500000)
  object space 175104K, 47% used [0x000000060c000000,0x0000000611145860,0x0000000616b00000)
 PSPermGen       total 51712K, used 51546K [0x0000000606e00000, 0x000000060a080000, 0x000000060c000000)
  object space 51712K, 99% used [0x0000000606e00000,0x000000060a056898,0x000000060a080000)
GC Heap History (10 events):
Event: 32.509 GC heap before
{Heap before GC invocations=9 (full 0):
 PSYoungGen      total 151552K, used 141248K [0x0000000759500000, 0x0000000766000000, 0x0000000800000000)
  eden space 105984K, 100% used [0x0000000759500000,0x000000075fc80000,0x000000075fc80000)
  from space 45568K, 77% used [0x0000000762c80000,0x0000000764ef03b0,0x0000000765900000)
  to   space 49152K, 0% used [0x000000075fc80000,0x000000075fc80000,0x0000000762c80000)
 ParOldGen       total 175104K, used 46461K [0x000000060c000000, 0x0000000616b00000, 0x0000000759500000)
  object space 175104K, 26% used [0x000000060c000000,0x000000060ed5f528,0x0000000616b00000)
 PSPermGen       total 50688K, used 50178K [0x0000000606e00000, 0x0000000609f80000, 0x000000060c000000)
  object space 50688K, 98% used [0x0000000606e00000,0x0000000609f00bd8,0x0000000609f80000)
Event: 32.525 GC heap after
Heap after GC invocations=9 (full 0):
 PSYoungGen      total 155136K, used 17039K [0x0000000759500000, 0x0000000769700000, 0x0000000800000000)
  eden space 105984K, 0% used [0x0000000759500000,0x0000000759500000,0x000000075fc80000)
  from space 49152K, 34% used [0x000000075fc80000,0x0000000760d23fc8,0x0000000762c80000)
  to   space 47104K, 0% used [0x0000000766900000,0x0000000766900000,0x0000000769700000)
 ParOldGen       total 175104K, used 68307K [0x000000060c000000, 0x0000000616b00000, 0x0000000759500000)
  object space 175104K, 39% used [0x000000060c000000,0x00000006102b4c48,0x0000000616b00000)
 PSPermGen       total 50688K, used 50178K [0x0000000606e00000, 0x0000000609f80000, 0x000000060c000000)
  object space 50688K, 98% used [0x0000000606e00000,0x0000000609f00bd8,0x0000000609f80000)
}
Event: 43.986 GC heap before
{Heap before GC invocations=10 (full 0):
 PSYoungGen      total 155136K, used 122254K [0x0000000759500000, 0x0000000769700000, 0x0000000800000000)
  eden space 105984K, 99% used [0x0000000759500000,0x000000075fbbfb58,0x000000075fc80000)
  from space 49152K, 34% used [0x000000075fc80000,0x0000000760d23fc8,0x0000000762c80000)
  to   space 47104K, 0% used [0x0000000766900000,0x0000000766900000,0x0000000769700000)
 ParOldGen       total 175104K, used 68307K [0x000000060c000000, 0x0000000616b00000, 0x0000000759500000)
  object space 175104K, 39% used [0x000000060c000000,0x00000006102b4c48,0x0000000616b00000)
 PSPermGen       total 51200K, used 50752K [0x0000000606e00000, 0x000000060a000000, 0x000000060c000000)
  object space 51200K, 99% used [0x0000000606e00000,0x0000000609f90048,0x000000060a000000)
Event: 43.995 GC heap after
Heap after GC invocations=10 (full 0):
 PSYoungGen      total 215040K, used 26091K [0x0000000759500000, 0x0000000769500000, 0x0000000800000000)
  eden space 169984K, 0% used [0x0000000759500000,0x0000000759500000,0x0000000763b00000)
  from space 45056K, 57% used [0x0000000766900000,0x000000076827ae08,0x0000000769500000)
  to   space 46080K, 0% used [0x0000000763b00000,0x0000000763b00000,0x0000000766800000)
 ParOldGen       total 175104K, used 73583K [0x000000060c000000, 0x0000000616b00000, 0x0000000759500000)
  object space 175104K, 42% used [0x000000060c000000,0x00000006107dbcc8,0x0000000616b00000)
 PSPermGen       total 51200K, used 50752K [0x0000000606e00000, 0x000000060a000000, 0x000000060c000000)
  object space 51200K, 99% used [0x0000000606e00000,0x0000000609f90048,0x000000060a000000)
}
Event: 60.226 GC heap before
{Heap before GC invocations=11 (full 0):
 PSYoungGen      total 215040K, used 196075K [0x0000000759500000, 0x0000000769500000, 0x0000000800000000)
  eden space 169984K, 100% used [0x0000000759500000,0x0000000763b00000,0x0000000763b00000)
  from space 45056K, 57% used [0x0000000766900000,0x000000076827ae08,0x0000000769500000)
  to   space 46080K, 0% used [0x0000000763b00000,0x0000000763b00000,0x0000000766800000)
 ParOldGen       total 175104K, used 73583K [0x000000060c000000, 0x0000000616b00000, 0x0000000759500000)
  object space 175104K, 42% used [0x000000060c000000,0x00000006107dbcc8,0x0000000616b00000)
 PSPermGen       total 51200K, used 50783K [0x0000000606e00000, 0x000000060a000000, 0x000000060c000000)
  object space 51200K, 99% used [0x0000000606e00000,0x0000000609f97d30,0x000000060a000000)
Event: 60.233 GC heap after
Heap after GC invocations=11 (full 0):
 PSYoungGen      total 166400K, used 1632K [0x0000000759500000, 0x0000000769180000, 0x0000000800000000)
  eden space 164352K, 0% used [0x0000000759500000,0x0000000759500000,0x0000000763580000)
  from space 2048K, 79% used [0x0000000763b00000,0x0000000763c98000,0x0000000763d00000)
  to   space 47104K, 0% used [0x0000000766380000,0x0000000766380000,0x0000000769180000)
 ParOldGen       total 175104K, used 82235K [0x000000060c000000, 0x0000000616b00000, 0x0000000759500000)
  object space 175104K, 46% used [0x000000060c000000,0x000000061104ef90,0x0000000616b00000)
 PSPermGen       total 51200K, used 50783K [0x0000000606e00000, 0x000000060a000000, 0x000000060c000000)
  object space 51200K, 99% used [0x0000000606e00000,0x0000000609f97d30,0x000000060a000000)
}
Event: 92.753 GC heap before
{Heap before GC invocations=12 (full 0):
 PSYoungGen      total 166400K, used 165984K [0x0000000759500000, 0x0000000769180000, 0x0000000800000000)
  eden space 164352K, 100% used [0x0000000759500000,0x0000000763580000,0x0000000763580000)
  from space 2048K, 79% used [0x0000000763b00000,0x0000000763c98000,0x0000000763d00000)
  to   space 47104K, 0% used [0x0000000766380000,0x0000000766380000,0x0000000769180000)
 ParOldGen       total 175104K, used 82235K [0x000000060c000000, 0x0000000616b00000, 0x0000000759500000)
  object space 175104K, 46% used [0x000000060c000000,0x000000061104ef90,0x0000000616b00000)
 PSPermGen       total 51712K, used 51273K [0x0000000606e00000, 0x000000060a080000, 0x000000060c000000)
  object space 51712K, 99% used [0x0000000606e00000,0x000000060a0127e0,0x000000060a080000)
Event: 92.756 GC heap after
Heap after GC invocations=12 (full 0):
 PSYoungGen      total 201216K, used 1856K [0x0000000759500000, 0x0000000768d00000, 0x0000000800000000)
  eden space 158720K, 0% used [0x0000000759500000,0x0000000759500000,0x0000000763000000)
  from space 42496K, 4% used [0x0000000766380000,0x0000000766550010,0x0000000768d00000)
  to   space 47616K, 0% used [0x0000000763000000,0x0000000763000000,0x0000000765e80000)
 ParOldGen       total 175104K, used 82396K [0x000000060c000000, 0x0000000616b00000, 0x0000000759500000)
  object space 175104K, 47% used [0x000000060c000000,0x00000006110773a0,0x0000000616b00000)
 PSPermGen       total 51712K, used 51273K [0x0000000606e00000, 0x000000060a080000, 0x000000060c000000)
  object space 51712K, 99% used [0x0000000606e00000,0x000000060a0127e0,0x000000060a080000)
}
Event: 155.811 GC heap before
{Heap before GC invocations=13 (full 0):
 PSYoungGen      total 201216K, used 160576K [0x0000000759500000, 0x0000000768d00000, 0x0000000800000000)
  eden space 158720K, 100% used [0x0000000759500000,0x0000000763000000,0x0000000763000000)
  from space 42496K, 4% used [0x0000000766380000,0x0000000766550010,0x0000000768d00000)
  to   space 47616K, 0% used [0x0000000763000000,0x0000000763000000,0x0000000765e80000)
 ParOldGen       total 175104K, used 82396K [0x000000060c000000, 0x0000000616b00000, 0x0000000759500000)
  object space 175104K, 47% used [0x000000060c000000,0x00000006110773a0,0x0000000616b00000)
 PSPermGen       total 51712K, used 51289K [0x0000000606e00000, 0x000000060a080000, 0x000000060c000000)
  object space 51712K, 99% used [0x0000000606e00000,0x000000060a0164b8,0x000000060a080000)
Event: 155.813 GC heap after
Heap after GC invocations=13 (full 0):
 PSYoungGen      total 154112K, used 416K [0x0000000759500000, 0x0000000768900000, 0x0000000800000000)
  eden space 153600K, 0% used [0x0000000759500000,0x0000000759500000,0x0000000762b00000)
  from space 512K, 81% used [0x0000000763000000,0x0000000763068000,0x0000000763080000)
  to   space 48128K, 0% used [0x0000000765a00000,0x0000000765a00000,0x0000000768900000)
 ParOldGen       total 175104K, used 83222K [0x000000060c000000, 0x0000000616b00000, 0x0000000759500000)
  object space 175104K, 47% used [0x000000060c000000,0x0000000611145860,0x0000000616b00000)
 PSPermGen       total 51712K, used 51289K [0x0000000606e00000, 0x000000060a080000, 0x000000060c000000)
  object space 51712K, 99% used [0x0000000606e00000,0x000000060a0164b8,0x000000060a080000)
}

