# JRE version: Java(TM) SE Runtime Environment (7.0_45-b18) (build 1.7.0_45-b18)
# Java VM: Java HotSpot(TM) 64-Bit Server VM (24.45-b08 mixed mode linux-amd64 compressed oops)
Heap
 PSYoungGen      total 708096K, used 339064K [0x0000000797d00000, 0x00000007d8380000, 0x0000000800000000)
  eden space 360960K, 93% used [0x0000000797d00000,0x00000007ac81e178,0x00000007add80000)
  from space 347136K, 0% used [0x00000007c3080000,0x00000007c3080000,0x00000007d8380000)
  to   space 347136K, 0% used [0x00000007add80000,0x00000007add80000,0x00000007c3080000)
 ParOldGen       total 3387904K, used 2654725K [0x00000006c7800000, 0x0000000796480000, 0x0000000797d00000)
  object space 3387904K, 78% used [0x00000006c7800000,0x00000007698815e0,0x0000000796480000)
 PSPermGen       total 75264K, used 57111K [0x00000006c2600000, 0x00000006c6f80000, 0x00000006c7800000)
  object space 75264K, 75% used [0x00000006c2600000,0x00000006c5dc5c40,0x00000006c6f80000)
GC Heap History (10 events):
Event: 1006.667 GC heap before
{Heap before GC invocations=39 (full 11):
 PSYoungGen      total 653312K, used 382927K [0x0000000797d00000, 0x00000007d8900000, 0x0000000800000000)
  eden space 295424K, 64% used [0x0000000797d00000,0x00000007a3849598,0x00000007a9d80000)
  from space 357888K, 53% used [0x00000007a9d80000,0x00000007b582a958,0x00000007bfb00000)
  to   space 352768K, 0% used [0x00000007c3080000,0x00000007c3080000,0x00000007d8900000)
 ParOldGen       total 3412992K, used 3225938K [0x00000006c7800000, 0x0000000797d00000, 0x0000000797d00000)
  object space 3412992K, 94% used [0x00000006c7800000,0x000000078c654ae0,0x0000000797d00000)
 PSPermGen       total 80384K, used 56908K [0x00000006c2600000, 0x00000006c7480000, 0x00000006c7800000)
  object space 80384K, 70% used [0x00000006c2600000,0x00000006c5d93028,0x00000006c7480000)
Event: 1006.717 GC heap after
Heap after GC invocations=39 (full 11):
 PSYoungGen      total 653312K, used 382927K [0x0000000797d00000, 0x00000007d8900000, 0x0000000800000000)
  eden space 295424K, 64% used [0x0000000797d00000,0x00000007a3849598,0x00000007a9d80000)
  from space 357888K, 53% used [0x00000007a9d80000,0x00000007b582a958,0x00000007bfb00000)
  to   space 352768K, 54% used [0x00000007c3080000,0x00000007ceb32958,0x00000007d8900000)
 ParOldGen       total 3412992K, used 3225938K [0x00000006c7800000, 0x0000000797d00000, 0x0000000797d00000)
  object space 3412992K, 94% used [0x00000006c7800000,0x000000078c654ae0,0x0000000797d00000)
 PSPermGen       total 80384K, used 56908K [0x00000006c2600000, 0x00000006c7480000, 0x00000006c7800000)
  object space 80384K, 70% used [0x00000006c2600000,0x00000006c5d93028,0x00000006c7480000)
}
Event: 1006.717 GC heap before
{Heap before GC invocations=40 (full 12):
 PSYoungGen      total 653312K, used 382927K [0x0000000797d00000, 0x00000007d8900000, 0x0000000800000000)
  eden space 295424K, 64% used [0x0000000797d00000,0x00000007a3849598,0x00000007a9d80000)
  from space 357888K, 53% used [0x00000007a9d80000,0x00000007b582a958,0x00000007bfb00000)
  to   space 352768K, 54% used [0x00000007c3080000,0x00000007ceb32958,0x00000007d8900000)
 ParOldGen       total 3412992K, used 3225938K [0x00000006c7800000, 0x0000000797d00000, 0x0000000797d00000)
  object space 3412992K, 94% used [0x00000006c7800000,0x000000078c654ae0,0x0000000797d00000)
 PSPermGen       total 80384K, used 56908K [0x00000006c2600000, 0x00000006c7480000, 0x00000006c7800000)
  object space 80384K, 70% used [0x00000006c2600000,0x00000006c5d93028,0x00000006c7480000)
Event: 1006.910 GC heap after
Heap after GC invocations=40 (full 12):
 PSYoungGen      total 653312K, used 0K [0x0000000797d00000, 0x00000007d8900000, 0x0000000800000000)
  eden space 295424K, 0% used [0x0000000797d00000,0x0000000797d00000,0x00000007a9d80000)
  from space 357888K, 0% used [0x00000007a9d80000,0x00000007a9d80000,0x00000007bfb00000)
  to   space 352768K, 0% used [0x00000007c3080000,0x00000007c3080000,0x00000007d8900000)
 ParOldGen       total 3363328K, used 2653921K [0x00000006c7800000, 0x0000000794c80000, 0x0000000797d00000)
  object space 3363328K, 78% used [0x00000006c7800000,0x00000007697b8468,0x0000000794c80000)
 PSPermGen       total 77824K, used 56908K [0x00000006c2600000, 0x00000006c7200000, 0x00000006c7800000)
  object space 77824K, 73% used [0x00000006c2600000,0x00000006c5d93028,0x00000006c7200000)
}
Event: 1037.826 GC heap before
{Heap before GC invocations=41 (full 12):
 PSYoungGen      total 653312K, used 295424K [0x0000000797d00000, 0x00000007d8900000, 0x0000000800000000)
  eden space 295424K, 100% used [0x0000000797d00000,0x00000007a9d80000,0x00000007a9d80000)
  from space 357888K, 0% used [0x00000007a9d80000,0x00000007a9d80000,0x00000007bfb00000)
  to   space 352768K, 0% used [0x00000007c3080000,0x00000007c3080000,0x00000007d8900000)
 ParOldGen       total 3363328K, used 3035381K [0x00000006c7800000, 0x0000000794c80000, 0x0000000797d00000)
  object space 3363328K, 90% used [0x00000006c7800000,0x0000000780c3d718,0x0000000794c80000)
 PSPermGen       total 77824K, used 56908K [0x00000006c2600000, 0x00000006c7200000, 0x00000006c7800000)
  object space 77824K, 73% used [0x00000006c2600000,0x00000006c5d93028,0x00000006c7200000)
Event: 1037.857 GC heap after
Heap after GC invocations=41 (full 12):
 PSYoungGen      total 708096K, used 192106K [0x0000000797d00000, 0x00000007d8380000, 0x0000000800000000)
  eden space 360960K, 0% used [0x0000000797d00000,0x0000000797d00000,0x00000007add80000)
  from space 347136K, 55% used [0x00000007c3080000,0x00000007cec1a958,0x00000007d8380000)
  to   space 347136K, 0% used [0x00000007add80000,0x00000007add80000,0x00000007c3080000)
 ParOldGen       total 3363328K, used 3035381K [0x00000006c7800000, 0x0000000794c80000, 0x0000000797d00000)
  object space 3363328K, 90% used [0x00000006c7800000,0x0000000780c3d718,0x0000000794c80000)
 PSPermGen       total 77824K, used 56908K [0x00000006c2600000, 0x00000006c7200000, 0x00000006c7800000)
  object space 77824K, 73% used [0x00000006c2600000,0x00000006c5d93028,0x00000006c7200000)
}
Event: 1040.542 GC heap before
{Heap before GC invocations=42 (full 12):
 PSYoungGen      total 708096K, used 393269K [0x0000000797d00000, 0x00000007d8380000, 0x0000000800000000)
  eden space 360960K, 55% used [0x0000000797d00000,0x00000007a4172e40,0x00000007add80000)
  from space 347136K, 55% used [0x00000007c3080000,0x00000007cec1a958,0x00000007d8380000)
  to   space 347136K, 0% used [0x00000007add80000,0x00000007add80000,0x00000007c3080000)
 ParOldGen       total 3412992K, used 3226112K [0x00000006c7800000, 0x0000000797d00000, 0x0000000797d00000)
  object space 3412992K, 94% used [0x00000006c7800000,0x000000078c680070,0x0000000797d00000)
 PSPermGen       total 77824K, used 56908K [0x00000006c2600000, 0x00000006c7200000, 0x00000006c7800000)
  object space 77824K, 73% used [0x00000006c2600000,0x00000006c5d93028,0x00000006c7200000)
Event: 1040.573 GC heap after
Heap after GC invocations=42 (full 12):
 PSYoungGen      total 708096K, used 393269K [0x0000000797d00000, 0x00000007d8380000, 0x0000000800000000)
  eden space 360960K, 55% used [0x0000000797d00000,0x00000007a4172e40,0x00000007add80000)
  from space 347136K, 55% used [0x00000007c3080000,0x00000007cec1a958,0x00000007d8380000)
  to   space 347136K, 55% used [0x00000007add80000,0x00000007b993a958,0x00000007c3080000)
 ParOldGen       total 3412992K, used 3226112K [0x00000006c7800000, 0x0000000797d00000, 0x0000000797d00000)
  object space 3412992K, 94% used [0x00000006c7800000,0x000000078c680070,0x0000000797d00000)
 PSPermGen       total 77824K, used 56908K [0x00000006c2600000, 0x00000006c7200000, 0x00000006c7800000)
  object space 77824K, 73% used [0x00000006c2600000,0x00000006c5d93028,0x00000006c7200000)
}
Event: 1040.573 GC heap before
{Heap before GC invocations=43 (full 13):
 PSYoungGen      total 708096K, used 393269K [0x0000000797d00000, 0x00000007d8380000, 0x0000000800000000)
  eden space 360960K, 55% used [0x0000000797d00000,0x00000007a4172e40,0x00000007add80000)
  from space 347136K, 55% used [0x00000007c3080000,0x00000007cec1a958,0x00000007d8380000)
  to   space 347136K, 55% used [0x00000007add80000,0x00000007b993a958,0x00000007c3080000)
 ParOldGen       total 3412992K, used 3226112K [0x00000006c7800000, 0x0000000797d00000, 0x0000000797d00000)
  object space 3412992K, 94% used [0x00000006c7800000,0x000000078c680070,0x0000000797d00000)
 PSPermGen       total 77824K, used 56908K [0x00000006c2600000, 0x00000006c7200000, 0x00000006c7800000)
  object space 77824K, 73% used [0x00000006c2600000,0x00000006c5d93028,0x00000006c7200000)
Event: 1040.740 GC heap after
Heap after GC invocations=43 (full 13):
 PSYoungGen      total 708096K, used 0K [0x0000000797d00000, 0x00000007d8380000, 0x0000000800000000)
  eden space 360960K, 0% used [0x0000000797d00000,0x0000000797d00000,0x00000007add80000)
  from space 347136K, 0% used [0x00000007c3080000,0x00000007c3080000,0x00000007d8380000)
  to   space 347136K, 0% used [0x00000007add80000,0x00000007add80000,0x00000007c3080000)
 ParOldGen       total 3387904K, used 2654725K [0x00000006c7800000, 0x0000000796480000, 0x0000000797d00000)
  object space 3387904K, 78% used [0x00000006c7800000,0x00000007698815e0,0x0000000796480000)
 PSPermGen       total 75264K, used 56908K [0x00000006c2600000, 0x00000006c6f80000, 0x00000006c7800000)
  object space 75264K, 75% used [0x00000006c2600000,0x00000006c5d93028,0x00000006c6f80000)
}

