# JRE version: Java(TM) SE Runtime Environment (7.0_45-b18) (build 1.7.0_45-b18)
# Java VM: Java HotSpot(TM) 64-Bit Server VM (24.45-b08 mixed mode linux-amd64 compressed oops)
Heap
 PSYoungGen      total 86528K, used 29326K [0x0000000797d00000, 0x000000079ef00000, 0x0000000800000000)
  eden space 58368K, 47% used [0x0000000797d00000,0x00000007997cde88,0x000000079b600000)
  from space 28160K, 6% used [0x000000079d280000,0x000000079d455bc0,0x000000079ee00000)
  to   space 29184K, 0% used [0x000000079b600000,0x000000079b600000,0x000000079d280000)
 ParOldGen       total 175104K, used 34662K [0x00000006c7800000, 0x00000006d2300000, 0x0000000797d00000)
  object space 175104K, 19% used [0x00000006c7800000,0x00000006c99d9b90,0x00000006d2300000)
 PSPermGen       total 53248K, used 53000K [0x00000006c2600000, 0x00000006c5a00000, 0x00000006c7800000)
  object space 53248K, 99% used [0x00000006c2600000,0x00000006c59c23c0,0x00000006c5a00000)
GC Heap History (10 events):
Event: 16.472 GC heap before
{Heap before GC invocations=6 (full 0):
 PSYoungGen      total 75264K, used 75215K [0x0000000797d00000, 0x000000079ed00000, 0x0000000800000000)
  eden space 64512K, 99% used [0x0000000797d00000,0x000000079bbf6d88,0x000000079bc00000)
  from space 10752K, 99% used [0x000000079bd80000,0x000000079c7fcec8,0x000000079c800000)
  to   space 25088K, 0% used [0x000000079d480000,0x000000079d480000,0x000000079ed00000)
 ParOldGen       total 175104K, used 20539K [0x00000006c7800000, 0x00000006d2300000, 0x0000000797d00000)
  object space 175104K, 11% used [0x00000006c7800000,0x00000006c8c0ec48,0x00000006d2300000)
 PSPermGen       total 51200K, used 51183K [0x00000006c2600000, 0x00000006c5800000, 0x00000006c7800000)
  object space 51200K, 99% used [0x00000006c2600000,0x00000006c57fbe00,0x00000006c5800000)
Event: 16.484 GC heap after
Heap after GC invocations=6 (full 0):
 PSYoungGen      total 86528K, used 16838K [0x0000000797d00000, 0x000000079eb80000, 0x0000000800000000)
  eden space 62976K, 0% used [0x0000000797d00000,0x0000000797d00000,0x000000079ba80000)
  from space 23552K, 71% used [0x000000079d480000,0x000000079e4f1998,0x000000079eb80000)
  to   space 25088K, 0% used [0x000000079ba80000,0x000000079ba80000,0x000000079d300000)
 ParOldGen       total 175104K, used 20547K [0x00000006c7800000, 0x00000006d2300000, 0x0000000797d00000)
  object space 175104K, 11% used [0x00000006c7800000,0x00000006c8c10c48,0x00000006d2300000)
 PSPermGen       total 51200K, used 51183K [0x00000006c2600000, 0x00000006c5800000, 0x00000006c7800000)
  object space 51200K, 99% used [0x00000006c2600000,0x00000006c57fbe00,0x00000006c5800000)
}
Event: 25.996 GC heap before
{Heap before GC invocations=7 (full 0):
 PSYoungGen      total 86528K, used 79814K [0x0000000797d00000, 0x000000079eb80000, 0x0000000800000000)
  eden space 62976K, 100% used [0x0000000797d00000,0x000000079ba80000,0x000000079ba80000)
  from space 23552K, 71% used [0x000000079d480000,0x000000079e4f1998,0x000000079eb80000)
  to   space 25088K, 0% used [0x000000079ba80000,0x000000079ba80000,0x000000079d300000)
 ParOldGen       total 175104K, used 20547K [0x00000006c7800000, 0x00000006d2300000, 0x0000000797d00000)
  object space 175104K, 11% used [0x00000006c7800000,0x00000006c8c10c48,0x00000006d2300000)
 PSPermGen       total 51712K, used 51698K [0x00000006c2600000, 0x00000006c5880000, 0x00000006c7800000)
  object space 51712K, 99% used [0x00000006c2600000,0x00000006c587cb10,0x00000006c5880000)
Event: 26.009 GC heap after
Heap after GC invocations=7 (full 0):
 PSYoungGen      total 86528K, used 22327K [0x0000000797d00000, 0x000000079ef00000, 0x0000000800000000)
  eden space 61440K, 0% used [0x0000000797d00000,0x0000000797d00000,0x000000079b900000)
  from space 25088K, 88% used [0x000000079ba80000,0x000000079d04dc48,0x000000079d300000)
  to   space 27648K, 0% used [0x000000079d400000,0x000000079d400000,0x000000079ef00000)
 ParOldGen       total 175104K, used 23882K [0x00000006c7800000, 0x00000006d2300000, 0x0000000797d00000)
  object space 175104K, 13% used [0x00000006c7800000,0x00000006c8f52a88,0x00000006d2300000)
 PSPermGen       total 51712K, used 51698K [0x00000006c2600000, 0x00000006c5880000, 0x00000006c7800000)
  object space 51712K, 99% used [0x00000006c2600000,0x00000006c587cb10,0x00000006c5880000)
}
Event: 58.866 GC heap before
{Heap before GC invocations=8 (full 0):
 PSYoungGen      total 86528K, used 83767K [0x0000000797d00000, 0x000000079ef00000, 0x0000000800000000)
  eden space 61440K, 100% used [0x0000000797d00000,0x000000079b900000,0x000000079b900000)
  from space 25088K, 88% used [0x000000079ba80000,0x000000079d04dc48,0x000000079d300000)
  to   space 27648K, 0% used [0x000000079d400000,0x000000079d400000,0x000000079ef00000)
 ParOldGen       total 175104K, used 23882K [0x00000006c7800000, 0x00000006d2300000, 0x0000000797d00000)
  object space 175104K, 13% used [0x00000006c7800000,0x00000006c8f52a88,0x00000006d2300000)
 PSPermGen       total 52736K, used 52235K [0x00000006c2600000, 0x00000006c5980000, 0x00000006c7800000)
  object space 52736K, 99% used [0x00000006c2600000,0x00000006c5902d98,0x00000006c5980000)
Event: 58.875 GC heap after
Heap after GC invocations=8 (full 0):
 PSYoungGen      total 87040K, used 18484K [0x0000000797d00000, 0x000000079ee00000, 0x0000000800000000)
  eden space 60416K, 0% used [0x0000000797d00000,0x0000000797d00000,0x000000079b800000)
  from space 26624K, 69% used [0x000000079d400000,0x000000079e60d360,0x000000079ee00000)
  to   space 27648K, 0% used [0x000000079b800000,0x000000079b800000,0x000000079d300000)
 ParOldGen       total 175104K, used 27031K [0x00000006c7800000, 0x00000006d2300000, 0x0000000797d00000)
  object space 175104K, 15% used [0x00000006c7800000,0x00000006c9265d80,0x00000006d2300000)
 PSPermGen       total 52736K, used 52235K [0x00000006c2600000, 0x00000006c5980000, 0x00000006c7800000)
  object space 52736K, 99% used [0x00000006c2600000,0x00000006c5902d98,0x00000006c5980000)
}
Event: 154.698 GC heap before
{Heap before GC invocations=9 (full 0):
 PSYoungGen      total 87040K, used 78900K [0x0000000797d00000, 0x000000079ee00000, 0x0000000800000000)
  eden space 60416K, 100% used [0x0000000797d00000,0x000000079b800000,0x000000079b800000)
  from space 26624K, 69% used [0x000000079d400000,0x000000079e60d360,0x000000079ee00000)
  to   space 27648K, 0% used [0x000000079b800000,0x000000079b800000,0x000000079d300000)
 ParOldGen       total 175104K, used 27031K [0x00000006c7800000, 0x00000006d2300000, 0x0000000797d00000)
  object space 175104K, 15% used [0x00000006c7800000,0x00000006c9265d80,0x00000006d2300000)
 PSPermGen       total 52736K, used 52654K [0x00000006c2600000, 0x00000006c5980000, 0x00000006c7800000)
  object space 52736K, 99% used [0x00000006c2600000,0x00000006c596bbf0,0x00000006c5980000)
Event: 154.705 GC heap after
Heap after GC invocations=9 (full 0):
 PSYoungGen      total 65024K, used 5352K [0x0000000797d00000, 0x000000079ee00000, 0x0000000800000000)
  eden space 59392K, 0% used [0x0000000797d00000,0x0000000797d00000,0x000000079b700000)
  from space 5632K, 95% used [0x000000079b800000,0x000000079bd3a338,0x000000079bd80000)
  to   space 28160K, 0% used [0x000000079d280000,0x000000079d280000,0x000000079ee00000)
 ParOldGen       total 175104K, used 33624K [0x00000006c7800000, 0x00000006d2300000, 0x0000000797d00000)
  object space 175104K, 19% used [0x00000006c7800000,0x00000006c98d6340,0x00000006d2300000)
 PSPermGen       total 52736K, used 52654K [0x00000006c2600000, 0x00000006c5980000, 0x00000006c7800000)
  object space 52736K, 99% used [0x00000006c2600000,0x00000006c596bbf0,0x00000006c5980000)
}
Event: 285.802 GC heap before
{Heap before GC invocations=10 (full 0):
 PSYoungGen      total 65024K, used 64744K [0x0000000797d00000, 0x000000079ee00000, 0x0000000800000000)
  eden space 59392K, 100% used [0x0000000797d00000,0x000000079b700000,0x000000079b700000)
  from space 5632K, 95% used [0x000000079b800000,0x000000079bd3a338,0x000000079bd80000)
  to   space 28160K, 0% used [0x000000079d280000,0x000000079d280000,0x000000079ee00000)
 ParOldGen       total 175104K, used 33624K [0x00000006c7800000, 0x00000006d2300000, 0x0000000797d00000)
  object space 175104K, 19% used [0x00000006c7800000,0x00000006c98d6340,0x00000006d2300000)
 PSPermGen       total 53248K, used 52882K [0x00000006c2600000, 0x00000006c5a00000, 0x00000006c7800000)
  object space 53248K, 99% used [0x00000006c2600000,0x00000006c59a4a20,0x00000006c5a00000)
Event: 285.805 GC heap after
Heap after GC invocations=10 (full 0):
 PSYoungGen      total 86528K, used 1878K [0x0000000797d00000, 0x000000079ef00000, 0x0000000800000000)
  eden space 58368K, 0% used [0x0000000797d00000,0x0000000797d00000,0x000000079b600000)
  from space 28160K, 6% used [0x000000079d280000,0x000000079d455bc0,0x000000079ee00000)
  to   space 29184K, 0% used [0x000000079b600000,0x000000079b600000,0x000000079d280000)
 ParOldGen       total 175104K, used 34662K [0x00000006c7800000, 0x00000006d2300000, 0x0000000797d00000)
  object space 175104K, 19% used [0x00000006c7800000,0x00000006c99d9b90,0x00000006d2300000)
 PSPermGen       total 53248K, used 52882K [0x00000006c2600000, 0x00000006c5a00000, 0x00000006c7800000)
  object space 53248K, 99% used [0x00000006c2600000,0x00000006c59a4a20,0x00000006c5a00000)
}

