# JRE version: Java(TM) SE Runtime Environment (7.0_45-b18) (build 1.7.0_45-b18)
# Java VM: Java HotSpot(TM) 64-Bit Server VM (24.45-b08 mixed mode linux-amd64 compressed oops)
Heap
 PSYoungGen      total 77824K, used 32665K [0x0000000797d00000, 0x000000079f480000, 0x0000000800000000)
  eden space 61440K, 26% used [0x0000000797d00000,0x0000000798d2ecf8,0x000000079b900000)
  from space 16384K, 98% used [0x000000079d880000,0x000000079e837958,0x000000079e880000)
  to   space 12288K, 0% used [0x000000079e880000,0x000000079e880000,0x000000079f480000)
 ParOldGen       total 175104K, used 16353K [0x00000006c7800000, 0x00000006d2300000, 0x0000000797d00000)
  object space 175104K, 9% used [0x00000006c7800000,0x00000006c87f8778,0x00000006d2300000)
 PSPermGen       total 46080K, used 45723K [0x00000006c2600000, 0x00000006c5300000, 0x00000006c7800000)
  object space 46080K, 99% used [0x00000006c2600000,0x00000006c52a6e40,0x00000006c5300000)
GC Heap History (10 events):
Event: 2.092 GC heap before
{Heap before GC invocations=3 (full 0):
 PSYoungGen      total 76800K, used 75137K [0x0000000797d00000, 0x000000079d280000, 0x0000000800000000)
  eden space 66048K, 100% used [0x0000000797d00000,0x000000079bd80000,0x000000079bd80000)
  from space 10752K, 84% used [0x000000079c800000,0x000000079d0e0650,0x000000079d280000)
  to   space 10752K, 0% used [0x000000079bd80000,0x000000079bd80000,0x000000079c800000)
 ParOldGen       total 175104K, used 80K [0x00000006c7800000, 0x00000006d2300000, 0x0000000797d00000)
  object space 175104K, 0% used [0x00000006c7800000,0x00000006c7814010,0x00000006d2300000)
 PSPermGen       total 28672K, used 28522K [0x00000006c2600000, 0x00000006c4200000, 0x00000006c7800000)
  object space 28672K, 99% used [0x00000006c2600000,0x00000006c41da8c0,0x00000006c4200000)
Event: 2.102 GC heap after
Heap after GC invocations=3 (full 0):
 PSYoungGen      total 76800K, used 10723K [0x0000000797d00000, 0x00000007a1300000, 0x0000000800000000)
  eden space 66048K, 0% used [0x0000000797d00000,0x0000000797d00000,0x000000079bd80000)
  from space 10752K, 99% used [0x000000079bd80000,0x000000079c7f8f38,0x000000079c800000)
  to   space 10752K, 0% used [0x00000007a0880000,0x00000007a0880000,0x00000007a1300000)
 ParOldGen       total 175104K, used 1570K [0x00000006c7800000, 0x00000006d2300000, 0x0000000797d00000)
  object space 175104K, 0% used [0x00000006c7800000,0x00000006c7988a38,0x00000006d2300000)
 PSPermGen       total 28672K, used 28522K [0x00000006c2600000, 0x00000006c4200000, 0x00000006c7800000)
  object space 28672K, 99% used [0x00000006c2600000,0x00000006c41da8c0,0x00000006c4200000)
}
Event: 4.039 GC heap before
{Heap before GC invocations=4 (full 0):
 PSYoungGen      total 76800K, used 76771K [0x0000000797d00000, 0x00000007a1300000, 0x0000000800000000)
  eden space 66048K, 100% used [0x0000000797d00000,0x000000079bd80000,0x000000079bd80000)
  from space 10752K, 99% used [0x000000079bd80000,0x000000079c7f8f38,0x000000079c800000)
  to   space 10752K, 0% used [0x00000007a0880000,0x00000007a0880000,0x00000007a1300000)
 ParOldGen       total 175104K, used 1570K [0x00000006c7800000, 0x00000006d2300000, 0x0000000797d00000)
  object space 175104K, 0% used [0x00000006c7800000,0x00000006c7988a38,0x00000006d2300000)
 PSPermGen       total 34816K, used 34495K [0x00000006c2600000, 0x00000006c4800000, 0x00000006c7800000)
  object space 34816K, 99% used [0x00000006c2600000,0x00000006c47afea0,0x00000006c4800000)
Event: 4.050 GC heap after
Heap after GC invocations=4 (full 0):
 PSYoungGen      total 76800K, used 10731K [0x0000000797d00000, 0x00000007a1300000, 0x0000000800000000)
  eden space 66048K, 0% used [0x0000000797d00000,0x0000000797d00000,0x000000079bd80000)
  from space 10752K, 99% used [0x00000007a0880000,0x00000007a12fad80,0x00000007a1300000)
  to   space 10752K, 0% used [0x000000079bd80000,0x000000079bd80000,0x000000079c800000)
 ParOldGen       total 175104K, used 7857K [0x00000006c7800000, 0x00000006d2300000, 0x0000000797d00000)
  object space 175104K, 4% used [0x00000006c7800000,0x00000006c7fac4d8,0x00000006d2300000)
 PSPermGen       total 34816K, used 34495K [0x00000006c2600000, 0x00000006c4800000, 0x00000006c7800000)
  object space 34816K, 99% used [0x00000006c2600000,0x00000006c47afea0,0x00000006c4800000)
}
Event: 8.866 GC heap before
{Heap before GC invocations=5 (full 0):
 PSYoungGen      total 76800K, used 76779K [0x0000000797d00000, 0x00000007a1300000, 0x0000000800000000)
  eden space 66048K, 100% used [0x0000000797d00000,0x000000079bd80000,0x000000079bd80000)
  from space 10752K, 99% used [0x00000007a0880000,0x00000007a12fad80,0x00000007a1300000)
  to   space 10752K, 0% used [0x000000079bd80000,0x000000079bd80000,0x000000079c800000)
 ParOldGen       total 175104K, used 7857K [0x00000006c7800000, 0x00000006d2300000, 0x0000000797d00000)
  object space 175104K, 4% used [0x00000006c7800000,0x00000006c7fac4d8,0x00000006d2300000)
 PSPermGen       total 40960K, used 40554K [0x00000006c2600000, 0x00000006c4e00000, 0x00000006c7800000)
  object space 40960K, 99% used [0x00000006c2600000,0x00000006c4d9a820,0x00000006c4e00000)
Event: 8.875 GC heap after
Heap after GC invocations=5 (full 0):
 PSYoungGen      total 75264K, used 10736K [0x0000000797d00000, 0x00000007a0900000, 0x0000000800000000)
  eden space 64512K, 0% used [0x0000000797d00000,0x0000000797d00000,0x000000079bc00000)
  from space 10752K, 99% used [0x000000079bd80000,0x000000079c7fc150,0x000000079c800000)
  to   space 21504K, 0% used [0x000000079f400000,0x000000079f400000,0x00000007a0900000)
 ParOldGen       total 175104K, used 13003K [0x00000006c7800000, 0x00000006d2300000, 0x0000000797d00000)
  object space 175104K, 7% used [0x00000006c7800000,0x00000006c84b2cd0,0x00000006d2300000)
 PSPermGen       total 40960K, used 40554K [0x00000006c2600000, 0x00000006c4e00000, 0x00000006c7800000)
  object space 40960K, 99% used [0x00000006c2600000,0x00000006c4d9a820,0x00000006c4e00000)
}
Event: 13.885 GC heap before
{Heap before GC invocations=6 (full 0):
 PSYoungGen      total 75264K, used 74934K [0x0000000797d00000, 0x00000007a0900000, 0x0000000800000000)
  eden space 64512K, 99% used [0x0000000797d00000,0x000000079bbb1728,0x000000079bc00000)
  from space 10752K, 99% used [0x000000079bd80000,0x000000079c7fc150,0x000000079c800000)
  to   space 21504K, 0% used [0x000000079f400000,0x000000079f400000,0x00000007a0900000)
 ParOldGen       total 175104K, used 13003K [0x00000006c7800000, 0x00000006d2300000, 0x0000000797d00000)
  object space 175104K, 7% used [0x00000006c7800000,0x00000006c84b2cd0,0x00000006d2300000)
 PSPermGen       total 44544K, used 44459K [0x00000006c2600000, 0x00000006c5180000, 0x00000006c7800000)
  object space 44544K, 99% used [0x00000006c2600000,0x00000006c516afe8,0x00000006c5180000)
Event: 13.894 GC heap after
Heap after GC invocations=6 (full 0):
 PSYoungGen      total 76800K, used 13711K [0x0000000797d00000, 0x00000007a0180000, 0x0000000800000000)
  eden space 62976K, 0% used [0x0000000797d00000,0x0000000797d00000,0x000000079ba80000)
  from space 13824K, 99% used [0x000000079f400000,0x00000007a0163e38,0x00000007a0180000)
  to   space 20992K, 0% used [0x000000079d880000,0x000000079d880000,0x000000079ed00000)
 ParOldGen       total 175104K, used 13011K [0x00000006c7800000, 0x00000006d2300000, 0x0000000797d00000)
  object space 175104K, 7% used [0x00000006c7800000,0x00000006c84b4cd0,0x00000006d2300000)
 PSPermGen       total 44544K, used 44459K [0x00000006c2600000, 0x00000006c5180000, 0x00000006c7800000)
  object space 44544K, 99% used [0x00000006c2600000,0x00000006c516afe8,0x00000006c5180000)
}
Event: 24.003 GC heap before
{Heap before GC invocations=7 (full 0):
 PSYoungGen      total 76800K, used 76687K [0x0000000797d00000, 0x00000007a0180000, 0x0000000800000000)
  eden space 62976K, 100% used [0x0000000797d00000,0x000000079ba80000,0x000000079ba80000)
  from space 13824K, 99% used [0x000000079f400000,0x00000007a0163e38,0x00000007a0180000)
  to   space 20992K, 0% used [0x000000079d880000,0x000000079d880000,0x000000079ed00000)
 ParOldGen       total 175104K, used 13011K [0x00000006c7800000, 0x00000006d2300000, 0x0000000797d00000)
  object space 175104K, 7% used [0x00000006c7800000,0x00000006c84b4cd0,0x00000006d2300000)
 PSPermGen       total 46080K, used 45717K [0x00000006c2600000, 0x00000006c5300000, 0x00000006c7800000)
  object space 46080K, 99% used [0x00000006c2600000,0x00000006c52a5430,0x00000006c5300000)
Event: 24.014 GC heap after
Heap after GC invocations=7 (full 0):
 PSYoungGen      total 77824K, used 16094K [0x0000000797d00000, 0x000000079f480000, 0x0000000800000000)
  eden space 61440K, 0% used [0x0000000797d00000,0x0000000797d00000,0x000000079b900000)
  from space 16384K, 98% used [0x000000079d880000,0x000000079e837958,0x000000079e880000)
  to   space 12288K, 0% used [0x000000079e880000,0x000000079e880000,0x000000079f480000)
 ParOldGen       total 175104K, used 16353K [0x00000006c7800000, 0x00000006d2300000, 0x0000000797d00000)
  object space 175104K, 9% used [0x00000006c7800000,0x00000006c87f8778,0x00000006d2300000)
 PSPermGen       total 46080K, used 45717K [0x00000006c2600000, 0x00000006c5300000, 0x00000006c7800000)
  object space 46080K, 99% used [0x00000006c2600000,0x00000006c52a5430,0x00000006c5300000)
}

