# JRE version: Java(TM) SE Runtime Environment (7.0_45-b18) (build 1.7.0_45-b18)
# Java VM: Java HotSpot(TM) 64-Bit Server VM (24.45-b08 mixed mode linux-amd64 compressed oops)
Heap
 PSYoungGen      total 584704K, used 144852K [0x0000000759500000, 0x0000000791300000, 0x0000000800000000)
  eden space 293888K, 40% used [0x0000000759500000,0x0000000760aa0f18,0x000000076b400000)
  from space 290816K, 8% used [0x000000077f700000,0x0000000780ed4220,0x0000000791300000)
  to   space 310784K, 0% used [0x000000076b400000,0x000000076b400000,0x000000077e380000)
 ParOldGen       total 541696K, used 32390K [0x000000060c000000, 0x000000062d100000, 0x0000000759500000)
  object space 541696K, 5% used [0x000000060c000000,0x000000060dfa1b10,0x000000062d100000)
 PSPermGen       total 67584K, used 55796K [0x0000000606e00000, 0x000000060b000000, 0x000000060c000000)
  object space 67584K, 82% used [0x0000000606e00000,0x000000060a47d2b0,0x000000060b000000)
GC Heap History (10 events):
Event: 673.162 GC heap before
{Heap before GC invocations=26 (full 8):
 PSYoungGen      total 457728K, used 195584K [0x0000000759500000, 0x0000000790c80000, 0x0000000800000000)
  eden space 195584K, 100% used [0x0000000759500000,0x0000000765400000,0x0000000765400000)
  from space 262144K, 0% used [0x0000000765400000,0x0000000765400000,0x0000000775400000)
  to   space 340480K, 0% used [0x000000077c000000,0x000000077c000000,0x0000000790c80000)
 ParOldGen       total 541696K, used 32382K [0x000000060c000000, 0x000000062d100000, 0x0000000759500000)
  object space 541696K, 5% used [0x000000060c000000,0x000000060df9fb10,0x000000062d100000)
 PSPermGen       total 67584K, used 41079K [0x0000000606e00000, 0x000000060b000000, 0x000000060c000000)
  object space 67584K, 60% used [0x0000000606e00000,0x000000060961de68,0x000000060b000000)
Event: 673.171 GC heap after
Heap after GC invocations=26 (full 8):
 PSYoungGen      total 567296K, used 288K [0x0000000759500000, 0x0000000791900000, 0x0000000800000000)
  eden space 226816K, 0% used [0x0000000759500000,0x0000000759500000,0x0000000767280000)
  from space 340480K, 0% used [0x000000077c000000,0x000000077c048000,0x0000000790c80000)
  to   space 341504K, 0% used [0x0000000767280000,0x0000000767280000,0x000000077c000000)
 ParOldGen       total 541696K, used 32382K [0x000000060c000000, 0x000000062d100000, 0x0000000759500000)
  object space 541696K, 5% used [0x000000060c000000,0x000000060df9fb10,0x000000062d100000)
 PSPermGen       total 67584K, used 41079K [0x0000000606e00000, 0x000000060b000000, 0x000000060c000000)
  object space 67584K, 60% used [0x0000000606e00000,0x000000060961de68,0x000000060b000000)
}
Event: 673.671 GC heap before
{Heap before GC invocations=27 (full 8):
 PSYoungGen      total 567296K, used 227104K [0x0000000759500000, 0x0000000791900000, 0x0000000800000000)
  eden space 226816K, 100% used [0x0000000759500000,0x0000000767280000,0x0000000767280000)
  from space 340480K, 0% used [0x000000077c000000,0x000000077c048000,0x0000000790c80000)
  to   space 341504K, 0% used [0x0000000767280000,0x0000000767280000,0x000000077c000000)
 ParOldGen       total 541696K, used 32382K [0x000000060c000000, 0x000000062d100000, 0x0000000759500000)
  object space 541696K, 5% used [0x000000060c000000,0x000000060df9fb10,0x000000062d100000)
 PSPermGen       total 67584K, used 41079K [0x0000000606e00000, 0x000000060b000000, 0x000000060c000000)
  object space 67584K, 60% used [0x0000000606e00000,0x000000060961de68,0x000000060b000000)
Event: 673.672 GC heap after
Heap after GC invocations=27 (full 8):
 PSYoungGen      total 568320K, used 288K [0x0000000759500000, 0x0000000793300000, 0x0000000800000000)
  eden space 226816K, 0% used [0x0000000759500000,0x0000000759500000,0x0000000767280000)
  from space 341504K, 0% used [0x0000000767280000,0x00000007672c8000,0x000000077c000000)
  to   space 338944K, 0% used [0x000000077e800000,0x000000077e800000,0x0000000793300000)
 ParOldGen       total 541696K, used 32382K [0x000000060c000000, 0x000000062d100000, 0x0000000759500000)
  object space 541696K, 5% used [0x000000060c000000,0x000000060df9fb10,0x000000062d100000)
 PSPermGen       total 67584K, used 41079K [0x0000000606e00000, 0x000000060b000000, 0x000000060c000000)
  object space 67584K, 60% used [0x0000000606e00000,0x000000060961de68,0x000000060b000000)
}
Event: 674.180 GC heap before
{Heap before GC invocations=28 (full 8):
 PSYoungGen      total 568320K, used 227104K [0x0000000759500000, 0x0000000793300000, 0x0000000800000000)
  eden space 226816K, 100% used [0x0000000759500000,0x0000000767280000,0x0000000767280000)
  from space 341504K, 0% used [0x0000000767280000,0x00000007672c8000,0x000000077c000000)
  to   space 338944K, 0% used [0x000000077e800000,0x000000077e800000,0x0000000793300000)
 ParOldGen       total 541696K, used 32382K [0x000000060c000000, 0x000000062d100000, 0x0000000759500000)
  object space 541696K, 5% used [0x000000060c000000,0x000000060df9fb10,0x000000062d100000)
 PSPermGen       total 67584K, used 41079K [0x0000000606e00000, 0x000000060b000000, 0x000000060c000000)
  object space 67584K, 60% used [0x0000000606e00000,0x000000060961de68,0x000000060b000000)
Event: 674.182 GC heap after
Heap after GC invocations=28 (full 8):
 PSYoungGen      total 585728K, used 288K [0x0000000759500000, 0x0000000792200000, 0x0000000800000000)
  eden space 264192K, 0% used [0x0000000759500000,0x0000000759500000,0x0000000769700000)
  from space 321536K, 0% used [0x000000077e800000,0x000000077e848000,0x0000000792200000)
  to   space 333312K, 0% used [0x0000000769700000,0x0000000769700000,0x000000077dc80000)
 ParOldGen       total 541696K, used 32382K [0x000000060c000000, 0x000000062d100000, 0x0000000759500000)
  object space 541696K, 5% used [0x000000060c000000,0x000000060df9fb10,0x000000062d100000)
 PSPermGen       total 67584K, used 41079K [0x0000000606e00000, 0x000000060b000000, 0x000000060c000000)
  object space 67584K, 60% used [0x0000000606e00000,0x000000060961de68,0x000000060b000000)
}
Event: 1227.344 GC heap before
{Heap before GC invocations=29 (full 8):
 PSYoungGen      total 585728K, used 264480K [0x0000000759500000, 0x0000000792200000, 0x0000000800000000)
  eden space 264192K, 100% used [0x0000000759500000,0x0000000769700000,0x0000000769700000)
  from space 321536K, 0% used [0x000000077e800000,0x000000077e848000,0x0000000792200000)
  to   space 333312K, 0% used [0x0000000769700000,0x0000000769700000,0x000000077dc80000)
 ParOldGen       total 541696K, used 32382K [0x000000060c000000, 0x000000062d100000, 0x0000000759500000)
  object space 541696K, 5% used [0x000000060c000000,0x000000060df9fb10,0x000000062d100000)
 PSPermGen       total 67584K, used 43626K [0x0000000606e00000, 0x000000060b000000, 0x000000060c000000)
  object space 67584K, 64% used [0x0000000606e00000,0x000000060989a878,0x000000060b000000)
Event: 1227.347 GC heap after
Heap after GC invocations=29 (full 8):
 PSYoungGen      total 597504K, used 9213K [0x0000000759500000, 0x0000000793380000, 0x0000000800000000)
  eden space 264192K, 0% used [0x0000000759500000,0x0000000759500000,0x0000000769700000)
  from space 333312K, 2% used [0x0000000769700000,0x0000000769fff7d8,0x000000077dc80000)
  to   space 324096K, 0% used [0x000000077f700000,0x000000077f700000,0x0000000793380000)
 ParOldGen       total 541696K, used 32390K [0x000000060c000000, 0x000000062d100000, 0x0000000759500000)
  object space 541696K, 5% used [0x000000060c000000,0x000000060dfa1b10,0x000000062d100000)
 PSPermGen       total 67584K, used 43626K [0x0000000606e00000, 0x000000060b000000, 0x000000060c000000)
  object space 67584K, 64% used [0x0000000606e00000,0x000000060989a878,0x000000060b000000)
}
Event: 1231.913 GC heap before
{Heap before GC invocations=30 (full 8):
 PSYoungGen      total 597504K, used 273405K [0x0000000759500000, 0x0000000793380000, 0x0000000800000000)
  eden space 264192K, 100% used [0x0000000759500000,0x0000000769700000,0x0000000769700000)
  from space 333312K, 2% used [0x0000000769700000,0x0000000769fff7d8,0x000000077dc80000)
  to   space 324096K, 0% used [0x000000077f700000,0x000000077f700000,0x0000000793380000)
 ParOldGen       total 541696K, used 32390K [0x000000060c000000, 0x000000062d100000, 0x0000000759500000)
  object space 541696K, 5% used [0x000000060c000000,0x000000060dfa1b10,0x000000062d100000)
 PSPermGen       total 67584K, used 55535K [0x0000000606e00000, 0x000000060b000000, 0x000000060c000000)
  object space 67584K, 82% used [0x0000000606e00000,0x000000060a43bfa8,0x000000060b000000)
Event: 1231.923 GC heap after
Heap after GC invocations=30 (full 8):
 PSYoungGen      total 584704K, used 24400K [0x0000000759500000, 0x0000000791300000, 0x0000000800000000)
  eden space 293888K, 0% used [0x0000000759500000,0x0000000759500000,0x000000076b400000)
  from space 290816K, 8% used [0x000000077f700000,0x0000000780ed4220,0x0000000791300000)
  to   space 310784K, 0% used [0x000000076b400000,0x000000076b400000,0x000000077e380000)
 ParOldGen       total 541696K, used 32390K [0x000000060c000000, 0x000000062d100000, 0x0000000759500000)
  object space 541696K, 5% used [0x000000060c000000,0x000000060dfa1b10,0x000000062d100000)
 PSPermGen       total 67584K, used 55535K [0x0000000606e00000, 0x000000060b000000, 0x000000060c000000)
  object space 67584K, 82% used [0x0000000606e00000,0x000000060a43bfa8,0x000000060b000000)
}

