# JRE version: Java(TM) SE Runtime Environment (7.0_45-b18) (build 1.7.0_45-b18)
# Java VM: Java HotSpot(TM) 64-Bit Server VM (24.45-b08 mixed mode linux-amd64 compressed oops)
Heap
 PSYoungGen      total 293376K, used 257472K [0x0000000759500000, 0x0000000778f00000, 0x0000000800000000)
  eden space 244224K, 85% used [0x0000000759500000,0x00000007660739b0,0x0000000768380000)
  from space 49152K, 99% used [0x0000000768380000,0x000000076b37c7e8,0x000000076b380000)
  to   space 63488K, 0% used [0x0000000775100000,0x0000000775100000,0x0000000778f00000)
 ParOldGen       total 175104K, used 70999K [0x000000060c000000, 0x0000000616b00000, 0x0000000759500000)
  object space 175104K, 40% used [0x000000060c000000,0x0000000610555ed0,0x0000000616b00000)
 PSPermGen       total 53760K, used 53558K [0x0000000606e00000, 0x000000060a280000, 0x000000060c000000)
  object space 53760K, 99% used [0x0000000606e00000,0x000000060a24d9d0,0x000000060a280000)
GC Heap History (10 events):
Event: 7.047 GC heap before
{Heap before GC invocations=5 (full 0):
 PSYoungGen      total 76800K, used 76792K [0x0000000759500000, 0x000000075ea80000, 0x0000000800000000)
  eden space 66048K, 100% used [0x0000000759500000,0x000000075d580000,0x000000075d580000)
  from space 10752K, 99% used [0x000000075e000000,0x000000075ea7e168,0x000000075ea80000)
  to   space 10752K, 0% used [0x000000075d580000,0x000000075d580000,0x000000075e000000)
 ParOldGen       total 175104K, used 11060K [0x000000060c000000, 0x0000000616b00000, 0x0000000759500000)
  object space 175104K, 6% used [0x000000060c000000,0x000000060cacd1f8,0x0000000616b00000)
 PSPermGen       total 34816K, used 34721K [0x0000000606e00000, 0x0000000609000000, 0x000000060c000000)
  object space 34816K, 99% used [0x0000000606e00000,0x0000000608fe8600,0x0000000609000000)
Event: 7.055 GC heap after
Heap after GC invocations=5 (full 0):
 PSYoungGen      total 76800K, used 10746K [0x0000000759500000, 0x0000000764200000, 0x0000000800000000)
  eden space 66048K, 0% used [0x0000000759500000,0x0000000759500000,0x000000075d580000)
  from space 10752K, 99% used [0x000000075d580000,0x000000075dffe868,0x000000075e000000)
  to   space 22528K, 0% used [0x0000000762c00000,0x0000000762c00000,0x0000000764200000)
 ParOldGen       total 175104K, used 17097K [0x000000060c000000, 0x0000000616b00000, 0x0000000759500000)
  object space 175104K, 9% used [0x000000060c000000,0x000000060d0b24d8,0x0000000616b00000)
 PSPermGen       total 34816K, used 34721K [0x0000000606e00000, 0x0000000609000000, 0x000000060c000000)
  object space 34816K, 99% used [0x0000000606e00000,0x0000000608fe8600,0x0000000609000000)
}
Event: 7.169 GC heap before
{Heap before GC invocations=6 (full 0):
 PSYoungGen      total 76800K, used 76794K [0x0000000759500000, 0x0000000764200000, 0x0000000800000000)
  eden space 66048K, 100% used [0x0000000759500000,0x000000075d580000,0x000000075d580000)
  from space 10752K, 99% used [0x000000075d580000,0x000000075dffe868,0x000000075e000000)
  to   space 22528K, 0% used [0x0000000762c00000,0x0000000762c00000,0x0000000764200000)
 ParOldGen       total 175104K, used 17097K [0x000000060c000000, 0x0000000616b00000, 0x0000000759500000)
  object space 175104K, 9% used [0x000000060c000000,0x000000060d0b24d8,0x0000000616b00000)
 PSPermGen       total 34816K, used 34724K [0x0000000606e00000, 0x0000000609000000, 0x000000060c000000)
  object space 34816K, 99% used [0x0000000606e00000,0x0000000608fe92f8,0x0000000609000000)
Event: 7.177 GC heap after
Heap after GC invocations=6 (full 0):
 PSYoungGen      total 153600K, used 17009K [0x0000000759500000, 0x0000000764400000, 0x0000000800000000)
  eden space 131072K, 0% used [0x0000000759500000,0x0000000759500000,0x0000000761500000)
  from space 22528K, 75% used [0x0000000762c00000,0x0000000763c9c620,0x0000000764200000)
  to   space 23552K, 0% used [0x0000000761500000,0x0000000761500000,0x0000000762c00000)
 ParOldGen       total 175104K, used 17105K [0x000000060c000000, 0x0000000616b00000, 0x0000000759500000)
  object space 175104K, 9% used [0x000000060c000000,0x000000060d0b44d8,0x0000000616b00000)
 PSPermGen       total 34816K, used 34724K [0x0000000606e00000, 0x0000000609000000, 0x000000060c000000)
  object space 34816K, 99% used [0x0000000606e00000,0x0000000608fe92f8,0x0000000609000000)
}
Event: 7.532 GC heap before
{Heap before GC invocations=7 (full 0):
 PSYoungGen      total 153600K, used 148081K [0x0000000759500000, 0x0000000764400000, 0x0000000800000000)
  eden space 131072K, 100% used [0x0000000759500000,0x0000000761500000,0x0000000761500000)
  from space 22528K, 75% used [0x0000000762c00000,0x0000000763c9c620,0x0000000764200000)
  to   space 23552K, 0% used [0x0000000761500000,0x0000000761500000,0x0000000762c00000)
 ParOldGen       total 175104K, used 17105K [0x000000060c000000, 0x0000000616b00000, 0x0000000759500000)
  object space 175104K, 9% used [0x000000060c000000,0x000000060d0b44d8,0x0000000616b00000)
 PSPermGen       total 35840K, used 35396K [0x0000000606e00000, 0x0000000609100000, 0x000000060c000000)
  object space 35840K, 98% used [0x0000000606e00000,0x0000000609091338,0x0000000609100000)
Event: 7.543 GC heap after
Heap after GC invocations=7 (full 0):
 PSYoungGen      total 154624K, used 23547K [0x0000000759500000, 0x000000076d200000, 0x0000000800000000)
  eden space 131072K, 0% used [0x0000000759500000,0x0000000759500000,0x0000000761500000)
  from space 23552K, 99% used [0x0000000761500000,0x0000000762bfee80,0x0000000762c00000)
  to   space 31232K, 0% used [0x000000076b380000,0x000000076b380000,0x000000076d200000)
 ParOldGen       total 175104K, used 25524K [0x000000060c000000, 0x0000000616b00000, 0x0000000759500000)
  object space 175104K, 14% used [0x000000060c000000,0x000000060d8ed200,0x0000000616b00000)
 PSPermGen       total 35840K, used 35396K [0x0000000606e00000, 0x0000000609100000, 0x000000060c000000)
  object space 35840K, 98% used [0x0000000606e00000,0x0000000609091338,0x0000000609100000)
}
Event: 11.704 GC heap before
{Heap before GC invocations=8 (full 0):
 PSYoungGen      total 154624K, used 147705K [0x0000000759500000, 0x000000076d200000, 0x0000000800000000)
  eden space 131072K, 94% used [0x0000000759500000,0x0000000760e3f638,0x0000000761500000)
  from space 23552K, 99% used [0x0000000761500000,0x0000000762bfee80,0x0000000762c00000)
  to   space 31232K, 0% used [0x000000076b380000,0x000000076b380000,0x000000076d200000)
 ParOldGen       total 175104K, used 25524K [0x000000060c000000, 0x0000000616b00000, 0x0000000759500000)
  object space 175104K, 14% used [0x000000060c000000,0x000000060d8ed200,0x0000000616b00000)
 PSPermGen       total 38400K, used 38386K [0x0000000606e00000, 0x0000000609380000, 0x000000060c000000)
  object space 38400K, 99% used [0x0000000606e00000,0x000000060937cad0,0x0000000609380000)
Event: 11.724 GC heap after
Heap after GC invocations=8 (full 0):
 PSYoungGen      total 275456K, used 31224K [0x0000000759500000, 0x000000076f500000, 0x0000000800000000)
  eden space 244224K, 0% used [0x0000000759500000,0x0000000759500000,0x0000000768380000)
  from space 31232K, 99% used [0x000000076b380000,0x000000076d1fe250,0x000000076d200000)
  to   space 49152K, 0% used [0x0000000768380000,0x0000000768380000,0x000000076b380000)
 ParOldGen       total 175104K, used 54981K [0x000000060c000000, 0x0000000616b00000, 0x0000000759500000)
  object space 175104K, 31% used [0x000000060c000000,0x000000060f5b15b8,0x0000000616b00000)
 PSPermGen       total 38400K, used 38386K [0x0000000606e00000, 0x0000000609380000, 0x000000060c000000)
  object space 38400K, 99% used [0x0000000606e00000,0x000000060937cad0,0x0000000609380000)
}
Event: 17.346 GC heap before
{Heap before GC invocations=9 (full 0):
 PSYoungGen      total 275456K, used 275448K [0x0000000759500000, 0x000000076f500000, 0x0000000800000000)
  eden space 244224K, 100% used [0x0000000759500000,0x0000000768380000,0x0000000768380000)
  from space 31232K, 99% used [0x000000076b380000,0x000000076d1fe250,0x000000076d200000)
  to   space 49152K, 0% used [0x0000000768380000,0x0000000768380000,0x000000076b380000)
 ParOldGen       total 175104K, used 54981K [0x000000060c000000, 0x0000000616b00000, 0x0000000759500000)
  object space 175104K, 31% used [0x000000060c000000,0x000000060f5b15b8,0x0000000616b00000)
 PSPermGen       total 51712K, used 51344K [0x0000000606e00000, 0x000000060a080000, 0x000000060c000000)
  object space 51712K, 99% used [0x0000000606e00000,0x000000060a0242d8,0x000000060a080000)
Event: 17.371 GC heap after
Heap after GC invocations=9 (full 0):
 PSYoungGen      total 293376K, used 49137K [0x0000000759500000, 0x0000000778f00000, 0x0000000800000000)
  eden space 244224K, 0% used [0x0000000759500000,0x0000000759500000,0x0000000768380000)
  from space 49152K, 99% used [0x0000000768380000,0x000000076b37c7e8,0x000000076b380000)
  to   space 63488K, 0% used [0x0000000775100000,0x0000000775100000,0x0000000778f00000)
 ParOldGen       total 175104K, used 70999K [0x000000060c000000, 0x0000000616b00000, 0x0000000759500000)
  object space 175104K, 40% used [0x000000060c000000,0x0000000610555ed0,0x0000000616b00000)
 PSPermGen       total 51712K, used 51344K [0x0000000606e00000, 0x000000060a080000, 0x000000060c000000)
  object space 51712K, 99% used [0x0000000606e00000,0x000000060a0242d8,0x000000060a080000)
}

