# JRE version: Java(TM) SE Runtime Environment (7.0_45-b18) (build 1.7.0_45-b18)
# Java VM: Java HotSpot(TM) 64-Bit Server VM (24.45-b08 mixed mode linux-amd64 compressed oops)
Heap
 PSYoungGen      total 52224K, used 46396K [0x0000000797d00000, 0x000000079dd00000, 0x0000000800000000)
  eden space 51200K, 88% used [0x0000000797d00000,0x000000079a96f040,0x000000079af00000)
  from space 1024K, 87% used [0x000000079b000000,0x000000079b0e0000,0x000000079b100000)
  to   space 23552K, 0% used [0x000000079c600000,0x000000079c600000,0x000000079dd00000)
 ParOldGen       total 175104K, used 46176K [0x00000006c7800000, 0x00000006d2300000, 0x0000000797d00000)
  object space 175104K, 26% used [0x00000006c7800000,0x00000006ca5182f0,0x00000006d2300000)
 PSPermGen       total 53760K, used 53424K [0x00000006c2600000, 0x00000006c5a80000, 0x00000006c7800000)
  object space 53760K, 99% used [0x00000006c2600000,0x00000006c5a2c250,0x00000006c5a80000)
GC Heap History (10 events):
Event: 42.561 GC heap before
{Heap before GC invocations=13 (full 0):
 PSYoungGen      total 80384K, used 57065K [0x0000000797d00000, 0x000000079e400000, 0x0000000800000000)
  eden space 56320K, 99% used [0x0000000797d00000,0x000000079b3fa640,0x000000079b400000)
  from space 24064K, 3% used [0x000000079cc80000,0x000000079cd40000,0x000000079e400000)
  to   space 24576K, 0% used [0x000000079b400000,0x000000079b400000,0x000000079cc00000)
 ParOldGen       total 175104K, used 45232K [0x00000006c7800000, 0x00000006d2300000, 0x0000000797d00000)
  object space 175104K, 25% used [0x00000006c7800000,0x00000006ca42c270,0x00000006d2300000)
 PSPermGen       total 53248K, used 52998K [0x00000006c2600000, 0x00000006c5a00000, 0x00000006c7800000)
  object space 53248K, 99% used [0x00000006c2600000,0x00000006c59c1980,0x00000006c5a00000)
Event: 42.563 GC heap after
Heap after GC invocations=13 (full 0):
 PSYoungGen      total 56832K, used 1362K [0x0000000797d00000, 0x000000079e400000, 0x0000000800000000)
  eden space 55296K, 0% used [0x0000000797d00000,0x0000000797d00000,0x000000079b300000)
  from space 1536K, 88% used [0x000000079b400000,0x000000079b554b18,0x000000079b580000)
  to   space 25088K, 0% used [0x000000079cb80000,0x000000079cb80000,0x000000079e400000)
 ParOldGen       total 175104K, used 45256K [0x00000006c7800000, 0x00000006d2300000, 0x0000000797d00000)
  object space 175104K, 25% used [0x00000006c7800000,0x00000006ca432290,0x00000006d2300000)
 PSPermGen       total 53248K, used 52998K [0x00000006c2600000, 0x00000006c5a00000, 0x00000006c7800000)
  object space 53248K, 99% used [0x00000006c2600000,0x00000006c59c1980,0x00000006c5a00000)
}
Event: 44.964 GC heap before
{Heap before GC invocations=14 (full 0):
 PSYoungGen      total 56832K, used 56658K [0x0000000797d00000, 0x000000079e400000, 0x0000000800000000)
  eden space 55296K, 100% used [0x0000000797d00000,0x000000079b300000,0x000000079b300000)
  from space 1536K, 88% used [0x000000079b400000,0x000000079b554b18,0x000000079b580000)
  to   space 25088K, 0% used [0x000000079cb80000,0x000000079cb80000,0x000000079e400000)
 ParOldGen       total 175104K, used 45256K [0x00000006c7800000, 0x00000006d2300000, 0x0000000797d00000)
  object space 175104K, 25% used [0x00000006c7800000,0x00000006ca432290,0x00000006d2300000)
 PSPermGen       total 53248K, used 53009K [0x00000006c2600000, 0x00000006c5a00000, 0x00000006c7800000)
  object space 53248K, 99% used [0x00000006c2600000,0x00000006c59c4430,0x00000006c5a00000)
Event: 44.967 GC heap after
Heap after GC invocations=14 (full 0):
 PSYoungGen      total 78336K, used 1696K [0x0000000797d00000, 0x000000079e300000, 0x0000000800000000)
  eden space 54272K, 0% used [0x0000000797d00000,0x0000000797d00000,0x000000079b200000)
  from space 24064K, 7% used [0x000000079cb80000,0x000000079cd28020,0x000000079e300000)
  to   space 25088K, 0% used [0x000000079b200000,0x000000079b200000,0x000000079ca80000)
 ParOldGen       total 175104K, used 45912K [0x00000006c7800000, 0x00000006d2300000, 0x0000000797d00000)
  object space 175104K, 26% used [0x00000006c7800000,0x00000006ca4d62b0,0x00000006d2300000)
 PSPermGen       total 53248K, used 53009K [0x00000006c2600000, 0x00000006c5a00000, 0x00000006c7800000)
  object space 53248K, 99% used [0x00000006c2600000,0x00000006c59c4430,0x00000006c5a00000)
}
Event: 47.398 GC heap before
{Heap before GC invocations=15 (full 0):
 PSYoungGen      total 78336K, used 55968K [0x0000000797d00000, 0x000000079e300000, 0x0000000800000000)
  eden space 54272K, 100% used [0x0000000797d00000,0x000000079b200000,0x000000079b200000)
  from space 24064K, 7% used [0x000000079cb80000,0x000000079cd28020,0x000000079e300000)
  to   space 25088K, 0% used [0x000000079b200000,0x000000079b200000,0x000000079ca80000)
 ParOldGen       total 175104K, used 45912K [0x00000006c7800000, 0x00000006d2300000, 0x0000000797d00000)
  object space 175104K, 26% used [0x00000006c7800000,0x00000006ca4d62b0,0x00000006d2300000)
 PSPermGen       total 53248K, used 53085K [0x00000006c2600000, 0x00000006c5a00000, 0x00000006c7800000)
  object space 53248K, 99% used [0x00000006c2600000,0x00000006c59d74e8,0x00000006c5a00000)
Event: 47.401 GC heap after
Heap after GC invocations=15 (full 0):
 PSYoungGen      total 55808K, used 2528K [0x0000000797d00000, 0x000000079e100000, 0x0000000800000000)
  eden space 53248K, 0% used [0x0000000797d00000,0x0000000797d00000,0x000000079b100000)
  from space 2560K, 98% used [0x000000079b200000,0x000000079b478020,0x000000079b480000)
  to   space 24576K, 0% used [0x000000079c900000,0x000000079c900000,0x000000079e100000)
 ParOldGen       total 175104K, used 45976K [0x00000006c7800000, 0x00000006d2300000, 0x0000000797d00000)
  object space 175104K, 26% used [0x00000006c7800000,0x00000006ca4e62b0,0x00000006d2300000)
 PSPermGen       total 53248K, used 53085K [0x00000006c2600000, 0x00000006c5a00000, 0x00000006c7800000)
  object space 53248K, 99% used [0x00000006c2600000,0x00000006c59d74e8,0x00000006c5a00000)
}
Event: 50.122 GC heap before
{Heap before GC invocations=16 (full 0):
 PSYoungGen      total 55808K, used 55776K [0x0000000797d00000, 0x000000079e100000, 0x0000000800000000)
  eden space 53248K, 100% used [0x0000000797d00000,0x000000079b100000,0x000000079b100000)
  from space 2560K, 98% used [0x000000079b200000,0x000000079b478020,0x000000079b480000)
  to   space 24576K, 0% used [0x000000079c900000,0x000000079c900000,0x000000079e100000)
 ParOldGen       total 175104K, used 45976K [0x00000006c7800000, 0x00000006d2300000, 0x0000000797d00000)
  object space 175104K, 26% used [0x00000006c7800000,0x00000006ca4e62b0,0x00000006d2300000)
 PSPermGen       total 53248K, used 53089K [0x00000006c2600000, 0x00000006c5a00000, 0x00000006c7800000)
  object space 53248K, 99% used [0x00000006c2600000,0x00000006c59d87c8,0x00000006c5a00000)
Event: 50.124 GC heap after
Heap after GC invocations=16 (full 0):
 PSYoungGen      total 74752K, used 2912K [0x0000000797d00000, 0x000000079df00000, 0x0000000800000000)
  eden space 52224K, 0% used [0x0000000797d00000,0x0000000797d00000,0x000000079b000000)
  from space 22528K, 12% used [0x000000079c900000,0x000000079cbd8020,0x000000079df00000)
  to   space 24064K, 0% used [0x000000079b000000,0x000000079b000000,0x000000079c780000)
 ParOldGen       total 175104K, used 46072K [0x00000006c7800000, 0x00000006d2300000, 0x0000000797d00000)
  object space 175104K, 26% used [0x00000006c7800000,0x00000006ca4fe2d0,0x00000006d2300000)
 PSPermGen       total 53248K, used 53089K [0x00000006c2600000, 0x00000006c5a00000, 0x00000006c7800000)
  object space 53248K, 99% used [0x00000006c2600000,0x00000006c59d87c8,0x00000006c5a00000)
}
Event: 62.160 GC heap before
{Heap before GC invocations=17 (full 0):
 PSYoungGen      total 74752K, used 55136K [0x0000000797d00000, 0x000000079df00000, 0x0000000800000000)
  eden space 52224K, 100% used [0x0000000797d00000,0x000000079b000000,0x000000079b000000)
  from space 22528K, 12% used [0x000000079c900000,0x000000079cbd8020,0x000000079df00000)
  to   space 24064K, 0% used [0x000000079b000000,0x000000079b000000,0x000000079c780000)
 ParOldGen       total 175104K, used 46072K [0x00000006c7800000, 0x00000006d2300000, 0x0000000797d00000)
  object space 175104K, 26% used [0x00000006c7800000,0x00000006ca4fe2d0,0x00000006d2300000)
 PSPermGen       total 53248K, used 53092K [0x00000006c2600000, 0x00000006c5a00000, 0x00000006c7800000)
  object space 53248K, 99% used [0x00000006c2600000,0x00000006c59d9158,0x00000006c5a00000)
Event: 62.162 GC heap after
Heap after GC invocations=17 (full 0):
 PSYoungGen      total 52224K, used 896K [0x0000000797d00000, 0x000000079dd00000, 0x0000000800000000)
  eden space 51200K, 0% used [0x0000000797d00000,0x0000000797d00000,0x000000079af00000)
  from space 1024K, 87% used [0x000000079b000000,0x000000079b0e0000,0x000000079b100000)
  to   space 23552K, 0% used [0x000000079c600000,0x000000079c600000,0x000000079dd00000)
 ParOldGen       total 175104K, used 46176K [0x00000006c7800000, 0x00000006d2300000, 0x0000000797d00000)
  object space 175104K, 26% used [0x00000006c7800000,0x00000006ca5182f0,0x00000006d2300000)
 PSPermGen       total 53248K, used 53092K [0x00000006c2600000, 0x00000006c5a00000, 0x00000006c7800000)
  object space 53248K, 99% used [0x00000006c2600000,0x00000006c59d9158,0x00000006c5a00000)
}

