# JRE version: Java(TM) SE Runtime Environment (7.0_45-b18) (build 1.7.0_45-b18)
# Java VM: Java HotSpot(TM) 64-Bit Server VM (24.45-b08 mixed mode linux-amd64 compressed oops)
Heap
 PSYoungGen      total 70656K, used 26292K [0x0000000759500000, 0x0000000760400000, 0x0000000800000000)
  eden space 55296K, 20% used [0x0000000759500000,0x0000000759fce838,0x000000075cb00000)
  from space 15360K, 99% used [0x000000075cc00000,0x000000075dade818,0x000000075db00000)
  to   space 29184K, 0% used [0x000000075e780000,0x000000075e780000,0x0000000760400000)
 ParOldGen       total 175104K, used 30703K [0x000000060c000000, 0x0000000616b00000, 0x0000000759500000)
  object space 175104K, 17% used [0x000000060c000000,0x000000060ddfbc58,0x0000000616b00000)
 PSPermGen       total 53760K, used 53250K [0x0000000606e00000, 0x000000060a280000, 0x000000060c000000)
  object space 53760K, 99% used [0x0000000606e00000,0x000000060a200ae0,0x000000060a280000)
GC Heap History (10 events):
Event: 15.274 GC heap before
{Heap before GC invocations=5 (full 0):
 PSYoungGen      total 76800K, used 76778K [0x0000000759500000, 0x000000075ea80000, 0x0000000800000000)
  eden space 66048K, 100% used [0x0000000759500000,0x000000075d580000,0x000000075d580000)
  from space 10752K, 99% used [0x000000075e000000,0x000000075ea7a9a8,0x000000075ea80000)
  to   space 10752K, 0% used [0x000000075d580000,0x000000075d580000,0x000000075e000000)
 ParOldGen       total 175104K, used 11775K [0x000000060c000000, 0x0000000616b00000, 0x0000000759500000)
  object space 175104K, 6% used [0x000000060c000000,0x000000060cb7fd40,0x0000000616b00000)
 PSPermGen       total 40960K, used 40639K [0x0000000606e00000, 0x0000000609600000, 0x000000060c000000)
  object space 40960K, 99% used [0x0000000606e00000,0x00000006095afc98,0x0000000609600000)
Event: 15.283 GC heap after
Heap after GC invocations=5 (full 0):
 PSYoungGen      total 75264K, used 10722K [0x0000000759500000, 0x000000075fe00000, 0x0000000800000000)
  eden space 64512K, 0% used [0x0000000759500000,0x0000000759500000,0x000000075d400000)
  from space 10752K, 99% used [0x000000075d580000,0x000000075dff8838,0x000000075e000000)
  to   space 21504K, 0% used [0x000000075e900000,0x000000075e900000,0x000000075fe00000)
 ParOldGen       total 175104K, used 15898K [0x000000060c000000, 0x0000000616b00000, 0x0000000759500000)
  object space 175104K, 9% used [0x000000060c000000,0x000000060cf86bd8,0x0000000616b00000)
 PSPermGen       total 40960K, used 40639K [0x0000000606e00000, 0x0000000609600000, 0x000000060c000000)
  object space 40960K, 99% used [0x0000000606e00000,0x00000006095afc98,0x0000000609600000)
}
Event: 15.959 GC heap before
{Heap before GC invocations=6 (full 0):
 PSYoungGen      total 75264K, used 75234K [0x0000000759500000, 0x000000075fe00000, 0x0000000800000000)
  eden space 64512K, 100% used [0x0000000759500000,0x000000075d400000,0x000000075d400000)
  from space 10752K, 99% used [0x000000075d580000,0x000000075dff8838,0x000000075e000000)
  to   space 21504K, 0% used [0x000000075e900000,0x000000075e900000,0x000000075fe00000)
 ParOldGen       total 175104K, used 15898K [0x000000060c000000, 0x0000000616b00000, 0x0000000759500000)
  object space 175104K, 9% used [0x000000060c000000,0x000000060cf86bd8,0x0000000616b00000)
 PSPermGen       total 50176K, used 50016K [0x0000000606e00000, 0x0000000609f00000, 0x000000060c000000)
  object space 50176K, 99% used [0x0000000606e00000,0x0000000609ed8128,0x0000000609f00000)
Event: 15.971 GC heap after
Heap after GC invocations=6 (full 0):
 PSYoungGen      total 82944K, used 19795K [0x0000000759500000, 0x0000000760280000, 0x0000000800000000)
  eden space 61440K, 0% used [0x0000000759500000,0x0000000759500000,0x000000075d100000)
  from space 21504K, 92% used [0x000000075e900000,0x000000075fc54d68,0x000000075fe00000)
  to   space 24576K, 0% used [0x000000075d100000,0x000000075d100000,0x000000075e900000)
 ParOldGen       total 175104K, used 15906K [0x000000060c000000, 0x0000000616b00000, 0x0000000759500000)
  object space 175104K, 9% used [0x000000060c000000,0x000000060cf88bd8,0x0000000616b00000)
 PSPermGen       total 50176K, used 50016K [0x0000000606e00000, 0x0000000609f00000, 0x000000060c000000)
  object space 50176K, 99% used [0x0000000606e00000,0x0000000609ed8128,0x0000000609f00000)
}
Event: 18.557 GC heap before
{Heap before GC invocations=7 (full 0):
 PSYoungGen      total 82944K, used 81235K [0x0000000759500000, 0x0000000760280000, 0x0000000800000000)
  eden space 61440K, 100% used [0x0000000759500000,0x000000075d100000,0x000000075d100000)
  from space 21504K, 92% used [0x000000075e900000,0x000000075fc54d68,0x000000075fe00000)
  to   space 24576K, 0% used [0x000000075d100000,0x000000075d100000,0x000000075e900000)
 ParOldGen       total 175104K, used 15906K [0x000000060c000000, 0x0000000616b00000, 0x0000000759500000)
  object space 175104K, 9% used [0x000000060c000000,0x000000060cf88bd8,0x0000000616b00000)
 PSPermGen       total 53248K, used 52737K [0x0000000606e00000, 0x000000060a200000, 0x000000060c000000)
  object space 53248K, 99% used [0x0000000606e00000,0x000000060a180760,0x000000060a200000)
Event: 18.569 GC heap after
Heap after GC invocations=7 (full 0):
 PSYoungGen      total 84992K, used 21474K [0x0000000759500000, 0x0000000760400000, 0x0000000800000000)
  eden space 60416K, 0% used [0x0000000759500000,0x0000000759500000,0x000000075d000000)
  from space 24576K, 87% used [0x000000075d100000,0x000000075e5f8b68,0x000000075e900000)
  to   space 26624K, 0% used [0x000000075ea00000,0x000000075ea00000,0x0000000760400000)
 ParOldGen       total 175104K, used 20126K [0x000000060c000000, 0x0000000616b00000, 0x0000000759500000)
  object space 175104K, 11% used [0x000000060c000000,0x000000060d3a7968,0x0000000616b00000)
 PSPermGen       total 53248K, used 52737K [0x0000000606e00000, 0x000000060a200000, 0x000000060c000000)
  object space 53248K, 99% used [0x0000000606e00000,0x000000060a180760,0x000000060a200000)
}
Event: 23.757 GC heap before
{Heap before GC invocations=8 (full 0):
 PSYoungGen      total 84992K, used 81890K [0x0000000759500000, 0x0000000760400000, 0x0000000800000000)
  eden space 60416K, 100% used [0x0000000759500000,0x000000075d000000,0x000000075d000000)
  from space 24576K, 87% used [0x000000075d100000,0x000000075e5f8b68,0x000000075e900000)
  to   space 26624K, 0% used [0x000000075ea00000,0x000000075ea00000,0x0000000760400000)
 ParOldGen       total 175104K, used 20126K [0x000000060c000000, 0x0000000616b00000, 0x0000000759500000)
  object space 175104K, 11% used [0x000000060c000000,0x000000060d3a7968,0x0000000616b00000)
 PSPermGen       total 53248K, used 52978K [0x0000000606e00000, 0x000000060a200000, 0x000000060c000000)
  object space 53248K, 99% used [0x0000000606e00000,0x000000060a1bc948,0x000000060a200000)
Event: 23.767 GC heap after
Heap after GC invocations=8 (full 0):
 PSYoungGen      total 82944K, used 26521K [0x0000000759500000, 0x0000000760b00000, 0x0000000800000000)
  eden space 56320K, 0% used [0x0000000759500000,0x0000000759500000,0x000000075cc00000)
  from space 26624K, 99% used [0x000000075ea00000,0x00000007603e6668,0x0000000760400000)
  to   space 30720K, 0% used [0x000000075cc00000,0x000000075cc00000,0x000000075ea00000)
 ParOldGen       total 175104K, used 24464K [0x000000060c000000, 0x0000000616b00000, 0x0000000759500000)
  object space 175104K, 13% used [0x000000060c000000,0x000000060d7e40b8,0x0000000616b00000)
 PSPermGen       total 53248K, used 52978K [0x0000000606e00000, 0x000000060a200000, 0x000000060c000000)
  object space 53248K, 99% used [0x0000000606e00000,0x000000060a1bc948,0x000000060a200000)
}
Event: 43.751 GC heap before
{Heap before GC invocations=9 (full 0):
 PSYoungGen      total 82944K, used 82841K [0x0000000759500000, 0x0000000760b00000, 0x0000000800000000)
  eden space 56320K, 100% used [0x0000000759500000,0x000000075cc00000,0x000000075cc00000)
  from space 26624K, 99% used [0x000000075ea00000,0x00000007603e6668,0x0000000760400000)
  to   space 30720K, 0% used [0x000000075cc00000,0x000000075cc00000,0x000000075ea00000)
 ParOldGen       total 175104K, used 24464K [0x000000060c000000, 0x0000000616b00000, 0x0000000759500000)
  object space 175104K, 13% used [0x000000060c000000,0x000000060d7e40b8,0x0000000616b00000)
 PSPermGen       total 53248K, used 53166K [0x0000000606e00000, 0x000000060a200000, 0x000000060c000000)
  object space 53248K, 99% used [0x0000000606e00000,0x000000060a1ebbd0,0x000000060a200000)
Event: 43.759 GC heap after
Heap after GC invocations=9 (full 0):
 PSYoungGen      total 70656K, used 15226K [0x0000000759500000, 0x0000000760400000, 0x0000000800000000)
  eden space 55296K, 0% used [0x0000000759500000,0x0000000759500000,0x000000075cb00000)
  from space 15360K, 99% used [0x000000075cc00000,0x000000075dade818,0x000000075db00000)
  to   space 29184K, 0% used [0x000000075e780000,0x000000075e780000,0x0000000760400000)
 ParOldGen       total 175104K, used 30703K [0x000000060c000000, 0x0000000616b00000, 0x0000000759500000)
  object space 175104K, 17% used [0x000000060c000000,0x000000060ddfbc58,0x0000000616b00000)
 PSPermGen       total 53248K, used 53166K [0x0000000606e00000, 0x000000060a200000, 0x000000060c000000)
  object space 53248K, 99% used [0x0000000606e00000,0x000000060a1ebbd0,0x000000060a200000)
}

