# JRE version: Java(TM) SE Runtime Environment (7.0_45-b18) (build 1.7.0_45-b18)
# Java VM: Java HotSpot(TM) 64-Bit Server VM (24.45-b08 mixed mode linux-amd64 compressed oops)
Heap
 PSYoungGen      total 990208K, used 756195K [0x0000000759500000, 0x00000007a4880000, 0x0000000800000000)
  eden space 784896K, 79% used [0x0000000759500000,0x000000077f9af020,0x0000000789380000)
  from space 205312K, 62% used [0x0000000798000000,0x000000079fdc9be8,0x00000007a4880000)
  to   space 223744K, 0% used [0x0000000789380000,0x0000000789380000,0x0000000796e00000)
 ParOldGen       total 1878528K, used 1437028K [0x000000060c000000, 0x000000067ea80000, 0x0000000759500000)
  object space 1878528K, 76% used [0x000000060c000000,0x0000000663b592c0,0x000000067ea80000)
 PSPermGen       total 83968K, used 55515K [0x0000000606e00000, 0x000000060c000000, 0x000000060c000000)
  object space 83968K, 66% used [0x0000000606e00000,0x000000060a436cf0,0x000000060c000000)
GC Heap History (10 events):
Event: 267.865 GC heap before
{Heap before GC invocations=22 (full 5):
 PSYoungGen      total 837632K, used 549575K [0x0000000759500000, 0x00000007a1880000, 0x0000000800000000)
  eden space 623616K, 88% used [0x0000000759500000,0x000000077adb1d48,0x000000077f600000)
  from space 214016K, 0% used [0x000000078cc00000,0x000000078cc00000,0x0000000799d00000)
  to   space 219136K, 0% used [0x000000077f600000,0x000000077f600000,0x000000078cc00000)
 ParOldGen       total 1687552K, used 1181822K [0x000000060c000000, 0x0000000673000000, 0x0000000759500000)
  object space 1687552K, 70% used [0x000000060c000000,0x000000065421f9d8,0x0000000673000000)
 PSPermGen       total 83968K, used 55329K [0x0000000606e00000, 0x000000060c000000, 0x000000060c000000)
  object space 83968K, 65% used [0x0000000606e00000,0x000000060a4085b8,0x000000060c000000)
Event: 267.926 GC heap after
Heap after GC invocations=22 (full 5):
 PSYoungGen      total 842752K, used 127929K [0x0000000759500000, 0x000000079dc80000, 0x0000000800000000)
  eden space 623616K, 0% used [0x0000000759500000,0x0000000759500000,0x000000077f600000)
  from space 219136K, 58% used [0x000000077f600000,0x00000007872ee598,0x000000078cc00000)
  to   space 222208K, 0% used [0x0000000790380000,0x0000000790380000,0x000000079dc80000)
 ParOldGen       total 1687552K, used 1309271K [0x000000060c000000, 0x0000000673000000, 0x0000000759500000)
  object space 1687552K, 77% used [0x000000060c000000,0x000000065be95f70,0x0000000673000000)
 PSPermGen       total 83968K, used 55329K [0x0000000606e00000, 0x000000060c000000, 0x000000060c000000)
  object space 83968K, 65% used [0x0000000606e00000,0x000000060a4085b8,0x000000060c000000)
}
Event: 268.102 GC heap before
{Heap before GC invocations=23 (full 5):
 PSYoungGen      total 842752K, used 639925K [0x0000000759500000, 0x000000079dc80000, 0x0000000800000000)
  eden space 623616K, 82% used [0x0000000759500000,0x00000007788ff088,0x000000077f600000)
  from space 219136K, 58% used [0x000000077f600000,0x00000007872ee598,0x000000078cc00000)
  to   space 222208K, 0% used [0x0000000790380000,0x0000000790380000,0x000000079dc80000)
 ParOldGen       total 1687552K, used 1309271K [0x000000060c000000, 0x0000000673000000, 0x0000000759500000)
  object space 1687552K, 77% used [0x000000060c000000,0x000000065be95f70,0x0000000673000000)
 PSPermGen       total 83968K, used 55329K [0x0000000606e00000, 0x000000060c000000, 0x000000060c000000)
  object space 83968K, 65% used [0x0000000606e00000,0x000000060a4085b8,0x000000060c000000)
Event: 268.175 GC heap after
Heap after GC invocations=23 (full 5):
 PSYoungGen      total 898048K, used 127865K [0x0000000759500000, 0x00000007a2100000, 0x0000000800000000)
  eden space 675840K, 0% used [0x0000000759500000,0x0000000759500000,0x0000000782900000)
  from space 222208K, 57% used [0x0000000790380000,0x000000079805e598,0x000000079dc80000)
  to   space 223744K, 0% used [0x0000000782900000,0x0000000782900000,0x0000000790380000)
 ParOldGen       total 1687552K, used 1564170K [0x000000060c000000, 0x0000000673000000, 0x0000000759500000)
  object space 1687552K, 92% used [0x000000060c000000,0x000000066b782aa0,0x0000000673000000)
 PSPermGen       total 83968K, used 55329K [0x0000000606e00000, 0x000000060c000000, 0x000000060c000000)
  object space 83968K, 65% used [0x0000000606e00000,0x000000060a4085b8,0x000000060c000000)
}
Event: 268.175 GC heap before
{Heap before GC invocations=24 (full 6):
 PSYoungGen      total 898048K, used 127865K [0x0000000759500000, 0x00000007a2100000, 0x0000000800000000)
  eden space 675840K, 0% used [0x0000000759500000,0x0000000759500000,0x0000000782900000)
  from space 222208K, 57% used [0x0000000790380000,0x000000079805e598,0x000000079dc80000)
  to   space 223744K, 0% used [0x0000000782900000,0x0000000782900000,0x0000000790380000)
 ParOldGen       total 1687552K, used 1564170K [0x000000060c000000, 0x0000000673000000, 0x0000000759500000)
  object space 1687552K, 92% used [0x000000060c000000,0x000000066b782aa0,0x0000000673000000)
 PSPermGen       total 83968K, used 55329K [0x0000000606e00000, 0x000000060c000000, 0x000000060c000000)
  object space 83968K, 65% used [0x0000000606e00000,0x000000060a4085b8,0x000000060c000000)
Event: 268.354 GC heap after
Heap after GC invocations=24 (full 6):
 PSYoungGen      total 898048K, used 0K [0x0000000759500000, 0x00000007a2100000, 0x0000000800000000)
  eden space 675840K, 0% used [0x0000000759500000,0x0000000759500000,0x0000000782900000)
  from space 222208K, 0% used [0x0000000790380000,0x0000000790380000,0x000000079dc80000)
  to   space 223744K, 0% used [0x0000000782900000,0x0000000782900000,0x0000000790380000)
 ParOldGen       total 1878528K, used 1309579K [0x000000060c000000, 0x000000067ea80000, 0x0000000759500000)
  object space 1878528K, 69% used [0x000000060c000000,0x000000065bee2d28,0x000000067ea80000)
 PSPermGen       total 83968K, used 55329K [0x0000000606e00000, 0x000000060c000000, 0x000000060c000000)
  object space 83968K, 65% used [0x0000000606e00000,0x000000060a4085b8,0x000000060c000000)
}
Event: 286.476 GC heap before
{Heap before GC invocations=25 (full 6):
 PSYoungGen      total 898048K, used 580659K [0x0000000759500000, 0x00000007a2100000, 0x0000000800000000)
  eden space 675840K, 85% used [0x0000000759500000,0x000000077cc0cca8,0x0000000782900000)
  from space 222208K, 0% used [0x0000000790380000,0x0000000790380000,0x000000079dc80000)
  to   space 223744K, 0% used [0x0000000782900000,0x0000000782900000,0x0000000790380000)
 ParOldGen       total 1878528K, used 1309579K [0x000000060c000000, 0x000000067ea80000, 0x0000000759500000)
  object space 1878528K, 69% used [0x000000060c000000,0x000000065bee2d28,0x000000067ea80000)
 PSPermGen       total 83968K, used 55331K [0x0000000606e00000, 0x000000060c000000, 0x000000060c000000)
  object space 83968K, 65% used [0x0000000606e00000,0x000000060a408ed8,0x000000060c000000)
Event: 286.497 GC heap after
Heap after GC invocations=25 (full 6):
 PSYoungGen      total 899584K, used 128121K [0x0000000759500000, 0x00000007a5b00000, 0x0000000800000000)
  eden space 675840K, 0% used [0x0000000759500000,0x0000000759500000,0x0000000782900000)
  from space 223744K, 57% used [0x0000000782900000,0x000000078a61e598,0x0000000790380000)
  to   space 224256K, 0% used [0x0000000798000000,0x0000000798000000,0x00000007a5b00000)
 ParOldGen       total 1878528K, used 1309579K [0x000000060c000000, 0x000000067ea80000, 0x0000000759500000)
  object space 1878528K, 69% used [0x000000060c000000,0x000000065bee2d28,0x000000067ea80000)
 PSPermGen       total 83968K, used 55331K [0x0000000606e00000, 0x000000060c000000, 0x000000060c000000)
  object space 83968K, 65% used [0x0000000606e00000,0x000000060a408ed8,0x000000060c000000)
}
Event: 307.624 GC heap before
{Heap before GC invocations=26 (full 6):
 PSYoungGen      total 899584K, used 716911K [0x0000000759500000, 0x00000007a5b00000, 0x0000000800000000)
  eden space 675840K, 87% used [0x0000000759500000,0x000000077d3fd6a0,0x0000000782900000)
  from space 223744K, 57% used [0x0000000782900000,0x000000078a61e598,0x0000000790380000)
  to   space 224256K, 0% used [0x0000000798000000,0x0000000798000000,0x00000007a5b00000)
 ParOldGen       total 1878528K, used 1309579K [0x000000060c000000, 0x000000067ea80000, 0x0000000759500000)
  object space 1878528K, 69% used [0x000000060c000000,0x000000065bee2d28,0x000000067ea80000)
 PSPermGen       total 83968K, used 55331K [0x0000000606e00000, 0x000000060c000000, 0x000000060c000000)
  object space 83968K, 65% used [0x0000000606e00000,0x000000060a408ed8,0x000000060c000000)
Event: 307.683 GC heap after
Heap after GC invocations=26 (full 6):
 PSYoungGen      total 990208K, used 128806K [0x0000000759500000, 0x00000007a4880000, 0x0000000800000000)
  eden space 784896K, 0% used [0x0000000759500000,0x0000000759500000,0x0000000789380000)
  from space 205312K, 62% used [0x0000000798000000,0x000000079fdc9be8,0x00000007a4880000)
  to   space 223744K, 0% used [0x0000000789380000,0x0000000789380000,0x0000000796e00000)
 ParOldGen       total 1878528K, used 1437028K [0x000000060c000000, 0x000000067ea80000, 0x0000000759500000)
  object space 1878528K, 76% used [0x000000060c000000,0x0000000663b592c0,0x000000067ea80000)
 PSPermGen       total 83968K, used 55331K [0x0000000606e00000, 0x000000060c000000, 0x000000060c000000)
  object space 83968K, 65% used [0x0000000606e00000,0x000000060a408ed8,0x000000060c000000)
}

