# JRE version: Java(TM) SE Runtime Environment (7.0_45-b18) (build 1.7.0_45-b18)
# Java VM: Java HotSpot(TM) 64-Bit Server VM (24.45-b08 mixed mode linux-amd64 compressed oops)
Heap
 PSYoungGen      total 452608K, used 42161K [0x0000000759500000, 0x0000000778900000, 0x0000000800000000)
  eden space 399360K, 4% used [0x0000000759500000,0x000000075a73fe60,0x0000000771b00000)
  from space 53248K, 44% used [0x0000000775500000,0x0000000776bec798,0x0000000778900000)
  to   space 56320K, 0% used [0x0000000771b00000,0x0000000771b00000,0x0000000775200000)
 ParOldGen       total 175104K, used 90297K [0x000000060c000000, 0x0000000616b00000, 0x0000000759500000)
  object space 175104K, 51% used [0x000000060c000000,0x000000061182e6e8,0x0000000616b00000)
 PSPermGen       total 53248K, used 52924K [0x0000000606e00000, 0x000000060a200000, 0x000000060c000000)
  object space 53248K, 99% used [0x0000000606e00000,0x000000060a1af0f0,0x000000060a200000)
GC Heap History (10 events):
Event: 9.726 GC heap before
{Heap before GC invocations=6 (full 0):
 PSYoungGen      total 76800K, used 76799K [0x0000000759500000, 0x0000000764200000, 0x0000000800000000)
  eden space 66048K, 100% used [0x0000000759500000,0x000000075d580000,0x000000075d580000)
  from space 10752K, 99% used [0x000000075d580000,0x000000075dfffdf0,0x000000075e000000)
  to   space 22528K, 0% used [0x0000000762c00000,0x0000000762c00000,0x0000000764200000)
 ParOldGen       total 175104K, used 16650K [0x000000060c000000, 0x0000000616b00000, 0x0000000759500000)
  object space 175104K, 9% used [0x000000060c000000,0x000000060d042938,0x0000000616b00000)
 PSPermGen       total 34304K, used 34073K [0x0000000606e00000, 0x0000000608f80000, 0x000000060c000000)
  object space 34304K, 99% used [0x0000000606e00000,0x0000000608f46608,0x0000000608f80000)
Event: 9.734 GC heap after
Heap after GC invocations=6 (full 0):
 PSYoungGen      total 153600K, used 16837K [0x0000000759500000, 0x0000000764400000, 0x0000000800000000)
  eden space 131072K, 0% used [0x0000000759500000,0x0000000759500000,0x0000000761500000)
  from space 22528K, 74% used [0x0000000762c00000,0x0000000763c716b8,0x0000000764200000)
  to   space 23552K, 0% used [0x0000000761500000,0x0000000761500000,0x0000000762c00000)
 ParOldGen       total 175104K, used 16658K [0x000000060c000000, 0x0000000616b00000, 0x0000000759500000)
  object space 175104K, 9% used [0x000000060c000000,0x000000060d044938,0x0000000616b00000)
 PSPermGen       total 34304K, used 34073K [0x0000000606e00000, 0x0000000608f80000, 0x000000060c000000)
  object space 34304K, 99% used [0x0000000606e00000,0x0000000608f46608,0x0000000608f80000)
}
Event: 10.052 GC heap before
{Heap before GC invocations=7 (full 0):
 PSYoungGen      total 153600K, used 147909K [0x0000000759500000, 0x0000000764400000, 0x0000000800000000)
  eden space 131072K, 100% used [0x0000000759500000,0x0000000761500000,0x0000000761500000)
  from space 22528K, 74% used [0x0000000762c00000,0x0000000763c716b8,0x0000000764200000)
  to   space 23552K, 0% used [0x0000000761500000,0x0000000761500000,0x0000000762c00000)
 ParOldGen       total 175104K, used 16658K [0x000000060c000000, 0x0000000616b00000, 0x0000000759500000)
  object space 175104K, 9% used [0x000000060c000000,0x000000060d044938,0x0000000616b00000)
 PSPermGen       total 34304K, used 34266K [0x0000000606e00000, 0x0000000608f80000, 0x000000060c000000)
  object space 34304K, 99% used [0x0000000606e00000,0x0000000608f76808,0x0000000608f80000)
Event: 10.070 GC heap after
Heap after GC invocations=7 (full 0):
 PSYoungGen      total 154624K, used 23527K [0x0000000759500000, 0x000000076de00000, 0x0000000800000000)
  eden space 131072K, 0% used [0x0000000759500000,0x0000000759500000,0x0000000761500000)
  from space 23552K, 99% used [0x0000000761500000,0x0000000762bf9fe0,0x0000000762c00000)
  to   space 37376K, 0% used [0x000000076b980000,0x000000076b980000,0x000000076de00000)
 ParOldGen       total 175104K, used 36827K [0x000000060c000000, 0x0000000616b00000, 0x0000000759500000)
  object space 175104K, 21% used [0x000000060c000000,0x000000060e3f6f90,0x0000000616b00000)
 PSPermGen       total 34304K, used 34266K [0x0000000606e00000, 0x0000000608f80000, 0x000000060c000000)
  object space 34304K, 99% used [0x0000000606e00000,0x0000000608f76808,0x0000000608f80000)
}
Event: 17.236 GC heap before
{Heap before GC invocations=8 (full 0):
 PSYoungGen      total 154624K, used 154599K [0x0000000759500000, 0x000000076de00000, 0x0000000800000000)
  eden space 131072K, 99% used [0x0000000759500000,0x00000007614ffd80,0x0000000761500000)
  from space 23552K, 99% used [0x0000000761500000,0x0000000762bf9fe0,0x0000000762c00000)
  to   space 37376K, 0% used [0x000000076b980000,0x000000076b980000,0x000000076de00000)
 ParOldGen       total 175104K, used 36827K [0x000000060c000000, 0x0000000616b00000, 0x0000000759500000)
  object space 175104K, 21% used [0x000000060c000000,0x000000060e3f6f90,0x0000000616b00000)
 PSPermGen       total 38912K, used 38721K [0x0000000606e00000, 0x0000000609400000, 0x000000060c000000)
  object space 38912K, 99% used [0x0000000606e00000,0x00000006093d0488,0x0000000609400000)
Event: 17.257 GC heap after
Heap after GC invocations=8 (full 0):
 PSYoungGen      total 286720K, used 37373K [0x0000000759500000, 0x000000076f700000, 0x0000000800000000)
  eden space 249344K, 0% used [0x0000000759500000,0x0000000759500000,0x0000000768880000)
  from space 37376K, 99% used [0x000000076b980000,0x000000076ddff418,0x000000076de00000)
  to   space 50176K, 0% used [0x0000000768880000,0x0000000768880000,0x000000076b980000)
 ParOldGen       total 175104K, used 51742K [0x000000060c000000, 0x0000000616b00000, 0x0000000759500000)
  object space 175104K, 29% used [0x000000060c000000,0x000000060f287910,0x0000000616b00000)
 PSPermGen       total 38912K, used 38721K [0x0000000606e00000, 0x0000000609400000, 0x000000060c000000)
  object space 38912K, 99% used [0x0000000606e00000,0x00000006093d0488,0x0000000609400000)
}
Event: 25.211 GC heap before
{Heap before GC invocations=9 (full 0):
 PSYoungGen      total 286720K, used 286717K [0x0000000759500000, 0x000000076f700000, 0x0000000800000000)
  eden space 249344K, 100% used [0x0000000759500000,0x0000000768880000,0x0000000768880000)
  from space 37376K, 99% used [0x000000076b980000,0x000000076ddff418,0x000000076de00000)
  to   space 50176K, 0% used [0x0000000768880000,0x0000000768880000,0x000000076b980000)
 ParOldGen       total 175104K, used 51742K [0x000000060c000000, 0x0000000616b00000, 0x0000000759500000)
  object space 175104K, 29% used [0x000000060c000000,0x000000060f287910,0x0000000616b00000)
 PSPermGen       total 41472K, used 41319K [0x0000000606e00000, 0x0000000609680000, 0x000000060c000000)
  object space 41472K, 99% used [0x0000000606e00000,0x0000000609659fa0,0x0000000609680000)
Event: 25.228 GC heap after
Heap after GC invocations=9 (full 0):
 PSYoungGen      total 299520K, used 50148K [0x0000000759500000, 0x0000000778f00000, 0x0000000800000000)
  eden space 249344K, 0% used [0x0000000759500000,0x0000000759500000,0x0000000768880000)
  from space 50176K, 99% used [0x0000000768880000,0x000000076b9790a8,0x000000076b980000)
  to   space 59392K, 0% used [0x0000000775500000,0x0000000775500000,0x0000000778f00000)
 ParOldGen       total 175104K, used 54782K [0x000000060c000000, 0x0000000616b00000, 0x0000000759500000)
  object space 175104K, 31% used [0x000000060c000000,0x000000060f57f910,0x0000000616b00000)
 PSPermGen       total 41472K, used 41319K [0x0000000606e00000, 0x0000000609680000, 0x000000060c000000)
  object space 41472K, 99% used [0x0000000606e00000,0x0000000609659fa0,0x0000000609680000)
}
Event: 156.598 GC heap before
{Heap before GC invocations=10 (full 0):
 PSYoungGen      total 299520K, used 299492K [0x0000000759500000, 0x0000000778f00000, 0x0000000800000000)
  eden space 249344K, 100% used [0x0000000759500000,0x0000000768880000,0x0000000768880000)
  from space 50176K, 99% used [0x0000000768880000,0x000000076b9790a8,0x000000076b980000)
  to   space 59392K, 0% used [0x0000000775500000,0x0000000775500000,0x0000000778f00000)
 ParOldGen       total 175104K, used 54782K [0x000000060c000000, 0x0000000616b00000, 0x0000000759500000)
  object space 175104K, 31% used [0x000000060c000000,0x000000060f57f910,0x0000000616b00000)
 PSPermGen       total 53248K, used 52827K [0x0000000606e00000, 0x000000060a200000, 0x000000060c000000)
  object space 53248K, 99% used [0x0000000606e00000,0x000000060a196c10,0x000000060a200000)
Event: 156.625 GC heap after
Heap after GC invocations=10 (full 0):
 PSYoungGen      total 452608K, used 23473K [0x0000000759500000, 0x0000000778900000, 0x0000000800000000)
  eden space 399360K, 0% used [0x0000000759500000,0x0000000759500000,0x0000000771b00000)
  from space 53248K, 44% used [0x0000000775500000,0x0000000776bec798,0x0000000778900000)
  to   space 56320K, 0% used [0x0000000771b00000,0x0000000771b00000,0x0000000775200000)
 ParOldGen       total 175104K, used 90297K [0x000000060c000000, 0x0000000616b00000, 0x0000000759500000)
  object space 175104K, 51% used [0x000000060c000000,0x000000061182e6e8,0x0000000616b00000)
 PSPermGen       total 53248K, used 52827K [0x0000000606e00000, 0x000000060a200000, 0x000000060c000000)
  object space 53248K, 99% used [0x0000000606e00000,0x000000060a196c10,0x000000060a200000)
}

