# JRE version: Java(TM) SE Runtime Environment (7.0_45-b18) (build 1.7.0_45-b18)
# Java VM: Java HotSpot(TM) 64-Bit Server VM (24.45-b08 mixed mode linux-amd64 compressed oops)
Heap
 PSYoungGen      total 77312K, used 37943K [0x0000000759500000, 0x0000000760a00000, 0x0000000800000000)
  eden space 60416K, 35% used [0x0000000759500000,0x000000075a9b1948,0x000000075d000000)
  from space 16896K, 99% used [0x000000075f980000,0x00000007609dc3d0,0x0000000760a00000)
  to   space 22528K, 0% used [0x000000075de00000,0x000000075de00000,0x000000075f400000)
 ParOldGen       total 175104K, used 29326K [0x000000060c000000, 0x0000000616b00000, 0x0000000759500000)
  object space 175104K, 16% used [0x000000060c000000,0x000000060dca38c0,0x0000000616b00000)
 PSPermGen       total 54272K, used 54010K [0x0000000606e00000, 0x000000060a300000, 0x000000060c000000)
  object space 54272K, 99% used [0x0000000606e00000,0x000000060a2be9d0,0x000000060a300000)
GC Heap History (10 events):
Event: 4.280 GC heap before
{Heap before GC invocations=4 (full 0):
 PSYoungGen      total 76800K, used 76794K [0x0000000759500000, 0x0000000762b00000, 0x0000000800000000)
  eden space 66048K, 100% used [0x0000000759500000,0x000000075d580000,0x000000075d580000)
  from space 10752K, 99% used [0x000000075d580000,0x000000075dffebe8,0x000000075e000000)
  to   space 10752K, 0% used [0x0000000762080000,0x0000000762080000,0x0000000762b00000)
 ParOldGen       total 175104K, used 8015K [0x000000060c000000, 0x0000000616b00000, 0x0000000759500000)
  object space 175104K, 4% used [0x000000060c000000,0x000000060c7d3f48,0x0000000616b00000)
 PSPermGen       total 44032K, used 43691K [0x0000000606e00000, 0x0000000609900000, 0x000000060c000000)
  object space 44032K, 99% used [0x0000000606e00000,0x00000006098aadf8,0x0000000609900000)
Event: 4.292 GC heap after
Heap after GC invocations=4 (full 0):
 PSYoungGen      total 76800K, used 10723K [0x0000000759500000, 0x0000000762b00000, 0x0000000800000000)
  eden space 66048K, 0% used [0x0000000759500000,0x0000000759500000,0x000000075d580000)
  from space 10752K, 99% used [0x0000000762080000,0x0000000762af8da0,0x0000000762b00000)
  to   space 10752K, 0% used [0x000000075d580000,0x000000075d580000,0x000000075e000000)
 ParOldGen       total 175104K, used 15929K [0x000000060c000000, 0x0000000616b00000, 0x0000000759500000)
  object space 175104K, 9% used [0x000000060c000000,0x000000060cf8e558,0x0000000616b00000)
 PSPermGen       total 44032K, used 43691K [0x0000000606e00000, 0x0000000609900000, 0x000000060c000000)
  object space 44032K, 99% used [0x0000000606e00000,0x00000006098aadf8,0x0000000609900000)
}
Event: 10.571 GC heap before
{Heap before GC invocations=5 (full 0):
 PSYoungGen      total 76800K, used 71674K [0x0000000759500000, 0x0000000762b00000, 0x0000000800000000)
  eden space 66048K, 92% used [0x0000000759500000,0x000000075d085b10,0x000000075d580000)
  from space 10752K, 99% used [0x0000000762080000,0x0000000762af8da0,0x0000000762b00000)
  to   space 10752K, 0% used [0x000000075d580000,0x000000075d580000,0x000000075e000000)
 ParOldGen       total 175104K, used 15929K [0x000000060c000000, 0x0000000616b00000, 0x0000000759500000)
  object space 175104K, 9% used [0x000000060c000000,0x000000060cf8e558,0x0000000616b00000)
 PSPermGen       total 49152K, used 49135K [0x0000000606e00000, 0x0000000609e00000, 0x000000060c000000)
  object space 49152K, 99% used [0x0000000606e00000,0x0000000609dfbe48,0x0000000609e00000)
Event: 10.581 GC heap after
Heap after GC invocations=5 (full 0):
 PSYoungGen      total 75264K, used 10729K [0x0000000759500000, 0x0000000762100000, 0x0000000800000000)
  eden space 64512K, 0% used [0x0000000759500000,0x0000000759500000,0x000000075d400000)
  from space 10752K, 99% used [0x000000075d580000,0x000000075dffa630,0x000000075e000000)
  to   space 24064K, 0% used [0x0000000760980000,0x0000000760980000,0x0000000762100000)
 ParOldGen       total 175104K, used 20853K [0x000000060c000000, 0x0000000616b00000, 0x0000000759500000)
  object space 175104K, 11% used [0x000000060c000000,0x000000060d45d648,0x0000000616b00000)
 PSPermGen       total 49152K, used 49135K [0x0000000606e00000, 0x0000000609e00000, 0x000000060c000000)
  object space 49152K, 99% used [0x0000000606e00000,0x0000000609dfbe48,0x0000000609e00000)
}
Event: 12.528 GC heap before
{Heap before GC invocations=6 (full 0):
 PSYoungGen      total 75264K, used 75241K [0x0000000759500000, 0x0000000762100000, 0x0000000800000000)
  eden space 64512K, 100% used [0x0000000759500000,0x000000075d400000,0x000000075d400000)
  from space 10752K, 99% used [0x000000075d580000,0x000000075dffa630,0x000000075e000000)
  to   space 24064K, 0% used [0x0000000760980000,0x0000000760980000,0x0000000762100000)
 ParOldGen       total 175104K, used 20853K [0x000000060c000000, 0x0000000616b00000, 0x0000000759500000)
  object space 175104K, 11% used [0x000000060c000000,0x000000060d45d648,0x0000000616b00000)
 PSPermGen       total 52224K, used 51798K [0x0000000606e00000, 0x000000060a100000, 0x000000060c000000)
  object space 52224K, 99% used [0x0000000606e00000,0x000000060a095918,0x000000060a100000)
Event: 12.537 GC heap after
Heap after GC invocations=6 (full 0):
 PSYoungGen      total 77824K, used 14843K [0x0000000759500000, 0x0000000761800000, 0x0000000800000000)
  eden space 62976K, 0% used [0x0000000759500000,0x0000000759500000,0x000000075d280000)
  from space 14848K, 99% used [0x0000000760980000,0x00000007617feff0,0x0000000761800000)
  to   space 23040K, 0% used [0x000000075eb00000,0x000000075eb00000,0x0000000760180000)
 ParOldGen       total 175104K, used 20853K [0x000000060c000000, 0x0000000616b00000, 0x0000000759500000)
  object space 175104K, 11% used [0x000000060c000000,0x000000060d45d648,0x0000000616b00000)
 PSPermGen       total 52224K, used 51798K [0x0000000606e00000, 0x000000060a100000, 0x000000060c000000)
  object space 52224K, 99% used [0x0000000606e00000,0x000000060a095918,0x000000060a100000)
}
Event: 18.555 GC heap before
{Heap before GC invocations=7 (full 0):
 PSYoungGen      total 77824K, used 77125K [0x0000000759500000, 0x0000000761800000, 0x0000000800000000)
  eden space 62976K, 98% used [0x0000000759500000,0x000000075d1d2490,0x000000075d280000)
  from space 14848K, 99% used [0x0000000760980000,0x00000007617feff0,0x0000000761800000)
  to   space 23040K, 0% used [0x000000075eb00000,0x000000075eb00000,0x0000000760180000)
 ParOldGen       total 175104K, used 20853K [0x000000060c000000, 0x0000000616b00000, 0x0000000759500000)
  object space 175104K, 11% used [0x000000060c000000,0x000000060d45d648,0x0000000616b00000)
 PSPermGen       total 54272K, used 53946K [0x0000000606e00000, 0x000000060a300000, 0x000000060c000000)
  object space 54272K, 99% used [0x0000000606e00000,0x000000060a2ae870,0x000000060a300000)
Event: 18.567 GC heap after
Heap after GC invocations=7 (full 0):
 PSYoungGen      total 76288K, used 14574K [0x0000000759500000, 0x0000000760a00000, 0x0000000800000000)
  eden space 61440K, 0% used [0x0000000759500000,0x0000000759500000,0x000000075d100000)
  from space 14848K, 98% used [0x000000075eb00000,0x000000075f93bb68,0x000000075f980000)
  to   space 16896K, 0% used [0x000000075f980000,0x000000075f980000,0x0000000760a00000)
 ParOldGen       total 175104K, used 24348K [0x000000060c000000, 0x0000000616b00000, 0x0000000759500000)
  object space 175104K, 13% used [0x000000060c000000,0x000000060d7c7108,0x0000000616b00000)
 PSPermGen       total 54272K, used 53946K [0x0000000606e00000, 0x000000060a300000, 0x000000060c000000)
  object space 54272K, 99% used [0x0000000606e00000,0x000000060a2ae870,0x000000060a300000)
}
Event: 19.361 GC heap before
{Heap before GC invocations=8 (full 0):
 PSYoungGen      total 76288K, used 74127K [0x0000000759500000, 0x0000000760a00000, 0x0000000800000000)
  eden space 61440K, 96% used [0x0000000759500000,0x000000075cf280b0,0x000000075d100000)
  from space 14848K, 98% used [0x000000075eb00000,0x000000075f93bb68,0x000000075f980000)
  to   space 16896K, 0% used [0x000000075f980000,0x000000075f980000,0x0000000760a00000)
 ParOldGen       total 175104K, used 24348K [0x000000060c000000, 0x0000000616b00000, 0x0000000759500000)
  object space 175104K, 13% used [0x000000060c000000,0x000000060d7c7108,0x0000000616b00000)
 PSPermGen       total 54272K, used 53984K [0x0000000606e00000, 0x000000060a300000, 0x000000060c000000)
  object space 54272K, 99% used [0x0000000606e00000,0x000000060a2b8268,0x000000060a300000)
Event: 19.370 GC heap after
Heap after GC invocations=8 (full 0):
 PSYoungGen      total 77312K, used 16752K [0x0000000759500000, 0x0000000760a00000, 0x0000000800000000)
  eden space 60416K, 0% used [0x0000000759500000,0x0000000759500000,0x000000075d000000)
  from space 16896K, 99% used [0x000000075f980000,0x00000007609dc3d0,0x0000000760a00000)
  to   space 22528K, 0% used [0x000000075de00000,0x000000075de00000,0x000000075f400000)
 ParOldGen       total 175104K, used 29326K [0x000000060c000000, 0x0000000616b00000, 0x0000000759500000)
  object space 175104K, 16% used [0x000000060c000000,0x000000060dca38c0,0x0000000616b00000)
 PSPermGen       total 54272K, used 53984K [0x0000000606e00000, 0x000000060a300000, 0x000000060c000000)
  object space 54272K, 99% used [0x0000000606e00000,0x000000060a2b8268,0x000000060a300000)
}

