# JRE version: Java(TM) SE Runtime Environment (7.0_45-b18) (build 1.7.0_45-b18)
# Java VM: Java HotSpot(TM) 64-Bit Server VM (24.45-b08 mixed mode linux-amd64 compressed oops)
Heap
 PSYoungGen      total 80384K, used 46270K [0x0000000797d00000, 0x000000079e600000, 0x0000000800000000)
  eden space 56320K, 67% used [0x0000000797d00000,0x000000079a23ed88,0x000000079b400000)
  from space 24064K, 33% used [0x000000079ce80000,0x000000079d670b08,0x000000079e600000)
  to   space 25600K, 0% used [0x000000079b400000,0x000000079b400000,0x000000079cd00000)
 ParOldGen       total 175104K, used 44955K [0x00000006c7800000, 0x00000006d2300000, 0x0000000797d00000)
  object space 175104K, 25% used [0x00000006c7800000,0x00000006ca3e6f28,0x00000006d2300000)
 PSPermGen       total 55296K, used 54842K [0x00000006c2600000, 0x00000006c5c00000, 0x00000006c7800000)
  object space 55296K, 99% used [0x00000006c2600000,0x00000006c5b8e8f8,0x00000006c5c00000)
GC Heap History (10 events):
Event: 13.358 GC heap before
{Heap before GC invocations=8 (full 0):
 PSYoungGen      total 78848K, used 78256K [0x0000000797d00000, 0x000000079ec00000, 0x0000000800000000)
  eden space 61440K, 99% used [0x0000000797d00000,0x000000079b8e0f08,0x000000079b900000)
  from space 17408K, 97% used [0x000000079ba80000,0x000000079cb0b358,0x000000079cb80000)
  to   space 26112K, 0% used [0x000000079d280000,0x000000079d280000,0x000000079ec00000)
 ParOldGen       total 175104K, used 26034K [0x00000006c7800000, 0x00000006d2300000, 0x0000000797d00000)
  object space 175104K, 14% used [0x00000006c7800000,0x00000006c916cbd8,0x00000006d2300000)
 PSPermGen       total 50688K, used 50185K [0x00000006c2600000, 0x00000006c5780000, 0x00000006c7800000)
  object space 50688K, 99% used [0x00000006c2600000,0x00000006c57026c0,0x00000006c5780000)
Event: 13.367 GC heap after
Heap after GC invocations=8 (full 0):
 PSYoungGen      total 84480K, used 10498K [0x0000000797d00000, 0x000000079ea00000, 0x0000000800000000)
  eden space 60416K, 0% used [0x0000000797d00000,0x0000000797d00000,0x000000079b800000)
  from space 24064K, 43% used [0x000000079d280000,0x000000079dcc0af0,0x000000079ea00000)
  to   space 25600K, 0% used [0x000000079b800000,0x000000079b800000,0x000000079d100000)
 ParOldGen       total 175104K, used 31245K [0x00000006c7800000, 0x00000006d2300000, 0x0000000797d00000)
  object space 175104K, 17% used [0x00000006c7800000,0x00000006c9683580,0x00000006d2300000)
 PSPermGen       total 50688K, used 50185K [0x00000006c2600000, 0x00000006c5780000, 0x00000006c7800000)
  object space 50688K, 99% used [0x00000006c2600000,0x00000006c57026c0,0x00000006c5780000)
}
Event: 16.008 GC heap before
{Heap before GC invocations=9 (full 0):
 PSYoungGen      total 84480K, used 67306K [0x0000000797d00000, 0x000000079ea00000, 0x0000000800000000)
  eden space 60416K, 94% used [0x0000000797d00000,0x000000079b479de8,0x000000079b800000)
  from space 24064K, 43% used [0x000000079d280000,0x000000079dcc0af0,0x000000079ea00000)
  to   space 25600K, 0% used [0x000000079b800000,0x000000079b800000,0x000000079d100000)
 ParOldGen       total 175104K, used 31245K [0x00000006c7800000, 0x00000006d2300000, 0x0000000797d00000)
  object space 175104K, 17% used [0x00000006c7800000,0x00000006c9683580,0x00000006d2300000)
 PSPermGen       total 52736K, used 52366K [0x00000006c2600000, 0x00000006c5980000, 0x00000006c7800000)
  object space 52736K, 99% used [0x00000006c2600000,0x00000006c5923970,0x00000006c5980000)
Event: 16.013 GC heap after
Heap after GC invocations=9 (full 0):
 PSYoungGen      total 68608K, used 9068K [0x0000000797d00000, 0x000000079e900000, 0x0000000800000000)
  eden space 59392K, 0% used [0x0000000797d00000,0x0000000797d00000,0x000000079b700000)
  from space 9216K, 98% used [0x000000079b800000,0x000000079c0db3e8,0x000000079c100000)
  to   space 25600K, 0% used [0x000000079d000000,0x000000079d000000,0x000000079e900000)
 ParOldGen       total 175104K, used 37473K [0x00000006c7800000, 0x00000006d2300000, 0x0000000797d00000)
  object space 175104K, 21% used [0x00000006c7800000,0x00000006c9c987f8,0x00000006d2300000)
 PSPermGen       total 52736K, used 52366K [0x00000006c2600000, 0x00000006c5980000, 0x00000006c7800000)
  object space 52736K, 99% used [0x00000006c2600000,0x00000006c5923970,0x00000006c5980000)
}
Event: 16.582 GC heap before
{Heap before GC invocations=10 (full 0):
 PSYoungGen      total 68608K, used 68460K [0x0000000797d00000, 0x000000079e900000, 0x0000000800000000)
  eden space 59392K, 100% used [0x0000000797d00000,0x000000079b700000,0x000000079b700000)
  from space 9216K, 98% used [0x000000079b800000,0x000000079c0db3e8,0x000000079c100000)
  to   space 25600K, 0% used [0x000000079d000000,0x000000079d000000,0x000000079e900000)
 ParOldGen       total 175104K, used 37473K [0x00000006c7800000, 0x00000006d2300000, 0x0000000797d00000)
  object space 175104K, 21% used [0x00000006c7800000,0x00000006c9c987f8,0x00000006d2300000)
 PSPermGen       total 53248K, used 53119K [0x00000006c2600000, 0x00000006c5a00000, 0x00000006c7800000)
  object space 53248K, 99% used [0x00000006c2600000,0x00000006c59dfc38,0x00000006c5a00000)
Event: 16.586 GC heap after
Heap after GC invocations=10 (full 0):
 PSYoungGen      total 83968K, used 3298K [0x0000000797d00000, 0x000000079e900000, 0x0000000800000000)
  eden space 58368K, 0% used [0x0000000797d00000,0x0000000797d00000,0x000000079b600000)
  from space 25600K, 12% used [0x000000079d000000,0x000000079d338b30,0x000000079e900000)
  to   space 26112K, 0% used [0x000000079b600000,0x000000079b600000,0x000000079cf80000)
 ParOldGen       total 175104K, used 39318K [0x00000006c7800000, 0x00000006d2300000, 0x0000000797d00000)
  object space 175104K, 22% used [0x00000006c7800000,0x00000006c9e65958,0x00000006d2300000)
 PSPermGen       total 53248K, used 53119K [0x00000006c2600000, 0x00000006c5a00000, 0x00000006c7800000)
  object space 53248K, 99% used [0x00000006c2600000,0x00000006c59dfc38,0x00000006c5a00000)
}
Event: 21.785 GC heap before
{Heap before GC invocations=11 (full 0):
 PSYoungGen      total 83968K, used 61666K [0x0000000797d00000, 0x000000079e900000, 0x0000000800000000)
  eden space 58368K, 100% used [0x0000000797d00000,0x000000079b600000,0x000000079b600000)
  from space 25600K, 12% used [0x000000079d000000,0x000000079d338b30,0x000000079e900000)
  to   space 26112K, 0% used [0x000000079b600000,0x000000079b600000,0x000000079cf80000)
 ParOldGen       total 175104K, used 39318K [0x00000006c7800000, 0x00000006d2300000, 0x0000000797d00000)
  object space 175104K, 22% used [0x00000006c7800000,0x00000006c9e65958,0x00000006d2300000)
 PSPermGen       total 54784K, used 54317K [0x00000006c2600000, 0x00000006c5b80000, 0x00000006c7800000)
  object space 54784K, 99% used [0x00000006c2600000,0x00000006c5b0b4a0,0x00000006c5b80000)
Event: 21.789 GC heap after
Heap after GC invocations=11 (full 0):
 PSYoungGen      total 61952K, used 4183K [0x0000000797d00000, 0x000000079e800000, 0x0000000800000000)
  eden space 57344K, 0% used [0x0000000797d00000,0x0000000797d00000,0x000000079b500000)
  from space 4608K, 90% used [0x000000079b600000,0x000000079ba15fc8,0x000000079ba80000)
  to   space 26112K, 0% used [0x000000079ce80000,0x000000079ce80000,0x000000079e800000)
 ParOldGen       total 175104K, used 41561K [0x00000006c7800000, 0x00000006d2300000, 0x0000000797d00000)
  object space 175104K, 23% used [0x00000006c7800000,0x00000006ca096448,0x00000006d2300000)
 PSPermGen       total 54784K, used 54317K [0x00000006c2600000, 0x00000006c5b80000, 0x00000006c7800000)
  object space 54784K, 99% used [0x00000006c2600000,0x00000006c5b0b4a0,0x00000006c5b80000)
}
Event: 26.015 GC heap before
{Heap before GC invocations=12 (full 0):
 PSYoungGen      total 61952K, used 61527K [0x0000000797d00000, 0x000000079e800000, 0x0000000800000000)
  eden space 57344K, 100% used [0x0000000797d00000,0x000000079b500000,0x000000079b500000)
  from space 4608K, 90% used [0x000000079b600000,0x000000079ba15fc8,0x000000079ba80000)
  to   space 26112K, 0% used [0x000000079ce80000,0x000000079ce80000,0x000000079e800000)
 ParOldGen       total 175104K, used 41561K [0x00000006c7800000, 0x00000006d2300000, 0x0000000797d00000)
  object space 175104K, 23% used [0x00000006c7800000,0x00000006ca096448,0x00000006d2300000)
 PSPermGen       total 54784K, used 54560K [0x00000006c2600000, 0x00000006c5b80000, 0x00000006c7800000)
  object space 54784K, 99% used [0x00000006c2600000,0x00000006c5b48368,0x00000006c5b80000)
Event: 26.021 GC heap after
Heap after GC invocations=12 (full 0):
 PSYoungGen      total 80384K, used 8130K [0x0000000797d00000, 0x000000079e600000, 0x0000000800000000)
  eden space 56320K, 0% used [0x0000000797d00000,0x0000000797d00000,0x000000079b400000)
  from space 24064K, 33% used [0x000000079ce80000,0x000000079d670b08,0x000000079e600000)
  to   space 25600K, 0% used [0x000000079b400000,0x000000079b400000,0x000000079cd00000)
 ParOldGen       total 175104K, used 44955K [0x00000006c7800000, 0x00000006d2300000, 0x0000000797d00000)
  object space 175104K, 25% used [0x00000006c7800000,0x00000006ca3e6f28,0x00000006d2300000)
 PSPermGen       total 54784K, used 54560K [0x00000006c2600000, 0x00000006c5b80000, 0x00000006c7800000)
  object space 54784K, 99% used [0x00000006c2600000,0x00000006c5b48368,0x00000006c5b80000)
}

