# JRE version: Java(TM) SE Runtime Environment (7.0_45-b18) (build 1.7.0_45-b18)
# Java VM: Java HotSpot(TM) 64-Bit Server VM (24.45-b08 mixed mode linux-amd64 compressed oops)
Heap
 PSYoungGen      total 142848K, used 139127K [0x0000000759500000, 0x000000076ac00000, 0x0000000800000000)
  eden space 132096K, 97% used [0x0000000759500000,0x0000000761261158,0x0000000761600000)
  from space 10752K, 99% used [0x0000000761600000,0x000000076207cdd8,0x0000000762080000)
  to   space 10752K, 0% used [0x000000076a180000,0x000000076a180000,0x000000076ac00000)
 ParOldGen       total 175104K, used 15558K [0x000000060c000000, 0x0000000616b00000, 0x0000000759500000)
  object space 175104K, 8% used [0x000000060c000000,0x000000060cf31b90,0x0000000616b00000)
 PSPermGen       total 45568K, used 45457K [0x0000000606e00000, 0x0000000609a80000, 0x000000060c000000)
  object space 45568K, 99% used [0x0000000606e00000,0x0000000609a64580,0x0000000609a80000)
GC Heap History (6 events):
Event: 1.236 GC heap before
{Heap before GC invocations=1 (full 0):
 PSYoungGen      total 76800K, used 66048K [0x0000000759500000, 0x000000075ea80000, 0x0000000800000000)
  eden space 66048K, 100% used [0x0000000759500000,0x000000075d580000,0x000000075d580000)
  from space 10752K, 0% used [0x000000075e000000,0x000000075e000000,0x000000075ea80000)
  to   space 10752K, 0% used [0x000000075d580000,0x000000075d580000,0x000000075e000000)
 ParOldGen       total 175104K, used 0K [0x000000060c000000, 0x0000000616b00000, 0x0000000759500000)
  object space 175104K, 0% used [0x000000060c000000,0x000000060c000000,0x0000000616b00000)
 PSPermGen       total 21504K, used 14602K [0x0000000606e00000, 0x0000000608300000, 0x000000060c000000)
  object space 21504K, 67% used [0x0000000606e00000,0x0000000607c428b8,0x0000000608300000)
Event: 1.252 GC heap after
Heap after GC invocations=1 (full 0):
 PSYoungGen      total 76800K, used 5361K [0x0000000759500000, 0x0000000762b00000, 0x0000000800000000)
  eden space 66048K, 0% used [0x0000000759500000,0x0000000759500000,0x000000075d580000)
  from space 10752K, 49% used [0x000000075d580000,0x000000075dabc710,0x000000075e000000)
  to   space 10752K, 0% used [0x0000000762080000,0x0000000762080000,0x0000000762b00000)
 ParOldGen       total 175104K, used 72K [0x000000060c000000, 0x0000000616b00000, 0x0000000759500000)
  object space 175104K, 0% used [0x000000060c000000,0x000000060c012010,0x0000000616b00000)
 PSPermGen       total 21504K, used 14602K [0x0000000606e00000, 0x0000000608300000, 0x000000060c000000)
  object space 21504K, 67% used [0x0000000606e00000,0x0000000607c428b8,0x0000000608300000)
}
Event: 2.131 GC heap before
{Heap before GC invocations=2 (full 0):
 PSYoungGen      total 76800K, used 71409K [0x0000000759500000, 0x0000000762b00000, 0x0000000800000000)
  eden space 66048K, 100% used [0x0000000759500000,0x000000075d580000,0x000000075d580000)
  from space 10752K, 49% used [0x000000075d580000,0x000000075dabc710,0x000000075e000000)
  to   space 10752K, 0% used [0x0000000762080000,0x0000000762080000,0x0000000762b00000)
 ParOldGen       total 175104K, used 72K [0x000000060c000000, 0x0000000616b00000, 0x0000000759500000)
  object space 175104K, 0% used [0x000000060c000000,0x000000060c012010,0x0000000616b00000)
 PSPermGen       total 22016K, used 21843K [0x0000000606e00000, 0x0000000608380000, 0x000000060c000000)
  object space 22016K, 99% used [0x0000000606e00000,0x0000000608354da0,0x0000000608380000)
Event: 2.144 GC heap after
Heap after GC invocations=2 (full 0):
 PSYoungGen      total 142848K, used 9392K [0x0000000759500000, 0x0000000762b00000, 0x0000000800000000)
  eden space 132096K, 0% used [0x0000000759500000,0x0000000759500000,0x0000000761600000)
  from space 10752K, 87% used [0x0000000762080000,0x00000007629ac178,0x0000000762b00000)
  to   space 10752K, 0% used [0x0000000761600000,0x0000000761600000,0x0000000762080000)
 ParOldGen       total 175104K, used 80K [0x000000060c000000, 0x0000000616b00000, 0x0000000759500000)
  object space 175104K, 0% used [0x000000060c000000,0x000000060c014010,0x0000000616b00000)
 PSPermGen       total 22016K, used 21843K [0x0000000606e00000, 0x0000000608380000, 0x000000060c000000)
  object space 22016K, 99% used [0x0000000606e00000,0x0000000608354da0,0x0000000608380000)
}
Event: 6.370 GC heap before
{Heap before GC invocations=3 (full 0):
 PSYoungGen      total 142848K, used 141488K [0x0000000759500000, 0x0000000762b00000, 0x0000000800000000)
  eden space 132096K, 100% used [0x0000000759500000,0x0000000761600000,0x0000000761600000)
  from space 10752K, 87% used [0x0000000762080000,0x00000007629ac178,0x0000000762b00000)
  to   space 10752K, 0% used [0x0000000761600000,0x0000000761600000,0x0000000762080000)
 ParOldGen       total 175104K, used 80K [0x000000060c000000, 0x0000000616b00000, 0x0000000759500000)
  object space 175104K, 0% used [0x000000060c000000,0x000000060c014010,0x0000000616b00000)
 PSPermGen       total 44032K, used 43585K [0x0000000606e00000, 0x0000000609900000, 0x000000060c000000)
  object space 44032K, 98% used [0x0000000606e00000,0x0000000609890540,0x0000000609900000)
Event: 6.403 GC heap after
Heap after GC invocations=3 (full 0):
 PSYoungGen      total 142848K, used 10739K [0x0000000759500000, 0x000000076ac00000, 0x0000000800000000)
  eden space 132096K, 0% used [0x0000000759500000,0x0000000759500000,0x0000000761600000)
  from space 10752K, 99% used [0x0000000761600000,0x000000076207cdd8,0x0000000762080000)
  to   space 10752K, 0% used [0x000000076a180000,0x000000076a180000,0x000000076ac00000)
 ParOldGen       total 175104K, used 15558K [0x000000060c000000, 0x0000000616b00000, 0x0000000759500000)
  object space 175104K, 8% used [0x000000060c000000,0x000000060cf31b90,0x0000000616b00000)
 PSPermGen       total 44032K, used 43585K [0x0000000606e00000, 0x0000000609900000, 0x000000060c000000)
  object space 44032K, 98% used [0x0000000606e00000,0x0000000609890540,0x0000000609900000)
}

