# JRE version: Java(TM) SE Runtime Environment (7.0_45-b18) (build 1.7.0_45-b18)
# Java VM: Java HotSpot(TM) 64-Bit Server VM (24.45-b08 mixed mode linux-amd64 compressed oops)
Heap
 PSYoungGen      total 73728K, used 58886K [0x0000000797d00000, 0x000000079ef80000, 0x0000000800000000)
  eden space 54784K, 73% used [0x0000000797d00000,0x000000079a453708,0x000000079b280000)
  from space 18944K, 98% used [0x000000079b380000,0x000000079c5ae460,0x000000079c600000)
  to   space 31232K, 0% used [0x000000079d100000,0x000000079d100000,0x000000079ef80000)
 ParOldGen       total 175104K, used 31735K [0x00000006c7800000, 0x00000006d2300000, 0x0000000797d00000)
  object space 175104K, 18% used [0x00000006c7800000,0x00000006c96fdc18,0x00000006d2300000)
 PSPermGen       total 52224K, used 52084K [0x00000006c2600000, 0x00000006c5900000, 0x00000006c7800000)
  object space 52224K, 99% used [0x00000006c2600000,0x00000006c58dd180,0x00000006c5900000)
GC Heap History (10 events):
Event: 2.381 GC heap before
{Heap before GC invocations=3 (full 0):
 PSYoungGen      total 76800K, used 75509K [0x0000000797d00000, 0x000000079d280000, 0x0000000800000000)
  eden space 66048K, 100% used [0x0000000797d00000,0x000000079bd80000,0x000000079bd80000)
  from space 10752K, 88% used [0x000000079c800000,0x000000079d13d750,0x000000079d280000)
  to   space 10752K, 0% used [0x000000079bd80000,0x000000079bd80000,0x000000079c800000)
 ParOldGen       total 175104K, used 80K [0x00000006c7800000, 0x00000006d2300000, 0x0000000797d00000)
  object space 175104K, 0% used [0x00000006c7800000,0x00000006c7814010,0x00000006d2300000)
 PSPermGen       total 36352K, used 35946K [0x00000006c2600000, 0x00000006c4980000, 0x00000006c7800000)
  object space 36352K, 98% used [0x00000006c2600000,0x00000006c491aa48,0x00000006c4980000)
Event: 2.392 GC heap after
Heap after GC invocations=3 (full 0):
 PSYoungGen      total 76800K, used 10735K [0x0000000797d00000, 0x000000079d280000, 0x0000000800000000)
  eden space 66048K, 0% used [0x0000000797d00000,0x0000000797d00000,0x000000079bd80000)
  from space 10752K, 99% used [0x000000079bd80000,0x000000079c7fbd90,0x000000079c800000)
  to   space 10752K, 0% used [0x000000079c800000,0x000000079c800000,0x000000079d280000)
 ParOldGen       total 175104K, used 8471K [0x00000006c7800000, 0x00000006d2300000, 0x0000000797d00000)
  object space 175104K, 4% used [0x00000006c7800000,0x00000006c8045ea8,0x00000006d2300000)
 PSPermGen       total 36352K, used 35946K [0x00000006c2600000, 0x00000006c4980000, 0x00000006c7800000)
  object space 36352K, 98% used [0x00000006c2600000,0x00000006c491aa48,0x00000006c4980000)
}
Event: 4.443 GC heap before
{Heap before GC invocations=4 (full 0):
 PSYoungGen      total 76800K, used 76783K [0x0000000797d00000, 0x000000079d280000, 0x0000000800000000)
  eden space 66048K, 100% used [0x0000000797d00000,0x000000079bd80000,0x000000079bd80000)
  from space 10752K, 99% used [0x000000079bd80000,0x000000079c7fbd90,0x000000079c800000)
  to   space 10752K, 0% used [0x000000079c800000,0x000000079c800000,0x000000079d280000)
 ParOldGen       total 175104K, used 8471K [0x00000006c7800000, 0x00000006d2300000, 0x0000000797d00000)
  object space 175104K, 4% used [0x00000006c7800000,0x00000006c8045ea8,0x00000006d2300000)
 PSPermGen       total 43520K, used 43169K [0x00000006c2600000, 0x00000006c5080000, 0x00000006c7800000)
  object space 43520K, 99% used [0x00000006c2600000,0x00000006c5028728,0x00000006c5080000)
Event: 4.453 GC heap after
Heap after GC invocations=4 (full 0):
 PSYoungGen      total 76800K, used 10729K [0x0000000797d00000, 0x000000079d280000, 0x0000000800000000)
  eden space 66048K, 0% used [0x0000000797d00000,0x0000000797d00000,0x000000079bd80000)
  from space 10752K, 99% used [0x000000079c800000,0x000000079d27a518,0x000000079d280000)
  to   space 10752K, 0% used [0x000000079bd80000,0x000000079bd80000,0x000000079c800000)
 ParOldGen       total 175104K, used 15185K [0x00000006c7800000, 0x00000006d2300000, 0x0000000797d00000)
  object space 175104K, 8% used [0x00000006c7800000,0x00000006c86d4570,0x00000006d2300000)
 PSPermGen       total 43520K, used 43169K [0x00000006c2600000, 0x00000006c5080000, 0x00000006c7800000)
  object space 43520K, 99% used [0x00000006c2600000,0x00000006c5028728,0x00000006c5080000)
}
Event: 13.229 GC heap before
{Heap before GC invocations=5 (full 0):
 PSYoungGen      total 76800K, used 69226K [0x0000000797d00000, 0x000000079d280000, 0x0000000800000000)
  eden space 66048K, 88% used [0x0000000797d00000,0x000000079b620530,0x000000079bd80000)
  from space 10752K, 99% used [0x000000079c800000,0x000000079d27a518,0x000000079d280000)
  to   space 10752K, 0% used [0x000000079bd80000,0x000000079bd80000,0x000000079c800000)
 ParOldGen       total 175104K, used 15185K [0x00000006c7800000, 0x00000006d2300000, 0x0000000797d00000)
  object space 175104K, 8% used [0x00000006c7800000,0x00000006c86d4570,0x00000006d2300000)
 PSPermGen       total 48128K, used 47662K [0x00000006c2600000, 0x00000006c5500000, 0x00000006c7800000)
  object space 48128K, 99% used [0x00000006c2600000,0x00000006c548b850,0x00000006c5500000)
Event: 13.238 GC heap after
Heap after GC invocations=5 (full 0):
 PSYoungGen      total 75264K, used 10723K [0x0000000797d00000, 0x000000079ea00000, 0x0000000800000000)
  eden space 64512K, 0% used [0x0000000797d00000,0x0000000797d00000,0x000000079bc00000)
  from space 10752K, 99% used [0x000000079bd80000,0x000000079c7f8ed0,0x000000079c800000)
  to   space 23552K, 0% used [0x000000079d300000,0x000000079d300000,0x000000079ea00000)
 ParOldGen       total 175104K, used 19771K [0x00000006c7800000, 0x00000006d2300000, 0x0000000797d00000)
  object space 175104K, 11% used [0x00000006c7800000,0x00000006c8b4edb8,0x00000006d2300000)
 PSPermGen       total 48128K, used 47662K [0x00000006c2600000, 0x00000006c5500000, 0x00000006c7800000)
  object space 48128K, 99% used [0x00000006c2600000,0x00000006c548b850,0x00000006c5500000)
}
Event: 16.334 GC heap before
{Heap before GC invocations=6 (full 0):
 PSYoungGen      total 75264K, used 75235K [0x0000000797d00000, 0x000000079ea00000, 0x0000000800000000)
  eden space 64512K, 100% used [0x0000000797d00000,0x000000079bc00000,0x000000079bc00000)
  from space 10752K, 99% used [0x000000079bd80000,0x000000079c7f8ed0,0x000000079c800000)
  to   space 23552K, 0% used [0x000000079d300000,0x000000079d300000,0x000000079ea00000)
 ParOldGen       total 175104K, used 19771K [0x00000006c7800000, 0x00000006d2300000, 0x0000000797d00000)
  object space 175104K, 11% used [0x00000006c7800000,0x00000006c8b4edb8,0x00000006d2300000)
 PSPermGen       total 51712K, used 51274K [0x00000006c2600000, 0x00000006c5880000, 0x00000006c7800000)
  object space 51712K, 99% used [0x00000006c2600000,0x00000006c5812a88,0x00000006c5880000)
Event: 16.345 GC heap after
Heap after GC invocations=6 (full 0):
 PSYoungGen      total 79360K, used 23521K [0x0000000797d00000, 0x000000079f980000, 0x0000000800000000)
  eden space 55808K, 0% used [0x0000000797d00000,0x0000000797d00000,0x000000079b380000)
  from space 23552K, 99% used [0x000000079d300000,0x000000079e9f8560,0x000000079ea00000)
  to   space 32256K, 0% used [0x000000079b380000,0x000000079b380000,0x000000079d300000)
 ParOldGen       total 175104K, used 27886K [0x00000006c7800000, 0x00000006d2300000, 0x0000000797d00000)
  object space 175104K, 15% used [0x00000006c7800000,0x00000006c933b878,0x00000006d2300000)
 PSPermGen       total 51712K, used 51274K [0x00000006c2600000, 0x00000006c5880000, 0x00000006c7800000)
  object space 51712K, 99% used [0x00000006c2600000,0x00000006c5812a88,0x00000006c5880000)
}
Event: 23.312 GC heap before
{Heap before GC invocations=7 (full 0):
 PSYoungGen      total 79360K, used 79329K [0x0000000797d00000, 0x000000079f980000, 0x0000000800000000)
  eden space 55808K, 100% used [0x0000000797d00000,0x000000079b380000,0x000000079b380000)
  from space 23552K, 99% used [0x000000079d300000,0x000000079e9f8560,0x000000079ea00000)
  to   space 32256K, 0% used [0x000000079b380000,0x000000079b380000,0x000000079d300000)
 ParOldGen       total 175104K, used 27886K [0x00000006c7800000, 0x00000006d2300000, 0x0000000797d00000)
  object space 175104K, 15% used [0x00000006c7800000,0x00000006c933b878,0x00000006d2300000)
 PSPermGen       total 52224K, used 51842K [0x00000006c2600000, 0x00000006c5900000, 0x00000006c7800000)
  object space 52224K, 99% used [0x00000006c2600000,0x00000006c58a0a78,0x00000006c5900000)
Event: 23.322 GC heap after
Heap after GC invocations=7 (full 0):
 PSYoungGen      total 73728K, used 18617K [0x0000000797d00000, 0x000000079ef80000, 0x0000000800000000)
  eden space 54784K, 0% used [0x0000000797d00000,0x0000000797d00000,0x000000079b280000)
  from space 18944K, 98% used [0x000000079b380000,0x000000079c5ae460,0x000000079c600000)
  to   space 31232K, 0% used [0x000000079d100000,0x000000079d100000,0x000000079ef80000)
 ParOldGen       total 175104K, used 31735K [0x00000006c7800000, 0x00000006d2300000, 0x0000000797d00000)
  object space 175104K, 18% used [0x00000006c7800000,0x00000006c96fdc18,0x00000006d2300000)
 PSPermGen       total 52224K, used 51842K [0x00000006c2600000, 0x00000006c5900000, 0x00000006c7800000)
  object space 52224K, 99% used [0x00000006c2600000,0x00000006c58a0a78,0x00000006c5900000)
}

