# JRE version: Java(TM) SE Runtime Environment (7.0_45-b18) (build 1.7.0_45-b18)
# Java VM: Java HotSpot(TM) 64-Bit Server VM (24.45-b08 mixed mode linux-amd64 compressed oops)
Heap
 PSYoungGen      total 371200K, used 266082K [0x0000000797d00000, 0x00000007bac00000, 0x0000000800000000)
  eden space 241152K, 56% used [0x0000000797d00000,0x00000007a01dec68,0x00000007a6880000)
  from space 130048K, 99% used [0x00000007b2d00000,0x00000007babf9e28,0x00000007bac00000)
  to   space 152064K, 0% used [0x00000007a8300000,0x00000007a8300000,0x00000007b1780000)
 ParOldGen       total 1175040K, used 1167797K [0x00000006c7800000, 0x000000070f380000, 0x0000000797d00000)
  object space 1175040K, 99% used [0x00000006c7800000,0x000000070ec6d638,0x000000070f380000)
 PSPermGen       total 83968K, used 50631K [0x00000006c2600000, 0x00000006c7800000, 0x00000006c7800000)
  object space 83968K, 60% used [0x00000006c2600000,0x00000006c5771e90,0x00000006c7800000)
GC Heap History (10 events):
Event: 17.196 GC heap before
{Heap before GC invocations=13 (full 1):
 PSYoungGen      total 272384K, used 51183K [0x0000000797d00000, 0x00000007b6880000, 0x0000000800000000)
  eden space 221184K, 0% used [0x0000000797d00000,0x0000000797d00000,0x00000007a5500000)
  from space 51200K, 99% used [0x00000007ac180000,0x00000007af37bcd0,0x00000007af380000)
  to   space 111104K, 0% used [0x00000007a5500000,0x00000007a5500000,0x00000007ac180000)
 ParOldGen       total 812032K, used 811082K [0x00000006c7800000, 0x00000006f9100000, 0x0000000797d00000)
  object space 812032K, 99% used [0x00000006c7800000,0x00000006f9012a70,0x00000006f9100000)
 PSPermGen       total 50688K, used 50551K [0x00000006c2600000, 0x00000006c5780000, 0x00000006c7800000)
  object space 50688K, 99% used [0x00000006c2600000,0x00000006c575df60,0x00000006c5780000)
Event: 17.558 GC heap after
Heap after GC invocations=13 (full 1):
 PSYoungGen      total 272384K, used 43963K [0x0000000797d00000, 0x00000007b6880000, 0x0000000800000000)
  eden space 221184K, 0% used [0x0000000797d00000,0x0000000797d00000,0x00000007a5500000)
  from space 51200K, 85% used [0x00000007ac180000,0x00000007aec6ed10,0x00000007af380000)
  to   space 111104K, 0% used [0x00000007a5500000,0x00000007a5500000,0x00000007ac180000)
 ParOldGen       total 985600K, used 811559K [0x00000006c7800000, 0x0000000703a80000, 0x0000000797d00000)
  object space 985600K, 82% used [0x00000006c7800000,0x00000006f9089ee0,0x0000000703a80000)
 PSPermGen       total 83968K, used 50531K [0x00000006c2600000, 0x00000006c7800000, 0x00000006c7800000)
  object space 83968K, 60% used [0x00000006c2600000,0x00000006c5758ff0,0x00000006c7800000)
}
Event: 500.120 GC heap before
{Heap before GC invocations=14 (full 2):
 PSYoungGen      total 272384K, used 265147K [0x0000000797d00000, 0x00000007b6880000, 0x0000000800000000)
  eden space 221184K, 100% used [0x0000000797d00000,0x00000007a5500000,0x00000007a5500000)
  from space 51200K, 85% used [0x00000007ac180000,0x00000007aec6ed10,0x00000007af380000)
  to   space 111104K, 0% used [0x00000007a5500000,0x00000007a5500000,0x00000007ac180000)
 ParOldGen       total 1759232K, used 1758963K [0x00000006c7800000, 0x0000000732e00000, 0x0000000797d00000)
  object space 1759232K, 99% used [0x00000006c7800000,0x0000000732dbcc00,0x0000000732e00000)
 PSPermGen       total 83968K, used 50627K [0x00000006c2600000, 0x00000006c7800000, 0x00000006c7800000)
  object space 83968K, 60% used [0x00000006c2600000,0x00000006c5770c40,0x00000006c7800000)
Event: 500.252 GC heap after
Heap after GC invocations=14 (full 2):
 PSYoungGen      total 272384K, used 0K [0x0000000797d00000, 0x00000007b6880000, 0x0000000800000000)
  eden space 221184K, 0% used [0x0000000797d00000,0x0000000797d00000,0x00000007a5500000)
  from space 51200K, 0% used [0x00000007ac180000,0x00000007ac180000,0x00000007af380000)
  to   space 111104K, 0% used [0x00000007a5500000,0x00000007a5500000,0x00000007ac180000)
 ParOldGen       total 1070592K, used 872007K [0x00000006c7800000, 0x0000000708d80000, 0x0000000797d00000)
  object space 1070592K, 81% used [0x00000006c7800000,0x00000006fcb91d38,0x0000000708d80000)
 PSPermGen       total 83968K, used 50626K [0x00000006c2600000, 0x00000006c7800000, 0x00000006c7800000)
  object space 83968K, 60% used [0x00000006c2600000,0x00000006c5770bc0,0x00000006c7800000)
}
Event: 500.344 GC heap before
{Heap before GC invocations=15 (full 2):
 PSYoungGen      total 272384K, used 221146K [0x0000000797d00000, 0x00000007b6880000, 0x0000000800000000)
  eden space 221184K, 99% used [0x0000000797d00000,0x00000007a54f68c0,0x00000007a5500000)
  from space 51200K, 0% used [0x00000007ac180000,0x00000007ac180000,0x00000007af380000)
  to   space 111104K, 0% used [0x00000007a5500000,0x00000007a5500000,0x00000007ac180000)
 ParOldGen       total 1070592K, used 874440K [0x00000006c7800000, 0x0000000708d80000, 0x0000000797d00000)
  object space 1070592K, 81% used [0x00000006c7800000,0x00000006fcdf20c0,0x0000000708d80000)
 PSPermGen       total 83968K, used 50630K [0x00000006c2600000, 0x00000006c7800000, 0x00000006c7800000)
  object space 83968K, 60% used [0x00000006c2600000,0x00000006c57719f8,0x00000006c7800000)
Event: 500.368 GC heap after
Heap after GC invocations=15 (full 2):
 PSYoungGen      total 332288K, used 111088K [0x0000000797d00000, 0x00000007bac00000, 0x0000000800000000)
  eden space 221184K, 0% used [0x0000000797d00000,0x0000000797d00000,0x00000007a5500000)
  from space 111104K, 99% used [0x00000007a5500000,0x00000007ac17c1c0,0x00000007ac180000)
  to   space 130048K, 0% used [0x00000007b2d00000,0x00000007b2d00000,0x00000007bac00000)
 ParOldGen       total 1070592K, used 982452K [0x00000006c7800000, 0x0000000708d80000, 0x0000000797d00000)
  object space 1070592K, 91% used [0x00000006c7800000,0x000000070376d1d8,0x0000000708d80000)
 PSPermGen       total 83968K, used 50630K [0x00000006c2600000, 0x00000006c7800000, 0x00000006c7800000)
  object space 83968K, 60% used [0x00000006c2600000,0x00000006c57719f8,0x00000006c7800000)
}
Event: 500.368 GC heap before
{Heap before GC invocations=16 (full 3):
 PSYoungGen      total 332288K, used 111088K [0x0000000797d00000, 0x00000007bac00000, 0x0000000800000000)
  eden space 221184K, 0% used [0x0000000797d00000,0x0000000797d00000,0x00000007a5500000)
  from space 111104K, 99% used [0x00000007a5500000,0x00000007ac17c1c0,0x00000007ac180000)
  to   space 130048K, 0% used [0x00000007b2d00000,0x00000007b2d00000,0x00000007bac00000)
 ParOldGen       total 1070592K, used 982452K [0x00000006c7800000, 0x0000000708d80000, 0x0000000797d00000)
  object space 1070592K, 91% used [0x00000006c7800000,0x000000070376d1d8,0x0000000708d80000)
 PSPermGen       total 83968K, used 50630K [0x00000006c2600000, 0x00000006c7800000, 0x00000006c7800000)
  object space 83968K, 60% used [0x00000006c2600000,0x00000006c57719f8,0x00000006c7800000)
Event: 500.542 GC heap after
Heap after GC invocations=16 (full 3):
 PSYoungGen      total 332288K, used 0K [0x0000000797d00000, 0x00000007bac00000, 0x0000000800000000)
  eden space 221184K, 0% used [0x0000000797d00000,0x0000000797d00000,0x00000007a5500000)
  from space 111104K, 0% used [0x00000007a5500000,0x00000007a5500000,0x00000007ac180000)
  to   space 130048K, 0% used [0x00000007b2d00000,0x00000007b2d00000,0x00000007bac00000)
 ParOldGen       total 793088K, used 505512K [0x00000006c7800000, 0x00000006f7e80000, 0x0000000797d00000)
  object space 793088K, 63% used [0x00000006c7800000,0x00000006e65aa298,0x00000006f7e80000)
 PSPermGen       total 83968K, used 50630K [0x00000006c2600000, 0x00000006c7800000, 0x00000006c7800000)
  object space 83968K, 60% used [0x00000006c2600000,0x00000006c57719f8,0x00000006c7800000)
}
Event: 500.737 GC heap before
{Heap before GC invocations=17 (full 3):
 PSYoungGen      total 332288K, used 221149K [0x0000000797d00000, 0x00000007bac00000, 0x0000000800000000)
  eden space 221184K, 99% used [0x0000000797d00000,0x00000007a54f7570,0x00000007a5500000)
  from space 111104K, 0% used [0x00000007a5500000,0x00000007a5500000,0x00000007ac180000)
  to   space 130048K, 0% used [0x00000007b2d00000,0x00000007b2d00000,0x00000007bac00000)
 ParOldGen       total 793088K, used 505512K [0x00000006c7800000, 0x00000006f7e80000, 0x0000000797d00000)
  object space 793088K, 63% used [0x00000006c7800000,0x00000006e65aa298,0x00000006f7e80000)
 PSPermGen       total 83968K, used 50630K [0x00000006c2600000, 0x00000006c7800000, 0x00000006c7800000)
  object space 83968K, 60% used [0x00000006c2600000,0x00000006c57719f8,0x00000006c7800000)
Event: 500.761 GC heap after
Heap after GC invocations=17 (full 3):
 PSYoungGen      total 371200K, used 130023K [0x0000000797d00000, 0x00000007bac00000, 0x0000000800000000)
  eden space 241152K, 0% used [0x0000000797d00000,0x0000000797d00000,0x00000007a6880000)
  from space 130048K, 99% used [0x00000007b2d00000,0x00000007babf9e28,0x00000007bac00000)
  to   space 152064K, 0% used [0x00000007a8300000,0x00000007a8300000,0x00000007b1780000)
 ParOldGen       total 793088K, used 595606K [0x00000006c7800000, 0x00000006f7e80000, 0x0000000797d00000)
  object space 793088K, 75% used [0x00000006c7800000,0x00000006ebda5a30,0x00000006f7e80000)
 PSPermGen       total 83968K, used 50630K [0x00000006c2600000, 0x00000006c7800000, 0x00000006c7800000)
  object space 83968K, 60% used [0x00000006c2600000,0x00000006c57719f8,0x00000006c7800000)
}

