# JRE version: Java(TM) SE Runtime Environment (7.0_45-b18) (build 1.7.0_45-b18)
# Java VM: Java HotSpot(TM) 64-Bit Server VM (24.45-b08 mixed mode linux-amd64 compressed oops)
Heap
 PSYoungGen      total 75776K, used 55919K [0x0000000797d00000, 0x000000079e600000, 0x0000000800000000)
  eden space 61440K, 67% used [0x0000000797d00000,0x000000079a5c5cd8,0x000000079b900000)
  from space 14336K, 98% used [0x000000079ba80000,0x000000079c856128,0x000000079c880000)
  to   space 23040K, 0% used [0x000000079cf80000,0x000000079cf80000,0x000000079e600000)
 ParOldGen       total 175104K, used 25552K [0x00000006c7800000, 0x00000006d2300000, 0x0000000797d00000)
  object space 175104K, 14% used [0x00000006c7800000,0x00000006c90f43b8,0x00000006d2300000)
 PSPermGen       total 52736K, used 52349K [0x00000006c2600000, 0x00000006c5980000, 0x00000006c7800000)
  object space 52736K, 99% used [0x00000006c2600000,0x00000006c591f708,0x00000006c5980000)
GC Heap History (10 events):
Event: 2.316 GC heap before
{Heap before GC invocations=3 (full 0):
 PSYoungGen      total 76800K, used 75635K [0x0000000797d00000, 0x000000079d280000, 0x0000000800000000)
  eden space 66048K, 100% used [0x0000000797d00000,0x000000079bd80000,0x000000079bd80000)
  from space 10752K, 89% used [0x000000079c800000,0x000000079d15ccb8,0x000000079d280000)
  to   space 10752K, 0% used [0x000000079bd80000,0x000000079bd80000,0x000000079c800000)
 ParOldGen       total 175104K, used 80K [0x00000006c7800000, 0x00000006d2300000, 0x0000000797d00000)
  object space 175104K, 0% used [0x00000006c7800000,0x00000006c7814010,0x00000006d2300000)
 PSPermGen       total 36864K, used 36474K [0x00000006c2600000, 0x00000006c4a00000, 0x00000006c7800000)
  object space 36864K, 98% used [0x00000006c2600000,0x00000006c499ebf8,0x00000006c4a00000)
Event: 2.325 GC heap after
Heap after GC invocations=3 (full 0):
 PSYoungGen      total 76800K, used 10727K [0x0000000797d00000, 0x000000079d280000, 0x0000000800000000)
  eden space 66048K, 0% used [0x0000000797d00000,0x0000000797d00000,0x000000079bd80000)
  from space 10752K, 99% used [0x000000079bd80000,0x000000079c7f9dd8,0x000000079c800000)
  to   space 10752K, 0% used [0x000000079c800000,0x000000079c800000,0x000000079d280000)
 ParOldGen       total 175104K, used 8418K [0x00000006c7800000, 0x00000006d2300000, 0x0000000797d00000)
  object space 175104K, 4% used [0x00000006c7800000,0x00000006c8038880,0x00000006d2300000)
 PSPermGen       total 36864K, used 36474K [0x00000006c2600000, 0x00000006c4a00000, 0x00000006c7800000)
  object space 36864K, 98% used [0x00000006c2600000,0x00000006c499ebf8,0x00000006c4a00000)
}
Event: 13.632 GC heap before
{Heap before GC invocations=4 (full 0):
 PSYoungGen      total 76800K, used 76775K [0x0000000797d00000, 0x000000079d280000, 0x0000000800000000)
  eden space 66048K, 100% used [0x0000000797d00000,0x000000079bd80000,0x000000079bd80000)
  from space 10752K, 99% used [0x000000079bd80000,0x000000079c7f9dd8,0x000000079c800000)
  to   space 10752K, 0% used [0x000000079c800000,0x000000079c800000,0x000000079d280000)
 ParOldGen       total 175104K, used 8418K [0x00000006c7800000, 0x00000006d2300000, 0x0000000797d00000)
  object space 175104K, 4% used [0x00000006c7800000,0x00000006c8038880,0x00000006d2300000)
 PSPermGen       total 43520K, used 43344K [0x00000006c2600000, 0x00000006c5080000, 0x00000006c7800000)
  object space 43520K, 99% used [0x00000006c2600000,0x00000006c5054368,0x00000006c5080000)
Event: 13.642 GC heap after
Heap after GC invocations=4 (full 0):
 PSYoungGen      total 76800K, used 10737K [0x0000000797d00000, 0x000000079d280000, 0x0000000800000000)
  eden space 66048K, 0% used [0x0000000797d00000,0x0000000797d00000,0x000000079bd80000)
  from space 10752K, 99% used [0x000000079c800000,0x000000079d27c6b0,0x000000079d280000)
  to   space 10752K, 0% used [0x000000079bd80000,0x000000079bd80000,0x000000079c800000)
 ParOldGen       total 175104K, used 15253K [0x00000006c7800000, 0x00000006d2300000, 0x0000000797d00000)
  object space 175104K, 8% used [0x00000006c7800000,0x00000006c86e5768,0x00000006d2300000)
 PSPermGen       total 43520K, used 43344K [0x00000006c2600000, 0x00000006c5080000, 0x00000006c7800000)
  object space 43520K, 99% used [0x00000006c2600000,0x00000006c5054368,0x00000006c5080000)
}
Event: 64.716 GC heap before
{Heap before GC invocations=5 (full 0):
 PSYoungGen      total 76800K, used 76785K [0x0000000797d00000, 0x000000079d280000, 0x0000000800000000)
  eden space 66048K, 100% used [0x0000000797d00000,0x000000079bd80000,0x000000079bd80000)
  from space 10752K, 99% used [0x000000079c800000,0x000000079d27c6b0,0x000000079d280000)
  to   space 10752K, 0% used [0x000000079bd80000,0x000000079bd80000,0x000000079c800000)
 ParOldGen       total 175104K, used 15253K [0x00000006c7800000, 0x00000006d2300000, 0x0000000797d00000)
  object space 175104K, 8% used [0x00000006c7800000,0x00000006c86e5768,0x00000006d2300000)
 PSPermGen       total 44544K, used 44398K [0x00000006c2600000, 0x00000006c5180000, 0x00000006c7800000)
  object space 44544K, 99% used [0x00000006c2600000,0x00000006c515b848,0x00000006c5180000)
Event: 64.725 GC heap after
Heap after GC invocations=5 (full 0):
 PSYoungGen      total 75264K, used 10747K [0x0000000797d00000, 0x000000079ed00000, 0x0000000800000000)
  eden space 64512K, 0% used [0x0000000797d00000,0x0000000797d00000,0x000000079bc00000)
  from space 10752K, 99% used [0x000000079bd80000,0x000000079c7fecd8,0x000000079c800000)
  to   space 25088K, 0% used [0x000000079d480000,0x000000079d480000,0x000000079ed00000)
 ParOldGen       total 175104K, used 21953K [0x00000006c7800000, 0x00000006d2300000, 0x0000000797d00000)
  object space 175104K, 12% used [0x00000006c7800000,0x00000006c8d70658,0x00000006d2300000)
 PSPermGen       total 44544K, used 44398K [0x00000006c2600000, 0x00000006c5180000, 0x00000006c7800000)
  object space 44544K, 99% used [0x00000006c2600000,0x00000006c515b848,0x00000006c5180000)
}
Event: 78.296 GC heap before
{Heap before GC invocations=6 (full 0):
 PSYoungGen      total 75264K, used 75259K [0x0000000797d00000, 0x000000079ed00000, 0x0000000800000000)
  eden space 64512K, 100% used [0x0000000797d00000,0x000000079bc00000,0x000000079bc00000)
  from space 10752K, 99% used [0x000000079bd80000,0x000000079c7fecd8,0x000000079c800000)
  to   space 25088K, 0% used [0x000000079d480000,0x000000079d480000,0x000000079ed00000)
 ParOldGen       total 175104K, used 21953K [0x00000006c7800000, 0x00000006d2300000, 0x0000000797d00000)
  object space 175104K, 12% used [0x00000006c7800000,0x00000006c8d70658,0x00000006d2300000)
 PSPermGen       total 48640K, used 48561K [0x00000006c2600000, 0x00000006c5580000, 0x00000006c7800000)
  object space 48640K, 99% used [0x00000006c2600000,0x00000006c556c608,0x00000006c5580000)
Event: 78.307 GC heap after
Heap after GC invocations=6 (full 0):
 PSYoungGen      total 84480K, used 15684K [0x0000000797d00000, 0x000000079e980000, 0x0000000800000000)
  eden space 62976K, 0% used [0x0000000797d00000,0x0000000797d00000,0x000000079ba80000)
  from space 21504K, 72% used [0x000000079d480000,0x000000079e3d11e8,0x000000079e980000)
  to   space 24064K, 0% used [0x000000079ba80000,0x000000079ba80000,0x000000079d200000)
 ParOldGen       total 175104K, used 21961K [0x00000006c7800000, 0x00000006d2300000, 0x0000000797d00000)
  object space 175104K, 12% used [0x00000006c7800000,0x00000006c8d72658,0x00000006d2300000)
 PSPermGen       total 48640K, used 48561K [0x00000006c2600000, 0x00000006c5580000, 0x00000006c7800000)
  object space 48640K, 99% used [0x00000006c2600000,0x00000006c556c608,0x00000006c5580000)
}
Event: 109.357 GC heap before
{Heap before GC invocations=7 (full 0):
 PSYoungGen      total 84480K, used 78660K [0x0000000797d00000, 0x000000079e980000, 0x0000000800000000)
  eden space 62976K, 100% used [0x0000000797d00000,0x000000079ba80000,0x000000079ba80000)
  from space 21504K, 72% used [0x000000079d480000,0x000000079e3d11e8,0x000000079e980000)
  to   space 24064K, 0% used [0x000000079ba80000,0x000000079ba80000,0x000000079d200000)
 ParOldGen       total 175104K, used 21961K [0x00000006c7800000, 0x00000006d2300000, 0x0000000797d00000)
  object space 175104K, 12% used [0x00000006c7800000,0x00000006c8d72658,0x00000006d2300000)
 PSPermGen       total 52224K, used 52036K [0x00000006c2600000, 0x00000006c5900000, 0x00000006c7800000)
  object space 52224K, 99% used [0x00000006c2600000,0x00000006c58d10a0,0x00000006c5900000)
Event: 109.368 GC heap after
Heap after GC invocations=7 (full 0):
 PSYoungGen      total 75776K, used 14168K [0x0000000797d00000, 0x000000079e600000, 0x0000000800000000)
  eden space 61440K, 0% used [0x0000000797d00000,0x0000000797d00000,0x000000079b900000)
  from space 14336K, 98% used [0x000000079ba80000,0x000000079c856128,0x000000079c880000)
  to   space 23040K, 0% used [0x000000079cf80000,0x000000079cf80000,0x000000079e600000)
 ParOldGen       total 175104K, used 25552K [0x00000006c7800000, 0x00000006d2300000, 0x0000000797d00000)
  object space 175104K, 14% used [0x00000006c7800000,0x00000006c90f43b8,0x00000006d2300000)
 PSPermGen       total 52224K, used 52036K [0x00000006c2600000, 0x00000006c5900000, 0x00000006c7800000)
  object space 52224K, 99% used [0x00000006c2600000,0x00000006c58d10a0,0x00000006c5900000)
}

