# JRE version: Java(TM) SE Runtime Environment (7.0_45-b18) (build 1.7.0_45-b18)
# Java VM: Java HotSpot(TM) 64-Bit Server VM (24.45-b08 mixed mode linux-amd64 compressed oops)
Heap
 PSYoungGen      total 132096K, used 64737K [0x0000000759500000, 0x0000000766d00000, 0x0000000800000000)
  eden space 126976K, 47% used [0x0000000759500000,0x000000075cf6ca18,0x0000000761100000)
  from space 5120K, 95% used [0x0000000761480000,0x000000076194bcb8,0x0000000761980000)
  to   space 47104K, 0% used [0x0000000763f00000,0x0000000763f00000,0x0000000766d00000)
 ParOldGen       total 332288K, used 225889K [0x000000060c000000, 0x0000000620480000, 0x0000000759500000)
  object space 332288K, 67% used [0x000000060c000000,0x0000000619c986e0,0x0000000620480000)
 PSPermGen       total 83968K, used 56560K [0x0000000606e00000, 0x000000060c000000, 0x000000060c000000)
  object space 83968K, 67% used [0x0000000606e00000,0x000000060a53c240,0x000000060c000000)
GC Heap History (10 events):
Event: 370.503 GC heap before
{Heap before GC invocations=25 (full 2):
 PSYoungGen      total 196608K, used 147928K [0x0000000759500000, 0x0000000769380000, 0x0000000800000000)
  eden space 142848K, 100% used [0x0000000759500000,0x0000000762080000,0x0000000762080000)
  from space 53760K, 9% used [0x0000000765f00000,0x00000007663f60f8,0x0000000769380000)
  to   space 58880K, 0% used [0x0000000762080000,0x0000000762080000,0x0000000765a00000)
 ParOldGen       total 332288K, used 225889K [0x000000060c000000, 0x0000000620480000, 0x0000000759500000)
  object space 332288K, 67% used [0x000000060c000000,0x0000000619c986e0,0x0000000620480000)
 PSPermGen       total 83968K, used 56434K [0x0000000606e00000, 0x000000060c000000, 0x000000060c000000)
  object space 83968K, 67% used [0x0000000606e00000,0x000000060a51c980,0x000000060c000000)
Event: 370.507 GC heap after
Heap after GC invocations=25 (full 2):
 PSYoungGen      total 201728K, used 4792K [0x0000000759500000, 0x000000076a580000, 0x0000000800000000)
  eden space 142848K, 0% used [0x0000000759500000,0x0000000759500000,0x0000000762080000)
  from space 58880K, 8% used [0x0000000762080000,0x000000076252e0f8,0x0000000765a00000)
  to   space 56320K, 0% used [0x0000000766e80000,0x0000000766e80000,0x000000076a580000)
 ParOldGen       total 332288K, used 225889K [0x000000060c000000, 0x0000000620480000, 0x0000000759500000)
  object space 332288K, 67% used [0x000000060c000000,0x0000000619c986e0,0x0000000620480000)
 PSPermGen       total 83968K, used 56434K [0x0000000606e00000, 0x000000060c000000, 0x000000060c000000)
  object space 83968K, 67% used [0x0000000606e00000,0x000000060a51c980,0x000000060c000000)
}
Event: 375.305 GC heap before
{Heap before GC invocations=26 (full 2):
 PSYoungGen      total 201728K, used 147640K [0x0000000759500000, 0x000000076a580000, 0x0000000800000000)
  eden space 142848K, 100% used [0x0000000759500000,0x0000000762080000,0x0000000762080000)
  from space 58880K, 8% used [0x0000000762080000,0x000000076252e0f8,0x0000000765a00000)
  to   space 56320K, 0% used [0x0000000766e80000,0x0000000766e80000,0x000000076a580000)
 ParOldGen       total 332288K, used 225889K [0x000000060c000000, 0x0000000620480000, 0x0000000759500000)
  object space 332288K, 67% used [0x000000060c000000,0x0000000619c986e0,0x0000000620480000)
 PSPermGen       total 83968K, used 56438K [0x0000000606e00000, 0x000000060c000000, 0x000000060c000000)
  object space 83968K, 67% used [0x0000000606e00000,0x000000060a51daa8,0x000000060c000000)
Event: 375.309 GC heap after
Heap after GC invocations=26 (full 2):
 PSYoungGen      total 163328K, used 4804K [0x0000000759500000, 0x0000000768680000, 0x0000000800000000)
  eden space 138752K, 0% used [0x0000000759500000,0x0000000759500000,0x0000000761c80000)
  from space 24576K, 19% used [0x0000000766e80000,0x0000000767331278,0x0000000768680000)
  to   space 54272K, 0% used [0x0000000761c80000,0x0000000761c80000,0x0000000765180000)
 ParOldGen       total 332288K, used 225889K [0x000000060c000000, 0x0000000620480000, 0x0000000759500000)
  object space 332288K, 67% used [0x000000060c000000,0x0000000619c986e0,0x0000000620480000)
 PSPermGen       total 83968K, used 56438K [0x0000000606e00000, 0x000000060c000000, 0x000000060c000000)
  object space 83968K, 67% used [0x0000000606e00000,0x000000060a51daa8,0x000000060c000000)
}
Event: 379.996 GC heap before
{Heap before GC invocations=27 (full 2):
 PSYoungGen      total 163328K, used 143556K [0x0000000759500000, 0x0000000768680000, 0x0000000800000000)
  eden space 138752K, 100% used [0x0000000759500000,0x0000000761c80000,0x0000000761c80000)
  from space 24576K, 19% used [0x0000000766e80000,0x0000000767331278,0x0000000768680000)
  to   space 54272K, 0% used [0x0000000761c80000,0x0000000761c80000,0x0000000765180000)
 ParOldGen       total 332288K, used 225889K [0x000000060c000000, 0x0000000620480000, 0x0000000759500000)
  object space 332288K, 67% used [0x000000060c000000,0x0000000619c986e0,0x0000000620480000)
 PSPermGen       total 83968K, used 56439K [0x0000000606e00000, 0x000000060c000000, 0x000000060c000000)
  object space 83968K, 67% used [0x0000000606e00000,0x000000060a51dd08,0x000000060c000000)
Event: 379.999 GC heap after
Heap after GC invocations=27 (full 2):
 PSYoungGen      total 139776K, used 4766K [0x0000000759500000, 0x0000000767d80000, 0x0000000800000000)
  eden space 134656K, 0% used [0x0000000759500000,0x0000000759500000,0x0000000761880000)
  from space 5120K, 93% used [0x0000000761c80000,0x00000007621278a0,0x0000000762180000)
  to   space 51712K, 0% used [0x0000000764b00000,0x0000000764b00000,0x0000000767d80000)
 ParOldGen       total 332288K, used 225889K [0x000000060c000000, 0x0000000620480000, 0x0000000759500000)
  object space 332288K, 67% used [0x000000060c000000,0x0000000619c986e0,0x0000000620480000)
 PSPermGen       total 83968K, used 56439K [0x0000000606e00000, 0x000000060c000000, 0x000000060c000000)
  object space 83968K, 67% used [0x0000000606e00000,0x000000060a51dd08,0x000000060c000000)
}
Event: 384.595 GC heap before
{Heap before GC invocations=28 (full 2):
 PSYoungGen      total 139776K, used 139422K [0x0000000759500000, 0x0000000767d80000, 0x0000000800000000)
  eden space 134656K, 100% used [0x0000000759500000,0x0000000761880000,0x0000000761880000)
  from space 5120K, 93% used [0x0000000761c80000,0x00000007621278a0,0x0000000762180000)
  to   space 51712K, 0% used [0x0000000764b00000,0x0000000764b00000,0x0000000767d80000)
 ParOldGen       total 332288K, used 225889K [0x000000060c000000, 0x0000000620480000, 0x0000000759500000)
  object space 332288K, 67% used [0x000000060c000000,0x0000000619c986e0,0x0000000620480000)
 PSPermGen       total 83968K, used 56443K [0x0000000606e00000, 0x000000060c000000, 0x000000060c000000)
  object space 83968K, 67% used [0x0000000606e00000,0x000000060a51ed38,0x000000060c000000)
Event: 384.599 GC heap after
Heap after GC invocations=28 (full 2):
 PSYoungGen      total 174080K, used 4879K [0x0000000759500000, 0x0000000767580000, 0x0000000800000000)
  eden space 130560K, 0% used [0x0000000759500000,0x0000000759500000,0x0000000761480000)
  from space 43520K, 11% used [0x0000000764b00000,0x0000000764fc3cb8,0x0000000767580000)
  to   space 49664K, 0% used [0x0000000761480000,0x0000000761480000,0x0000000764500000)
 ParOldGen       total 332288K, used 225889K [0x000000060c000000, 0x0000000620480000, 0x0000000759500000)
  object space 332288K, 67% used [0x000000060c000000,0x0000000619c986e0,0x0000000620480000)
 PSPermGen       total 83968K, used 56443K [0x0000000606e00000, 0x000000060c000000, 0x000000060c000000)
  object space 83968K, 67% used [0x0000000606e00000,0x000000060a51ed38,0x000000060c000000)
}
Event: 388.989 GC heap before
{Heap before GC invocations=29 (full 2):
 PSYoungGen      total 174080K, used 135439K [0x0000000759500000, 0x0000000767580000, 0x0000000800000000)
  eden space 130560K, 100% used [0x0000000759500000,0x0000000761480000,0x0000000761480000)
  from space 43520K, 11% used [0x0000000764b00000,0x0000000764fc3cb8,0x0000000767580000)
  to   space 49664K, 0% used [0x0000000761480000,0x0000000761480000,0x0000000764500000)
 ParOldGen       total 332288K, used 225889K [0x000000060c000000, 0x0000000620480000, 0x0000000759500000)
  object space 332288K, 67% used [0x000000060c000000,0x0000000619c986e0,0x0000000620480000)
 PSPermGen       total 83968K, used 56447K [0x0000000606e00000, 0x000000060c000000, 0x000000060c000000)
  object space 83968K, 67% used [0x0000000606e00000,0x000000060a51fe50,0x000000060c000000)
Event: 388.993 GC heap after
Heap after GC invocations=29 (full 2):
 PSYoungGen      total 132096K, used 4911K [0x0000000759500000, 0x0000000766d00000, 0x0000000800000000)
  eden space 126976K, 0% used [0x0000000759500000,0x0000000759500000,0x0000000761100000)
  from space 5120K, 95% used [0x0000000761480000,0x000000076194bcb8,0x0000000761980000)
  to   space 47104K, 0% used [0x0000000763f00000,0x0000000763f00000,0x0000000766d00000)
 ParOldGen       total 332288K, used 225889K [0x000000060c000000, 0x0000000620480000, 0x0000000759500000)
  object space 332288K, 67% used [0x000000060c000000,0x0000000619c986e0,0x0000000620480000)
 PSPermGen       total 83968K, used 56447K [0x0000000606e00000, 0x000000060c000000, 0x000000060c000000)
  object space 83968K, 67% used [0x0000000606e00000,0x000000060a51fe50,0x000000060c000000)
}

