# JRE version: Java(TM) SE Runtime Environment (7.0_45-b18) (build 1.7.0_45-b18)
# Java VM: Java HotSpot(TM) 64-Bit Server VM (24.45-b08 mixed mode linux-amd64 compressed oops)
Heap
 PSYoungGen      total 249856K, used 88075K [0x0000000797d00000, 0x00000007b4380000, 0x0000000800000000)
  eden space 240640K, 32% used [0x0000000797d00000,0x000000079ca39770,0x00000007a6800000)
  from space 9216K, 97% used [0x00000007b3a80000,0x00000007b4349880,0x00000007b4380000)
  to   space 54784K, 0% used [0x00000007ad880000,0x00000007ad880000,0x00000007b0e00000)
 ParOldGen       total 175104K, used 94037K [0x00000006c7800000, 0x00000006d2300000, 0x0000000797d00000)
  object space 175104K, 53% used [0x00000006c7800000,0x00000006cd3d5410,0x00000006d2300000)
 PSPermGen       total 52736K, used 52692K [0x00000006c2600000, 0x00000006c5980000, 0x00000006c7800000)
  object space 52736K, 99% used [0x00000006c2600000,0x00000006c5975018,0x00000006c5980000)
GC Heap History (10 events):
Event: 5.869 GC heap before
{Heap before GC invocations=6 (full 0):
 PSYoungGen      total 76800K, used 76790K [0x0000000797d00000, 0x00000007a4400000, 0x0000000800000000)
  eden space 66048K, 100% used [0x0000000797d00000,0x000000079bd80000,0x000000079bd80000)
  from space 10752K, 99% used [0x000000079bd80000,0x000000079c7fd8b8,0x000000079c800000)
  to   space 35840K, 0% used [0x00000007a2100000,0x00000007a2100000,0x00000007a4400000)
 ParOldGen       total 175104K, used 38060K [0x00000006c7800000, 0x00000006d2300000, 0x0000000797d00000)
  object space 175104K, 21% used [0x00000006c7800000,0x00000006c9d2b018,0x00000006d2300000)
 PSPermGen       total 45056K, used 44682K [0x00000006c2600000, 0x00000006c5200000, 0x00000006c7800000)
  object space 45056K, 99% used [0x00000006c2600000,0x00000006c51a29c0,0x00000006c5200000)
Event: 5.887 GC heap after
Heap after GC invocations=6 (full 0):
 PSYoungGen      total 166912K, used 20852K [0x0000000797d00000, 0x00000007a4300000, 0x0000000800000000)
  eden space 132096K, 0% used [0x0000000797d00000,0x0000000797d00000,0x000000079fe00000)
  from space 34816K, 59% used [0x00000007a2100000,0x00000007a355d288,0x00000007a4300000)
  to   space 35328K, 0% used [0x000000079fe00000,0x000000079fe00000,0x00000007a2080000)
 ParOldGen       total 175104K, used 38068K [0x00000006c7800000, 0x00000006d2300000, 0x0000000797d00000)
  object space 175104K, 21% used [0x00000006c7800000,0x00000006c9d2d018,0x00000006d2300000)
 PSPermGen       total 45056K, used 44682K [0x00000006c2600000, 0x00000006c5200000, 0x00000006c7800000)
  object space 45056K, 99% used [0x00000006c2600000,0x00000006c51a29c0,0x00000006c5200000)
}
Event: 12.425 GC heap before
{Heap before GC invocations=7 (full 0):
 PSYoungGen      total 166912K, used 152948K [0x0000000797d00000, 0x00000007a4300000, 0x0000000800000000)
  eden space 132096K, 100% used [0x0000000797d00000,0x000000079fe00000,0x000000079fe00000)
  from space 34816K, 59% used [0x00000007a2100000,0x00000007a355d288,0x00000007a4300000)
  to   space 35328K, 0% used [0x000000079fe00000,0x000000079fe00000,0x00000007a2080000)
 ParOldGen       total 175104K, used 38068K [0x00000006c7800000, 0x00000006d2300000, 0x0000000797d00000)
  object space 175104K, 21% used [0x00000006c7800000,0x00000006c9d2d018,0x00000006d2300000)
 PSPermGen       total 49664K, used 49504K [0x00000006c2600000, 0x00000006c5680000, 0x00000006c7800000)
  object space 49664K, 99% used [0x00000006c2600000,0x00000006c5658388,0x00000006c5680000)
Event: 12.446 GC heap after
Heap after GC invocations=7 (full 0):
 PSYoungGen      total 167424K, used 31056K [0x0000000797d00000, 0x00000007acc00000, 0x0000000800000000)
  eden space 132096K, 0% used [0x0000000797d00000,0x0000000797d00000,0x000000079fe00000)
  from space 35328K, 87% used [0x000000079fe00000,0x00000007a1c54120,0x00000007a2080000)
  to   space 39424K, 0% used [0x00000007aa580000,0x00000007aa580000,0x00000007acc00000)
 ParOldGen       total 175104K, used 41933K [0x00000006c7800000, 0x00000006d2300000, 0x0000000797d00000)
  object space 175104K, 23% used [0x00000006c7800000,0x00000006ca0f3410,0x00000006d2300000)
 PSPermGen       total 49664K, used 49504K [0x00000006c2600000, 0x00000006c5680000, 0x00000006c7800000)
  object space 49664K, 99% used [0x00000006c2600000,0x00000006c5658388,0x00000006c5680000)
}
Event: 18.212 GC heap before
{Heap before GC invocations=8 (full 0):
 PSYoungGen      total 167424K, used 163152K [0x0000000797d00000, 0x00000007acc00000, 0x0000000800000000)
  eden space 132096K, 100% used [0x0000000797d00000,0x000000079fe00000,0x000000079fe00000)
  from space 35328K, 87% used [0x000000079fe00000,0x00000007a1c54120,0x00000007a2080000)
  to   space 39424K, 0% used [0x00000007aa580000,0x00000007aa580000,0x00000007acc00000)
 ParOldGen       total 175104K, used 41933K [0x00000006c7800000, 0x00000006d2300000, 0x0000000797d00000)
  object space 175104K, 23% used [0x00000006c7800000,0x00000006ca0f3410,0x00000006d2300000)
 PSPermGen       total 51712K, used 51700K [0x00000006c2600000, 0x00000006c5880000, 0x00000006c7800000)
  object space 51712K, 99% used [0x00000006c2600000,0x00000006c587d280,0x00000006c5880000)
Event: 18.236 GC heap after
Heap after GC invocations=8 (full 0):
 PSYoungGen      total 289792K, used 39420K [0x0000000797d00000, 0x00000007ae700000, 0x0000000800000000)
  eden space 250368K, 0% used [0x0000000797d00000,0x0000000797d00000,0x00000007a7180000)
  from space 39424K, 99% used [0x00000007aa580000,0x00000007acbff048,0x00000007acc00000)
  to   space 53248K, 0% used [0x00000007a7180000,0x00000007a7180000,0x00000007aa580000)
 ParOldGen       total 175104K, used 58651K [0x00000006c7800000, 0x00000006d2300000, 0x0000000797d00000)
  object space 175104K, 33% used [0x00000006c7800000,0x00000006cb146ed0,0x00000006d2300000)
 PSPermGen       total 51712K, used 51700K [0x00000006c2600000, 0x00000006c5880000, 0x00000006c7800000)
  object space 51712K, 99% used [0x00000006c2600000,0x00000006c587d280,0x00000006c5880000)
}
Event: 78.817 GC heap before
{Heap before GC invocations=9 (full 0):
 PSYoungGen      total 289792K, used 289788K [0x0000000797d00000, 0x00000007ae700000, 0x0000000800000000)
  eden space 250368K, 100% used [0x0000000797d00000,0x00000007a7180000,0x00000007a7180000)
  from space 39424K, 99% used [0x00000007aa580000,0x00000007acbff048,0x00000007acc00000)
  to   space 53248K, 0% used [0x00000007a7180000,0x00000007a7180000,0x00000007aa580000)
 ParOldGen       total 175104K, used 58651K [0x00000006c7800000, 0x00000006d2300000, 0x0000000797d00000)
  object space 175104K, 33% used [0x00000006c7800000,0x00000006cb146ed0,0x00000006d2300000)
 PSPermGen       total 52224K, used 51986K [0x00000006c2600000, 0x00000006c5900000, 0x00000006c7800000)
  object space 52224K, 99% used [0x00000006c2600000,0x00000006c58c4858,0x00000006c5900000)
Event: 78.835 GC heap after
Heap after GC invocations=9 (full 0):
 PSYoungGen      total 303616K, used 37007K [0x0000000797d00000, 0x00000007b7080000, 0x0000000800000000)
  eden space 250368K, 0% used [0x0000000797d00000,0x0000000797d00000,0x00000007a7180000)
  from space 53248K, 69% used [0x00000007a7180000,0x00000007a95a3f88,0x00000007aa580000)
  to   space 55296K, 0% used [0x00000007b3a80000,0x00000007b3a80000,0x00000007b7080000)
 ParOldGen       total 175104K, used 67369K [0x00000006c7800000, 0x00000006d2300000, 0x0000000797d00000)
  object space 175104K, 38% used [0x00000006c7800000,0x00000006cb9ca428,0x00000006d2300000)
 PSPermGen       total 52224K, used 51986K [0x00000006c2600000, 0x00000006c5900000, 0x00000006c7800000)
  object space 52224K, 99% used [0x00000006c2600000,0x00000006c58c4858,0x00000006c5900000)
}
Event: 170.378 GC heap before
{Heap before GC invocations=10 (full 0):
 PSYoungGen      total 303616K, used 287375K [0x0000000797d00000, 0x00000007b7080000, 0x0000000800000000)
  eden space 250368K, 100% used [0x0000000797d00000,0x00000007a7180000,0x00000007a7180000)
  from space 53248K, 69% used [0x00000007a7180000,0x00000007a95a3f88,0x00000007aa580000)
  to   space 55296K, 0% used [0x00000007b3a80000,0x00000007b3a80000,0x00000007b7080000)
 ParOldGen       total 175104K, used 67369K [0x00000006c7800000, 0x00000006d2300000, 0x0000000797d00000)
  object space 175104K, 38% used [0x00000006c7800000,0x00000006cb9ca428,0x00000006d2300000)
 PSPermGen       total 52736K, used 52241K [0x00000006c2600000, 0x00000006c5980000, 0x00000006c7800000)
  object space 52736K, 99% used [0x00000006c2600000,0x00000006c5904798,0x00000006c5980000)
Event: 170.393 GC heap after
Heap after GC invocations=10 (full 0):
 PSYoungGen      total 249856K, used 8998K [0x0000000797d00000, 0x00000007b4380000, 0x0000000800000000)
  eden space 240640K, 0% used [0x0000000797d00000,0x0000000797d00000,0x00000007a6800000)
  from space 9216K, 97% used [0x00000007b3a80000,0x00000007b4349880,0x00000007b4380000)
  to   space 54784K, 0% used [0x00000007ad880000,0x00000007ad880000,0x00000007b0e00000)
 ParOldGen       total 175104K, used 94037K [0x00000006c7800000, 0x00000006d2300000, 0x0000000797d00000)
  object space 175104K, 53% used [0x00000006c7800000,0x00000006cd3d5410,0x00000006d2300000)
 PSPermGen       total 52736K, used 52241K [0x00000006c2600000, 0x00000006c5980000, 0x00000006c7800000)
  object space 52736K, 99% used [0x00000006c2600000,0x00000006c5904798,0x00000006c5980000)
}

