# JRE version: Java(TM) SE Runtime Environment (7.0_45-b18) (build 1.7.0_45-b18)
# Java VM: Java HotSpot(TM) 64-Bit Server VM (24.45-b08 mixed mode linux-amd64 compressed oops)
Heap
 PSYoungGen      total 87040K, used 39049K [0x0000000797d00000, 0x000000079d280000, 0x0000000800000000)
  eden space 86528K, 44% used [0x0000000797d00000,0x000000079a302720,0x000000079d180000)
  from space 512K, 25% used [0x000000079d180000,0x000000079d1a0000,0x000000079d200000)
  to   space 512K, 0% used [0x000000079d200000,0x000000079d200000,0x000000079d280000)
 ParOldGen       total 175104K, used 37619K [0x00000006c7800000, 0x00000006d2300000, 0x0000000797d00000)
  object space 175104K, 21% used [0x00000006c7800000,0x00000006c9cbcdf0,0x00000006d2300000)
 PSPermGen       total 54784K, used 54665K [0x00000006c2600000, 0x00000006c5b80000, 0x00000006c7800000)
  object space 54784K, 99% used [0x00000006c2600000,0x00000006c5b62538,0x00000006c5b80000)
GC Heap History (10 events):
Event: 69636.714 GC heap before
{Heap before GC invocations=209 (full 0):
 PSYoungGen      total 87040K, used 86688K [0x0000000797d00000, 0x000000079d280000, 0x0000000800000000)
  eden space 86528K, 100% used [0x0000000797d00000,0x000000079d180000,0x000000079d180000)
  from space 512K, 31% used [0x000000079d200000,0x000000079d228000,0x000000079d280000)
  to   space 512K, 0% used [0x000000079d180000,0x000000079d180000,0x000000079d200000)
 ParOldGen       total 175104K, used 37571K [0x00000006c7800000, 0x00000006d2300000, 0x0000000797d00000)
  object space 175104K, 21% used [0x00000006c7800000,0x00000006c9cb0df0,0x00000006d2300000)
 PSPermGen       total 54784K, used 54619K [0x00000006c2600000, 0x00000006c5b80000, 0x00000006c7800000)
  object space 54784K, 99% used [0x00000006c2600000,0x00000006c5b56f30,0x00000006c5b80000)
Event: 69636.716 GC heap after
Heap after GC invocations=209 (full 0):
 PSYoungGen      total 87040K, used 224K [0x0000000797d00000, 0x000000079d280000, 0x0000000800000000)
  eden space 86528K, 0% used [0x0000000797d00000,0x0000000797d00000,0x000000079d180000)
  from space 512K, 43% used [0x000000079d180000,0x000000079d1b8000,0x000000079d200000)
  to   space 512K, 0% used [0x000000079d200000,0x000000079d200000,0x000000079d280000)
 ParOldGen       total 175104K, used 37571K [0x00000006c7800000, 0x00000006d2300000, 0x0000000797d00000)
  object space 175104K, 21% used [0x00000006c7800000,0x00000006c9cb0df0,0x00000006d2300000)
 PSPermGen       total 54784K, used 54619K [0x00000006c2600000, 0x00000006c5b80000, 0x00000006c7800000)
  object space 54784K, 99% used [0x00000006c2600000,0x00000006c5b56f30,0x00000006c5b80000)
}
Event: 69997.026 GC heap before
{Heap before GC invocations=210 (full 0):
 PSYoungGen      total 87040K, used 86752K [0x0000000797d00000, 0x000000079d280000, 0x0000000800000000)
  eden space 86528K, 100% used [0x0000000797d00000,0x000000079d180000,0x000000079d180000)
  from space 512K, 43% used [0x000000079d180000,0x000000079d1b8000,0x000000079d200000)
  to   space 512K, 0% used [0x000000079d200000,0x000000079d200000,0x000000079d280000)
 ParOldGen       total 175104K, used 37571K [0x00000006c7800000, 0x00000006d2300000, 0x0000000797d00000)
  object space 175104K, 21% used [0x00000006c7800000,0x00000006c9cb0df0,0x00000006d2300000)
 PSPermGen       total 54784K, used 54619K [0x00000006c2600000, 0x00000006c5b80000, 0x00000006c7800000)
  object space 54784K, 99% used [0x00000006c2600000,0x00000006c5b56f30,0x00000006c5b80000)
Event: 69997.028 GC heap after
Heap after GC invocations=210 (full 0):
 PSYoungGen      total 87040K, used 224K [0x0000000797d00000, 0x000000079d280000, 0x0000000800000000)
  eden space 86528K, 0% used [0x0000000797d00000,0x0000000797d00000,0x000000079d180000)
  from space 512K, 43% used [0x000000079d200000,0x000000079d238000,0x000000079d280000)
  to   space 512K, 0% used [0x000000079d180000,0x000000079d180000,0x000000079d200000)
 ParOldGen       total 175104K, used 37571K [0x00000006c7800000, 0x00000006d2300000, 0x0000000797d00000)
  object space 175104K, 21% used [0x00000006c7800000,0x00000006c9cb0df0,0x00000006d2300000)
 PSPermGen       total 54784K, used 54619K [0x00000006c2600000, 0x00000006c5b80000, 0x00000006c7800000)
  object space 54784K, 99% used [0x00000006c2600000,0x00000006c5b56f30,0x00000006c5b80000)
}
Event: 70373.378 GC heap before
{Heap before GC invocations=211 (full 0):
 PSYoungGen      total 87040K, used 86752K [0x0000000797d00000, 0x000000079d280000, 0x0000000800000000)
  eden space 86528K, 100% used [0x0000000797d00000,0x000000079d180000,0x000000079d180000)
  from space 512K, 43% used [0x000000079d200000,0x000000079d238000,0x000000079d280000)
  to   space 512K, 0% used [0x000000079d180000,0x000000079d180000,0x000000079d200000)
 ParOldGen       total 175104K, used 37571K [0x00000006c7800000, 0x00000006d2300000, 0x0000000797d00000)
  object space 175104K, 21% used [0x00000006c7800000,0x00000006c9cb0df0,0x00000006d2300000)
 PSPermGen       total 54784K, used 54619K [0x00000006c2600000, 0x00000006c5b80000, 0x00000006c7800000)
  object space 54784K, 99% used [0x00000006c2600000,0x00000006c5b56f30,0x00000006c5b80000)
Event: 70373.380 GC heap after
Heap after GC invocations=211 (full 0):
 PSYoungGen      total 87040K, used 160K [0x0000000797d00000, 0x000000079d280000, 0x0000000800000000)
  eden space 86528K, 0% used [0x0000000797d00000,0x0000000797d00000,0x000000079d180000)
  from space 512K, 31% used [0x000000079d180000,0x000000079d1a8000,0x000000079d200000)
  to   space 512K, 0% used [0x000000079d200000,0x000000079d200000,0x000000079d280000)
 ParOldGen       total 175104K, used 37619K [0x00000006c7800000, 0x00000006d2300000, 0x0000000797d00000)
  object space 175104K, 21% used [0x00000006c7800000,0x00000006c9cbcdf0,0x00000006d2300000)
 PSPermGen       total 54784K, used 54619K [0x00000006c2600000, 0x00000006c5b80000, 0x00000006c7800000)
  object space 54784K, 99% used [0x00000006c2600000,0x00000006c5b56f30,0x00000006c5b80000)
}
Event: 70752.460 GC heap before
{Heap before GC invocations=212 (full 0):
 PSYoungGen      total 87040K, used 86688K [0x0000000797d00000, 0x000000079d280000, 0x0000000800000000)
  eden space 86528K, 100% used [0x0000000797d00000,0x000000079d180000,0x000000079d180000)
  from space 512K, 31% used [0x000000079d180000,0x000000079d1a8000,0x000000079d200000)
  to   space 512K, 0% used [0x000000079d200000,0x000000079d200000,0x000000079d280000)
 ParOldGen       total 175104K, used 37619K [0x00000006c7800000, 0x00000006d2300000, 0x0000000797d00000)
  object space 175104K, 21% used [0x00000006c7800000,0x00000006c9cbcdf0,0x00000006d2300000)
 PSPermGen       total 54784K, used 54619K [0x00000006c2600000, 0x00000006c5b80000, 0x00000006c7800000)
  object space 54784K, 99% used [0x00000006c2600000,0x00000006c5b56f30,0x00000006c5b80000)
Event: 70752.462 GC heap after
Heap after GC invocations=212 (full 0):
 PSYoungGen      total 87040K, used 128K [0x0000000797d00000, 0x000000079d280000, 0x0000000800000000)
  eden space 86528K, 0% used [0x0000000797d00000,0x0000000797d00000,0x000000079d180000)
  from space 512K, 25% used [0x000000079d200000,0x000000079d220000,0x000000079d280000)
  to   space 512K, 0% used [0x000000079d180000,0x000000079d180000,0x000000079d200000)
 ParOldGen       total 175104K, used 37619K [0x00000006c7800000, 0x00000006d2300000, 0x0000000797d00000)
  object space 175104K, 21% used [0x00000006c7800000,0x00000006c9cbcdf0,0x00000006d2300000)
 PSPermGen       total 54784K, used 54619K [0x00000006c2600000, 0x00000006c5b80000, 0x00000006c7800000)
  object space 54784K, 99% used [0x00000006c2600000,0x00000006c5b56f30,0x00000006c5b80000)
}
Event: 71126.681 GC heap before
{Heap before GC invocations=213 (full 0):
 PSYoungGen      total 87040K, used 86656K [0x0000000797d00000, 0x000000079d280000, 0x0000000800000000)
  eden space 86528K, 100% used [0x0000000797d00000,0x000000079d180000,0x000000079d180000)
  from space 512K, 25% used [0x000000079d200000,0x000000079d220000,0x000000079d280000)
  to   space 512K, 0% used [0x000000079d180000,0x000000079d180000,0x000000079d200000)
 ParOldGen       total 175104K, used 37619K [0x00000006c7800000, 0x00000006d2300000, 0x0000000797d00000)
  object space 175104K, 21% used [0x00000006c7800000,0x00000006c9cbcdf0,0x00000006d2300000)
 PSPermGen       total 54784K, used 54619K [0x00000006c2600000, 0x00000006c5b80000, 0x00000006c7800000)
  object space 54784K, 99% used [0x00000006c2600000,0x00000006c5b56f30,0x00000006c5b80000)
Event: 71126.683 GC heap after
Heap after GC invocations=213 (full 0):
 PSYoungGen      total 87040K, used 128K [0x0000000797d00000, 0x000000079d280000, 0x0000000800000000)
  eden space 86528K, 0% used [0x0000000797d00000,0x0000000797d00000,0x000000079d180000)
  from space 512K, 25% used [0x000000079d180000,0x000000079d1a0000,0x000000079d200000)
  to   space 512K, 0% used [0x000000079d200000,0x000000079d200000,0x000000079d280000)
 ParOldGen       total 175104K, used 37619K [0x00000006c7800000, 0x00000006d2300000, 0x0000000797d00000)
  object space 175104K, 21% used [0x00000006c7800000,0x00000006c9cbcdf0,0x00000006d2300000)
 PSPermGen       total 54784K, used 54619K [0x00000006c2600000, 0x00000006c5b80000, 0x00000006c7800000)
  object space 54784K, 99% used [0x00000006c2600000,0x00000006c5b56f30,0x00000006c5b80000)
}

