# JRE version: Java(TM) SE Runtime Environment (7.0_45-b18) (build 1.7.0_45-b18)
# Java VM: Java HotSpot(TM) 64-Bit Server VM (24.45-b08 mixed mode linux-amd64 compressed oops)
Heap
 PSYoungGen      total 76288K, used 75900K [0x0000000759500000, 0x0000000760000000, 0x0000000800000000)
  eden space 61440K, 99% used [0x0000000759500000,0x000000075d0d19b0,0x000000075d100000)
  from space 14848K, 98% used [0x000000075d200000,0x000000075e04da28,0x000000075e080000)
  to   space 24064K, 0% used [0x000000075e880000,0x000000075e880000,0x0000000760000000)
 ParOldGen       total 175104K, used 21425K [0x000000060c000000, 0x0000000616b00000, 0x0000000759500000)
  object space 175104K, 12% used [0x000000060c000000,0x000000060d4ec7f0,0x0000000616b00000)
 PSPermGen       total 54272K, used 54221K [0x0000000606e00000, 0x000000060a300000, 0x000000060c000000)
  object space 54272K, 99% used [0x0000000606e00000,0x000000060a2f36d8,0x000000060a300000)
GC Heap History (10 events):
Event: 3.880 GC heap before
{Heap before GC invocations=3 (full 0):
 PSYoungGen      total 76800K, used 75415K [0x0000000759500000, 0x000000075ea80000, 0x0000000800000000)
  eden space 66048K, 100% used [0x0000000759500000,0x000000075d580000,0x000000075d580000)
  from space 10752K, 87% used [0x000000075e000000,0x000000075e925ea0,0x000000075ea80000)
  to   space 10752K, 0% used [0x000000075d580000,0x000000075d580000,0x000000075e000000)
 ParOldGen       total 175104K, used 80K [0x000000060c000000, 0x0000000616b00000, 0x0000000759500000)
  object space 175104K, 0% used [0x000000060c000000,0x000000060c014010,0x0000000616b00000)
 PSPermGen       total 33280K, used 32926K [0x0000000606e00000, 0x0000000608e80000, 0x000000060c000000)
  object space 33280K, 98% used [0x0000000606e00000,0x0000000608e279a8,0x0000000608e80000)
Event: 3.890 GC heap after
Heap after GC invocations=3 (full 0):
 PSYoungGen      total 76800K, used 10737K [0x0000000759500000, 0x000000075ea80000, 0x0000000800000000)
  eden space 66048K, 0% used [0x0000000759500000,0x0000000759500000,0x000000075d580000)
  from space 10752K, 99% used [0x000000075d580000,0x000000075dffc4a0,0x000000075e000000)
  to   space 10752K, 0% used [0x000000075e000000,0x000000075e000000,0x000000075ea80000)
 ParOldGen       total 175104K, used 6066K [0x000000060c000000, 0x0000000616b00000, 0x0000000759500000)
  object space 175104K, 3% used [0x000000060c000000,0x000000060c5ec898,0x0000000616b00000)
 PSPermGen       total 33280K, used 32926K [0x0000000606e00000, 0x0000000608e80000, 0x000000060c000000)
  object space 33280K, 98% used [0x0000000606e00000,0x0000000608e279a8,0x0000000608e80000)
}
Event: 20.303 GC heap before
{Heap before GC invocations=4 (full 0):
 PSYoungGen      total 76800K, used 76785K [0x0000000759500000, 0x000000075ea80000, 0x0000000800000000)
  eden space 66048K, 100% used [0x0000000759500000,0x000000075d580000,0x000000075d580000)
  from space 10752K, 99% used [0x000000075d580000,0x000000075dffc4a0,0x000000075e000000)
  to   space 10752K, 0% used [0x000000075e000000,0x000000075e000000,0x000000075ea80000)
 ParOldGen       total 175104K, used 6066K [0x000000060c000000, 0x0000000616b00000, 0x0000000759500000)
  object space 175104K, 3% used [0x000000060c000000,0x000000060c5ec898,0x0000000616b00000)
 PSPermGen       total 34816K, used 34415K [0x0000000606e00000, 0x0000000609000000, 0x000000060c000000)
  object space 34816K, 98% used [0x0000000606e00000,0x0000000608f9be08,0x0000000609000000)
Event: 20.310 GC heap after
Heap after GC invocations=4 (full 0):
 PSYoungGen      total 76800K, used 10747K [0x0000000759500000, 0x000000075ea80000, 0x0000000800000000)
  eden space 66048K, 0% used [0x0000000759500000,0x0000000759500000,0x000000075d580000)
  from space 10752K, 99% used [0x000000075e000000,0x000000075ea7ee88,0x000000075ea80000)
  to   space 10752K, 0% used [0x000000075d580000,0x000000075d580000,0x000000075e000000)
 ParOldGen       total 175104K, used 9620K [0x000000060c000000, 0x0000000616b00000, 0x0000000759500000)
  object space 175104K, 5% used [0x000000060c000000,0x000000060c9652c0,0x0000000616b00000)
 PSPermGen       total 34816K, used 34415K [0x0000000606e00000, 0x0000000609000000, 0x000000060c000000)
  object space 34816K, 98% used [0x0000000606e00000,0x0000000608f9be08,0x0000000609000000)
}
Event: 25.898 GC heap before
{Heap before GC invocations=5 (full 0):
 PSYoungGen      total 76800K, used 76795K [0x0000000759500000, 0x000000075ea80000, 0x0000000800000000)
  eden space 66048K, 100% used [0x0000000759500000,0x000000075d580000,0x000000075d580000)
  from space 10752K, 99% used [0x000000075e000000,0x000000075ea7ee88,0x000000075ea80000)
  to   space 10752K, 0% used [0x000000075d580000,0x000000075d580000,0x000000075e000000)
 ParOldGen       total 175104K, used 9620K [0x000000060c000000, 0x0000000616b00000, 0x0000000759500000)
  object space 175104K, 5% used [0x000000060c000000,0x000000060c9652c0,0x0000000616b00000)
 PSPermGen       total 43520K, used 43272K [0x0000000606e00000, 0x0000000609880000, 0x000000060c000000)
  object space 43520K, 99% used [0x0000000606e00000,0x00000006098423f0,0x0000000609880000)
Event: 25.909 GC heap after
Heap after GC invocations=5 (full 0):
 PSYoungGen      total 75264K, used 10751K [0x0000000759500000, 0x0000000760100000, 0x0000000800000000)
  eden space 64512K, 0% used [0x0000000759500000,0x0000000759500000,0x000000075d400000)
  from space 10752K, 99% used [0x000000075d580000,0x000000075dfffd00,0x000000075e000000)
  to   space 23040K, 0% used [0x000000075ea80000,0x000000075ea80000,0x0000000760100000)
 ParOldGen       total 175104K, used 17560K [0x000000060c000000, 0x0000000616b00000, 0x0000000759500000)
  object space 175104K, 10% used [0x000000060c000000,0x000000060d126170,0x0000000616b00000)
 PSPermGen       total 43520K, used 43272K [0x0000000606e00000, 0x0000000609880000, 0x000000060c000000)
  object space 43520K, 99% used [0x0000000606e00000,0x00000006098423f0,0x0000000609880000)
}
Event: 28.915 GC heap before
{Heap before GC invocations=6 (full 0):
 PSYoungGen      total 75264K, used 75263K [0x0000000759500000, 0x0000000760100000, 0x0000000800000000)
  eden space 64512K, 100% used [0x0000000759500000,0x000000075d400000,0x000000075d400000)
  from space 10752K, 99% used [0x000000075d580000,0x000000075dfffd00,0x000000075e000000)
  to   space 23040K, 0% used [0x000000075ea80000,0x000000075ea80000,0x0000000760100000)
 ParOldGen       total 175104K, used 17560K [0x000000060c000000, 0x0000000616b00000, 0x0000000759500000)
  object space 175104K, 10% used [0x000000060c000000,0x000000060d126170,0x0000000616b00000)
 PSPermGen       total 49664K, used 49549K [0x0000000606e00000, 0x0000000609e80000, 0x000000060c000000)
  object space 49664K, 99% used [0x0000000606e00000,0x0000000609e63760,0x0000000609e80000)
Event: 28.926 GC heap after
Heap after GC invocations=6 (full 0):
 PSYoungGen      total 85504K, used 18869K [0x0000000759500000, 0x0000000760380000, 0x0000000800000000)
  eden space 62464K, 0% used [0x0000000759500000,0x0000000759500000,0x000000075d200000)
  from space 23040K, 81% used [0x000000075ea80000,0x000000075fced7d8,0x0000000760100000)
  to   space 25088K, 0% used [0x000000075d200000,0x000000075d200000,0x000000075ea80000)
 ParOldGen       total 175104K, used 17568K [0x000000060c000000, 0x0000000616b00000, 0x0000000759500000)
  object space 175104K, 10% used [0x000000060c000000,0x000000060d128170,0x0000000616b00000)
 PSPermGen       total 49664K, used 49549K [0x0000000606e00000, 0x0000000609e80000, 0x000000060c000000)
  object space 49664K, 99% used [0x0000000606e00000,0x0000000609e63760,0x0000000609e80000)
}
Event: 32.656 GC heap before
{Heap before GC invocations=7 (full 0):
 PSYoungGen      total 85504K, used 79904K [0x0000000759500000, 0x0000000760380000, 0x0000000800000000)
  eden space 62464K, 97% used [0x0000000759500000,0x000000075d09ab00,0x000000075d200000)
  from space 23040K, 81% used [0x000000075ea80000,0x000000075fced7d8,0x0000000760100000)
  to   space 25088K, 0% used [0x000000075d200000,0x000000075d200000,0x000000075ea80000)
 ParOldGen       total 175104K, used 17568K [0x000000060c000000, 0x0000000616b00000, 0x0000000759500000)
  object space 175104K, 10% used [0x000000060c000000,0x000000060d128170,0x0000000616b00000)
 PSPermGen       total 52224K, used 51985K [0x0000000606e00000, 0x000000060a100000, 0x000000060c000000)
  object space 52224K, 99% used [0x0000000606e00000,0x000000060a0c4618,0x000000060a100000)
Event: 32.667 GC heap after
Heap after GC invocations=7 (full 0):
 PSYoungGen      total 76288K, used 14646K [0x0000000759500000, 0x0000000760000000, 0x0000000800000000)
  eden space 61440K, 0% used [0x0000000759500000,0x0000000759500000,0x000000075d100000)
  from space 14848K, 98% used [0x000000075d200000,0x000000075e04da28,0x000000075e080000)
  to   space 24064K, 0% used [0x000000075e880000,0x000000075e880000,0x0000000760000000)
 ParOldGen       total 175104K, used 21425K [0x000000060c000000, 0x0000000616b00000, 0x0000000759500000)
  object space 175104K, 12% used [0x000000060c000000,0x000000060d4ec7f0,0x0000000616b00000)
 PSPermGen       total 52224K, used 51985K [0x0000000606e00000, 0x000000060a100000, 0x000000060c000000)
  object space 52224K, 99% used [0x0000000606e00000,0x000000060a0c4618,0x000000060a100000)
}

