# JRE version: Java(TM) SE Runtime Environment (7.0_45-b18) (build 1.7.0_45-b18)
# Java VM: Java HotSpot(TM) 64-Bit Server VM (24.45-b08 mixed mode linux-amd64 compressed oops)
Heap
 PSYoungGen      total 171520K, used 4633K [0x0000000797d00000, 0x00000007a4c80000, 0x0000000800000000)
  eden space 138752K, 2% used [0x0000000797d00000,0x000000079806e598,0x00000007a0480000)
  from space 32768K, 3% used [0x00000007a2c80000,0x00000007a2d98000,0x00000007a4c80000)
  to   space 36864K, 0% used [0x00000007a0480000,0x00000007a0480000,0x00000007a2880000)
 ParOldGen       total 175104K, used 96509K [0x00000006c7800000, 0x00000006d2300000, 0x0000000797d00000)
  object space 175104K, 55% used [0x00000006c7800000,0x00000006cd63f470,0x00000006d2300000)
 PSPermGen       total 55296K, used 55160K [0x00000006c2600000, 0x00000006c5c00000, 0x00000006c7800000)
  object space 55296K, 99% used [0x00000006c2600000,0x00000006c5bde390,0x00000006c5c00000)
GC Heap History (10 events):
Event: 89.660 GC heap before
{Heap before GC invocations=10 (full 0):
 PSYoungGen      total 89088K, used 89068K [0x0000000797d00000, 0x00000007a2080000, 0x0000000800000000)
  eden space 57856K, 100% used [0x0000000797d00000,0x000000079b580000,0x000000079b580000)
  from space 31232K, 99% used [0x000000079b580000,0x000000079d3fb020,0x000000079d400000)
  to   space 37376K, 0% used [0x000000079fc00000,0x000000079fc00000,0x00000007a2080000)
 ParOldGen       total 175104K, used 28081K [0x00000006c7800000, 0x00000006d2300000, 0x0000000797d00000)
  object space 175104K, 16% used [0x00000006c7800000,0x00000006c936c5e0,0x00000006d2300000)
 PSPermGen       total 48128K, used 47930K [0x00000006c2600000, 0x00000006c5500000, 0x00000006c7800000)
  object space 48128K, 99% used [0x00000006c2600000,0x00000006c54ceb68,0x00000006c5500000)
Event: 89.676 GC heap after
Heap after GC invocations=10 (full 0):
 PSYoungGen      total 128000K, used 12928K [0x0000000797d00000, 0x00000007a1e80000, 0x0000000800000000)
  eden space 92672K, 0% used [0x0000000797d00000,0x0000000797d00000,0x000000079d780000)
  from space 35328K, 36% used [0x000000079fc00000,0x00000007a08a0040,0x00000007a1e80000)
  to   space 36352K, 0% used [0x000000079d780000,0x000000079d780000,0x000000079fb00000)
 ParOldGen       total 175104K, used 48630K [0x00000006c7800000, 0x00000006d2300000, 0x0000000797d00000)
  object space 175104K, 27% used [0x00000006c7800000,0x00000006ca77d860,0x00000006d2300000)
 PSPermGen       total 48128K, used 47930K [0x00000006c2600000, 0x00000006c5500000, 0x00000006c7800000)
  object space 48128K, 99% used [0x00000006c2600000,0x00000006c54ceb68,0x00000006c5500000)
}
Event: 94.417 GC heap before
{Heap before GC invocations=11 (full 0):
 PSYoungGen      total 128000K, used 105600K [0x0000000797d00000, 0x00000007a1e80000, 0x0000000800000000)
  eden space 92672K, 100% used [0x0000000797d00000,0x000000079d780000,0x000000079d780000)
  from space 35328K, 36% used [0x000000079fc00000,0x00000007a08a0040,0x00000007a1e80000)
  to   space 36352K, 0% used [0x000000079d780000,0x000000079d780000,0x000000079fb00000)
 ParOldGen       total 175104K, used 48630K [0x00000006c7800000, 0x00000006d2300000, 0x0000000797d00000)
  object space 175104K, 27% used [0x00000006c7800000,0x00000006ca77d860,0x00000006d2300000)
 PSPermGen       total 48128K, used 47980K [0x00000006c2600000, 0x00000006c5500000, 0x00000006c7800000)
  object space 48128K, 99% used [0x00000006c2600000,0x00000006c54db328,0x00000006c5500000)
Event: 94.432 GC heap after
Heap after GC invocations=11 (full 0):
 PSYoungGen      total 129024K, used 24910K [0x0000000797d00000, 0x00000007a5600000, 0x0000000800000000)
  eden space 92672K, 0% used [0x0000000797d00000,0x0000000797d00000,0x000000079d780000)
  from space 36352K, 68% used [0x000000079d780000,0x000000079efd3b10,0x000000079fb00000)
  to   space 36864K, 0% used [0x00000007a3200000,0x00000007a3200000,0x00000007a5600000)
 ParOldGen       total 175104K, used 59685K [0x00000006c7800000, 0x00000006d2300000, 0x0000000797d00000)
  object space 175104K, 34% used [0x00000006c7800000,0x00000006cb249540,0x00000006d2300000)
 PSPermGen       total 48128K, used 47980K [0x00000006c2600000, 0x00000006c5500000, 0x00000006c7800000)
  object space 48128K, 99% used [0x00000006c2600000,0x00000006c54db328,0x00000006c5500000)
}
Event: 105.250 GC heap before
{Heap before GC invocations=12 (full 0):
 PSYoungGen      total 129024K, used 117582K [0x0000000797d00000, 0x00000007a5600000, 0x0000000800000000)
  eden space 92672K, 100% used [0x0000000797d00000,0x000000079d780000,0x000000079d780000)
  from space 36352K, 68% used [0x000000079d780000,0x000000079efd3b10,0x000000079fb00000)
  to   space 36864K, 0% used [0x00000007a3200000,0x00000007a3200000,0x00000007a5600000)
 ParOldGen       total 175104K, used 59685K [0x00000006c7800000, 0x00000006d2300000, 0x0000000797d00000)
  object space 175104K, 34% used [0x00000006c7800000,0x00000006cb249540,0x00000006d2300000)
 PSPermGen       total 53248K, used 52973K [0x00000006c2600000, 0x00000006c5a00000, 0x00000006c7800000)
  object space 53248K, 99% used [0x00000006c2600000,0x00000006c59bb678,0x00000006c5a00000)
Event: 105.262 GC heap after
Heap after GC invocations=12 (full 0):
 PSYoungGen      total 184832K, used 6329K [0x0000000797d00000, 0x00000007a5700000, 0x0000000800000000)
  eden space 147968K, 0% used [0x0000000797d00000,0x0000000797d00000,0x00000007a0d80000)
  from space 36864K, 17% used [0x00000007a3200000,0x00000007a382e518,0x00000007a5600000)
  to   space 37376K, 0% used [0x00000007a0d80000,0x00000007a0d80000,0x00000007a3200000)
 ParOldGen       total 175104K, used 81948K [0x00000006c7800000, 0x00000006d2300000, 0x0000000797d00000)
  object space 175104K, 46% used [0x00000006c7800000,0x00000006cc8072e8,0x00000006d2300000)
 PSPermGen       total 53248K, used 52973K [0x00000006c2600000, 0x00000006c5a00000, 0x00000006c7800000)
  object space 53248K, 99% used [0x00000006c2600000,0x00000006c59bb678,0x00000006c5a00000)
}
Event: 160.958 GC heap before
{Heap before GC invocations=13 (full 0):
 PSYoungGen      total 184832K, used 154297K [0x0000000797d00000, 0x00000007a5700000, 0x0000000800000000)
  eden space 147968K, 100% used [0x0000000797d00000,0x00000007a0d80000,0x00000007a0d80000)
  from space 36864K, 17% used [0x00000007a3200000,0x00000007a382e518,0x00000007a5600000)
  to   space 37376K, 0% used [0x00000007a0d80000,0x00000007a0d80000,0x00000007a3200000)
 ParOldGen       total 175104K, used 81948K [0x00000006c7800000, 0x00000006d2300000, 0x0000000797d00000)
  object space 175104K, 46% used [0x00000006c7800000,0x00000006cc8072e8,0x00000006d2300000)
 PSPermGen       total 55296K, used 55023K [0x00000006c2600000, 0x00000006c5c00000, 0x00000006c7800000)
  object space 55296K, 99% used [0x00000006c2600000,0x00000006c5bbbef8,0x00000006c5c00000)
Event: 160.966 GC heap after
Heap after GC invocations=13 (full 0):
 PSYoungGen      total 155648K, used 11782K [0x0000000797d00000, 0x00000007a5000000, 0x0000000800000000)
  eden space 143360K, 0% used [0x0000000797d00000,0x0000000797d00000,0x00000007a0900000)
  from space 12288K, 95% used [0x00000007a0d80000,0x00000007a1901b08,0x00000007a1980000)
  to   space 36352K, 0% used [0x00000007a2c80000,0x00000007a2c80000,0x00000007a5000000)
 ParOldGen       total 175104K, used 86806K [0x00000006c7800000, 0x00000006d2300000, 0x0000000797d00000)
  object space 175104K, 49% used [0x00000006c7800000,0x00000006cccc5a90,0x00000006d2300000)
 PSPermGen       total 55296K, used 55023K [0x00000006c2600000, 0x00000006c5c00000, 0x00000006c7800000)
  object space 55296K, 99% used [0x00000006c2600000,0x00000006c5bbbef8,0x00000006c5c00000)
}
Event: 442.586 GC heap before
{Heap before GC invocations=14 (full 0):
 PSYoungGen      total 155648K, used 155142K [0x0000000797d00000, 0x00000007a5000000, 0x0000000800000000)
  eden space 143360K, 100% used [0x0000000797d00000,0x00000007a0900000,0x00000007a0900000)
  from space 12288K, 95% used [0x00000007a0d80000,0x00000007a1901b08,0x00000007a1980000)
  to   space 36352K, 0% used [0x00000007a2c80000,0x00000007a2c80000,0x00000007a5000000)
 ParOldGen       total 175104K, used 86806K [0x00000006c7800000, 0x00000006d2300000, 0x0000000797d00000)
  object space 175104K, 49% used [0x00000006c7800000,0x00000006cccc5a90,0x00000006d2300000)
 PSPermGen       total 55296K, used 55148K [0x00000006c2600000, 0x00000006c5c00000, 0x00000006c7800000)
  object space 55296K, 99% used [0x00000006c2600000,0x00000006c5bdb208,0x00000006c5c00000)
Event: 442.594 GC heap after
Heap after GC invocations=14 (full 0):
 PSYoungGen      total 171520K, used 1120K [0x0000000797d00000, 0x00000007a4c80000, 0x0000000800000000)
  eden space 138752K, 0% used [0x0000000797d00000,0x0000000797d00000,0x00000007a0480000)
  from space 32768K, 3% used [0x00000007a2c80000,0x00000007a2d98000,0x00000007a4c80000)
  to   space 36864K, 0% used [0x00000007a0480000,0x00000007a0480000,0x00000007a2880000)
 ParOldGen       total 175104K, used 96509K [0x00000006c7800000, 0x00000006d2300000, 0x0000000797d00000)
  object space 175104K, 55% used [0x00000006c7800000,0x00000006cd63f470,0x00000006d2300000)
 PSPermGen       total 55296K, used 55148K [0x00000006c2600000, 0x00000006c5c00000, 0x00000006c7800000)
  object space 55296K, 99% used [0x00000006c2600000,0x00000006c5bdb208,0x00000006c5c00000)
}

