# JRE version: Java(TM) SE Runtime Environment (7.0_45-b18) (build 1.7.0_45-b18)
# Java VM: Java HotSpot(TM) 64-Bit Server VM (24.45-b08 mixed mode linux-amd64 compressed oops)
Heap
 PSYoungGen      total 149504K, used 6718K [0x0000000797d00000, 0x00000007a4500000, 0x0000000800000000)
  eden space 100352K, 5% used [0x0000000797d00000,0x000000079827fb08,0x000000079df00000)
  from space 49152K, 2% used [0x00000007a1500000,0x00000007a1610000,0x00000007a4500000)
  to   space 52224K, 0% used [0x000000079df00000,0x000000079df00000,0x00000007a1200000)
 ParOldGen       total 175104K, used 93089K [0x00000006c7800000, 0x00000006d2300000, 0x0000000797d00000)
  object space 175104K, 53% used [0x00000006c7800000,0x00000006cd2e87b0,0x00000006d2300000)
 PSPermGen       total 54784K, used 54734K [0x00000006c2600000, 0x00000006c5b80000, 0x00000006c7800000)
  object space 54784K, 99% used [0x00000006c2600000,0x00000006c5b738b0,0x00000006c5b80000)
GC Heap History (10 events):
Event: 50.906 GC heap before
{Heap before GC invocations=8 (full 0):
 PSYoungGen      total 160768K, used 156665K [0x0000000797d00000, 0x00000007a4c80000, 0x0000000800000000)
  eden space 120320K, 100% used [0x0000000797d00000,0x000000079f280000,0x000000079f280000)
  from space 40448K, 89% used [0x000000079f600000,0x00000007a197e460,0x00000007a1d80000)
  to   space 46080K, 0% used [0x00000007a1f80000,0x00000007a1f80000,0x00000007a4c80000)
 ParOldGen       total 175104K, used 48196K [0x00000006c7800000, 0x00000006d2300000, 0x0000000797d00000)
  object space 175104K, 27% used [0x00000006c7800000,0x00000006ca711140,0x00000006d2300000)
 PSPermGen       total 51712K, used 51562K [0x00000006c2600000, 0x00000006c5880000, 0x00000006c7800000)
  object space 51712K, 99% used [0x00000006c2600000,0x00000006c585aad8,0x00000006c5880000)
Event: 50.929 GC heap after
Heap after GC invocations=8 (full 0):
 PSYoungGen      total 158720K, used 45739K [0x0000000797d00000, 0x00000007a5800000, 0x0000000800000000)
  eden space 112640K, 0% used [0x0000000797d00000,0x0000000797d00000,0x000000079eb00000)
  from space 46080K, 99% used [0x00000007a1f80000,0x00000007a4c2af00,0x00000007a4c80000)
  to   space 53760K, 0% used [0x000000079eb00000,0x000000079eb00000,0x00000007a1f80000)
 ParOldGen       total 175104K, used 52991K [0x00000006c7800000, 0x00000006d2300000, 0x0000000797d00000)
  object space 175104K, 30% used [0x00000006c7800000,0x00000006cabbfe88,0x00000006d2300000)
 PSPermGen       total 51712K, used 51562K [0x00000006c2600000, 0x00000006c5880000, 0x00000006c7800000)
  object space 51712K, 99% used [0x00000006c2600000,0x00000006c585aad8,0x00000006c5880000)
}
Event: 81.741 GC heap before
{Heap before GC invocations=9 (full 0):
 PSYoungGen      total 158720K, used 158379K [0x0000000797d00000, 0x00000007a5800000, 0x0000000800000000)
  eden space 112640K, 100% used [0x0000000797d00000,0x000000079eb00000,0x000000079eb00000)
  from space 46080K, 99% used [0x00000007a1f80000,0x00000007a4c2af00,0x00000007a4c80000)
  to   space 53760K, 0% used [0x000000079eb00000,0x000000079eb00000,0x00000007a1f80000)
 ParOldGen       total 175104K, used 52991K [0x00000006c7800000, 0x00000006d2300000, 0x0000000797d00000)
  object space 175104K, 30% used [0x00000006c7800000,0x00000006cabbfe88,0x00000006d2300000)
 PSPermGen       total 52224K, used 52132K [0x00000006c2600000, 0x00000006c5900000, 0x00000006c7800000)
  object space 52224K, 99% used [0x00000006c2600000,0x00000006c58e9228,0x00000006c5900000)
Event: 81.755 GC heap after
Heap after GC invocations=9 (full 0):
 PSYoungGen      total 134656K, used 24837K [0x0000000797d00000, 0x00000007a4b00000, 0x0000000800000000)
  eden space 109568K, 0% used [0x0000000797d00000,0x0000000797d00000,0x000000079e800000)
  from space 25088K, 99% used [0x000000079eb00000,0x00000007a0341680,0x00000007a0380000)
  to   space 50688K, 0% used [0x00000007a1980000,0x00000007a1980000,0x00000007a4b00000)
 ParOldGen       total 175104K, used 67069K [0x00000006c7800000, 0x00000006d2300000, 0x0000000797d00000)
  object space 175104K, 38% used [0x00000006c7800000,0x00000006cb97f568,0x00000006d2300000)
 PSPermGen       total 52224K, used 52132K [0x00000006c2600000, 0x00000006c5900000, 0x00000006c7800000)
  object space 52224K, 99% used [0x00000006c2600000,0x00000006c58e9228,0x00000006c5900000)
}
Event: 126.142 GC heap before
{Heap before GC invocations=10 (full 0):
 PSYoungGen      total 134656K, used 134405K [0x0000000797d00000, 0x00000007a4b00000, 0x0000000800000000)
  eden space 109568K, 100% used [0x0000000797d00000,0x000000079e800000,0x000000079e800000)
  from space 25088K, 99% used [0x000000079eb00000,0x00000007a0341680,0x00000007a0380000)
  to   space 50688K, 0% used [0x00000007a1980000,0x00000007a1980000,0x00000007a4b00000)
 ParOldGen       total 175104K, used 67069K [0x00000006c7800000, 0x00000006d2300000, 0x0000000797d00000)
  object space 175104K, 38% used [0x00000006c7800000,0x00000006cb97f568,0x00000006d2300000)
 PSPermGen       total 52736K, used 52316K [0x00000006c2600000, 0x00000006c5980000, 0x00000006c7800000)
  object space 52736K, 99% used [0x00000006c2600000,0x00000006c59171b8,0x00000006c5980000)
Event: 126.152 GC heap after
Heap after GC invocations=10 (full 0):
 PSYoungGen      total 157184K, used 1295K [0x0000000797d00000, 0x00000007a4b00000, 0x0000000800000000)
  eden space 106496K, 0% used [0x0000000797d00000,0x0000000797d00000,0x000000079e500000)
  from space 50688K, 2% used [0x00000007a1980000,0x00000007a1ac3ce0,0x00000007a4b00000)
  to   space 52224K, 0% used [0x000000079e500000,0x000000079e500000,0x00000007a1800000)
 ParOldGen       total 175104K, used 90338K [0x00000006c7800000, 0x00000006d2300000, 0x0000000797d00000)
  object space 175104K, 51% used [0x00000006c7800000,0x00000006cd0388f8,0x00000006d2300000)
 PSPermGen       total 52736K, used 52316K [0x00000006c2600000, 0x00000006c5980000, 0x00000006c7800000)
  object space 52736K, 99% used [0x00000006c2600000,0x00000006c59171b8,0x00000006c5980000)
}
Event: 172.014 GC heap before
{Heap before GC invocations=11 (full 0):
 PSYoungGen      total 157184K, used 107791K [0x0000000797d00000, 0x00000007a4b00000, 0x0000000800000000)
  eden space 106496K, 100% used [0x0000000797d00000,0x000000079e500000,0x000000079e500000)
  from space 50688K, 2% used [0x00000007a1980000,0x00000007a1ac3ce0,0x00000007a4b00000)
  to   space 52224K, 0% used [0x000000079e500000,0x000000079e500000,0x00000007a1800000)
 ParOldGen       total 175104K, used 90338K [0x00000006c7800000, 0x00000006d2300000, 0x0000000797d00000)
  object space 175104K, 51% used [0x00000006c7800000,0x00000006cd0388f8,0x00000006d2300000)
 PSPermGen       total 54784K, used 54313K [0x00000006c2600000, 0x00000006c5b80000, 0x00000006c7800000)
  object space 54784K, 99% used [0x00000006c2600000,0x00000006c5b0a698,0x00000006c5b80000)
Event: 172.018 GC heap after
Heap after GC invocations=11 (full 0):
 PSYoungGen      total 107520K, used 3837K [0x0000000797d00000, 0x00000007a4800000, 0x0000000800000000)
  eden space 103424K, 0% used [0x0000000797d00000,0x0000000797d00000,0x000000079e200000)
  from space 4096K, 93% used [0x000000079e500000,0x000000079e8bf780,0x000000079e900000)
  to   space 52224K, 0% used [0x00000007a1500000,0x00000007a1500000,0x00000007a4800000)
 ParOldGen       total 175104K, used 90726K [0x00000006c7800000, 0x00000006d2300000, 0x0000000797d00000)
  object space 175104K, 51% used [0x00000006c7800000,0x00000006cd099918,0x00000006d2300000)
 PSPermGen       total 54784K, used 54313K [0x00000006c2600000, 0x00000006c5b80000, 0x00000006c7800000)
  object space 54784K, 99% used [0x00000006c2600000,0x00000006c5b0a698,0x00000006c5b80000)
}
Event: 500.657 GC heap before
{Heap before GC invocations=12 (full 0):
 PSYoungGen      total 107520K, used 107261K [0x0000000797d00000, 0x00000007a4800000, 0x0000000800000000)
  eden space 103424K, 100% used [0x0000000797d00000,0x000000079e200000,0x000000079e200000)
  from space 4096K, 93% used [0x000000079e500000,0x000000079e8bf780,0x000000079e900000)
  to   space 52224K, 0% used [0x00000007a1500000,0x00000007a1500000,0x00000007a4800000)
 ParOldGen       total 175104K, used 90726K [0x00000006c7800000, 0x00000006d2300000, 0x0000000797d00000)
  object space 175104K, 51% used [0x00000006c7800000,0x00000006cd099918,0x00000006d2300000)
 PSPermGen       total 54784K, used 54713K [0x00000006c2600000, 0x00000006c5b80000, 0x00000006c7800000)
  object space 54784K, 99% used [0x00000006c2600000,0x00000006c5b6e518,0x00000006c5b80000)
Event: 500.660 GC heap after
Heap after GC invocations=12 (full 0):
 PSYoungGen      total 149504K, used 1088K [0x0000000797d00000, 0x00000007a4500000, 0x0000000800000000)
  eden space 100352K, 0% used [0x0000000797d00000,0x0000000797d00000,0x000000079df00000)
  from space 49152K, 2% used [0x00000007a1500000,0x00000007a1610000,0x00000007a4500000)
  to   space 52224K, 0% used [0x000000079df00000,0x000000079df00000,0x00000007a1200000)
 ParOldGen       total 175104K, used 93089K [0x00000006c7800000, 0x00000006d2300000, 0x0000000797d00000)
  object space 175104K, 53% used [0x00000006c7800000,0x00000006cd2e87b0,0x00000006d2300000)
 PSPermGen       total 54784K, used 54713K [0x00000006c2600000, 0x00000006c5b80000, 0x00000006c7800000)
  object space 54784K, 99% used [0x00000006c2600000,0x00000006c5b6e518,0x00000006c5b80000)
}

