# JRE version: Java(TM) SE Runtime Environment (7.0_45-b18) (build 1.7.0_45-b18)
# Java VM: Java HotSpot(TM) 64-Bit Server VM (24.45-b08 mixed mode linux-amd64 compressed oops)
Heap
 PSYoungGen      total 75264K, used 49656K [0x0000000797d00000, 0x000000079e900000, 0x0000000800000000)
  eden space 64512K, 60% used [0x0000000797d00000,0x000000079a2ff5e8,0x000000079bc00000)
  from space 10752K, 99% used [0x000000079bd80000,0x000000079c7fedf0,0x000000079c800000)
  to   space 23040K, 0% used [0x000000079d280000,0x000000079d280000,0x000000079e900000)
 ParOldGen       total 175104K, used 19395K [0x00000006c7800000, 0x00000006d2300000, 0x0000000797d00000)
  object space 175104K, 11% used [0x00000006c7800000,0x00000006c8af0e00,0x00000006d2300000)
 PSPermGen       total 45568K, used 45305K [0x00000006c2600000, 0x00000006c5280000, 0x00000006c7800000)
  object space 45568K, 99% used [0x00000006c2600000,0x00000006c523e440,0x00000006c5280000)
GC Heap History (10 events):
Event: 0.741 GC heap before
{Heap before GC invocations=1 (full 0):
 PSYoungGen      total 76800K, used 66048K [0x0000000797d00000, 0x000000079d280000, 0x0000000800000000)
  eden space 66048K, 100% used [0x0000000797d00000,0x000000079bd80000,0x000000079bd80000)
  from space 10752K, 0% used [0x000000079c800000,0x000000079c800000,0x000000079d280000)
  to   space 10752K, 0% used [0x000000079bd80000,0x000000079bd80000,0x000000079c800000)
 ParOldGen       total 175104K, used 0K [0x00000006c7800000, 0x00000006d2300000, 0x0000000797d00000)
  object space 175104K, 0% used [0x00000006c7800000,0x00000006c7800000,0x00000006d2300000)
 PSPermGen       total 21504K, used 14600K [0x00000006c2600000, 0x00000006c3b00000, 0x00000006c7800000)
  object space 21504K, 67% used [0x00000006c2600000,0x00000006c34423e8,0x00000006c3b00000)
Event: 0.746 GC heap after
Heap after GC invocations=1 (full 0):
 PSYoungGen      total 76800K, used 5393K [0x0000000797d00000, 0x000000079d280000, 0x0000000800000000)
  eden space 66048K, 0% used [0x0000000797d00000,0x0000000797d00000,0x000000079bd80000)
  from space 10752K, 50% used [0x000000079bd80000,0x000000079c2c46f0,0x000000079c800000)
  to   space 10752K, 0% used [0x000000079c800000,0x000000079c800000,0x000000079d280000)
 ParOldGen       total 175104K, used 72K [0x00000006c7800000, 0x00000006d2300000, 0x0000000797d00000)
  object space 175104K, 0% used [0x00000006c7800000,0x00000006c7812010,0x00000006d2300000)
 PSPermGen       total 21504K, used 14600K [0x00000006c2600000, 0x00000006c3b00000, 0x00000006c7800000)
  object space 21504K, 67% used [0x00000006c2600000,0x00000006c34423e8,0x00000006c3b00000)
}
Event: 1.384 GC heap before
{Heap before GC invocations=2 (full 0):
 PSYoungGen      total 76800K, used 71441K [0x0000000797d00000, 0x000000079d280000, 0x0000000800000000)
  eden space 66048K, 100% used [0x0000000797d00000,0x000000079bd80000,0x000000079bd80000)
  from space 10752K, 50% used [0x000000079bd80000,0x000000079c2c46f0,0x000000079c800000)
  to   space 10752K, 0% used [0x000000079c800000,0x000000079c800000,0x000000079d280000)
 ParOldGen       total 175104K, used 72K [0x00000006c7800000, 0x00000006d2300000, 0x0000000797d00000)
  object space 175104K, 0% used [0x00000006c7800000,0x00000006c7812010,0x00000006d2300000)
 PSPermGen       total 22016K, used 21711K [0x00000006c2600000, 0x00000006c3b80000, 0x00000006c7800000)
  object space 22016K, 98% used [0x00000006c2600000,0x00000006c3b33cc8,0x00000006c3b80000)
Event: 1.391 GC heap after
Heap after GC invocations=2 (full 0):
 PSYoungGen      total 76800K, used 9379K [0x0000000797d00000, 0x000000079d280000, 0x0000000800000000)
  eden space 66048K, 0% used [0x0000000797d00000,0x0000000797d00000,0x000000079bd80000)
  from space 10752K, 87% used [0x000000079c800000,0x000000079d128e60,0x000000079d280000)
  to   space 10752K, 0% used [0x000000079bd80000,0x000000079bd80000,0x000000079c800000)
 ParOldGen       total 175104K, used 80K [0x00000006c7800000, 0x00000006d2300000, 0x0000000797d00000)
  object space 175104K, 0% used [0x00000006c7800000,0x00000006c7814010,0x00000006d2300000)
 PSPermGen       total 22016K, used 21711K [0x00000006c2600000, 0x00000006c3b80000, 0x00000006c7800000)
  object space 22016K, 98% used [0x00000006c2600000,0x00000006c3b33cc8,0x00000006c3b80000)
}
Event: 2.536 GC heap before
{Heap before GC invocations=3 (full 0):
 PSYoungGen      total 76800K, used 75427K [0x0000000797d00000, 0x000000079d280000, 0x0000000800000000)
  eden space 66048K, 100% used [0x0000000797d00000,0x000000079bd80000,0x000000079bd80000)
  from space 10752K, 87% used [0x000000079c800000,0x000000079d128e60,0x000000079d280000)
  to   space 10752K, 0% used [0x000000079bd80000,0x000000079bd80000,0x000000079c800000)
 ParOldGen       total 175104K, used 80K [0x00000006c7800000, 0x00000006d2300000, 0x0000000797d00000)
  object space 175104K, 0% used [0x00000006c7800000,0x00000006c7814010,0x00000006d2300000)
 PSPermGen       total 36864K, used 36370K [0x00000006c2600000, 0x00000006c4a00000, 0x00000006c7800000)
  object space 36864K, 98% used [0x00000006c2600000,0x00000006c4984880,0x00000006c4a00000)
Event: 2.548 GC heap after
Heap after GC invocations=3 (full 0):
 PSYoungGen      total 76800K, used 10730K [0x0000000797d00000, 0x000000079d280000, 0x0000000800000000)
  eden space 66048K, 0% used [0x0000000797d00000,0x0000000797d00000,0x000000079bd80000)
  from space 10752K, 99% used [0x000000079bd80000,0x000000079c7fa998,0x000000079c800000)
  to   space 10752K, 0% used [0x000000079c800000,0x000000079c800000,0x000000079d280000)
 ParOldGen       total 175104K, used 8502K [0x00000006c7800000, 0x00000006d2300000, 0x0000000797d00000)
  object space 175104K, 4% used [0x00000006c7800000,0x00000006c804d860,0x00000006d2300000)
 PSPermGen       total 36864K, used 36370K [0x00000006c2600000, 0x00000006c4a00000, 0x00000006c7800000)
  object space 36864K, 98% used [0x00000006c2600000,0x00000006c4984880,0x00000006c4a00000)
}
Event: 5.167 GC heap before
{Heap before GC invocations=4 (full 0):
 PSYoungGen      total 76800K, used 76778K [0x0000000797d00000, 0x000000079d280000, 0x0000000800000000)
  eden space 66048K, 100% used [0x0000000797d00000,0x000000079bd80000,0x000000079bd80000)
  from space 10752K, 99% used [0x000000079bd80000,0x000000079c7fa998,0x000000079c800000)
  to   space 10752K, 0% used [0x000000079c800000,0x000000079c800000,0x000000079d280000)
 ParOldGen       total 175104K, used 8502K [0x00000006c7800000, 0x00000006d2300000, 0x0000000797d00000)
  object space 175104K, 4% used [0x00000006c7800000,0x00000006c804d860,0x00000006d2300000)
 PSPermGen       total 44032K, used 43765K [0x00000006c2600000, 0x00000006c5100000, 0x00000006c7800000)
  object space 44032K, 99% used [0x00000006c2600000,0x00000006c50bd6c0,0x00000006c5100000)
Event: 5.178 GC heap after
Heap after GC invocations=4 (full 0):
 PSYoungGen      total 76800K, used 10744K [0x0000000797d00000, 0x000000079d280000, 0x0000000800000000)
  eden space 66048K, 0% used [0x0000000797d00000,0x0000000797d00000,0x000000079bd80000)
  from space 10752K, 99% used [0x000000079c800000,0x000000079d27e3d0,0x000000079d280000)
  to   space 10752K, 0% used [0x000000079bd80000,0x000000079bd80000,0x000000079c800000)
 ParOldGen       total 175104K, used 15217K [0x00000006c7800000, 0x00000006d2300000, 0x0000000797d00000)
  object space 175104K, 8% used [0x00000006c7800000,0x00000006c86dc690,0x00000006d2300000)
 PSPermGen       total 44032K, used 43765K [0x00000006c2600000, 0x00000006c5100000, 0x00000006c7800000)
  object space 44032K, 99% used [0x00000006c2600000,0x00000006c50bd6c0,0x00000006c5100000)
}
Event: 14.406 GC heap before
{Heap before GC invocations=5 (full 0):
 PSYoungGen      total 76800K, used 76792K [0x0000000797d00000, 0x000000079d280000, 0x0000000800000000)
  eden space 66048K, 100% used [0x0000000797d00000,0x000000079bd80000,0x000000079bd80000)
  from space 10752K, 99% used [0x000000079c800000,0x000000079d27e3d0,0x000000079d280000)
  to   space 10752K, 0% used [0x000000079bd80000,0x000000079bd80000,0x000000079c800000)
 ParOldGen       total 175104K, used 15217K [0x00000006c7800000, 0x00000006d2300000, 0x0000000797d00000)
  object space 175104K, 8% used [0x00000006c7800000,0x00000006c86dc690,0x00000006d2300000)
 PSPermGen       total 45568K, used 45246K [0x00000006c2600000, 0x00000006c5280000, 0x00000006c7800000)
  object space 45568K, 99% used [0x00000006c2600000,0x00000006c522f820,0x00000006c5280000)
Event: 14.416 GC heap after
Heap after GC invocations=5 (full 0):
 PSYoungGen      total 75264K, used 10747K [0x0000000797d00000, 0x000000079e900000, 0x0000000800000000)
  eden space 64512K, 0% used [0x0000000797d00000,0x0000000797d00000,0x000000079bc00000)
  from space 10752K, 99% used [0x000000079bd80000,0x000000079c7fedf0,0x000000079c800000)
  to   space 23040K, 0% used [0x000000079d280000,0x000000079d280000,0x000000079e900000)
 ParOldGen       total 175104K, used 19395K [0x00000006c7800000, 0x00000006d2300000, 0x0000000797d00000)
  object space 175104K, 11% used [0x00000006c7800000,0x00000006c8af0e00,0x00000006d2300000)
 PSPermGen       total 45568K, used 45246K [0x00000006c2600000, 0x00000006c5280000, 0x00000006c7800000)
  object space 45568K, 99% used [0x00000006c2600000,0x00000006c522f820,0x00000006c5280000)
}

