# JRE version: Java(TM) SE Runtime Environment (7.0_45-b18) (build 1.7.0_45-b18)
# Java VM: Java HotSpot(TM) 64-Bit Server VM (24.45-b08 mixed mode linux-amd64 compressed oops)
Heap
 PSYoungGen      total 283136K, used 153247K [0x0000000797d00000, 0x00000007bab00000, 0x0000000800000000)
  eden space 263168K, 50% used [0x0000000797d00000,0x000000079ffb2cf8,0x00000007a7e00000)
  from space 19968K, 97% used [0x00000007a7e00000,0x00000007a90f5138,0x00000007a9180000)
  to   space 22528K, 0% used [0x00000007b9500000,0x00000007b9500000,0x00000007bab00000)
 ParOldGen       total 175104K, used 12587K [0x00000006c7800000, 0x00000006d2300000, 0x0000000797d00000)
  object space 175104K, 7% used [0x00000006c7800000,0x00000006c844ad50,0x00000006d2300000)
 PSPermGen       total 52736K, used 52727K [0x00000006c2600000, 0x00000006c5980000, 0x00000006c7800000)
  object space 52736K, 99% used [0x00000006c2600000,0x00000006c597dfe0,0x00000006c5980000)
GC Heap History (10 events):
Event: 2.462 GC heap before
{Heap before GC invocations=3 (full 0):
 PSYoungGen      total 76800K, used 74671K [0x0000000797d00000, 0x000000079d280000, 0x0000000800000000)
  eden space 66048K, 100% used [0x0000000797d00000,0x000000079bd80000,0x000000079bd80000)
  from space 10752K, 80% used [0x000000079c800000,0x000000079d06bf40,0x000000079d280000)
  to   space 10752K, 0% used [0x000000079bd80000,0x000000079bd80000,0x000000079c800000)
 ParOldGen       total 175104K, used 80K [0x00000006c7800000, 0x00000006d2300000, 0x0000000797d00000)
  object space 175104K, 0% used [0x00000006c7800000,0x00000006c7814010,0x00000006d2300000)
 PSPermGen       total 29184K, used 29021K [0x00000006c2600000, 0x00000006c4280000, 0x00000006c7800000)
  object space 29184K, 99% used [0x00000006c2600000,0x00000006c42576e0,0x00000006c4280000)
Event: 2.470 GC heap after
Heap after GC invocations=3 (full 0):
 PSYoungGen      total 76800K, used 10749K [0x0000000797d00000, 0x00000007a1300000, 0x0000000800000000)
  eden space 66048K, 0% used [0x0000000797d00000,0x0000000797d00000,0x000000079bd80000)
  from space 10752K, 99% used [0x000000079bd80000,0x000000079c7ff4f8,0x000000079c800000)
  to   space 10752K, 0% used [0x00000007a0880000,0x00000007a0880000,0x00000007a1300000)
 ParOldGen       total 175104K, used 1402K [0x00000006c7800000, 0x00000006d2300000, 0x0000000797d00000)
  object space 175104K, 0% used [0x00000006c7800000,0x00000006c795eb70,0x00000006d2300000)
 PSPermGen       total 29184K, used 29021K [0x00000006c2600000, 0x00000006c4280000, 0x00000006c7800000)
  object space 29184K, 99% used [0x00000006c2600000,0x00000006c42576e0,0x00000006c4280000)
}
Event: 2.761 GC heap before
{Heap before GC invocations=4 (full 0):
 PSYoungGen      total 76800K, used 76797K [0x0000000797d00000, 0x00000007a1300000, 0x0000000800000000)
  eden space 66048K, 100% used [0x0000000797d00000,0x000000079bd80000,0x000000079bd80000)
  from space 10752K, 99% used [0x000000079bd80000,0x000000079c7ff4f8,0x000000079c800000)
  to   space 10752K, 0% used [0x00000007a0880000,0x00000007a0880000,0x00000007a1300000)
 ParOldGen       total 175104K, used 1402K [0x00000006c7800000, 0x00000006d2300000, 0x0000000797d00000)
  object space 175104K, 0% used [0x00000006c7800000,0x00000006c795eb70,0x00000006d2300000)
 PSPermGen       total 33792K, used 33412K [0x00000006c2600000, 0x00000006c4700000, 0x00000006c7800000)
  object space 33792K, 98% used [0x00000006c2600000,0x00000006c46a1108,0x00000006c4700000)
Event: 2.770 GC heap after
Heap after GC invocations=4 (full 0):
 PSYoungGen      total 142848K, used 10730K [0x0000000797d00000, 0x00000007a1300000, 0x0000000800000000)
  eden space 132096K, 0% used [0x0000000797d00000,0x0000000797d00000,0x000000079fe00000)
  from space 10752K, 99% used [0x00000007a0880000,0x00000007a12fa9e8,0x00000007a1300000)
  to   space 10752K, 0% used [0x000000079fe00000,0x000000079fe00000,0x00000007a0880000)
 ParOldGen       total 175104K, used 4237K [0x00000006c7800000, 0x00000006d2300000, 0x0000000797d00000)
  object space 175104K, 2% used [0x00000006c7800000,0x00000006c7c23710,0x00000006d2300000)
 PSPermGen       total 33792K, used 33412K [0x00000006c2600000, 0x00000006c4700000, 0x00000006c7800000)
  object space 33792K, 98% used [0x00000006c2600000,0x00000006c46a1108,0x00000006c4700000)
}
Event: 3.321 GC heap before
{Heap before GC invocations=5 (full 0):
 PSYoungGen      total 142848K, used 142826K [0x0000000797d00000, 0x00000007a1300000, 0x0000000800000000)
  eden space 132096K, 100% used [0x0000000797d00000,0x000000079fe00000,0x000000079fe00000)
  from space 10752K, 99% used [0x00000007a0880000,0x00000007a12fa9e8,0x00000007a1300000)
  to   space 10752K, 0% used [0x000000079fe00000,0x000000079fe00000,0x00000007a0880000)
 ParOldGen       total 175104K, used 4237K [0x00000006c7800000, 0x00000006d2300000, 0x0000000797d00000)
  object space 175104K, 2% used [0x00000006c7800000,0x00000006c7c23710,0x00000006d2300000)
 PSPermGen       total 37888K, used 37573K [0x00000006c2600000, 0x00000006c4b00000, 0x00000006c7800000)
  object space 37888K, 99% used [0x00000006c2600000,0x00000006c4ab1620,0x00000006c4b00000)
Event: 3.330 GC heap after
Heap after GC invocations=5 (full 0):
 PSYoungGen      total 142848K, used 10721K [0x0000000797d00000, 0x00000007aa400000, 0x0000000800000000)
  eden space 132096K, 0% used [0x0000000797d00000,0x0000000797d00000,0x000000079fe00000)
  from space 10752K, 99% used [0x000000079fe00000,0x00000007a08786e0,0x00000007a0880000)
  to   space 18944K, 0% used [0x00000007a9180000,0x00000007a9180000,0x00000007aa400000)
 ParOldGen       total 175104K, used 8251K [0x00000006c7800000, 0x00000006d2300000, 0x0000000797d00000)
  object space 175104K, 4% used [0x00000006c7800000,0x00000006c800ee08,0x00000006d2300000)
 PSPermGen       total 37888K, used 37573K [0x00000006c2600000, 0x00000006c4b00000, 0x00000006c7800000)
  object space 37888K, 99% used [0x00000006c2600000,0x00000006c4ab1620,0x00000006c4b00000)
}
Event: 3.780 GC heap before
{Heap before GC invocations=6 (full 0):
 PSYoungGen      total 142848K, used 142817K [0x0000000797d00000, 0x00000007aa400000, 0x0000000800000000)
  eden space 132096K, 100% used [0x0000000797d00000,0x000000079fe00000,0x000000079fe00000)
  from space 10752K, 99% used [0x000000079fe00000,0x00000007a08786e0,0x00000007a0880000)
  to   space 18944K, 0% used [0x00000007a9180000,0x00000007a9180000,0x00000007aa400000)
 ParOldGen       total 175104K, used 8251K [0x00000006c7800000, 0x00000006d2300000, 0x0000000797d00000)
  object space 175104K, 4% used [0x00000006c7800000,0x00000006c800ee08,0x00000006d2300000)
 PSPermGen       total 41472K, used 40963K [0x00000006c2600000, 0x00000006c4e80000, 0x00000006c7800000)
  object space 41472K, 98% used [0x00000006c2600000,0x00000006c4e00e60,0x00000006c4e80000)
Event: 3.788 GC heap after
Heap after GC invocations=6 (full 0):
 PSYoungGen      total 282112K, used 14308K [0x0000000797d00000, 0x00000007aa600000, 0x0000000800000000)
  eden space 263168K, 0% used [0x0000000797d00000,0x0000000797d00000,0x00000007a7e00000)
  from space 18944K, 75% used [0x00000007a9180000,0x00000007a9f790e8,0x00000007aa400000)
  to   space 19968K, 0% used [0x00000007a7e00000,0x00000007a7e00000,0x00000007a9180000)
 ParOldGen       total 175104K, used 8251K [0x00000006c7800000, 0x00000006d2300000, 0x0000000797d00000)
  object space 175104K, 4% used [0x00000006c7800000,0x00000006c800ee08,0x00000006d2300000)
 PSPermGen       total 41472K, used 40963K [0x00000006c2600000, 0x00000006c4e80000, 0x00000006c7800000)
  object space 41472K, 98% used [0x00000006c2600000,0x00000006c4e00e60,0x00000006c4e80000)
}
Event: 18.065 GC heap before
{Heap before GC invocations=7 (full 0):
 PSYoungGen      total 282112K, used 277076K [0x0000000797d00000, 0x00000007aa600000, 0x0000000800000000)
  eden space 263168K, 99% used [0x0000000797d00000,0x00000007a7d9c300,0x00000007a7e00000)
  from space 18944K, 75% used [0x00000007a9180000,0x00000007a9f790e8,0x00000007aa400000)
  to   space 19968K, 0% used [0x00000007a7e00000,0x00000007a7e00000,0x00000007a9180000)
 ParOldGen       total 175104K, used 8251K [0x00000006c7800000, 0x00000006d2300000, 0x0000000797d00000)
  object space 175104K, 4% used [0x00000006c7800000,0x00000006c800ee08,0x00000006d2300000)
 PSPermGen       total 51200K, used 50809K [0x00000006c2600000, 0x00000006c5800000, 0x00000006c7800000)
  object space 51200K, 99% used [0x00000006c2600000,0x00000006c579e728,0x00000006c5800000)
Event: 18.078 GC heap after
Heap after GC invocations=7 (full 0):
 PSYoungGen      total 283136K, used 19412K [0x0000000797d00000, 0x00000007bab00000, 0x0000000800000000)
  eden space 263168K, 0% used [0x0000000797d00000,0x0000000797d00000,0x00000007a7e00000)
  from space 19968K, 97% used [0x00000007a7e00000,0x00000007a90f5138,0x00000007a9180000)
  to   space 22528K, 0% used [0x00000007b9500000,0x00000007b9500000,0x00000007bab00000)
 ParOldGen       total 175104K, used 12587K [0x00000006c7800000, 0x00000006d2300000, 0x0000000797d00000)
  object space 175104K, 7% used [0x00000006c7800000,0x00000006c844ad50,0x00000006d2300000)
 PSPermGen       total 51200K, used 50809K [0x00000006c2600000, 0x00000006c5800000, 0x00000006c7800000)
  object space 51200K, 99% used [0x00000006c2600000,0x00000006c579e728,0x00000006c5800000)
}

