# JRE version: Java(TM) SE Runtime Environment (7.0_45-b18) (build 1.7.0_45-b18)
# Java VM: Java HotSpot(TM) 64-Bit Server VM (24.45-b08 mixed mode linux-amd64 compressed oops)
Heap
 PSYoungGen      total 98304K, used 27678K [0x0000000797d00000, 0x000000079f700000, 0x0000000800000000)
  eden space 83968K, 15% used [0x0000000797d00000,0x0000000798a0c418,0x000000079cf00000)
  from space 14336K, 99% used [0x000000079d100000,0x000000079defb620,0x000000079df00000)
  to   space 20480K, 0% used [0x000000079e300000,0x000000079e300000,0x000000079f700000)
 ParOldGen       total 175104K, used 79000K [0x00000006c7800000, 0x00000006d2300000, 0x0000000797d00000)
  object space 175104K, 45% used [0x00000006c7800000,0x00000006cc526240,0x00000006d2300000)
 PSPermGen       total 83968K, used 59726K [0x00000006c2600000, 0x00000006c7800000, 0x00000006c7800000)
  object space 83968K, 71% used [0x00000006c2600000,0x00000006c60538b0,0x00000006c7800000)
GC Heap History (10 events):
Event: 1081.235 GC heap before
{Heap before GC invocations=52 (full 1):
 PSYoungGen      total 109568K, used 106276K [0x0000000797d00000, 0x000000079f980000, 0x0000000800000000)
  eden space 95744K, 100% used [0x0000000797d00000,0x000000079da80000,0x000000079da80000)
  from space 13824K, 76% used [0x000000079ec00000,0x000000079f649270,0x000000079f980000)
  to   space 15872K, 0% used [0x000000079da80000,0x000000079da80000,0x000000079ea00000)
 ParOldGen       total 175104K, used 77496K [0x00000006c7800000, 0x00000006d2300000, 0x0000000797d00000)
  object space 175104K, 44% used [0x00000006c7800000,0x00000006cc3ae210,0x00000006d2300000)
 PSPermGen       total 83968K, used 59711K [0x00000006c2600000, 0x00000006c7800000, 0x00000006c7800000)
  object space 83968K, 71% used [0x00000006c2600000,0x00000006c604fc28,0x00000006c7800000)
Event: 1081.239 GC heap after
Heap after GC invocations=52 (full 1):
 PSYoungGen      total 104960K, used 11506K [0x0000000797d00000, 0x000000079f900000, 0x0000000800000000)
  eden space 93184K, 0% used [0x0000000797d00000,0x0000000797d00000,0x000000079d800000)
  from space 11776K, 97% used [0x000000079da80000,0x000000079e5bc970,0x000000079e600000)
  to   space 16896K, 0% used [0x000000079e880000,0x000000079e880000,0x000000079f900000)
 ParOldGen       total 175104K, used 77592K [0x00000006c7800000, 0x00000006d2300000, 0x0000000797d00000)
  object space 175104K, 44% used [0x00000006c7800000,0x00000006cc3c6210,0x00000006d2300000)
 PSPermGen       total 83968K, used 59711K [0x00000006c2600000, 0x00000006c7800000, 0x00000006c7800000)
  object space 83968K, 71% used [0x00000006c2600000,0x00000006c604fc28,0x00000006c7800000)
}
Event: 1104.154 GC heap before
{Heap before GC invocations=53 (full 1):
 PSYoungGen      total 104960K, used 104690K [0x0000000797d00000, 0x000000079f900000, 0x0000000800000000)
  eden space 93184K, 100% used [0x0000000797d00000,0x000000079d800000,0x000000079d800000)
  from space 11776K, 97% used [0x000000079da80000,0x000000079e5bc970,0x000000079e600000)
  to   space 16896K, 0% used [0x000000079e880000,0x000000079e880000,0x000000079f900000)
 ParOldGen       total 175104K, used 77592K [0x00000006c7800000, 0x00000006d2300000, 0x0000000797d00000)
  object space 175104K, 44% used [0x00000006c7800000,0x00000006cc3c6210,0x00000006d2300000)
 PSPermGen       total 83968K, used 59711K [0x00000006c2600000, 0x00000006c7800000, 0x00000006c7800000)
  object space 83968K, 71% used [0x00000006c2600000,0x00000006c604fc28,0x00000006c7800000)
Event: 1104.158 GC heap after
Heap after GC invocations=53 (full 1):
 PSYoungGen      total 107008K, used 12466K [0x0000000797d00000, 0x000000079f880000, 0x0000000800000000)
  eden space 90624K, 0% used [0x0000000797d00000,0x0000000797d00000,0x000000079d580000)
  from space 16384K, 76% used [0x000000079e880000,0x000000079f4ac970,0x000000079f880000)
  to   space 17920K, 0% used [0x000000079d580000,0x000000079d580000,0x000000079e700000)
 ParOldGen       total 175104K, used 77680K [0x00000006c7800000, 0x00000006d2300000, 0x0000000797d00000)
  object space 175104K, 44% used [0x00000006c7800000,0x00000006cc3dc210,0x00000006d2300000)
 PSPermGen       total 83968K, used 59711K [0x00000006c2600000, 0x00000006c7800000, 0x00000006c7800000)
  object space 83968K, 71% used [0x00000006c2600000,0x00000006c604fc28,0x00000006c7800000)
}
Event: 1126.424 GC heap before
{Heap before GC invocations=54 (full 1):
 PSYoungGen      total 107008K, used 103090K [0x0000000797d00000, 0x000000079f880000, 0x0000000800000000)
  eden space 90624K, 100% used [0x0000000797d00000,0x000000079d580000,0x000000079d580000)
  from space 16384K, 76% used [0x000000079e880000,0x000000079f4ac970,0x000000079f880000)
  to   space 17920K, 0% used [0x000000079d580000,0x000000079d580000,0x000000079e700000)
 ParOldGen       total 175104K, used 77680K [0x00000006c7800000, 0x00000006d2300000, 0x0000000797d00000)
  object space 175104K, 44% used [0x00000006c7800000,0x00000006cc3dc210,0x00000006d2300000)
 PSPermGen       total 83968K, used 59711K [0x00000006c2600000, 0x00000006c7800000, 0x00000006c7800000)
  object space 83968K, 71% used [0x00000006c2600000,0x00000006c604fc28,0x00000006c7800000)
Event: 1126.430 GC heap after
Heap after GC invocations=54 (full 1):
 PSYoungGen      total 101376K, used 13204K [0x0000000797d00000, 0x000000079f700000, 0x0000000800000000)
  eden space 88064K, 0% used [0x0000000797d00000,0x0000000797d00000,0x000000079d300000)
  from space 13312K, 99% used [0x000000079d580000,0x000000079e265220,0x000000079e280000)
  to   space 18432K, 0% used [0x000000079e500000,0x000000079e500000,0x000000079f700000)
 ParOldGen       total 175104K, used 78032K [0x00000006c7800000, 0x00000006d2300000, 0x0000000797d00000)
  object space 175104K, 44% used [0x00000006c7800000,0x00000006cc434210,0x00000006d2300000)
 PSPermGen       total 83968K, used 59711K [0x00000006c2600000, 0x00000006c7800000, 0x00000006c7800000)
  object space 83968K, 71% used [0x00000006c2600000,0x00000006c604fc28,0x00000006c7800000)
}
Event: 1148.094 GC heap before
{Heap before GC invocations=55 (full 1):
 PSYoungGen      total 101376K, used 101268K [0x0000000797d00000, 0x000000079f700000, 0x0000000800000000)
  eden space 88064K, 100% used [0x0000000797d00000,0x000000079d300000,0x000000079d300000)
  from space 13312K, 99% used [0x000000079d580000,0x000000079e265220,0x000000079e280000)
  to   space 18432K, 0% used [0x000000079e500000,0x000000079e500000,0x000000079f700000)
 ParOldGen       total 175104K, used 78032K [0x00000006c7800000, 0x00000006d2300000, 0x0000000797d00000)
  object space 175104K, 44% used [0x00000006c7800000,0x00000006cc434210,0x00000006d2300000)
 PSPermGen       total 83968K, used 59711K [0x00000006c2600000, 0x00000006c7800000, 0x00000006c7800000)
  object space 83968K, 71% used [0x00000006c2600000,0x00000006c604fc28,0x00000006c7800000)
Event: 1148.099 GC heap after
Heap after GC invocations=55 (full 1):
 PSYoungGen      total 104448K, used 13981K [0x0000000797d00000, 0x000000079f800000, 0x0000000800000000)
  eden space 86016K, 0% used [0x0000000797d00000,0x0000000797d00000,0x000000079d100000)
  from space 18432K, 75% used [0x000000079e500000,0x000000079f2a7640,0x000000079f700000)
  to   space 19968K, 0% used [0x000000079d100000,0x000000079d100000,0x000000079e480000)
 ParOldGen       total 175104K, used 78184K [0x00000006c7800000, 0x00000006d2300000, 0x0000000797d00000)
  object space 175104K, 44% used [0x00000006c7800000,0x00000006cc45a210,0x00000006d2300000)
 PSPermGen       total 83968K, used 59711K [0x00000006c2600000, 0x00000006c7800000, 0x00000006c7800000)
  object space 83968K, 71% used [0x00000006c2600000,0x00000006c604fc28,0x00000006c7800000)
}
Event: 1169.014 GC heap before
{Heap before GC invocations=56 (full 1):
 PSYoungGen      total 104448K, used 99997K [0x0000000797d00000, 0x000000079f800000, 0x0000000800000000)
  eden space 86016K, 100% used [0x0000000797d00000,0x000000079d100000,0x000000079d100000)
  from space 18432K, 75% used [0x000000079e500000,0x000000079f2a7640,0x000000079f700000)
  to   space 19968K, 0% used [0x000000079d100000,0x000000079d100000,0x000000079e480000)
 ParOldGen       total 175104K, used 78184K [0x00000006c7800000, 0x00000006d2300000, 0x0000000797d00000)
  object space 175104K, 44% used [0x00000006c7800000,0x00000006cc45a210,0x00000006d2300000)
 PSPermGen       total 83968K, used 59711K [0x00000006c2600000, 0x00000006c7800000, 0x00000006c7800000)
  object space 83968K, 71% used [0x00000006c2600000,0x00000006c604fc28,0x00000006c7800000)
Event: 1169.019 GC heap after
Heap after GC invocations=56 (full 1):
 PSYoungGen      total 98304K, used 14317K [0x0000000797d00000, 0x000000079f700000, 0x0000000800000000)
  eden space 83968K, 0% used [0x0000000797d00000,0x0000000797d00000,0x000000079cf00000)
  from space 14336K, 99% used [0x000000079d100000,0x000000079defb620,0x000000079df00000)
  to   space 20480K, 0% used [0x000000079e300000,0x000000079e300000,0x000000079f700000)
 ParOldGen       total 175104K, used 79000K [0x00000006c7800000, 0x00000006d2300000, 0x0000000797d00000)
  object space 175104K, 45% used [0x00000006c7800000,0x00000006cc526240,0x00000006d2300000)
 PSPermGen       total 83968K, used 59711K [0x00000006c2600000, 0x00000006c7800000, 0x00000006c7800000)
  object space 83968K, 71% used [0x00000006c2600000,0x00000006c604fc28,0x00000006c7800000)
}

