# JRE version: Java(TM) SE Runtime Environment (7.0_45-b18) (build 1.7.0_45-b18)
# Java VM: Java HotSpot(TM) 64-Bit Server VM (24.45-b08 mixed mode linux-amd64 compressed oops)
Heap
 PSYoungGen      total 79872K, used 6600K [0x0000000759500000, 0x000000075f900000, 0x0000000800000000)
  eden space 58368K, 3% used [0x0000000759500000,0x000000075972a950,0x000000075ce00000)
  from space 21504K, 20% used [0x000000075e400000,0x000000075e847a50,0x000000075f900000)
  to   space 22016K, 0% used [0x000000075ce00000,0x000000075ce00000,0x000000075e380000)
 ParOldGen       total 175104K, used 33485K [0x000000060c000000, 0x0000000616b00000, 0x0000000759500000)
  object space 175104K, 19% used [0x000000060c000000,0x000000060e0b35a0,0x0000000616b00000)
 PSPermGen       total 54784K, used 54416K [0x0000000606e00000, 0x000000060a380000, 0x000000060c000000)
  object space 54784K, 99% used [0x0000000606e00000,0x000000060a324288,0x000000060a380000)
GC Heap History (10 events):
Event: 16.176 GC heap before
{Heap before GC invocations=6 (full 0):
 PSYoungGen      total 75264K, used 75260K [0x0000000759500000, 0x0000000760300000, 0x0000000800000000)
  eden space 64512K, 100% used [0x0000000759500000,0x000000075d400000,0x000000075d400000)
  from space 10752K, 99% used [0x000000075d580000,0x000000075dfff148,0x000000075e000000)
  to   space 24064K, 0% used [0x000000075eb80000,0x000000075eb80000,0x0000000760300000)
 ParOldGen       total 175104K, used 20841K [0x000000060c000000, 0x0000000616b00000, 0x0000000759500000)
  object space 175104K, 11% used [0x000000060c000000,0x000000060d45a698,0x0000000616b00000)
 PSPermGen       total 52224K, used 51774K [0x0000000606e00000, 0x000000060a100000, 0x000000060c000000)
  object space 52224K, 99% used [0x0000000606e00000,0x000000060a08f908,0x000000060a100000)
Event: 16.186 GC heap after
Heap after GC invocations=6 (full 0):
 PSYoungGen      total 83456K, used 14301K [0x0000000759500000, 0x000000075ff80000, 0x0000000800000000)
  eden space 62976K, 0% used [0x0000000759500000,0x0000000759500000,0x000000075d280000)
  from space 20480K, 69% used [0x000000075eb80000,0x000000075f9776d8,0x000000075ff80000)
  to   space 23040K, 0% used [0x000000075d280000,0x000000075d280000,0x000000075e900000)
 ParOldGen       total 175104K, used 20849K [0x000000060c000000, 0x0000000616b00000, 0x0000000759500000)
  object space 175104K, 11% used [0x000000060c000000,0x000000060d45c698,0x0000000616b00000)
 PSPermGen       total 52224K, used 51774K [0x0000000606e00000, 0x000000060a100000, 0x000000060c000000)
  object space 52224K, 99% used [0x0000000606e00000,0x000000060a08f908,0x000000060a100000)
}
Event: 19.356 GC heap before
{Heap before GC invocations=7 (full 0):
 PSYoungGen      total 83456K, used 77277K [0x0000000759500000, 0x000000075ff80000, 0x0000000800000000)
  eden space 62976K, 100% used [0x0000000759500000,0x000000075d280000,0x000000075d280000)
  from space 20480K, 69% used [0x000000075eb80000,0x000000075f9776d8,0x000000075ff80000)
  to   space 23040K, 0% used [0x000000075d280000,0x000000075d280000,0x000000075e900000)
 ParOldGen       total 175104K, used 20849K [0x000000060c000000, 0x0000000616b00000, 0x0000000759500000)
  object space 175104K, 11% used [0x000000060c000000,0x000000060d45c7c0,0x0000000616b00000)
 PSPermGen       total 52224K, used 52154K [0x0000000606e00000, 0x000000060a100000, 0x000000060c000000)
  object space 52224K, 99% used [0x0000000606e00000,0x000000060a0ee958,0x000000060a100000)
Event: 19.366 GC heap after
Heap after GC invocations=7 (full 0):
 PSYoungGen      total 73728K, used 11818K [0x0000000759500000, 0x000000075fc00000, 0x0000000800000000)
  eden space 61440K, 0% used [0x0000000759500000,0x0000000759500000,0x000000075d100000)
  from space 12288K, 96% used [0x000000075d280000,0x000000075de0aa00,0x000000075de80000)
  to   space 22016K, 0% used [0x000000075e680000,0x000000075e680000,0x000000075fc00000)
 ParOldGen       total 175104K, used 24560K [0x000000060c000000, 0x0000000616b00000, 0x0000000759500000)
  object space 175104K, 14% used [0x000000060c000000,0x000000060d7fc298,0x0000000616b00000)
 PSPermGen       total 52224K, used 52154K [0x0000000606e00000, 0x000000060a100000, 0x000000060c000000)
  object space 52224K, 99% used [0x0000000606e00000,0x000000060a0ee958,0x000000060a100000)
}
Event: 30.279 GC heap before
{Heap before GC invocations=8 (full 0):
 PSYoungGen      total 73728K, used 73258K [0x0000000759500000, 0x000000075fc00000, 0x0000000800000000)
  eden space 61440K, 100% used [0x0000000759500000,0x000000075d100000,0x000000075d100000)
  from space 12288K, 96% used [0x000000075d280000,0x000000075de0aa00,0x000000075de80000)
  to   space 22016K, 0% used [0x000000075e680000,0x000000075e680000,0x000000075fc00000)
 ParOldGen       total 175104K, used 24562K [0x000000060c000000, 0x0000000616b00000, 0x0000000759500000)
  object space 175104K, 14% used [0x000000060c000000,0x000000060d7fc9a8,0x0000000616b00000)
 PSPermGen       total 52736K, used 52299K [0x0000000606e00000, 0x000000060a180000, 0x000000060c000000)
  object space 52736K, 99% used [0x0000000606e00000,0x000000060a112ea0,0x000000060a180000)
Event: 30.287 GC heap after
Heap after GC invocations=8 (full 0):
 PSYoungGen      total 80384K, used 14815K [0x0000000759500000, 0x000000075fa00000, 0x0000000800000000)
  eden space 60416K, 0% used [0x0000000759500000,0x0000000759500000,0x000000075d000000)
  from space 19968K, 74% used [0x000000075e680000,0x000000075f4f7d90,0x000000075fa00000)
  to   space 21504K, 0% used [0x000000075d000000,0x000000075d000000,0x000000075e500000)
 ParOldGen       total 175104K, used 29068K [0x000000060c000000, 0x0000000616b00000, 0x0000000759500000)
  object space 175104K, 16% used [0x000000060c000000,0x000000060dc63030,0x0000000616b00000)
 PSPermGen       total 52736K, used 52299K [0x0000000606e00000, 0x000000060a180000, 0x000000060c000000)
  object space 52736K, 99% used [0x0000000606e00000,0x000000060a112ea0,0x000000060a180000)
}
Event: 161.625 GC heap before
{Heap before GC invocations=9 (full 0):
 PSYoungGen      total 80384K, used 75231K [0x0000000759500000, 0x000000075fa00000, 0x0000000800000000)
  eden space 60416K, 100% used [0x0000000759500000,0x000000075d000000,0x000000075d000000)
  from space 19968K, 74% used [0x000000075e680000,0x000000075f4f7d90,0x000000075fa00000)
  to   space 21504K, 0% used [0x000000075d000000,0x000000075d000000,0x000000075e500000)
 ParOldGen       total 175104K, used 29068K [0x000000060c000000, 0x0000000616b00000, 0x0000000759500000)
  object space 175104K, 16% used [0x000000060c000000,0x000000060dc63030,0x0000000616b00000)
 PSPermGen       total 53248K, used 52849K [0x0000000606e00000, 0x000000060a200000, 0x000000060c000000)
  object space 53248K, 99% used [0x0000000606e00000,0x000000060a19c720,0x000000060a200000)
Event: 161.632 GC heap after
Heap after GC invocations=9 (full 0):
 PSYoungGen      total 69632K, used 10148K [0x0000000759500000, 0x000000075f900000, 0x0000000800000000)
  eden space 59392K, 0% used [0x0000000759500000,0x0000000759500000,0x000000075cf00000)
  from space 10240K, 99% used [0x000000075d000000,0x000000075d9e93c8,0x000000075da00000)
  to   space 21504K, 0% used [0x000000075e400000,0x000000075e400000,0x000000075f900000)
 ParOldGen       total 175104K, used 33173K [0x000000060c000000, 0x0000000616b00000, 0x0000000759500000)
  object space 175104K, 18% used [0x000000060c000000,0x000000060e0656b0,0x0000000616b00000)
 PSPermGen       total 53248K, used 52849K [0x0000000606e00000, 0x000000060a200000, 0x000000060c000000)
  object space 53248K, 99% used [0x0000000606e00000,0x000000060a19c720,0x000000060a200000)
}
Event: 228.608 GC heap before
{Heap before GC invocations=10 (full 0):
 PSYoungGen      total 69632K, used 69540K [0x0000000759500000, 0x000000075f900000, 0x0000000800000000)
  eden space 59392K, 100% used [0x0000000759500000,0x000000075cf00000,0x000000075cf00000)
  from space 10240K, 99% used [0x000000075d000000,0x000000075d9e93c8,0x000000075da00000)
  to   space 21504K, 0% used [0x000000075e400000,0x000000075e400000,0x000000075f900000)
 ParOldGen       total 175104K, used 33173K [0x000000060c000000, 0x0000000616b00000, 0x0000000759500000)
  object space 175104K, 18% used [0x000000060c000000,0x000000060e0656b0,0x0000000616b00000)
 PSPermGen       total 54784K, used 54398K [0x0000000606e00000, 0x000000060a380000, 0x000000060c000000)
  object space 54784K, 99% used [0x0000000606e00000,0x000000060a31fac8,0x000000060a380000)
Event: 228.612 GC heap after
Heap after GC invocations=10 (full 0):
 PSYoungGen      total 79872K, used 4382K [0x0000000759500000, 0x000000075f900000, 0x0000000800000000)
  eden space 58368K, 0% used [0x0000000759500000,0x0000000759500000,0x000000075ce00000)
  from space 21504K, 20% used [0x000000075e400000,0x000000075e847a50,0x000000075f900000)
  to   space 22016K, 0% used [0x000000075ce00000,0x000000075ce00000,0x000000075e380000)
 ParOldGen       total 175104K, used 33485K [0x000000060c000000, 0x0000000616b00000, 0x0000000759500000)
  object space 175104K, 19% used [0x000000060c000000,0x000000060e0b35a0,0x0000000616b00000)
 PSPermGen       total 54784K, used 54398K [0x0000000606e00000, 0x000000060a380000, 0x000000060c000000)
  object space 54784K, 99% used [0x0000000606e00000,0x000000060a31fac8,0x000000060a380000)
}

