# JRE version: Java(TM) SE Runtime Environment (7.0_51-b13) (build 1.7.0_51-b13)
# Java VM: Java HotSpot(TM) 64-Bit Server VM (24.51-b03 mixed mode linux-amd64 compressed oops)
Heap
 PSYoungGen      total 505856K, used 260692K [0x0000000759500000, 0x000000078df00000, 0x0000000800000000)
  eden space 194560K, 68% used [0x0000000759500000,0x0000000761656b78,0x0000000765300000)
  from space 311296K, 41% used [0x000000077af00000,0x0000000782c3e598,0x000000078df00000)
  to   space 333824K, 0% used [0x0000000765300000,0x0000000765300000,0x0000000779900000)
 ParOldGen       total 1792512K, used 1761953K [0x000000060c000000, 0x0000000679680000, 0x0000000759500000)
  object space 1792512K, 98% used [0x000000060c000000,0x00000006778a8600,0x0000000679680000)
 PSPermGen       total 79872K, used 41269K [0x0000000606e00000, 0x000000060bc00000, 0x000000060c000000)
  object space 79872K, 51% used [0x0000000606e00000,0x000000060964d7c8,0x000000060bc00000)
GC Heap History (10 events):
Event: 60.941 GC heap before
{Heap before GC invocations=15 (full 3):
 PSYoungGen      total 468992K, used 465965K [0x0000000759500000, 0x000000078a680000, 0x0000000800000000)
  eden space 271872K, 98% used [0x0000000759500000,0x0000000769b91068,0x0000000769e80000)
  from space 197120K, 99% used [0x000000076a280000,0x00000007762fa550,0x0000000776300000)
  to   space 266240K, 0% used [0x000000077a280000,0x000000077a280000,0x000000078a680000)
 ParOldGen       total 946176K, used 657048K [0x000000060c000000, 0x0000000645c00000, 0x0000000759500000)
  object space 946176K, 69% used [0x000000060c000000,0x00000006341a61f0,0x0000000645c00000)
 PSPermGen       total 83968K, used 39612K [0x0000000606e00000, 0x000000060c000000, 0x000000060c000000)
  object space 83968K, 47% used [0x0000000606e00000,0x00000006094af3c0,0x000000060c000000)
Event: 61.057 GC heap after
Heap after GC invocations=15 (full 3):
 PSYoungGen      total 442880K, used 266235K [0x0000000759500000, 0x0000000797b80000, 0x0000000800000000)
  eden space 176640K, 0% used [0x0000000759500000,0x0000000759500000,0x0000000764180000)
  from space 266240K, 99% used [0x000000077a280000,0x000000078a67efe8,0x000000078a680000)
  to   space 361472K, 0% used [0x0000000764180000,0x0000000764180000,0x000000077a280000)
 ParOldGen       total 946176K, used 788845K [0x000000060c000000, 0x0000000645c00000, 0x0000000759500000)
  object space 946176K, 83% used [0x000000060c000000,0x000000063c25b740,0x0000000645c00000)
 PSPermGen       total 83968K, used 39612K [0x0000000606e00000, 0x000000060c000000, 0x000000060c000000)
  object space 83968K, 47% used [0x0000000606e00000,0x00000006094af3c0,0x000000060c000000)
}
Event: 420.118 GC heap before
{Heap before GC invocations=16 (full 4):
 PSYoungGen      total 442880K, used 442875K [0x0000000759500000, 0x0000000797b80000, 0x0000000800000000)
  eden space 176640K, 100% used [0x0000000759500000,0x0000000764180000,0x0000000764180000)
  from space 266240K, 99% used [0x000000077a280000,0x000000078a67efe8,0x000000078a680000)
  to   space 361472K, 0% used [0x0000000764180000,0x0000000764180000,0x000000077a280000)
 ParOldGen       total 1830400K, used 1829933K [0x000000060c000000, 0x000000067bb80000, 0x0000000759500000)
  object space 1830400K, 99% used [0x000000060c000000,0x000000067bb0b520,0x000000067bb80000)
 PSPermGen       total 83968K, used 41002K [0x0000000606e00000, 0x000000060c000000, 0x000000060c000000)
  object space 83968K, 48% used [0x0000000606e00000,0x000000060960aa08,0x000000060c000000)
Event: 420.375 GC heap after
Heap after GC invocations=16 (full 4):
 PSYoungGen      total 442880K, used 0K [0x0000000759500000, 0x0000000797b80000, 0x0000000800000000)
  eden space 176640K, 0% used [0x0000000759500000,0x0000000759500000,0x0000000764180000)
  from space 266240K, 0% used [0x000000077a280000,0x000000077a280000,0x000000078a680000)
  to   space 361472K, 0% used [0x0000000764180000,0x0000000764180000,0x000000077a280000)
 ParOldGen       total 1664512K, used 1118999K [0x000000060c000000, 0x0000000671980000, 0x0000000759500000)
  object space 1664512K, 67% used [0x000000060c000000,0x00000006504c5c58,0x0000000671980000)
 PSPermGen       total 82944K, used 41002K [0x0000000606e00000, 0x000000060bf00000, 0x000000060c000000)
  object space 82944K, 49% used [0x0000000606e00000,0x000000060960a9b8,0x000000060bf00000)
}
Event: 420.531 GC heap before
{Heap before GC invocations=17 (full 4):
 PSYoungGen      total 442880K, used 176625K [0x0000000759500000, 0x0000000797b80000, 0x0000000800000000)
  eden space 176640K, 99% used [0x0000000759500000,0x000000076417c450,0x0000000764180000)
  from space 266240K, 0% used [0x000000077a280000,0x000000077a280000,0x000000078a680000)
  to   space 361472K, 0% used [0x0000000764180000,0x0000000764180000,0x000000077a280000)
 ParOldGen       total 1664512K, used 1120988K [0x000000060c000000, 0x0000000671980000, 0x0000000759500000)
  object space 1664512K, 67% used [0x000000060c000000,0x00000006506b7010,0x0000000671980000)
 PSPermGen       total 82944K, used 41015K [0x0000000606e00000, 0x000000060bf00000, 0x000000060c000000)
  object space 82944K, 49% used [0x0000000606e00000,0x000000060960dff0,0x000000060bf00000)
Event: 420.567 GC heap after
Heap after GC invocations=17 (full 4):
 PSYoungGen      total 538112K, used 173425K [0x0000000759500000, 0x0000000790b00000, 0x0000000800000000)
  eden space 176640K, 0% used [0x0000000759500000,0x0000000759500000,0x0000000764180000)
  from space 361472K, 47% used [0x0000000764180000,0x000000076eadc670,0x000000077a280000)
  to   space 356352K, 0% used [0x000000077af00000,0x000000077af00000,0x0000000790b00000)
 ParOldGen       total 1664512K, used 1120988K [0x000000060c000000, 0x0000000671980000, 0x0000000759500000)
  object space 1664512K, 67% used [0x000000060c000000,0x00000006506b7010,0x0000000671980000)
 PSPermGen       total 82944K, used 41015K [0x0000000606e00000, 0x000000060bf00000, 0x000000060c000000)
  object space 82944K, 49% used [0x0000000606e00000,0x000000060960dff0,0x000000060bf00000)
}
Event: 446.846 GC heap before
{Heap before GC invocations=18 (full 5):
 PSYoungGen      total 538112K, used 350065K [0x0000000759500000, 0x0000000790b00000, 0x0000000800000000)
  eden space 176640K, 100% used [0x0000000759500000,0x0000000764180000,0x0000000764180000)
  from space 361472K, 47% used [0x0000000764180000,0x000000076eadc670,0x000000077a280000)
  to   space 356352K, 0% used [0x000000077af00000,0x000000077af00000,0x0000000790b00000)
 ParOldGen       total 1664512K, used 1630785K [0x000000060c000000, 0x0000000671980000, 0x0000000759500000)
  object space 1664512K, 97% used [0x000000060c000000,0x000000066f890670,0x0000000671980000)
 PSPermGen       total 82944K, used 41258K [0x0000000606e00000, 0x000000060bf00000, 0x000000060c000000)
  object space 82944K, 49% used [0x0000000606e00000,0x000000060964abd0,0x000000060bf00000)
Event: 447.209 GC heap after
Heap after GC invocations=18 (full 5):
 PSYoungGen      total 538112K, used 0K [0x0000000759500000, 0x0000000790b00000, 0x0000000800000000)
  eden space 176640K, 0% used [0x0000000759500000,0x0000000759500000,0x0000000764180000)
  from space 361472K, 0% used [0x0000000764180000,0x0000000764180000,0x000000077a280000)
  to   space 356352K, 0% used [0x000000077af00000,0x000000077af00000,0x0000000790b00000)
 ParOldGen       total 1537536K, used 869807K [0x000000060c000000, 0x0000000669d80000, 0x0000000759500000)
  object space 1537536K, 56% used [0x000000060c000000,0x000000064116bed8,0x0000000669d80000)
 PSPermGen       total 79872K, used 41258K [0x0000000606e00000, 0x000000060bc00000, 0x000000060c000000)
  object space 79872K, 51% used [0x0000000606e00000,0x000000060964abb0,0x000000060bc00000)
}
Event: 463.081 GC heap before
{Heap before GC invocations=19 (full 5):
 PSYoungGen      total 538112K, used 176640K [0x0000000759500000, 0x0000000790b00000, 0x0000000800000000)
  eden space 176640K, 100% used [0x0000000759500000,0x0000000764180000,0x0000000764180000)
  from space 361472K, 0% used [0x0000000764180000,0x0000000764180000,0x000000077a280000)
  to   space 356352K, 0% used [0x000000077af00000,0x000000077af00000,0x0000000790b00000)
 ParOldGen       total 1537536K, used 869807K [0x000000060c000000, 0x0000000669d80000, 0x0000000759500000)
  object space 1537536K, 56% used [0x000000060c000000,0x000000064116bed8,0x0000000669d80000)
 PSPermGen       total 79872K, used 41258K [0x0000000606e00000, 0x000000060bc00000, 0x000000060c000000)
  object space 79872K, 51% used [0x0000000606e00000,0x000000060964abb0,0x000000060bc00000)
Event: 463.152 GC heap after
Heap after GC invocations=19 (full 5):
 PSYoungGen      total 505856K, used 128249K [0x0000000759500000, 0x000000078df00000, 0x0000000800000000)
  eden space 194560K, 0% used [0x0000000759500000,0x0000000759500000,0x0000000765300000)
  from space 311296K, 41% used [0x000000077af00000,0x0000000782c3e598,0x000000078df00000)
  to   space 333824K, 0% used [0x0000000765300000,0x0000000765300000,0x0000000779900000)
 ParOldGen       total 1537536K, used 869807K [0x000000060c000000, 0x0000000669d80000, 0x0000000759500000)
  object space 1537536K, 56% used [0x000000060c000000,0x000000064116bed8,0x0000000669d80000)
 PSPermGen       total 79872K, used 41258K [0x0000000606e00000, 0x000000060bc00000, 0x000000060c000000)
  object space 79872K, 51% used [0x0000000606e00000,0x000000060964abb0,0x000000060bc00000)
}

