# JRE version: Java(TM) SE Runtime Environment (7.0_45-b18) (build 1.7.0_45-b18)
# Java VM: Java HotSpot(TM) 64-Bit Server VM (24.45-b08 mixed mode linux-amd64 compressed oops)
Heap
 PSYoungGen      total 677888K, used 428301K [0x0000000797d00000, 0x00000007d4a00000, 0x0000000800000000)
  eden space 638976K, 63% used [0x0000000797d00000,0x00000007b08d1e70,0x00000007bed00000)
  from space 38912K, 59% used [0x00000007c0a80000,0x00000007c20f17b0,0x00000007c3080000)
  to   space 178688K, 0% used [0x00000007c9b80000,0x00000007c9b80000,0x00000007d4a00000)
 ParOldGen       total 693248K, used 459693K [0x00000006c7800000, 0x00000006f1d00000, 0x0000000797d00000)
  object space 693248K, 66% used [0x00000006c7800000,0x00000006e38eb5f0,0x00000006f1d00000)
 PSPermGen       total 83968K, used 54156K [0x00000006c2600000, 0x00000006c7800000, 0x00000006c7800000)
  object space 83968K, 64% used [0x00000006c2600000,0x00000006c5ae30d8,0x00000006c7800000)
GC Heap History (10 events):
Event: 20.285 GC heap before
{Heap before GC invocations=10 (full 0):
 PSYoungGen      total 279552K, used 279531K [0x0000000797d00000, 0x00000007b6400000, 0x0000000800000000)
  eden space 261632K, 100% used [0x0000000797d00000,0x00000007a7c80000,0x00000007a7c80000)
  from space 17920K, 99% used [0x00000007a7c80000,0x00000007a8dfae00,0x00000007a8e00000)
  to   space 39936K, 0% used [0x00000007b3d00000,0x00000007b3d00000,0x00000007b6400000)
 ParOldGen       total 175104K, used 64371K [0x00000006c7800000, 0x00000006d2300000, 0x0000000797d00000)
  object space 175104K, 36% used [0x00000006c7800000,0x00000006cb6dcc20,0x00000006d2300000)
 PSPermGen       total 49152K, used 48811K [0x00000006c2600000, 0x00000006c5600000, 0x00000006c7800000)
  object space 49152K, 99% used [0x00000006c2600000,0x00000006c55aafa0,0x00000006c5600000)
Event: 20.306 GC heap after
Heap after GC invocations=10 (full 0):
 PSYoungGen      total 458240K, used 24051K [0x0000000797d00000, 0x00000007b6500000, 0x0000000800000000)
  eden space 418304K, 0% used [0x0000000797d00000,0x0000000797d00000,0x00000007b1580000)
  from space 39936K, 60% used [0x00000007b3d00000,0x00000007b547cdf8,0x00000007b6400000)
  to   space 40448K, 0% used [0x00000007b1580000,0x00000007b1580000,0x00000007b3d00000)
 ParOldGen       total 175104K, used 71065K [0x00000006c7800000, 0x00000006d2300000, 0x0000000797d00000)
  object space 175104K, 40% used [0x00000006c7800000,0x00000006cbd66790,0x00000006d2300000)
 PSPermGen       total 49152K, used 48811K [0x00000006c2600000, 0x00000006c5600000, 0x00000006c7800000)
  object space 49152K, 99% used [0x00000006c2600000,0x00000006c55aafa0,0x00000006c5600000)
}
Event: 25.328 GC heap before
{Heap before GC invocations=11 (full 0):
 PSYoungGen      total 458240K, used 442355K [0x0000000797d00000, 0x00000007b6500000, 0x0000000800000000)
  eden space 418304K, 100% used [0x0000000797d00000,0x00000007b1580000,0x00000007b1580000)
  from space 39936K, 60% used [0x00000007b3d00000,0x00000007b547cdf8,0x00000007b6400000)
  to   space 40448K, 0% used [0x00000007b1580000,0x00000007b1580000,0x00000007b3d00000)
 ParOldGen       total 175104K, used 71065K [0x00000006c7800000, 0x00000006d2300000, 0x0000000797d00000)
  object space 175104K, 40% used [0x00000006c7800000,0x00000006cbd66790,0x00000006d2300000)
 PSPermGen       total 49152K, used 49071K [0x00000006c2600000, 0x00000006c5600000, 0x00000006c7800000)
  object space 49152K, 99% used [0x00000006c2600000,0x00000006c55ebec0,0x00000006c5600000)
Event: 25.346 GC heap after
Heap after GC invocations=11 (full 0):
 PSYoungGen      total 458752K, used 18910K [0x0000000797d00000, 0x00000007c5600000, 0x0000000800000000)
  eden space 418304K, 0% used [0x0000000797d00000,0x0000000797d00000,0x00000007b1580000)
  from space 40448K, 46% used [0x00000007b1580000,0x00000007b27f79a8,0x00000007b3d00000)
  to   space 38400K, 0% used [0x00000007c3080000,0x00000007c3080000,0x00000007c5600000)
 ParOldGen       total 175104K, used 92992K [0x00000006c7800000, 0x00000006d2300000, 0x0000000797d00000)
  object space 175104K, 53% used [0x00000006c7800000,0x00000006cd2d0110,0x00000006d2300000)
 PSPermGen       total 49152K, used 49071K [0x00000006c2600000, 0x00000006c5600000, 0x00000006c7800000)
  object space 49152K, 99% used [0x00000006c2600000,0x00000006c55ebec0,0x00000006c5600000)
}
Event: 48.382 GC heap before
{Heap before GC invocations=12 (full 0):
 PSYoungGen      total 458752K, used 437214K [0x0000000797d00000, 0x00000007c5600000, 0x0000000800000000)
  eden space 418304K, 100% used [0x0000000797d00000,0x00000007b1580000,0x00000007b1580000)
  from space 40448K, 46% used [0x00000007b1580000,0x00000007b27f79a8,0x00000007b3d00000)
  to   space 38400K, 0% used [0x00000007c3080000,0x00000007c3080000,0x00000007c5600000)
 ParOldGen       total 175104K, used 92992K [0x00000006c7800000, 0x00000006d2300000, 0x0000000797d00000)
  object space 175104K, 53% used [0x00000006c7800000,0x00000006cd2d0110,0x00000006d2300000)
 PSPermGen       total 52736K, used 52351K [0x00000006c2600000, 0x00000006c5980000, 0x00000006c7800000)
  object space 52736K, 99% used [0x00000006c2600000,0x00000006c591fde0,0x00000006c5980000)
Event: 48.390 GC heap after
Heap after GC invocations=12 (full 0):
 PSYoungGen      total 707584K, used 3452K [0x0000000797d00000, 0x00000007c5700000, 0x0000000800000000)
  eden space 669184K, 0% used [0x0000000797d00000,0x0000000797d00000,0x00000007c0a80000)
  from space 38400K, 8% used [0x00000007c3080000,0x00000007c33df1e0,0x00000007c5600000)
  to   space 38912K, 0% used [0x00000007c0a80000,0x00000007c0a80000,0x00000007c3080000)
 ParOldGen       total 175104K, used 97766K [0x00000006c7800000, 0x00000006d2300000, 0x0000000797d00000)
  object space 175104K, 55% used [0x00000006c7800000,0x00000006cd779b10,0x00000006d2300000)
 PSPermGen       total 52736K, used 52351K [0x00000006c2600000, 0x00000006c5980000, 0x00000006c7800000)
  object space 52736K, 99% used [0x00000006c2600000,0x00000006c591fde0,0x00000006c5980000)
}
Event: 136.885 GC heap before
{Heap before GC invocations=13 (full 0):
 PSYoungGen      total 707584K, used 650947K [0x0000000797d00000, 0x00000007c5700000, 0x0000000800000000)
  eden space 669184K, 96% used [0x0000000797d00000,0x00000007bf551aa0,0x00000007c0a80000)
  from space 38400K, 8% used [0x00000007c3080000,0x00000007c33df1e0,0x00000007c5600000)
  to   space 38912K, 0% used [0x00000007c0a80000,0x00000007c0a80000,0x00000007c3080000)
 ParOldGen       total 175104K, used 97766K [0x00000006c7800000, 0x00000006d2300000, 0x0000000797d00000)
  object space 175104K, 55% used [0x00000006c7800000,0x00000006cd779b10,0x00000006d2300000)
 PSPermGen       total 54272K, used 54164K [0x00000006c2600000, 0x00000006c5b00000, 0x00000006c7800000)
  object space 54272K, 99% used [0x00000006c2600000,0x00000006c5ae5128,0x00000006c5b00000)
Event: 136.969 GC heap after
Heap after GC invocations=13 (full 0):
 PSYoungGen      total 677888K, used 38900K [0x0000000797d00000, 0x00000007d4a00000, 0x0000000800000000)
  eden space 638976K, 0% used [0x0000000797d00000,0x0000000797d00000,0x00000007bed00000)
  from space 38912K, 99% used [0x00000007c0a80000,0x00000007c307d1e8,0x00000007c3080000)
  to   space 178688K, 0% used [0x00000007c9b80000,0x00000007c9b80000,0x00000007d4a00000)
 ParOldGen       total 459776K, used 459142K [0x00000006c7800000, 0x00000006e3900000, 0x0000000797d00000)
  object space 459776K, 99% used [0x00000006c7800000,0x00000006e38619b0,0x00000006e3900000)
 PSPermGen       total 54272K, used 54164K [0x00000006c2600000, 0x00000006c5b00000, 0x00000006c7800000)
  object space 54272K, 99% used [0x00000006c2600000,0x00000006c5ae5128,0x00000006c5b00000)
}
Event: 136.969 GC heap before
{Heap before GC invocations=14 (full 1):
 PSYoungGen      total 677888K, used 38900K [0x0000000797d00000, 0x00000007d4a00000, 0x0000000800000000)
  eden space 638976K, 0% used [0x0000000797d00000,0x0000000797d00000,0x00000007bed00000)
  from space 38912K, 99% used [0x00000007c0a80000,0x00000007c307d1e8,0x00000007c3080000)
  to   space 178688K, 0% used [0x00000007c9b80000,0x00000007c9b80000,0x00000007d4a00000)
 ParOldGen       total 459776K, used 459142K [0x00000006c7800000, 0x00000006e3900000, 0x0000000797d00000)
  object space 459776K, 99% used [0x00000006c7800000,0x00000006e38619b0,0x00000006e3900000)
 PSPermGen       total 54272K, used 54164K [0x00000006c2600000, 0x00000006c5b00000, 0x00000006c7800000)
  object space 54272K, 99% used [0x00000006c2600000,0x00000006c5ae5128,0x00000006c5b00000)
Event: 137.249 GC heap after
Heap after GC invocations=14 (full 1):
 PSYoungGen      total 677888K, used 22981K [0x0000000797d00000, 0x00000007d4a00000, 0x0000000800000000)
  eden space 638976K, 0% used [0x0000000797d00000,0x0000000797d00000,0x00000007bed00000)
  from space 38912K, 59% used [0x00000007c0a80000,0x00000007c20f17b0,0x00000007c3080000)
  to   space 178688K, 0% used [0x00000007c9b80000,0x00000007c9b80000,0x00000007d4a00000)
 ParOldGen       total 693248K, used 459693K [0x00000006c7800000, 0x00000006f1d00000, 0x0000000797d00000)
  object space 693248K, 66% used [0x00000006c7800000,0x00000006e38eb5f0,0x00000006f1d00000)
 PSPermGen       total 83968K, used 54142K [0x00000006c2600000, 0x00000006c7800000, 0x00000006c7800000)
  object space 83968K, 64% used [0x00000006c2600000,0x00000006c5adf980,0x00000006c7800000)
}

