# JRE version: Java(TM) SE Runtime Environment (7.0_45-b18) (build 1.7.0_45-b18)
# Java VM: Java HotSpot(TM) 64-Bit Server VM (24.45-b08 mixed mode linux-amd64 compressed oops)
Heap
 PSYoungGen      total 105984K, used 62381K [0x0000000759500000, 0x0000000764500000, 0x0000000800000000)
  eden space 53760K, 25% used [0x0000000759500000,0x000000075a283e28,0x000000075c980000)
  from space 52224K, 92% used [0x0000000760400000,0x00000007633677b0,0x0000000763700000)
  to   space 59904K, 0% used [0x000000075c980000,0x000000075c980000,0x0000000760400000)
 ParOldGen       total 175104K, used 80468K [0x000000060c000000, 0x0000000616b00000, 0x0000000759500000)
  object space 175104K, 45% used [0x000000060c000000,0x0000000610e95328,0x0000000616b00000)
 PSPermGen       total 52224K, used 52116K [0x0000000606e00000, 0x000000060a100000, 0x000000060c000000)
  object space 52224K, 99% used [0x0000000606e00000,0x000000060a0e52e0,0x000000060a100000)
GC Heap History (10 events):
Event: 7.546 GC heap before
{Heap before GC invocations=4 (full 0):
 PSYoungGen      total 76800K, used 73988K [0x0000000759500000, 0x000000075ea80000, 0x0000000800000000)
  eden space 66048K, 95% used [0x0000000759500000,0x000000075d2c8e20,0x000000075d580000)
  from space 10752K, 99% used [0x000000075d580000,0x000000075dff8378,0x000000075e000000)
  to   space 10752K, 0% used [0x000000075e000000,0x000000075e000000,0x000000075ea80000)
 ParOldGen       total 175104K, used 5534K [0x000000060c000000, 0x0000000616b00000, 0x0000000759500000)
  object space 175104K, 3% used [0x000000060c000000,0x000000060c567968,0x0000000616b00000)
 PSPermGen       total 40960K, used 40674K [0x0000000606e00000, 0x0000000609600000, 0x000000060c000000)
  object space 40960K, 99% used [0x0000000606e00000,0x00000006095b8ac0,0x0000000609600000)
Event: 7.556 GC heap after
Heap after GC invocations=4 (full 0):
 PSYoungGen      total 76800K, used 10724K [0x0000000759500000, 0x000000075ea80000, 0x0000000800000000)
  eden space 66048K, 0% used [0x0000000759500000,0x0000000759500000,0x000000075d580000)
  from space 10752K, 99% used [0x000000075e000000,0x000000075ea793f0,0x000000075ea80000)
  to   space 10752K, 0% used [0x000000075d580000,0x000000075d580000,0x000000075e000000)
 ParOldGen       total 175104K, used 23697K [0x000000060c000000, 0x0000000616b00000, 0x0000000759500000)
  object space 175104K, 13% used [0x000000060c000000,0x000000060d724758,0x0000000616b00000)
 PSPermGen       total 40960K, used 40674K [0x0000000606e00000, 0x0000000609600000, 0x000000060c000000)
  object space 40960K, 99% used [0x0000000606e00000,0x00000006095b8ac0,0x0000000609600000)
}
Event: 9.799 GC heap before
{Heap before GC invocations=5 (full 0):
 PSYoungGen      total 76800K, used 76772K [0x0000000759500000, 0x000000075ea80000, 0x0000000800000000)
  eden space 66048K, 100% used [0x0000000759500000,0x000000075d580000,0x000000075d580000)
  from space 10752K, 99% used [0x000000075e000000,0x000000075ea793f0,0x000000075ea80000)
  to   space 10752K, 0% used [0x000000075d580000,0x000000075d580000,0x000000075e000000)
 ParOldGen       total 175104K, used 23697K [0x000000060c000000, 0x0000000616b00000, 0x0000000759500000)
  object space 175104K, 13% used [0x000000060c000000,0x000000060d724758,0x0000000616b00000)
 PSPermGen       total 46080K, used 45987K [0x0000000606e00000, 0x0000000609b00000, 0x000000060c000000)
  object space 46080K, 99% used [0x0000000606e00000,0x0000000609ae8d20,0x0000000609b00000)
Event: 9.812 GC heap after
Heap after GC invocations=5 (full 0):
 PSYoungGen      total 75264K, used 10751K [0x0000000759500000, 0x0000000764900000, 0x0000000800000000)
  eden space 64512K, 0% used [0x0000000759500000,0x0000000759500000,0x000000075d400000)
  from space 10752K, 99% used [0x000000075d580000,0x000000075dfffc18,0x000000075e000000)
  to   space 59904K, 0% used [0x0000000760e80000,0x0000000760e80000,0x0000000764900000)
 ParOldGen       total 175104K, used 74138K [0x000000060c000000, 0x0000000616b00000, 0x0000000759500000)
  object space 175104K, 42% used [0x000000060c000000,0x00000006108668d8,0x0000000616b00000)
 PSPermGen       total 46080K, used 45987K [0x0000000606e00000, 0x0000000609b00000, 0x000000060c000000)
  object space 46080K, 99% used [0x0000000606e00000,0x0000000609ae8d20,0x0000000609b00000)
}
Event: 17.434 GC heap before
{Heap before GC invocations=6 (full 0):
 PSYoungGen      total 75264K, used 74896K [0x0000000759500000, 0x0000000764900000, 0x0000000800000000)
  eden space 64512K, 99% used [0x0000000759500000,0x000000075d3a45f0,0x000000075d400000)
  from space 10752K, 99% used [0x000000075d580000,0x000000075dfffc18,0x000000075e000000)
  to   space 59904K, 0% used [0x0000000760e80000,0x0000000760e80000,0x0000000764900000)
 ParOldGen       total 175104K, used 74138K [0x000000060c000000, 0x0000000616b00000, 0x0000000759500000)
  object space 175104K, 42% used [0x000000060c000000,0x00000006108668d8,0x0000000616b00000)
 PSPermGen       total 49664K, used 49416K [0x0000000606e00000, 0x0000000609e80000, 0x000000060c000000)
  object space 49664K, 99% used [0x0000000606e00000,0x0000000609e42330,0x0000000609e80000)
Event: 17.445 GC heap after
Heap after GC invocations=6 (full 0):
 PSYoungGen      total 114176K, used 14929K [0x0000000759500000, 0x0000000764080000, 0x0000000800000000)
  eden space 62976K, 0% used [0x0000000759500000,0x0000000759500000,0x000000075d280000)
  from space 51200K, 29% used [0x0000000760e80000,0x0000000761d146d0,0x0000000764080000)
  to   space 56320K, 0% used [0x000000075d280000,0x000000075d280000,0x0000000760980000)
 ParOldGen       total 175104K, used 74146K [0x000000060c000000, 0x0000000616b00000, 0x0000000759500000)
  object space 175104K, 42% used [0x000000060c000000,0x00000006108688d8,0x0000000616b00000)
 PSPermGen       total 49664K, used 49416K [0x0000000606e00000, 0x0000000609e80000, 0x000000060c000000)
  object space 49664K, 99% used [0x0000000606e00000,0x0000000609e42330,0x0000000609e80000)
}
Event: 26.981 GC heap before
{Heap before GC invocations=7 (full 0):
 PSYoungGen      total 114176K, used 77905K [0x0000000759500000, 0x0000000764080000, 0x0000000800000000)
  eden space 62976K, 100% used [0x0000000759500000,0x000000075d280000,0x000000075d280000)
  from space 51200K, 29% used [0x0000000760e80000,0x0000000761d146d0,0x0000000764080000)
  to   space 56320K, 0% used [0x000000075d280000,0x000000075d280000,0x0000000760980000)
 ParOldGen       total 175104K, used 74146K [0x000000060c000000, 0x0000000616b00000, 0x0000000759500000)
  object space 175104K, 42% used [0x000000060c000000,0x00000006108688d8,0x0000000616b00000)
 PSPermGen       total 49664K, used 49478K [0x0000000606e00000, 0x0000000609e80000, 0x000000060c000000)
  object space 49664K, 99% used [0x0000000606e00000,0x0000000609e51b80,0x0000000609e80000)
Event: 26.992 GC heap after
Heap after GC invocations=7 (full 0):
 PSYoungGen      total 82944K, used 21323K [0x0000000759500000, 0x0000000763700000, 0x0000000800000000)
  eden space 61440K, 0% used [0x0000000759500000,0x0000000759500000,0x000000075d100000)
  from space 21504K, 99% used [0x000000075d280000,0x000000075e752f88,0x000000075e780000)
  to   space 52224K, 0% used [0x0000000760400000,0x0000000760400000,0x0000000763700000)
 ParOldGen       total 175104K, used 76830K [0x000000060c000000, 0x0000000616b00000, 0x0000000759500000)
  object space 175104K, 43% used [0x000000060c000000,0x0000000610b07a70,0x0000000616b00000)
 PSPermGen       total 49664K, used 49478K [0x0000000606e00000, 0x0000000609e80000, 0x000000060c000000)
  object space 49664K, 99% used [0x0000000606e00000,0x0000000609e51b80,0x0000000609e80000)
}
Event: 52.098 GC heap before
{Heap before GC invocations=8 (full 0):
 PSYoungGen      total 82944K, used 82763K [0x0000000759500000, 0x0000000763700000, 0x0000000800000000)
  eden space 61440K, 100% used [0x0000000759500000,0x000000075d100000,0x000000075d100000)
  from space 21504K, 99% used [0x000000075d280000,0x000000075e752f88,0x000000075e780000)
  to   space 52224K, 0% used [0x0000000760400000,0x0000000760400000,0x0000000763700000)
 ParOldGen       total 175104K, used 76830K [0x000000060c000000, 0x0000000616b00000, 0x0000000759500000)
  object space 175104K, 43% used [0x000000060c000000,0x0000000610b07a70,0x0000000616b00000)
 PSPermGen       total 52224K, used 51873K [0x0000000606e00000, 0x000000060a100000, 0x000000060c000000)
  object space 52224K, 99% used [0x0000000606e00000,0x000000060a0a84b0,0x000000060a100000)
Event: 52.110 GC heap after
Heap after GC invocations=8 (full 0):
 PSYoungGen      total 105984K, used 48541K [0x0000000759500000, 0x0000000764500000, 0x0000000800000000)
  eden space 53760K, 0% used [0x0000000759500000,0x0000000759500000,0x000000075c980000)
  from space 52224K, 92% used [0x0000000760400000,0x00000007633677b0,0x0000000763700000)
  to   space 59904K, 0% used [0x000000075c980000,0x000000075c980000,0x0000000760400000)
 ParOldGen       total 175104K, used 80468K [0x000000060c000000, 0x0000000616b00000, 0x0000000759500000)
  object space 175104K, 45% used [0x000000060c000000,0x0000000610e95328,0x0000000616b00000)
 PSPermGen       total 52224K, used 51873K [0x0000000606e00000, 0x000000060a100000, 0x000000060c000000)
  object space 52224K, 99% used [0x0000000606e00000,0x000000060a0a84b0,0x000000060a100000)
}

