# JRE version: Java(TM) SE Runtime Environment (7.0_45-b18) (build 1.7.0_45-b18)
# Java VM: Java HotSpot(TM) 64-Bit Server VM (24.45-b08 mixed mode linux-amd64 compressed oops)
Heap
 PSYoungGen      total 300032K, used 184780K [0x0000000759500000, 0x0000000770800000, 0x0000000800000000)
  eden space 252416K, 54% used [0x0000000759500000,0x0000000761af3a40,0x0000000768b80000)
  from space 47616K, 99% used [0x000000076c480000,0x000000076f2ff748,0x000000076f300000)
  to   space 58368K, 0% used [0x0000000768b80000,0x0000000768b80000,0x000000076c480000)
 ParOldGen       total 175104K, used 53207K [0x000000060c000000, 0x0000000616b00000, 0x0000000759500000)
  object space 175104K, 30% used [0x000000060c000000,0x000000060f3f5f50,0x0000000616b00000)
 PSPermGen       total 52736K, used 52438K [0x0000000606e00000, 0x000000060a180000, 0x000000060c000000)
  object space 52736K, 99% used [0x0000000606e00000,0x000000060a135bf8,0x000000060a180000)
GC Heap History (10 events):
Event: 21.164 GC heap before
{Heap before GC invocations=4 (full 0):
 PSYoungGen      total 76800K, used 76797K [0x0000000759500000, 0x000000075ea80000, 0x0000000800000000)
  eden space 66048K, 100% used [0x0000000759500000,0x000000075d580000,0x000000075d580000)
  from space 10752K, 99% used [0x000000075d580000,0x000000075dfff670,0x000000075e000000)
  to   space 10752K, 0% used [0x000000075e000000,0x000000075e000000,0x000000075ea80000)
 ParOldGen       total 175104K, used 5433K [0x000000060c000000, 0x0000000616b00000, 0x0000000759500000)
  object space 175104K, 3% used [0x000000060c000000,0x000000060c54e7c8,0x0000000616b00000)
 PSPermGen       total 35328K, used 34867K [0x0000000606e00000, 0x0000000609080000, 0x000000060c000000)
  object space 35328K, 98% used [0x0000000606e00000,0x000000060900cf80,0x0000000609080000)
Event: 21.172 GC heap after
Heap after GC invocations=4 (full 0):
 PSYoungGen      total 76800K, used 10747K [0x0000000759500000, 0x000000075ea80000, 0x0000000800000000)
  eden space 66048K, 0% used [0x0000000759500000,0x0000000759500000,0x000000075d580000)
  from space 10752K, 99% used [0x000000075e000000,0x000000075ea7ee00,0x000000075ea80000)
  to   space 10752K, 0% used [0x000000075d580000,0x000000075d580000,0x000000075e000000)
 ParOldGen       total 175104K, used 9141K [0x000000060c000000, 0x0000000616b00000, 0x0000000759500000)
  object space 175104K, 5% used [0x000000060c000000,0x000000060c8ed440,0x0000000616b00000)
 PSPermGen       total 35328K, used 34867K [0x0000000606e00000, 0x0000000609080000, 0x000000060c000000)
  object space 35328K, 98% used [0x0000000606e00000,0x000000060900cf80,0x0000000609080000)
}
Event: 21.688 GC heap before
{Heap before GC invocations=5 (full 0):
 PSYoungGen      total 76800K, used 76795K [0x0000000759500000, 0x000000075ea80000, 0x0000000800000000)
  eden space 66048K, 100% used [0x0000000759500000,0x000000075d580000,0x000000075d580000)
  from space 10752K, 99% used [0x000000075e000000,0x000000075ea7ee00,0x000000075ea80000)
  to   space 10752K, 0% used [0x000000075d580000,0x000000075d580000,0x000000075e000000)
 ParOldGen       total 175104K, used 9513K [0x000000060c000000, 0x0000000616b00000, 0x0000000759500000)
  object space 175104K, 5% used [0x000000060c000000,0x000000060c94a460,0x0000000616b00000)
 PSPermGen       total 36864K, used 36636K [0x0000000606e00000, 0x0000000609200000, 0x000000060c000000)
  object space 36864K, 99% used [0x0000000606e00000,0x00000006091c7340,0x0000000609200000)
Event: 21.708 GC heap after
Heap after GC invocations=5 (full 0):
 PSYoungGen      total 76800K, used 10742K [0x0000000759500000, 0x0000000765800000, 0x0000000800000000)
  eden space 66048K, 0% used [0x0000000759500000,0x0000000759500000,0x000000075d580000)
  from space 10752K, 99% used [0x000000075d580000,0x000000075dffd838,0x000000075e000000)
  to   space 33792K, 0% used [0x0000000763700000,0x0000000763700000,0x0000000765800000)
 ParOldGen       total 175104K, used 33351K [0x000000060c000000, 0x0000000616b00000, 0x0000000759500000)
  object space 175104K, 19% used [0x000000060c000000,0x000000060e091de8,0x0000000616b00000)
 PSPermGen       total 36864K, used 36636K [0x0000000606e00000, 0x0000000609200000, 0x000000060c000000)
  object space 36864K, 99% used [0x0000000606e00000,0x00000006091c7340,0x0000000609200000)
}
Event: 22.062 GC heap before
{Heap before GC invocations=6 (full 0):
 PSYoungGen      total 76800K, used 76790K [0x0000000759500000, 0x0000000765800000, 0x0000000800000000)
  eden space 66048K, 100% used [0x0000000759500000,0x000000075d580000,0x000000075d580000)
  from space 10752K, 99% used [0x000000075d580000,0x000000075dffd838,0x000000075e000000)
  to   space 33792K, 0% used [0x0000000763700000,0x0000000763700000,0x0000000765800000)
 ParOldGen       total 175104K, used 33351K [0x000000060c000000, 0x0000000616b00000, 0x0000000759500000)
  object space 175104K, 19% used [0x000000060c000000,0x000000060e091de8,0x0000000616b00000)
 PSPermGen       total 36864K, used 36713K [0x0000000606e00000, 0x0000000609200000, 0x000000060c000000)
  object space 36864K, 99% used [0x0000000606e00000,0x00000006091da560,0x0000000609200000)
Event: 22.078 GC heap after
Heap after GC invocations=6 (full 0):
 PSYoungGen      total 165376K, used 21223K [0x0000000759500000, 0x0000000765900000, 0x0000000800000000)
  eden space 131584K, 0% used [0x0000000759500000,0x0000000759500000,0x0000000761580000)
  from space 33792K, 62% used [0x0000000763700000,0x0000000764bb9eb0,0x0000000765800000)
  to   space 34304K, 0% used [0x0000000761580000,0x0000000761580000,0x0000000763700000)
 ParOldGen       total 175104K, used 33351K [0x000000060c000000, 0x0000000616b00000, 0x0000000759500000)
  object space 175104K, 19% used [0x000000060c000000,0x000000060e091de8,0x0000000616b00000)
 PSPermGen       total 36864K, used 36713K [0x0000000606e00000, 0x0000000609200000, 0x000000060c000000)
  object space 36864K, 99% used [0x0000000606e00000,0x00000006091da560,0x0000000609200000)
}
Event: 24.228 GC heap before
{Heap before GC invocations=7 (full 0):
 PSYoungGen      total 165376K, used 152807K [0x0000000759500000, 0x0000000765900000, 0x0000000800000000)
  eden space 131584K, 100% used [0x0000000759500000,0x0000000761580000,0x0000000761580000)
  from space 33792K, 62% used [0x0000000763700000,0x0000000764bb9eb0,0x0000000765800000)
  to   space 34304K, 0% used [0x0000000761580000,0x0000000761580000,0x0000000763700000)
 ParOldGen       total 175104K, used 33351K [0x000000060c000000, 0x0000000616b00000, 0x0000000759500000)
  object space 175104K, 19% used [0x000000060c000000,0x000000060e091de8,0x0000000616b00000)
 PSPermGen       total 48640K, used 48341K [0x0000000606e00000, 0x0000000609d80000, 0x000000060c000000)
  object space 48640K, 99% used [0x0000000606e00000,0x0000000609d354f0,0x0000000609d80000)
Event: 24.247 GC heap after
Heap after GC invocations=7 (full 0):
 PSYoungGen      total 165888K, used 34281K [0x0000000759500000, 0x000000076f300000, 0x0000000800000000)
  eden space 131584K, 0% used [0x0000000759500000,0x0000000759500000,0x0000000761580000)
  from space 34304K, 99% used [0x0000000761580000,0x00000007636fa7c8,0x0000000763700000)
  to   space 47616K, 0% used [0x000000076c480000,0x000000076c480000,0x000000076f300000)
 ParOldGen       total 175104K, used 48045K [0x000000060c000000, 0x0000000616b00000, 0x0000000759500000)
  object space 175104K, 27% used [0x000000060c000000,0x000000060eeeb550,0x0000000616b00000)
 PSPermGen       total 48640K, used 48341K [0x0000000606e00000, 0x0000000609d80000, 0x000000060c000000)
  object space 48640K, 99% used [0x0000000606e00000,0x0000000609d354f0,0x0000000609d80000)
}
Event: 31.079 GC heap before
{Heap before GC invocations=8 (full 0):
 PSYoungGen      total 165888K, used 165865K [0x0000000759500000, 0x000000076f300000, 0x0000000800000000)
  eden space 131584K, 100% used [0x0000000759500000,0x0000000761580000,0x0000000761580000)
  from space 34304K, 99% used [0x0000000761580000,0x00000007636fa7c8,0x0000000763700000)
  to   space 47616K, 0% used [0x000000076c480000,0x000000076c480000,0x000000076f300000)
 ParOldGen       total 175104K, used 48045K [0x000000060c000000, 0x0000000616b00000, 0x0000000759500000)
  object space 175104K, 27% used [0x000000060c000000,0x000000060eeeb550,0x0000000616b00000)
 PSPermGen       total 50176K, used 50063K [0x0000000606e00000, 0x0000000609f00000, 0x000000060c000000)
  object space 50176K, 99% used [0x0000000606e00000,0x0000000609ee3c10,0x0000000609f00000)
Event: 31.098 GC heap after
Heap after GC invocations=8 (full 0):
 PSYoungGen      total 300032K, used 47613K [0x0000000759500000, 0x0000000770800000, 0x0000000800000000)
  eden space 252416K, 0% used [0x0000000759500000,0x0000000759500000,0x0000000768b80000)
  from space 47616K, 99% used [0x000000076c480000,0x000000076f2ff748,0x000000076f300000)
  to   space 58368K, 0% used [0x0000000768b80000,0x0000000768b80000,0x000000076c480000)
 ParOldGen       total 175104K, used 53207K [0x000000060c000000, 0x0000000616b00000, 0x0000000759500000)
  object space 175104K, 30% used [0x000000060c000000,0x000000060f3f5f50,0x0000000616b00000)
 PSPermGen       total 50176K, used 50063K [0x0000000606e00000, 0x0000000609f00000, 0x000000060c000000)
  object space 50176K, 99% used [0x0000000606e00000,0x0000000609ee3c10,0x0000000609f00000)
}

