# JRE version: Java(TM) SE Runtime Environment (7.0_45-b18) (build 1.7.0_45-b18)
# Java VM: Java HotSpot(TM) 64-Bit Server VM (24.45-b08 mixed mode linux-amd64 compressed oops)
Heap
 PSYoungGen      total 74752K, used 21551K [0x0000000759500000, 0x000000075fd00000, 0x0000000800000000)
  eden space 59392K, 10% used [0x0000000759500000,0x0000000759b4cf18,0x000000075cf00000)
  from space 15360K, 98% used [0x000000075d000000,0x000000075debf0d0,0x000000075df00000)
  to   space 23552K, 0% used [0x000000075e600000,0x000000075e600000,0x000000075fd00000)
 ParOldGen       total 175104K, used 28576K [0x000000060c000000, 0x0000000616b00000, 0x0000000759500000)
  object space 175104K, 16% used [0x000000060c000000,0x000000060dbe8018,0x0000000616b00000)
 PSPermGen       total 54784K, used 54457K [0x0000000606e00000, 0x000000060a380000, 0x000000060c000000)
  object space 54784K, 99% used [0x0000000606e00000,0x000000060a32e618,0x000000060a380000)
GC Heap History (10 events):
Event: 11.055 GC heap before
{Heap before GC invocations=5 (full 0):
 PSYoungGen      total 76800K, used 76768K [0x0000000759500000, 0x000000075ea80000, 0x0000000800000000)
  eden space 66048K, 100% used [0x0000000759500000,0x000000075d580000,0x000000075d580000)
  from space 10752K, 99% used [0x000000075e000000,0x000000075ea783c8,0x000000075ea80000)
  to   space 10752K, 0% used [0x000000075d580000,0x000000075d580000,0x000000075e000000)
 ParOldGen       total 175104K, used 11302K [0x000000060c000000, 0x0000000616b00000, 0x0000000759500000)
  object space 175104K, 6% used [0x000000060c000000,0x000000060cb09920,0x0000000616b00000)
 PSPermGen       total 41984K, used 41932K [0x0000000606e00000, 0x0000000609700000, 0x000000060c000000)
  object space 41984K, 99% used [0x0000000606e00000,0x00000006096f33b0,0x0000000609700000)
Event: 11.063 GC heap after
Heap after GC invocations=5 (full 0):
 PSYoungGen      total 75264K, used 10750K [0x0000000759500000, 0x000000075fd00000, 0x0000000800000000)
  eden space 64512K, 0% used [0x0000000759500000,0x0000000759500000,0x000000075d400000)
  from space 10752K, 99% used [0x000000075d580000,0x000000075dfff838,0x000000075e000000)
  to   space 20992K, 0% used [0x000000075e880000,0x000000075e880000,0x000000075fd00000)
 ParOldGen       total 175104K, used 14683K [0x000000060c000000, 0x0000000616b00000, 0x0000000759500000)
  object space 175104K, 8% used [0x000000060c000000,0x000000060ce56c18,0x0000000616b00000)
 PSPermGen       total 41984K, used 41932K [0x0000000606e00000, 0x0000000609700000, 0x000000060c000000)
  object space 41984K, 99% used [0x0000000606e00000,0x00000006096f33b0,0x0000000609700000)
}
Event: 15.193 GC heap before
{Heap before GC invocations=6 (full 0):
 PSYoungGen      total 75264K, used 75262K [0x0000000759500000, 0x000000075fd00000, 0x0000000800000000)
  eden space 64512K, 100% used [0x0000000759500000,0x000000075d400000,0x000000075d400000)
  from space 10752K, 99% used [0x000000075d580000,0x000000075dfff838,0x000000075e000000)
  to   space 20992K, 0% used [0x000000075e880000,0x000000075e880000,0x000000075fd00000)
 ParOldGen       total 175104K, used 14683K [0x000000060c000000, 0x0000000616b00000, 0x0000000759500000)
  object space 175104K, 8% used [0x000000060c000000,0x000000060ce56c18,0x0000000616b00000)
 PSPermGen       total 50176K, used 49886K [0x0000000606e00000, 0x0000000609f00000, 0x000000060c000000)
  object space 50176K, 99% used [0x0000000606e00000,0x0000000609eb7bf8,0x0000000609f00000)
Event: 15.204 GC heap after
Heap after GC invocations=6 (full 0):
 PSYoungGen      total 83968K, used 17728K [0x0000000759500000, 0x000000075fe80000, 0x0000000800000000)
  eden space 62976K, 0% used [0x0000000759500000,0x0000000759500000,0x000000075d280000)
  from space 20992K, 84% used [0x000000075e880000,0x000000075f9d02a0,0x000000075fd00000)
  to   space 22528K, 0% used [0x000000075d280000,0x000000075d280000,0x000000075e880000)
 ParOldGen       total 175104K, used 14691K [0x000000060c000000, 0x0000000616b00000, 0x0000000759500000)
  object space 175104K, 8% used [0x000000060c000000,0x000000060ce58c18,0x0000000616b00000)
 PSPermGen       total 50176K, used 49886K [0x0000000606e00000, 0x0000000609f00000, 0x000000060c000000)
  object space 50176K, 99% used [0x0000000606e00000,0x0000000609eb7bf8,0x0000000609f00000)
}
Event: 19.554 GC heap before
{Heap before GC invocations=7 (full 0):
 PSYoungGen      total 83968K, used 80704K [0x0000000759500000, 0x000000075fe80000, 0x0000000800000000)
  eden space 62976K, 100% used [0x0000000759500000,0x000000075d280000,0x000000075d280000)
  from space 20992K, 84% used [0x000000075e880000,0x000000075f9d02a0,0x000000075fd00000)
  to   space 22528K, 0% used [0x000000075d280000,0x000000075d280000,0x000000075e880000)
 ParOldGen       total 175104K, used 14691K [0x000000060c000000, 0x0000000616b00000, 0x0000000759500000)
  object space 175104K, 8% used [0x000000060c000000,0x000000060ce58c18,0x0000000616b00000)
 PSPermGen       total 54272K, used 53955K [0x0000000606e00000, 0x000000060a300000, 0x000000060c000000)
  object space 54272K, 99% used [0x0000000606e00000,0x000000060a2b0f18,0x000000060a300000)
Event: 19.567 GC heap after
Heap after GC invocations=7 (full 0):
 PSYoungGen      total 83968K, used 18852K [0x0000000759500000, 0x0000000760000000, 0x0000000800000000)
  eden space 61440K, 0% used [0x0000000759500000,0x0000000759500000,0x000000075d100000)
  from space 22528K, 83% used [0x000000075d280000,0x000000075e4e9068,0x000000075e880000)
  to   space 24064K, 0% used [0x000000075e880000,0x000000075e880000,0x0000000760000000)
 ParOldGen       total 175104K, used 19451K [0x000000060c000000, 0x0000000616b00000, 0x0000000759500000)
  object space 175104K, 11% used [0x000000060c000000,0x000000060d2fef18,0x0000000616b00000)
 PSPermGen       total 54272K, used 53955K [0x0000000606e00000, 0x000000060a300000, 0x000000060c000000)
  object space 54272K, 99% used [0x0000000606e00000,0x000000060a2b0f18,0x000000060a300000)
}
Event: 22.228 GC heap before
{Heap before GC invocations=8 (full 0):
 PSYoungGen      total 83968K, used 80292K [0x0000000759500000, 0x0000000760000000, 0x0000000800000000)
  eden space 61440K, 100% used [0x0000000759500000,0x000000075d100000,0x000000075d100000)
  from space 22528K, 83% used [0x000000075d280000,0x000000075e4e9068,0x000000075e880000)
  to   space 24064K, 0% used [0x000000075e880000,0x000000075e880000,0x0000000760000000)
 ParOldGen       total 175104K, used 19451K [0x000000060c000000, 0x0000000616b00000, 0x0000000759500000)
  object space 175104K, 11% used [0x000000060c000000,0x000000060d2fef18,0x0000000616b00000)
 PSPermGen       total 54272K, used 54175K [0x0000000606e00000, 0x000000060a300000, 0x000000060c000000)
  object space 54272K, 99% used [0x0000000606e00000,0x000000060a2e7fa0,0x000000060a300000)
Event: 22.236 GC heap after
Heap after GC invocations=8 (full 0):
 PSYoungGen      total 83456K, used 16100K [0x0000000759500000, 0x000000075ff00000, 0x0000000800000000)
  eden space 60416K, 0% used [0x0000000759500000,0x0000000759500000,0x000000075d000000)
  from space 23040K, 69% used [0x000000075e880000,0x000000075f839000,0x000000075ff00000)
  to   space 24064K, 0% used [0x000000075d000000,0x000000075d000000,0x000000075e780000)
 ParOldGen       total 175104K, used 22410K [0x000000060c000000, 0x0000000616b00000, 0x0000000759500000)
  object space 175104K, 12% used [0x000000060c000000,0x000000060d5e2a70,0x0000000616b00000)
 PSPermGen       total 54272K, used 54175K [0x0000000606e00000, 0x000000060a300000, 0x000000060c000000)
  object space 54272K, 99% used [0x0000000606e00000,0x000000060a2e7fa0,0x000000060a300000)
}
Event: 25.487 GC heap before
{Heap before GC invocations=9 (full 0):
 PSYoungGen      total 83456K, used 76516K [0x0000000759500000, 0x000000075ff00000, 0x0000000800000000)
  eden space 60416K, 100% used [0x0000000759500000,0x000000075d000000,0x000000075d000000)
  from space 23040K, 69% used [0x000000075e880000,0x000000075f839000,0x000000075ff00000)
  to   space 24064K, 0% used [0x000000075d000000,0x000000075d000000,0x000000075e780000)
 ParOldGen       total 175104K, used 22410K [0x000000060c000000, 0x0000000616b00000, 0x0000000759500000)
  object space 175104K, 12% used [0x000000060c000000,0x000000060d5e2a70,0x0000000616b00000)
 PSPermGen       total 54784K, used 54430K [0x0000000606e00000, 0x000000060a380000, 0x000000060c000000)
  object space 54784K, 99% used [0x0000000606e00000,0x000000060a327888,0x000000060a380000)
Event: 25.495 GC heap after
Heap after GC invocations=9 (full 0):
 PSYoungGen      total 74752K, used 15100K [0x0000000759500000, 0x000000075fd00000, 0x0000000800000000)
  eden space 59392K, 0% used [0x0000000759500000,0x0000000759500000,0x000000075cf00000)
  from space 15360K, 98% used [0x000000075d000000,0x000000075debf0d0,0x000000075df00000)
  to   space 23552K, 0% used [0x000000075e600000,0x000000075e600000,0x000000075fd00000)
 ParOldGen       total 175104K, used 28576K [0x000000060c000000, 0x0000000616b00000, 0x0000000759500000)
  object space 175104K, 16% used [0x000000060c000000,0x000000060dbe8018,0x0000000616b00000)
 PSPermGen       total 54784K, used 54430K [0x0000000606e00000, 0x000000060a380000, 0x000000060c000000)
  object space 54784K, 99% used [0x0000000606e00000,0x000000060a327888,0x000000060a380000)
}

