# JRE version: Java(TM) SE Runtime Environment (7.0_45-b18) (build 1.7.0_45-b18)
# Java VM: Java HotSpot(TM) 64-Bit Server VM (24.45-b08 mixed mode linux-amd64 compressed oops)
Heap
 PSYoungGen      total 443904K, used 347695K [0x0000000797d00000, 0x00000007b9c80000, 0x0000000800000000)
  eden space 365568K, 95% used [0x0000000797d00000,0x00000007ad08bdc0,0x00000007ae200000)
  from space 78336K, 0% used [0x00000007b3a80000,0x00000007b3a80000,0x00000007b8700000)
  to   space 90624K, 0% used [0x00000007ae200000,0x00000007ae200000,0x00000007b3a80000)
 ParOldGen       total 936960K, used 916979K [0x00000006c7800000, 0x0000000700b00000, 0x0000000797d00000)
  object space 936960K, 97% used [0x00000006c7800000,0x00000006ff77cc00,0x0000000700b00000)
 PSPermGen       total 83968K, used 51597K [0x00000006c2600000, 0x00000006c7800000, 0x00000006c7800000)
  object space 83968K, 61% used [0x00000006c2600000,0x00000006c5863708,0x00000006c7800000)
GC Heap History (10 events):
Event: 22.870 GC heap before
{Heap before GC invocations=10 (full 0):
 PSYoungGen      total 199168K, used 192140K [0x0000000797d00000, 0x00000007ad380000, 0x0000000800000000)
  eden space 147456K, 100% used [0x0000000797d00000,0x00000007a0d00000,0x00000007a0d00000)
  from space 51712K, 86% used [0x00000007a0d00000,0x00000007a38a3128,0x00000007a3f80000)
  to   space 57344K, 0% used [0x00000007a9b80000,0x00000007a9b80000,0x00000007ad380000)
 ParOldGen       total 175104K, used 61410K [0x00000006c7800000, 0x00000006d2300000, 0x0000000797d00000)
  object space 175104K, 35% used [0x00000006c7800000,0x00000006cb3f8960,0x00000006d2300000)
 PSPermGen       total 49664K, used 49399K [0x00000006c2600000, 0x00000006c5680000, 0x00000006c7800000)
  object space 49664K, 99% used [0x00000006c2600000,0x00000006c563dec8,0x00000006c5680000)
Event: 22.895 GC heap after
Heap after GC invocations=10 (full 0):
 PSYoungGen      total 288256K, used 21279K [0x0000000797d00000, 0x00000007ace80000, 0x0000000800000000)
  eden space 236032K, 0% used [0x0000000797d00000,0x0000000797d00000,0x00000007a6380000)
  from space 52224K, 40% used [0x00000007a9b80000,0x00000007ab047e18,0x00000007ace80000)
  to   space 54784K, 0% used [0x00000007a6380000,0x00000007a6380000,0x00000007a9900000)
 ParOldGen       total 175104K, used 81467K [0x00000006c7800000, 0x00000006d2300000, 0x0000000797d00000)
  object space 175104K, 46% used [0x00000006c7800000,0x00000006cc78eef0,0x00000006d2300000)
 PSPermGen       total 49664K, used 49399K [0x00000006c2600000, 0x00000006c5680000, 0x00000006c7800000)
  object space 49664K, 99% used [0x00000006c2600000,0x00000006c563dec8,0x00000006c5680000)
}
Event: 28.116 GC heap before
{Heap before GC invocations=11 (full 0):
 PSYoungGen      total 288256K, used 257311K [0x0000000797d00000, 0x00000007ace80000, 0x0000000800000000)
  eden space 236032K, 100% used [0x0000000797d00000,0x00000007a6380000,0x00000007a6380000)
  from space 52224K, 40% used [0x00000007a9b80000,0x00000007ab047e18,0x00000007ace80000)
  to   space 54784K, 0% used [0x00000007a6380000,0x00000007a6380000,0x00000007a9900000)
 ParOldGen       total 175104K, used 81467K [0x00000006c7800000, 0x00000006d2300000, 0x0000000797d00000)
  object space 175104K, 46% used [0x00000006c7800000,0x00000006cc78eef0,0x00000006d2300000)
 PSPermGen       total 50176K, used 49699K [0x00000006c2600000, 0x00000006c5700000, 0x00000006c7800000)
  object space 50176K, 99% used [0x00000006c2600000,0x00000006c5688ea8,0x00000006c5700000)
Event: 28.133 GC heap after
Heap after GC invocations=11 (full 0):
 PSYoungGen      total 290816K, used 54760K [0x0000000797d00000, 0x00000007b8700000, 0x0000000800000000)
  eden space 236032K, 0% used [0x0000000797d00000,0x0000000797d00000,0x00000007a6380000)
  from space 54784K, 99% used [0x00000007a6380000,0x00000007a98fa0f8,0x00000007a9900000)
  to   space 78336K, 0% used [0x00000007b3a80000,0x00000007b3a80000,0x00000007b8700000)
 ParOldGen       total 175104K, used 122743K [0x00000006c7800000, 0x00000006d2300000, 0x0000000797d00000)
  object space 175104K, 70% used [0x00000006c7800000,0x00000006cefddf90,0x00000006d2300000)
 PSPermGen       total 50176K, used 49699K [0x00000006c2600000, 0x00000006c5700000, 0x00000006c7800000)
  object space 50176K, 99% used [0x00000006c2600000,0x00000006c5688ea8,0x00000006c5700000)
}
Event: 518.751 GC heap before
{Heap before GC invocations=12 (full 1):
 PSYoungGen      total 290816K, used 290792K [0x0000000797d00000, 0x00000007b8700000, 0x0000000800000000)
  eden space 236032K, 100% used [0x0000000797d00000,0x00000007a6380000,0x00000007a6380000)
  from space 54784K, 99% used [0x00000007a6380000,0x00000007a98fa0f8,0x00000007a9900000)
  to   space 78336K, 0% used [0x00000007b3a80000,0x00000007b3a80000,0x00000007b8700000)
 ParOldGen       total 1709568K, used 1709413K [0x00000006c7800000, 0x000000072fd80000, 0x0000000797d00000)
  object space 1709568K, 99% used [0x00000006c7800000,0x000000072fd59528,0x000000072fd80000)
 PSPermGen       total 51712K, used 51616K [0x00000006c2600000, 0x00000006c5880000, 0x00000006c7800000)
  object space 51712K, 99% used [0x00000006c2600000,0x00000006c58683b8,0x00000006c5880000)
Event: 518.977 GC heap after
Heap after GC invocations=12 (full 1):
 PSYoungGen      total 290816K, used 0K [0x0000000797d00000, 0x00000007b8700000, 0x0000000800000000)
  eden space 236032K, 0% used [0x0000000797d00000,0x0000000797d00000,0x00000007a6380000)
  from space 54784K, 0% used [0x00000007a6380000,0x00000007a6380000,0x00000007a9900000)
  to   space 78336K, 0% used [0x00000007b3a80000,0x00000007b3a80000,0x00000007b8700000)
 ParOldGen       total 974848K, used 876068K [0x00000006c7800000, 0x0000000703000000, 0x0000000797d00000)
  object space 974848K, 89% used [0x00000006c7800000,0x00000006fcf890c8,0x0000000703000000)
 PSPermGen       total 83968K, used 51594K [0x00000006c2600000, 0x00000006c7800000, 0x00000006c7800000)
  object space 83968K, 61% used [0x00000006c2600000,0x00000006c5862a68,0x00000006c7800000)
}
Event: 519.110 GC heap before
{Heap before GC invocations=13 (full 1):
 PSYoungGen      total 290816K, used 236032K [0x0000000797d00000, 0x00000007b8700000, 0x0000000800000000)
  eden space 236032K, 100% used [0x0000000797d00000,0x00000007a6380000,0x00000007a6380000)
  from space 54784K, 0% used [0x00000007a6380000,0x00000007a6380000,0x00000007a9900000)
  to   space 78336K, 0% used [0x00000007b3a80000,0x00000007b3a80000,0x00000007b8700000)
 ParOldGen       total 974848K, used 878501K [0x00000006c7800000, 0x0000000703000000, 0x0000000797d00000)
  object space 974848K, 90% used [0x00000006c7800000,0x00000006fd1e9450,0x0000000703000000)
 PSPermGen       total 83968K, used 51596K [0x00000006c2600000, 0x00000006c7800000, 0x00000006c7800000)
  object space 83968K, 61% used [0x00000006c2600000,0x00000006c5863180,0x00000006c7800000)
Event: 519.138 GC heap after
Heap after GC invocations=13 (full 1):
 PSYoungGen      total 443904K, used 78307K [0x0000000797d00000, 0x00000007b9c80000, 0x0000000800000000)
  eden space 365568K, 0% used [0x0000000797d00000,0x0000000797d00000,0x00000007ae200000)
  from space 78336K, 99% used [0x00000007b3a80000,0x00000007b86f8fe8,0x00000007b8700000)
  to   space 90624K, 0% used [0x00000007ae200000,0x00000007ae200000,0x00000007b3a80000)
 ParOldGen       total 1032192K, used 1031965K [0x00000006c7800000, 0x0000000706800000, 0x0000000797d00000)
  object space 1032192K, 99% used [0x00000006c7800000,0x00000007067c7720,0x0000000706800000)
 PSPermGen       total 83968K, used 51596K [0x00000006c2600000, 0x00000006c7800000, 0x00000006c7800000)
  object space 83968K, 61% used [0x00000006c2600000,0x00000006c5863180,0x00000006c7800000)
}
Event: 519.138 GC heap before
{Heap before GC invocations=14 (full 2):
 PSYoungGen      total 443904K, used 78307K [0x0000000797d00000, 0x00000007b9c80000, 0x0000000800000000)
  eden space 365568K, 0% used [0x0000000797d00000,0x0000000797d00000,0x00000007ae200000)
  from space 78336K, 99% used [0x00000007b3a80000,0x00000007b86f8fe8,0x00000007b8700000)
  to   space 90624K, 0% used [0x00000007ae200000,0x00000007ae200000,0x00000007b3a80000)
 ParOldGen       total 1032192K, used 1031965K [0x00000006c7800000, 0x0000000706800000, 0x0000000797d00000)
  object space 1032192K, 99% used [0x00000006c7800000,0x00000007067c7720,0x0000000706800000)
 PSPermGen       total 83968K, used 51596K [0x00000006c2600000, 0x00000006c7800000, 0x00000006c7800000)
  object space 83968K, 61% used [0x00000006c2600000,0x00000006c5863180,0x00000006c7800000)
Event: 519.273 GC heap after
Heap after GC invocations=14 (full 2):
 PSYoungGen      total 443904K, used 0K [0x0000000797d00000, 0x00000007b9c80000, 0x0000000800000000)
  eden space 365568K, 0% used [0x0000000797d00000,0x0000000797d00000,0x00000007ae200000)
  from space 78336K, 0% used [0x00000007b3a80000,0x00000007b3a80000,0x00000007b8700000)
  to   space 90624K, 0% used [0x00000007ae200000,0x00000007ae200000,0x00000007b3a80000)
 ParOldGen       total 745984K, used 535518K [0x00000006c7800000, 0x00000006f5080000, 0x0000000797d00000)
  object space 745984K, 71% used [0x00000006c7800000,0x00000006e82f7950,0x00000006f5080000)
 PSPermGen       total 83968K, used 51596K [0x00000006c2600000, 0x00000006c7800000, 0x00000006c7800000)
  object space 83968K, 61% used [0x00000006c2600000,0x00000006c5863180,0x00000006c7800000)
}

