# JRE version: Java(TM) SE Runtime Environment (7.0_45-b18) (build 1.7.0_45-b18)
# Java VM: Java HotSpot(TM) 64-Bit Server VM (24.45-b08 mixed mode linux-amd64 compressed oops)
Heap
 PSYoungGen      total 54784K, used 9853K [0x00000000eb280000, 0x00000000f1080000, 0x0000000100000000)
  eden space 53248K, 16% used [0x00000000eb280000,0x00000000ebb0d2a8,0x00000000ee680000)
  from space 1536K, 71% used [0x00000000ee780000,0x00000000ee8923b0,0x00000000ee900000)
  to   space 21504K, 0% used [0x00000000efb80000,0x00000000efb80000,0x00000000f1080000)
 ParOldGen       total 175104K, used 40222K [0x00000000c1800000, 0x00000000cc300000, 0x00000000eb280000)
  object space 175104K, 22% used [0x00000000c1800000,0x00000000c3f47910,0x00000000cc300000)
 PSPermGen       total 55808K, used 55637K [0x00000000bc600000, 0x00000000bfc80000, 0x00000000c1800000)
  object space 55808K, 99% used [0x00000000bc600000,0x00000000bfc556a0,0x00000000bfc80000)
GC Heap History (10 events):
Event: 256.123 GC heap before
{Heap before GC invocations=11 (full 0):
 PSYoungGen      total 80384K, used 60017K [0x00000000eb280000, 0x00000000f1780000, 0x0000000100000000)
  eden space 58368K, 100% used [0x00000000eb280000,0x00000000eeb80000,0x00000000eeb80000)
  from space 22016K, 7% used [0x00000000f0200000,0x00000000f039c6b8,0x00000000f1780000)
  to   space 22528K, 0% used [0x00000000eeb80000,0x00000000eeb80000,0x00000000f0180000)
 ParOldGen       total 175104K, used 29128K [0x00000000c1800000, 0x00000000cc300000, 0x00000000eb280000)
  object space 175104K, 16% used [0x00000000c1800000,0x00000000c3472378,0x00000000cc300000)
 PSPermGen       total 53760K, used 53278K [0x00000000bc600000, 0x00000000bfa80000, 0x00000000c1800000)
  object space 53760K, 99% used [0x00000000bc600000,0x00000000bfa07ae0,0x00000000bfa80000)
Event: 256.128 GC heap after
Heap after GC invocations=11 (full 0):
 PSYoungGen      total 65536K, used 7747K [0x00000000eb280000, 0x00000000f1480000, 0x0000000100000000)
  eden space 57344K, 0% used [0x00000000eb280000,0x00000000eb280000,0x00000000eea80000)
  from space 8192K, 94% used [0x00000000eeb80000,0x00000000ef310f50,0x00000000ef380000)
  to   space 21504K, 0% used [0x00000000eff80000,0x00000000eff80000,0x00000000f1480000)
 ParOldGen       total 175104K, used 30413K [0x00000000c1800000, 0x00000000cc300000, 0x00000000eb280000)
  object space 175104K, 17% used [0x00000000c1800000,0x00000000c35b3610,0x00000000cc300000)
 PSPermGen       total 53760K, used 53278K [0x00000000bc600000, 0x00000000bfa80000, 0x00000000c1800000)
  object space 53760K, 99% used [0x00000000bc600000,0x00000000bfa07ae0,0x00000000bfa80000)
}
Event: 301.141 GC heap before
{Heap before GC invocations=12 (full 0):
 PSYoungGen      total 65536K, used 65091K [0x00000000eb280000, 0x00000000f1480000, 0x0000000100000000)
  eden space 57344K, 100% used [0x00000000eb280000,0x00000000eea80000,0x00000000eea80000)
  from space 8192K, 94% used [0x00000000eeb80000,0x00000000ef310f50,0x00000000ef380000)
  to   space 21504K, 0% used [0x00000000eff80000,0x00000000eff80000,0x00000000f1480000)
 ParOldGen       total 175104K, used 30413K [0x00000000c1800000, 0x00000000cc300000, 0x00000000eb280000)
  object space 175104K, 17% used [0x00000000c1800000,0x00000000c35b3610,0x00000000cc300000)
 PSPermGen       total 55808K, used 55321K [0x00000000bc600000, 0x00000000bfc80000, 0x00000000c1800000)
  object space 55808K, 99% used [0x00000000bc600000,0x00000000bfc067a0,0x00000000bfc80000)
Event: 301.146 GC heap after
Heap after GC invocations=12 (full 0):
 PSYoungGen      total 76800K, used 3110K [0x00000000eb280000, 0x00000000f1380000, 0x0000000100000000)
  eden space 56320K, 0% used [0x00000000eb280000,0x00000000eb280000,0x00000000ee980000)
  from space 20480K, 15% used [0x00000000eff80000,0x00000000f0289910,0x00000000f1380000)
  to   space 21504K, 0% used [0x00000000ee980000,0x00000000ee980000,0x00000000efe80000)
 ParOldGen       total 175104K, used 36667K [0x00000000c1800000, 0x00000000cc300000, 0x00000000eb280000)
  object space 175104K, 20% used [0x00000000c1800000,0x00000000c3bced40,0x00000000cc300000)
 PSPermGen       total 55808K, used 55321K [0x00000000bc600000, 0x00000000bfc80000, 0x00000000c1800000)
  object space 55808K, 99% used [0x00000000bc600000,0x00000000bfc067a0,0x00000000bfc80000)
}
Event: 308.634 GC heap before
{Heap before GC invocations=13 (full 0):
 PSYoungGen      total 76800K, used 59430K [0x00000000eb280000, 0x00000000f1380000, 0x0000000100000000)
  eden space 56320K, 100% used [0x00000000eb280000,0x00000000ee980000,0x00000000ee980000)
  from space 20480K, 15% used [0x00000000eff80000,0x00000000f0289910,0x00000000f1380000)
  to   space 21504K, 0% used [0x00000000ee980000,0x00000000ee980000,0x00000000efe80000)
 ParOldGen       total 175104K, used 36667K [0x00000000c1800000, 0x00000000cc300000, 0x00000000eb280000)
  object space 175104K, 20% used [0x00000000c1800000,0x00000000c3bced40,0x00000000cc300000)
 PSPermGen       total 55808K, used 55492K [0x00000000bc600000, 0x00000000bfc80000, 0x00000000c1800000)
  object space 55808K, 99% used [0x00000000bc600000,0x00000000bfc31310,0x00000000bfc80000)
Event: 308.638 GC heap after
Heap after GC invocations=13 (full 0):
 PSYoungGen      total 57856K, used 2112K [0x00000000eb280000, 0x00000000f1280000, 0x0000000100000000)
  eden space 55296K, 0% used [0x00000000eb280000,0x00000000eb280000,0x00000000ee880000)
  from space 2560K, 82% used [0x00000000ee980000,0x00000000eeb90010,0x00000000eec00000)
  to   space 21504K, 0% used [0x00000000efd80000,0x00000000efd80000,0x00000000f1280000)
 ParOldGen       total 175104K, used 38872K [0x00000000c1800000, 0x00000000cc300000, 0x00000000eb280000)
  object space 175104K, 22% used [0x00000000c1800000,0x00000000c3df6050,0x00000000cc300000)
 PSPermGen       total 55808K, used 55492K [0x00000000bc600000, 0x00000000bfc80000, 0x00000000c1800000)
  object space 55808K, 99% used [0x00000000bc600000,0x00000000bfc31310,0x00000000bfc80000)
}
Event: 353.425 GC heap before
{Heap before GC invocations=14 (full 0):
 PSYoungGen      total 57856K, used 57408K [0x00000000eb280000, 0x00000000f1280000, 0x0000000100000000)
  eden space 55296K, 100% used [0x00000000eb280000,0x00000000ee880000,0x00000000ee880000)
  from space 2560K, 82% used [0x00000000ee980000,0x00000000eeb90010,0x00000000eec00000)
  to   space 21504K, 0% used [0x00000000efd80000,0x00000000efd80000,0x00000000f1280000)
 ParOldGen       total 175104K, used 38872K [0x00000000c1800000, 0x00000000cc300000, 0x00000000eb280000)
  object space 175104K, 22% used [0x00000000c1800000,0x00000000c3df6050,0x00000000cc300000)
 PSPermGen       total 55808K, used 55537K [0x00000000bc600000, 0x00000000bfc80000, 0x00000000c1800000)
  object space 55808K, 99% used [0x00000000bc600000,0x00000000bfc3c638,0x00000000bfc80000)
Event: 353.427 GC heap after
Heap after GC invocations=14 (full 0):
 PSYoungGen      total 74752K, used 1073K [0x00000000eb280000, 0x00000000f1180000, 0x0000000100000000)
  eden space 54272K, 0% used [0x00000000eb280000,0x00000000eb280000,0x00000000ee780000)
  from space 20480K, 5% used [0x00000000efd80000,0x00000000efe8c6b8,0x00000000f1180000)
  to   space 21504K, 0% used [0x00000000ee780000,0x00000000ee780000,0x00000000efc80000)
 ParOldGen       total 175104K, used 39638K [0x00000000c1800000, 0x00000000cc300000, 0x00000000eb280000)
  object space 175104K, 22% used [0x00000000c1800000,0x00000000c3eb58d0,0x00000000cc300000)
 PSPermGen       total 55808K, used 55537K [0x00000000bc600000, 0x00000000bfc80000, 0x00000000c1800000)
  object space 55808K, 99% used [0x00000000bc600000,0x00000000bfc3c638,0x00000000bfc80000)
}
Event: 440.723 GC heap before
{Heap before GC invocations=15 (full 0):
 PSYoungGen      total 74752K, used 55345K [0x00000000eb280000, 0x00000000f1180000, 0x0000000100000000)
  eden space 54272K, 100% used [0x00000000eb280000,0x00000000ee780000,0x00000000ee780000)
  from space 20480K, 5% used [0x00000000efd80000,0x00000000efe8c6b8,0x00000000f1180000)
  to   space 21504K, 0% used [0x00000000ee780000,0x00000000ee780000,0x00000000efc80000)
 ParOldGen       total 175104K, used 39638K [0x00000000c1800000, 0x00000000cc300000, 0x00000000eb280000)
  object space 175104K, 22% used [0x00000000c1800000,0x00000000c3eb58d0,0x00000000cc300000)
 PSPermGen       total 55808K, used 55612K [0x00000000bc600000, 0x00000000bfc80000, 0x00000000c1800000)
  object space 55808K, 99% used [0x00000000bc600000,0x00000000bfc4f3f8,0x00000000bfc80000)
Event: 440.726 GC heap after
Heap after GC invocations=15 (full 0):
 PSYoungGen      total 54784K, used 1096K [0x00000000eb280000, 0x00000000f1080000, 0x0000000100000000)
  eden space 53248K, 0% used [0x00000000eb280000,0x00000000eb280000,0x00000000ee680000)
  from space 1536K, 71% used [0x00000000ee780000,0x00000000ee8923b0,0x00000000ee900000)
  to   space 21504K, 0% used [0x00000000efb80000,0x00000000efb80000,0x00000000f1080000)
 ParOldGen       total 175104K, used 40222K [0x00000000c1800000, 0x00000000cc300000, 0x00000000eb280000)
  object space 175104K, 22% used [0x00000000c1800000,0x00000000c3f47910,0x00000000cc300000)
 PSPermGen       total 55808K, used 55612K [0x00000000bc600000, 0x00000000bfc80000, 0x00000000c1800000)
  object space 55808K, 99% used [0x00000000bc600000,0x00000000bfc4f3f8,0x00000000bfc80000)
}

