# JRE version: Java(TM) SE Runtime Environment (7.0_45-b18) (build 1.7.0_45-b18)
# Java VM: Java HotSpot(TM) 64-Bit Server VM (24.45-b08 mixed mode linux-amd64 compressed oops)
Heap
 PSYoungGen      total 79872K, used 47245K [0x00000000eb280000, 0x00000000f1680000, 0x0000000100000000)
  eden space 60416K, 53% used [0x00000000eb280000,0x00000000ed1e1aa8,0x00000000eed80000)
  from space 19456K, 77% used [0x00000000f0380000,0x00000000f1241b10,0x00000000f1680000)
  to   space 20992K, 0% used [0x00000000eed80000,0x00000000eed80000,0x00000000f0200000)
 ParOldGen       total 175104K, used 28954K [0x00000000c1800000, 0x00000000cc300000, 0x00000000eb280000)
  object space 175104K, 16% used [0x00000000c1800000,0x00000000c3446960,0x00000000cc300000)
 PSPermGen       total 54272K, used 54204K [0x00000000bc600000, 0x00000000bfb00000, 0x00000000c1800000)
  object space 54272K, 99% used [0x00000000bc600000,0x00000000bfaef258,0x00000000bfb00000)
GC Heap History (10 events):
Event: 4.552 GC heap before
{Heap before GC invocations=4 (full 0):
 PSYoungGen      total 76800K, used 76780K [0x00000000eb280000, 0x00000000f0800000, 0x0000000100000000)
  eden space 66048K, 100% used [0x00000000eb280000,0x00000000ef300000,0x00000000ef300000)
  from space 10752K, 99% used [0x00000000ef300000,0x00000000efd7b260,0x00000000efd80000)
  to   space 10752K, 0% used [0x00000000efd80000,0x00000000efd80000,0x00000000f0800000)
 ParOldGen       total 175104K, used 8823K [0x00000000c1800000, 0x00000000cc300000, 0x00000000eb280000)
  object space 175104K, 5% used [0x00000000c1800000,0x00000000c209de88,0x00000000cc300000)
 PSPermGen       total 44032K, used 43650K [0x00000000bc600000, 0x00000000bf100000, 0x00000000c1800000)
  object space 44032K, 99% used [0x00000000bc600000,0x00000000bf0a0928,0x00000000bf100000)
Event: 4.563 GC heap after
Heap after GC invocations=4 (full 0):
 PSYoungGen      total 76800K, used 10730K [0x00000000eb280000, 0x00000000f0800000, 0x0000000100000000)
  eden space 66048K, 0% used [0x00000000eb280000,0x00000000eb280000,0x00000000ef300000)
  from space 10752K, 99% used [0x00000000efd80000,0x00000000f07faad0,0x00000000f0800000)
  to   space 10752K, 0% used [0x00000000ef300000,0x00000000ef300000,0x00000000efd80000)
 ParOldGen       total 175104K, used 15567K [0x00000000c1800000, 0x00000000cc300000, 0x00000000eb280000)
  object space 175104K, 8% used [0x00000000c1800000,0x00000000c2733c18,0x00000000cc300000)
 PSPermGen       total 44032K, used 43650K [0x00000000bc600000, 0x00000000bf100000, 0x00000000c1800000)
  object space 44032K, 99% used [0x00000000bc600000,0x00000000bf0a0928,0x00000000bf100000)
}
Event: 15.027 GC heap before
{Heap before GC invocations=5 (full 0):
 PSYoungGen      total 76800K, used 76778K [0x00000000eb280000, 0x00000000f0800000, 0x0000000100000000)
  eden space 66048K, 100% used [0x00000000eb280000,0x00000000ef300000,0x00000000ef300000)
  from space 10752K, 99% used [0x00000000efd80000,0x00000000f07faad0,0x00000000f0800000)
  to   space 10752K, 0% used [0x00000000ef300000,0x00000000ef300000,0x00000000efd80000)
 ParOldGen       total 175104K, used 15567K [0x00000000c1800000, 0x00000000cc300000, 0x00000000eb280000)
  object space 175104K, 8% used [0x00000000c1800000,0x00000000c2733c18,0x00000000cc300000)
 PSPermGen       total 48128K, used 47729K [0x00000000bc600000, 0x00000000bf500000, 0x00000000c1800000)
  object space 48128K, 99% used [0x00000000bc600000,0x00000000bf49c478,0x00000000bf500000)
Event: 15.036 GC heap after
Heap after GC invocations=5 (full 0):
 PSYoungGen      total 75264K, used 10725K [0x00000000eb280000, 0x00000000f1f80000, 0x0000000100000000)
  eden space 64512K, 0% used [0x00000000eb280000,0x00000000eb280000,0x00000000ef180000)
  from space 10752K, 99% used [0x00000000ef300000,0x00000000efd794b8,0x00000000efd80000)
  to   space 23552K, 0% used [0x00000000f0880000,0x00000000f0880000,0x00000000f1f80000)
 ParOldGen       total 175104K, used 20462K [0x00000000c1800000, 0x00000000cc300000, 0x00000000eb280000)
  object space 175104K, 11% used [0x00000000c1800000,0x00000000c2bfb810,0x00000000cc300000)
 PSPermGen       total 48128K, used 47729K [0x00000000bc600000, 0x00000000bf500000, 0x00000000c1800000)
  object space 48128K, 99% used [0x00000000bc600000,0x00000000bf49c478,0x00000000bf500000)
}
Event: 18.555 GC heap before
{Heap before GC invocations=6 (full 0):
 PSYoungGen      total 75264K, used 75237K [0x00000000eb280000, 0x00000000f1f80000, 0x0000000100000000)
  eden space 64512K, 100% used [0x00000000eb280000,0x00000000ef180000,0x00000000ef180000)
  from space 10752K, 99% used [0x00000000ef300000,0x00000000efd794b8,0x00000000efd80000)
  to   space 23552K, 0% used [0x00000000f0880000,0x00000000f0880000,0x00000000f1f80000)
 ParOldGen       total 175104K, used 20462K [0x00000000c1800000, 0x00000000cc300000, 0x00000000eb280000)
  object space 175104K, 11% used [0x00000000c1800000,0x00000000c2bfb810,0x00000000cc300000)
 PSPermGen       total 48128K, used 48085K [0x00000000bc600000, 0x00000000bf500000, 0x00000000c1800000)
  object space 48128K, 99% used [0x00000000bc600000,0x00000000bf4f5470,0x00000000bf500000)
Event: 18.564 GC heap after
Heap after GC invocations=6 (full 0):
 PSYoungGen      total 82944K, used 12382K [0x00000000eb280000, 0x00000000f1c00000, 0x0000000100000000)
  eden space 62976K, 0% used [0x00000000eb280000,0x00000000eb280000,0x00000000ef000000)
  from space 19968K, 62% used [0x00000000f0880000,0x00000000f1497b78,0x00000000f1c00000)
  to   space 22528K, 0% used [0x00000000ef000000,0x00000000ef000000,0x00000000f0600000)
 ParOldGen       total 175104K, used 20470K [0x00000000c1800000, 0x00000000cc300000, 0x00000000eb280000)
  object space 175104K, 11% used [0x00000000c1800000,0x00000000c2bfd810,0x00000000cc300000)
 PSPermGen       total 48128K, used 48085K [0x00000000bc600000, 0x00000000bf500000, 0x00000000c1800000)
  object space 48128K, 99% used [0x00000000bc600000,0x00000000bf4f5470,0x00000000bf500000)
}
Event: 21.211 GC heap before
{Heap before GC invocations=7 (full 0):
 PSYoungGen      total 82944K, used 75358K [0x00000000eb280000, 0x00000000f1c00000, 0x0000000100000000)
  eden space 62976K, 100% used [0x00000000eb280000,0x00000000ef000000,0x00000000ef000000)
  from space 19968K, 62% used [0x00000000f0880000,0x00000000f1497b78,0x00000000f1c00000)
  to   space 22528K, 0% used [0x00000000ef000000,0x00000000ef000000,0x00000000f0600000)
 ParOldGen       total 175104K, used 20470K [0x00000000c1800000, 0x00000000cc300000, 0x00000000eb280000)
  object space 175104K, 11% used [0x00000000c1800000,0x00000000c2bfd810,0x00000000cc300000)
 PSPermGen       total 52224K, used 52113K [0x00000000bc600000, 0x00000000bf900000, 0x00000000c1800000)
  object space 52224K, 99% used [0x00000000bc600000,0x00000000bf8e4538,0x00000000bf900000)
Event: 21.220 GC heap after
Heap after GC invocations=7 (full 0):
 PSYoungGen      total 74240K, used 12672K [0x00000000eb280000, 0x00000000f1880000, 0x0000000100000000)
  eden space 61440K, 0% used [0x00000000eb280000,0x00000000eb280000,0x00000000eee80000)
  from space 12800K, 99% used [0x00000000ef000000,0x00000000efc60300,0x00000000efc80000)
  to   space 21504K, 0% used [0x00000000f0380000,0x00000000f0380000,0x00000000f1880000)
 ParOldGen       total 175104K, used 24195K [0x00000000c1800000, 0x00000000cc300000, 0x00000000eb280000)
  object space 175104K, 13% used [0x00000000c1800000,0x00000000c2fa0e30,0x00000000cc300000)
 PSPermGen       total 52224K, used 52113K [0x00000000bc600000, 0x00000000bf900000, 0x00000000c1800000)
  object space 52224K, 99% used [0x00000000bc600000,0x00000000bf8e4538,0x00000000bf900000)
}
Event: 28.036 GC heap before
{Heap before GC invocations=8 (full 0):
 PSYoungGen      total 74240K, used 74112K [0x00000000eb280000, 0x00000000f1880000, 0x0000000100000000)
  eden space 61440K, 100% used [0x00000000eb280000,0x00000000eee80000,0x00000000eee80000)
  from space 12800K, 99% used [0x00000000ef000000,0x00000000efc60300,0x00000000efc80000)
  to   space 21504K, 0% used [0x00000000f0380000,0x00000000f0380000,0x00000000f1880000)
 ParOldGen       total 175104K, used 24195K [0x00000000c1800000, 0x00000000cc300000, 0x00000000eb280000)
  object space 175104K, 13% used [0x00000000c1800000,0x00000000c2fa0e30,0x00000000cc300000)
 PSPermGen       total 53760K, used 53516K [0x00000000bc600000, 0x00000000bfa80000, 0x00000000c1800000)
  object space 53760K, 99% used [0x00000000bc600000,0x00000000bfa43230,0x00000000bfa80000)
Event: 28.045 GC heap after
Heap after GC invocations=8 (full 0):
 PSYoungGen      total 79872K, used 15110K [0x00000000eb280000, 0x00000000f1680000, 0x0000000100000000)
  eden space 60416K, 0% used [0x00000000eb280000,0x00000000eb280000,0x00000000eed80000)
  from space 19456K, 77% used [0x00000000f0380000,0x00000000f1241b10,0x00000000f1680000)
  to   space 20992K, 0% used [0x00000000eed80000,0x00000000eed80000,0x00000000f0200000)
 ParOldGen       total 175104K, used 28954K [0x00000000c1800000, 0x00000000cc300000, 0x00000000eb280000)
  object space 175104K, 16% used [0x00000000c1800000,0x00000000c3446960,0x00000000cc300000)
 PSPermGen       total 53760K, used 53516K [0x00000000bc600000, 0x00000000bfa80000, 0x00000000c1800000)
  object space 53760K, 99% used [0x00000000bc600000,0x00000000bfa43230,0x00000000bfa80000)
}

