# JRE version: Java(TM) SE Runtime Environment (7.0_45-b18) (build 1.7.0_45-b18)
# Java VM: Java HotSpot(TM) 64-Bit Server VM (24.45-b08 mixed mode linux-amd64 compressed oops)
Heap
 PSYoungGen      total 802304K, used 738655K [0x0000000759500000, 0x00000007a8100000, 0x0000000800000000)
  eden space 549888K, 90% used [0x0000000759500000,0x00000007779e9f50,0x000000077ae00000)
  from space 252416K, 95% used [0x0000000792d80000,0x00000007a19edf20,0x00000007a2400000)
  to   space 370176K, 0% used [0x000000077ae00000,0x000000077ae00000,0x0000000791780000)
 ParOldGen       total 1243648K, used 744166K [0x000000060c000000, 0x0000000657e80000, 0x0000000759500000)
  object space 1243648K, 59% used [0x000000060c000000,0x00000006396b9a98,0x0000000657e80000)
 PSPermGen       total 83968K, used 50694K [0x0000000606e00000, 0x000000060c000000, 0x000000060c000000)
  object space 83968K, 60% used [0x0000000606e00000,0x0000000609f819e0,0x000000060c000000)
GC Heap History (10 events):
Event: 12.266 GC heap before
{Heap before GC invocations=9 (full 1):
 PSYoungGen      total 493056K, used 24041K [0x0000000759500000, 0x0000000783c00000, 0x0000000800000000)
  eden space 468992K, 0% used [0x0000000759500000,0x0000000759500000,0x0000000775f00000)
  from space 24064K, 99% used [0x000000077b080000,0x000000077c7fa7d0,0x000000077c800000)
  to   space 83456K, 0% used [0x0000000775f00000,0x0000000775f00000,0x000000077b080000)
 ParOldGen       total 175104K, used 143248K [0x000000060c000000, 0x0000000616b00000, 0x0000000759500000)
  object space 175104K, 81% used [0x000000060c000000,0x0000000614be4250,0x0000000616b00000)
 PSPermGen       total 47616K, used 47585K [0x0000000606e00000, 0x0000000609c80000, 0x000000060c000000)
  object space 47616K, 99% used [0x0000000606e00000,0x0000000609c786a8,0x0000000609c80000)
Event: 12.418 GC heap after
Heap after GC invocations=9 (full 1):
 PSYoungGen      total 493056K, used 0K [0x0000000759500000, 0x0000000783c00000, 0x0000000800000000)
  eden space 468992K, 0% used [0x0000000759500000,0x0000000759500000,0x0000000775f00000)
  from space 24064K, 0% used [0x000000077b080000,0x000000077b080000,0x000000077c800000)
  to   space 83456K, 0% used [0x0000000775f00000,0x0000000775f00000,0x000000077b080000)
 ParOldGen       total 324608K, used 164162K [0x000000060c000000, 0x000000061fd00000, 0x0000000759500000)
  object space 324608K, 50% used [0x000000060c000000,0x00000006160508e8,0x000000061fd00000)
 PSPermGen       total 83968K, used 47565K [0x0000000606e00000, 0x000000060c000000, 0x000000060c000000)
  object space 83968K, 56% used [0x0000000606e00000,0x0000000609c737b0,0x000000060c000000)
}
Event: 12.570 GC heap before
{Heap before GC invocations=10 (full 1):
 PSYoungGen      total 493056K, used 468992K [0x0000000759500000, 0x0000000783c00000, 0x0000000800000000)
  eden space 468992K, 100% used [0x0000000759500000,0x0000000775f00000,0x0000000775f00000)
  from space 24064K, 0% used [0x000000077b080000,0x000000077b080000,0x000000077c800000)
  to   space 83456K, 0% used [0x0000000775f00000,0x0000000775f00000,0x000000077b080000)
 ParOldGen       total 324608K, used 164162K [0x000000060c000000, 0x000000061fd00000, 0x0000000759500000)
  object space 324608K, 50% used [0x000000060c000000,0x00000006160508e8,0x000000061fd00000)
 PSPermGen       total 83968K, used 48128K [0x0000000606e00000, 0x000000060c000000, 0x000000060c000000)
  object space 83968K, 57% used [0x0000000606e00000,0x0000000609d001a8,0x000000060c000000)
Event: 12.620 GC heap after
Heap after GC invocations=10 (full 1):
 PSYoungGen      total 552448K, used 83428K [0x0000000759500000, 0x00000007a2400000, 0x0000000800000000)
  eden space 468992K, 0% used [0x0000000759500000,0x0000000759500000,0x0000000775f00000)
  from space 83456K, 99% used [0x0000000775f00000,0x000000077b079088,0x000000077b080000)
  to   space 252416K, 0% used [0x0000000792d80000,0x0000000792d80000,0x00000007a2400000)
 ParOldGen       total 545792K, used 543592K [0x000000060c000000, 0x000000062d500000, 0x0000000759500000)
  object space 545792K, 99% used [0x000000060c000000,0x000000062d2da060,0x000000062d500000)
 PSPermGen       total 83968K, used 48128K [0x0000000606e00000, 0x000000060c000000, 0x000000060c000000)
  object space 83968K, 57% used [0x0000000606e00000,0x0000000609d001a8,0x000000060c000000)
}
Event: 12.620 GC heap before
{Heap before GC invocations=11 (full 2):
 PSYoungGen      total 552448K, used 83428K [0x0000000759500000, 0x00000007a2400000, 0x0000000800000000)
  eden space 468992K, 0% used [0x0000000759500000,0x0000000759500000,0x0000000775f00000)
  from space 83456K, 99% used [0x0000000775f00000,0x000000077b079088,0x000000077b080000)
  to   space 252416K, 0% used [0x0000000792d80000,0x0000000792d80000,0x00000007a2400000)
 ParOldGen       total 545792K, used 543592K [0x000000060c000000, 0x000000062d500000, 0x0000000759500000)
  object space 545792K, 99% used [0x000000060c000000,0x000000062d2da060,0x000000062d500000)
 PSPermGen       total 83968K, used 48128K [0x0000000606e00000, 0x000000060c000000, 0x000000060c000000)
  object space 83968K, 57% used [0x0000000606e00000,0x0000000609d001a8,0x000000060c000000)
Event: 12.756 GC heap after
Heap after GC invocations=11 (full 2):
 PSYoungGen      total 552448K, used 76713K [0x0000000759500000, 0x00000007a2400000, 0x0000000800000000)
  eden space 468992K, 0% used [0x0000000759500000,0x0000000759500000,0x0000000775f00000)
  from space 83456K, 91% used [0x0000000775f00000,0x000000077a9ea6c8,0x000000077b080000)
  to   space 252416K, 0% used [0x0000000792d80000,0x0000000792d80000,0x00000007a2400000)
 ParOldGen       total 928768K, used 545501K [0x000000060c000000, 0x0000000644b00000, 0x0000000759500000)
  object space 928768K, 58% used [0x000000060c000000,0x000000062d4b7620,0x0000000644b00000)
 PSPermGen       total 83968K, used 48128K [0x0000000606e00000, 0x000000060c000000, 0x000000060c000000)
  object space 83968K, 57% used [0x0000000606e00000,0x0000000609d00188,0x000000060c000000)
}
Event: 13.040 GC heap before
{Heap before GC invocations=12 (full 2):
 PSYoungGen      total 552448K, used 446236K [0x0000000759500000, 0x00000007a2400000, 0x0000000800000000)
  eden space 468992K, 78% used [0x0000000759500000,0x000000076fddc990,0x0000000775f00000)
  from space 83456K, 91% used [0x0000000775f00000,0x000000077a9ea6c8,0x000000077b080000)
  to   space 252416K, 0% used [0x0000000792d80000,0x0000000792d80000,0x00000007a2400000)
 ParOldGen       total 928768K, used 545501K [0x000000060c000000, 0x0000000644b00000, 0x0000000759500000)
  object space 928768K, 58% used [0x000000060c000000,0x000000062d4b7620,0x0000000644b00000)
 PSPermGen       total 83968K, used 48219K [0x0000000606e00000, 0x000000060c000000, 0x000000060c000000)
  object space 83968K, 57% used [0x0000000606e00000,0x0000000609d16f98,0x000000060c000000)
Event: 13.144 GC heap after
Heap after GC invocations=12 (full 2):
 PSYoungGen      total 802304K, used 252411K [0x0000000759500000, 0x00000007a8100000, 0x0000000800000000)
  eden space 549888K, 0% used [0x0000000759500000,0x0000000759500000,0x000000077ae00000)
  from space 252416K, 99% used [0x0000000792d80000,0x00000007a23fefe8,0x00000007a2400000)
  to   space 370176K, 0% used [0x000000077ae00000,0x000000077ae00000,0x0000000791780000)
 ParOldGen       total 928768K, used 736217K [0x000000060c000000, 0x0000000644b00000, 0x0000000759500000)
  object space 928768K, 79% used [0x000000060c000000,0x0000000638ef64d0,0x0000000644b00000)
 PSPermGen       total 83968K, used 48219K [0x0000000606e00000, 0x000000060c000000, 0x000000060c000000)
  object space 83968K, 57% used [0x0000000606e00000,0x0000000609d16f98,0x000000060c000000)
}
Event: 13.144 GC heap before
{Heap before GC invocations=13 (full 3):
 PSYoungGen      total 802304K, used 252411K [0x0000000759500000, 0x00000007a8100000, 0x0000000800000000)
  eden space 549888K, 0% used [0x0000000759500000,0x0000000759500000,0x000000077ae00000)
  from space 252416K, 99% used [0x0000000792d80000,0x00000007a23fefe8,0x00000007a2400000)
  to   space 370176K, 0% used [0x000000077ae00000,0x000000077ae00000,0x0000000791780000)
 ParOldGen       total 928768K, used 736217K [0x000000060c000000, 0x0000000644b00000, 0x0000000759500000)
  object space 928768K, 79% used [0x000000060c000000,0x0000000638ef64d0,0x0000000644b00000)
 PSPermGen       total 83968K, used 48219K [0x0000000606e00000, 0x000000060c000000, 0x000000060c000000)
  object space 83968K, 57% used [0x0000000606e00000,0x0000000609d16f98,0x000000060c000000)
Event: 13.334 GC heap after
Heap after GC invocations=13 (full 3):
 PSYoungGen      total 802304K, used 242103K [0x0000000759500000, 0x00000007a8100000, 0x0000000800000000)
  eden space 549888K, 0% used [0x0000000759500000,0x0000000759500000,0x000000077ae00000)
  from space 252416K, 95% used [0x0000000792d80000,0x00000007a19edf20,0x00000007a2400000)
  to   space 370176K, 0% used [0x000000077ae00000,0x000000077ae00000,0x0000000791780000)
 ParOldGen       total 1243648K, used 744166K [0x000000060c000000, 0x0000000657e80000, 0x0000000759500000)
  object space 1243648K, 59% used [0x000000060c000000,0x00000006396b9a98,0x0000000657e80000)
 PSPermGen       total 83968K, used 48219K [0x0000000606e00000, 0x000000060c000000, 0x000000060c000000)
  object space 83968K, 57% used [0x0000000606e00000,0x0000000609d16f98,0x000000060c000000)
}

