# JRE version: Java(TM) SE Runtime Environment (7.0_45-b18) (build 1.7.0_45-b18)
# Java VM: Java HotSpot(TM) 64-Bit Server VM (24.45-b08 mixed mode linux-amd64 compressed oops)
Heap
 PSYoungGen      total 76800K, used 37188K [0x0000000797d00000, 0x00000007a1300000, 0x0000000800000000)
  eden space 66048K, 40% used [0x0000000797d00000,0x00000007996d8338,0x000000079bd80000)
  from space 10752K, 99% used [0x00000007a0880000,0x00000007a12f8d28,0x00000007a1300000)
  to   space 10752K, 0% used [0x000000079bd80000,0x000000079bd80000,0x000000079c800000)
 ParOldGen       total 175104K, used 16081K [0x00000006c7800000, 0x00000006d2300000, 0x0000000797d00000)
  object space 175104K, 9% used [0x00000006c7800000,0x00000006c87b44f8,0x00000006d2300000)
 PSPermGen       total 43520K, used 43329K [0x00000006c2600000, 0x00000006c5080000, 0x00000006c7800000)
  object space 43520K, 99% used [0x00000006c2600000,0x00000006c5050600,0x00000006c5080000)
GC Heap History (8 events):
Event: 0.721 GC heap before
{Heap before GC invocations=1 (full 0):
 PSYoungGen      total 76800K, used 66048K [0x0000000797d00000, 0x000000079d280000, 0x0000000800000000)
  eden space 66048K, 100% used [0x0000000797d00000,0x000000079bd80000,0x000000079bd80000)
  from space 10752K, 0% used [0x000000079c800000,0x000000079c800000,0x000000079d280000)
  to   space 10752K, 0% used [0x000000079bd80000,0x000000079bd80000,0x000000079c800000)
 ParOldGen       total 175104K, used 0K [0x00000006c7800000, 0x00000006d2300000, 0x0000000797d00000)
  object space 175104K, 0% used [0x00000006c7800000,0x00000006c7800000,0x00000006d2300000)
 PSPermGen       total 21504K, used 14603K [0x00000006c2600000, 0x00000006c3b00000, 0x00000006c7800000)
  object space 21504K, 67% used [0x00000006c2600000,0x00000006c3442d88,0x00000006c3b00000)
Event: 0.727 GC heap after
Heap after GC invocations=1 (full 0):
 PSYoungGen      total 76800K, used 5395K [0x0000000797d00000, 0x000000079d280000, 0x0000000800000000)
  eden space 66048K, 0% used [0x0000000797d00000,0x0000000797d00000,0x000000079bd80000)
  from space 10752K, 50% used [0x000000079bd80000,0x000000079c2c4f40,0x000000079c800000)
  to   space 10752K, 0% used [0x000000079c800000,0x000000079c800000,0x000000079d280000)
 ParOldGen       total 175104K, used 72K [0x00000006c7800000, 0x00000006d2300000, 0x0000000797d00000)
  object space 175104K, 0% used [0x00000006c7800000,0x00000006c7812010,0x00000006d2300000)
 PSPermGen       total 21504K, used 14603K [0x00000006c2600000, 0x00000006c3b00000, 0x00000006c7800000)
  object space 21504K, 67% used [0x00000006c2600000,0x00000006c3442d88,0x00000006c3b00000)
}
Event: 1.363 GC heap before
{Heap before GC invocations=2 (full 0):
 PSYoungGen      total 76800K, used 71443K [0x0000000797d00000, 0x000000079d280000, 0x0000000800000000)
  eden space 66048K, 100% used [0x0000000797d00000,0x000000079bd80000,0x000000079bd80000)
  from space 10752K, 50% used [0x000000079bd80000,0x000000079c2c4f40,0x000000079c800000)
  to   space 10752K, 0% used [0x000000079c800000,0x000000079c800000,0x000000079d280000)
 ParOldGen       total 175104K, used 72K [0x00000006c7800000, 0x00000006d2300000, 0x0000000797d00000)
  object space 175104K, 0% used [0x00000006c7800000,0x00000006c7812010,0x00000006d2300000)
 PSPermGen       total 22016K, used 21844K [0x00000006c2600000, 0x00000006c3b80000, 0x00000006c7800000)
  object space 22016K, 99% used [0x00000006c2600000,0x00000006c3b551c8,0x00000006c3b80000)
Event: 1.370 GC heap after
Heap after GC invocations=2 (full 0):
 PSYoungGen      total 76800K, used 9478K [0x0000000797d00000, 0x000000079d280000, 0x0000000800000000)
  eden space 66048K, 0% used [0x0000000797d00000,0x0000000797d00000,0x000000079bd80000)
  from space 10752K, 88% used [0x000000079c800000,0x000000079d141aa8,0x000000079d280000)
  to   space 10752K, 0% used [0x000000079bd80000,0x000000079bd80000,0x000000079c800000)
 ParOldGen       total 175104K, used 80K [0x00000006c7800000, 0x00000006d2300000, 0x0000000797d00000)
  object space 175104K, 0% used [0x00000006c7800000,0x00000006c7814010,0x00000006d2300000)
 PSPermGen       total 22016K, used 21844K [0x00000006c2600000, 0x00000006c3b80000, 0x00000006c7800000)
  object space 22016K, 99% used [0x00000006c2600000,0x00000006c3b551c8,0x00000006c3b80000)
}
Event: 2.520 GC heap before
{Heap before GC invocations=3 (full 0):
 PSYoungGen      total 76800K, used 75526K [0x0000000797d00000, 0x000000079d280000, 0x0000000800000000)
  eden space 66048K, 100% used [0x0000000797d00000,0x000000079bd80000,0x000000079bd80000)
  from space 10752K, 88% used [0x000000079c800000,0x000000079d141aa8,0x000000079d280000)
  to   space 10752K, 0% used [0x000000079bd80000,0x000000079bd80000,0x000000079c800000)
 ParOldGen       total 175104K, used 80K [0x00000006c7800000, 0x00000006d2300000, 0x0000000797d00000)
  object space 175104K, 0% used [0x00000006c7800000,0x00000006c7814010,0x00000006d2300000)
 PSPermGen       total 36864K, used 36550K [0x00000006c2600000, 0x00000006c4a00000, 0x00000006c7800000)
  object space 36864K, 99% used [0x00000006c2600000,0x00000006c49b1b28,0x00000006c4a00000)
Event: 2.535 GC heap after
Heap after GC invocations=3 (full 0):
 PSYoungGen      total 76800K, used 10743K [0x0000000797d00000, 0x00000007a1300000, 0x0000000800000000)
  eden space 66048K, 0% used [0x0000000797d00000,0x0000000797d00000,0x000000079bd80000)
  from space 10752K, 99% used [0x000000079bd80000,0x000000079c7fdf38,0x000000079c800000)
  to   space 10752K, 0% used [0x00000007a0880000,0x00000007a0880000,0x00000007a1300000)
 ParOldGen       total 175104K, used 8689K [0x00000006c7800000, 0x00000006d2300000, 0x0000000797d00000)
  object space 175104K, 4% used [0x00000006c7800000,0x00000006c807c498,0x00000006d2300000)
 PSPermGen       total 36864K, used 36550K [0x00000006c2600000, 0x00000006c4a00000, 0x00000006c7800000)
  object space 36864K, 99% used [0x00000006c2600000,0x00000006c49b1b28,0x00000006c4a00000)
}
Event: 4.520 GC heap before
{Heap before GC invocations=4 (full 0):
 PSYoungGen      total 76800K, used 76791K [0x0000000797d00000, 0x00000007a1300000, 0x0000000800000000)
  eden space 66048K, 100% used [0x0000000797d00000,0x000000079bd80000,0x000000079bd80000)
  from space 10752K, 99% used [0x000000079bd80000,0x000000079c7fdf38,0x000000079c800000)
  to   space 10752K, 0% used [0x00000007a0880000,0x00000007a0880000,0x00000007a1300000)
 ParOldGen       total 175104K, used 8689K [0x00000006c7800000, 0x00000006d2300000, 0x0000000797d00000)
  object space 175104K, 4% used [0x00000006c7800000,0x00000006c807c498,0x00000006d2300000)
 PSPermGen       total 43520K, used 43281K [0x00000006c2600000, 0x00000006c5080000, 0x00000006c7800000)
  object space 43520K, 99% used [0x00000006c2600000,0x00000006c50444e0,0x00000006c5080000)
Event: 4.531 GC heap after
Heap after GC invocations=4 (full 0):
 PSYoungGen      total 76800K, used 10723K [0x0000000797d00000, 0x00000007a1300000, 0x0000000800000000)
  eden space 66048K, 0% used [0x0000000797d00000,0x0000000797d00000,0x000000079bd80000)
  from space 10752K, 99% used [0x00000007a0880000,0x00000007a12f8d28,0x00000007a1300000)
  to   space 10752K, 0% used [0x000000079bd80000,0x000000079bd80000,0x000000079c800000)
 ParOldGen       total 175104K, used 16081K [0x00000006c7800000, 0x00000006d2300000, 0x0000000797d00000)
  object space 175104K, 9% used [0x00000006c7800000,0x00000006c87b44f8,0x00000006d2300000)
 PSPermGen       total 43520K, used 43281K [0x00000006c2600000, 0x00000006c5080000, 0x00000006c7800000)
  object space 43520K, 99% used [0x00000006c2600000,0x00000006c50444e0,0x00000006c5080000)
}

