# JRE version: Java(TM) SE Runtime Environment (7.0_45-b18) (build 1.7.0_45-b18)
# Java VM: Java HotSpot(TM) 64-Bit Server VM (24.45-b08 mixed mode linux-amd64 compressed oops)
Heap
 PSYoungGen      total 291328K, used 177192K [0x0000000759500000, 0x000000076f600000, 0x0000000800000000)
  eden space 253952K, 55% used [0x0000000759500000,0x0000000761dd5228,0x0000000768d00000)
  from space 37376K, 99% used [0x0000000769700000,0x000000076bb34ec8,0x000000076bb80000)
  to   space 53760K, 0% used [0x000000076c180000,0x000000076c180000,0x000000076f600000)
 ParOldGen       total 175104K, used 71513K [0x000000060c000000, 0x0000000616b00000, 0x0000000759500000)
  object space 175104K, 40% used [0x000000060c000000,0x00000006105d6590,0x0000000616b00000)
 PSPermGen       total 52736K, used 52622K [0x0000000606e00000, 0x000000060a180000, 0x000000060c000000)
  object space 52736K, 99% used [0x0000000606e00000,0x000000060a163b28,0x000000060a180000)
GC Heap History (10 events):
Event: 6.462 GC heap before
{Heap before GC invocations=5 (full 0):
 PSYoungGen      total 76800K, used 76792K [0x0000000759500000, 0x000000075ea80000, 0x0000000800000000)
  eden space 66048K, 100% used [0x0000000759500000,0x000000075d580000,0x000000075d580000)
  from space 10752K, 99% used [0x000000075e000000,0x000000075ea7e088,0x000000075ea80000)
  to   space 10752K, 0% used [0x000000075d580000,0x000000075d580000,0x000000075e000000)
 ParOldGen       total 175104K, used 23163K [0x000000060c000000, 0x0000000616b00000, 0x0000000759500000)
  object space 175104K, 13% used [0x000000060c000000,0x000000060d69eef8,0x0000000616b00000)
 PSPermGen       total 36352K, used 35905K [0x0000000606e00000, 0x0000000609180000, 0x000000060c000000)
  object space 36352K, 98% used [0x0000000606e00000,0x0000000609110600,0x0000000609180000)
Event: 6.476 GC heap after
Heap after GC invocations=5 (full 0):
 PSYoungGen      total 76800K, used 10739K [0x0000000759500000, 0x0000000765700000, 0x0000000800000000)
  eden space 66048K, 0% used [0x0000000759500000,0x0000000759500000,0x000000075d580000)
  from space 10752K, 99% used [0x000000075d580000,0x000000075dffcdc8,0x000000075e000000)
  to   space 33280K, 0% used [0x0000000763680000,0x0000000763680000,0x0000000765700000)
 ParOldGen       total 175104K, used 34848K [0x000000060c000000, 0x0000000616b00000, 0x0000000759500000)
  object space 175104K, 19% used [0x000000060c000000,0x000000060e208198,0x0000000616b00000)
 PSPermGen       total 36352K, used 35905K [0x0000000606e00000, 0x0000000609180000, 0x000000060c000000)
  object space 36352K, 98% used [0x0000000606e00000,0x0000000609110600,0x0000000609180000)
}
Event: 6.971 GC heap before
{Heap before GC invocations=6 (full 0):
 PSYoungGen      total 76800K, used 76787K [0x0000000759500000, 0x0000000765700000, 0x0000000800000000)
  eden space 66048K, 100% used [0x0000000759500000,0x000000075d580000,0x000000075d580000)
  from space 10752K, 99% used [0x000000075d580000,0x000000075dffcdc8,0x000000075e000000)
  to   space 33280K, 0% used [0x0000000763680000,0x0000000763680000,0x0000000765700000)
 ParOldGen       total 175104K, used 34848K [0x000000060c000000, 0x0000000616b00000, 0x0000000759500000)
  object space 175104K, 19% used [0x000000060c000000,0x000000060e208198,0x0000000616b00000)
 PSPermGen       total 40960K, used 40480K [0x0000000606e00000, 0x0000000609600000, 0x000000060c000000)
  object space 40960K, 98% used [0x0000000606e00000,0x0000000609588178,0x0000000609600000)
Event: 6.986 GC heap after
Heap after GC invocations=6 (full 0):
 PSYoungGen      total 164352K, used 20763K [0x0000000759500000, 0x0000000765600000, 0x0000000800000000)
  eden space 132096K, 0% used [0x0000000759500000,0x0000000759500000,0x0000000761600000)
  from space 32256K, 64% used [0x0000000763680000,0x0000000764ac6d58,0x0000000765600000)
  to   space 32768K, 0% used [0x0000000761600000,0x0000000761600000,0x0000000763600000)
 ParOldGen       total 175104K, used 34848K [0x000000060c000000, 0x0000000616b00000, 0x0000000759500000)
  object space 175104K, 19% used [0x000000060c000000,0x000000060e208198,0x0000000616b00000)
 PSPermGen       total 40960K, used 40480K [0x0000000606e00000, 0x0000000609600000, 0x000000060c000000)
  object space 40960K, 98% used [0x0000000606e00000,0x0000000609588178,0x0000000609600000)
}
Event: 11.177 GC heap before
{Heap before GC invocations=7 (full 0):
 PSYoungGen      total 164352K, used 148933K [0x0000000759500000, 0x0000000765600000, 0x0000000800000000)
  eden space 132096K, 97% used [0x0000000759500000,0x000000076122a758,0x0000000761600000)
  from space 32256K, 64% used [0x0000000763680000,0x0000000764ac6d58,0x0000000765600000)
  to   space 32768K, 0% used [0x0000000761600000,0x0000000761600000,0x0000000763600000)
 ParOldGen       total 175104K, used 34848K [0x000000060c000000, 0x0000000616b00000, 0x0000000759500000)
  object space 175104K, 19% used [0x000000060c000000,0x000000060e208198,0x0000000616b00000)
 PSPermGen       total 49152K, used 48679K [0x0000000606e00000, 0x0000000609e00000, 0x000000060c000000)
  object space 49152K, 99% used [0x0000000606e00000,0x0000000609d89ef8,0x0000000609e00000)
Event: 11.200 GC heap after
Heap after GC invocations=7 (full 0):
 PSYoungGen      total 164864K, used 32741K [0x0000000759500000, 0x000000076fd00000, 0x0000000800000000)
  eden space 132096K, 0% used [0x0000000759500000,0x0000000759500000,0x0000000761600000)
  from space 32768K, 99% used [0x0000000761600000,0x00000007635f96b8,0x0000000763600000)
  to   space 52224K, 0% used [0x000000076ca00000,0x000000076ca00000,0x000000076fd00000)
 ParOldGen       total 175104K, used 61989K [0x000000060c000000, 0x0000000616b00000, 0x0000000759500000)
  object space 175104K, 35% used [0x000000060c000000,0x000000060fc89548,0x0000000616b00000)
 PSPermGen       total 49152K, used 48679K [0x0000000606e00000, 0x0000000609e00000, 0x000000060c000000)
  object space 49152K, 99% used [0x0000000606e00000,0x0000000609d89ef8,0x0000000609e00000)
}
Event: 17.979 GC heap before
{Heap before GC invocations=8 (full 0):
 PSYoungGen      total 164864K, used 164208K [0x0000000759500000, 0x000000076fd00000, 0x0000000800000000)
  eden space 132096K, 99% used [0x0000000759500000,0x0000000761562b28,0x0000000761600000)
  from space 32768K, 99% used [0x0000000761600000,0x00000007635f96b8,0x0000000763600000)
  to   space 52224K, 0% used [0x000000076ca00000,0x000000076ca00000,0x000000076fd00000)
 ParOldGen       total 175104K, used 61989K [0x000000060c000000, 0x0000000616b00000, 0x0000000759500000)
  object space 175104K, 35% used [0x000000060c000000,0x000000060fc89548,0x0000000616b00000)
 PSPermGen       total 49664K, used 49351K [0x0000000606e00000, 0x0000000609e80000, 0x000000060c000000)
  object space 49664K, 99% used [0x0000000606e00000,0x0000000609e31e18,0x0000000609e80000)
Event: 17.992 GC heap after
Heap after GC invocations=8 (full 0):
 PSYoungGen      total 314368K, used 28926K [0x0000000759500000, 0x000000076fb00000, 0x0000000800000000)
  eden space 264192K, 0% used [0x0000000759500000,0x0000000759500000,0x0000000769700000)
  from space 50176K, 57% used [0x000000076ca00000,0x000000076e63f9f8,0x000000076fb00000)
  to   space 51200K, 0% used [0x0000000769700000,0x0000000769700000,0x000000076c900000)
 ParOldGen       total 175104K, used 66873K [0x000000060c000000, 0x0000000616b00000, 0x0000000759500000)
  object space 175104K, 38% used [0x000000060c000000,0x000000061014e778,0x0000000616b00000)
 PSPermGen       total 49664K, used 49351K [0x0000000606e00000, 0x0000000609e80000, 0x000000060c000000)
  object space 49664K, 99% used [0x0000000606e00000,0x0000000609e31e18,0x0000000609e80000)
}
Event: 50.762 GC heap before
{Heap before GC invocations=9 (full 0):
 PSYoungGen      total 314368K, used 293118K [0x0000000759500000, 0x000000076fb00000, 0x0000000800000000)
  eden space 264192K, 100% used [0x0000000759500000,0x0000000769700000,0x0000000769700000)
  from space 50176K, 57% used [0x000000076ca00000,0x000000076e63f9f8,0x000000076fb00000)
  to   space 51200K, 0% used [0x0000000769700000,0x0000000769700000,0x000000076c900000)
 ParOldGen       total 175104K, used 66873K [0x000000060c000000, 0x0000000616b00000, 0x0000000759500000)
  object space 175104K, 38% used [0x000000060c000000,0x000000061014e778,0x0000000616b00000)
 PSPermGen       total 50688K, used 50262K [0x0000000606e00000, 0x0000000609f80000, 0x000000060c000000)
  object space 50688K, 99% used [0x0000000606e00000,0x0000000609f15a00,0x0000000609f80000)
Event: 50.776 GC heap after
Heap after GC invocations=9 (full 0):
 PSYoungGen      total 291328K, used 37075K [0x0000000759500000, 0x000000076f600000, 0x0000000800000000)
  eden space 253952K, 0% used [0x0000000759500000,0x0000000759500000,0x0000000768d00000)
  from space 37376K, 99% used [0x0000000769700000,0x000000076bb34ec8,0x000000076bb80000)
  to   space 53760K, 0% used [0x000000076c180000,0x000000076c180000,0x000000076f600000)
 ParOldGen       total 175104K, used 71513K [0x000000060c000000, 0x0000000616b00000, 0x0000000759500000)
  object space 175104K, 40% used [0x000000060c000000,0x00000006105d6590,0x0000000616b00000)
 PSPermGen       total 50688K, used 50262K [0x0000000606e00000, 0x0000000609f80000, 0x000000060c000000)
  object space 50688K, 99% used [0x0000000606e00000,0x0000000609f15a00,0x0000000609f80000)
}

