# JRE version: Java(TM) SE Runtime Environment (7.0_45-b18) (build 1.7.0_45-b18)
# Java VM: Java HotSpot(TM) 64-Bit Server VM (24.45-b08 mixed mode linux-amd64 compressed oops)
Heap
 PSYoungGen      total 546304K, used 282101K [0x0000000759500000, 0x000000078c500000, 0x0000000800000000)
  eden space 291840K, 87% used [0x0000000759500000,0x0000000768f68d78,0x000000076b200000)
  from space 254464K, 10% used [0x000000077cc80000,0x000000077e5948b0,0x000000078c500000)
  to   space 271872K, 0% used [0x000000076b200000,0x000000076b200000,0x000000077bb80000)
 ParOldGen       total 570368K, used 32401K [0x000000060c000000, 0x000000062ed00000, 0x0000000759500000)
  object space 570368K, 5% used [0x000000060c000000,0x000000060dfa4758,0x000000062ed00000)
 PSPermGen       total 67584K, used 55891K [0x0000000606e00000, 0x000000060b000000, 0x000000060c000000)
  object space 67584K, 82% used [0x0000000606e00000,0x000000060a494da8,0x000000060b000000)
GC Heap History (10 events):
Event: 662.587 GC heap before
{Heap before GC invocations=26 (full 8):
 PSYoungGen      total 451584K, used 196608K [0x0000000759500000, 0x000000078b700000, 0x0000000800000000)
  eden space 196608K, 100% used [0x0000000759500000,0x0000000765500000,0x0000000765500000)
  from space 254976K, 0% used [0x0000000765500000,0x0000000765500000,0x0000000774e00000)
  to   space 296448K, 0% used [0x0000000779580000,0x0000000779580000,0x000000078b700000)
 ParOldGen       total 570368K, used 32393K [0x000000060c000000, 0x000000062ed00000, 0x0000000759500000)
  object space 570368K, 5% used [0x000000060c000000,0x000000060dfa2758,0x000000062ed00000)
 PSPermGen       total 67584K, used 41047K [0x0000000606e00000, 0x000000060b000000, 0x000000060c000000)
  object space 67584K, 60% used [0x0000000606e00000,0x0000000609615da0,0x000000060b000000)
Event: 662.589 GC heap after
Heap after GC invocations=26 (full 8):
 PSYoungGen      total 522752K, used 288K [0x0000000759500000, 0x000000078c580000, 0x0000000800000000)
  eden space 226304K, 0% used [0x0000000759500000,0x0000000759500000,0x0000000767200000)
  from space 296448K, 0% used [0x0000000779580000,0x00000007795c8000,0x000000078b700000)
  to   space 298496K, 0% used [0x0000000767200000,0x0000000767200000,0x0000000779580000)
 ParOldGen       total 570368K, used 32393K [0x000000060c000000, 0x000000062ed00000, 0x0000000759500000)
  object space 570368K, 5% used [0x000000060c000000,0x000000060dfa2758,0x000000062ed00000)
 PSPermGen       total 67584K, used 41047K [0x0000000606e00000, 0x000000060b000000, 0x000000060c000000)
  object space 67584K, 60% used [0x0000000606e00000,0x0000000609615da0,0x000000060b000000)
}
Event: 663.036 GC heap before
{Heap before GC invocations=27 (full 8):
 PSYoungGen      total 522752K, used 226592K [0x0000000759500000, 0x000000078c580000, 0x0000000800000000)
  eden space 226304K, 100% used [0x0000000759500000,0x0000000767200000,0x0000000767200000)
  from space 296448K, 0% used [0x0000000779580000,0x00000007795c8000,0x000000078b700000)
  to   space 298496K, 0% used [0x0000000767200000,0x0000000767200000,0x0000000779580000)
 ParOldGen       total 570368K, used 32393K [0x000000060c000000, 0x000000062ed00000, 0x0000000759500000)
  object space 570368K, 5% used [0x000000060c000000,0x000000060dfa2758,0x000000062ed00000)
 PSPermGen       total 67584K, used 41047K [0x0000000606e00000, 0x000000060b000000, 0x000000060c000000)
  object space 67584K, 60% used [0x0000000606e00000,0x0000000609615da0,0x000000060b000000)
Event: 663.038 GC heap after
Heap after GC invocations=27 (full 8):
 PSYoungGen      total 524800K, used 320K [0x0000000759500000, 0x000000078df80000, 0x0000000800000000)
  eden space 226304K, 0% used [0x0000000759500000,0x0000000759500000,0x0000000767200000)
  from space 298496K, 0% used [0x0000000767200000,0x0000000767250000,0x0000000779580000)
  to   space 296960K, 0% used [0x000000077bd80000,0x000000077bd80000,0x000000078df80000)
 ParOldGen       total 570368K, used 32393K [0x000000060c000000, 0x000000062ed00000, 0x0000000759500000)
  object space 570368K, 5% used [0x000000060c000000,0x000000060dfa2758,0x000000062ed00000)
 PSPermGen       total 67584K, used 41047K [0x0000000606e00000, 0x000000060b000000, 0x000000060c000000)
  object space 67584K, 60% used [0x0000000606e00000,0x0000000609615da0,0x000000060b000000)
}
Event: 663.484 GC heap before
{Heap before GC invocations=28 (full 8):
 PSYoungGen      total 524800K, used 226624K [0x0000000759500000, 0x000000078df80000, 0x0000000800000000)
  eden space 226304K, 100% used [0x0000000759500000,0x0000000767200000,0x0000000767200000)
  from space 298496K, 0% used [0x0000000767200000,0x0000000767250000,0x0000000779580000)
  to   space 296960K, 0% used [0x000000077bd80000,0x000000077bd80000,0x000000078df80000)
 ParOldGen       total 570368K, used 32393K [0x000000060c000000, 0x000000062ed00000, 0x0000000759500000)
  object space 570368K, 5% used [0x000000060c000000,0x000000060dfa2758,0x000000062ed00000)
 PSPermGen       total 67584K, used 41047K [0x0000000606e00000, 0x000000060b000000, 0x000000060c000000)
  object space 67584K, 60% used [0x0000000606e00000,0x0000000609615da0,0x000000060b000000)
Event: 663.486 GC heap after
Heap after GC invocations=28 (full 8):
 PSYoungGen      total 545280K, used 339K [0x0000000759500000, 0x000000078d180000, 0x0000000800000000)
  eden space 262656K, 0% used [0x0000000759500000,0x0000000759500000,0x0000000769580000)
  from space 282624K, 0% used [0x000000077bd80000,0x000000077bdd4d48,0x000000078d180000)
  to   space 292864K, 0% used [0x0000000769580000,0x0000000769580000,0x000000077b380000)
 ParOldGen       total 570368K, used 32393K [0x000000060c000000, 0x000000062ed00000, 0x0000000759500000)
  object space 570368K, 5% used [0x000000060c000000,0x000000060dfa2758,0x000000062ed00000)
 PSPermGen       total 67584K, used 41047K [0x0000000606e00000, 0x000000060b000000, 0x000000060c000000)
  object space 67584K, 60% used [0x0000000606e00000,0x0000000609615da0,0x000000060b000000)
}
Event: 1411.853 GC heap before
{Heap before GC invocations=29 (full 8):
 PSYoungGen      total 545280K, used 262995K [0x0000000759500000, 0x000000078d180000, 0x0000000800000000)
  eden space 262656K, 100% used [0x0000000759500000,0x0000000769580000,0x0000000769580000)
  from space 282624K, 0% used [0x000000077bd80000,0x000000077bdd4d48,0x000000078d180000)
  to   space 292864K, 0% used [0x0000000769580000,0x0000000769580000,0x000000077b380000)
 ParOldGen       total 570368K, used 32393K [0x000000060c000000, 0x000000062ed00000, 0x0000000759500000)
  object space 570368K, 5% used [0x000000060c000000,0x000000060dfa2758,0x000000062ed00000)
 PSPermGen       total 67584K, used 54362K [0x0000000606e00000, 0x000000060b000000, 0x000000060c000000)
  object space 67584K, 80% used [0x0000000606e00000,0x000000060a316a18,0x000000060b000000)
Event: 1411.862 GC heap after
Heap after GC invocations=29 (full 8):
 PSYoungGen      total 555520K, used 20757K [0x0000000759500000, 0x000000078e100000, 0x0000000800000000)
  eden space 262656K, 0% used [0x0000000759500000,0x0000000759500000,0x0000000769580000)
  from space 292864K, 7% used [0x0000000769580000,0x000000076a9c5728,0x000000077b380000)
  to   space 283136K, 0% used [0x000000077cc80000,0x000000077cc80000,0x000000078e100000)
 ParOldGen       total 570368K, used 32401K [0x000000060c000000, 0x000000062ed00000, 0x0000000759500000)
  object space 570368K, 5% used [0x000000060c000000,0x000000060dfa4758,0x000000062ed00000)
 PSPermGen       total 67584K, used 54362K [0x0000000606e00000, 0x000000060b000000, 0x000000060c000000)
  object space 67584K, 80% used [0x0000000606e00000,0x000000060a316a18,0x000000060b000000)
}
Event: 1423.492 GC heap before
{Heap before GC invocations=30 (full 8):
 PSYoungGen      total 555520K, used 283413K [0x0000000759500000, 0x000000078e100000, 0x0000000800000000)
  eden space 262656K, 100% used [0x0000000759500000,0x0000000769580000,0x0000000769580000)
  from space 292864K, 7% used [0x0000000769580000,0x000000076a9c5728,0x000000077b380000)
  to   space 283136K, 0% used [0x000000077cc80000,0x000000077cc80000,0x000000078e100000)
 ParOldGen       total 570368K, used 32401K [0x000000060c000000, 0x000000062ed00000, 0x0000000759500000)
  object space 570368K, 5% used [0x000000060c000000,0x000000060dfa4758,0x000000062ed00000)
 PSPermGen       total 67584K, used 55606K [0x0000000606e00000, 0x000000060b000000, 0x000000060c000000)
  object space 67584K, 82% used [0x0000000606e00000,0x000000060a44d898,0x000000060b000000)
Event: 1423.502 GC heap after
Heap after GC invocations=30 (full 8):
 PSYoungGen      total 546304K, used 25682K [0x0000000759500000, 0x000000078c500000, 0x0000000800000000)
  eden space 291840K, 0% used [0x0000000759500000,0x0000000759500000,0x000000076b200000)
  from space 254464K, 10% used [0x000000077cc80000,0x000000077e5948b0,0x000000078c500000)
  to   space 271872K, 0% used [0x000000076b200000,0x000000076b200000,0x000000077bb80000)
 ParOldGen       total 570368K, used 32401K [0x000000060c000000, 0x000000062ed00000, 0x0000000759500000)
  object space 570368K, 5% used [0x000000060c000000,0x000000060dfa4758,0x000000062ed00000)
 PSPermGen       total 67584K, used 55606K [0x0000000606e00000, 0x000000060b000000, 0x000000060c000000)
  object space 67584K, 82% used [0x0000000606e00000,0x000000060a44d898,0x000000060b000000)
}

