# JRE version: Java(TM) SE Runtime Environment (7.0_45-b18) (build 1.7.0_45-b18)
# Java VM: Java HotSpot(TM) 64-Bit Server VM (24.45-b08 mixed mode linux-amd64 compressed oops)
Heap
 PSYoungGen      total 228352K, used 47788K [0x0000000797d00000, 0x00000007ada80000, 0x0000000800000000)
  eden space 215040K, 16% used [0x0000000797d00000,0x0000000799f24f68,0x00000007a4f00000)
  from space 13312K, 96% used [0x00000007a4f00000,0x00000007a5b862f8,0x00000007a5c00000)
  to   space 70656K, 0% used [0x00000007a9580000,0x00000007a9580000,0x00000007ada80000)
 ParOldGen       total 729600K, used 613293K [0x00000006c7800000, 0x00000006f4080000, 0x0000000797d00000)
  object space 729600K, 84% used [0x00000006c7800000,0x00000006eceeb6f0,0x00000006f4080000)
 PSPermGen       total 83968K, used 55723K [0x00000006c2600000, 0x00000006c7800000, 0x00000006c7800000)
  object space 83968K, 66% used [0x00000006c2600000,0x00000006c5c6afc0,0x00000006c7800000)
GC Heap History (10 events):
Event: 667.481 GC heap before
{Heap before GC invocations=58 (full 3):
 PSYoungGen      total 254464K, used 248704K [0x0000000797d00000, 0x00000007a8380000, 0x0000000800000000)
  eden space 241152K, 100% used [0x0000000797d00000,0x00000007a6880000,0x00000007a6880000)
  from space 13312K, 56% used [0x00000007a7680000,0x00000007a7de0000,0x00000007a8380000)
  to   space 13824K, 0% used [0x00000007a6880000,0x00000007a6880000,0x00000007a7600000)
 ParOldGen       total 729600K, used 502221K [0x00000006c7800000, 0x00000006f4080000, 0x0000000797d00000)
  object space 729600K, 68% used [0x00000006c7800000,0x00000006e62736f0,0x00000006f4080000)
 PSPermGen       total 83968K, used 55575K [0x00000006c2600000, 0x00000006c7800000, 0x00000006c7800000)
  object space 83968K, 66% used [0x00000006c2600000,0x00000006c5c45e88,0x00000006c7800000)
Event: 667.498 GC heap after
Heap after GC invocations=58 (full 3):
 PSYoungGen      total 254976K, used 13808K [0x0000000797d00000, 0x00000007aa380000, 0x0000000800000000)
  eden space 241152K, 0% used [0x0000000797d00000,0x0000000797d00000,0x00000007a6880000)
  from space 13824K, 99% used [0x00000007a6880000,0x00000007a75fc308,0x00000007a7600000)
  to   space 29696K, 0% used [0x00000007a8680000,0x00000007a8680000,0x00000007aa380000)
 ParOldGen       total 729600K, used 540861K [0x00000006c7800000, 0x00000006f4080000, 0x0000000797d00000)
  object space 729600K, 74% used [0x00000006c7800000,0x00000006e882f6f0,0x00000006f4080000)
 PSPermGen       total 83968K, used 55575K [0x00000006c2600000, 0x00000006c7800000, 0x00000006c7800000)
  object space 83968K, 66% used [0x00000006c2600000,0x00000006c5c45e88,0x00000006c7800000)
}
Event: 670.270 GC heap before
{Heap before GC invocations=59 (full 3):
 PSYoungGen      total 254976K, used 254960K [0x0000000797d00000, 0x00000007aa380000, 0x0000000800000000)
  eden space 241152K, 100% used [0x0000000797d00000,0x00000007a6880000,0x00000007a6880000)
  from space 13824K, 99% used [0x00000007a6880000,0x00000007a75fc308,0x00000007a7600000)
  to   space 29696K, 0% used [0x00000007a8680000,0x00000007a8680000,0x00000007aa380000)
 ParOldGen       total 729600K, used 540861K [0x00000006c7800000, 0x00000006f4080000, 0x0000000797d00000)
  object space 729600K, 74% used [0x00000006c7800000,0x00000006e882f6f0,0x00000006f4080000)
 PSPermGen       total 83968K, used 55625K [0x00000006c2600000, 0x00000006c7800000, 0x00000006c7800000)
  object space 83968K, 66% used [0x00000006c2600000,0x00000006c5c527d0,0x00000006c7800000)
Event: 670.284 GC heap after
Heap after GC invocations=59 (full 3):
 PSYoungGen      total 268288K, used 26776K [0x0000000797d00000, 0x00000007aaa80000, 0x0000000800000000)
  eden space 238592K, 0% used [0x0000000797d00000,0x0000000797d00000,0x00000007a6600000)
  from space 29696K, 90% used [0x00000007a8680000,0x00000007aa0a6338,0x00000007aa380000)
  to   space 33280K, 0% used [0x00000007a6600000,0x00000007a6600000,0x00000007a8680000)
 ParOldGen       total 729600K, used 541109K [0x00000006c7800000, 0x00000006f4080000, 0x0000000797d00000)
  object space 729600K, 74% used [0x00000006c7800000,0x00000006e886d6f0,0x00000006f4080000)
 PSPermGen       total 83968K, used 55625K [0x00000006c2600000, 0x00000006c7800000, 0x00000006c7800000)
  object space 83968K, 66% used [0x00000006c2600000,0x00000006c5c527d0,0x00000006c7800000)
}
Event: 673.676 GC heap before
{Heap before GC invocations=60 (full 3):
 PSYoungGen      total 268288K, used 265368K [0x0000000797d00000, 0x00000007aaa80000, 0x0000000800000000)
  eden space 238592K, 100% used [0x0000000797d00000,0x00000007a6600000,0x00000007a6600000)
  from space 29696K, 90% used [0x00000007a8680000,0x00000007aa0a6338,0x00000007aa380000)
  to   space 33280K, 0% used [0x00000007a6600000,0x00000007a6600000,0x00000007a8680000)
 ParOldGen       total 729600K, used 541109K [0x00000006c7800000, 0x00000006f4080000, 0x0000000797d00000)
  object space 729600K, 74% used [0x00000006c7800000,0x00000006e886d6f0,0x00000006f4080000)
 PSPermGen       total 83968K, used 55625K [0x00000006c2600000, 0x00000006c7800000, 0x00000006c7800000)
  object space 83968K, 66% used [0x00000006c2600000,0x00000006c5c527d0,0x00000006c7800000)
Event: 673.701 GC heap after
Heap after GC invocations=60 (full 3):
 PSYoungGen      total 271872K, used 33272K [0x0000000797d00000, 0x00000007ac580000, 0x0000000800000000)
  eden space 238592K, 0% used [0x0000000797d00000,0x0000000797d00000,0x00000007a6600000)
  from space 33280K, 99% used [0x00000007a6600000,0x00000007a867e338,0x00000007a8680000)
  to   space 48128K, 0% used [0x00000007a9680000,0x00000007a9680000,0x00000007ac580000)
 ParOldGen       total 729600K, used 567341K [0x00000006c7800000, 0x00000006f4080000, 0x0000000797d00000)
  object space 729600K, 77% used [0x00000006c7800000,0x00000006ea20b6f0,0x00000006f4080000)
 PSPermGen       total 83968K, used 55625K [0x00000006c2600000, 0x00000006c7800000, 0x00000006c7800000)
  object space 83968K, 66% used [0x00000006c2600000,0x00000006c5c527d0,0x00000006c7800000)
}
Event: 677.070 GC heap before
{Heap before GC invocations=61 (full 3):
 PSYoungGen      total 271872K, used 271864K [0x0000000797d00000, 0x00000007ac580000, 0x0000000800000000)
  eden space 238592K, 100% used [0x0000000797d00000,0x00000007a6600000,0x00000007a6600000)
  from space 33280K, 99% used [0x00000007a6600000,0x00000007a867e338,0x00000007a8680000)
  to   space 48128K, 0% used [0x00000007a9680000,0x00000007a9680000,0x00000007ac580000)
 ParOldGen       total 729600K, used 567341K [0x00000006c7800000, 0x00000006f4080000, 0x0000000797d00000)
  object space 729600K, 77% used [0x00000006c7800000,0x00000006ea20b6f0,0x00000006f4080000)
 PSPermGen       total 83968K, used 55625K [0x00000006c2600000, 0x00000006c7800000, 0x00000006c7800000)
  object space 83968K, 66% used [0x00000006c2600000,0x00000006c5c527d0,0x00000006c7800000)
Event: 677.111 GC heap after
Heap after GC invocations=61 (full 3):
 PSYoungGen      total 263168K, used 48120K [0x0000000797d00000, 0x00000007af700000, 0x0000000800000000)
  eden space 215040K, 0% used [0x0000000797d00000,0x0000000797d00000,0x00000007a4f00000)
  from space 48128K, 99% used [0x00000007a9680000,0x00000007ac57e338,0x00000007ac580000)
  to   space 73216K, 0% used [0x00000007a4f00000,0x00000007a4f00000,0x00000007a9680000)
 ParOldGen       total 729600K, used 613037K [0x00000006c7800000, 0x00000006f4080000, 0x0000000797d00000)
  object space 729600K, 84% used [0x00000006c7800000,0x00000006eceab6f0,0x00000006f4080000)
 PSPermGen       total 83968K, used 55625K [0x00000006c2600000, 0x00000006c7800000, 0x00000006c7800000)
  object space 83968K, 66% used [0x00000006c2600000,0x00000006c5c527d0,0x00000006c7800000)
}
Event: 968.077 GC heap before
{Heap before GC invocations=62 (full 3):
 PSYoungGen      total 263168K, used 263160K [0x0000000797d00000, 0x00000007af700000, 0x0000000800000000)
  eden space 215040K, 100% used [0x0000000797d00000,0x00000007a4f00000,0x00000007a4f00000)
  from space 48128K, 99% used [0x00000007a9680000,0x00000007ac57e338,0x00000007ac580000)
  to   space 73216K, 0% used [0x00000007a4f00000,0x00000007a4f00000,0x00000007a9680000)
 ParOldGen       total 729600K, used 613037K [0x00000006c7800000, 0x00000006f4080000, 0x0000000797d00000)
  object space 729600K, 84% used [0x00000006c7800000,0x00000006eceab6f0,0x00000006f4080000)
 PSPermGen       total 83968K, used 55660K [0x00000006c2600000, 0x00000006c7800000, 0x00000006c7800000)
  object space 83968K, 66% used [0x00000006c2600000,0x00000006c5c5b320,0x00000006c7800000)
Event: 968.094 GC heap after
Heap after GC invocations=62 (full 3):
 PSYoungGen      total 228352K, used 12824K [0x0000000797d00000, 0x00000007ada80000, 0x0000000800000000)
  eden space 215040K, 0% used [0x0000000797d00000,0x0000000797d00000,0x00000007a4f00000)
  from space 13312K, 96% used [0x00000007a4f00000,0x00000007a5b862f8,0x00000007a5c00000)
  to   space 70656K, 0% used [0x00000007a9580000,0x00000007a9580000,0x00000007ada80000)
 ParOldGen       total 729600K, used 613293K [0x00000006c7800000, 0x00000006f4080000, 0x0000000797d00000)
  object space 729600K, 84% used [0x00000006c7800000,0x00000006eceeb6f0,0x00000006f4080000)
 PSPermGen       total 83968K, used 55660K [0x00000006c2600000, 0x00000006c7800000, 0x00000006c7800000)
  object space 83968K, 66% used [0x00000006c2600000,0x00000006c5c5b320,0x00000006c7800000)
}

