# JRE version: Java(TM) SE Runtime Environment (7.0_45-b18) (build 1.7.0_45-b18)
# Java VM: Java HotSpot(TM) 64-Bit Server VM (24.45-b08 mixed mode linux-amd64 compressed oops)
Heap
 PSYoungGen      total 301056K, used 279428K [0x0000000759500000, 0x000000077a400000, 0x0000000800000000)
  eden space 246272K, 91% used [0x0000000759500000,0x00000007670641a8,0x0000000768580000)
  from space 54784K, 99% used [0x0000000768580000,0x000000076bafd018,0x000000076bb00000)
  to   space 72704K, 0% used [0x0000000775d00000,0x0000000775d00000,0x000000077a400000)
 ParOldGen       total 175104K, used 82763K [0x000000060c000000, 0x0000000616b00000, 0x0000000759500000)
  object space 175104K, 47% used [0x000000060c000000,0x00000006110d2fa0,0x0000000616b00000)
 PSPermGen       total 53760K, used 53568K [0x0000000606e00000, 0x000000060a280000, 0x000000060c000000)
  object space 53760K, 99% used [0x0000000606e00000,0x000000060a250398,0x000000060a280000)
GC Heap History (10 events):
Event: 5.098 GC heap before
{Heap before GC invocations=5 (full 0):
 PSYoungGen      total 76800K, used 76799K [0x0000000759500000, 0x000000075ea80000, 0x0000000800000000)
  eden space 66048K, 100% used [0x0000000759500000,0x000000075d580000,0x000000075d580000)
  from space 10752K, 99% used [0x000000075e000000,0x000000075ea7fea8,0x000000075ea80000)
  to   space 10752K, 0% used [0x000000075d580000,0x000000075d580000,0x000000075e000000)
 ParOldGen       total 175104K, used 10943K [0x000000060c000000, 0x0000000616b00000, 0x0000000759500000)
  object space 175104K, 6% used [0x000000060c000000,0x000000060caafeb0,0x0000000616b00000)
 PSPermGen       total 34816K, used 34695K [0x0000000606e00000, 0x0000000609000000, 0x000000060c000000)
  object space 34816K, 99% used [0x0000000606e00000,0x0000000608fe1f50,0x0000000609000000)
Event: 5.106 GC heap after
Heap after GC invocations=5 (full 0):
 PSYoungGen      total 76800K, used 10724K [0x0000000759500000, 0x0000000764200000, 0x0000000800000000)
  eden space 66048K, 0% used [0x0000000759500000,0x0000000759500000,0x000000075d580000)
  from space 10752K, 99% used [0x000000075d580000,0x000000075dff9280,0x000000075e000000)
  to   space 22528K, 0% used [0x0000000762c00000,0x0000000762c00000,0x0000000764200000)
 ParOldGen       total 175104K, used 17054K [0x000000060c000000, 0x0000000616b00000, 0x0000000759500000)
  object space 175104K, 9% used [0x000000060c000000,0x000000060d0a7890,0x0000000616b00000)
 PSPermGen       total 34816K, used 34695K [0x0000000606e00000, 0x0000000609000000, 0x000000060c000000)
  object space 34816K, 99% used [0x0000000606e00000,0x0000000608fe1f50,0x0000000609000000)
}
Event: 5.215 GC heap before
{Heap before GC invocations=6 (full 0):
 PSYoungGen      total 76800K, used 76772K [0x0000000759500000, 0x0000000764200000, 0x0000000800000000)
  eden space 66048K, 100% used [0x0000000759500000,0x000000075d580000,0x000000075d580000)
  from space 10752K, 99% used [0x000000075d580000,0x000000075dff9280,0x000000075e000000)
  to   space 22528K, 0% used [0x0000000762c00000,0x0000000762c00000,0x0000000764200000)
 ParOldGen       total 175104K, used 17054K [0x000000060c000000, 0x0000000616b00000, 0x0000000759500000)
  object space 175104K, 9% used [0x000000060c000000,0x000000060d0a7890,0x0000000616b00000)
 PSPermGen       total 34816K, used 34697K [0x0000000606e00000, 0x0000000609000000, 0x000000060c000000)
  object space 34816K, 99% used [0x0000000606e00000,0x0000000608fe24e8,0x0000000609000000)
Event: 5.222 GC heap after
Heap after GC invocations=6 (full 0):
 PSYoungGen      total 153600K, used 17066K [0x0000000759500000, 0x0000000764400000, 0x0000000800000000)
  eden space 131072K, 0% used [0x0000000759500000,0x0000000759500000,0x0000000761500000)
  from space 22528K, 75% used [0x0000000762c00000,0x0000000763caaa30,0x0000000764200000)
  to   space 23552K, 0% used [0x0000000761500000,0x0000000761500000,0x0000000762c00000)
 ParOldGen       total 175104K, used 17062K [0x000000060c000000, 0x0000000616b00000, 0x0000000759500000)
  object space 175104K, 9% used [0x000000060c000000,0x000000060d0a9890,0x0000000616b00000)
 PSPermGen       total 34816K, used 34697K [0x0000000606e00000, 0x0000000609000000, 0x000000060c000000)
  object space 34816K, 99% used [0x0000000606e00000,0x0000000608fe24e8,0x0000000609000000)
}
Event: 5.582 GC heap before
{Heap before GC invocations=7 (full 0):
 PSYoungGen      total 153600K, used 148138K [0x0000000759500000, 0x0000000764400000, 0x0000000800000000)
  eden space 131072K, 100% used [0x0000000759500000,0x0000000761500000,0x0000000761500000)
  from space 22528K, 75% used [0x0000000762c00000,0x0000000763caaa30,0x0000000764200000)
  to   space 23552K, 0% used [0x0000000761500000,0x0000000761500000,0x0000000762c00000)
 ParOldGen       total 175104K, used 17062K [0x000000060c000000, 0x0000000616b00000, 0x0000000759500000)
  object space 175104K, 9% used [0x000000060c000000,0x000000060d0a9890,0x0000000616b00000)
 PSPermGen       total 35840K, used 35376K [0x0000000606e00000, 0x0000000609100000, 0x000000060c000000)
  object space 35840K, 98% used [0x0000000606e00000,0x000000060908c2b0,0x0000000609100000)
Event: 5.600 GC heap after
Heap after GC invocations=7 (full 0):
 PSYoungGen      total 154624K, used 23545K [0x0000000759500000, 0x000000076e100000, 0x0000000800000000)
  eden space 131072K, 0% used [0x0000000759500000,0x0000000759500000,0x0000000761500000)
  from space 23552K, 99% used [0x0000000761500000,0x0000000762bfe698,0x0000000762c00000)
  to   space 38912K, 0% used [0x000000076bb00000,0x000000076bb00000,0x000000076e100000)
 ParOldGen       total 175104K, used 40079K [0x000000060c000000, 0x0000000616b00000, 0x0000000759500000)
  object space 175104K, 22% used [0x000000060c000000,0x000000060e723e40,0x0000000616b00000)
 PSPermGen       total 35840K, used 35376K [0x0000000606e00000, 0x0000000609100000, 0x000000060c000000)
  object space 35840K, 98% used [0x0000000606e00000,0x000000060908c2b0,0x0000000609100000)
}
Event: 8.672 GC heap before
{Heap before GC invocations=8 (full 0):
 PSYoungGen      total 154624K, used 154303K [0x0000000759500000, 0x000000076e100000, 0x0000000800000000)
  eden space 131072K, 99% used [0x0000000759500000,0x00000007614b17c8,0x0000000761500000)
  from space 23552K, 99% used [0x0000000761500000,0x0000000762bfe698,0x0000000762c00000)
  to   space 38912K, 0% used [0x000000076bb00000,0x000000076bb00000,0x000000076e100000)
 ParOldGen       total 175104K, used 40079K [0x000000060c000000, 0x0000000616b00000, 0x0000000759500000)
  object space 175104K, 22% used [0x000000060c000000,0x000000060e723e40,0x0000000616b00000)
 PSPermGen       total 38400K, used 38371K [0x0000000606e00000, 0x0000000609380000, 0x000000060c000000)
  object space 38400K, 99% used [0x0000000606e00000,0x0000000609378cb0,0x0000000609380000)
Event: 8.691 GC heap after
Heap after GC invocations=8 (full 0):
 PSYoungGen      total 285184K, used 38888K [0x0000000759500000, 0x0000000770000000, 0x0000000800000000)
  eden space 246272K, 0% used [0x0000000759500000,0x0000000759500000,0x0000000768580000)
  from space 38912K, 99% used [0x000000076bb00000,0x000000076e0fa2f0,0x000000076e100000)
  to   space 54784K, 0% used [0x0000000768580000,0x0000000768580000,0x000000076bb00000)
 ParOldGen       total 175104K, used 61297K [0x000000060c000000, 0x0000000616b00000, 0x0000000759500000)
  object space 175104K, 35% used [0x000000060c000000,0x000000060fbdc5a0,0x0000000616b00000)
 PSPermGen       total 38400K, used 38371K [0x0000000606e00000, 0x0000000609380000, 0x000000060c000000)
  object space 38400K, 99% used [0x0000000606e00000,0x0000000609378cb0,0x0000000609380000)
}
Event: 15.822 GC heap before
{Heap before GC invocations=9 (full 0):
 PSYoungGen      total 285184K, used 285160K [0x0000000759500000, 0x0000000770000000, 0x0000000800000000)
  eden space 246272K, 100% used [0x0000000759500000,0x0000000768580000,0x0000000768580000)
  from space 38912K, 99% used [0x000000076bb00000,0x000000076e0fa2f0,0x000000076e100000)
  to   space 54784K, 0% used [0x0000000768580000,0x0000000768580000,0x000000076bb00000)
 ParOldGen       total 175104K, used 61297K [0x000000060c000000, 0x0000000616b00000, 0x0000000759500000)
  object space 175104K, 35% used [0x000000060c000000,0x000000060fbdc5a0,0x0000000616b00000)
 PSPermGen       total 52224K, used 51767K [0x0000000606e00000, 0x000000060a100000, 0x000000060c000000)
  object space 52224K, 99% used [0x0000000606e00000,0x000000060a08df90,0x000000060a100000)
Event: 15.849 GC heap after
Heap after GC invocations=9 (full 0):
 PSYoungGen      total 301056K, used 54772K [0x0000000759500000, 0x000000077a400000, 0x0000000800000000)
  eden space 246272K, 0% used [0x0000000759500000,0x0000000759500000,0x0000000768580000)
  from space 54784K, 99% used [0x0000000768580000,0x000000076bafd018,0x000000076bb00000)
  to   space 72704K, 0% used [0x0000000775d00000,0x0000000775d00000,0x000000077a400000)
 ParOldGen       total 175104K, used 82763K [0x000000060c000000, 0x0000000616b00000, 0x0000000759500000)
  object space 175104K, 47% used [0x000000060c000000,0x00000006110d2fa0,0x0000000616b00000)
 PSPermGen       total 52224K, used 51767K [0x0000000606e00000, 0x000000060a100000, 0x000000060c000000)
  object space 52224K, 99% used [0x0000000606e00000,0x000000060a08df90,0x000000060a100000)
}

