# JRE version: Java(TM) SE Runtime Environment (7.0_45-b18) (build 1.7.0_45-b18)
# Java VM: Java HotSpot(TM) 64-Bit Server VM (24.45-b08 mixed mode linux-amd64 compressed oops)
Heap
 PSYoungGen      total 629248K, used 243067K [0x0000000759500000, 0x0000000798300000, 0x0000000800000000)
  eden space 260096K, 93% used [0x0000000759500000,0x000000076825ed08,0x0000000769300000)
  from space 369152K, 0% used [0x0000000781a80000,0x0000000781a80000,0x0000000798300000)
  to   space 385024K, 0% used [0x0000000769300000,0x0000000769300000,0x0000000780b00000)
 ParOldGen       total 779264K, used 189663K [0x000000060c000000, 0x000000063b900000, 0x0000000759500000)
  object space 779264K, 24% used [0x000000060c000000,0x0000000617937eb0,0x000000063b900000)
 PSPermGen       total 73216K, used 57479K [0x0000000606e00000, 0x000000060b580000, 0x000000060c000000)
  object space 73216K, 78% used [0x0000000606e00000,0x000000060a621fa0,0x000000060b580000)
GC Heap History (10 events):
Event: 1188.540 GC heap before
{Heap before GC invocations=53 (full 14):
 PSYoungGen      total 588800K, used 326265K [0x0000000759500000, 0x0000000797f80000, 0x0000000800000000)
  eden space 198144K, 100% used [0x0000000759500000,0x0000000765680000,0x0000000765680000)
  from space 390656K, 32% used [0x0000000780200000,0x0000000787f1e598,0x0000000797f80000)
  to   space 414208K, 0% used [0x0000000765680000,0x0000000765680000,0x000000077eb00000)
 ParOldGen       total 1970688K, used 1776714K [0x000000060c000000, 0x0000000684480000, 0x0000000759500000)
  object space 1970688K, 90% used [0x000000060c000000,0x0000000678712ad8,0x0000000684480000)
 PSPermGen       total 75776K, used 57170K [0x0000000606e00000, 0x000000060b800000, 0x000000060c000000)
  object space 75776K, 75% used [0x0000000606e00000,0x000000060a5d4908,0x000000060b800000)
Event: 1188.545 GC heap after
Heap after GC invocations=53 (full 14):
 PSYoungGen      total 612352K, used 1216K [0x0000000759500000, 0x000000079a500000, 0x0000000800000000)
  eden space 198144K, 0% used [0x0000000759500000,0x0000000759500000,0x0000000765680000)
  from space 414208K, 0% used [0x0000000765680000,0x00000007657b0000,0x000000077eb00000)
  to   space 415232K, 0% used [0x0000000780f80000,0x0000000780f80000,0x000000079a500000)
 ParOldGen       total 1970688K, used 1777234K [0x000000060c000000, 0x0000000684480000, 0x0000000759500000)
  object space 1970688K, 90% used [0x000000060c000000,0x0000000678794ad8,0x0000000684480000)
 PSPermGen       total 75776K, used 57170K [0x0000000606e00000, 0x000000060b800000, 0x000000060c000000)
  object space 75776K, 75% used [0x0000000606e00000,0x000000060a5d4908,0x000000060b800000)
}
Event: 1194.475 GC heap before
{Heap before GC invocations=54 (full 14):
 PSYoungGen      total 612352K, used 199360K [0x0000000759500000, 0x000000079a500000, 0x0000000800000000)
  eden space 198144K, 100% used [0x0000000759500000,0x0000000765680000,0x0000000765680000)
  from space 414208K, 0% used [0x0000000765680000,0x00000007657b0000,0x000000077eb00000)
  to   space 415232K, 0% used [0x0000000780f80000,0x0000000780f80000,0x000000079a500000)
 ParOldGen       total 1970688K, used 1777234K [0x000000060c000000, 0x0000000684480000, 0x0000000759500000)
  object space 1970688K, 90% used [0x000000060c000000,0x0000000678794ad8,0x0000000684480000)
 PSPermGen       total 75776K, used 57170K [0x0000000606e00000, 0x000000060b800000, 0x000000060c000000)
  object space 75776K, 75% used [0x0000000606e00000,0x000000060a5d4908,0x000000060b800000)
Event: 1194.480 GC heap after
Heap after GC invocations=54 (full 14):
 PSYoungGen      total 638464K, used 736K [0x0000000759500000, 0x0000000799c80000, 0x0000000800000000)
  eden space 231936K, 0% used [0x0000000759500000,0x0000000759500000,0x0000000767780000)
  from space 406528K, 0% used [0x0000000780f80000,0x0000000781038000,0x0000000799c80000)
  to   space 412160K, 0% used [0x0000000767780000,0x0000000767780000,0x0000000780a00000)
 ParOldGen       total 1970688K, used 1778338K [0x000000060c000000, 0x0000000684480000, 0x0000000759500000)
  object space 1970688K, 90% used [0x000000060c000000,0x00000006788a8a08,0x0000000684480000)
 PSPermGen       total 75776K, used 57170K [0x0000000606e00000, 0x000000060b800000, 0x000000060c000000)
  object space 75776K, 75% used [0x0000000606e00000,0x000000060a5d4908,0x000000060b800000)
}
Event: 1196.883 GC heap before
{Heap before GC invocations=55 (full 14):
 PSYoungGen      total 638464K, used 232672K [0x0000000759500000, 0x0000000799c80000, 0x0000000800000000)
  eden space 231936K, 100% used [0x0000000759500000,0x0000000767780000,0x0000000767780000)
  from space 406528K, 0% used [0x0000000780f80000,0x0000000781038000,0x0000000799c80000)
  to   space 412160K, 0% used [0x0000000767780000,0x0000000767780000,0x0000000780a00000)
 ParOldGen       total 1970688K, used 1778338K [0x000000060c000000, 0x0000000684480000, 0x0000000759500000)
  object space 1970688K, 90% used [0x000000060c000000,0x00000006788a8a08,0x0000000684480000)
 PSPermGen       total 75776K, used 57172K [0x0000000606e00000, 0x000000060b800000, 0x000000060c000000)
  object space 75776K, 75% used [0x0000000606e00000,0x000000060a5d53b0,0x000000060b800000)
Event: 1196.899 GC heap after
Heap after GC invocations=55 (full 14):
 PSYoungGen      total 644096K, used 50536K [0x0000000759500000, 0x0000000799e80000, 0x0000000800000000)
  eden space 231936K, 0% used [0x0000000759500000,0x0000000759500000,0x0000000767780000)
  from space 412160K, 12% used [0x0000000767780000,0x000000076a8da318,0x0000000780a00000)
  to   space 397312K, 0% used [0x0000000781a80000,0x0000000781a80000,0x0000000799e80000)
 ParOldGen       total 1970688K, used 1778682K [0x000000060c000000, 0x0000000684480000, 0x0000000759500000)
  object space 1970688K, 90% used [0x000000060c000000,0x00000006788fea08,0x0000000684480000)
 PSPermGen       total 75776K, used 57172K [0x0000000606e00000, 0x000000060b800000, 0x000000060c000000)
  object space 75776K, 75% used [0x0000000606e00000,0x000000060a5d53b0,0x000000060b800000)
}
Event: 2101.001 GC heap before
{Heap before GC invocations=56 (full 14):
 PSYoungGen      total 644096K, used 282472K [0x0000000759500000, 0x0000000799e80000, 0x0000000800000000)
  eden space 231936K, 100% used [0x0000000759500000,0x0000000767780000,0x0000000767780000)
  from space 412160K, 12% used [0x0000000767780000,0x000000076a8da318,0x0000000780a00000)
  to   space 397312K, 0% used [0x0000000781a80000,0x0000000781a80000,0x0000000799e80000)
 ParOldGen       total 1970688K, used 1778682K [0x000000060c000000, 0x0000000684480000, 0x0000000759500000)
  object space 1970688K, 90% used [0x000000060c000000,0x00000006788fea08,0x0000000684480000)
 PSPermGen       total 75776K, used 57409K [0x0000000606e00000, 0x000000060b800000, 0x000000060c000000)
  object space 75776K, 75% used [0x0000000606e00000,0x000000060a610420,0x000000060b800000)
Event: 2101.029 GC heap after
Heap after GC invocations=56 (full 14):
 PSYoungGen      total 629248K, used 30781K [0x0000000759500000, 0x0000000798300000, 0x0000000800000000)
  eden space 260096K, 0% used [0x0000000759500000,0x0000000759500000,0x0000000769300000)
  from space 369152K, 8% used [0x0000000781a80000,0x000000078388f7d0,0x0000000798300000)
  to   space 385024K, 0% used [0x0000000769300000,0x0000000769300000,0x0000000780b00000)
 ParOldGen       total 1970688K, used 1818731K [0x000000060c000000, 0x0000000684480000, 0x0000000759500000)
  object space 1970688K, 92% used [0x000000060c000000,0x000000067b01ac30,0x0000000684480000)
 PSPermGen       total 75776K, used 57409K [0x0000000606e00000, 0x000000060b800000, 0x000000060c000000)
  object space 75776K, 75% used [0x0000000606e00000,0x000000060a610420,0x000000060b800000)
}
Event: 2101.029 GC heap before
{Heap before GC invocations=57 (full 15):
 PSYoungGen      total 629248K, used 30781K [0x0000000759500000, 0x0000000798300000, 0x0000000800000000)
  eden space 260096K, 0% used [0x0000000759500000,0x0000000759500000,0x0000000769300000)
  from space 369152K, 8% used [0x0000000781a80000,0x000000078388f7d0,0x0000000798300000)
  to   space 385024K, 0% used [0x0000000769300000,0x0000000769300000,0x0000000780b00000)
 ParOldGen       total 1970688K, used 1818731K [0x000000060c000000, 0x0000000684480000, 0x0000000759500000)
  object space 1970688K, 92% used [0x000000060c000000,0x000000067b01ac30,0x0000000684480000)
 PSPermGen       total 75776K, used 57409K [0x0000000606e00000, 0x000000060b800000, 0x000000060c000000)
  object space 75776K, 75% used [0x0000000606e00000,0x000000060a610420,0x000000060b800000)
Event: 2101.222 GC heap after
Heap after GC invocations=57 (full 15):
 PSYoungGen      total 629248K, used 0K [0x0000000759500000, 0x0000000798300000, 0x0000000800000000)
  eden space 260096K, 0% used [0x0000000759500000,0x0000000759500000,0x0000000769300000)
  from space 369152K, 0% used [0x0000000781a80000,0x0000000781a80000,0x0000000798300000)
  to   space 385024K, 0% used [0x0000000769300000,0x0000000769300000,0x0000000780b00000)
 ParOldGen       total 779264K, used 189663K [0x000000060c000000, 0x000000063b900000, 0x0000000759500000)
  object space 779264K, 24% used [0x000000060c000000,0x0000000617937eb0,0x000000063b900000)
 PSPermGen       total 73216K, used 57407K [0x0000000606e00000, 0x000000060b580000, 0x000000060c000000)
  object space 73216K, 78% used [0x0000000606e00000,0x000000060a60ffd0,0x000000060b580000)
}

