# JRE version: Java(TM) SE Runtime Environment (7.0_45-b18) (build 1.7.0_45-b18)
# Java VM: Java HotSpot(TM) 64-Bit Server VM (24.45-b08 mixed mode linux-amd64 compressed oops)
Heap
 PSYoungGen      total 54272K, used 15242K [0x0000000759500000, 0x000000075ed80000, 0x0000000800000000)
  eden space 51712K, 24% used [0x0000000759500000,0x000000075a17cfc0,0x000000075c780000)
  from space 2560K, 95% used [0x000000075c880000,0x000000075cae5be0,0x000000075cb00000)
  to   space 19456K, 0% used [0x000000075da80000,0x000000075da80000,0x000000075ed80000)
 ParOldGen       total 175104K, used 44647K [0x000000060c000000, 0x0000000616b00000, 0x0000000759500000)
  object space 175104K, 25% used [0x000000060c000000,0x000000060eb99f38,0x0000000616b00000)
 PSPermGen       total 55296K, used 54959K [0x0000000606e00000, 0x000000060a400000, 0x000000060c000000)
  object space 55296K, 99% used [0x0000000606e00000,0x000000060a3abd50,0x000000060a400000)
GC Heap History (10 events):
Event: 18.833 GC heap before
{Heap before GC invocations=13 (full 0):
 PSYoungGen      total 79872K, used 53725K [0x0000000759500000, 0x000000075fb80000, 0x0000000800000000)
  eden space 56832K, 93% used [0x0000000759500000,0x000000075c8df548,0x000000075cc80000)
  from space 23040K, 2% used [0x000000075e500000,0x000000075e598000,0x000000075fb80000)
  to   space 24064K, 0% used [0x000000075cc80000,0x000000075cc80000,0x000000075e400000)
 ParOldGen       total 175104K, used 31964K [0x000000060c000000, 0x0000000616b00000, 0x0000000759500000)
  object space 175104K, 18% used [0x000000060c000000,0x000000060df371d8,0x0000000616b00000)
 PSPermGen       total 50688K, used 50548K [0x0000000606e00000, 0x0000000609f80000, 0x000000060c000000)
  object space 50688K, 99% used [0x0000000606e00000,0x0000000609f5d3a8,0x0000000609f80000)
Event: 18.834 GC heap after
Heap after GC invocations=13 (full 0):
 PSYoungGen      total 58368K, used 2354K [0x0000000759500000, 0x000000075f980000, 0x0000000800000000)
  eden space 55808K, 0% used [0x0000000759500000,0x0000000759500000,0x000000075cb80000)
  from space 2560K, 91% used [0x000000075cc80000,0x000000075cecc870,0x000000075cf00000)
  to   space 23552K, 0% used [0x000000075e280000,0x000000075e280000,0x000000075f980000)
 ParOldGen       total 175104K, used 32012K [0x000000060c000000, 0x0000000616b00000, 0x0000000759500000)
  object space 175104K, 18% used [0x000000060c000000,0x000000060df431d8,0x0000000616b00000)
 PSPermGen       total 50688K, used 50548K [0x0000000606e00000, 0x0000000609f80000, 0x000000060c000000)
  object space 50688K, 99% used [0x0000000606e00000,0x0000000609f5d3a8,0x0000000609f80000)
}
Event: 24.343 GC heap before
{Heap before GC invocations=14 (full 0):
 PSYoungGen      total 58368K, used 58162K [0x0000000759500000, 0x000000075f980000, 0x0000000800000000)
  eden space 55808K, 100% used [0x0000000759500000,0x000000075cb80000,0x000000075cb80000)
  from space 2560K, 91% used [0x000000075cc80000,0x000000075cecc870,0x000000075cf00000)
  to   space 23552K, 0% used [0x000000075e280000,0x000000075e280000,0x000000075f980000)
 ParOldGen       total 175104K, used 32012K [0x000000060c000000, 0x0000000616b00000, 0x0000000759500000)
  object space 175104K, 18% used [0x000000060c000000,0x000000060df431d8,0x0000000616b00000)
 PSPermGen       total 51200K, used 50862K [0x0000000606e00000, 0x000000060a000000, 0x000000060c000000)
  object space 51200K, 99% used [0x0000000606e00000,0x0000000609faba88,0x000000060a000000)
Event: 24.347 GC heap after
Heap after GC invocations=14 (full 0):
 PSYoungGen      total 74240K, used 7244K [0x0000000759500000, 0x000000075f580000, 0x0000000800000000)
  eden space 54784K, 0% used [0x0000000759500000,0x0000000759500000,0x000000075ca80000)
  from space 19456K, 37% used [0x000000075e280000,0x000000075e9931c0,0x000000075f580000)
  to   space 22016K, 0% used [0x000000075ca80000,0x000000075ca80000,0x000000075e000000)
 ParOldGen       total 175104K, used 33773K [0x000000060c000000, 0x0000000616b00000, 0x0000000759500000)
  object space 175104K, 19% used [0x000000060c000000,0x000000060e0fb5c8,0x0000000616b00000)
 PSPermGen       total 51200K, used 50862K [0x0000000606e00000, 0x000000060a000000, 0x000000060c000000)
  object space 51200K, 99% used [0x0000000606e00000,0x0000000609faba88,0x000000060a000000)
}
Event: 113.731 GC heap before
{Heap before GC invocations=15 (full 0):
 PSYoungGen      total 74240K, used 62028K [0x0000000759500000, 0x000000075f580000, 0x0000000800000000)
  eden space 54784K, 100% used [0x0000000759500000,0x000000075ca80000,0x000000075ca80000)
  from space 19456K, 37% used [0x000000075e280000,0x000000075e9931c0,0x000000075f580000)
  to   space 22016K, 0% used [0x000000075ca80000,0x000000075ca80000,0x000000075e000000)
 ParOldGen       total 175104K, used 33773K [0x000000060c000000, 0x0000000616b00000, 0x0000000759500000)
  object space 175104K, 19% used [0x000000060c000000,0x000000060e0fb5c8,0x0000000616b00000)
 PSPermGen       total 52224K, used 52056K [0x0000000606e00000, 0x000000060a100000, 0x000000060c000000)
  object space 52224K, 99% used [0x0000000606e00000,0x000000060a0d6120,0x000000060a100000)
Event: 113.735 GC heap after
Heap after GC invocations=15 (full 0):
 PSYoungGen      total 57856K, used 3893K [0x0000000759500000, 0x000000075f280000, 0x0000000800000000)
  eden space 53760K, 0% used [0x0000000759500000,0x0000000759500000,0x000000075c980000)
  from space 4096K, 95% used [0x000000075ca80000,0x000000075ce4d7b8,0x000000075ce80000)
  to   space 20992K, 0% used [0x000000075de00000,0x000000075de00000,0x000000075f280000)
 ParOldGen       total 175104K, used 39082K [0x000000060c000000, 0x0000000616b00000, 0x0000000759500000)
  object space 175104K, 22% used [0x000000060c000000,0x000000060e62aae8,0x0000000616b00000)
 PSPermGen       total 52224K, used 52056K [0x0000000606e00000, 0x000000060a100000, 0x000000060c000000)
  object space 52224K, 99% used [0x0000000606e00000,0x000000060a0d6120,0x000000060a100000)
}
Event: 122.518 GC heap before
{Heap before GC invocations=16 (full 0):
 PSYoungGen      total 57856K, used 57653K [0x0000000759500000, 0x000000075f280000, 0x0000000800000000)
  eden space 53760K, 100% used [0x0000000759500000,0x000000075c980000,0x000000075c980000)
  from space 4096K, 95% used [0x000000075ca80000,0x000000075ce4d7b8,0x000000075ce80000)
  to   space 20992K, 0% used [0x000000075de00000,0x000000075de00000,0x000000075f280000)
 ParOldGen       total 175104K, used 39082K [0x000000060c000000, 0x0000000616b00000, 0x0000000759500000)
  object space 175104K, 22% used [0x000000060c000000,0x000000060e62aae8,0x0000000616b00000)
 PSPermGen       total 54784K, used 54720K [0x0000000606e00000, 0x000000060a380000, 0x000000060c000000)
  object space 54784K, 99% used [0x0000000606e00000,0x000000060a370088,0x000000060a380000)
Event: 122.523 GC heap after
Heap after GC invocations=16 (full 0):
 PSYoungGen      total 70656K, used 4370K [0x0000000759500000, 0x000000075ef80000, 0x0000000800000000)
  eden space 52736K, 0% used [0x0000000759500000,0x0000000759500000,0x000000075c880000)
  from space 17920K, 24% used [0x000000075de00000,0x000000075e244bb0,0x000000075ef80000)
  to   space 19968K, 0% used [0x000000075c880000,0x000000075c880000,0x000000075dc00000)
 ParOldGen       total 175104K, used 41912K [0x000000060c000000, 0x0000000616b00000, 0x0000000759500000)
  object space 175104K, 23% used [0x000000060c000000,0x000000060e8ee228,0x0000000616b00000)
 PSPermGen       total 54784K, used 54720K [0x0000000606e00000, 0x000000060a380000, 0x000000060c000000)
  object space 54784K, 99% used [0x0000000606e00000,0x000000060a370088,0x000000060a380000)
}
Event: 181.685 GC heap before
{Heap before GC invocations=17 (full 0):
 PSYoungGen      total 70656K, used 57106K [0x0000000759500000, 0x000000075ef80000, 0x0000000800000000)
  eden space 52736K, 100% used [0x0000000759500000,0x000000075c880000,0x000000075c880000)
  from space 17920K, 24% used [0x000000075de00000,0x000000075e244bb0,0x000000075ef80000)
  to   space 19968K, 0% used [0x000000075c880000,0x000000075c880000,0x000000075dc00000)
 ParOldGen       total 175104K, used 41912K [0x000000060c000000, 0x0000000616b00000, 0x0000000759500000)
  object space 175104K, 23% used [0x000000060c000000,0x000000060e8ee228,0x0000000616b00000)
 PSPermGen       total 55296K, used 54928K [0x0000000606e00000, 0x000000060a400000, 0x000000060c000000)
  object space 55296K, 99% used [0x0000000606e00000,0x000000060a3a40d0,0x000000060a400000)
Event: 181.688 GC heap after
Heap after GC invocations=17 (full 0):
 PSYoungGen      total 54272K, used 2454K [0x0000000759500000, 0x000000075ed80000, 0x0000000800000000)
  eden space 51712K, 0% used [0x0000000759500000,0x0000000759500000,0x000000075c780000)
  from space 2560K, 95% used [0x000000075c880000,0x000000075cae5be0,0x000000075cb00000)
  to   space 19456K, 0% used [0x000000075da80000,0x000000075da80000,0x000000075ed80000)
 ParOldGen       total 175104K, used 44647K [0x000000060c000000, 0x0000000616b00000, 0x0000000759500000)
  object space 175104K, 25% used [0x000000060c000000,0x000000060eb99f38,0x0000000616b00000)
 PSPermGen       total 55296K, used 54928K [0x0000000606e00000, 0x000000060a400000, 0x000000060c000000)
  object space 55296K, 99% used [0x0000000606e00000,0x000000060a3a40d0,0x000000060a400000)
}

