# JRE version: Java(TM) SE Runtime Environment (7.0_45-b18) (build 1.7.0_45-b18)
# Java VM: Java HotSpot(TM) 64-Bit Server VM (24.45-b08 mixed mode linux-amd64 compressed oops)
Heap
 PSYoungGen      total 92160K, used 20664K [0x0000000797d00000, 0x000000079eb80000, 0x0000000800000000)
  eden space 76288K, 27% used [0x0000000797d00000,0x000000079912e010,0x000000079c780000)
  from space 15872K, 0% used [0x000000079dc00000,0x000000079dc00000,0x000000079eb80000)
  to   space 18432K, 0% used [0x000000079c780000,0x000000079c780000,0x000000079d980000)
 ParOldGen       total 175104K, used 75447K [0x00000006c7800000, 0x00000006d2300000, 0x0000000797d00000)
  object space 175104K, 43% used [0x00000006c7800000,0x00000006cc1add70,0x00000006d2300000)
 PSPermGen       total 83968K, used 58226K [0x00000006c2600000, 0x00000006c7800000, 0x00000006c7800000)
  object space 83968K, 69% used [0x00000006c2600000,0x00000006c5edcb80,0x00000006c7800000)
GC Heap History (10 events):
Event: 2007.769 GC heap before
{Heap before GC invocations=35 (full 0):
 PSYoungGen      total 99840K, used 86304K [0x0000000797d00000, 0x000000079f480000, 0x0000000800000000)
  eden space 84480K, 100% used [0x0000000797d00000,0x000000079cf80000,0x000000079cf80000)
  from space 15360K, 11% used [0x000000079e580000,0x000000079e748020,0x000000079f480000)
  to   space 18944K, 0% used [0x000000079cf80000,0x000000079cf80000,0x000000079e200000)
 ParOldGen       total 175104K, used 123417K [0x00000006c7800000, 0x00000006d2300000, 0x0000000797d00000)
  object space 175104K, 70% used [0x00000006c7800000,0x00000006cf086528,0x00000006d2300000)
 PSPermGen       total 56320K, used 56045K [0x00000006c2600000, 0x00000006c5d00000, 0x00000006c7800000)
  object space 56320K, 99% used [0x00000006c2600000,0x00000006c5cbb678,0x00000006c5d00000)
Event: 2007.772 GC heap after
Heap after GC invocations=35 (full 0):
 PSYoungGen      total 83968K, used 1485K [0x0000000797d00000, 0x000000079f080000, 0x0000000800000000)
  eden space 82432K, 0% used [0x0000000797d00000,0x0000000797d00000,0x000000079cd80000)
  from space 1536K, 96% used [0x000000079cf80000,0x000000079d0f3780,0x000000079d100000)
  to   space 17920K, 0% used [0x000000079df00000,0x000000079df00000,0x000000079f080000)
 ParOldGen       total 175104K, used 124066K [0x00000006c7800000, 0x00000006d2300000, 0x0000000797d00000)
  object space 175104K, 70% used [0x00000006c7800000,0x00000006cf128b98,0x00000006d2300000)
 PSPermGen       total 56320K, used 56045K [0x00000006c2600000, 0x00000006c5d00000, 0x00000006c7800000)
  object space 56320K, 99% used [0x00000006c2600000,0x00000006c5cbb678,0x00000006c5d00000)
}
Event: 2018.508 GC heap before
{Heap before GC invocations=36 (full 0):
 PSYoungGen      total 83968K, used 83917K [0x0000000797d00000, 0x000000079f080000, 0x0000000800000000)
  eden space 82432K, 100% used [0x0000000797d00000,0x000000079cd80000,0x000000079cd80000)
  from space 1536K, 96% used [0x000000079cf80000,0x000000079d0f3780,0x000000079d100000)
  to   space 17920K, 0% used [0x000000079df00000,0x000000079df00000,0x000000079f080000)
 ParOldGen       total 175104K, used 124066K [0x00000006c7800000, 0x00000006d2300000, 0x0000000797d00000)
  object space 175104K, 70% used [0x00000006c7800000,0x00000006cf128b98,0x00000006d2300000)
 PSPermGen       total 56320K, used 56046K [0x00000006c2600000, 0x00000006c5d00000, 0x00000006c7800000)
  object space 56320K, 99% used [0x00000006c2600000,0x00000006c5cbb810,0x00000006c5d00000)
Event: 2018.512 GC heap after
Heap after GC invocations=36 (full 0):
 PSYoungGen      total 93184K, used 448K [0x0000000797d00000, 0x000000079eb80000, 0x0000000800000000)
  eden space 80384K, 0% used [0x0000000797d00000,0x0000000797d00000,0x000000079cb80000)
  from space 12800K, 3% used [0x000000079df00000,0x000000079df70000,0x000000079eb80000)
  to   space 16384K, 0% used [0x000000079cb80000,0x000000079cb80000,0x000000079db80000)
 ParOldGen       total 175104K, used 124504K [0x00000006c7800000, 0x00000006d2300000, 0x0000000797d00000)
  object space 175104K, 71% used [0x00000006c7800000,0x00000006cf196338,0x00000006d2300000)
 PSPermGen       total 56320K, used 56046K [0x00000006c2600000, 0x00000006c5d00000, 0x00000006c7800000)
  object space 56320K, 99% used [0x00000006c2600000,0x00000006c5cbb810,0x00000006c5d00000)
}
Event: 2022.678 GC heap before
{Heap before GC invocations=37 (full 0):
 PSYoungGen      total 93184K, used 80832K [0x0000000797d00000, 0x000000079eb80000, 0x0000000800000000)
  eden space 80384K, 100% used [0x0000000797d00000,0x000000079cb80000,0x000000079cb80000)
  from space 12800K, 3% used [0x000000079df00000,0x000000079df70000,0x000000079eb80000)
  to   space 16384K, 0% used [0x000000079cb80000,0x000000079cb80000,0x000000079db80000)
 ParOldGen       total 175104K, used 124504K [0x00000006c7800000, 0x00000006d2300000, 0x0000000797d00000)
  object space 175104K, 71% used [0x00000006c7800000,0x00000006cf196338,0x00000006d2300000)
 PSPermGen       total 57344K, used 56873K [0x00000006c2600000, 0x00000006c5e00000, 0x00000006c7800000)
  object space 57344K, 99% used [0x00000006c2600000,0x00000006c5d8a7f0,0x00000006c5e00000)
Event: 2022.684 GC heap after
Heap after GC invocations=37 (full 0):
 PSYoungGen      total 94720K, used 12690K [0x0000000797d00000, 0x000000079ee80000, 0x0000000800000000)
  eden space 78336K, 0% used [0x0000000797d00000,0x0000000797d00000,0x000000079c980000)
  from space 16384K, 77% used [0x000000079cb80000,0x000000079d7e4b68,0x000000079db80000)
  to   space 18944K, 0% used [0x000000079dc00000,0x000000079dc00000,0x000000079ee80000)
 ParOldGen       total 175104K, used 145620K [0x00000006c7800000, 0x00000006d2300000, 0x0000000797d00000)
  object space 175104K, 83% used [0x00000006c7800000,0x00000006d06353f8,0x00000006d2300000)
 PSPermGen       total 57344K, used 56873K [0x00000006c2600000, 0x00000006c5e00000, 0x00000006c7800000)
  object space 57344K, 99% used [0x00000006c2600000,0x00000006c5d8a7f0,0x00000006c5e00000)
}
Event: 2049.924 GC heap before
{Heap before GC invocations=38 (full 0):
 PSYoungGen      total 94720K, used 91026K [0x0000000797d00000, 0x000000079ee80000, 0x0000000800000000)
  eden space 78336K, 100% used [0x0000000797d00000,0x000000079c980000,0x000000079c980000)
  from space 16384K, 77% used [0x000000079cb80000,0x000000079d7e4b68,0x000000079db80000)
  to   space 18944K, 0% used [0x000000079dc00000,0x000000079dc00000,0x000000079ee80000)
 ParOldGen       total 175104K, used 145620K [0x00000006c7800000, 0x00000006d2300000, 0x0000000797d00000)
  object space 175104K, 83% used [0x00000006c7800000,0x00000006d06353f8,0x00000006d2300000)
 PSPermGen       total 58368K, used 58120K [0x00000006c2600000, 0x00000006c5f00000, 0x00000006c7800000)
  object space 58368K, 99% used [0x00000006c2600000,0x00000006c5ec20b8,0x00000006c5f00000)
Event: 2049.931 GC heap after
Heap after GC invocations=38 (full 0):
 PSYoungGen      total 92160K, used 5569K [0x0000000797d00000, 0x000000079eb80000, 0x0000000800000000)
  eden space 76288K, 0% used [0x0000000797d00000,0x0000000797d00000,0x000000079c780000)
  from space 15872K, 35% used [0x000000079dc00000,0x000000079e1707d0,0x000000079eb80000)
  to   space 18432K, 0% used [0x000000079c780000,0x000000079c780000,0x000000079d980000)
 ParOldGen       total 180736K, used 177853K [0x00000006c7800000, 0x00000006d2880000, 0x0000000797d00000)
  object space 180736K, 98% used [0x00000006c7800000,0x00000006d25af4f8,0x00000006d2880000)
 PSPermGen       total 58368K, used 58120K [0x00000006c2600000, 0x00000006c5f00000, 0x00000006c7800000)
  object space 58368K, 99% used [0x00000006c2600000,0x00000006c5ec20b8,0x00000006c5f00000)
}
Event: 2049.931 GC heap before
{Heap before GC invocations=39 (full 1):
 PSYoungGen      total 92160K, used 5569K [0x0000000797d00000, 0x000000079eb80000, 0x0000000800000000)
  eden space 76288K, 0% used [0x0000000797d00000,0x0000000797d00000,0x000000079c780000)
  from space 15872K, 35% used [0x000000079dc00000,0x000000079e1707d0,0x000000079eb80000)
  to   space 18432K, 0% used [0x000000079c780000,0x000000079c780000,0x000000079d980000)
 ParOldGen       total 180736K, used 177853K [0x00000006c7800000, 0x00000006d2880000, 0x0000000797d00000)
  object space 180736K, 98% used [0x00000006c7800000,0x00000006d25af4f8,0x00000006d2880000)
 PSPermGen       total 58368K, used 58120K [0x00000006c2600000, 0x00000006c5f00000, 0x00000006c7800000)
  object space 58368K, 99% used [0x00000006c2600000,0x00000006c5ec20b8,0x00000006c5f00000)
Event: 2050.099 GC heap after
Heap after GC invocations=39 (full 1):
 PSYoungGen      total 92160K, used 0K [0x0000000797d00000, 0x000000079eb80000, 0x0000000800000000)
  eden space 76288K, 0% used [0x0000000797d00000,0x0000000797d00000,0x000000079c780000)
  from space 15872K, 0% used [0x000000079dc00000,0x000000079dc00000,0x000000079eb80000)
  to   space 18432K, 0% used [0x000000079c780000,0x000000079c780000,0x000000079d980000)
 ParOldGen       total 175104K, used 75447K [0x00000006c7800000, 0x00000006d2300000, 0x0000000797d00000)
  object space 175104K, 43% used [0x00000006c7800000,0x00000006cc1add70,0x00000006d2300000)
 PSPermGen       total 83968K, used 58090K [0x00000006c2600000, 0x00000006c7800000, 0x00000006c7800000)
  object space 83968K, 69% used [0x00000006c2600000,0x00000006c5eba820,0x00000006c7800000)
}

