# JRE version: Java(TM) SE Runtime Environment (7.0_45-b18) (build 1.7.0_45-b18)
# Java VM: Java HotSpot(TM) 64-Bit Server VM (24.45-b08 mixed mode linux-amd64 compressed oops)
Heap
 PSYoungGen      total 83968K, used 34680K [0x0000000797d00000, 0x000000079e900000, 0x0000000800000000)
  eden space 60416K, 36% used [0x0000000797d00000,0x00000007992bdad8,0x000000079b800000)
  from space 23552K, 52% used [0x000000079d200000,0x000000079de206f8,0x000000079e900000)
  to   space 25088K, 0% used [0x000000079b800000,0x000000079b800000,0x000000079d080000)
 ParOldGen       total 175104K, used 28085K [0x00000006c7800000, 0x00000006d2300000, 0x0000000797d00000)
  object space 175104K, 16% used [0x00000006c7800000,0x00000006c936d500,0x00000006d2300000)
 PSPermGen       total 52736K, used 52727K [0x00000006c2600000, 0x00000006c5980000, 0x00000006c7800000)
  object space 52736K, 99% used [0x00000006c2600000,0x00000006c597ddd0,0x00000006c5980000)
GC Heap History (10 events):
Event: 4.349 GC heap before
{Heap before GC invocations=4 (full 0):
 PSYoungGen      total 76800K, used 76795K [0x0000000797d00000, 0x000000079d280000, 0x0000000800000000)
  eden space 66048K, 100% used [0x0000000797d00000,0x000000079bd80000,0x000000079bd80000)
  from space 10752K, 99% used [0x000000079bd80000,0x000000079c7fec78,0x000000079c800000)
  to   space 10752K, 0% used [0x000000079c800000,0x000000079c800000,0x000000079d280000)
 ParOldGen       total 175104K, used 8263K [0x00000006c7800000, 0x00000006d2300000, 0x0000000797d00000)
  object space 175104K, 4% used [0x00000006c7800000,0x00000006c8011d98,0x00000006d2300000)
 PSPermGen       total 43520K, used 43117K [0x00000006c2600000, 0x00000006c5080000, 0x00000006c7800000)
  object space 43520K, 99% used [0x00000006c2600000,0x00000006c501b4d0,0x00000006c5080000)
Event: 4.361 GC heap after
Heap after GC invocations=4 (full 0):
 PSYoungGen      total 76800K, used 10721K [0x0000000797d00000, 0x000000079d280000, 0x0000000800000000)
  eden space 66048K, 0% used [0x0000000797d00000,0x0000000797d00000,0x000000079bd80000)
  from space 10752K, 99% used [0x000000079c800000,0x000000079d278558,0x000000079d280000)
  to   space 10752K, 0% used [0x000000079bd80000,0x000000079bd80000,0x000000079c800000)
 ParOldGen       total 175104K, used 15010K [0x00000006c7800000, 0x00000006d2300000, 0x0000000797d00000)
  object space 175104K, 8% used [0x00000006c7800000,0x00000006c86a8968,0x00000006d2300000)
 PSPermGen       total 43520K, used 43117K [0x00000006c2600000, 0x00000006c5080000, 0x00000006c7800000)
  object space 43520K, 99% used [0x00000006c2600000,0x00000006c501b4d0,0x00000006c5080000)
}
Event: 17.448 GC heap before
{Heap before GC invocations=5 (full 0):
 PSYoungGen      total 76800K, used 76560K [0x0000000797d00000, 0x000000079d280000, 0x0000000800000000)
  eden space 66048K, 99% used [0x0000000797d00000,0x000000079bd4bd78,0x000000079bd80000)
  from space 10752K, 99% used [0x000000079c800000,0x000000079d278558,0x000000079d280000)
  to   space 10752K, 0% used [0x000000079bd80000,0x000000079bd80000,0x000000079c800000)
 ParOldGen       total 175104K, used 15010K [0x00000006c7800000, 0x00000006d2300000, 0x0000000797d00000)
  object space 175104K, 8% used [0x00000006c7800000,0x00000006c86a8968,0x00000006d2300000)
 PSPermGen       total 48128K, used 47826K [0x00000006c2600000, 0x00000006c5500000, 0x00000006c7800000)
  object space 48128K, 99% used [0x00000006c2600000,0x00000006c54b4a48,0x00000006c5500000)
Event: 17.457 GC heap after
Heap after GC invocations=5 (full 0):
 PSYoungGen      total 75264K, used 10736K [0x0000000797d00000, 0x000000079ea00000, 0x0000000800000000)
  eden space 64512K, 0% used [0x0000000797d00000,0x0000000797d00000,0x000000079bc00000)
  from space 10752K, 99% used [0x000000079bd80000,0x000000079c7fc1d0,0x000000079c800000)
  to   space 23552K, 0% used [0x000000079d300000,0x000000079d300000,0x000000079ea00000)
 ParOldGen       total 175104K, used 19620K [0x00000006c7800000, 0x00000006d2300000, 0x0000000797d00000)
  object space 175104K, 11% used [0x00000006c7800000,0x00000006c8b290c8,0x00000006d2300000)
 PSPermGen       total 48128K, used 47826K [0x00000006c2600000, 0x00000006c5500000, 0x00000006c7800000)
  object space 48128K, 99% used [0x00000006c2600000,0x00000006c54b4a48,0x00000006c5500000)
}
Event: 21.719 GC heap before
{Heap before GC invocations=6 (full 0):
 PSYoungGen      total 75264K, used 75248K [0x0000000797d00000, 0x000000079ea00000, 0x0000000800000000)
  eden space 64512K, 100% used [0x0000000797d00000,0x000000079bc00000,0x000000079bc00000)
  from space 10752K, 99% used [0x000000079bd80000,0x000000079c7fc1d0,0x000000079c800000)
  to   space 23552K, 0% used [0x000000079d300000,0x000000079d300000,0x000000079ea00000)
 ParOldGen       total 175104K, used 19620K [0x00000006c7800000, 0x00000006d2300000, 0x0000000797d00000)
  object space 175104K, 11% used [0x00000006c7800000,0x00000006c8b290c8,0x00000006d2300000)
 PSPermGen       total 50688K, used 50286K [0x00000006c2600000, 0x00000006c5780000, 0x00000006c7800000)
  object space 50688K, 99% used [0x00000006c2600000,0x00000006c571b9d8,0x00000006c5780000)
Event: 21.728 GC heap after
Heap after GC invocations=6 (full 0):
 PSYoungGen      total 86528K, used 18923K [0x0000000797d00000, 0x000000079eb80000, 0x0000000800000000)
  eden space 62976K, 0% used [0x0000000797d00000,0x0000000797d00000,0x000000079ba80000)
  from space 23552K, 80% used [0x000000079d300000,0x000000079e57ade0,0x000000079ea00000)
  to   space 25088K, 0% used [0x000000079ba80000,0x000000079ba80000,0x000000079d300000)
 ParOldGen       total 175104K, used 19620K [0x00000006c7800000, 0x00000006d2300000, 0x0000000797d00000)
  object space 175104K, 11% used [0x00000006c7800000,0x00000006c8b290c8,0x00000006d2300000)
 PSPermGen       total 50688K, used 50286K [0x00000006c2600000, 0x00000006c5780000, 0x00000006c7800000)
  object space 50688K, 99% used [0x00000006c2600000,0x00000006c571b9d8,0x00000006c5780000)
}
Event: 72.176 GC heap before
{Heap before GC invocations=7 (full 0):
 PSYoungGen      total 86528K, used 81899K [0x0000000797d00000, 0x000000079eb80000, 0x0000000800000000)
  eden space 62976K, 100% used [0x0000000797d00000,0x000000079ba80000,0x000000079ba80000)
  from space 23552K, 80% used [0x000000079d300000,0x000000079e57ade0,0x000000079ea00000)
  to   space 25088K, 0% used [0x000000079ba80000,0x000000079ba80000,0x000000079d300000)
 ParOldGen       total 175104K, used 19620K [0x00000006c7800000, 0x00000006d2300000, 0x0000000797d00000)
  object space 175104K, 11% used [0x00000006c7800000,0x00000006c8b290c8,0x00000006d2300000)
 PSPermGen       total 51200K, used 51134K [0x00000006c2600000, 0x00000006c5800000, 0x00000006c7800000)
  object space 51200K, 99% used [0x00000006c2600000,0x00000006c57ef9f0,0x00000006c5800000)
Event: 72.188 GC heap after
Heap after GC invocations=7 (full 0):
 PSYoungGen      total 79872K, used 18401K [0x0000000797d00000, 0x000000079eb00000, 0x0000000800000000)
  eden space 61440K, 0% used [0x0000000797d00000,0x0000000797d00000,0x000000079b900000)
  from space 18432K, 99% used [0x000000079ba80000,0x000000079cc785b8,0x000000079cc80000)
  to   space 25600K, 0% used [0x000000079d200000,0x000000079d200000,0x000000079eb00000)
 ParOldGen       total 175104K, used 23764K [0x00000006c7800000, 0x00000006d2300000, 0x0000000797d00000)
  object space 175104K, 13% used [0x00000006c7800000,0x00000006c8f350c0,0x00000006d2300000)
 PSPermGen       total 51200K, used 51134K [0x00000006c2600000, 0x00000006c5800000, 0x00000006c7800000)
  object space 51200K, 99% used [0x00000006c2600000,0x00000006c57ef9f0,0x00000006c5800000)
}
Event: 109.624 GC heap before
{Heap before GC invocations=8 (full 0):
 PSYoungGen      total 79872K, used 79841K [0x0000000797d00000, 0x000000079eb00000, 0x0000000800000000)
  eden space 61440K, 100% used [0x0000000797d00000,0x000000079b900000,0x000000079b900000)
  from space 18432K, 99% used [0x000000079ba80000,0x000000079cc785b8,0x000000079cc80000)
  to   space 25600K, 0% used [0x000000079d200000,0x000000079d200000,0x000000079eb00000)
 ParOldGen       total 175104K, used 23764K [0x00000006c7800000, 0x00000006d2300000, 0x0000000797d00000)
  object space 175104K, 13% used [0x00000006c7800000,0x00000006c8f350c0,0x00000006d2300000)
 PSPermGen       total 52736K, used 52639K [0x00000006c2600000, 0x00000006c5980000, 0x00000006c7800000)
  object space 52736K, 99% used [0x00000006c2600000,0x00000006c5967e28,0x00000006c5980000)
Event: 109.632 GC heap after
Heap after GC invocations=8 (full 0):
 PSYoungGen      total 83968K, used 12417K [0x0000000797d00000, 0x000000079e900000, 0x0000000800000000)
  eden space 60416K, 0% used [0x0000000797d00000,0x0000000797d00000,0x000000079b800000)
  from space 23552K, 52% used [0x000000079d200000,0x000000079de206f8,0x000000079e900000)
  to   space 25088K, 0% used [0x000000079b800000,0x000000079b800000,0x000000079d080000)
 ParOldGen       total 175104K, used 28085K [0x00000006c7800000, 0x00000006d2300000, 0x0000000797d00000)
  object space 175104K, 16% used [0x00000006c7800000,0x00000006c936d500,0x00000006d2300000)
 PSPermGen       total 52736K, used 52639K [0x00000006c2600000, 0x00000006c5980000, 0x00000006c7800000)
  object space 52736K, 99% used [0x00000006c2600000,0x00000006c5967e28,0x00000006c5980000)
}

