# JRE version: Java(TM) SE Runtime Environment (7.0_45-b18) (build 1.7.0_45-b18)
# Java VM: Java HotSpot(TM) 64-Bit Server VM (24.45-b08 mixed mode linux-amd64 compressed oops)
Heap
 PSYoungGen      total 68096K, used 56210K [0x00000000eb280000, 0x00000000f2180000, 0x0000000100000000)
  eden space 58368K, 80% used [0x00000000eb280000,0x00000000ee03d9a8,0x00000000eeb80000)
  from space 9728K, 96% used [0x00000000eec80000,0x00000000ef5a6f40,0x00000000ef600000)
  to   space 27648K, 0% used [0x00000000f0680000,0x00000000f0680000,0x00000000f2180000)
 ParOldGen       total 175104K, used 31414K [0x00000000c1800000, 0x00000000cc300000, 0x00000000eb280000)
  object space 175104K, 17% used [0x00000000c1800000,0x00000000c36ada30,0x00000000cc300000)
 PSPermGen       total 53248K, used 52859K [0x00000000bc600000, 0x00000000bfa00000, 0x00000000c1800000)
  object space 53248K, 99% used [0x00000000bc600000,0x00000000bf99edf8,0x00000000bfa00000)
GC Heap History (10 events):
Event: 17.451 GC heap before
{Heap before GC invocations=5 (full 0):
 PSYoungGen      total 76800K, used 76795K [0x00000000eb280000, 0x00000000f0800000, 0x0000000100000000)
  eden space 66048K, 100% used [0x00000000eb280000,0x00000000ef300000,0x00000000ef300000)
  from space 10752K, 99% used [0x00000000efd80000,0x00000000f07fefd8,0x00000000f0800000)
  to   space 10752K, 0% used [0x00000000ef300000,0x00000000ef300000,0x00000000efd80000)
 ParOldGen       total 175104K, used 11494K [0x00000000c1800000, 0x00000000cc300000, 0x00000000eb280000)
  object space 175104K, 6% used [0x00000000c1800000,0x00000000c2339a10,0x00000000cc300000)
 PSPermGen       total 40960K, used 40777K [0x00000000bc600000, 0x00000000bee00000, 0x00000000c1800000)
  object space 40960K, 99% used [0x00000000bc600000,0x00000000bedd25e8,0x00000000bee00000)
Event: 17.459 GC heap after
Heap after GC invocations=5 (full 0):
 PSYoungGen      total 75264K, used 10742K [0x00000000eb280000, 0x00000000f1c80000, 0x0000000100000000)
  eden space 64512K, 0% used [0x00000000eb280000,0x00000000eb280000,0x00000000ef180000)
  from space 10752K, 99% used [0x00000000ef300000,0x00000000efd7d9d8,0x00000000efd80000)
  to   space 22016K, 0% used [0x00000000f0700000,0x00000000f0700000,0x00000000f1c80000)
 ParOldGen       total 175104K, used 16567K [0x00000000c1800000, 0x00000000cc300000, 0x00000000eb280000)
  object space 175104K, 9% used [0x00000000c1800000,0x00000000c282dc88,0x00000000cc300000)
 PSPermGen       total 40960K, used 40777K [0x00000000bc600000, 0x00000000bee00000, 0x00000000c1800000)
  object space 40960K, 99% used [0x00000000bc600000,0x00000000bedd25e8,0x00000000bee00000)
}
Event: 18.500 GC heap before
{Heap before GC invocations=6 (full 0):
 PSYoungGen      total 75264K, used 75254K [0x00000000eb280000, 0x00000000f1c80000, 0x0000000100000000)
  eden space 64512K, 100% used [0x00000000eb280000,0x00000000ef180000,0x00000000ef180000)
  from space 10752K, 99% used [0x00000000ef300000,0x00000000efd7d9d8,0x00000000efd80000)
  to   space 22016K, 0% used [0x00000000f0700000,0x00000000f0700000,0x00000000f1c80000)
 ParOldGen       total 175104K, used 16567K [0x00000000c1800000, 0x00000000cc300000, 0x00000000eb280000)
  object space 175104K, 9% used [0x00000000c1800000,0x00000000c282dc88,0x00000000cc300000)
 PSPermGen       total 49152K, used 49127K [0x00000000bc600000, 0x00000000bf600000, 0x00000000c1800000)
  object space 49152K, 99% used [0x00000000bc600000,0x00000000bf5f9dd8,0x00000000bf600000)
Event: 18.511 GC heap after
Heap after GC invocations=6 (full 0):
 PSYoungGen      total 83456K, used 20161K [0x00000000eb280000, 0x00000000f2100000, 0x0000000100000000)
  eden space 61440K, 0% used [0x00000000eb280000,0x00000000eb280000,0x00000000eee80000)
  from space 22016K, 91% used [0x00000000f0700000,0x00000000f1ab0468,0x00000000f1c80000)
  to   space 25088K, 0% used [0x00000000eee80000,0x00000000eee80000,0x00000000f0700000)
 ParOldGen       total 175104K, used 16575K [0x00000000c1800000, 0x00000000cc300000, 0x00000000eb280000)
  object space 175104K, 9% used [0x00000000c1800000,0x00000000c282fc88,0x00000000cc300000)
 PSPermGen       total 49152K, used 49127K [0x00000000bc600000, 0x00000000bf600000, 0x00000000c1800000)
  object space 49152K, 99% used [0x00000000bc600000,0x00000000bf5f9dd8,0x00000000bf600000)
}
Event: 23.026 GC heap before
{Heap before GC invocations=7 (full 0):
 PSYoungGen      total 83456K, used 81601K [0x00000000eb280000, 0x00000000f2100000, 0x0000000100000000)
  eden space 61440K, 100% used [0x00000000eb280000,0x00000000eee80000,0x00000000eee80000)
  from space 22016K, 91% used [0x00000000f0700000,0x00000000f1ab0468,0x00000000f1c80000)
  to   space 25088K, 0% used [0x00000000eee80000,0x00000000eee80000,0x00000000f0700000)
 ParOldGen       total 175104K, used 16575K [0x00000000c1800000, 0x00000000cc300000, 0x00000000eb280000)
  object space 175104K, 9% used [0x00000000c1800000,0x00000000c282fc88,0x00000000cc300000)
 PSPermGen       total 52224K, used 51953K [0x00000000bc600000, 0x00000000bf900000, 0x00000000c1800000)
  object space 52224K, 99% used [0x00000000bc600000,0x00000000bf8bc6d0,0x00000000bf900000)
Event: 23.038 GC heap after
Heap after GC invocations=7 (full 0):
 PSYoungGen      total 85504K, used 23146K [0x00000000eb280000, 0x00000000f2480000, 0x0000000100000000)
  eden space 60416K, 0% used [0x00000000eb280000,0x00000000eb280000,0x00000000eed80000)
  from space 25088K, 92% used [0x00000000eee80000,0x00000000f051aa50,0x00000000f0700000)
  to   space 28160K, 0% used [0x00000000f0900000,0x00000000f0900000,0x00000000f2480000)
 ParOldGen       total 175104K, used 20926K [0x00000000c1800000, 0x00000000cc300000, 0x00000000eb280000)
  object space 175104K, 11% used [0x00000000c1800000,0x00000000c2c6f9b0,0x00000000cc300000)
 PSPermGen       total 52224K, used 51953K [0x00000000bc600000, 0x00000000bf900000, 0x00000000c1800000)
  object space 52224K, 99% used [0x00000000bc600000,0x00000000bf8bc6d0,0x00000000bf900000)
}
Event: 26.475 GC heap before
{Heap before GC invocations=8 (full 0):
 PSYoungGen      total 85504K, used 83562K [0x00000000eb280000, 0x00000000f2480000, 0x0000000100000000)
  eden space 60416K, 100% used [0x00000000eb280000,0x00000000eed80000,0x00000000eed80000)
  from space 25088K, 92% used [0x00000000eee80000,0x00000000f051aa50,0x00000000f0700000)
  to   space 28160K, 0% used [0x00000000f0900000,0x00000000f0900000,0x00000000f2480000)
 ParOldGen       total 175104K, used 20926K [0x00000000c1800000, 0x00000000cc300000, 0x00000000eb280000)
  object space 175104K, 11% used [0x00000000c1800000,0x00000000c2c6f9b0,0x00000000cc300000)
 PSPermGen       total 52736K, used 52324K [0x00000000bc600000, 0x00000000bf980000, 0x00000000c1800000)
  object space 52736K, 99% used [0x00000000bc600000,0x00000000bf919368,0x00000000bf980000)
Event: 26.484 GC heap after
Heap after GC invocations=8 (full 0):
 PSYoungGen      total 86528K, used 18395K [0x00000000eb280000, 0x00000000f2380000, 0x0000000100000000)
  eden space 59392K, 0% used [0x00000000eb280000,0x00000000eb280000,0x00000000eec80000)
  from space 27136K, 67% used [0x00000000f0900000,0x00000000f1af6fb0,0x00000000f2380000)
  to   space 28160K, 0% used [0x00000000eec80000,0x00000000eec80000,0x00000000f0800000)
 ParOldGen       total 175104K, used 26062K [0x00000000c1800000, 0x00000000cc300000, 0x00000000eb280000)
  object space 175104K, 14% used [0x00000000c1800000,0x00000000c3173b20,0x00000000cc300000)
 PSPermGen       total 52736K, used 52324K [0x00000000bc600000, 0x00000000bf980000, 0x00000000c1800000)
  object space 52736K, 99% used [0x00000000bc600000,0x00000000bf919368,0x00000000bf980000)
}
Event: 58.840 GC heap before
{Heap before GC invocations=9 (full 0):
 PSYoungGen      total 86528K, used 77787K [0x00000000eb280000, 0x00000000f2380000, 0x0000000100000000)
  eden space 59392K, 100% used [0x00000000eb280000,0x00000000eec80000,0x00000000eec80000)
  from space 27136K, 67% used [0x00000000f0900000,0x00000000f1af6fb0,0x00000000f2380000)
  to   space 28160K, 0% used [0x00000000eec80000,0x00000000eec80000,0x00000000f0800000)
 ParOldGen       total 175104K, used 26062K [0x00000000c1800000, 0x00000000cc300000, 0x00000000eb280000)
  object space 175104K, 14% used [0x00000000c1800000,0x00000000c3173b20,0x00000000cc300000)
 PSPermGen       total 52736K, used 52613K [0x00000000bc600000, 0x00000000bf980000, 0x00000000c1800000)
  object space 52736K, 99% used [0x00000000bc600000,0x00000000bf9615f8,0x00000000bf980000)
Event: 58.847 GC heap after
Heap after GC invocations=9 (full 0):
 PSYoungGen      total 68096K, used 9371K [0x00000000eb280000, 0x00000000f2180000, 0x0000000100000000)
  eden space 58368K, 0% used [0x00000000eb280000,0x00000000eb280000,0x00000000eeb80000)
  from space 9728K, 96% used [0x00000000eec80000,0x00000000ef5a6f40,0x00000000ef600000)
  to   space 27648K, 0% used [0x00000000f0680000,0x00000000f0680000,0x00000000f2180000)
 ParOldGen       total 175104K, used 31414K [0x00000000c1800000, 0x00000000cc300000, 0x00000000eb280000)
  object space 175104K, 17% used [0x00000000c1800000,0x00000000c36ada30,0x00000000cc300000)
 PSPermGen       total 52736K, used 52613K [0x00000000bc600000, 0x00000000bf980000, 0x00000000c1800000)
  object space 52736K, 99% used [0x00000000bc600000,0x00000000bf9615f8,0x00000000bf980000)
}

