# JRE version: Java(TM) SE Runtime Environment (7.0_45-b18) (build 1.7.0_45-b18)
# Java VM: Java HotSpot(TM) 64-Bit Server VM (24.45-b08 mixed mode linux-amd64 compressed oops)
Heap
 PSYoungGen      total 437248K, used 378121K [0x0000000797d00000, 0x00000007c0b80000, 0x0000000800000000)
  eden space 299520K, 80% used [0x0000000797d00000,0x00000007a67c5ac0,0x00000007aa180000)
  from space 137728K, 99% used [0x00000007b8500000,0x00000007c0b7cbe8,0x00000007c0b80000)
  to   space 161280K, 0% used [0x00000007ad080000,0x00000007ad080000,0x00000007b6e00000)
 ParOldGen       total 1236480K, used 1064648K [0x00000006c7800000, 0x0000000712f80000, 0x0000000797d00000)
  object space 1236480K, 86% used [0x00000006c7800000,0x00000007087b2178,0x0000000712f80000)
 PSPermGen       total 83968K, used 50999K [0x00000006c2600000, 0x00000006c7800000, 0x00000006c7800000)
  object space 83968K, 60% used [0x00000006c2600000,0x00000006c57cdc38,0x00000006c7800000)
GC Heap History (10 events):
Event: 18.361 GC heap before
{Heap before GC invocations=13 (full 1):
 PSYoungGen      total 315392K, used 46073K [0x0000000797d00000, 0x00000007af000000, 0x0000000800000000)
  eden space 269312K, 0% used [0x0000000797d00000,0x0000000797d00000,0x00000007a8400000)
  from space 46080K, 99% used [0x00000007ab700000,0x00000007ae3fe6c8,0x00000007ae400000)
  to   space 52224K, 0% used [0x00000007a8400000,0x00000007a8400000,0x00000007ab700000)
 ParOldGen       total 435712K, used 435077K [0x00000006c7800000, 0x00000006e2180000, 0x0000000797d00000)
  object space 435712K, 99% used [0x00000006c7800000,0x00000006e20e1418,0x00000006e2180000)
 PSPermGen       total 49664K, used 49183K [0x00000006c2600000, 0x00000006c5680000, 0x00000006c7800000)
  object space 49664K, 99% used [0x00000006c2600000,0x00000006c5607c30,0x00000006c5680000)
Event: 18.678 GC heap after
Heap after GC invocations=13 (full 1):
 PSYoungGen      total 315392K, used 38815K [0x0000000797d00000, 0x00000007af000000, 0x0000000800000000)
  eden space 269312K, 0% used [0x0000000797d00000,0x0000000797d00000,0x00000007a8400000)
  from space 46080K, 84% used [0x00000007ab700000,0x00000007adce7ca8,0x00000007ae400000)
  to   space 52224K, 0% used [0x00000007a8400000,0x00000007a8400000,0x00000007ab700000)
 ParOldGen       total 603648K, used 435336K [0x00000006c7800000, 0x00000006ec580000, 0x0000000797d00000)
  object space 603648K, 72% used [0x00000006c7800000,0x00000006e2122190,0x00000006ec580000)
 PSPermGen       total 83968K, used 49161K [0x00000006c2600000, 0x00000006c7800000, 0x00000006c7800000)
  object space 83968K, 58% used [0x00000006c2600000,0x00000006c56027b8,0x00000006c7800000)
}
Event: 501.256 GC heap before
{Heap before GC invocations=14 (full 2):
 PSYoungGen      total 315392K, used 308127K [0x0000000797d00000, 0x00000007af000000, 0x0000000800000000)
  eden space 269312K, 100% used [0x0000000797d00000,0x00000007a8400000,0x00000007a8400000)
  from space 46080K, 84% used [0x00000007ab700000,0x00000007adce7ca8,0x00000007ae400000)
  to   space 52224K, 0% used [0x00000007a8400000,0x00000007a8400000,0x00000007ab700000)
 ParOldGen       total 1725440K, used 1725171K [0x00000006c7800000, 0x0000000730d00000, 0x0000000797d00000)
  object space 1725440K, 99% used [0x00000006c7800000,0x0000000730cbcf70,0x0000000730d00000)
 PSPermGen       total 83968K, used 50995K [0x00000006c2600000, 0x00000006c7800000, 0x00000006c7800000)
  object space 83968K, 60% used [0x00000006c2600000,0x00000006c57ccc78,0x00000006c7800000)
Event: 501.421 GC heap after
Heap after GC invocations=14 (full 2):
 PSYoungGen      total 315392K, used 0K [0x0000000797d00000, 0x00000007af000000, 0x0000000800000000)
  eden space 269312K, 0% used [0x0000000797d00000,0x0000000797d00000,0x00000007a8400000)
  from space 46080K, 0% used [0x00000007ab700000,0x00000007ab700000,0x00000007ae400000)
  to   space 52224K, 0% used [0x00000007a8400000,0x00000007a8400000,0x00000007ab700000)
 ParOldGen       total 1054720K, used 870434K [0x00000006c7800000, 0x0000000707e00000, 0x0000000797d00000)
  object space 1054720K, 82% used [0x00000006c7800000,0x00000006fca08ac8,0x0000000707e00000)
 PSPermGen       total 83968K, used 50995K [0x00000006c2600000, 0x00000006c7800000, 0x00000006c7800000)
  object space 83968K, 60% used [0x00000006c2600000,0x00000006c57ccc08,0x00000006c7800000)
}
Event: 501.519 GC heap before
{Heap before GC invocations=15 (full 2):
 PSYoungGen      total 315392K, used 269295K [0x0000000797d00000, 0x00000007af000000, 0x0000000800000000)
  eden space 269312K, 99% used [0x0000000797d00000,0x00000007a83fbc48,0x00000007a8400000)
  from space 46080K, 0% used [0x00000007ab700000,0x00000007ab700000,0x00000007ae400000)
  to   space 52224K, 0% used [0x00000007a8400000,0x00000007a8400000,0x00000007ab700000)
 ParOldGen       total 1054720K, used 872867K [0x00000006c7800000, 0x0000000707e00000, 0x0000000797d00000)
  object space 1054720K, 82% used [0x00000006c7800000,0x00000006fcc68e50,0x0000000707e00000)
 PSPermGen       total 83968K, used 50997K [0x00000006c2600000, 0x00000006c7800000, 0x00000006c7800000)
  object space 83968K, 60% used [0x00000006c2600000,0x00000006c57cd748,0x00000006c7800000)
Event: 501.547 GC heap after
Heap after GC invocations=15 (full 2):
 PSYoungGen      total 321536K, used 52192K [0x0000000797d00000, 0x00000007c0b80000, 0x0000000800000000)
  eden space 269312K, 0% used [0x0000000797d00000,0x0000000797d00000,0x00000007a8400000)
  from space 52224K, 99% used [0x00000007a8400000,0x00000007ab6f8238,0x00000007ab700000)
  to   space 137728K, 0% used [0x00000007b8500000,0x00000007b8500000,0x00000007c0b80000)
 ParOldGen       total 1087488K, used 1086338K [0x00000006c7800000, 0x0000000709e00000, 0x0000000797d00000)
  object space 1087488K, 99% used [0x00000006c7800000,0x0000000709ce08a0,0x0000000709e00000)
 PSPermGen       total 83968K, used 50997K [0x00000006c2600000, 0x00000006c7800000, 0x00000006c7800000)
  object space 83968K, 60% used [0x00000006c2600000,0x00000006c57cd748,0x00000006c7800000)
}
Event: 501.547 GC heap before
{Heap before GC invocations=16 (full 3):
 PSYoungGen      total 321536K, used 52192K [0x0000000797d00000, 0x00000007c0b80000, 0x0000000800000000)
  eden space 269312K, 0% used [0x0000000797d00000,0x0000000797d00000,0x00000007a8400000)
  from space 52224K, 99% used [0x00000007a8400000,0x00000007ab6f8238,0x00000007ab700000)
  to   space 137728K, 0% used [0x00000007b8500000,0x00000007b8500000,0x00000007c0b80000)
 ParOldGen       total 1087488K, used 1086338K [0x00000006c7800000, 0x0000000709e00000, 0x0000000797d00000)
  object space 1087488K, 99% used [0x00000006c7800000,0x0000000709ce08a0,0x0000000709e00000)
 PSPermGen       total 83968K, used 50997K [0x00000006c2600000, 0x00000006c7800000, 0x00000006c7800000)
  object space 83968K, 60% used [0x00000006c2600000,0x00000006c57cd748,0x00000006c7800000)
Event: 501.722 GC heap after
Heap after GC invocations=16 (full 3):
 PSYoungGen      total 321536K, used 0K [0x0000000797d00000, 0x00000007c0b80000, 0x0000000800000000)
  eden space 269312K, 0% used [0x0000000797d00000,0x0000000797d00000,0x00000007a8400000)
  from space 52224K, 0% used [0x00000007a8400000,0x00000007a8400000,0x00000007ab700000)
  to   space 137728K, 0% used [0x00000007b8500000,0x00000007b8500000,0x00000007c0b80000)
 ParOldGen       total 854528K, used 553395K [0x00000006c7800000, 0x00000006fba80000, 0x0000000797d00000)
  object space 854528K, 64% used [0x00000006c7800000,0x00000006e946cd50,0x00000006fba80000)
 PSPermGen       total 83968K, used 50997K [0x00000006c2600000, 0x00000006c7800000, 0x00000006c7800000)
  object space 83968K, 60% used [0x00000006c2600000,0x00000006c57cd748,0x00000006c7800000)
}
Event: 501.901 GC heap before
{Heap before GC invocations=17 (full 3):
 PSYoungGen      total 321536K, used 269312K [0x0000000797d00000, 0x00000007c0b80000, 0x0000000800000000)
  eden space 269312K, 100% used [0x0000000797d00000,0x00000007a8400000,0x00000007a8400000)
  from space 52224K, 0% used [0x00000007a8400000,0x00000007a8400000,0x00000007ab700000)
  to   space 137728K, 0% used [0x00000007b8500000,0x00000007b8500000,0x00000007c0b80000)
 ParOldGen       total 854528K, used 553395K [0x00000006c7800000, 0x00000006fba80000, 0x0000000797d00000)
  object space 854528K, 64% used [0x00000006c7800000,0x00000006e946cd50,0x00000006fba80000)
 PSPermGen       total 83968K, used 50997K [0x00000006c2600000, 0x00000006c7800000, 0x00000006c7800000)
  object space 83968K, 60% used [0x00000006c2600000,0x00000006c57cd748,0x00000006c7800000)
Event: 501.929 GC heap after
Heap after GC invocations=17 (full 3):
 PSYoungGen      total 437248K, used 137714K [0x0000000797d00000, 0x00000007c0b80000, 0x0000000800000000)
  eden space 299520K, 0% used [0x0000000797d00000,0x0000000797d00000,0x00000007aa180000)
  from space 137728K, 99% used [0x00000007b8500000,0x00000007c0b7cbe8,0x00000007c0b80000)
  to   space 161280K, 0% used [0x00000007ad080000,0x00000007ad080000,0x00000007b6e00000)
 ParOldGen       total 854528K, used 683187K [0x00000006c7800000, 0x00000006fba80000, 0x0000000797d00000)
  object space 854528K, 79% used [0x00000006c7800000,0x00000006f132cec8,0x00000006fba80000)
 PSPermGen       total 83968K, used 50997K [0x00000006c2600000, 0x00000006c7800000, 0x00000006c7800000)
  object space 83968K, 60% used [0x00000006c2600000,0x00000006c57cd748,0x00000006c7800000)
}

