# JRE version: Java(TM) SE Runtime Environment (7.0_45-b18) (build 1.7.0_45-b18)
# Java VM: Java HotSpot(TM) 64-Bit Server VM (24.45-b08 mixed mode linux-amd64 compressed oops)
Heap
 PSYoungGen      total 87040K, used 50294K [0x0000000759500000, 0x000000075eb00000, 0x0000000800000000)
  eden space 86016K, 57% used [0x0000000759500000,0x000000075c55d9d0,0x000000075e900000)
  from space 1024K, 75% used [0x000000075ea00000,0x000000075eac0000,0x000000075eb00000)
  to   space 1024K, 0% used [0x000000075e900000,0x000000075e900000,0x000000075ea00000)
 ParOldGen       total 235520K, used 139825K [0x000000060c000000, 0x000000061a600000, 0x0000000759500000)
  object space 235520K, 59% used [0x000000060c000000,0x000000061488c688,0x000000061a600000)
 PSPermGen       total 83968K, used 53407K [0x0000000606e00000, 0x000000060c000000, 0x000000060c000000)
  object space 83968K, 63% used [0x0000000606e00000,0x000000060a227f18,0x000000060c000000)
GC Heap History (10 events):
Event: 1351.422 GC heap before
{Heap before GC invocations=117 (full 1):
 PSYoungGen      total 88064K, used 87488K [0x0000000759500000, 0x000000075ec00000, 0x0000000800000000)
  eden space 87040K, 100% used [0x0000000759500000,0x000000075ea00000,0x000000075ea00000)
  from space 1024K, 43% used [0x000000075ea00000,0x000000075ea70000,0x000000075eb00000)
  to   space 1024K, 0% used [0x000000075eb00000,0x000000075eb00000,0x000000075ec00000)
 ParOldGen       total 235520K, used 139761K [0x000000060c000000, 0x000000061a600000, 0x0000000759500000)
  object space 235520K, 59% used [0x000000060c000000,0x000000061487c688,0x000000061a600000)
 PSPermGen       total 83968K, used 53325K [0x0000000606e00000, 0x000000060c000000, 0x000000060c000000)
  object space 83968K, 63% used [0x0000000606e00000,0x000000060a2137e8,0x000000060c000000)
Event: 1351.424 GC heap after
Heap after GC invocations=117 (full 1):
 PSYoungGen      total 87040K, used 416K [0x0000000759500000, 0x000000075eb80000, 0x0000000800000000)
  eden space 86528K, 0% used [0x0000000759500000,0x0000000759500000,0x000000075e980000)
  from space 512K, 81% used [0x000000075eb00000,0x000000075eb68000,0x000000075eb80000)
  to   space 1024K, 0% used [0x000000075e980000,0x000000075e980000,0x000000075ea80000)
 ParOldGen       total 235520K, used 139761K [0x000000060c000000, 0x000000061a600000, 0x0000000759500000)
  object space 235520K, 59% used [0x000000060c000000,0x000000061487c688,0x000000061a600000)
 PSPermGen       total 83968K, used 53325K [0x0000000606e00000, 0x000000060c000000, 0x000000060c000000)
  object space 83968K, 63% used [0x0000000606e00000,0x000000060a2137e8,0x000000060c000000)
}
Event: 1356.011 GC heap before
{Heap before GC invocations=118 (full 1):
 PSYoungGen      total 87040K, used 86944K [0x0000000759500000, 0x000000075eb80000, 0x0000000800000000)
  eden space 86528K, 100% used [0x0000000759500000,0x000000075e980000,0x000000075e980000)
  from space 512K, 81% used [0x000000075eb00000,0x000000075eb68000,0x000000075eb80000)
  to   space 1024K, 0% used [0x000000075e980000,0x000000075e980000,0x000000075ea80000)
 ParOldGen       total 235520K, used 139761K [0x000000060c000000, 0x000000061a600000, 0x0000000759500000)
  object space 235520K, 59% used [0x000000060c000000,0x000000061487c688,0x000000061a600000)
 PSPermGen       total 83968K, used 53325K [0x0000000606e00000, 0x000000060c000000, 0x000000060c000000)
  object space 83968K, 63% used [0x0000000606e00000,0x000000060a2137e8,0x000000060c000000)
Event: 1356.013 GC heap after
Heap after GC invocations=118 (full 1):
 PSYoungGen      total 87552K, used 512K [0x0000000759500000, 0x000000075eb80000, 0x0000000800000000)
  eden space 86528K, 0% used [0x0000000759500000,0x0000000759500000,0x000000075e980000)
  from space 1024K, 50% used [0x000000075e980000,0x000000075ea00000,0x000000075ea80000)
  to   space 1024K, 0% used [0x000000075ea80000,0x000000075ea80000,0x000000075eb80000)
 ParOldGen       total 235520K, used 139761K [0x000000060c000000, 0x000000061a600000, 0x0000000759500000)
  object space 235520K, 59% used [0x000000060c000000,0x000000061487c688,0x000000061a600000)
 PSPermGen       total 83968K, used 53325K [0x0000000606e00000, 0x000000060c000000, 0x000000060c000000)
  object space 83968K, 63% used [0x0000000606e00000,0x000000060a2137e8,0x000000060c000000)
}
Event: 1361.915 GC heap before
{Heap before GC invocations=119 (full 1):
 PSYoungGen      total 87552K, used 87040K [0x0000000759500000, 0x000000075eb80000, 0x0000000800000000)
  eden space 86528K, 100% used [0x0000000759500000,0x000000075e980000,0x000000075e980000)
  from space 1024K, 50% used [0x000000075e980000,0x000000075ea00000,0x000000075ea80000)
  to   space 1024K, 0% used [0x000000075ea80000,0x000000075ea80000,0x000000075eb80000)
 ParOldGen       total 235520K, used 139761K [0x000000060c000000, 0x000000061a600000, 0x0000000759500000)
  object space 235520K, 59% used [0x000000060c000000,0x000000061487c688,0x000000061a600000)
 PSPermGen       total 83968K, used 53325K [0x0000000606e00000, 0x000000060c000000, 0x000000060c000000)
  object space 83968K, 63% used [0x0000000606e00000,0x000000060a2137e8,0x000000060c000000)
Event: 1361.917 GC heap after
Heap after GC invocations=119 (full 1):
 PSYoungGen      total 86528K, used 448K [0x0000000759500000, 0x000000075eb00000, 0x0000000800000000)
  eden space 86016K, 0% used [0x0000000759500000,0x0000000759500000,0x000000075e900000)
  from space 512K, 87% used [0x000000075ea80000,0x000000075eaf0000,0x000000075eb00000)
  to   space 1024K, 0% used [0x000000075e900000,0x000000075e900000,0x000000075ea00000)
 ParOldGen       total 235520K, used 139761K [0x000000060c000000, 0x000000061a600000, 0x0000000759500000)
  object space 235520K, 59% used [0x000000060c000000,0x000000061487c688,0x000000061a600000)
 PSPermGen       total 83968K, used 53325K [0x0000000606e00000, 0x000000060c000000, 0x000000060c000000)
  object space 83968K, 63% used [0x0000000606e00000,0x000000060a2137e8,0x000000060c000000)
}
Event: 1368.074 GC heap before
{Heap before GC invocations=120 (full 1):
 PSYoungGen      total 86528K, used 86464K [0x0000000759500000, 0x000000075eb00000, 0x0000000800000000)
  eden space 86016K, 100% used [0x0000000759500000,0x000000075e900000,0x000000075e900000)
  from space 512K, 87% used [0x000000075ea80000,0x000000075eaf0000,0x000000075eb00000)
  to   space 1024K, 0% used [0x000000075e900000,0x000000075e900000,0x000000075ea00000)
 ParOldGen       total 235520K, used 139761K [0x000000060c000000, 0x000000061a600000, 0x0000000759500000)
  object space 235520K, 59% used [0x000000060c000000,0x000000061487c688,0x000000061a600000)
 PSPermGen       total 83968K, used 53325K [0x0000000606e00000, 0x000000060c000000, 0x000000060c000000)
  object space 83968K, 63% used [0x0000000606e00000,0x000000060a2137e8,0x000000060c000000)
Event: 1368.077 GC heap after
Heap after GC invocations=120 (full 1):
 PSYoungGen      total 87040K, used 448K [0x0000000759500000, 0x000000075eb00000, 0x0000000800000000)
  eden space 86016K, 0% used [0x0000000759500000,0x0000000759500000,0x000000075e900000)
  from space 1024K, 43% used [0x000000075e900000,0x000000075e970000,0x000000075ea00000)
  to   space 1024K, 0% used [0x000000075ea00000,0x000000075ea00000,0x000000075eb00000)
 ParOldGen       total 235520K, used 139761K [0x000000060c000000, 0x000000061a600000, 0x0000000759500000)
  object space 235520K, 59% used [0x000000060c000000,0x000000061487c688,0x000000061a600000)
 PSPermGen       total 83968K, used 53325K [0x0000000606e00000, 0x000000060c000000, 0x000000060c000000)
  object space 83968K, 63% used [0x0000000606e00000,0x000000060a2137e8,0x000000060c000000)
}
Event: 1374.073 GC heap before
{Heap before GC invocations=121 (full 1):
 PSYoungGen      total 87040K, used 86464K [0x0000000759500000, 0x000000075eb00000, 0x0000000800000000)
  eden space 86016K, 100% used [0x0000000759500000,0x000000075e900000,0x000000075e900000)
  from space 1024K, 43% used [0x000000075e900000,0x000000075e970000,0x000000075ea00000)
  to   space 1024K, 0% used [0x000000075ea00000,0x000000075ea00000,0x000000075eb00000)
 ParOldGen       total 235520K, used 139761K [0x000000060c000000, 0x000000061a600000, 0x0000000759500000)
  object space 235520K, 59% used [0x000000060c000000,0x000000061487c688,0x000000061a600000)
 PSPermGen       total 83968K, used 53385K [0x0000000606e00000, 0x000000060c000000, 0x000000060c000000)
  object space 83968K, 63% used [0x0000000606e00000,0x000000060a222468,0x000000060c000000)
Event: 1374.075 GC heap after
Heap after GC invocations=121 (full 1):
 PSYoungGen      total 87040K, used 768K [0x0000000759500000, 0x000000075eb00000, 0x0000000800000000)
  eden space 86016K, 0% used [0x0000000759500000,0x0000000759500000,0x000000075e900000)
  from space 1024K, 75% used [0x000000075ea00000,0x000000075eac0000,0x000000075eb00000)
  to   space 1024K, 0% used [0x000000075e900000,0x000000075e900000,0x000000075ea00000)
 ParOldGen       total 235520K, used 139825K [0x000000060c000000, 0x000000061a600000, 0x0000000759500000)
  object space 235520K, 59% used [0x000000060c000000,0x000000061488c688,0x000000061a600000)
 PSPermGen       total 83968K, used 53385K [0x0000000606e00000, 0x000000060c000000, 0x000000060c000000)
  object space 83968K, 63% used [0x0000000606e00000,0x000000060a222468,0x000000060c000000)
}

