# JRE version: Java(TM) SE Runtime Environment (7.0_45-b18) (build 1.7.0_45-b18)
# Java VM: Java HotSpot(TM) 64-Bit Server VM (24.45-b08 mixed mode linux-amd64 compressed oops)
Heap
 PSYoungGen      total 2242560K, used 203877K [0x0000000759500000, 0x00000007ff980000, 0x0000000800000000)
  eden space 1783808K, 11% used [0x0000000759500000,0x0000000765c197f8,0x00000007c6300000)
  from space 458752K, 0% used [0x00000007c6300000,0x00000007c6300000,0x00000007e2300000)
  to   space 445440K, 0% used [0x00000007e4680000,0x00000007e4680000,0x00000007ff980000)
 ParOldGen       total 713728K, used 115195K [0x000000060c000000, 0x0000000637900000, 0x0000000759500000)
  object space 713728K, 16% used [0x000000060c000000,0x000000061307ed38,0x0000000637900000)
 PSPermGen       total 83968K, used 54412K [0x0000000606e00000, 0x000000060c000000, 0x000000060c000000)
  object space 83968K, 64% used [0x0000000606e00000,0x000000060a323190,0x000000060c000000)
GC Heap History (10 events):
Event: 181.270 GC heap before
{Heap before GC invocations=19 (full 2):
 PSYoungGen      total 2012160K, used 1797296K [0x0000000759500000, 0x00000007f6680000, 0x0000000800000000)
  eden space 1603584K, 88% used [0x0000000759500000,0x00000007af9fe630,0x00000007bb300000)
  from space 408576K, 93% used [0x00000007d8680000,0x00000007efcad9e0,0x00000007f1580000)
  to   space 478720K, 0% used [0x00000007bb300000,0x00000007bb300000,0x00000007d8680000)
 ParOldGen       total 1992192K, used 1448094K [0x000000060c000000, 0x0000000685980000, 0x0000000759500000)
  object space 1992192K, 72% used [0x000000060c000000,0x0000000664627870,0x0000000685980000)
 PSPermGen       total 83968K, used 53993K [0x0000000606e00000, 0x000000060c000000, 0x000000060c000000)
  object space 83968K, 64% used [0x0000000606e00000,0x000000060a2ba6e8,0x000000060c000000)
Event: 181.367 GC heap after
Heap after GC invocations=19 (full 2):
 PSYoungGen      total 2082304K, used 734K [0x0000000759500000, 0x0000000800000000, 0x0000000800000000)
  eden space 1603584K, 0% used [0x0000000759500000,0x0000000759500000,0x00000007bb300000)
  from space 478720K, 0% used [0x00000007bb300000,0x00000007bb3b7990,0x00000007d8680000)
  to   space 468480K, 0% used [0x00000007e3680000,0x00000007e3680000,0x0000000800000000)
 ParOldGen       total 1992192K, used 1831114K [0x000000060c000000, 0x0000000685980000, 0x0000000759500000)
  object space 1992192K, 91% used [0x000000060c000000,0x000000067bc32b20,0x0000000685980000)
 PSPermGen       total 83968K, used 53993K [0x0000000606e00000, 0x000000060c000000, 0x000000060c000000)
  object space 83968K, 64% used [0x0000000606e00000,0x000000060a2ba6e8,0x000000060c000000)
}
Event: 181.367 GC heap before
{Heap before GC invocations=20 (full 3):
 PSYoungGen      total 2082304K, used 734K [0x0000000759500000, 0x0000000800000000, 0x0000000800000000)
  eden space 1603584K, 0% used [0x0000000759500000,0x0000000759500000,0x00000007bb300000)
  from space 478720K, 0% used [0x00000007bb300000,0x00000007bb3b7990,0x00000007d8680000)
  to   space 468480K, 0% used [0x00000007e3680000,0x00000007e3680000,0x0000000800000000)
 ParOldGen       total 1992192K, used 1831114K [0x000000060c000000, 0x0000000685980000, 0x0000000759500000)
  object space 1992192K, 91% used [0x000000060c000000,0x000000067bc32b20,0x0000000685980000)
 PSPermGen       total 83968K, used 53993K [0x0000000606e00000, 0x000000060c000000, 0x000000060c000000)
  object space 83968K, 64% used [0x0000000606e00000,0x000000060a2ba6e8,0x000000060c000000)
Event: 181.692 GC heap after
Heap after GC invocations=20 (full 3):
 PSYoungGen      total 2082304K, used 0K [0x0000000759500000, 0x0000000800000000, 0x0000000800000000)
  eden space 1603584K, 0% used [0x0000000759500000,0x0000000759500000,0x00000007bb300000)
  from space 478720K, 0% used [0x00000007bb300000,0x00000007bb300000,0x00000007d8680000)
  to   space 468480K, 0% used [0x00000007e3680000,0x00000007e3680000,0x0000000800000000)
 ParOldGen       total 2439168K, used 1823583K [0x000000060c000000, 0x00000006a0e00000, 0x0000000759500000)
  object space 2439168K, 74% used [0x000000060c000000,0x000000067b4d7cf0,0x00000006a0e00000)
 PSPermGen       total 83968K, used 53993K [0x0000000606e00000, 0x000000060c000000, 0x000000060c000000)
  object space 83968K, 64% used [0x0000000606e00000,0x000000060a2ba6e8,0x000000060c000000)
}
Event: 198.439 GC heap before
{Heap before GC invocations=21 (full 3):
 PSYoungGen      total 2082304K, used 1602387K [0x0000000759500000, 0x0000000800000000, 0x0000000800000000)
  eden space 1603584K, 99% used [0x0000000759500000,0x00000007bb1d4cf0,0x00000007bb300000)
  from space 478720K, 0% used [0x00000007bb300000,0x00000007bb300000,0x00000007d8680000)
  to   space 468480K, 0% used [0x00000007e3680000,0x00000007e3680000,0x0000000800000000)
 ParOldGen       total 2439168K, used 1823583K [0x000000060c000000, 0x00000006a0e00000, 0x0000000759500000)
  object space 2439168K, 74% used [0x000000060c000000,0x000000067b4d7cf0,0x00000006a0e00000)
 PSPermGen       total 83968K, used 53993K [0x0000000606e00000, 0x000000060c000000, 0x000000060c000000)
  object space 83968K, 64% used [0x0000000606e00000,0x000000060a2ba6e8,0x000000060c000000)
Event: 198.469 GC heap after
Heap after GC invocations=21 (full 3):
 PSYoungGen      total 2222592K, used 191447K [0x0000000759500000, 0x00000007fe300000, 0x0000000800000000)
  eden space 1783808K, 0% used [0x0000000759500000,0x0000000759500000,0x00000007c6300000)
  from space 438784K, 43% used [0x00000007e3680000,0x00000007ef175fa8,0x00000007fe300000)
  to   space 458752K, 0% used [0x00000007c6300000,0x00000007c6300000,0x00000007e2300000)
 ParOldGen       total 2439168K, used 1823583K [0x000000060c000000, 0x00000006a0e00000, 0x0000000759500000)
  object space 2439168K, 74% used [0x000000060c000000,0x000000067b4d7cf0,0x00000006a0e00000)
 PSPermGen       total 83968K, used 53993K [0x0000000606e00000, 0x000000060c000000, 0x000000060c000000)
  object space 83968K, 64% used [0x0000000606e00000,0x000000060a2ba6e8,0x000000060c000000)
}
Event: 310.698 GC heap before
{Heap before GC invocations=22 (full 3):
 PSYoungGen      total 2222592K, used 1975255K [0x0000000759500000, 0x00000007fe300000, 0x0000000800000000)
  eden space 1783808K, 100% used [0x0000000759500000,0x00000007c6300000,0x00000007c6300000)
  from space 438784K, 43% used [0x00000007e3680000,0x00000007ef175fa8,0x00000007fe300000)
  to   space 458752K, 0% used [0x00000007c6300000,0x00000007c6300000,0x00000007e2300000)
 ParOldGen       total 2439168K, used 1823583K [0x000000060c000000, 0x00000006a0e00000, 0x0000000759500000)
  object space 2439168K, 74% used [0x000000060c000000,0x000000067b4d7cf0,0x00000006a0e00000)
 PSPermGen       total 83968K, used 54251K [0x0000000606e00000, 0x000000060c000000, 0x000000060c000000)
  object space 83968K, 64% used [0x0000000606e00000,0x000000060a2fafb0,0x000000060c000000)
Event: 310.787 GC heap after
Heap after GC invocations=22 (full 3):
 PSYoungGen      total 2242560K, used 17585K [0x0000000759500000, 0x00000007ff980000, 0x0000000800000000)
  eden space 1783808K, 0% used [0x0000000759500000,0x0000000759500000,0x00000007c6300000)
  from space 458752K, 3% used [0x00000007c6300000,0x00000007c742c7a8,0x00000007e2300000)
  to   space 445440K, 0% used [0x00000007e4680000,0x00000007e4680000,0x00000007ff980000)
 ParOldGen       total 2439168K, used 2014689K [0x000000060c000000, 0x00000006a0e00000, 0x0000000759500000)
  object space 2439168K, 82% used [0x000000060c000000,0x0000000686f78648,0x00000006a0e00000)
 PSPermGen       total 83968K, used 54251K [0x0000000606e00000, 0x000000060c000000, 0x000000060c000000)
  object space 83968K, 64% used [0x0000000606e00000,0x000000060a2fafb0,0x000000060c000000)
}
Event: 310.787 GC heap before
{Heap before GC invocations=23 (full 4):
 PSYoungGen      total 2242560K, used 17585K [0x0000000759500000, 0x00000007ff980000, 0x0000000800000000)
  eden space 1783808K, 0% used [0x0000000759500000,0x0000000759500000,0x00000007c6300000)
  from space 458752K, 3% used [0x00000007c6300000,0x00000007c742c7a8,0x00000007e2300000)
  to   space 445440K, 0% used [0x00000007e4680000,0x00000007e4680000,0x00000007ff980000)
 ParOldGen       total 2439168K, used 2014689K [0x000000060c000000, 0x00000006a0e00000, 0x0000000759500000)
  object space 2439168K, 82% used [0x000000060c000000,0x0000000686f78648,0x00000006a0e00000)
 PSPermGen       total 83968K, used 54251K [0x0000000606e00000, 0x000000060c000000, 0x000000060c000000)
  object space 83968K, 64% used [0x0000000606e00000,0x000000060a2fafb0,0x000000060c000000)
Event: 310.924 GC heap after
Heap after GC invocations=23 (full 4):
 PSYoungGen      total 2242560K, used 0K [0x0000000759500000, 0x00000007ff980000, 0x0000000800000000)
  eden space 1783808K, 0% used [0x0000000759500000,0x0000000759500000,0x00000007c6300000)
  from space 458752K, 0% used [0x00000007c6300000,0x00000007c6300000,0x00000007e2300000)
  to   space 445440K, 0% used [0x00000007e4680000,0x00000007e4680000,0x00000007ff980000)
 ParOldGen       total 713728K, used 115195K [0x000000060c000000, 0x0000000637900000, 0x0000000759500000)
  object space 713728K, 16% used [0x000000060c000000,0x000000061307ed38,0x0000000637900000)
 PSPermGen       total 83968K, used 54249K [0x0000000606e00000, 0x000000060c000000, 0x000000060c000000)
  object space 83968K, 64% used [0x0000000606e00000,0x000000060a2fa510,0x000000060c000000)
}

