# JRE version: Java(TM) SE Runtime Environment (7.0_45-b18) (build 1.7.0_45-b18)
# Java VM: Java HotSpot(TM) 64-Bit Server VM (24.45-b08 mixed mode linux-amd64 compressed oops)
Heap
 PSYoungGen      total 75264K, used 32448K [0x00000000eb280000, 0x00000000f2280000, 0x0000000100000000)
  eden space 64512K, 33% used [0x00000000eb280000,0x00000000ec7b5a78,0x00000000ef180000)
  from space 10752K, 99% used [0x00000000ef300000,0x00000000efd7a7e8,0x00000000efd80000)
  to   space 25088K, 0% used [0x00000000f0a00000,0x00000000f0a00000,0x00000000f2280000)
 ParOldGen       total 175104K, used 22524K [0x00000000c1800000, 0x00000000cc300000, 0x00000000eb280000)
  object space 175104K, 12% used [0x00000000c1800000,0x00000000c2dff178,0x00000000cc300000)
 PSPermGen       total 45568K, used 45105K [0x00000000bc600000, 0x00000000bf280000, 0x00000000c1800000)
  object space 45568K, 98% used [0x00000000bc600000,0x00000000bf20c628,0x00000000bf280000)
GC Heap History (10 events):
Event: 0.682 GC heap before
{Heap before GC invocations=1 (full 0):
 PSYoungGen      total 76800K, used 66048K [0x00000000eb280000, 0x00000000f0800000, 0x0000000100000000)
  eden space 66048K, 100% used [0x00000000eb280000,0x00000000ef300000,0x00000000ef300000)
  from space 10752K, 0% used [0x00000000efd80000,0x00000000efd80000,0x00000000f0800000)
  to   space 10752K, 0% used [0x00000000ef300000,0x00000000ef300000,0x00000000efd80000)
 ParOldGen       total 175104K, used 0K [0x00000000c1800000, 0x00000000cc300000, 0x00000000eb280000)
  object space 175104K, 0% used [0x00000000c1800000,0x00000000c1800000,0x00000000cc300000)
 PSPermGen       total 21504K, used 14600K [0x00000000bc600000, 0x00000000bdb00000, 0x00000000c1800000)
  object space 21504K, 67% used [0x00000000bc600000,0x00000000bd442110,0x00000000bdb00000)
Event: 0.686 GC heap after
Heap after GC invocations=1 (full 0):
 PSYoungGen      total 76800K, used 5425K [0x00000000eb280000, 0x00000000f0800000, 0x0000000100000000)
  eden space 66048K, 0% used [0x00000000eb280000,0x00000000eb280000,0x00000000ef300000)
  from space 10752K, 50% used [0x00000000ef300000,0x00000000ef84c6f0,0x00000000efd80000)
  to   space 10752K, 0% used [0x00000000efd80000,0x00000000efd80000,0x00000000f0800000)
 ParOldGen       total 175104K, used 72K [0x00000000c1800000, 0x00000000cc300000, 0x00000000eb280000)
  object space 175104K, 0% used [0x00000000c1800000,0x00000000c1812010,0x00000000cc300000)
 PSPermGen       total 21504K, used 14600K [0x00000000bc600000, 0x00000000bdb00000, 0x00000000c1800000)
  object space 21504K, 67% used [0x00000000bc600000,0x00000000bd442110,0x00000000bdb00000)
}
Event: 1.275 GC heap before
{Heap before GC invocations=2 (full 0):
 PSYoungGen      total 76800K, used 71473K [0x00000000eb280000, 0x00000000f0800000, 0x0000000100000000)
  eden space 66048K, 100% used [0x00000000eb280000,0x00000000ef300000,0x00000000ef300000)
  from space 10752K, 50% used [0x00000000ef300000,0x00000000ef84c6f0,0x00000000efd80000)
  to   space 10752K, 0% used [0x00000000efd80000,0x00000000efd80000,0x00000000f0800000)
 ParOldGen       total 175104K, used 72K [0x00000000c1800000, 0x00000000cc300000, 0x00000000eb280000)
  object space 175104K, 0% used [0x00000000c1800000,0x00000000c1812010,0x00000000cc300000)
 PSPermGen       total 22016K, used 21678K [0x00000000bc600000, 0x00000000bdb80000, 0x00000000c1800000)
  object space 22016K, 98% used [0x00000000bc600000,0x00000000bdb2bb10,0x00000000bdb80000)
Event: 1.281 GC heap after
Heap after GC invocations=2 (full 0):
 PSYoungGen      total 76800K, used 9335K [0x00000000eb280000, 0x00000000f0800000, 0x0000000100000000)
  eden space 66048K, 0% used [0x00000000eb280000,0x00000000eb280000,0x00000000ef300000)
  from space 10752K, 86% used [0x00000000efd80000,0x00000000f069de80,0x00000000f0800000)
  to   space 10752K, 0% used [0x00000000ef300000,0x00000000ef300000,0x00000000efd80000)
 ParOldGen       total 175104K, used 80K [0x00000000c1800000, 0x00000000cc300000, 0x00000000eb280000)
  object space 175104K, 0% used [0x00000000c1800000,0x00000000c1814010,0x00000000cc300000)
 PSPermGen       total 22016K, used 21678K [0x00000000bc600000, 0x00000000bdb80000, 0x00000000c1800000)
  object space 22016K, 98% used [0x00000000bc600000,0x00000000bdb2bb10,0x00000000bdb80000)
}
Event: 2.171 GC heap before
{Heap before GC invocations=3 (full 0):
 PSYoungGen      total 76800K, used 75383K [0x00000000eb280000, 0x00000000f0800000, 0x0000000100000000)
  eden space 66048K, 100% used [0x00000000eb280000,0x00000000ef300000,0x00000000ef300000)
  from space 10752K, 86% used [0x00000000efd80000,0x00000000f069de80,0x00000000f0800000)
  to   space 10752K, 0% used [0x00000000ef300000,0x00000000ef300000,0x00000000efd80000)
 ParOldGen       total 175104K, used 80K [0x00000000c1800000, 0x00000000cc300000, 0x00000000eb280000)
  object space 175104K, 0% used [0x00000000c1800000,0x00000000c1814010,0x00000000cc300000)
 PSPermGen       total 35328K, used 35309K [0x00000000bc600000, 0x00000000be880000, 0x00000000c1800000)
  object space 35328K, 99% used [0x00000000bc600000,0x00000000be87b668,0x00000000be880000)
Event: 2.183 GC heap after
Heap after GC invocations=3 (full 0):
 PSYoungGen      total 76800K, used 10748K [0x00000000eb280000, 0x00000000f0800000, 0x0000000100000000)
  eden space 66048K, 0% used [0x00000000eb280000,0x00000000eb280000,0x00000000ef300000)
  from space 10752K, 99% used [0x00000000ef300000,0x00000000efd7f390,0x00000000efd80000)
  to   space 10752K, 0% used [0x00000000efd80000,0x00000000efd80000,0x00000000f0800000)
 ParOldGen       total 175104K, used 8334K [0x00000000c1800000, 0x00000000cc300000, 0x00000000eb280000)
  object space 175104K, 4% used [0x00000000c1800000,0x00000000c2023bd0,0x00000000cc300000)
 PSPermGen       total 35328K, used 35309K [0x00000000bc600000, 0x00000000be880000, 0x00000000c1800000)
  object space 35328K, 99% used [0x00000000bc600000,0x00000000be87b668,0x00000000be880000)
}
Event: 4.316 GC heap before
{Heap before GC invocations=4 (full 0):
 PSYoungGen      total 76800K, used 76796K [0x00000000eb280000, 0x00000000f0800000, 0x0000000100000000)
  eden space 66048K, 100% used [0x00000000eb280000,0x00000000ef300000,0x00000000ef300000)
  from space 10752K, 99% used [0x00000000ef300000,0x00000000efd7f390,0x00000000efd80000)
  to   space 10752K, 0% used [0x00000000efd80000,0x00000000efd80000,0x00000000f0800000)
 ParOldGen       total 175104K, used 8334K [0x00000000c1800000, 0x00000000cc300000, 0x00000000eb280000)
  object space 175104K, 4% used [0x00000000c1800000,0x00000000c2023bd0,0x00000000cc300000)
 PSPermGen       total 43520K, used 43047K [0x00000000bc600000, 0x00000000bf080000, 0x00000000c1800000)
  object space 43520K, 98% used [0x00000000bc600000,0x00000000bf009d90,0x00000000bf080000)
Event: 4.325 GC heap after
Heap after GC invocations=4 (full 0):
 PSYoungGen      total 76800K, used 10731K [0x00000000eb280000, 0x00000000f0800000, 0x0000000100000000)
  eden space 66048K, 0% used [0x00000000eb280000,0x00000000eb280000,0x00000000ef300000)
  from space 10752K, 99% used [0x00000000efd80000,0x00000000f07fac20,0x00000000f0800000)
  to   space 10752K, 0% used [0x00000000ef300000,0x00000000ef300000,0x00000000efd80000)
 ParOldGen       total 175104K, used 15659K [0x00000000c1800000, 0x00000000cc300000, 0x00000000eb280000)
  object space 175104K, 8% used [0x00000000c1800000,0x00000000c274af58,0x00000000cc300000)
 PSPermGen       total 43520K, used 43047K [0x00000000bc600000, 0x00000000bf080000, 0x00000000c1800000)
  object space 43520K, 98% used [0x00000000bc600000,0x00000000bf009d90,0x00000000bf080000)
}
Event: 13.952 GC heap before
{Heap before GC invocations=5 (full 0):
 PSYoungGen      total 76800K, used 76779K [0x00000000eb280000, 0x00000000f0800000, 0x0000000100000000)
  eden space 66048K, 100% used [0x00000000eb280000,0x00000000ef300000,0x00000000ef300000)
  from space 10752K, 99% used [0x00000000efd80000,0x00000000f07fac20,0x00000000f0800000)
  to   space 10752K, 0% used [0x00000000ef300000,0x00000000ef300000,0x00000000efd80000)
 ParOldGen       total 175104K, used 15659K [0x00000000c1800000, 0x00000000cc300000, 0x00000000eb280000)
  object space 175104K, 8% used [0x00000000c1800000,0x00000000c274af58,0x00000000cc300000)
 PSPermGen       total 45568K, used 45072K [0x00000000bc600000, 0x00000000bf280000, 0x00000000c1800000)
  object space 45568K, 98% used [0x00000000bc600000,0x00000000bf2040d0,0x00000000bf280000)
Event: 13.961 GC heap after
Heap after GC invocations=5 (full 0):
 PSYoungGen      total 75264K, used 10729K [0x00000000eb280000, 0x00000000f2280000, 0x0000000100000000)
  eden space 64512K, 0% used [0x00000000eb280000,0x00000000eb280000,0x00000000ef180000)
  from space 10752K, 99% used [0x00000000ef300000,0x00000000efd7a7e8,0x00000000efd80000)
  to   space 25088K, 0% used [0x00000000f0a00000,0x00000000f0a00000,0x00000000f2280000)
 ParOldGen       total 175104K, used 22524K [0x00000000c1800000, 0x00000000cc300000, 0x00000000eb280000)
  object space 175104K, 12% used [0x00000000c1800000,0x00000000c2dff178,0x00000000cc300000)
 PSPermGen       total 45568K, used 45072K [0x00000000bc600000, 0x00000000bf280000, 0x00000000c1800000)
  object space 45568K, 98% used [0x00000000bc600000,0x00000000bf2040d0,0x00000000bf280000)
}

