# JRE version: Java(TM) SE Runtime Environment (7.0_45-b18) (build 1.7.0_45-b18)
# Java VM: Java HotSpot(TM) 64-Bit Server VM (24.45-b08 mixed mode linux-amd64 compressed oops)
Heap
 PSYoungGen      total 79872K, used 17146K [0x00000000eb280000, 0x00000000f1780000, 0x0000000100000000)
  eden space 60416K, 7% used [0x00000000eb280000,0x00000000eb6cca68,0x00000000eed80000)
  from space 19456K, 65% used [0x00000000f0480000,0x00000000f10f2058,0x00000000f1780000)
  to   space 21504K, 0% used [0x00000000eed80000,0x00000000eed80000,0x00000000f0280000)
 ParOldGen       total 175104K, used 22333K [0x00000000c1800000, 0x00000000cc300000, 0x00000000eb280000)
  object space 175104K, 12% used [0x00000000c1800000,0x00000000c2dcf428,0x00000000cc300000)
 PSPermGen       total 52736K, used 52346K [0x00000000bc600000, 0x00000000bf980000, 0x00000000c1800000)
  object space 52736K, 99% used [0x00000000bc600000,0x00000000bf91e9b0,0x00000000bf980000)
GC Heap History (10 events):
Event: 11.011 GC heap before
{Heap before GC invocations=4 (full 0):
 PSYoungGen      total 76800K, used 76796K [0x00000000eb280000, 0x00000000f0800000, 0x0000000100000000)
  eden space 66048K, 100% used [0x00000000eb280000,0x00000000ef300000,0x00000000ef300000)
  from space 10752K, 99% used [0x00000000ef300000,0x00000000efd7f380,0x00000000efd80000)
  to   space 10752K, 0% used [0x00000000efd80000,0x00000000efd80000,0x00000000f0800000)
 ParOldGen       total 175104K, used 5945K [0x00000000c1800000, 0x00000000cc300000, 0x00000000eb280000)
  object space 175104K, 3% used [0x00000000c1800000,0x00000000c1dce650,0x00000000cc300000)
 PSPermGen       total 37888K, used 37625K [0x00000000bc600000, 0x00000000beb00000, 0x00000000c1800000)
  object space 37888K, 99% used [0x00000000bc600000,0x00000000beabe420,0x00000000beb00000)
Event: 11.020 GC heap after
Heap after GC invocations=4 (full 0):
 PSYoungGen      total 76800K, used 10721K [0x00000000eb280000, 0x00000000f0800000, 0x0000000100000000)
  eden space 66048K, 0% used [0x00000000eb280000,0x00000000eb280000,0x00000000ef300000)
  from space 10752K, 99% used [0x00000000efd80000,0x00000000f07f85a8,0x00000000f0800000)
  to   space 10752K, 0% used [0x00000000ef300000,0x00000000ef300000,0x00000000efd80000)
 ParOldGen       total 175104K, used 11487K [0x00000000c1800000, 0x00000000cc300000, 0x00000000eb280000)
  object space 175104K, 6% used [0x00000000c1800000,0x00000000c2337c00,0x00000000cc300000)
 PSPermGen       total 37888K, used 37625K [0x00000000bc600000, 0x00000000beb00000, 0x00000000c1800000)
  object space 37888K, 99% used [0x00000000bc600000,0x00000000beabe420,0x00000000beb00000)
}
Event: 18.495 GC heap before
{Heap before GC invocations=5 (full 0):
 PSYoungGen      total 76800K, used 76764K [0x00000000eb280000, 0x00000000f0800000, 0x0000000100000000)
  eden space 66048K, 99% used [0x00000000eb280000,0x00000000ef2fedc8,0x00000000ef300000)
  from space 10752K, 99% used [0x00000000efd80000,0x00000000f07f85a8,0x00000000f0800000)
  to   space 10752K, 0% used [0x00000000ef300000,0x00000000ef300000,0x00000000efd80000)
 ParOldGen       total 175104K, used 11487K [0x00000000c1800000, 0x00000000cc300000, 0x00000000eb280000)
  object space 175104K, 6% used [0x00000000c1800000,0x00000000c2337c00,0x00000000cc300000)
 PSPermGen       total 40960K, used 40746K [0x00000000bc600000, 0x00000000bee00000, 0x00000000c1800000)
  object space 40960K, 99% used [0x00000000bc600000,0x00000000bedca9b8,0x00000000bee00000)
Event: 18.503 GC heap after
Heap after GC invocations=5 (full 0):
 PSYoungGen      total 75264K, used 10750K [0x00000000eb280000, 0x00000000f1880000, 0x0000000100000000)
  eden space 64512K, 0% used [0x00000000eb280000,0x00000000eb280000,0x00000000ef180000)
  from space 10752K, 99% used [0x00000000ef300000,0x00000000efd7f9d0,0x00000000efd80000)
  to   space 19968K, 0% used [0x00000000f0500000,0x00000000f0500000,0x00000000f1880000)
 ParOldGen       total 175104K, used 12898K [0x00000000c1800000, 0x00000000cc300000, 0x00000000eb280000)
  object space 175104K, 7% used [0x00000000c1800000,0x00000000c2498a58,0x00000000cc300000)
 PSPermGen       total 40960K, used 40746K [0x00000000bc600000, 0x00000000bee00000, 0x00000000c1800000)
  object space 40960K, 99% used [0x00000000bc600000,0x00000000bedca9b8,0x00000000bee00000)
}
Event: 86.198 GC heap before
{Heap before GC invocations=6 (full 0):
 PSYoungGen      total 75264K, used 75262K [0x00000000eb280000, 0x00000000f1880000, 0x0000000100000000)
  eden space 64512K, 100% used [0x00000000eb280000,0x00000000ef180000,0x00000000ef180000)
  from space 10752K, 99% used [0x00000000ef300000,0x00000000efd7f9d0,0x00000000efd80000)
  to   space 19968K, 0% used [0x00000000f0500000,0x00000000f0500000,0x00000000f1880000)
 ParOldGen       total 175104K, used 12898K [0x00000000c1800000, 0x00000000cc300000, 0x00000000eb280000)
  object space 175104K, 7% used [0x00000000c1800000,0x00000000c2498a58,0x00000000cc300000)
 PSPermGen       total 41984K, used 41492K [0x00000000bc600000, 0x00000000bef00000, 0x00000000c1800000)
  object space 41984K, 98% used [0x00000000bc600000,0x00000000bee85290,0x00000000bef00000)
Event: 86.207 GC heap after
Heap after GC invocations=6 (full 0):
 PSYoungGen      total 82944K, used 16219K [0x00000000eb280000, 0x00000000f1900000, 0x0000000100000000)
  eden space 62976K, 0% used [0x00000000eb280000,0x00000000eb280000,0x00000000ef000000)
  from space 19968K, 81% used [0x00000000f0500000,0x00000000f14d6c10,0x00000000f1880000)
  to   space 20992K, 0% used [0x00000000ef000000,0x00000000ef000000,0x00000000f0480000)
 ParOldGen       total 175104K, used 12906K [0x00000000c1800000, 0x00000000cc300000, 0x00000000eb280000)
  object space 175104K, 7% used [0x00000000c1800000,0x00000000c249aa58,0x00000000cc300000)
 PSPermGen       total 41984K, used 41492K [0x00000000bc600000, 0x00000000bef00000, 0x00000000c1800000)
  object space 41984K, 98% used [0x00000000bc600000,0x00000000bee85290,0x00000000bef00000)
}
Event: 86.808 GC heap before
{Heap before GC invocations=7 (full 0):
 PSYoungGen      total 82944K, used 79195K [0x00000000eb280000, 0x00000000f1900000, 0x0000000100000000)
  eden space 62976K, 100% used [0x00000000eb280000,0x00000000ef000000,0x00000000ef000000)
  from space 19968K, 81% used [0x00000000f0500000,0x00000000f14d6c10,0x00000000f1880000)
  to   space 20992K, 0% used [0x00000000ef000000,0x00000000ef000000,0x00000000f0480000)
 ParOldGen       total 175104K, used 12906K [0x00000000c1800000, 0x00000000cc300000, 0x00000000eb280000)
  object space 175104K, 7% used [0x00000000c1800000,0x00000000c249aa58,0x00000000cc300000)
 PSPermGen       total 51200K, used 50692K [0x00000000bc600000, 0x00000000bf800000, 0x00000000c1800000)
  object space 51200K, 99% used [0x00000000bc600000,0x00000000bf7812b8,0x00000000bf800000)
Event: 86.820 GC heap after
Heap after GC invocations=7 (full 0):
 PSYoungGen      total 82432K, used 17556K [0x00000000eb280000, 0x00000000f1a80000, 0x0000000100000000)
  eden space 61440K, 0% used [0x00000000eb280000,0x00000000eb280000,0x00000000eee80000)
  from space 20992K, 83% used [0x00000000ef000000,0x00000000f0125068,0x00000000f0480000)
  to   space 22528K, 0% used [0x00000000f0480000,0x00000000f0480000,0x00000000f1a80000)
 ParOldGen       total 175104K, used 18045K [0x00000000c1800000, 0x00000000cc300000, 0x00000000eb280000)
  object space 175104K, 10% used [0x00000000c1800000,0x00000000c299f548,0x00000000cc300000)
 PSPermGen       total 51200K, used 50692K [0x00000000bc600000, 0x00000000bf800000, 0x00000000c1800000)
  object space 51200K, 99% used [0x00000000bc600000,0x00000000bf7812b8,0x00000000bf800000)
}
Event: 117.875 GC heap before
{Heap before GC invocations=8 (full 0):
 PSYoungGen      total 82432K, used 78996K [0x00000000eb280000, 0x00000000f1a80000, 0x0000000100000000)
  eden space 61440K, 100% used [0x00000000eb280000,0x00000000eee80000,0x00000000eee80000)
  from space 20992K, 83% used [0x00000000ef000000,0x00000000f0125068,0x00000000f0480000)
  to   space 22528K, 0% used [0x00000000f0480000,0x00000000f0480000,0x00000000f1a80000)
 ParOldGen       total 175104K, used 18045K [0x00000000c1800000, 0x00000000cc300000, 0x00000000eb280000)
  object space 175104K, 10% used [0x00000000c1800000,0x00000000c299f548,0x00000000cc300000)
 PSPermGen       total 52736K, used 52318K [0x00000000bc600000, 0x00000000bf980000, 0x00000000c1800000)
  object space 52736K, 99% used [0x00000000bc600000,0x00000000bf917950,0x00000000bf980000)
Event: 117.884 GC heap after
Heap after GC invocations=8 (full 0):
 PSYoungGen      total 79872K, used 12744K [0x00000000eb280000, 0x00000000f1780000, 0x0000000100000000)
  eden space 60416K, 0% used [0x00000000eb280000,0x00000000eb280000,0x00000000eed80000)
  from space 19456K, 65% used [0x00000000f0480000,0x00000000f10f2058,0x00000000f1780000)
  to   space 21504K, 0% used [0x00000000eed80000,0x00000000eed80000,0x00000000f0280000)
 ParOldGen       total 175104K, used 22333K [0x00000000c1800000, 0x00000000cc300000, 0x00000000eb280000)
  object space 175104K, 12% used [0x00000000c1800000,0x00000000c2dcf428,0x00000000cc300000)
 PSPermGen       total 52736K, used 52318K [0x00000000bc600000, 0x00000000bf980000, 0x00000000c1800000)
  object space 52736K, 99% used [0x00000000bc600000,0x00000000bf917950,0x00000000bf980000)
}

