# JRE version: Java(TM) SE Runtime Environment (7.0_51-b13) (build 1.7.0_51-b13)
# Java VM: Java HotSpot(TM) 64-Bit Server VM (24.51-b03 mixed mode linux-amd64 compressed oops)
Heap
 PSYoungGen      total 615424K, used 85889K [0x0000000759500000, 0x0000000785780000, 0x0000000800000000)
  eden space 612352K, 13% used [0x0000000759500000,0x000000075e638740,0x000000077eb00000)
  from space 3072K, 88% used [0x0000000785480000,0x0000000785727ea8,0x0000000785780000)
  to   space 51200K, 0% used [0x000000077f380000,0x000000077f380000,0x0000000782580000)
 ParOldGen       total 175104K, used 100741K [0x000000060c000000, 0x0000000616b00000, 0x0000000759500000)
  object space 175104K, 57% used [0x000000060c000000,0x0000000612261538,0x0000000616b00000)
 PSPermGen       total 53248K, used 53204K [0x0000000606e00000, 0x000000060a200000, 0x000000060c000000)
  object space 53248K, 99% used [0x0000000606e00000,0x000000060a1f5020,0x000000060a200000)
GC Heap History (10 events):
Event: 159.414 GC heap before
{Heap before GC invocations=12 (full 0):
 PSYoungGen      total 782848K, used 782828K [0x0000000759500000, 0x000000078ec00000, 0x0000000800000000)
  eden space 772096K, 100% used [0x0000000759500000,0x0000000788700000,0x0000000788700000)
  from space 10752K, 99% used [0x000000078ab80000,0x000000078b5fb230,0x000000078b600000)
  to   space 51712K, 0% used [0x000000078b980000,0x000000078b980000,0x000000078ec00000)
 ParOldGen       total 175104K, used 84319K [0x000000060c000000, 0x0000000616b00000, 0x0000000759500000)
  object space 175104K, 48% used [0x000000060c000000,0x0000000611257df8,0x0000000616b00000)
 PSPermGen       total 52736K, used 52654K [0x0000000606e00000, 0x000000060a180000, 0x000000060c000000)
  object space 52736K, 99% used [0x0000000606e00000,0x000000060a16b990,0x000000060a180000)
Event: 159.429 GC heap after
Heap after GC invocations=12 (full 0):
 PSYoungGen      total 769536K, used 32398K [0x0000000759500000, 0x000000078d980000, 0x0000000800000000)
  eden space 736768K, 0% used [0x0000000759500000,0x0000000759500000,0x0000000786480000)
  from space 32768K, 98% used [0x000000078b980000,0x000000078d9239e8,0x000000078d980000)
  to   space 52224K, 0% used [0x0000000787380000,0x0000000787380000,0x000000078a680000)
 ParOldGen       total 175104K, used 90238K [0x000000060c000000, 0x0000000616b00000, 0x0000000759500000)
  object space 175104K, 51% used [0x000000060c000000,0x000000061181f810,0x0000000616b00000)
 PSPermGen       total 52736K, used 52654K [0x0000000606e00000, 0x000000060a180000, 0x000000060c000000)
  object space 52736K, 99% used [0x0000000606e00000,0x000000060a16b990,0x000000060a180000)
}
Event: 192.637 GC heap before
{Heap before GC invocations=13 (full 0):
 PSYoungGen      total 769536K, used 769166K [0x0000000759500000, 0x000000078d980000, 0x0000000800000000)
  eden space 736768K, 100% used [0x0000000759500000,0x0000000786480000,0x0000000786480000)
  from space 32768K, 98% used [0x000000078b980000,0x000000078d9239e8,0x000000078d980000)
  to   space 52224K, 0% used [0x0000000787380000,0x0000000787380000,0x000000078a680000)
 ParOldGen       total 175104K, used 90238K [0x000000060c000000, 0x0000000616b00000, 0x0000000759500000)
  object space 175104K, 51% used [0x000000060c000000,0x000000061181f810,0x0000000616b00000)
 PSPermGen       total 53248K, used 52739K [0x0000000606e00000, 0x000000060a200000, 0x000000060c000000)
  object space 53248K, 99% used [0x0000000606e00000,0x000000060a180c58,0x000000060a200000)
Event: 192.646 GC heap after
Heap after GC invocations=13 (full 0):
 PSYoungGen      total 706560K, used 3500K [0x0000000759500000, 0x000000078ba00000, 0x0000000800000000)
  eden space 702976K, 0% used [0x0000000759500000,0x0000000759500000,0x0000000784380000)
  from space 3584K, 97% used [0x0000000787380000,0x00000007876eb270,0x0000000787700000)
  to   space 52736K, 0% used [0x0000000788680000,0x0000000788680000,0x000000078ba00000)
 ParOldGen       total 175104K, used 91580K [0x000000060c000000, 0x0000000616b00000, 0x0000000759500000)
  object space 175104K, 52% used [0x000000060c000000,0x000000061196f0c8,0x0000000616b00000)
 PSPermGen       total 53248K, used 52739K [0x0000000606e00000, 0x000000060a200000, 0x000000060c000000)
  object space 53248K, 99% used [0x0000000606e00000,0x000000060a180c58,0x000000060a200000)
}
Event: 221.176 GC heap before
{Heap before GC invocations=14 (full 0):
 PSYoungGen      total 706560K, used 706476K [0x0000000759500000, 0x000000078ba00000, 0x0000000800000000)
  eden space 702976K, 100% used [0x0000000759500000,0x0000000784380000,0x0000000784380000)
  from space 3584K, 97% used [0x0000000787380000,0x00000007876eb270,0x0000000787700000)
  to   space 52736K, 0% used [0x0000000788680000,0x0000000788680000,0x000000078ba00000)
 ParOldGen       total 175104K, used 91580K [0x000000060c000000, 0x0000000616b00000, 0x0000000759500000)
  object space 175104K, 52% used [0x000000060c000000,0x000000061196f0c8,0x0000000616b00000)
 PSPermGen       total 53248K, used 52754K [0x0000000606e00000, 0x000000060a200000, 0x000000060c000000)
  object space 53248K, 99% used [0x0000000606e00000,0x000000060a184a58,0x000000060a200000)
Event: 221.190 GC heap after
Heap after GC invocations=14 (full 0):
 PSYoungGen      total 681472K, used 9883K [0x0000000759500000, 0x0000000789080000, 0x0000000800000000)
  eden space 671232K, 0% used [0x0000000759500000,0x0000000759500000,0x0000000782480000)
  from space 10240K, 96% used [0x0000000788680000,0x0000000789026c28,0x0000000789080000)
  to   space 51712K, 0% used [0x0000000782b80000,0x0000000782b80000,0x0000000785e00000)
 ParOldGen       total 175104K, used 92216K [0x000000060c000000, 0x0000000616b00000, 0x0000000759500000)
  object space 175104K, 52% used [0x000000060c000000,0x0000000611a0e268,0x0000000616b00000)
 PSPermGen       total 53248K, used 52754K [0x0000000606e00000, 0x000000060a200000, 0x000000060c000000)
  object space 53248K, 99% used [0x0000000606e00000,0x000000060a184a58,0x000000060a200000)
}
Event: 250.253 GC heap before
{Heap before GC invocations=15 (full 0):
 PSYoungGen      total 681472K, used 681115K [0x0000000759500000, 0x0000000789080000, 0x0000000800000000)
  eden space 671232K, 100% used [0x0000000759500000,0x0000000782480000,0x0000000782480000)
  from space 10240K, 96% used [0x0000000788680000,0x0000000789026c28,0x0000000789080000)
  to   space 51712K, 0% used [0x0000000782b80000,0x0000000782b80000,0x0000000785e00000)
 ParOldGen       total 175104K, used 92216K [0x000000060c000000, 0x0000000616b00000, 0x0000000759500000)
  object space 175104K, 52% used [0x000000060c000000,0x0000000611a0e268,0x0000000616b00000)
 PSPermGen       total 53248K, used 52770K [0x0000000606e00000, 0x000000060a200000, 0x000000060c000000)
  object space 53248K, 99% used [0x0000000606e00000,0x000000060a188880,0x000000060a200000)
Event: 250.265 GC heap after
Heap after GC invocations=15 (full 0):
 PSYoungGen      total 643072K, used 1623K [0x0000000759500000, 0x0000000788700000, 0x0000000800000000)
  eden space 641024K, 0% used [0x0000000759500000,0x0000000759500000,0x0000000780700000)
  from space 2048K, 79% used [0x0000000782b80000,0x0000000782d15de8,0x0000000782d80000)
  to   space 51712K, 0% used [0x0000000785480000,0x0000000785480000,0x0000000788700000)
 ParOldGen       total 175104K, used 100552K [0x000000060c000000, 0x0000000616b00000, 0x0000000759500000)
  object space 175104K, 57% used [0x000000060c000000,0x0000000612232398,0x0000000616b00000)
 PSPermGen       total 53248K, used 52770K [0x0000000606e00000, 0x000000060a200000, 0x000000060c000000)
  object space 53248K, 99% used [0x0000000606e00000,0x000000060a188880,0x000000060a200000)
}
Event: 277.388 GC heap before
{Heap before GC invocations=16 (full 0):
 PSYoungGen      total 643072K, used 642647K [0x0000000759500000, 0x0000000788700000, 0x0000000800000000)
  eden space 641024K, 100% used [0x0000000759500000,0x0000000780700000,0x0000000780700000)
  from space 2048K, 79% used [0x0000000782b80000,0x0000000782d15de8,0x0000000782d80000)
  to   space 51712K, 0% used [0x0000000785480000,0x0000000785480000,0x0000000788700000)
 ParOldGen       total 175104K, used 100552K [0x000000060c000000, 0x0000000616b00000, 0x0000000759500000)
  object space 175104K, 57% used [0x000000060c000000,0x0000000612232398,0x0000000616b00000)
 PSPermGen       total 53248K, used 53204K [0x0000000606e00000, 0x000000060a200000, 0x000000060c000000)
  object space 53248K, 99% used [0x0000000606e00000,0x000000060a1f5020,0x000000060a200000)
Event: 277.398 GC heap after
Heap after GC invocations=16 (full 0):
 PSYoungGen      total 615424K, used 2719K [0x0000000759500000, 0x0000000785780000, 0x0000000800000000)
  eden space 612352K, 0% used [0x0000000759500000,0x0000000759500000,0x000000077eb00000)
  from space 3072K, 88% used [0x0000000785480000,0x0000000785727ea8,0x0000000785780000)
  to   space 51200K, 0% used [0x000000077f380000,0x000000077f380000,0x0000000782580000)
 ParOldGen       total 175104K, used 100741K [0x000000060c000000, 0x0000000616b00000, 0x0000000759500000)
  object space 175104K, 57% used [0x000000060c000000,0x0000000612261538,0x0000000616b00000)
 PSPermGen       total 53248K, used 53204K [0x0000000606e00000, 0x000000060a200000, 0x000000060c000000)
  object space 53248K, 99% used [0x0000000606e00000,0x000000060a1f5020,0x000000060a200000)
}

