# JRE version: Java(TM) SE Runtime Environment (7.0_45-b18) (build 1.7.0_45-b18)
# Java VM: Java HotSpot(TM) 64-Bit Server VM (24.45-b08 mixed mode linux-amd64 compressed oops)
Heap
 PSYoungGen      total 261632K, used 69105K [0x0000000797d00000, 0x00000007b4b00000, 0x0000000800000000)
  eden space 240128K, 19% used [0x0000000797d00000,0x000000079abe33d8,0x00000007a6780000)
  from space 21504K, 98% used [0x00000007b3600000,0x00000007b4a99400,0x00000007b4b00000)
  to   space 49664K, 0% used [0x00000007aea00000,0x00000007aea00000,0x00000007b1a80000)
 ParOldGen       total 175104K, used 80934K [0x00000006c7800000, 0x00000006d2300000, 0x0000000797d00000)
  object space 175104K, 46% used [0x00000006c7800000,0x00000006cc7098b8,0x00000006d2300000)
 PSPermGen       total 54784K, used 54629K [0x00000006c2600000, 0x00000006c5b80000, 0x00000006c7800000)
  object space 54784K, 99% used [0x00000006c2600000,0x00000006c5b59598,0x00000006c5b80000)
GC Heap History (10 events):
Event: 7.552 GC heap before
{Heap before GC invocations=6 (full 0):
 PSYoungGen      total 76800K, used 76788K [0x0000000797d00000, 0x00000007a3d00000, 0x0000000800000000)
  eden space 66048K, 100% used [0x0000000797d00000,0x000000079bd80000,0x000000079bd80000)
  from space 10752K, 99% used [0x000000079bd80000,0x000000079c7fd1e0,0x000000079c800000)
  to   space 32256K, 0% used [0x00000007a1d80000,0x00000007a1d80000,0x00000007a3d00000)
 ParOldGen       total 175104K, used 32175K [0x00000006c7800000, 0x00000006d2300000, 0x0000000797d00000)
  object space 175104K, 18% used [0x00000006c7800000,0x00000006c976bfc8,0x00000006d2300000)
 PSPermGen       total 37888K, used 37516K [0x00000006c2600000, 0x00000006c4b00000, 0x00000006c7800000)
  object space 37888K, 99% used [0x00000006c2600000,0x00000006c4aa3000,0x00000006c4b00000)
Event: 7.569 GC heap after
Heap after GC invocations=6 (full 0):
 PSYoungGen      total 163328K, used 22472K [0x0000000797d00000, 0x00000007a3f00000, 0x0000000800000000)
  eden space 131072K, 0% used [0x0000000797d00000,0x0000000797d00000,0x000000079fd00000)
  from space 32256K, 69% used [0x00000007a1d80000,0x00000007a33720e0,0x00000007a3d00000)
  to   space 33280K, 0% used [0x000000079fd00000,0x000000079fd00000,0x00000007a1d80000)
 ParOldGen       total 175104K, used 32175K [0x00000006c7800000, 0x00000006d2300000, 0x0000000797d00000)
  object space 175104K, 18% used [0x00000006c7800000,0x00000006c976bfc8,0x00000006d2300000)
 PSPermGen       total 37888K, used 37516K [0x00000006c2600000, 0x00000006c4b00000, 0x00000006c7800000)
  object space 37888K, 99% used [0x00000006c2600000,0x00000006c4aa3000,0x00000006c4b00000)
}
Event: 14.340 GC heap before
{Heap before GC invocations=7 (full 0):
 PSYoungGen      total 163328K, used 153544K [0x0000000797d00000, 0x00000007a3f00000, 0x0000000800000000)
  eden space 131072K, 100% used [0x0000000797d00000,0x000000079fd00000,0x000000079fd00000)
  from space 32256K, 69% used [0x00000007a1d80000,0x00000007a33720e0,0x00000007a3d00000)
  to   space 33280K, 0% used [0x000000079fd00000,0x000000079fd00000,0x00000007a1d80000)
 ParOldGen       total 175104K, used 32175K [0x00000006c7800000, 0x00000006d2300000, 0x0000000797d00000)
  object space 175104K, 18% used [0x00000006c7800000,0x00000006c976bfc8,0x00000006d2300000)
 PSPermGen       total 44544K, used 44514K [0x00000006c2600000, 0x00000006c5180000, 0x00000006c7800000)
  object space 44544K, 99% used [0x00000006c2600000,0x00000006c51788e8,0x00000006c5180000)
Event: 14.357 GC heap after
Heap after GC invocations=7 (full 0):
 PSYoungGen      total 164352K, used 22580K [0x0000000797d00000, 0x00000007abf00000, 0x0000000800000000)
  eden space 131072K, 0% used [0x0000000797d00000,0x0000000797d00000,0x000000079fd00000)
  from space 33280K, 67% used [0x000000079fd00000,0x00000007a130d3a8,0x00000007a1d80000)
  to   space 33792K, 0% used [0x00000007a9e00000,0x00000007a9e00000,0x00000007abf00000)
 ParOldGen       total 175104K, used 37127K [0x00000006c7800000, 0x00000006d2300000, 0x0000000797d00000)
  object space 175104K, 21% used [0x00000006c7800000,0x00000006c9c41fd0,0x00000006d2300000)
 PSPermGen       total 44544K, used 44514K [0x00000006c2600000, 0x00000006c5180000, 0x00000006c7800000)
  object space 44544K, 99% used [0x00000006c2600000,0x00000006c51788e8,0x00000006c5180000)
}
Event: 18.497 GC heap before
{Heap before GC invocations=8 (full 0):
 PSYoungGen      total 164352K, used 153652K [0x0000000797d00000, 0x00000007abf00000, 0x0000000800000000)
  eden space 131072K, 100% used [0x0000000797d00000,0x000000079fd00000,0x000000079fd00000)
  from space 33280K, 67% used [0x000000079fd00000,0x00000007a130d3a8,0x00000007a1d80000)
  to   space 33792K, 0% used [0x00000007a9e00000,0x00000007a9e00000,0x00000007abf00000)
 ParOldGen       total 175104K, used 37127K [0x00000006c7800000, 0x00000006d2300000, 0x0000000797d00000)
  object space 175104K, 21% used [0x00000006c7800000,0x00000006c9c41fd0,0x00000006d2300000)
 PSPermGen       total 47104K, used 46604K [0x00000006c2600000, 0x00000006c5400000, 0x00000006c7800000)
  object space 47104K, 98% used [0x00000006c2600000,0x00000006c5383050,0x00000006c5400000)
Event: 18.517 GC heap after
Heap after GC invocations=8 (full 0):
 PSYoungGen      total 283648K, used 33789K [0x0000000797d00000, 0x00000007ad700000, 0x0000000800000000)
  eden space 249856K, 0% used [0x0000000797d00000,0x0000000797d00000,0x00000007a7100000)
  from space 33792K, 99% used [0x00000007a9e00000,0x00000007abeff408,0x00000007abf00000)
  to   space 46080K, 0% used [0x00000007a7100000,0x00000007a7100000,0x00000007a9e00000)
 ParOldGen       total 175104K, used 52888K [0x00000006c7800000, 0x00000006d2300000, 0x0000000797d00000)
  object space 175104K, 30% used [0x00000006c7800000,0x00000006caba6168,0x00000006d2300000)
 PSPermGen       total 47104K, used 46604K [0x00000006c2600000, 0x00000006c5400000, 0x00000006c7800000)
  object space 47104K, 98% used [0x00000006c2600000,0x00000006c5383050,0x00000006c5400000)
}
Event: 314.998 GC heap before
{Heap before GC invocations=9 (full 0):
 PSYoungGen      total 283648K, used 283645K [0x0000000797d00000, 0x00000007ad700000, 0x0000000800000000)
  eden space 249856K, 100% used [0x0000000797d00000,0x00000007a7100000,0x00000007a7100000)
  from space 33792K, 99% used [0x00000007a9e00000,0x00000007abeff408,0x00000007abf00000)
  to   space 46080K, 0% used [0x00000007a7100000,0x00000007a7100000,0x00000007a9e00000)
 ParOldGen       total 175104K, used 52888K [0x00000006c7800000, 0x00000006d2300000, 0x0000000797d00000)
  object space 175104K, 30% used [0x00000006c7800000,0x00000006caba6168,0x00000006d2300000)
 PSPermGen       total 54272K, used 54241K [0x00000006c2600000, 0x00000006c5b00000, 0x00000006c7800000)
  object space 54272K, 99% used [0x00000006c2600000,0x00000006c5af8448,0x00000006c5b00000)
Event: 315.021 GC heap after
Heap after GC invocations=9 (full 0):
 PSYoungGen      total 295936K, used 42727K [0x0000000797d00000, 0x00000007b6880000, 0x0000000800000000)
  eden space 249856K, 0% used [0x0000000797d00000,0x0000000797d00000,0x00000007a7100000)
  from space 46080K, 92% used [0x00000007a7100000,0x00000007a9ab9f58,0x00000007a9e00000)
  to   space 51712K, 0% used [0x00000007b3600000,0x00000007b3600000,0x00000007b6880000)
 ParOldGen       total 175104K, used 62395K [0x00000006c7800000, 0x00000006d2300000, 0x0000000797d00000)
  object space 175104K, 35% used [0x00000006c7800000,0x00000006cb4eece8,0x00000006d2300000)
 PSPermGen       total 54272K, used 54241K [0x00000006c2600000, 0x00000006c5b00000, 0x00000006c7800000)
  object space 54272K, 99% used [0x00000006c2600000,0x00000006c5af8448,0x00000006c5b00000)
}
Event: 384.101 GC heap before
{Heap before GC invocations=10 (full 0):
 PSYoungGen      total 295936K, used 292583K [0x0000000797d00000, 0x00000007b6880000, 0x0000000800000000)
  eden space 249856K, 100% used [0x0000000797d00000,0x00000007a7100000,0x00000007a7100000)
  from space 46080K, 92% used [0x00000007a7100000,0x00000007a9ab9f58,0x00000007a9e00000)
  to   space 51712K, 0% used [0x00000007b3600000,0x00000007b3600000,0x00000007b6880000)
 ParOldGen       total 175104K, used 62395K [0x00000006c7800000, 0x00000006d2300000, 0x0000000797d00000)
  object space 175104K, 35% used [0x00000006c7800000,0x00000006cb4eece8,0x00000006d2300000)
 PSPermGen       total 54784K, used 54340K [0x00000006c2600000, 0x00000006c5b80000, 0x00000006c7800000)
  object space 54784K, 99% used [0x00000006c2600000,0x00000006c5b11338,0x00000006c5b80000)
Event: 384.117 GC heap after
Heap after GC invocations=10 (full 0):
 PSYoungGen      total 261632K, used 21093K [0x0000000797d00000, 0x00000007b4b00000, 0x0000000800000000)
  eden space 240128K, 0% used [0x0000000797d00000,0x0000000797d00000,0x00000007a6780000)
  from space 21504K, 98% used [0x00000007b3600000,0x00000007b4a99400,0x00000007b4b00000)
  to   space 49664K, 0% used [0x00000007aea00000,0x00000007aea00000,0x00000007b1a80000)
 ParOldGen       total 175104K, used 80934K [0x00000006c7800000, 0x00000006d2300000, 0x0000000797d00000)
  object space 175104K, 46% used [0x00000006c7800000,0x00000006cc7098b8,0x00000006d2300000)
 PSPermGen       total 54784K, used 54340K [0x00000006c2600000, 0x00000006c5b80000, 0x00000006c7800000)
  object space 54784K, 99% used [0x00000006c2600000,0x00000006c5b11338,0x00000006c5b80000)
}

