# JRE version: Java(TM) SE Runtime Environment (7.0_45-b18) (build 1.7.0_45-b18)
# Java VM: Java HotSpot(TM) 64-Bit Server VM (24.45-b08 mixed mode linux-amd64 compressed oops)
Heap
 PSYoungGen      total 76800K, used 44849K [0x0000000759500000, 0x000000075fc00000, 0x0000000800000000)
  eden space 51200K, 85% used [0x0000000759500000,0x000000075bf8f7c0,0x000000075c700000)
  from space 25600K, 4% used [0x000000075e300000,0x000000075e43ce30,0x000000075fc00000)
  to   space 27136K, 0% used [0x000000075c700000,0x000000075c700000,0x000000075e180000)
 ParOldGen       total 175104K, used 48364K [0x000000060c000000, 0x0000000616b00000, 0x0000000759500000)
  object space 175104K, 27% used [0x000000060c000000,0x000000060ef3b320,0x0000000616b00000)
 PSPermGen       total 52224K, used 51727K [0x0000000606e00000, 0x000000060a100000, 0x000000060c000000)
  object space 52224K, 99% used [0x0000000606e00000,0x000000060a083db0,0x000000060a100000)
GC Heap History (10 events):
Event: 49.764 GC heap before
{Heap before GC invocations=12 (full 0):
 PSYoungGen      total 83456K, used 56640K [0x0000000759500000, 0x0000000760300000, 0x0000000800000000)
  eden space 56320K, 100% used [0x0000000759500000,0x000000075cc00000,0x000000075cc00000)
  from space 27136K, 1% used [0x000000075cd00000,0x000000075cd50000,0x000000075e780000)
  to   space 28160K, 0% used [0x000000075e780000,0x000000075e780000,0x0000000760300000)
 ParOldGen       total 175104K, used 44983K [0x000000060c000000, 0x0000000616b00000, 0x0000000759500000)
  object space 175104K, 25% used [0x000000060c000000,0x000000060ebedc50,0x0000000616b00000)
 PSPermGen       total 50688K, used 50378K [0x0000000606e00000, 0x0000000609f80000, 0x000000060c000000)
  object space 50688K, 99% used [0x0000000606e00000,0x0000000609f32a18,0x0000000609f80000)
Event: 49.766 GC heap after
Heap after GC invocations=12 (full 0):
 PSYoungGen      total 83456K, used 288K [0x0000000759500000, 0x0000000760300000, 0x0000000800000000)
  eden space 55296K, 0% used [0x0000000759500000,0x0000000759500000,0x000000075cb00000)
  from space 28160K, 1% used [0x000000075e780000,0x000000075e7c8000,0x0000000760300000)
  to   space 28672K, 0% used [0x000000075cb00000,0x000000075cb00000,0x000000075e700000)
 ParOldGen       total 175104K, used 45047K [0x000000060c000000, 0x0000000616b00000, 0x0000000759500000)
  object space 175104K, 25% used [0x000000060c000000,0x000000060ebfdc50,0x0000000616b00000)
 PSPermGen       total 50688K, used 50378K [0x0000000606e00000, 0x0000000609f80000, 0x000000060c000000)
  object space 50688K, 99% used [0x0000000606e00000,0x0000000609f32a18,0x0000000609f80000)
}
Event: 50.848 GC heap before
{Heap before GC invocations=13 (full 0):
 PSYoungGen      total 83456K, used 55584K [0x0000000759500000, 0x0000000760300000, 0x0000000800000000)
  eden space 55296K, 100% used [0x0000000759500000,0x000000075cb00000,0x000000075cb00000)
  from space 28160K, 1% used [0x000000075e780000,0x000000075e7c8000,0x0000000760300000)
  to   space 28672K, 0% used [0x000000075cb00000,0x000000075cb00000,0x000000075e700000)
 ParOldGen       total 175104K, used 45047K [0x000000060c000000, 0x0000000616b00000, 0x0000000759500000)
  object space 175104K, 25% used [0x000000060c000000,0x000000060ebfdc50,0x0000000616b00000)
 PSPermGen       total 50688K, used 50542K [0x0000000606e00000, 0x0000000609f80000, 0x000000060c000000)
  object space 50688K, 99% used [0x0000000606e00000,0x0000000609f5b8b8,0x0000000609f80000)
Event: 50.851 GC heap after
Heap after GC invocations=13 (full 0):
 PSYoungGen      total 56320K, used 1898K [0x0000000759500000, 0x0000000760200000, 0x0000000800000000)
  eden space 54272K, 0% used [0x0000000759500000,0x0000000759500000,0x000000075ca00000)
  from space 2048K, 92% used [0x000000075cb00000,0x000000075ccda808,0x000000075cd00000)
  to   space 28672K, 0% used [0x000000075e600000,0x000000075e600000,0x0000000760200000)
 ParOldGen       total 175104K, used 45095K [0x000000060c000000, 0x0000000616b00000, 0x0000000759500000)
  object space 175104K, 25% used [0x000000060c000000,0x000000060ec09c50,0x0000000616b00000)
 PSPermGen       total 50688K, used 50542K [0x0000000606e00000, 0x0000000609f80000, 0x000000060c000000)
  object space 50688K, 99% used [0x0000000606e00000,0x0000000609f5b8b8,0x0000000609f80000)
}
Event: 282.076 GC heap before
{Heap before GC invocations=14 (full 0):
 PSYoungGen      total 56320K, used 56170K [0x0000000759500000, 0x0000000760200000, 0x0000000800000000)
  eden space 54272K, 100% used [0x0000000759500000,0x000000075ca00000,0x000000075ca00000)
  from space 2048K, 92% used [0x000000075cb00000,0x000000075ccda808,0x000000075cd00000)
  to   space 28672K, 0% used [0x000000075e600000,0x000000075e600000,0x0000000760200000)
 ParOldGen       total 175104K, used 45095K [0x000000060c000000, 0x0000000616b00000, 0x0000000759500000)
  object space 175104K, 25% used [0x000000060c000000,0x000000060ec09c50,0x0000000616b00000)
 PSPermGen       total 51712K, used 51503K [0x0000000606e00000, 0x000000060a080000, 0x000000060c000000)
  object space 51712K, 99% used [0x0000000606e00000,0x000000060a04be68,0x000000060a080000)
Event: 282.080 GC heap after
Heap after GC invocations=14 (full 0):
 PSYoungGen      total 79872K, used 2517K [0x0000000759500000, 0x0000000760000000, 0x0000000800000000)
  eden space 53248K, 0% used [0x0000000759500000,0x0000000759500000,0x000000075c900000)
  from space 26624K, 9% used [0x000000075e600000,0x000000075e8757d8,0x0000000760000000)
  to   space 28160K, 0% used [0x000000075c900000,0x000000075c900000,0x000000075e480000)
 ParOldGen       total 175104K, used 46112K [0x000000060c000000, 0x0000000616b00000, 0x0000000759500000)
  object space 175104K, 26% used [0x000000060c000000,0x000000060ed08218,0x0000000616b00000)
 PSPermGen       total 51712K, used 51503K [0x0000000606e00000, 0x000000060a080000, 0x000000060c000000)
  object space 51712K, 99% used [0x0000000606e00000,0x000000060a04be68,0x000000060a080000)
}
Event: 328.030 GC heap before
{Heap before GC invocations=15 (full 0):
 PSYoungGen      total 79872K, used 55765K [0x0000000759500000, 0x0000000760000000, 0x0000000800000000)
  eden space 53248K, 100% used [0x0000000759500000,0x000000075c900000,0x000000075c900000)
  from space 26624K, 9% used [0x000000075e600000,0x000000075e8757d8,0x0000000760000000)
  to   space 28160K, 0% used [0x000000075c900000,0x000000075c900000,0x000000075e480000)
 ParOldGen       total 175104K, used 46112K [0x000000060c000000, 0x0000000616b00000, 0x0000000759500000)
  object space 175104K, 26% used [0x000000060c000000,0x000000060ed08218,0x0000000616b00000)
 PSPermGen       total 51712K, used 51567K [0x0000000606e00000, 0x000000060a080000, 0x000000060c000000)
  object space 51712K, 99% used [0x0000000606e00000,0x000000060a05be88,0x000000060a080000)
Event: 328.034 GC heap after
Heap after GC invocations=15 (full 0):
 PSYoungGen      total 54272K, used 1840K [0x0000000759500000, 0x000000075fe00000, 0x0000000800000000)
  eden space 52224K, 0% used [0x0000000759500000,0x0000000759500000,0x000000075c800000)
  from space 2048K, 89% used [0x000000075c900000,0x000000075cacc010,0x000000075cb00000)
  to   space 27648K, 0% used [0x000000075e300000,0x000000075e300000,0x000000075fe00000)
 ParOldGen       total 175104K, used 47750K [0x000000060c000000, 0x0000000616b00000, 0x0000000759500000)
  object space 175104K, 27% used [0x000000060c000000,0x000000060eea1b90,0x0000000616b00000)
 PSPermGen       total 51712K, used 51567K [0x0000000606e00000, 0x000000060a080000, 0x000000060c000000)
  object space 51712K, 99% used [0x0000000606e00000,0x000000060a05be88,0x000000060a080000)
}
Event: 329.691 GC heap before
{Heap before GC invocations=16 (full 0):
 PSYoungGen      total 54272K, used 54064K [0x0000000759500000, 0x000000075fe00000, 0x0000000800000000)
  eden space 52224K, 100% used [0x0000000759500000,0x000000075c800000,0x000000075c800000)
  from space 2048K, 89% used [0x000000075c900000,0x000000075cacc010,0x000000075cb00000)
  to   space 27648K, 0% used [0x000000075e300000,0x000000075e300000,0x000000075fe00000)
 ParOldGen       total 175104K, used 47750K [0x000000060c000000, 0x0000000616b00000, 0x0000000759500000)
  object space 175104K, 27% used [0x000000060c000000,0x000000060eea1b90,0x0000000616b00000)
 PSPermGen       total 51712K, used 51580K [0x0000000606e00000, 0x000000060a080000, 0x000000060c000000)
  object space 51712K, 99% used [0x0000000606e00000,0x000000060a05f198,0x000000060a080000)
Event: 329.694 GC heap after
Heap after GC invocations=16 (full 0):
 PSYoungGen      total 76800K, used 1267K [0x0000000759500000, 0x000000075fc00000, 0x0000000800000000)
  eden space 51200K, 0% used [0x0000000759500000,0x0000000759500000,0x000000075c700000)
  from space 25600K, 4% used [0x000000075e300000,0x000000075e43ce30,0x000000075fc00000)
  to   space 27136K, 0% used [0x000000075c700000,0x000000075c700000,0x000000075e180000)
 ParOldGen       total 175104K, used 48364K [0x000000060c000000, 0x0000000616b00000, 0x0000000759500000)
  object space 175104K, 27% used [0x000000060c000000,0x000000060ef3b320,0x0000000616b00000)
 PSPermGen       total 51712K, used 51580K [0x0000000606e00000, 0x000000060a080000, 0x000000060c000000)
  object space 51712K, 99% used [0x0000000606e00000,0x000000060a05f198,0x000000060a080000)
}

