# JRE version: Java(TM) SE Runtime Environment (7.0_45-b18) (build 1.7.0_45-b18)
# Java VM: Java HotSpot(TM) 64-Bit Server VM (24.45-b08 mixed mode linux-amd64 compressed oops)
Heap
 PSYoungGen      total 198144K, used 149616K [0x0000000797d00000, 0x00000007afc80000, 0x0000000800000000)
  eden space 74240K, 34% used [0x0000000797d00000,0x00000007996231a8,0x000000079c580000)
  from space 123904K, 99% used [0x00000007a5580000,0x00000007ace79108,0x00000007ace80000)
  to   space 147456K, 0% used [0x000000079c580000,0x000000079c580000,0x00000007a5580000)
 ParOldGen       total 1892352K, used 1748641K [0x00000006c7800000, 0x000000073b000000, 0x0000000797d00000)
  object space 1892352K, 92% used [0x00000006c7800000,0x00000007323a8778,0x000000073b000000)
 PSPermGen       total 77824K, used 54311K [0x00000006c2600000, 0x00000006c7200000, 0x00000006c7800000)
  object space 77824K, 69% used [0x00000006c2600000,0x00000006c5b09d68,0x00000006c7200000)
GC Heap History (10 events):
Event: 11267.766 GC heap before
{Heap before GC invocations=859 (full 11):
 PSYoungGen      total 126464K, used 126451K [0x0000000797d00000, 0x00000007a7480000, 0x0000000800000000)
  eden space 99328K, 100% used [0x0000000797d00000,0x000000079de00000,0x000000079de00000)
  from space 27136K, 99% used [0x00000007a1980000,0x00000007a33fcdf8,0x00000007a3400000)
  to   space 60928K, 0% used [0x000000079de00000,0x000000079de00000,0x00000007a1980000)
 ParOldGen       total 2921984K, used 2921514K [0x00000006c7800000, 0x0000000779d80000, 0x0000000797d00000)
  object space 2921984K, 99% used [0x00000006c7800000,0x0000000779d0abd8,0x0000000779d80000)
 PSPermGen       total 81408K, used 54311K [0x00000006c2600000, 0x00000006c7580000, 0x00000006c7800000)
  object space 81408K, 66% used [0x00000006c2600000,0x00000006c5b09ea8,0x00000006c7580000)
Event: 11268.087 GC heap after
Heap after GC invocations=859 (full 11):
 PSYoungGen      total 126464K, used 0K [0x0000000797d00000, 0x00000007a7480000, 0x0000000800000000)
  eden space 99328K, 0% used [0x0000000797d00000,0x0000000797d00000,0x000000079de00000)
  from space 27136K, 0% used [0x00000007a1980000,0x00000007a1980000,0x00000007a3400000)
  to   space 60928K, 0% used [0x000000079de00000,0x000000079de00000,0x00000007a1980000)
 ParOldGen       total 1319424K, used 940800K [0x00000006c7800000, 0x0000000718080000, 0x0000000797d00000)
  object space 1319424K, 71% used [0x00000006c7800000,0x0000000700ec0320,0x0000000718080000)
 PSPermGen       total 77824K, used 54311K [0x00000006c2600000, 0x00000006c7200000, 0x00000006c7800000)
  object space 77824K, 69% used [0x00000006c2600000,0x00000006c5b09d68,0x00000006c7200000)
}
Event: 11268.104 GC heap before
{Heap before GC invocations=860 (full 11):
 PSYoungGen      total 126464K, used 99328K [0x0000000797d00000, 0x00000007a7480000, 0x0000000800000000)
  eden space 99328K, 100% used [0x0000000797d00000,0x000000079de00000,0x000000079de00000)
  from space 27136K, 0% used [0x00000007a1980000,0x00000007a1980000,0x00000007a3400000)
  to   space 60928K, 0% used [0x000000079de00000,0x000000079de00000,0x00000007a1980000)
 ParOldGen       total 1319424K, used 943233K [0x00000006c7800000, 0x0000000718080000, 0x0000000797d00000)
  object space 1319424K, 71% used [0x00000006c7800000,0x00000007011206a8,0x0000000718080000)
 PSPermGen       total 77824K, used 54311K [0x00000006c2600000, 0x00000006c7200000, 0x00000006c7800000)
  object space 77824K, 69% used [0x00000006c2600000,0x00000006c5b09d68,0x00000006c7200000)
Event: 11268.120 GC heap after
Heap after GC invocations=860 (full 11):
 PSYoungGen      total 159232K, used 60917K [0x0000000797d00000, 0x00000007a8700000, 0x0000000800000000)
  eden space 98304K, 0% used [0x0000000797d00000,0x0000000797d00000,0x000000079dd00000)
  from space 60928K, 99% used [0x000000079de00000,0x00000007a197d628,0x00000007a1980000)
  to   space 87040K, 0% used [0x00000007a3200000,0x00000007a3200000,0x00000007a8700000)
 ParOldGen       total 1319424K, used 980352K [0x00000006c7800000, 0x0000000718080000, 0x0000000797d00000)
  object space 1319424K, 74% used [0x00000006c7800000,0x0000000703560320,0x0000000718080000)
 PSPermGen       total 77824K, used 54311K [0x00000006c2600000, 0x00000006c7200000, 0x00000006c7800000)
  object space 77824K, 69% used [0x00000006c2600000,0x00000006c5b09d68,0x00000006c7200000)
}
Event: 11268.187 GC heap before
{Heap before GC invocations=861 (full 11):
 PSYoungGen      total 159232K, used 159184K [0x0000000797d00000, 0x00000007a8700000, 0x0000000800000000)
  eden space 98304K, 99% used [0x0000000797d00000,0x000000079dcf6c18,0x000000079dd00000)
  from space 60928K, 99% used [0x000000079de00000,0x00000007a197d628,0x00000007a1980000)
  to   space 87040K, 0% used [0x00000007a3200000,0x00000007a3200000,0x00000007a8700000)
 ParOldGen       total 1319424K, used 980352K [0x00000006c7800000, 0x0000000718080000, 0x0000000797d00000)
  object space 1319424K, 74% used [0x00000006c7800000,0x0000000703560320,0x0000000718080000)
 PSPermGen       total 77824K, used 54311K [0x00000006c2600000, 0x00000006c7200000, 0x00000006c7800000)
  object space 77824K, 69% used [0x00000006c2600000,0x00000006c5b09d68,0x00000006c7200000)
Event: 11268.209 GC heap after
Heap after GC invocations=861 (full 11):
 PSYoungGen      total 168448K, used 87022K [0x0000000797d00000, 0x00000007aba80000, 0x0000000800000000)
  eden space 81408K, 0% used [0x0000000797d00000,0x0000000797d00000,0x000000079cc80000)
  from space 87040K, 99% used [0x00000007a3200000,0x00000007a86fb8e8,0x00000007a8700000)
  to   space 103936K, 0% used [0x000000079cc80000,0x000000079cc80000,0x00000007a3200000)
 ParOldGen       total 1319424K, used 1051369K [0x00000006c7800000, 0x0000000718080000, 0x0000000797d00000)
  object space 1319424K, 79% used [0x00000006c7800000,0x0000000707aba728,0x0000000718080000)
 PSPermGen       total 77824K, used 54311K [0x00000006c2600000, 0x00000006c7200000, 0x00000006c7800000)
  object space 77824K, 69% used [0x00000006c2600000,0x00000006c5b09d68,0x00000006c7200000)
}
Event: 11268.219 GC heap before
{Heap before GC invocations=862 (full 11):
 PSYoungGen      total 168448K, used 168422K [0x0000000797d00000, 0x00000007aba80000, 0x0000000800000000)
  eden space 81408K, 99% used [0x0000000797d00000,0x000000079cc7e048,0x000000079cc80000)
  from space 87040K, 99% used [0x00000007a3200000,0x00000007a86fb8e8,0x00000007a8700000)
  to   space 103936K, 0% used [0x000000079cc80000,0x000000079cc80000,0x00000007a3200000)
 ParOldGen       total 1319424K, used 1051369K [0x00000006c7800000, 0x0000000718080000, 0x0000000797d00000)
  object space 1319424K, 79% used [0x00000006c7800000,0x0000000707aba728,0x0000000718080000)
 PSPermGen       total 77824K, used 54311K [0x00000006c2600000, 0x00000006c7200000, 0x00000006c7800000)
  object space 77824K, 69% used [0x00000006c2600000,0x00000006c5b09d68,0x00000006c7200000)
Event: 11268.244 GC heap after
Heap after GC invocations=862 (full 11):
 PSYoungGen      total 185344K, used 103905K [0x0000000797d00000, 0x00000007ace80000, 0x0000000800000000)
  eden space 81408K, 0% used [0x0000000797d00000,0x0000000797d00000,0x000000079cc80000)
  from space 103936K, 99% used [0x000000079cc80000,0x00000007a31f8690,0x00000007a3200000)
  to   space 123904K, 0% used [0x00000007a5580000,0x00000007a5580000,0x00000007ace80000)
 ParOldGen       total 1319424K, used 1115435K [0x00000006c7800000, 0x0000000718080000, 0x0000000797d00000)
  object space 1319424K, 84% used [0x00000006c7800000,0x000000070b94aed0,0x0000000718080000)
 PSPermGen       total 77824K, used 54311K [0x00000006c2600000, 0x00000006c7200000, 0x00000006c7800000)
  object space 77824K, 69% used [0x00000006c2600000,0x00000006c5b09d68,0x00000006c7200000)
}
Event: 11268.255 GC heap before
{Heap before GC invocations=863 (full 11):
 PSYoungGen      total 185344K, used 185313K [0x0000000797d00000, 0x00000007ace80000, 0x0000000800000000)
  eden space 81408K, 100% used [0x0000000797d00000,0x000000079cc80000,0x000000079cc80000)
  from space 103936K, 99% used [0x000000079cc80000,0x00000007a31f8690,0x00000007a3200000)
  to   space 123904K, 0% used [0x00000007a5580000,0x00000007a5580000,0x00000007ace80000)
 ParOldGen       total 1319424K, used 1115435K [0x00000006c7800000, 0x0000000718080000, 0x0000000797d00000)
  object space 1319424K, 84% used [0x00000006c7800000,0x000000070b94aed0,0x0000000718080000)
 PSPermGen       total 77824K, used 54311K [0x00000006c2600000, 0x00000006c7200000, 0x00000006c7800000)
  object space 77824K, 69% used [0x00000006c2600000,0x00000006c5b09d68,0x00000006c7200000)
Event: 11268.280 GC heap after
Heap after GC invocations=863 (full 11):
 PSYoungGen      total 198144K, used 123876K [0x0000000797d00000, 0x00000007afc80000, 0x0000000800000000)
  eden space 74240K, 0% used [0x0000000797d00000,0x0000000797d00000,0x000000079c580000)
  from space 123904K, 99% used [0x00000007a5580000,0x00000007ace79108,0x00000007ace80000)
  to   space 147456K, 0% used [0x000000079c580000,0x000000079c580000,0x00000007a5580000)
 ParOldGen       total 1319424K, used 1176450K [0x00000006c7800000, 0x0000000718080000, 0x0000000797d00000)
  object space 1319424K, 89% used [0x00000006c7800000,0x000000070f4e0b70,0x0000000718080000)
 PSPermGen       total 77824K, used 54311K [0x00000006c2600000, 0x00000006c7200000, 0x00000006c7800000)
  object space 77824K, 69% used [0x00000006c2600000,0x00000006c5b09d68,0x00000006c7200000)
}

