# JRE version: Java(TM) SE Runtime Environment (7.0_45-b18) (build 1.7.0_45-b18)
# Java VM: Java HotSpot(TM) 64-Bit Server VM (24.45-b08 mixed mode linux-amd64 compressed oops)
Heap
 PSYoungGen      total 82944K, used 27487K [0x0000000797d00000, 0x000000079d280000, 0x0000000800000000)
  eden space 78336K, 34% used [0x0000000797d00000,0x00000007997afd70,0x000000079c980000)
  from space 4608K, 3% used [0x000000079c980000,0x000000079c9a8000,0x000000079ce00000)
  to   space 4608K, 0% used [0x000000079ce00000,0x000000079ce00000,0x000000079d280000)
 ParOldGen       total 186880K, used 112234K [0x00000006c7800000, 0x00000006d2e80000, 0x0000000797d00000)
  object space 186880K, 60% used [0x00000006c7800000,0x00000006ce59aaf0,0x00000006d2e80000)
 PSPermGen       total 83968K, used 53431K [0x00000006c2600000, 0x00000006c7800000, 0x00000006c7800000)
  object space 83968K, 63% used [0x00000006c2600000,0x00000006c5a2de70,0x00000006c7800000)
GC Heap History (10 events):
Event: 3436.928 GC heap before
{Heap before GC invocations=220 (full 3):
 PSYoungGen      total 82432K, used 77856K [0x0000000797d00000, 0x000000079d280000, 0x0000000800000000)
  eden space 76800K, 100% used [0x0000000797d00000,0x000000079c800000,0x000000079c800000)
  from space 5632K, 18% used [0x000000079cd00000,0x000000079ce08000,0x000000079d280000)
  to   space 5120K, 0% used [0x000000079c800000,0x000000079c800000,0x000000079cd00000)
 ParOldGen       total 186880K, used 111202K [0x00000006c7800000, 0x00000006d2e80000, 0x0000000797d00000)
  object space 186880K, 59% used [0x00000006c7800000,0x00000006ce498af0,0x00000006d2e80000)
 PSPermGen       total 83968K, used 53097K [0x00000006c2600000, 0x00000006c7800000, 0x00000006c7800000)
  object space 83968K, 63% used [0x00000006c2600000,0x00000006c59da630,0x00000006c7800000)
Event: 3436.930 GC heap after
Heap after GC invocations=220 (full 3):
 PSYoungGen      total 81920K, used 1088K [0x0000000797d00000, 0x000000079d280000, 0x0000000800000000)
  eden space 76800K, 0% used [0x0000000797d00000,0x0000000797d00000,0x000000079c800000)
  from space 5120K, 21% used [0x000000079c800000,0x000000079c910000,0x000000079cd00000)
  to   space 5120K, 0% used [0x000000079cd80000,0x000000079cd80000,0x000000079d280000)
 ParOldGen       total 186880K, used 111250K [0x00000006c7800000, 0x00000006d2e80000, 0x0000000797d00000)
  object space 186880K, 59% used [0x00000006c7800000,0x00000006ce4a4af0,0x00000006d2e80000)
 PSPermGen       total 83968K, used 53097K [0x00000006c2600000, 0x00000006c7800000, 0x00000006c7800000)
  object space 83968K, 63% used [0x00000006c2600000,0x00000006c59da630,0x00000006c7800000)
}
Event: 3482.138 GC heap before
{Heap before GC invocations=221 (full 3):
 PSYoungGen      total 81920K, used 77888K [0x0000000797d00000, 0x000000079d280000, 0x0000000800000000)
  eden space 76800K, 100% used [0x0000000797d00000,0x000000079c800000,0x000000079c800000)
  from space 5120K, 21% used [0x000000079c800000,0x000000079c910000,0x000000079cd00000)
  to   space 5120K, 0% used [0x000000079cd80000,0x000000079cd80000,0x000000079d280000)
 ParOldGen       total 186880K, used 111250K [0x00000006c7800000, 0x00000006d2e80000, 0x0000000797d00000)
  object space 186880K, 59% used [0x00000006c7800000,0x00000006ce4a4af0,0x00000006d2e80000)
 PSPermGen       total 83968K, used 53097K [0x00000006c2600000, 0x00000006c7800000, 0x00000006c7800000)
  object space 83968K, 63% used [0x00000006c2600000,0x00000006c59da630,0x00000006c7800000)
Event: 3482.140 GC heap after
Heap after GC invocations=221 (full 3):
 PSYoungGen      total 82432K, used 1024K [0x0000000797d00000, 0x000000079d280000, 0x0000000800000000)
  eden space 77312K, 0% used [0x0000000797d00000,0x0000000797d00000,0x000000079c880000)
  from space 5120K, 20% used [0x000000079cd80000,0x000000079ce80000,0x000000079d280000)
  to   space 5120K, 0% used [0x000000079c880000,0x000000079c880000,0x000000079cd80000)
 ParOldGen       total 186880K, used 111354K [0x00000006c7800000, 0x00000006d2e80000, 0x0000000797d00000)
  object space 186880K, 59% used [0x00000006c7800000,0x00000006ce4beaf0,0x00000006d2e80000)
 PSPermGen       total 83968K, used 53097K [0x00000006c2600000, 0x00000006c7800000, 0x00000006c7800000)
  object space 83968K, 63% used [0x00000006c2600000,0x00000006c59da630,0x00000006c7800000)
}
Event: 3527.719 GC heap before
{Heap before GC invocations=222 (full 3):
 PSYoungGen      total 82432K, used 78336K [0x0000000797d00000, 0x000000079d280000, 0x0000000800000000)
  eden space 77312K, 100% used [0x0000000797d00000,0x000000079c880000,0x000000079c880000)
  from space 5120K, 20% used [0x000000079cd80000,0x000000079ce80000,0x000000079d280000)
  to   space 5120K, 0% used [0x000000079c880000,0x000000079c880000,0x000000079cd80000)
 ParOldGen       total 186880K, used 111354K [0x00000006c7800000, 0x00000006d2e80000, 0x0000000797d00000)
  object space 186880K, 59% used [0x00000006c7800000,0x00000006ce4beaf0,0x00000006d2e80000)
 PSPermGen       total 83968K, used 53097K [0x00000006c2600000, 0x00000006c7800000, 0x00000006c7800000)
  object space 83968K, 63% used [0x00000006c2600000,0x00000006c59da630,0x00000006c7800000)
Event: 3527.722 GC heap after
Heap after GC invocations=222 (full 3):
 PSYoungGen      total 82432K, used 160K [0x0000000797d00000, 0x000000079d280000, 0x0000000800000000)
  eden space 77312K, 0% used [0x0000000797d00000,0x0000000797d00000,0x000000079c880000)
  from space 5120K, 3% used [0x000000079c880000,0x000000079c8a8000,0x000000079cd80000)
  to   space 4608K, 0% used [0x000000079ce00000,0x000000079ce00000,0x000000079d280000)
 ParOldGen       total 186880K, used 112218K [0x00000006c7800000, 0x00000006d2e80000, 0x0000000797d00000)
  object space 186880K, 60% used [0x00000006c7800000,0x00000006ce596af0,0x00000006d2e80000)
 PSPermGen       total 83968K, used 53097K [0x00000006c2600000, 0x00000006c7800000, 0x00000006c7800000)
  object space 83968K, 63% used [0x00000006c2600000,0x00000006c59da630,0x00000006c7800000)
}
Event: 3573.275 GC heap before
{Heap before GC invocations=223 (full 3):
 PSYoungGen      total 82432K, used 77472K [0x0000000797d00000, 0x000000079d280000, 0x0000000800000000)
  eden space 77312K, 100% used [0x0000000797d00000,0x000000079c880000,0x000000079c880000)
  from space 5120K, 3% used [0x000000079c880000,0x000000079c8a8000,0x000000079cd80000)
  to   space 4608K, 0% used [0x000000079ce00000,0x000000079ce00000,0x000000079d280000)
 ParOldGen       total 186880K, used 112218K [0x00000006c7800000, 0x00000006d2e80000, 0x0000000797d00000)
  object space 186880K, 60% used [0x00000006c7800000,0x00000006ce596af0,0x00000006d2e80000)
 PSPermGen       total 83968K, used 53097K [0x00000006c2600000, 0x00000006c7800000, 0x00000006c7800000)
  object space 83968K, 63% used [0x00000006c2600000,0x00000006c59da630,0x00000006c7800000)
Event: 3573.277 GC heap after
Heap after GC invocations=223 (full 3):
 PSYoungGen      total 82944K, used 96K [0x0000000797d00000, 0x000000079d280000, 0x0000000800000000)
  eden space 78336K, 0% used [0x0000000797d00000,0x0000000797d00000,0x000000079c980000)
  from space 4608K, 2% used [0x000000079ce00000,0x000000079ce18000,0x000000079d280000)
  to   space 4608K, 0% used [0x000000079c980000,0x000000079c980000,0x000000079ce00000)
 ParOldGen       total 186880K, used 112234K [0x00000006c7800000, 0x00000006d2e80000, 0x0000000797d00000)
  object space 186880K, 60% used [0x00000006c7800000,0x00000006ce59aaf0,0x00000006d2e80000)
 PSPermGen       total 83968K, used 53097K [0x00000006c2600000, 0x00000006c7800000, 0x00000006c7800000)
  object space 83968K, 63% used [0x00000006c2600000,0x00000006c59da630,0x00000006c7800000)
}
Event: 3618.317 GC heap before
{Heap before GC invocations=224 (full 3):
 PSYoungGen      total 82944K, used 78432K [0x0000000797d00000, 0x000000079d280000, 0x0000000800000000)
  eden space 78336K, 100% used [0x0000000797d00000,0x000000079c980000,0x000000079c980000)
  from space 4608K, 2% used [0x000000079ce00000,0x000000079ce18000,0x000000079d280000)
  to   space 4608K, 0% used [0x000000079c980000,0x000000079c980000,0x000000079ce00000)
 ParOldGen       total 186880K, used 112234K [0x00000006c7800000, 0x00000006d2e80000, 0x0000000797d00000)
  object space 186880K, 60% used [0x00000006c7800000,0x00000006ce59aaf0,0x00000006d2e80000)
 PSPermGen       total 83968K, used 53097K [0x00000006c2600000, 0x00000006c7800000, 0x00000006c7800000)
  object space 83968K, 63% used [0x00000006c2600000,0x00000006c59da630,0x00000006c7800000)
Event: 3618.319 GC heap after
Heap after GC invocations=224 (full 3):
 PSYoungGen      total 82944K, used 160K [0x0000000797d00000, 0x000000079d280000, 0x0000000800000000)
  eden space 78336K, 0% used [0x0000000797d00000,0x0000000797d00000,0x000000079c980000)
  from space 4608K, 3% used [0x000000079c980000,0x000000079c9a8000,0x000000079ce00000)
  to   space 4608K, 0% used [0x000000079ce00000,0x000000079ce00000,0x000000079d280000)
 ParOldGen       total 186880K, used 112234K [0x00000006c7800000, 0x00000006d2e80000, 0x0000000797d00000)
  object space 186880K, 60% used [0x00000006c7800000,0x00000006ce59aaf0,0x00000006d2e80000)
 PSPermGen       total 83968K, used 53097K [0x00000006c2600000, 0x00000006c7800000, 0x00000006c7800000)
  object space 83968K, 63% used [0x00000006c2600000,0x00000006c59da630,0x00000006c7800000)
}

