# JRE version: Java(TM) SE Runtime Environment (7.0_45-b18) (build 1.7.0_45-b18)
# Java VM: Java HotSpot(TM) 64-Bit Server VM (24.45-b08 mixed mode linux-amd64 compressed oops)
Heap
 PSYoungGen      total 55296K, used 12807K [0x0000000759500000, 0x000000075fa80000, 0x0000000800000000)
  eden space 53760K, 21% used [0x0000000759500000,0x000000075a00c198,0x000000075c980000)
  from space 1536K, 97% used [0x000000075ca80000,0x000000075cbf5bc0,0x000000075cc00000)
  to   space 25088K, 0% used [0x000000075e200000,0x000000075e200000,0x000000075fa80000)
 ParOldGen       total 175104K, used 38408K [0x000000060c000000, 0x0000000616b00000, 0x0000000759500000)
  object space 175104K, 21% used [0x000000060c000000,0x000000060e582170,0x0000000616b00000)
 PSPermGen       total 55296K, used 55049K [0x0000000606e00000, 0x000000060a400000, 0x000000060c000000)
  object space 55296K, 99% used [0x0000000606e00000,0x000000060a3c2538,0x000000060a400000)
GC Heap History (10 events):
Event: 325.174 GC heap before
{Heap before GC invocations=9 (full 0):
 PSYoungGen      total 82944K, used 68862K [0x0000000759500000, 0x000000075ff80000, 0x0000000800000000)
  eden space 58880K, 100% used [0x0000000759500000,0x000000075ce80000,0x000000075ce80000)
  from space 24064K, 41% used [0x000000075e800000,0x000000075f1bfa70,0x000000075ff80000)
  to   space 25088K, 0% used [0x000000075ce80000,0x000000075ce80000,0x000000075e700000)
 ParOldGen       total 175104K, used 24264K [0x000000060c000000, 0x0000000616b00000, 0x0000000759500000)
  object space 175104K, 13% used [0x000000060c000000,0x000000060d7b2128,0x0000000616b00000)
 PSPermGen       total 53248K, used 52770K [0x0000000606e00000, 0x000000060a200000, 0x000000060c000000)
  object space 53248K, 99% used [0x0000000606e00000,0x000000060a188bb0,0x000000060a200000)
Event: 325.181 GC heap after
Heap after GC invocations=9 (full 0):
 PSYoungGen      total 67584K, used 9437K [0x0000000759500000, 0x000000075fd80000, 0x0000000800000000)
  eden space 57856K, 0% used [0x0000000759500000,0x0000000759500000,0x000000075cd80000)
  from space 9728K, 97% used [0x000000075ce80000,0x000000075d7b7408,0x000000075d800000)
  to   space 24576K, 0% used [0x000000075e580000,0x000000075e580000,0x000000075fd80000)
 ParOldGen       total 175104K, used 30054K [0x000000060c000000, 0x0000000616b00000, 0x0000000759500000)
  object space 175104K, 17% used [0x000000060c000000,0x000000060dd59be0,0x0000000616b00000)
 PSPermGen       total 53248K, used 52770K [0x0000000606e00000, 0x000000060a200000, 0x000000060c000000)
  object space 53248K, 99% used [0x0000000606e00000,0x000000060a188bb0,0x000000060a200000)
}
Event: 379.808 GC heap before
{Heap before GC invocations=10 (full 0):
 PSYoungGen      total 67584K, used 67293K [0x0000000759500000, 0x000000075fd80000, 0x0000000800000000)
  eden space 57856K, 100% used [0x0000000759500000,0x000000075cd80000,0x000000075cd80000)
  from space 9728K, 97% used [0x000000075ce80000,0x000000075d7b7408,0x000000075d800000)
  to   space 24576K, 0% used [0x000000075e580000,0x000000075e580000,0x000000075fd80000)
 ParOldGen       total 175104K, used 30054K [0x000000060c000000, 0x0000000616b00000, 0x0000000759500000)
  object space 175104K, 17% used [0x000000060c000000,0x000000060dd59be0,0x0000000616b00000)
 PSPermGen       total 54784K, used 54384K [0x0000000606e00000, 0x000000060a380000, 0x000000060c000000)
  object space 54784K, 99% used [0x0000000606e00000,0x000000060a31c060,0x000000060a380000)
Event: 379.815 GC heap after
Heap after GC invocations=10 (full 0):
 PSYoungGen      total 79360K, used 10503K [0x0000000759500000, 0x000000075fb80000, 0x0000000800000000)
  eden space 56832K, 0% used [0x0000000759500000,0x0000000759500000,0x000000075cc80000)
  from space 22528K, 46% used [0x000000075e580000,0x000000075efc1e08,0x000000075fb80000)
  to   space 24064K, 0% used [0x000000075cc80000,0x000000075cc80000,0x000000075e400000)
 ParOldGen       total 175104K, used 31857K [0x000000060c000000, 0x0000000616b00000, 0x0000000759500000)
  object space 175104K, 18% used [0x000000060c000000,0x000000060df1c5c0,0x0000000616b00000)
 PSPermGen       total 54784K, used 54384K [0x0000000606e00000, 0x000000060a380000, 0x000000060c000000)
  object space 54784K, 99% used [0x0000000606e00000,0x000000060a31c060,0x000000060a380000)
}
Event: 420.947 GC heap before
{Heap before GC invocations=11 (full 0):
 PSYoungGen      total 79360K, used 67335K [0x0000000759500000, 0x000000075fb80000, 0x0000000800000000)
  eden space 56832K, 100% used [0x0000000759500000,0x000000075cc80000,0x000000075cc80000)
  from space 22528K, 46% used [0x000000075e580000,0x000000075efc1e08,0x000000075fb80000)
  to   space 24064K, 0% used [0x000000075cc80000,0x000000075cc80000,0x000000075e400000)
 ParOldGen       total 175104K, used 31857K [0x000000060c000000, 0x0000000616b00000, 0x0000000759500000)
  object space 175104K, 18% used [0x000000060c000000,0x000000060df1c5c0,0x0000000616b00000)
 PSPermGen       total 54784K, used 54672K [0x0000000606e00000, 0x000000060a380000, 0x000000060c000000)
  object space 54784K, 99% used [0x0000000606e00000,0x000000060a364248,0x000000060a380000)
Event: 420.953 GC heap after
Heap after GC invocations=11 (full 0):
 PSYoungGen      total 59392K, used 3184K [0x0000000759500000, 0x000000075fb80000, 0x0000000800000000)
  eden space 55808K, 0% used [0x0000000759500000,0x0000000759500000,0x000000075cb80000)
  from space 3584K, 88% used [0x000000075cc80000,0x000000075cf9c020,0x000000075d000000)
  to   space 24576K, 0% used [0x000000075e380000,0x000000075e380000,0x000000075fb80000)
 ParOldGen       total 175104K, used 36946K [0x000000060c000000, 0x0000000616b00000, 0x0000000759500000)
  object space 175104K, 21% used [0x000000060c000000,0x000000060e414900,0x0000000616b00000)
 PSPermGen       total 54784K, used 54672K [0x0000000606e00000, 0x000000060a380000, 0x000000060c000000)
  object space 54784K, 99% used [0x0000000606e00000,0x000000060a364248,0x000000060a380000)
}
Event: 464.907 GC heap before
{Heap before GC invocations=12 (full 0):
 PSYoungGen      total 59392K, used 58992K [0x0000000759500000, 0x000000075fb80000, 0x0000000800000000)
  eden space 55808K, 100% used [0x0000000759500000,0x000000075cb80000,0x000000075cb80000)
  from space 3584K, 88% used [0x000000075cc80000,0x000000075cf9c020,0x000000075d000000)
  to   space 24576K, 0% used [0x000000075e380000,0x000000075e380000,0x000000075fb80000)
 ParOldGen       total 175104K, used 36946K [0x000000060c000000, 0x0000000616b00000, 0x0000000759500000)
  object space 175104K, 21% used [0x000000060c000000,0x000000060e414900,0x0000000616b00000)
 PSPermGen       total 55296K, used 54928K [0x0000000606e00000, 0x000000060a400000, 0x000000060c000000)
  object space 55296K, 99% used [0x0000000606e00000,0x000000060a3a41e0,0x000000060a400000)
Event: 464.911 GC heap after
Heap after GC invocations=12 (full 0):
 PSYoungGen      total 79360K, used 1878K [0x0000000759500000, 0x000000075fb80000, 0x0000000800000000)
  eden space 54784K, 0% used [0x0000000759500000,0x0000000759500000,0x000000075ca80000)
  from space 24576K, 7% used [0x000000075e380000,0x000000075e555bc0,0x000000075fb80000)
  to   space 25088K, 0% used [0x000000075ca80000,0x000000075ca80000,0x000000075e300000)
 ParOldGen       total 175104K, used 37872K [0x000000060c000000, 0x0000000616b00000, 0x0000000759500000)
  object space 175104K, 21% used [0x000000060c000000,0x000000060e4fc170,0x0000000616b00000)
 PSPermGen       total 55296K, used 54928K [0x0000000606e00000, 0x000000060a400000, 0x000000060c000000)
  object space 55296K, 99% used [0x0000000606e00000,0x000000060a3a41e0,0x000000060a400000)
}
Event: 506.711 GC heap before
{Heap before GC invocations=13 (full 0):
 PSYoungGen      total 79360K, used 56662K [0x0000000759500000, 0x000000075fb80000, 0x0000000800000000)
  eden space 54784K, 100% used [0x0000000759500000,0x000000075ca80000,0x000000075ca80000)
  from space 24576K, 7% used [0x000000075e380000,0x000000075e555bc0,0x000000075fb80000)
  to   space 25088K, 0% used [0x000000075ca80000,0x000000075ca80000,0x000000075e300000)
 ParOldGen       total 175104K, used 37872K [0x000000060c000000, 0x0000000616b00000, 0x0000000759500000)
  object space 175104K, 21% used [0x000000060c000000,0x000000060e4fc170,0x0000000616b00000)
 PSPermGen       total 55296K, used 55017K [0x0000000606e00000, 0x000000060a400000, 0x000000060c000000)
  object space 55296K, 99% used [0x0000000606e00000,0x000000060a3ba7b0,0x000000060a400000)
Event: 506.714 GC heap after
Heap after GC invocations=13 (full 0):
 PSYoungGen      total 55296K, used 1494K [0x0000000759500000, 0x000000075fa80000, 0x0000000800000000)
  eden space 53760K, 0% used [0x0000000759500000,0x0000000759500000,0x000000075c980000)
  from space 1536K, 97% used [0x000000075ca80000,0x000000075cbf5bc0,0x000000075cc00000)
  to   space 25088K, 0% used [0x000000075e200000,0x000000075e200000,0x000000075fa80000)
 ParOldGen       total 175104K, used 38408K [0x000000060c000000, 0x0000000616b00000, 0x0000000759500000)
  object space 175104K, 21% used [0x000000060c000000,0x000000060e582170,0x0000000616b00000)
 PSPermGen       total 55296K, used 55017K [0x0000000606e00000, 0x000000060a400000, 0x000000060c000000)
  object space 55296K, 99% used [0x0000000606e00000,0x000000060a3ba7b0,0x000000060a400000)
}

