# JRE version: Java(TM) SE Runtime Environment (7.0_45-b18) (build 1.7.0_45-b18)
# Java VM: Java HotSpot(TM) 64-Bit Server VM (24.45-b08 mixed mode linux-amd64 compressed oops)
Heap
 PSYoungGen      total 130560K, used 33760K [0x0000000797d00000, 0x00000007a7300000, 0x0000000800000000)
  eden space 121344K, 20% used [0x0000000797d00000,0x0000000799515550,0x000000079f380000)
  from space 9216K, 98% used [0x00000007a6a00000,0x00000007a72e2c28,0x00000007a7300000)
  to   space 41984K, 0% used [0x00000007a2100000,0x00000007a2100000,0x00000007a4a00000)
 ParOldGen       total 175104K, used 69851K [0x00000006c7800000, 0x00000006d2300000, 0x0000000797d00000)
  object space 175104K, 39% used [0x00000006c7800000,0x00000006cbc36d30,0x00000006d2300000)
 PSPermGen       total 49664K, used 49361K [0x00000006c2600000, 0x00000006c5680000, 0x00000006c7800000)
  object space 49664K, 99% used [0x00000006c2600000,0x00000006c5634798,0x00000006c5680000)
GC Heap History (10 events):
Event: 9.859 GC heap before
{Heap before GC invocations=6 (full 0):
 PSYoungGen      total 75264K, used 75243K [0x0000000797d00000, 0x00000007a0200000, 0x0000000800000000)
  eden space 64512K, 100% used [0x0000000797d00000,0x000000079bc00000,0x000000079bc00000)
  from space 10752K, 99% used [0x000000079bd80000,0x000000079c7fac58,0x000000079c800000)
  to   space 35840K, 0% used [0x000000079df00000,0x000000079df00000,0x00000007a0200000)
 ParOldGen       total 175104K, used 38192K [0x00000006c7800000, 0x00000006d2300000, 0x0000000797d00000)
  object space 175104K, 21% used [0x00000006c7800000,0x00000006c9d4c2c8,0x00000006d2300000)
 PSPermGen       total 45568K, used 45490K [0x00000006c2600000, 0x00000006c5280000, 0x00000006c7800000)
  object space 45568K, 99% used [0x00000006c2600000,0x00000006c526c940,0x00000006c5280000)
Event: 9.874 GC heap after
Heap after GC invocations=6 (full 0):
 PSYoungGen      total 101376K, used 20375K [0x0000000797d00000, 0x00000007a3f00000, 0x0000000800000000)
  eden space 65536K, 0% used [0x0000000797d00000,0x0000000797d00000,0x000000079bd00000)
  from space 35840K, 56% used [0x000000079df00000,0x000000079f2e5cb8,0x00000007a0200000)
  to   space 34816K, 0% used [0x000000079bd00000,0x000000079bd00000,0x000000079df00000)
 ParOldGen       total 175104K, used 38192K [0x00000006c7800000, 0x00000006d2300000, 0x0000000797d00000)
  object space 175104K, 21% used [0x00000006c7800000,0x00000006c9d4c2c8,0x00000006d2300000)
 PSPermGen       total 45568K, used 45490K [0x00000006c2600000, 0x00000006c5280000, 0x00000006c7800000)
  object space 45568K, 99% used [0x00000006c2600000,0x00000006c526c940,0x00000006c5280000)
}
Event: 10.527 GC heap before
{Heap before GC invocations=7 (full 0):
 PSYoungGen      total 101376K, used 85911K [0x0000000797d00000, 0x00000007a3f00000, 0x0000000800000000)
  eden space 65536K, 100% used [0x0000000797d00000,0x000000079bd00000,0x000000079bd00000)
  from space 35840K, 56% used [0x000000079df00000,0x000000079f2e5cb8,0x00000007a0200000)
  to   space 34816K, 0% used [0x000000079bd00000,0x000000079bd00000,0x000000079df00000)
 ParOldGen       total 175104K, used 38192K [0x00000006c7800000, 0x00000006d2300000, 0x0000000797d00000)
  object space 175104K, 21% used [0x00000006c7800000,0x00000006c9d4c2c8,0x00000006d2300000)
 PSPermGen       total 47616K, used 47333K [0x00000006c2600000, 0x00000006c5480000, 0x00000006c7800000)
  object space 47616K, 99% used [0x00000006c2600000,0x00000006c54397c8,0x00000006c5480000)
Event: 10.546 GC heap after
Heap after GC invocations=7 (full 0):
 PSYoungGen      total 100352K, used 28745K [0x0000000797d00000, 0x00000007a4700000, 0x0000000800000000)
  eden space 65536K, 0% used [0x0000000797d00000,0x0000000797d00000,0x000000079bd00000)
  from space 34816K, 82% used [0x000000079bd00000,0x000000079d912578,0x000000079df00000)
  to   space 37888K, 0% used [0x00000007a2200000,0x00000007a2200000,0x00000007a4700000)
 ParOldGen       total 175104K, used 42058K [0x00000006c7800000, 0x00000006d2300000, 0x0000000797d00000)
  object space 175104K, 24% used [0x00000006c7800000,0x00000006ca112b08,0x00000006d2300000)
 PSPermGen       total 47616K, used 47333K [0x00000006c2600000, 0x00000006c5480000, 0x00000006c7800000)
  object space 47616K, 99% used [0x00000006c2600000,0x00000006c54397c8,0x00000006c5480000)
}
Event: 13.038 GC heap before
{Heap before GC invocations=8 (full 0):
 PSYoungGen      total 100352K, used 93676K [0x0000000797d00000, 0x00000007a4700000, 0x0000000800000000)
  eden space 65536K, 99% used [0x0000000797d00000,0x000000079bc68e28,0x000000079bd00000)
  from space 34816K, 82% used [0x000000079bd00000,0x000000079d912578,0x000000079df00000)
  to   space 37888K, 0% used [0x00000007a2200000,0x00000007a2200000,0x00000007a4700000)
 ParOldGen       total 175104K, used 42058K [0x00000006c7800000, 0x00000006d2300000, 0x0000000797d00000)
  object space 175104K, 24% used [0x00000006c7800000,0x00000006ca112b08,0x00000006d2300000)
 PSPermGen       total 48128K, used 47895K [0x00000006c2600000, 0x00000006c5500000, 0x00000006c7800000)
  object space 48128K, 99% used [0x00000006c2600000,0x00000006c54c5ce0,0x00000006c5500000)
Event: 13.056 GC heap after
Heap after GC invocations=8 (full 0):
 PSYoungGen      total 162816K, used 37415K [0x0000000797d00000, 0x00000007a5300000, 0x0000000800000000)
  eden space 124928K, 0% used [0x0000000797d00000,0x0000000797d00000,0x000000079f700000)
  from space 37888K, 98% used [0x00000007a2200000,0x00000007a4689c78,0x00000007a4700000)
  to   space 44032K, 0% used [0x000000079f700000,0x000000079f700000,0x00000007a2200000)
 ParOldGen       total 175104K, used 47370K [0x00000006c7800000, 0x00000006d2300000, 0x0000000797d00000)
  object space 175104K, 27% used [0x00000006c7800000,0x00000006ca6428e0,0x00000006d2300000)
 PSPermGen       total 48128K, used 47895K [0x00000006c2600000, 0x00000006c5500000, 0x00000006c7800000)
  object space 48128K, 99% used [0x00000006c2600000,0x00000006c54c5ce0,0x00000006c5500000)
}
Event: 19.725 GC heap before
{Heap before GC invocations=9 (full 0):
 PSYoungGen      total 162816K, used 162300K [0x0000000797d00000, 0x00000007a5300000, 0x0000000800000000)
  eden space 124928K, 99% used [0x0000000797d00000,0x000000079f6f5508,0x000000079f700000)
  from space 37888K, 98% used [0x00000007a2200000,0x00000007a4689c78,0x00000007a4700000)
  to   space 44032K, 0% used [0x000000079f700000,0x000000079f700000,0x00000007a2200000)
 ParOldGen       total 175104K, used 47370K [0x00000006c7800000, 0x00000006d2300000, 0x0000000797d00000)
  object space 175104K, 27% used [0x00000006c7800000,0x00000006ca6428e0,0x00000006d2300000)
 PSPermGen       total 49152K, used 48881K [0x00000006c2600000, 0x00000006c5600000, 0x00000006c7800000)
  object space 49152K, 99% used [0x00000006c2600000,0x00000006c55bc698,0x00000006c5600000)
Event: 19.740 GC heap after
Heap after GC invocations=9 (full 0):
 PSYoungGen      total 168960K, used 16798K [0x0000000797d00000, 0x00000007a9380000, 0x0000000800000000)
  eden space 124928K, 0% used [0x0000000797d00000,0x0000000797d00000,0x000000079f700000)
  from space 44032K, 38% used [0x000000079f700000,0x00000007a0767ad8,0x00000007a2200000)
  to   space 42496K, 0% used [0x00000007a6a00000,0x00000007a6a00000,0x00000007a9380000)
 ParOldGen       total 175104K, used 57899K [0x00000006c7800000, 0x00000006d2300000, 0x0000000797d00000)
  object space 175104K, 33% used [0x00000006c7800000,0x00000006cb08acf0,0x00000006d2300000)
 PSPermGen       total 49152K, used 48881K [0x00000006c2600000, 0x00000006c5600000, 0x00000006c7800000)
  object space 49152K, 99% used [0x00000006c2600000,0x00000006c55bc698,0x00000006c5600000)
}
Event: 44.257 GC heap before
{Heap before GC invocations=10 (full 0):
 PSYoungGen      total 168960K, used 141726K [0x0000000797d00000, 0x00000007a9380000, 0x0000000800000000)
  eden space 124928K, 100% used [0x0000000797d00000,0x000000079f700000,0x000000079f700000)
  from space 44032K, 38% used [0x000000079f700000,0x00000007a0767ad8,0x00000007a2200000)
  to   space 42496K, 0% used [0x00000007a6a00000,0x00000007a6a00000,0x00000007a9380000)
 ParOldGen       total 175104K, used 57899K [0x00000006c7800000, 0x00000006d2300000, 0x0000000797d00000)
  object space 175104K, 33% used [0x00000006c7800000,0x00000006cb08acf0,0x00000006d2300000)
 PSPermGen       total 49152K, used 49007K [0x00000006c2600000, 0x00000006c5600000, 0x00000006c7800000)
  object space 49152K, 99% used [0x00000006c2600000,0x00000006c55dbf30,0x00000006c5600000)
Event: 44.266 GC heap after
Heap after GC invocations=10 (full 0):
 PSYoungGen      total 130560K, used 9099K [0x0000000797d00000, 0x00000007a7300000, 0x0000000800000000)
  eden space 121344K, 0% used [0x0000000797d00000,0x0000000797d00000,0x000000079f380000)
  from space 9216K, 98% used [0x00000007a6a00000,0x00000007a72e2c28,0x00000007a7300000)
  to   space 41984K, 0% used [0x00000007a2100000,0x00000007a2100000,0x00000007a4a00000)
 ParOldGen       total 175104K, used 69851K [0x00000006c7800000, 0x00000006d2300000, 0x0000000797d00000)
  object space 175104K, 39% used [0x00000006c7800000,0x00000006cbc36d30,0x00000006d2300000)
 PSPermGen       total 49152K, used 49007K [0x00000006c2600000, 0x00000006c5600000, 0x00000006c7800000)
  object space 49152K, 99% used [0x00000006c2600000,0x00000006c55dbf30,0x00000006c5600000)
}

