# JRE version: Java(TM) SE Runtime Environment (7.0_45-b18) (build 1.7.0_45-b18)
# Java VM: Java HotSpot(TM) 64-Bit Server VM (24.45-b08 mixed mode linux-amd64 compressed oops)
Heap
 PSYoungGen      total 66048K, used 47089K [0x0000000797d00000, 0x000000079e800000, 0x0000000800000000)
  eden space 57344K, 67% used [0x0000000797d00000,0x000000079a2d3188,0x000000079b500000)
  from space 8704K, 96% used [0x000000079b600000,0x000000079be29638,0x000000079be80000)
  to   space 26112K, 0% used [0x000000079ce80000,0x000000079ce80000,0x000000079e800000)
 ParOldGen       total 175104K, used 32151K [0x00000006c7800000, 0x00000006d2300000, 0x0000000797d00000)
  object space 175104K, 18% used [0x00000006c7800000,0x00000006c9765f28,0x00000006d2300000)
 PSPermGen       total 54784K, used 54715K [0x00000006c2600000, 0x00000006c5b80000, 0x00000006c7800000)
  object space 54784K, 99% used [0x00000006c2600000,0x00000006c5b6ef18,0x00000006c5b80000)
GC Heap History (10 events):
Event: 20.170 GC heap before
{Heap before GC invocations=5 (full 0):
 PSYoungGen      total 76800K, used 76116K [0x0000000797d00000, 0x000000079d280000, 0x0000000800000000)
  eden space 66048K, 98% used [0x0000000797d00000,0x000000079bcda850,0x000000079bd80000)
  from space 10752K, 99% used [0x000000079c800000,0x000000079d27a820,0x000000079d280000)
  to   space 10752K, 0% used [0x000000079bd80000,0x000000079bd80000,0x000000079c800000)
 ParOldGen       total 175104K, used 12536K [0x00000006c7800000, 0x00000006d2300000, 0x0000000797d00000)
  object space 175104K, 7% used [0x00000006c7800000,0x00000006c843e230,0x00000006d2300000)
 PSPermGen       total 44032K, used 43835K [0x00000006c2600000, 0x00000006c5100000, 0x00000006c7800000)
  object space 44032K, 99% used [0x00000006c2600000,0x00000006c50cefa0,0x00000006c5100000)
Event: 20.178 GC heap after
Heap after GC invocations=5 (full 0):
 PSYoungGen      total 75264K, used 10722K [0x0000000797d00000, 0x000000079e700000, 0x0000000800000000)
  eden space 64512K, 0% used [0x0000000797d00000,0x0000000797d00000,0x000000079bc00000)
  from space 10752K, 99% used [0x000000079bd80000,0x000000079c7f89c8,0x000000079c800000)
  to   space 22016K, 0% used [0x000000079d180000,0x000000079d180000,0x000000079e700000)
 ParOldGen       total 175104K, used 16637K [0x00000006c7800000, 0x00000006d2300000, 0x0000000797d00000)
  object space 175104K, 9% used [0x00000006c7800000,0x00000006c883f4f8,0x00000006d2300000)
 PSPermGen       total 44032K, used 43835K [0x00000006c2600000, 0x00000006c5100000, 0x00000006c7800000)
  object space 44032K, 99% used [0x00000006c2600000,0x00000006c50cefa0,0x00000006c5100000)
}
Event: 29.553 GC heap before
{Heap before GC invocations=6 (full 0):
 PSYoungGen      total 75264K, used 75234K [0x0000000797d00000, 0x000000079e700000, 0x0000000800000000)
  eden space 64512K, 100% used [0x0000000797d00000,0x000000079bc00000,0x000000079bc00000)
  from space 10752K, 99% used [0x000000079bd80000,0x000000079c7f89c8,0x000000079c800000)
  to   space 22016K, 0% used [0x000000079d180000,0x000000079d180000,0x000000079e700000)
 ParOldGen       total 175104K, used 16637K [0x00000006c7800000, 0x00000006d2300000, 0x0000000797d00000)
  object space 175104K, 9% used [0x00000006c7800000,0x00000006c883f4f8,0x00000006d2300000)
 PSPermGen       total 47104K, used 46928K [0x00000006c2600000, 0x00000006c5400000, 0x00000006c7800000)
  object space 47104K, 99% used [0x00000006c2600000,0x00000006c53d4188,0x00000006c5400000)
Event: 29.563 GC heap after
Heap after GC invocations=6 (full 0):
 PSYoungGen      total 82432K, used 22009K [0x0000000797d00000, 0x000000079ed80000, 0x0000000800000000)
  eden space 60416K, 0% used [0x0000000797d00000,0x0000000797d00000,0x000000079b800000)
  from space 22016K, 99% used [0x000000079d180000,0x000000079e6fe750,0x000000079e700000)
  to   space 26112K, 0% used [0x000000079b800000,0x000000079b800000,0x000000079d180000)
 ParOldGen       total 175104K, used 17077K [0x00000006c7800000, 0x00000006d2300000, 0x0000000797d00000)
  object space 175104K, 9% used [0x00000006c7800000,0x00000006c88ad4f8,0x00000006d2300000)
 PSPermGen       total 47104K, used 46928K [0x00000006c2600000, 0x00000006c5400000, 0x00000006c7800000)
  object space 47104K, 99% used [0x00000006c2600000,0x00000006c53d4188,0x00000006c5400000)
}
Event: 115.056 GC heap before
{Heap before GC invocations=7 (full 0):
 PSYoungGen      total 82432K, used 82425K [0x0000000797d00000, 0x000000079ed80000, 0x0000000800000000)
  eden space 60416K, 100% used [0x0000000797d00000,0x000000079b800000,0x000000079b800000)
  from space 22016K, 99% used [0x000000079d180000,0x000000079e6fe750,0x000000079e700000)
  to   space 26112K, 0% used [0x000000079b800000,0x000000079b800000,0x000000079d180000)
 ParOldGen       total 175104K, used 17077K [0x00000006c7800000, 0x00000006d2300000, 0x0000000797d00000)
  object space 175104K, 9% used [0x00000006c7800000,0x00000006c88ad4f8,0x00000006d2300000)
 PSPermGen       total 49152K, used 48759K [0x00000006c2600000, 0x00000006c5600000, 0x00000006c7800000)
  object space 49152K, 99% used [0x00000006c2600000,0x00000006c559dfb0,0x00000006c5600000)
Event: 115.070 GC heap after
Heap after GC invocations=7 (full 0):
 PSYoungGen      total 85504K, used 19899K [0x0000000797d00000, 0x000000079ec00000, 0x0000000800000000)
  eden space 59392K, 0% used [0x0000000797d00000,0x0000000797d00000,0x000000079b700000)
  from space 26112K, 76% used [0x000000079b800000,0x000000079cb6ee90,0x000000079d180000)
  to   space 27136K, 0% used [0x000000079d180000,0x000000079d180000,0x000000079ec00000)
 ParOldGen       total 175104K, used 21186K [0x00000006c7800000, 0x00000006d2300000, 0x0000000797d00000)
  object space 175104K, 12% used [0x00000006c7800000,0x00000006c8cb0938,0x00000006d2300000)
 PSPermGen       total 49152K, used 48759K [0x00000006c2600000, 0x00000006c5600000, 0x00000006c7800000)
  object space 49152K, 99% used [0x00000006c2600000,0x00000006c559dfb0,0x00000006c5600000)
}
Event: 137.448 GC heap before
{Heap before GC invocations=8 (full 0):
 PSYoungGen      total 85504K, used 79291K [0x0000000797d00000, 0x000000079ec00000, 0x0000000800000000)
  eden space 59392K, 100% used [0x0000000797d00000,0x000000079b700000,0x000000079b700000)
  from space 26112K, 76% used [0x000000079b800000,0x000000079cb6ee90,0x000000079d180000)
  to   space 27136K, 0% used [0x000000079d180000,0x000000079d180000,0x000000079ec00000)
 ParOldGen       total 175104K, used 21186K [0x00000006c7800000, 0x00000006d2300000, 0x0000000797d00000)
  object space 175104K, 12% used [0x00000006c7800000,0x00000006c8cb0938,0x00000006d2300000)
 PSPermGen       total 54784K, used 54369K [0x00000006c2600000, 0x00000006c5b80000, 0x00000006c7800000)
  object space 54784K, 99% used [0x00000006c2600000,0x00000006c5b18438,0x00000006c5b80000)
Event: 137.457 GC heap after
Heap after GC invocations=8 (full 0):
 PSYoungGen      total 82432K, used 14887K [0x0000000797d00000, 0x000000079e900000, 0x0000000800000000)
  eden space 58368K, 0% used [0x0000000797d00000,0x0000000797d00000,0x000000079b600000)
  from space 24064K, 61% used [0x000000079d180000,0x000000079e009e80,0x000000079e900000)
  to   space 26112K, 0% used [0x000000079b600000,0x000000079b600000,0x000000079cf80000)
 ParOldGen       total 175104K, used 26256K [0x00000006c7800000, 0x00000006d2300000, 0x0000000797d00000)
  object space 175104K, 14% used [0x00000006c7800000,0x00000006c91a4060,0x00000006d2300000)
 PSPermGen       total 54784K, used 54369K [0x00000006c2600000, 0x00000006c5b80000, 0x00000006c7800000)
  object space 54784K, 99% used [0x00000006c2600000,0x00000006c5b18438,0x00000006c5b80000)
}
Event: 171.637 GC heap before
{Heap before GC invocations=9 (full 0):
 PSYoungGen      total 82432K, used 73255K [0x0000000797d00000, 0x000000079e900000, 0x0000000800000000)
  eden space 58368K, 100% used [0x0000000797d00000,0x000000079b600000,0x000000079b600000)
  from space 24064K, 61% used [0x000000079d180000,0x000000079e009e80,0x000000079e900000)
  to   space 26112K, 0% used [0x000000079b600000,0x000000079b600000,0x000000079cf80000)
 ParOldGen       total 175104K, used 26256K [0x00000006c7800000, 0x00000006d2300000, 0x0000000797d00000)
  object space 175104K, 14% used [0x00000006c7800000,0x00000006c91a4060,0x00000006d2300000)
 PSPermGen       total 54784K, used 54615K [0x00000006c2600000, 0x00000006c5b80000, 0x00000006c7800000)
  object space 54784K, 99% used [0x00000006c2600000,0x00000006c5b55d90,0x00000006c5b80000)
Event: 171.644 GC heap after
Heap after GC invocations=9 (full 0):
 PSYoungGen      total 66048K, used 8357K [0x0000000797d00000, 0x000000079e800000, 0x0000000800000000)
  eden space 57344K, 0% used [0x0000000797d00000,0x0000000797d00000,0x000000079b500000)
  from space 8704K, 96% used [0x000000079b600000,0x000000079be29638,0x000000079be80000)
  to   space 26112K, 0% used [0x000000079ce80000,0x000000079ce80000,0x000000079e800000)
 ParOldGen       total 175104K, used 32151K [0x00000006c7800000, 0x00000006d2300000, 0x0000000797d00000)
  object space 175104K, 18% used [0x00000006c7800000,0x00000006c9765f28,0x00000006d2300000)
 PSPermGen       total 54784K, used 54615K [0x00000006c2600000, 0x00000006c5b80000, 0x00000006c7800000)
  object space 54784K, 99% used [0x00000006c2600000,0x00000006c5b55d90,0x00000006c5b80000)
}

