# JRE version: Java(TM) SE Runtime Environment (7.0_45-b18) (build 1.7.0_45-b18)
# Java VM: Java HotSpot(TM) 64-Bit Server VM (24.45-b08 mixed mode linux-amd64 compressed oops)
Heap
 PSYoungGen      total 408064K, used 153392K [0x0000000797d00000, 0x00000007bba00000, 0x0000000800000000)
  eden space 231936K, 38% used [0x0000000797d00000,0x000000079d4be348,0x00000007a5f80000)
  from space 176128K, 36% used [0x00000007a5f80000,0x00000007a9d8de88,0x00000007b0b80000)
  to   space 167424K, 0% used [0x00000007b1680000,0x00000007b1680000,0x00000007bba00000)
 ParOldGen       total 2357248K, used 1883836K [0x00000006c7800000, 0x0000000757600000, 0x0000000797d00000)
  object space 2357248K, 79% used [0x00000006c7800000,0x000000073a7af018,0x0000000757600000)
 PSPermGen       total 68096K, used 57064K [0x00000006c2600000, 0x00000006c6880000, 0x00000006c7800000)
  object space 68096K, 83% used [0x00000006c2600000,0x00000006c5dba050,0x00000006c6880000)
GC Heap History (10 events):
Event: 361.073 GC heap before
{Heap before GC invocations=27 (full 8):
 PSYoungGen      total 381440K, used 182272K [0x0000000797d00000, 0x00000007bca00000, 0x0000000800000000)
  eden space 182272K, 100% used [0x0000000797d00000,0x00000007a2f00000,0x00000007a2f00000)
  from space 199168K, 0% used [0x00000007af780000,0x00000007af780000,0x00000007bba00000)
  to   space 205312K, 0% used [0x00000007a2f00000,0x00000007a2f00000,0x00000007af780000)
 ParOldGen       total 2357248K, used 1883812K [0x00000006c7800000, 0x0000000757600000, 0x0000000797d00000)
  object space 2357248K, 79% used [0x00000006c7800000,0x000000073a7a9018,0x0000000757600000)
 PSPermGen       total 68096K, used 41418K [0x00000006c2600000, 0x00000006c6880000, 0x00000006c7800000)
  object space 68096K, 60% used [0x00000006c2600000,0x00000006c4e72980,0x00000006c6880000)
Event: 361.084 GC heap after
Heap after GC invocations=27 (full 8):
 PSYoungGen      total 387584K, used 25720K [0x0000000797d00000, 0x00000007bdc00000, 0x0000000800000000)
  eden space 182272K, 0% used [0x0000000797d00000,0x0000000797d00000,0x00000007a2f00000)
  from space 205312K, 12% used [0x00000007a2f00000,0x00000007a481e2c8,0x00000007af780000)
  to   space 203264K, 0% used [0x00000007b1580000,0x00000007b1580000,0x00000007bdc00000)
 ParOldGen       total 2357248K, used 1883812K [0x00000006c7800000, 0x0000000757600000, 0x0000000797d00000)
  object space 2357248K, 79% used [0x00000006c7800000,0x000000073a7a9018,0x0000000757600000)
 PSPermGen       total 68096K, used 41418K [0x00000006c2600000, 0x00000006c6880000, 0x00000006c7800000)
  object space 68096K, 60% used [0x00000006c2600000,0x00000006c4e72980,0x00000006c6880000)
}
Event: 413.039 GC heap before
{Heap before GC invocations=28 (full 8):
 PSYoungGen      total 387584K, used 207992K [0x0000000797d00000, 0x00000007bdc00000, 0x0000000800000000)
  eden space 182272K, 100% used [0x0000000797d00000,0x00000007a2f00000,0x00000007a2f00000)
  from space 205312K, 12% used [0x00000007a2f00000,0x00000007a481e2c8,0x00000007af780000)
  to   space 203264K, 0% used [0x00000007b1580000,0x00000007b1580000,0x00000007bdc00000)
 ParOldGen       total 2357248K, used 1883812K [0x00000006c7800000, 0x0000000757600000, 0x0000000797d00000)
  object space 2357248K, 79% used [0x00000006c7800000,0x000000073a7a9018,0x0000000757600000)
 PSPermGen       total 68096K, used 44707K [0x00000006c2600000, 0x00000006c6880000, 0x00000006c7800000)
  object space 68096K, 65% used [0x00000006c2600000,0x00000006c51a8e10,0x00000006c6880000)
Event: 413.055 GC heap after
Heap after GC invocations=28 (full 8):
 PSYoungGen      total 393728K, used 45448K [0x0000000797d00000, 0x00000007bc900000, 0x0000000800000000)
  eden space 209920K, 0% used [0x0000000797d00000,0x0000000797d00000,0x00000007a4a00000)
  from space 183808K, 24% used [0x00000007b1580000,0x00000007b41e2018,0x00000007bc900000)
  to   space 196096K, 0% used [0x00000007a4a00000,0x00000007a4a00000,0x00000007b0980000)
 ParOldGen       total 2357248K, used 1883820K [0x00000006c7800000, 0x0000000757600000, 0x0000000797d00000)
  object space 2357248K, 79% used [0x00000006c7800000,0x000000073a7ab018,0x0000000757600000)
 PSPermGen       total 68096K, used 44707K [0x00000006c2600000, 0x00000006c6880000, 0x00000006c7800000)
  object space 68096K, 65% used [0x00000006c2600000,0x00000006c51a8e10,0x00000006c6880000)
}
Event: 421.623 GC heap before
{Heap before GC invocations=29 (full 8):
 PSYoungGen      total 393728K, used 255368K [0x0000000797d00000, 0x00000007bc900000, 0x0000000800000000)
  eden space 209920K, 100% used [0x0000000797d00000,0x00000007a4a00000,0x00000007a4a00000)
  from space 183808K, 24% used [0x00000007b1580000,0x00000007b41e2018,0x00000007bc900000)
  to   space 196096K, 0% used [0x00000007a4a00000,0x00000007a4a00000,0x00000007b0980000)
 ParOldGen       total 2357248K, used 1883820K [0x00000006c7800000, 0x0000000757600000, 0x0000000797d00000)
  object space 2357248K, 79% used [0x00000006c7800000,0x000000073a7ab018,0x0000000757600000)
 PSPermGen       total 68096K, used 54075K [0x00000006c2600000, 0x00000006c6880000, 0x00000006c7800000)
  object space 68096K, 79% used [0x00000006c2600000,0x00000006c5acef88,0x00000006c6880000)
Event: 421.651 GC heap after
Heap after GC invocations=29 (full 8):
 PSYoungGen      total 406016K, used 67350K [0x0000000797d00000, 0x00000007bce00000, 0x0000000800000000)
  eden space 209920K, 0% used [0x0000000797d00000,0x0000000797d00000,0x00000007a4a00000)
  from space 196096K, 34% used [0x00000007a4a00000,0x00000007a8bc5be0,0x00000007b0980000)
  to   space 185344K, 0% used [0x00000007b1900000,0x00000007b1900000,0x00000007bce00000)
 ParOldGen       total 2357248K, used 1883828K [0x00000006c7800000, 0x0000000757600000, 0x0000000797d00000)
  object space 2357248K, 79% used [0x00000006c7800000,0x000000073a7ad018,0x0000000757600000)
 PSPermGen       total 68096K, used 54075K [0x00000006c2600000, 0x00000006c6880000, 0x00000006c7800000)
  object space 68096K, 79% used [0x00000006c2600000,0x00000006c5acef88,0x00000006c6880000)
}
Event: 427.251 GC heap before
{Heap before GC invocations=30 (full 8):
 PSYoungGen      total 406016K, used 277270K [0x0000000797d00000, 0x00000007bce00000, 0x0000000800000000)
  eden space 209920K, 100% used [0x0000000797d00000,0x00000007a4a00000,0x00000007a4a00000)
  from space 196096K, 34% used [0x00000007a4a00000,0x00000007a8bc5be0,0x00000007b0980000)
  to   space 185344K, 0% used [0x00000007b1900000,0x00000007b1900000,0x00000007bce00000)
 ParOldGen       total 2357248K, used 1883828K [0x00000006c7800000, 0x0000000757600000, 0x0000000797d00000)
  object space 2357248K, 79% used [0x00000006c7800000,0x000000073a7ad018,0x0000000757600000)
 PSPermGen       total 68096K, used 54267K [0x00000006c2600000, 0x00000006c6880000, 0x00000006c7800000)
  object space 68096K, 79% used [0x00000006c2600000,0x00000006c5afecd0,0x00000006c6880000)
Event: 427.273 GC heap after
Heap after GC invocations=30 (full 8):
 PSYoungGen      total 394240K, used 63175K [0x0000000797d00000, 0x00000007bb780000, 0x0000000800000000)
  eden space 231936K, 0% used [0x0000000797d00000,0x0000000797d00000,0x00000007a5f80000)
  from space 162304K, 38% used [0x00000007b1900000,0x00000007b56b1e10,0x00000007bb780000)
  to   space 176128K, 0% used [0x00000007a5f80000,0x00000007a5f80000,0x00000007b0b80000)
 ParOldGen       total 2357248K, used 1883828K [0x00000006c7800000, 0x0000000757600000, 0x0000000797d00000)
  object space 2357248K, 79% used [0x00000006c7800000,0x000000073a7ad018,0x0000000757600000)
 PSPermGen       total 68096K, used 54267K [0x00000006c2600000, 0x00000006c6880000, 0x00000006c7800000)
  object space 68096K, 79% used [0x00000006c2600000,0x00000006c5afecd0,0x00000006c6880000)
}
Event: 482.481 GC heap before
{Heap before GC invocations=31 (full 8):
 PSYoungGen      total 394240K, used 295111K [0x0000000797d00000, 0x00000007bb780000, 0x0000000800000000)
  eden space 231936K, 100% used [0x0000000797d00000,0x00000007a5f80000,0x00000007a5f80000)
  from space 162304K, 38% used [0x00000007b1900000,0x00000007b56b1e10,0x00000007bb780000)
  to   space 176128K, 0% used [0x00000007a5f80000,0x00000007a5f80000,0x00000007b0b80000)
 ParOldGen       total 2357248K, used 1883828K [0x00000006c7800000, 0x0000000757600000, 0x0000000797d00000)
  object space 2357248K, 79% used [0x00000006c7800000,0x000000073a7ad018,0x0000000757600000)
 PSPermGen       total 68096K, used 55469K [0x00000006c2600000, 0x00000006c6880000, 0x00000006c7800000)
  object space 68096K, 81% used [0x00000006c2600000,0x00000006c5c2b530,0x00000006c6880000)
Event: 482.505 GC heap after
Heap after GC invocations=31 (full 8):
 PSYoungGen      total 408064K, used 63543K [0x0000000797d00000, 0x00000007bba00000, 0x0000000800000000)
  eden space 231936K, 0% used [0x0000000797d00000,0x0000000797d00000,0x00000007a5f80000)
  from space 176128K, 36% used [0x00000007a5f80000,0x00000007a9d8de88,0x00000007b0b80000)
  to   space 167424K, 0% used [0x00000007b1680000,0x00000007b1680000,0x00000007bba00000)
 ParOldGen       total 2357248K, used 1883836K [0x00000006c7800000, 0x0000000757600000, 0x0000000797d00000)
  object space 2357248K, 79% used [0x00000006c7800000,0x000000073a7af018,0x0000000757600000)
 PSPermGen       total 68096K, used 55469K [0x00000006c2600000, 0x00000006c6880000, 0x00000006c7800000)
  object space 68096K, 81% used [0x00000006c2600000,0x00000006c5c2b530,0x00000006c6880000)
}

