# JRE version: Java(TM) SE Runtime Environment (7.0_45-b18) (build 1.7.0_45-b18)
# Java VM: Java HotSpot(TM) 64-Bit Server VM (24.45-b08 mixed mode linux-amd64 compressed oops)
Heap
 PSYoungGen      total 79360K, used 37704K [0x00000000eb280000, 0x00000000f1880000, 0x0000000100000000)
  eden space 56320K, 60% used [0x00000000eb280000,0x00000000ed3d3448,0x00000000ee980000)
  from space 23040K, 15% used [0x00000000f0200000,0x00000000f057ef18,0x00000000f1880000)
  to   space 24064K, 0% used [0x00000000ee980000,0x00000000ee980000,0x00000000f0100000)
 ParOldGen       total 175104K, used 36754K [0x00000000c1800000, 0x00000000cc300000, 0x00000000eb280000)
  object space 175104K, 20% used [0x00000000c1800000,0x00000000c3be4a50,0x00000000cc300000)
 PSPermGen       total 53248K, used 52871K [0x00000000bc600000, 0x00000000bfa00000, 0x00000000c1800000)
  object space 53248K, 99% used [0x00000000bc600000,0x00000000bf9a1cf0,0x00000000bfa00000)
GC Heap History (10 events):
Event: 21.878 GC heap before
{Heap before GC invocations=8 (full 0):
 PSYoungGen      total 75264K, used 74940K [0x00000000eb280000, 0x00000000f1980000, 0x0000000100000000)
  eden space 61440K, 100% used [0x00000000eb280000,0x00000000eee80000,0x00000000eee80000)
  from space 13824K, 97% used [0x00000000ef000000,0x00000000efd2f1c8,0x00000000efd80000)
  to   space 22016K, 0% used [0x00000000f0400000,0x00000000f0400000,0x00000000f1980000)
 ParOldGen       total 175104K, used 25023K [0x00000000c1800000, 0x00000000cc300000, 0x00000000eb280000)
  object space 175104K, 14% used [0x00000000c1800000,0x00000000c306fe40,0x00000000cc300000)
 PSPermGen       total 52736K, used 52237K [0x00000000bc600000, 0x00000000bf980000, 0x00000000c1800000)
  object space 52736K, 99% used [0x00000000bc600000,0x00000000bf903408,0x00000000bf980000)
Event: 21.884 GC heap after
Heap after GC invocations=8 (full 0):
 PSYoungGen      total 81408K, used 8376K [0x00000000eb280000, 0x00000000f1880000, 0x0000000100000000)
  eden space 60416K, 0% used [0x00000000eb280000,0x00000000eb280000,0x00000000eed80000)
  from space 20992K, 39% used [0x00000000f0400000,0x00000000f0c2e350,0x00000000f1880000)
  to   space 22016K, 0% used [0x00000000eed80000,0x00000000eed80000,0x00000000f0300000)
 ParOldGen       total 175104K, used 29321K [0x00000000c1800000, 0x00000000cc300000, 0x00000000eb280000)
  object space 175104K, 16% used [0x00000000c1800000,0x00000000c34a25d0,0x00000000cc300000)
 PSPermGen       total 52736K, used 52237K [0x00000000bc600000, 0x00000000bf980000, 0x00000000c1800000)
  object space 52736K, 99% used [0x00000000bc600000,0x00000000bf903408,0x00000000bf980000)
}
Event: 22.233 GC heap before
{Heap before GC invocations=9 (full 0):
 PSYoungGen      total 81408K, used 68792K [0x00000000eb280000, 0x00000000f1880000, 0x0000000100000000)
  eden space 60416K, 100% used [0x00000000eb280000,0x00000000eed80000,0x00000000eed80000)
  from space 20992K, 39% used [0x00000000f0400000,0x00000000f0c2e350,0x00000000f1880000)
  to   space 22016K, 0% used [0x00000000eed80000,0x00000000eed80000,0x00000000f0300000)
 ParOldGen       total 175104K, used 29321K [0x00000000c1800000, 0x00000000cc300000, 0x00000000eb280000)
  object space 175104K, 16% used [0x00000000c1800000,0x00000000c34a25d0,0x00000000cc300000)
 PSPermGen       total 52736K, used 52254K [0x00000000bc600000, 0x00000000bf980000, 0x00000000c1800000)
  object space 52736K, 99% used [0x00000000bc600000,0x00000000bf907840,0x00000000bf980000)
Event: 22.237 GC heap after
Heap after GC invocations=9 (full 0):
 PSYoungGen      total 81408K, used 3010K [0x00000000eb280000, 0x00000000f1980000, 0x0000000100000000)
  eden space 59392K, 0% used [0x00000000eb280000,0x00000000eb280000,0x00000000eec80000)
  from space 22016K, 13% used [0x00000000eed80000,0x00000000ef070bd8,0x00000000f0300000)
  to   space 23040K, 0% used [0x00000000f0300000,0x00000000f0300000,0x00000000f1980000)
 ParOldGen       total 175104K, used 34335K [0x00000000c1800000, 0x00000000cc300000, 0x00000000eb280000)
  object space 175104K, 19% used [0x00000000c1800000,0x00000000c3987f50,0x00000000cc300000)
 PSPermGen       total 52736K, used 52254K [0x00000000bc600000, 0x00000000bf980000, 0x00000000c1800000)
  object space 52736K, 99% used [0x00000000bc600000,0x00000000bf907840,0x00000000bf980000)
}
Event: 22.586 GC heap before
{Heap before GC invocations=10 (full 0):
 PSYoungGen      total 81408K, used 62402K [0x00000000eb280000, 0x00000000f1980000, 0x0000000100000000)
  eden space 59392K, 100% used [0x00000000eb280000,0x00000000eec80000,0x00000000eec80000)
  from space 22016K, 13% used [0x00000000eed80000,0x00000000ef070bd8,0x00000000f0300000)
  to   space 23040K, 0% used [0x00000000f0300000,0x00000000f0300000,0x00000000f1980000)
 ParOldGen       total 175104K, used 34335K [0x00000000c1800000, 0x00000000cc300000, 0x00000000eb280000)
  object space 175104K, 19% used [0x00000000c1800000,0x00000000c3987f50,0x00000000cc300000)
 PSPermGen       total 52736K, used 52255K [0x00000000bc600000, 0x00000000bf980000, 0x00000000c1800000)
  object space 52736K, 99% used [0x00000000bc600000,0x00000000bf907cd8,0x00000000bf980000)
Event: 22.588 GC heap after
Heap after GC invocations=10 (full 0):
 PSYoungGen      total 81408K, used 1351K [0x00000000eb280000, 0x00000000f1a80000, 0x0000000100000000)
  eden space 58368K, 0% used [0x00000000eb280000,0x00000000eb280000,0x00000000eeb80000)
  from space 23040K, 5% used [0x00000000f0300000,0x00000000f0451c68,0x00000000f1980000)
  to   space 24064K, 0% used [0x00000000eeb80000,0x00000000eeb80000,0x00000000f0300000)
 ParOldGen       total 175104K, used 35539K [0x00000000c1800000, 0x00000000cc300000, 0x00000000eb280000)
  object space 175104K, 20% used [0x00000000c1800000,0x00000000c3ab4e58,0x00000000cc300000)
 PSPermGen       total 52736K, used 52255K [0x00000000bc600000, 0x00000000bf980000, 0x00000000c1800000)
  object space 52736K, 99% used [0x00000000bc600000,0x00000000bf907cd8,0x00000000bf980000)
}
Event: 22.914 GC heap before
{Heap before GC invocations=11 (full 0):
 PSYoungGen      total 81408K, used 59719K [0x00000000eb280000, 0x00000000f1a80000, 0x0000000100000000)
  eden space 58368K, 100% used [0x00000000eb280000,0x00000000eeb80000,0x00000000eeb80000)
  from space 23040K, 5% used [0x00000000f0300000,0x00000000f0451c68,0x00000000f1980000)
  to   space 24064K, 0% used [0x00000000eeb80000,0x00000000eeb80000,0x00000000f0300000)
 ParOldGen       total 175104K, used 35539K [0x00000000c1800000, 0x00000000cc300000, 0x00000000eb280000)
  object space 175104K, 20% used [0x00000000c1800000,0x00000000c3ab4e58,0x00000000cc300000)
 PSPermGen       total 52736K, used 52259K [0x00000000bc600000, 0x00000000bf980000, 0x00000000c1800000)
  object space 52736K, 99% used [0x00000000bc600000,0x00000000bf908e38,0x00000000bf980000)
Event: 22.916 GC heap after
Heap after GC invocations=11 (full 0):
 PSYoungGen      total 59392K, used 1574K [0x00000000eb280000, 0x00000000f1980000, 0x0000000100000000)
  eden space 57344K, 0% used [0x00000000eb280000,0x00000000eb280000,0x00000000eea80000)
  from space 2048K, 76% used [0x00000000eeb80000,0x00000000eed09920,0x00000000eed80000)
  to   space 24064K, 0% used [0x00000000f0200000,0x00000000f0200000,0x00000000f1980000)
 ParOldGen       total 175104K, used 35838K [0x00000000c1800000, 0x00000000cc300000, 0x00000000eb280000)
  object space 175104K, 20% used [0x00000000c1800000,0x00000000c3affab8,0x00000000cc300000)
 PSPermGen       total 52736K, used 52259K [0x00000000bc600000, 0x00000000bf980000, 0x00000000c1800000)
  object space 52736K, 99% used [0x00000000bc600000,0x00000000bf908e38,0x00000000bf980000)
}
Event: 26.952 GC heap before
{Heap before GC invocations=12 (full 0):
 PSYoungGen      total 59392K, used 58632K [0x00000000eb280000, 0x00000000f1980000, 0x0000000100000000)
  eden space 57344K, 99% used [0x00000000eb280000,0x00000000eea38828,0x00000000eea80000)
  from space 2048K, 76% used [0x00000000eeb80000,0x00000000eed09920,0x00000000eed80000)
  to   space 24064K, 0% used [0x00000000f0200000,0x00000000f0200000,0x00000000f1980000)
 ParOldGen       total 175104K, used 35838K [0x00000000c1800000, 0x00000000cc300000, 0x00000000eb280000)
  object space 175104K, 20% used [0x00000000c1800000,0x00000000c3affab8,0x00000000cc300000)
 PSPermGen       total 52736K, used 52272K [0x00000000bc600000, 0x00000000bf980000, 0x00000000c1800000)
  object space 52736K, 99% used [0x00000000bc600000,0x00000000bf90c260,0x00000000bf980000)
Event: 26.955 GC heap after
Heap after GC invocations=12 (full 0):
 PSYoungGen      total 79360K, used 3579K [0x00000000eb280000, 0x00000000f1880000, 0x0000000100000000)
  eden space 56320K, 0% used [0x00000000eb280000,0x00000000eb280000,0x00000000ee980000)
  from space 23040K, 15% used [0x00000000f0200000,0x00000000f057ef18,0x00000000f1880000)
  to   space 24064K, 0% used [0x00000000ee980000,0x00000000ee980000,0x00000000f0100000)
 ParOldGen       total 175104K, used 36754K [0x00000000c1800000, 0x00000000cc300000, 0x00000000eb280000)
  object space 175104K, 20% used [0x00000000c1800000,0x00000000c3be4a50,0x00000000cc300000)
 PSPermGen       total 52736K, used 52272K [0x00000000bc600000, 0x00000000bf980000, 0x00000000c1800000)
  object space 52736K, 99% used [0x00000000bc600000,0x00000000bf90c260,0x00000000bf980000)
}

