# JRE version: Java(TM) SE Runtime Environment (7.0_45-b18) (build 1.7.0_45-b18)
# Java VM: Java HotSpot(TM) 64-Bit Server VM (24.45-b08 mixed mode linux-amd64 compressed oops)
Heap
 PSYoungGen      total 190464K, used 177314K [0x0000000797d00000, 0x00000007ae880000, 0x0000000800000000)
  eden space 182784K, 92% used [0x0000000797d00000,0x00000007a22d7c90,0x00000007a2f80000)
  from space 7680K, 97% used [0x00000007a9000000,0x00000007a9750f20,0x00000007a9780000)
  to   space 52224K, 0% used [0x00000007ab580000,0x00000007ab580000,0x00000007ae880000)
 ParOldGen       total 175104K, used 113881K [0x00000006c7800000, 0x00000006d2300000, 0x0000000797d00000)
  object space 175104K, 65% used [0x00000006c7800000,0x00000006ce7364c8,0x00000006d2300000)
 PSPermGen       total 54784K, used 54456K [0x00000006c2600000, 0x00000006c5b80000, 0x00000006c7800000)
  object space 54784K, 99% used [0x00000006c2600000,0x00000006c5b2e388,0x00000006c5b80000)
GC Heap History (10 events):
Event: 21.551 GC heap before
{Heap before GC invocations=9 (full 0):
 PSYoungGen      total 178176K, used 151538K [0x0000000797d00000, 0x00000007a6600000, 0x0000000800000000)
  eden space 122880K, 100% used [0x0000000797d00000,0x000000079f500000,0x000000079f500000)
  from space 55296K, 51% used [0x00000007a3000000,0x00000007a4bfcb40,0x00000007a6600000)
  to   space 57856K, 0% used [0x000000079f500000,0x000000079f500000,0x00000007a2d80000)
 ParOldGen       total 175104K, used 81308K [0x00000006c7800000, 0x00000006d2300000, 0x0000000797d00000)
  object space 175104K, 46% used [0x00000006c7800000,0x00000006cc767098,0x00000006d2300000)
 PSPermGen       total 40960K, used 40874K [0x00000006c2600000, 0x00000006c4e00000, 0x00000006c7800000)
  object space 40960K, 99% used [0x00000006c2600000,0x00000006c4dea950,0x00000006c4e00000)
Event: 21.557 GC heap after
Heap after GC invocations=9 (full 0):
 PSYoungGen      total 180736K, used 5348K [0x0000000797d00000, 0x00000007aae00000, 0x0000000800000000)
  eden space 122880K, 0% used [0x0000000797d00000,0x0000000797d00000,0x000000079f500000)
  from space 57856K, 9% used [0x000000079f500000,0x000000079fa39350,0x00000007a2d80000)
  to   space 57856K, 0% used [0x00000007a7580000,0x00000007a7580000,0x00000007aae00000)
 ParOldGen       total 175104K, used 90962K [0x00000006c7800000, 0x00000006d2300000, 0x0000000797d00000)
  object space 175104K, 51% used [0x00000006c7800000,0x00000006cd0d4b90,0x00000006d2300000)
 PSPermGen       total 40960K, used 40874K [0x00000006c2600000, 0x00000006c4e00000, 0x00000006c7800000)
  object space 40960K, 99% used [0x00000006c2600000,0x00000006c4dea950,0x00000006c4e00000)
}
Event: 22.719 GC heap before
{Heap before GC invocations=10 (full 0):
 PSYoungGen      total 180736K, used 128228K [0x0000000797d00000, 0x00000007aae00000, 0x0000000800000000)
  eden space 122880K, 100% used [0x0000000797d00000,0x000000079f500000,0x000000079f500000)
  from space 57856K, 9% used [0x000000079f500000,0x000000079fa39350,0x00000007a2d80000)
  to   space 57856K, 0% used [0x00000007a7580000,0x00000007a7580000,0x00000007aae00000)
 ParOldGen       total 175104K, used 90962K [0x00000006c7800000, 0x00000006d2300000, 0x0000000797d00000)
  object space 175104K, 51% used [0x00000006c7800000,0x00000006cd0d4b90,0x00000006d2300000)
 PSPermGen       total 40960K, used 40882K [0x00000006c2600000, 0x00000006c4e00000, 0x00000006c7800000)
  object space 40960K, 99% used [0x00000006c2600000,0x00000006c4decbf0,0x00000006c4e00000)
Event: 22.722 GC heap after
Heap after GC invocations=10 (full 0):
 PSYoungGen      total 254464K, used 2120K [0x0000000797d00000, 0x00000007aae00000, 0x0000000800000000)
  eden space 196608K, 0% used [0x0000000797d00000,0x0000000797d00000,0x00000007a3d00000)
  from space 57856K, 3% used [0x00000007a7580000,0x00000007a77920d0,0x00000007aae00000)
  to   space 57856K, 0% used [0x00000007a3d00000,0x00000007a3d00000,0x00000007a7580000)
 ParOldGen       total 175104K, used 94865K [0x00000006c7800000, 0x00000006d2300000, 0x0000000797d00000)
  object space 175104K, 54% used [0x00000006c7800000,0x00000006cd4a4708,0x00000006d2300000)
 PSPermGen       total 40960K, used 40882K [0x00000006c2600000, 0x00000006c4e00000, 0x00000006c7800000)
  object space 40960K, 99% used [0x00000006c2600000,0x00000006c4decbf0,0x00000006c4e00000)
}
Event: 24.589 GC heap before
{Heap before GC invocations=11 (full 0):
 PSYoungGen      total 254464K, used 198728K [0x0000000797d00000, 0x00000007aae00000, 0x0000000800000000)
  eden space 196608K, 100% used [0x0000000797d00000,0x00000007a3d00000,0x00000007a3d00000)
  from space 57856K, 3% used [0x00000007a7580000,0x00000007a77920d0,0x00000007aae00000)
  to   space 57856K, 0% used [0x00000007a3d00000,0x00000007a3d00000,0x00000007a7580000)
 ParOldGen       total 175104K, used 94865K [0x00000006c7800000, 0x00000006d2300000, 0x0000000797d00000)
  object space 175104K, 54% used [0x00000006c7800000,0x00000006cd4a4708,0x00000006d2300000)
 PSPermGen       total 40960K, used 40883K [0x00000006c2600000, 0x00000006c4e00000, 0x00000006c7800000)
  object space 40960K, 99% used [0x00000006c2600000,0x00000006c4dece60,0x00000006c4e00000)
Event: 24.591 GC heap after
Heap after GC invocations=11 (full 0):
 PSYoungGen      total 254464K, used 4926K [0x0000000797d00000, 0x00000007b1f80000, 0x0000000800000000)
  eden space 196608K, 0% used [0x0000000797d00000,0x0000000797d00000,0x00000007a3d00000)
  from space 57856K, 8% used [0x00000007a3d00000,0x00000007a41cf850,0x00000007a7580000)
  to   space 56832K, 0% used [0x00000007ae800000,0x00000007ae800000,0x00000007b1f80000)
 ParOldGen       total 175104K, used 96253K [0x00000006c7800000, 0x00000006d2300000, 0x0000000797d00000)
  object space 175104K, 54% used [0x00000006c7800000,0x00000006cd5ff5b0,0x00000006d2300000)
 PSPermGen       total 40960K, used 40883K [0x00000006c2600000, 0x00000006c4e00000, 0x00000006c7800000)
  object space 40960K, 99% used [0x00000006c2600000,0x00000006c4dece60,0x00000006c4e00000)
}
Event: 223.243 GC heap before
{Heap before GC invocations=12 (full 0):
 PSYoungGen      total 254464K, used 201534K [0x0000000797d00000, 0x00000007b1f80000, 0x0000000800000000)
  eden space 196608K, 100% used [0x0000000797d00000,0x00000007a3d00000,0x00000007a3d00000)
  from space 57856K, 8% used [0x00000007a3d00000,0x00000007a41cf850,0x00000007a7580000)
  to   space 56832K, 0% used [0x00000007ae800000,0x00000007ae800000,0x00000007b1f80000)
 ParOldGen       total 175104K, used 96253K [0x00000006c7800000, 0x00000006d2300000, 0x0000000797d00000)
  object space 175104K, 54% used [0x00000006c7800000,0x00000006cd5ff5b0,0x00000006d2300000)
 PSPermGen       total 50688K, used 50301K [0x00000006c2600000, 0x00000006c5780000, 0x00000006c7800000)
  object space 50688K, 99% used [0x00000006c2600000,0x00000006c571f6c8,0x00000006c5780000)
Event: 223.251 GC heap after
Heap after GC invocations=12 (full 0):
 PSYoungGen      total 206848K, used 17009K [0x0000000797d00000, 0x00000007af900000, 0x0000000800000000)
  eden space 189440K, 0% used [0x0000000797d00000,0x0000000797d00000,0x00000007a3600000)
  from space 17408K, 97% used [0x00000007ae800000,0x00000007af89c740,0x00000007af900000)
  to   space 53760K, 0% used [0x00000007a9000000,0x00000007a9000000,0x00000007ac480000)
 ParOldGen       total 175104K, used 98532K [0x00000006c7800000, 0x00000006d2300000, 0x0000000797d00000)
  object space 175104K, 56% used [0x00000006c7800000,0x00000006cd839320,0x00000006d2300000)
 PSPermGen       total 50688K, used 50301K [0x00000006c2600000, 0x00000006c5780000, 0x00000006c7800000)
  object space 50688K, 99% used [0x00000006c2600000,0x00000006c571f6c8,0x00000006c5780000)
}
Event: 251.833 GC heap before
{Heap before GC invocations=13 (full 0):
 PSYoungGen      total 206848K, used 206449K [0x0000000797d00000, 0x00000007af900000, 0x0000000800000000)
  eden space 189440K, 100% used [0x0000000797d00000,0x00000007a3600000,0x00000007a3600000)
  from space 17408K, 97% used [0x00000007ae800000,0x00000007af89c740,0x00000007af900000)
  to   space 53760K, 0% used [0x00000007a9000000,0x00000007a9000000,0x00000007ac480000)
 ParOldGen       total 175104K, used 98532K [0x00000006c7800000, 0x00000006d2300000, 0x0000000797d00000)
  object space 175104K, 56% used [0x00000006c7800000,0x00000006cd839320,0x00000006d2300000)
 PSPermGen       total 54272K, used 53917K [0x00000006c2600000, 0x00000006c5b00000, 0x00000006c7800000)
  object space 54272K, 99% used [0x00000006c2600000,0x00000006c5aa77b8,0x00000006c5b00000)
Event: 251.843 GC heap after
Heap after GC invocations=13 (full 0):
 PSYoungGen      total 190464K, used 7491K [0x0000000797d00000, 0x00000007ae880000, 0x0000000800000000)
  eden space 182784K, 0% used [0x0000000797d00000,0x0000000797d00000,0x00000007a2f80000)
  from space 7680K, 97% used [0x00000007a9000000,0x00000007a9750f20,0x00000007a9780000)
  to   space 52224K, 0% used [0x00000007ab580000,0x00000007ab580000,0x00000007ae880000)
 ParOldGen       total 175104K, used 113881K [0x00000006c7800000, 0x00000006d2300000, 0x0000000797d00000)
  object space 175104K, 65% used [0x00000006c7800000,0x00000006ce7364c8,0x00000006d2300000)
 PSPermGen       total 54272K, used 53917K [0x00000006c2600000, 0x00000006c5b00000, 0x00000006c7800000)
  object space 54272K, 99% used [0x00000006c2600000,0x00000006c5aa77b8,0x00000006c5b00000)
}

