# JRE version: Java(TM) SE Runtime Environment (7.0_45-b18) (build 1.7.0_45-b18)
# Java VM: Java HotSpot(TM) 64-Bit Server VM (24.45-b08 mixed mode linux-amd64 compressed oops)
Heap
 PSYoungGen      total 68608K, used 14793K [0x0000000759500000, 0x0000000760400000, 0x0000000800000000)
  eden space 59392K, 10% used [0x0000000759500000,0x0000000759ad5b60,0x000000075cf00000)
  from space 9216K, 95% used [0x000000075d000000,0x000000075d89cb58,0x000000075d900000)
  to   space 27136K, 0% used [0x000000075e980000,0x000000075e980000,0x0000000760400000)
 ParOldGen       total 175104K, used 29884K [0x000000060c000000, 0x0000000616b00000, 0x0000000759500000)
  object space 175104K, 17% used [0x000000060c000000,0x000000060dd2f250,0x0000000616b00000)
 PSPermGen       total 53760K, used 53304K [0x0000000606e00000, 0x000000060a280000, 0x000000060c000000)
  object space 53760K, 99% used [0x0000000606e00000,0x000000060a20e3a8,0x000000060a280000)
GC Heap History (10 events):
Event: 17.623 GC heap before
{Heap before GC invocations=5 (full 0):
 PSYoungGen      total 76800K, used 76788K [0x0000000759500000, 0x000000075ea80000, 0x0000000800000000)
  eden space 66048K, 100% used [0x0000000759500000,0x000000075d580000,0x000000075d580000)
  from space 10752K, 99% used [0x000000075e000000,0x000000075ea7d1d8,0x000000075ea80000)
  to   space 10752K, 0% used [0x000000075d580000,0x000000075d580000,0x000000075e000000)
 ParOldGen       total 175104K, used 11923K [0x000000060c000000, 0x0000000616b00000, 0x0000000759500000)
  object space 175104K, 6% used [0x000000060c000000,0x000000060cba4eb0,0x0000000616b00000)
 PSPermGen       total 40960K, used 40580K [0x0000000606e00000, 0x0000000609600000, 0x000000060c000000)
  object space 40960K, 99% used [0x0000000606e00000,0x00000006095a12b8,0x0000000609600000)
Event: 17.631 GC heap after
Heap after GC invocations=5 (full 0):
 PSYoungGen      total 75264K, used 10729K [0x0000000759500000, 0x0000000760000000, 0x0000000800000000)
  eden space 64512K, 0% used [0x0000000759500000,0x0000000759500000,0x000000075d400000)
  from space 10752K, 99% used [0x000000075d580000,0x000000075dffa498,0x000000075e000000)
  to   space 22528K, 0% used [0x000000075ea00000,0x000000075ea00000,0x0000000760000000)
 ParOldGen       total 175104K, used 16812K [0x000000060c000000, 0x0000000616b00000, 0x0000000759500000)
  object space 175104K, 9% used [0x000000060c000000,0x000000060d06b240,0x0000000616b00000)
 PSPermGen       total 40960K, used 40580K [0x0000000606e00000, 0x0000000609600000, 0x000000060c000000)
  object space 40960K, 99% used [0x0000000606e00000,0x00000006095a12b8,0x0000000609600000)
}
Event: 19.856 GC heap before
{Heap before GC invocations=6 (full 0):
 PSYoungGen      total 75264K, used 75241K [0x0000000759500000, 0x0000000760000000, 0x0000000800000000)
  eden space 64512K, 100% used [0x0000000759500000,0x000000075d400000,0x000000075d400000)
  from space 10752K, 99% used [0x000000075d580000,0x000000075dffa498,0x000000075e000000)
  to   space 22528K, 0% used [0x000000075ea00000,0x000000075ea00000,0x0000000760000000)
 ParOldGen       total 175104K, used 16812K [0x000000060c000000, 0x0000000616b00000, 0x0000000759500000)
  object space 175104K, 9% used [0x000000060c000000,0x000000060d06b240,0x0000000616b00000)
 PSPermGen       total 48128K, used 47662K [0x0000000606e00000, 0x0000000609d00000, 0x000000060c000000)
  object space 48128K, 99% used [0x0000000606e00000,0x0000000609c8b938,0x0000000609d00000)
Event: 19.868 GC heap after
Heap after GC invocations=6 (full 0):
 PSYoungGen      total 85504K, used 18183K [0x0000000759500000, 0x0000000760180000, 0x0000000800000000)
  eden space 62976K, 0% used [0x0000000759500000,0x0000000759500000,0x000000075d280000)
  from space 22528K, 80% used [0x000000075ea00000,0x000000075fbc1d78,0x0000000760000000)
  to   space 24064K, 0% used [0x000000075d280000,0x000000075d280000,0x000000075ea00000)
 ParOldGen       total 175104K, used 16812K [0x000000060c000000, 0x0000000616b00000, 0x0000000759500000)
  object space 175104K, 9% used [0x000000060c000000,0x000000060d06b240,0x0000000616b00000)
 PSPermGen       total 48128K, used 47662K [0x0000000606e00000, 0x0000000609d00000, 0x000000060c000000)
  object space 48128K, 99% used [0x0000000606e00000,0x0000000609c8b938,0x0000000609d00000)
}
Event: 22.127 GC heap before
{Heap before GC invocations=7 (full 0):
 PSYoungGen      total 85504K, used 81159K [0x0000000759500000, 0x0000000760180000, 0x0000000800000000)
  eden space 62976K, 100% used [0x0000000759500000,0x000000075d280000,0x000000075d280000)
  from space 22528K, 80% used [0x000000075ea00000,0x000000075fbc1d78,0x0000000760000000)
  to   space 24064K, 0% used [0x000000075d280000,0x000000075d280000,0x000000075ea00000)
 ParOldGen       total 175104K, used 16812K [0x000000060c000000, 0x0000000616b00000, 0x0000000759500000)
  object space 175104K, 9% used [0x000000060c000000,0x000000060d06b240,0x0000000616b00000)
 PSPermGen       total 52736K, used 52499K [0x0000000606e00000, 0x000000060a180000, 0x000000060c000000)
  object space 52736K, 99% used [0x0000000606e00000,0x000000060a144ea0,0x000000060a180000)
Event: 22.141 GC heap after
Heap after GC invocations=7 (full 0):
 PSYoungGen      total 85504K, used 22027K [0x0000000759500000, 0x0000000760500000, 0x0000000800000000)
  eden space 61440K, 0% used [0x0000000759500000,0x0000000759500000,0x000000075d100000)
  from space 24064K, 91% used [0x000000075d280000,0x000000075e802c20,0x000000075ea00000)
  to   space 26624K, 0% used [0x000000075eb00000,0x000000075eb00000,0x0000000760500000)
 ParOldGen       total 175104K, used 20248K [0x000000060c000000, 0x0000000616b00000, 0x0000000759500000)
  object space 175104K, 11% used [0x000000060c000000,0x000000060d3c60a8,0x0000000616b00000)
 PSPermGen       total 52736K, used 52499K [0x0000000606e00000, 0x000000060a180000, 0x000000060c000000)
  object space 52736K, 99% used [0x0000000606e00000,0x000000060a144ea0,0x000000060a180000)
}
Event: 25.403 GC heap before
{Heap before GC invocations=8 (full 0):
 PSYoungGen      total 85504K, used 83467K [0x0000000759500000, 0x0000000760500000, 0x0000000800000000)
  eden space 61440K, 100% used [0x0000000759500000,0x000000075d100000,0x000000075d100000)
  from space 24064K, 91% used [0x000000075d280000,0x000000075e802c20,0x000000075ea00000)
  to   space 26624K, 0% used [0x000000075eb00000,0x000000075eb00000,0x0000000760500000)
 ParOldGen       total 175104K, used 20248K [0x000000060c000000, 0x0000000616b00000, 0x0000000759500000)
  object space 175104K, 11% used [0x000000060c000000,0x000000060d3c60a8,0x0000000616b00000)
 PSPermGen       total 53248K, used 52997K [0x0000000606e00000, 0x000000060a200000, 0x000000060c000000)
  object space 53248K, 99% used [0x0000000606e00000,0x000000060a1c1650,0x000000060a200000)
Event: 25.414 GC heap after
Heap after GC invocations=8 (full 0):
 PSYoungGen      total 87040K, used 18669K [0x0000000759500000, 0x0000000760500000, 0x0000000800000000)
  eden space 60416K, 0% used [0x0000000759500000,0x0000000759500000,0x000000075d000000)
  from space 26624K, 70% used [0x000000075eb00000,0x000000075fd3b760,0x0000000760500000)
  to   space 27136K, 0% used [0x000000075d000000,0x000000075d000000,0x000000075ea80000)
 ParOldGen       total 175104K, used 25293K [0x000000060c000000, 0x0000000616b00000, 0x0000000759500000)
  object space 175104K, 14% used [0x000000060c000000,0x000000060d8b3470,0x0000000616b00000)
 PSPermGen       total 53248K, used 52997K [0x0000000606e00000, 0x000000060a200000, 0x000000060c000000)
  object space 53248K, 99% used [0x0000000606e00000,0x000000060a1c1650,0x000000060a200000)
}
Event: 43.694 GC heap before
{Heap before GC invocations=9 (full 0):
 PSYoungGen      total 87040K, used 79085K [0x0000000759500000, 0x0000000760500000, 0x0000000800000000)
  eden space 60416K, 100% used [0x0000000759500000,0x000000075d000000,0x000000075d000000)
  from space 26624K, 70% used [0x000000075eb00000,0x000000075fd3b760,0x0000000760500000)
  to   space 27136K, 0% used [0x000000075d000000,0x000000075d000000,0x000000075ea80000)
 ParOldGen       total 175104K, used 25293K [0x000000060c000000, 0x0000000616b00000, 0x0000000759500000)
  object space 175104K, 14% used [0x000000060c000000,0x000000060d8b3470,0x0000000616b00000)
 PSPermGen       total 53760K, used 53277K [0x0000000606e00000, 0x000000060a280000, 0x000000060c000000)
  object space 53760K, 99% used [0x0000000606e00000,0x000000060a207430,0x000000060a280000)
Event: 43.700 GC heap after
Heap after GC invocations=9 (full 0):
 PSYoungGen      total 68608K, used 8818K [0x0000000759500000, 0x0000000760400000, 0x0000000800000000)
  eden space 59392K, 0% used [0x0000000759500000,0x0000000759500000,0x000000075cf00000)
  from space 9216K, 95% used [0x000000075d000000,0x000000075d89cb58,0x000000075d900000)
  to   space 27136K, 0% used [0x000000075e980000,0x000000075e980000,0x0000000760400000)
 ParOldGen       total 175104K, used 29884K [0x000000060c000000, 0x0000000616b00000, 0x0000000759500000)
  object space 175104K, 17% used [0x000000060c000000,0x000000060dd2f250,0x0000000616b00000)
 PSPermGen       total 53760K, used 53277K [0x0000000606e00000, 0x000000060a280000, 0x000000060c000000)
  object space 53760K, 99% used [0x0000000606e00000,0x000000060a207430,0x000000060a280000)
}

