# JRE version: Java(TM) SE Runtime Environment (7.0_45-b18) (build 1.7.0_45-b18)
# Java VM: Java HotSpot(TM) 64-Bit Server VM (24.45-b08 mixed mode linux-amd64 compressed oops)
Heap
 PSYoungGen      total 241152K, used 159198K [0x0000000797d00000, 0x00000007ab380000, 0x0000000800000000)
  eden space 199168K, 58% used [0x0000000797d00000,0x000000079ef78da8,0x00000007a3f80000)
  from space 41984K, 99% used [0x00000007a4700000,0x00000007a6ffeb80,0x00000007a7000000)
  to   space 59392K, 0% used [0x00000007a7980000,0x00000007a7980000,0x00000007ab380000)
 ParOldGen       total 758784K, used 731767K [0x00000006c7800000, 0x00000006f5d00000, 0x0000000797d00000)
  object space 758784K, 96% used [0x00000006c7800000,0x00000006f429df48,0x00000006f5d00000)
 PSPermGen       total 83968K, used 53512K [0x00000006c2600000, 0x00000006c7800000, 0x00000006c7800000)
  object space 83968K, 63% used [0x00000006c2600000,0x00000006c5a42270,0x00000006c7800000)
GC Heap History (10 events):
Event: 715.496 GC heap before
{Heap before GC invocations=35 (full 2):
 PSYoungGen      total 271360K, used 240800K [0x0000000797d00000, 0x00000007abc00000, 0x0000000800000000)
  eden space 240640K, 100% used [0x0000000797d00000,0x00000007a6800000,0x00000007a6800000)
  from space 30720K, 0% used [0x00000007a9e00000,0x00000007a9e28000,0x00000007abc00000)
  to   space 43008K, 0% used [0x00000007a6800000,0x00000007a6800000,0x00000007a9200000)
 ParOldGen       total 758784K, used 709583K [0x00000006c7800000, 0x00000006f5d00000, 0x0000000797d00000)
  object space 758784K, 93% used [0x00000006c7800000,0x00000006f2cf3f48,0x00000006f5d00000)
 PSPermGen       total 83968K, used 53118K [0x00000006c2600000, 0x00000006c7800000, 0x00000006c7800000)
  object space 83968K, 63% used [0x00000006c2600000,0x00000006c59df838,0x00000006c7800000)
Event: 715.499 GC heap after
Heap after GC invocations=35 (full 2):
 PSYoungGen      total 231936K, used 224K [0x0000000797d00000, 0x00000007aaf00000, 0x0000000800000000)
  eden space 231424K, 0% used [0x0000000797d00000,0x0000000797d00000,0x00000007a5f00000)
  from space 512K, 43% used [0x00000007a6800000,0x00000007a6838000,0x00000007a6880000)
  to   space 40960K, 0% used [0x00000007a8700000,0x00000007a8700000,0x00000007aaf00000)
 ParOldGen       total 758784K, used 709583K [0x00000006c7800000, 0x00000006f5d00000, 0x0000000797d00000)
  object space 758784K, 93% used [0x00000006c7800000,0x00000006f2cf3f48,0x00000006f5d00000)
 PSPermGen       total 83968K, used 53118K [0x00000006c2600000, 0x00000006c7800000, 0x00000006c7800000)
  object space 83968K, 63% used [0x00000006c2600000,0x00000006c59df838,0x00000006c7800000)
}
Event: 729.459 GC heap before
{Heap before GC invocations=36 (full 2):
 PSYoungGen      total 231936K, used 231648K [0x0000000797d00000, 0x00000007aaf00000, 0x0000000800000000)
  eden space 231424K, 100% used [0x0000000797d00000,0x00000007a5f00000,0x00000007a5f00000)
  from space 512K, 43% used [0x00000007a6800000,0x00000007a6838000,0x00000007a6880000)
  to   space 40960K, 0% used [0x00000007a8700000,0x00000007a8700000,0x00000007aaf00000)
 ParOldGen       total 758784K, used 709583K [0x00000006c7800000, 0x00000006f5d00000, 0x0000000797d00000)
  object space 758784K, 93% used [0x00000006c7800000,0x00000006f2cf3f48,0x00000006f5d00000)
 PSPermGen       total 83968K, used 53161K [0x00000006c2600000, 0x00000006c7800000, 0x00000006c7800000)
  object space 83968K, 63% used [0x00000006c2600000,0x00000006c59ea5c8,0x00000006c7800000)
Event: 729.462 GC heap after
Heap after GC invocations=36 (full 2):
 PSYoungGen      total 249856K, used 384K [0x0000000797d00000, 0x00000007aa180000, 0x0000000800000000)
  eden space 222720K, 0% used [0x0000000797d00000,0x0000000797d00000,0x00000007a5680000)
  from space 27136K, 1% used [0x00000007a8700000,0x00000007a8760000,0x00000007aa180000)
  to   space 38400K, 0% used [0x00000007a5680000,0x00000007a5680000,0x00000007a7c00000)
 ParOldGen       total 758784K, used 709583K [0x00000006c7800000, 0x00000006f5d00000, 0x0000000797d00000)
  object space 758784K, 93% used [0x00000006c7800000,0x00000006f2cf3f48,0x00000006f5d00000)
 PSPermGen       total 83968K, used 53161K [0x00000006c2600000, 0x00000006c7800000, 0x00000006c7800000)
  object space 83968K, 63% used [0x00000006c2600000,0x00000006c59ea5c8,0x00000006c7800000)
}
Event: 741.986 GC heap before
{Heap before GC invocations=37 (full 2):
 PSYoungGen      total 249856K, used 223104K [0x0000000797d00000, 0x00000007aa180000, 0x0000000800000000)
  eden space 222720K, 100% used [0x0000000797d00000,0x00000007a5680000,0x00000007a5680000)
  from space 27136K, 1% used [0x00000007a8700000,0x00000007a8760000,0x00000007aa180000)
  to   space 38400K, 0% used [0x00000007a5680000,0x00000007a5680000,0x00000007a7c00000)
 ParOldGen       total 758784K, used 709583K [0x00000006c7800000, 0x00000006f5d00000, 0x0000000797d00000)
  object space 758784K, 93% used [0x00000006c7800000,0x00000006f2cf3f48,0x00000006f5d00000)
 PSPermGen       total 83968K, used 53254K [0x00000006c2600000, 0x00000006c7800000, 0x00000006c7800000)
  object space 83968K, 63% used [0x00000006c2600000,0x00000006c5a01bc8,0x00000006c7800000)
Event: 741.989 GC heap after
Heap after GC invocations=37 (full 2):
 PSYoungGen      total 216064K, used 1312K [0x0000000797d00000, 0x00000007a9480000, 0x0000000800000000)
  eden space 214528K, 0% used [0x0000000797d00000,0x0000000797d00000,0x00000007a4e80000)
  from space 1536K, 85% used [0x00000007a5680000,0x00000007a57c8030,0x00000007a5800000)
  to   space 35840K, 0% used [0x00000007a7180000,0x00000007a7180000,0x00000007a9480000)
 ParOldGen       total 758784K, used 709583K [0x00000006c7800000, 0x00000006f5d00000, 0x0000000797d00000)
  object space 758784K, 93% used [0x00000006c7800000,0x00000006f2cf3f48,0x00000006f5d00000)
 PSPermGen       total 83968K, used 53254K [0x00000006c2600000, 0x00000006c7800000, 0x00000006c7800000)
  object space 83968K, 63% used [0x00000006c2600000,0x00000006c5a01bc8,0x00000006c7800000)
}
Event: 750.351 GC heap before
{Heap before GC invocations=38 (full 2):
 PSYoungGen      total 216064K, used 215840K [0x0000000797d00000, 0x00000007a9480000, 0x0000000800000000)
  eden space 214528K, 100% used [0x0000000797d00000,0x00000007a4e80000,0x00000007a4e80000)
  from space 1536K, 85% used [0x00000007a5680000,0x00000007a57c8030,0x00000007a5800000)
  to   space 35840K, 0% used [0x00000007a7180000,0x00000007a7180000,0x00000007a9480000)
 ParOldGen       total 758784K, used 709583K [0x00000006c7800000, 0x00000006f5d00000, 0x0000000797d00000)
  object space 758784K, 93% used [0x00000006c7800000,0x00000006f2cf3f48,0x00000006f5d00000)
 PSPermGen       total 83968K, used 53281K [0x00000006c2600000, 0x00000006c7800000, 0x00000006c7800000)
  object space 83968K, 63% used [0x00000006c2600000,0x00000006c5a08640,0x00000006c7800000)
Event: 750.366 GC heap after
Heap after GC invocations=38 (full 2):
 PSYoungGen      total 242688K, used 30380K [0x0000000797d00000, 0x00000007a9900000, 0x0000000800000000)
  eden space 206848K, 0% used [0x0000000797d00000,0x0000000797d00000,0x00000007a4700000)
  from space 35840K, 84% used [0x00000007a7180000,0x00000007a8f2b050,0x00000007a9480000)
  to   space 41984K, 0% used [0x00000007a4700000,0x00000007a4700000,0x00000007a7000000)
 ParOldGen       total 758784K, used 709583K [0x00000006c7800000, 0x00000006f5d00000, 0x0000000797d00000)
  object space 758784K, 93% used [0x00000006c7800000,0x00000006f2cf3f48,0x00000006f5d00000)
 PSPermGen       total 83968K, used 53281K [0x00000006c2600000, 0x00000006c7800000, 0x00000006c7800000)
  object space 83968K, 63% used [0x00000006c2600000,0x00000006c5a08640,0x00000006c7800000)
}
Event: 760.070 GC heap before
{Heap before GC invocations=39 (full 2):
 PSYoungGen      total 242688K, used 236873K [0x0000000797d00000, 0x00000007a9900000, 0x0000000800000000)
  eden space 206848K, 99% used [0x0000000797d00000,0x00000007a46a7518,0x00000007a4700000)
  from space 35840K, 84% used [0x00000007a7180000,0x00000007a8f2b050,0x00000007a9480000)
  to   space 41984K, 0% used [0x00000007a4700000,0x00000007a4700000,0x00000007a7000000)
 ParOldGen       total 758784K, used 709583K [0x00000006c7800000, 0x00000006f5d00000, 0x0000000797d00000)
  object space 758784K, 93% used [0x00000006c7800000,0x00000006f2cf3f48,0x00000006f5d00000)
 PSPermGen       total 83968K, used 53303K [0x00000006c2600000, 0x00000006c7800000, 0x00000006c7800000)
  object space 83968K, 63% used [0x00000006c2600000,0x00000006c5a0df18,0x00000006c7800000)
Event: 760.099 GC heap after
Heap after GC invocations=39 (full 2):
 PSYoungGen      total 241152K, used 41978K [0x0000000797d00000, 0x00000007ab380000, 0x0000000800000000)
  eden space 199168K, 0% used [0x0000000797d00000,0x0000000797d00000,0x00000007a3f80000)
  from space 41984K, 99% used [0x00000007a4700000,0x00000007a6ffeb80,0x00000007a7000000)
  to   space 59392K, 0% used [0x00000007a7980000,0x00000007a7980000,0x00000007ab380000)
 ParOldGen       total 758784K, used 731767K [0x00000006c7800000, 0x00000006f5d00000, 0x0000000797d00000)
  object space 758784K, 96% used [0x00000006c7800000,0x00000006f429df48,0x00000006f5d00000)
 PSPermGen       total 83968K, used 53303K [0x00000006c2600000, 0x00000006c7800000, 0x00000006c7800000)
  object space 83968K, 63% used [0x00000006c2600000,0x00000006c5a0df18,0x00000006c7800000)
}

