# JRE version: Java(TM) SE Runtime Environment (7.0_45-b18) (build 1.7.0_45-b18)
# Java VM: Java HotSpot(TM) 64-Bit Server VM (24.45-b08 mixed mode linux-amd64 compressed oops)
Heap
 PSYoungGen      total 1310720K, used 722621K [0x0000000759500000, 0x00000007be480000, 0x0000000800000000)
  eden space 1005056K, 71% used [0x0000000759500000,0x00000007856af740,0x0000000796a80000)
  from space 305664K, 0% used [0x00000007aba00000,0x00000007aba00000,0x00000007be480000)
  to   space 324608K, 0% used [0x0000000796a80000,0x0000000796a80000,0x00000007aa780000)
 ParOldGen       total 3667456K, used 2590791K [0x000000060c000000, 0x00000006ebd80000, 0x0000000759500000)
  object space 3667456K, 70% used [0x000000060c000000,0x00000006aa211d30,0x00000006ebd80000)
 PSPermGen       total 83968K, used 55355K [0x0000000606e00000, 0x000000060c000000, 0x000000060c000000)
  object space 83968K, 65% used [0x0000000606e00000,0x000000060a40ecc0,0x000000060c000000)
GC Heap History (10 events):
Event: 185.501 GC heap before
{Heap before GC invocations=23 (full 5):
 PSYoungGen      total 1065472K, used 956781K [0x0000000759500000, 0x00000007b4800000, 0x0000000800000000)
  eden space 765952K, 99% used [0x0000000759500000,0x0000000788050d48,0x0000000788100000)
  from space 299520K, 63% used [0x0000000788100000,0x0000000793c0a958,0x000000079a580000)
  to   space 309760K, 0% used [0x00000007a1980000,0x00000007a1980000,0x00000007b4800000)
 ParOldGen       total 2881536K, used 2207084K [0x000000060c000000, 0x00000006bbe00000, 0x0000000759500000)
  object space 2881536K, 76% used [0x000000060c000000,0x0000000692b5b1d8,0x00000006bbe00000)
 PSPermGen       total 83968K, used 55059K [0x0000000606e00000, 0x000000060c000000, 0x000000060c000000)
  object space 83968K, 65% used [0x0000000606e00000,0x000000060a3c4e68,0x000000060c000000)
Event: 185.595 GC heap after
Heap after GC invocations=23 (full 5):
 PSYoungGen      total 1177088K, used 191464K [0x0000000759500000, 0x00000007b7780000, 0x0000000800000000)
  eden space 867328K, 0% used [0x0000000759500000,0x0000000759500000,0x000000078e400000)
  from space 309760K, 61% used [0x00000007a1980000,0x00000007ad47a2e8,0x00000007b4800000)
  to   space 316928K, 0% used [0x000000078e400000,0x000000078e400000,0x00000007a1980000)
 ParOldGen       total 2881536K, used 2588545K [0x000000060c000000, 0x00000006bbe00000, 0x0000000759500000)
  object space 2881536K, 89% used [0x000000060c000000,0x00000006a9fe0488,0x00000006bbe00000)
 PSPermGen       total 83968K, used 55059K [0x0000000606e00000, 0x000000060c000000, 0x000000060c000000)
  object space 83968K, 65% used [0x0000000606e00000,0x000000060a3c4e68,0x000000060c000000)
}
Event: 185.595 GC heap before
{Heap before GC invocations=24 (full 6):
 PSYoungGen      total 1177088K, used 191464K [0x0000000759500000, 0x00000007b7780000, 0x0000000800000000)
  eden space 867328K, 0% used [0x0000000759500000,0x0000000759500000,0x000000078e400000)
  from space 309760K, 61% used [0x00000007a1980000,0x00000007ad47a2e8,0x00000007b4800000)
  to   space 316928K, 0% used [0x000000078e400000,0x000000078e400000,0x00000007a1980000)
 ParOldGen       total 2881536K, used 2588545K [0x000000060c000000, 0x00000006bbe00000, 0x0000000759500000)
  object space 2881536K, 89% used [0x000000060c000000,0x00000006a9fe0488,0x00000006bbe00000)
 PSPermGen       total 83968K, used 55059K [0x0000000606e00000, 0x000000060c000000, 0x000000060c000000)
  object space 83968K, 65% used [0x0000000606e00000,0x000000060a3c4e68,0x000000060c000000)
Event: 185.774 GC heap after
Heap after GC invocations=24 (full 6):
 PSYoungGen      total 1177088K, used 0K [0x0000000759500000, 0x00000007b7780000, 0x0000000800000000)
  eden space 867328K, 0% used [0x0000000759500000,0x0000000759500000,0x000000078e400000)
  from space 309760K, 0% used [0x00000007a1980000,0x00000007a1980000,0x00000007b4800000)
  to   space 316928K, 0% used [0x000000078e400000,0x000000078e400000,0x00000007a1980000)
 ParOldGen       total 3369984K, used 2398342K [0x000000060c000000, 0x00000006d9b00000, 0x0000000759500000)
  object space 3369984K, 71% used [0x000000060c000000,0x000000069e621b30,0x00000006d9b00000)
 PSPermGen       total 83968K, used 55059K [0x0000000606e00000, 0x000000060c000000, 0x000000060c000000)
  object space 83968K, 65% used [0x0000000606e00000,0x000000060a3c4e68,0x000000060c000000)
}
Event: 215.484 GC heap before
{Heap before GC invocations=25 (full 6):
 PSYoungGen      total 1177088K, used 867328K [0x0000000759500000, 0x00000007b7780000, 0x0000000800000000)
  eden space 867328K, 100% used [0x0000000759500000,0x000000078e400000,0x000000078e400000)
  from space 309760K, 0% used [0x00000007a1980000,0x00000007a1980000,0x00000007b4800000)
  to   space 316928K, 0% used [0x000000078e400000,0x000000078e400000,0x00000007a1980000)
 ParOldGen       total 3369984K, used 2398342K [0x000000060c000000, 0x00000006d9b00000, 0x0000000759500000)
  object space 3369984K, 71% used [0x000000060c000000,0x000000069e621b30,0x00000006d9b00000)
 PSPermGen       total 83968K, used 55059K [0x0000000606e00000, 0x000000060c000000, 0x000000060c000000)
  object space 83968K, 65% used [0x0000000606e00000,0x000000060a3c4ea8,0x000000060c000000)
Event: 215.521 GC heap after
Heap after GC invocations=25 (full 6):
 PSYoungGen      total 1184256K, used 191863K [0x0000000759500000, 0x00000007bf400000, 0x0000000800000000)
  eden space 867328K, 0% used [0x0000000759500000,0x0000000759500000,0x000000078e400000)
  from space 316928K, 60% used [0x000000078e400000,0x0000000799f5dfa8,0x00000007a1980000)
  to   space 321536K, 0% used [0x00000007aba00000,0x00000007aba00000,0x00000007bf400000)
 ParOldGen       total 3369984K, used 2589073K [0x000000060c000000, 0x00000006d9b00000, 0x0000000759500000)
  object space 3369984K, 76% used [0x000000060c000000,0x00000006aa064488,0x00000006d9b00000)
 PSPermGen       total 83968K, used 55059K [0x0000000606e00000, 0x000000060c000000, 0x000000060c000000)
  object space 83968K, 65% used [0x0000000606e00000,0x000000060a3c4ea8,0x000000060c000000)
}
Event: 247.065 GC heap before
{Heap before GC invocations=26 (full 6):
 PSYoungGen      total 1184256K, used 1059191K [0x0000000759500000, 0x00000007bf400000, 0x0000000800000000)
  eden space 867328K, 100% used [0x0000000759500000,0x000000078e400000,0x000000078e400000)
  from space 316928K, 60% used [0x000000078e400000,0x0000000799f5dfa8,0x00000007a1980000)
  to   space 321536K, 0% used [0x00000007aba00000,0x00000007aba00000,0x00000007bf400000)
 ParOldGen       total 3369984K, used 2589073K [0x000000060c000000, 0x00000006d9b00000, 0x0000000759500000)
  object space 3369984K, 76% used [0x000000060c000000,0x00000006aa064488,0x00000006d9b00000)
 PSPermGen       total 83968K, used 55059K [0x0000000606e00000, 0x000000060c000000, 0x000000060c000000)
  object space 83968K, 65% used [0x0000000606e00000,0x000000060a3c4ea8,0x000000060c000000)
Event: 247.303 GC heap after
Heap after GC invocations=26 (full 6):
 PSYoungGen      total 1310720K, used 192654K [0x0000000759500000, 0x00000007be480000, 0x0000000800000000)
  eden space 1005056K, 0% used [0x0000000759500000,0x0000000759500000,0x0000000796a80000)
  from space 305664K, 63% used [0x00000007aba00000,0x00000007b7623ac8,0x00000007be480000)
  to   space 324608K, 0% used [0x0000000796a80000,0x0000000796a80000,0x00000007aa780000)
 ParOldGen       total 3369984K, used 2970533K [0x000000060c000000, 0x00000006d9b00000, 0x0000000759500000)
  object space 3369984K, 88% used [0x000000060c000000,0x00000006c14e9738,0x00000006d9b00000)
 PSPermGen       total 83968K, used 55059K [0x0000000606e00000, 0x000000060c000000, 0x000000060c000000)
  object space 83968K, 65% used [0x0000000606e00000,0x000000060a3c4ea8,0x000000060c000000)
}
Event: 247.303 GC heap before
{Heap before GC invocations=27 (full 7):
 PSYoungGen      total 1310720K, used 192654K [0x0000000759500000, 0x00000007be480000, 0x0000000800000000)
  eden space 1005056K, 0% used [0x0000000759500000,0x0000000759500000,0x0000000796a80000)
  from space 305664K, 63% used [0x00000007aba00000,0x00000007b7623ac8,0x00000007be480000)
  to   space 324608K, 0% used [0x0000000796a80000,0x0000000796a80000,0x00000007aa780000)
 ParOldGen       total 3369984K, used 2970533K [0x000000060c000000, 0x00000006d9b00000, 0x0000000759500000)
  object space 3369984K, 88% used [0x000000060c000000,0x00000006c14e9738,0x00000006d9b00000)
 PSPermGen       total 83968K, used 55059K [0x0000000606e00000, 0x000000060c000000, 0x000000060c000000)
  object space 83968K, 65% used [0x0000000606e00000,0x000000060a3c4ea8,0x000000060c000000)
Event: 247.484 GC heap after
Heap after GC invocations=27 (full 7):
 PSYoungGen      total 1310720K, used 0K [0x0000000759500000, 0x00000007be480000, 0x0000000800000000)
  eden space 1005056K, 0% used [0x0000000759500000,0x0000000759500000,0x0000000796a80000)
  from space 305664K, 0% used [0x00000007aba00000,0x00000007aba00000,0x00000007be480000)
  to   space 324608K, 0% used [0x0000000796a80000,0x0000000796a80000,0x00000007aa780000)
 ParOldGen       total 3667456K, used 2590791K [0x000000060c000000, 0x00000006ebd80000, 0x0000000759500000)
  object space 3667456K, 70% used [0x000000060c000000,0x00000006aa211d30,0x00000006ebd80000)
 PSPermGen       total 83968K, used 55059K [0x0000000606e00000, 0x000000060c000000, 0x000000060c000000)
  object space 83968K, 65% used [0x0000000606e00000,0x000000060a3c4e88,0x000000060c000000)
}

