# JRE version: Java(TM) SE Runtime Environment (7.0_45-b18) (build 1.7.0_45-b18)
# Java VM: Java HotSpot(TM) 64-Bit Server VM (24.45-b08 mixed mode linux-amd64 compressed oops)
Heap
 PSYoungGen      total 367616K, used 196356K [0x0000000759500000, 0x000000077e400000, 0x0000000800000000)
  eden space 160768K, 35% used [0x0000000759500000,0x000000075cd5b2f0,0x0000000763200000)
  from space 206848K, 67% used [0x0000000770600000,0x0000000778d65f18,0x000000077d000000)
  to   space 217088K, 0% used [0x0000000763200000,0x0000000763200000,0x0000000770600000)
 ParOldGen       total 2103296K, used 1961552K [0x000000060c000000, 0x000000068c600000, 0x0000000759500000)
  object space 2103296K, 93% used [0x000000060c000000,0x0000000683b942d8,0x000000068c600000)
 PSPermGen       total 83968K, used 50124K [0x0000000606e00000, 0x000000060c000000, 0x000000060c000000)
  object space 83968K, 59% used [0x0000000606e00000,0x0000000609ef3088,0x000000060c000000)
GC Heap History (10 events):
Event: 11.578 GC heap before
{Heap before GC invocations=14 (full 2):
 PSYoungGen      total 258048K, used 258032K [0x0000000759500000, 0x0000000776680000, 0x0000000800000000)
  eden space 134144K, 100% used [0x0000000759500000,0x0000000761800000,0x0000000761800000)
  from space 123904K, 99% used [0x0000000761800000,0x00000007690fc1a8,0x0000000769100000)
  to   space 158208K, 0% used [0x000000076cc00000,0x000000076cc00000,0x0000000776680000)
 ParOldGen       total 562176K, used 384928K [0x000000060c000000, 0x000000062e500000, 0x0000000759500000)
  object space 562176K, 68% used [0x000000060c000000,0x00000006237e81f0,0x000000062e500000)
 PSPermGen       total 83968K, used 47579K [0x0000000606e00000, 0x000000060c000000, 0x000000060c000000)
  object space 83968K, 56% used [0x0000000606e00000,0x0000000609c76f78,0x000000060c000000)
Event: 11.605 GC heap after
Heap after GC invocations=14 (full 2):
 PSYoungGen      total 300032K, used 133357K [0x0000000759500000, 0x0000000778e00000, 0x0000000800000000)
  eden space 141824K, 0% used [0x0000000759500000,0x0000000759500000,0x0000000761f80000)
  from space 158208K, 84% used [0x000000076cc00000,0x0000000774e3b768,0x0000000776680000)
  to   space 176640K, 0% used [0x0000000761f80000,0x0000000761f80000,0x000000076cc00000)
 ParOldGen       total 562176K, used 508740K [0x000000060c000000, 0x000000062e500000, 0x0000000759500000)
  object space 562176K, 90% used [0x000000060c000000,0x000000062b0d10e0,0x000000062e500000)
 PSPermGen       total 83968K, used 47579K [0x0000000606e00000, 0x000000060c000000, 0x000000060c000000)
  object space 83968K, 56% used [0x0000000606e00000,0x0000000609c76f78,0x000000060c000000)
}
Event: 11.605 GC heap before
{Heap before GC invocations=15 (full 3):
 PSYoungGen      total 300032K, used 133357K [0x0000000759500000, 0x0000000778e00000, 0x0000000800000000)
  eden space 141824K, 0% used [0x0000000759500000,0x0000000759500000,0x0000000761f80000)
  from space 158208K, 84% used [0x000000076cc00000,0x0000000774e3b768,0x0000000776680000)
  to   space 176640K, 0% used [0x0000000761f80000,0x0000000761f80000,0x000000076cc00000)
 ParOldGen       total 562176K, used 508740K [0x000000060c000000, 0x000000062e500000, 0x0000000759500000)
  object space 562176K, 90% used [0x000000060c000000,0x000000062b0d10e0,0x000000062e500000)
 PSPermGen       total 83968K, used 47579K [0x0000000606e00000, 0x000000060c000000, 0x000000060c000000)
  object space 83968K, 56% used [0x0000000606e00000,0x0000000609c76f78,0x000000060c000000)
Event: 11.743 GC heap after
Heap after GC invocations=15 (full 3):
 PSYoungGen      total 300032K, used 75998K [0x0000000759500000, 0x0000000778e00000, 0x0000000800000000)
  eden space 141824K, 0% used [0x0000000759500000,0x0000000759500000,0x0000000761f80000)
  from space 158208K, 48% used [0x000000076cc00000,0x0000000771637a80,0x0000000776680000)
  to   space 176640K, 0% used [0x0000000761f80000,0x0000000761f80000,0x000000076cc00000)
 ParOldGen       total 845312K, used 561875K [0x000000060c000000, 0x000000063f980000, 0x0000000759500000)
  object space 845312K, 66% used [0x000000060c000000,0x000000062e4b4d98,0x000000063f980000)
 PSPermGen       total 83968K, used 47579K [0x0000000606e00000, 0x000000060c000000, 0x000000060c000000)
  object space 83968K, 56% used [0x0000000606e00000,0x0000000609c76ef8,0x000000060c000000)
}
Event: 11.758 GC heap before
{Heap before GC invocations=16 (full 3):
 PSYoungGen      total 300032K, used 217822K [0x0000000759500000, 0x0000000778e00000, 0x0000000800000000)
  eden space 141824K, 100% used [0x0000000759500000,0x0000000761f80000,0x0000000761f80000)
  from space 158208K, 48% used [0x000000076cc00000,0x0000000771637a80,0x0000000776680000)
  to   space 176640K, 0% used [0x0000000761f80000,0x0000000761f80000,0x000000076cc00000)
 ParOldGen       total 845312K, used 561875K [0x000000060c000000, 0x000000063f980000, 0x0000000759500000)
  object space 845312K, 66% used [0x000000060c000000,0x000000062e4b4d98,0x000000063f980000)
 PSPermGen       total 83968K, used 47579K [0x0000000606e00000, 0x000000060c000000, 0x000000060c000000)
  object space 83968K, 56% used [0x0000000606e00000,0x0000000609c76ef8,0x000000060c000000)
Event: 11.788 GC heap after
Heap after GC invocations=16 (full 3):
 PSYoungGen      total 318464K, used 176628K [0x0000000759500000, 0x000000077d000000, 0x0000000800000000)
  eden space 141824K, 0% used [0x0000000759500000,0x0000000759500000,0x0000000761f80000)
  from space 176640K, 99% used [0x0000000761f80000,0x000000076cbfd198,0x000000076cc00000)
  to   space 206848K, 0% used [0x0000000770600000,0x0000000770600000,0x000000077d000000)
 ParOldGen       total 845312K, used 601149K [0x000000060c000000, 0x000000063f980000, 0x0000000759500000)
  object space 845312K, 71% used [0x000000060c000000,0x0000000630b0f450,0x000000063f980000)
 PSPermGen       total 83968K, used 47579K [0x0000000606e00000, 0x000000060c000000, 0x000000060c000000)
  object space 83968K, 56% used [0x0000000606e00000,0x0000000609c76ef8,0x000000060c000000)
}
Event: 492.105 GC heap before
{Heap before GC invocations=17 (full 4):
 PSYoungGen      total 318464K, used 318452K [0x0000000759500000, 0x000000077d000000, 0x0000000800000000)
  eden space 141824K, 100% used [0x0000000759500000,0x0000000761f80000,0x0000000761f80000)
  from space 176640K, 99% used [0x0000000761f80000,0x000000076cbfd198,0x000000076cc00000)
  to   space 206848K, 0% used [0x0000000770600000,0x0000000770600000,0x000000077d000000)
 ParOldGen       total 2068480K, used 2068089K [0x000000060c000000, 0x000000068a400000, 0x0000000759500000)
  object space 2068480K, 99% used [0x000000060c000000,0x000000068a39e428,0x000000068a400000)
 PSPermGen       total 83968K, used 50122K [0x0000000606e00000, 0x000000060c000000, 0x000000060c000000)
  object space 83968K, 59% used [0x0000000606e00000,0x0000000609ef2ad0,0x000000060c000000)
Event: 492.230 GC heap after
Heap after GC invocations=17 (full 4):
 PSYoungGen      total 318464K, used 0K [0x0000000759500000, 0x000000077d000000, 0x0000000800000000)
  eden space 141824K, 0% used [0x0000000759500000,0x0000000759500000,0x0000000761f80000)
  from space 176640K, 0% used [0x0000000761f80000,0x0000000761f80000,0x000000076cc00000)
  to   space 206848K, 0% used [0x0000000770600000,0x0000000770600000,0x000000077d000000)
 ParOldGen       total 1721344K, used 1386928K [0x000000060c000000, 0x0000000675100000, 0x0000000759500000)
  object space 1721344K, 80% used [0x000000060c000000,0x0000000660a6c348,0x0000000675100000)
 PSPermGen       total 83968K, used 50122K [0x0000000606e00000, 0x000000060c000000, 0x000000060c000000)
  object space 83968K, 59% used [0x0000000606e00000,0x0000000609ef29e8,0x000000060c000000)
}
Event: 492.323 GC heap before
{Heap before GC invocations=18 (full 4):
 PSYoungGen      total 318464K, used 141824K [0x0000000759500000, 0x000000077d000000, 0x0000000800000000)
  eden space 141824K, 100% used [0x0000000759500000,0x0000000761f80000,0x0000000761f80000)
  from space 176640K, 0% used [0x0000000761f80000,0x0000000761f80000,0x000000076cc00000)
  to   space 206848K, 0% used [0x0000000770600000,0x0000000770600000,0x000000077d000000)
 ParOldGen       total 1721344K, used 1389361K [0x000000060c000000, 0x0000000675100000, 0x0000000759500000)
  object space 1721344K, 80% used [0x000000060c000000,0x0000000660ccc6d0,0x0000000675100000)
 PSPermGen       total 83968K, used 50124K [0x0000000606e00000, 0x000000060c000000, 0x000000060c000000)
  object space 83968K, 59% used [0x0000000606e00000,0x0000000609ef3088,0x000000060c000000)
Event: 492.340 GC heap after
Heap after GC invocations=18 (full 4):
 PSYoungGen      total 367616K, used 138647K [0x0000000759500000, 0x000000077e400000, 0x0000000800000000)
  eden space 160768K, 0% used [0x0000000759500000,0x0000000759500000,0x0000000763200000)
  from space 206848K, 67% used [0x0000000770600000,0x0000000778d65f18,0x000000077d000000)
  to   space 217088K, 0% used [0x0000000763200000,0x0000000763200000,0x0000000770600000)
 ParOldGen       total 1721344K, used 1389361K [0x000000060c000000, 0x0000000675100000, 0x0000000759500000)
  object space 1721344K, 80% used [0x000000060c000000,0x0000000660ccc6d0,0x0000000675100000)
 PSPermGen       total 83968K, used 50124K [0x0000000606e00000, 0x000000060c000000, 0x000000060c000000)
  object space 83968K, 59% used [0x0000000606e00000,0x0000000609ef3088,0x000000060c000000)
}

