# JRE version: Java(TM) SE Runtime Environment (7.0_51-b13) (build 1.7.0_51-b13)
# Java VM: Java HotSpot(TM) 64-Bit Server VM (24.51-b03 mixed mode linux-amd64 compressed oops)
Heap
 PSYoungGen      total 1136128K, used 160140K [0x0000000797d00000, 0x00000007edb80000, 0x0000000800000000)
  eden space 975872K, 0% used [0x0000000797d00000,0x0000000797d00000,0x00000007d3600000)
  from space 160256K, 99% used [0x00000007dee00000,0x00000007e8a63300,0x00000007e8a80000)
  to   space 188416K, 0% used [0x00000007d3600000,0x00000007d3600000,0x00000007dee00000)
 ParOldGen       total 2471936K, used 2471548K [0x00000006c7800000, 0x000000075e600000, 0x0000000797d00000)
  object space 2471936K, 99% used [0x00000006c7800000,0x000000075e59f338,0x000000075e600000)
 PSPermGen       total 83968K, used 50994K [0x00000006c2600000, 0x00000006c7800000, 0x00000006c7800000)
  object space 83968K, 60% used [0x00000006c2600000,0x00000006c57cc8b8,0x00000006c7800000)
GC Heap History (10 events):
Event: 35.945 GC heap after
Heap after GC invocations=15 (full 1):
 PSYoungGen      total 1002496K, used 115670K [0x0000000797d00000, 0x00000007dff00000, 0x0000000800000000)
  eden space 886784K, 0% used [0x0000000797d00000,0x0000000797d00000,0x00000007cdf00000)
  from space 115712K, 99% used [0x00000007d8e00000,0x00000007dfef5aa0,0x00000007dff00000)
  to   space 136192K, 0% used [0x00000007cf500000,0x00000007cf500000,0x00000007d7a00000)
 ParOldGen       total 729600K, used 729109K [0x00000006c7800000, 0x00000006f4080000, 0x0000000797d00000)
  object space 729600K, 99% used [0x00000006c7800000,0x00000006f4005540,0x00000006f4080000)
 PSPermGen       total 83968K, used 50994K [0x00000006c2600000, 0x00000006c7800000, 0x00000006c7800000)
  object space 83968K, 60% used [0x00000006c2600000,0x00000006c57cc8b8,0x00000006c7800000)
}
Event: 35.945 GC heap before
{Heap before GC invocations=16 (full 2):
 PSYoungGen      total 1002496K, used 115670K [0x0000000797d00000, 0x00000007dff00000, 0x0000000800000000)
  eden space 886784K, 0% used [0x0000000797d00000,0x0000000797d00000,0x00000007cdf00000)
  from space 115712K, 99% used [0x00000007d8e00000,0x00000007dfef5aa0,0x00000007dff00000)
  to   space 136192K, 0% used [0x00000007cf500000,0x00000007cf500000,0x00000007d7a00000)
 ParOldGen       total 729600K, used 729109K [0x00000006c7800000, 0x00000006f4080000, 0x0000000797d00000)
  object space 729600K, 99% used [0x00000006c7800000,0x00000006f4005540,0x00000006f4080000)
 PSPermGen       total 83968K, used 50994K [0x00000006c2600000, 0x00000006c7800000, 0x00000006c7800000)
  object space 83968K, 60% used [0x00000006c2600000,0x00000006c57cc8b8,0x00000006c7800000)
Event: 36.314 GC heap after
Heap after GC invocations=16 (full 2):
 PSYoungGen      total 1002496K, used 115543K [0x0000000797d00000, 0x00000007dff00000, 0x0000000800000000)
  eden space 886784K, 0% used [0x0000000797d00000,0x0000000797d00000,0x00000007cdf00000)
  from space 115712K, 99% used [0x00000007d8e00000,0x00000007dfed5f40,0x00000007dff00000)
  to   space 136192K, 0% used [0x00000007cf500000,0x00000007cf500000,0x00000007d7a00000)
 ParOldGen       total 1142784K, used 729085K [0x00000006c7800000, 0x000000070d400000, 0x0000000797d00000)
  object space 1142784K, 63% used [0x00000006c7800000,0x00000006f3fff730,0x000000070d400000)
 PSPermGen       total 83968K, used 50994K [0x00000006c2600000, 0x00000006c7800000, 0x00000006c7800000)
  object space 83968K, 60% used [0x00000006c2600000,0x00000006c57cc8b8,0x00000006c7800000)
}
Event: 36.446 GC heap before
{Heap before GC invocations=17 (full 2):
 PSYoungGen      total 1002496K, used 1002327K [0x0000000797d00000, 0x00000007dff00000, 0x0000000800000000)
  eden space 886784K, 100% used [0x0000000797d00000,0x00000007cdf00000,0x00000007cdf00000)
  from space 115712K, 99% used [0x00000007d8e00000,0x00000007dfed5f40,0x00000007dff00000)
  to   space 136192K, 0% used [0x00000007cf500000,0x00000007cf500000,0x00000007d7a00000)
 ParOldGen       total 1142784K, used 729085K [0x00000006c7800000, 0x000000070d400000, 0x0000000797d00000)
  object space 1142784K, 63% used [0x00000006c7800000,0x00000006f3fff730,0x000000070d400000)
 PSPermGen       total 83968K, used 50994K [0x00000006c2600000, 0x00000006c7800000, 0x00000006c7800000)
  object space 83968K, 60% used [0x00000006c2600000,0x00000006c57cc8b8,0x00000006c7800000)
Event: 36.601 GC heap after
Heap after GC invocations=17 (full 2):
 PSYoungGen      total 1045504K, used 136123K [0x0000000797d00000, 0x00000007e8a80000, 0x0000000800000000)
  eden space 909312K, 0% used [0x0000000797d00000,0x0000000797d00000,0x00000007cf500000)
  from space 136192K, 99% used [0x00000007cf500000,0x00000007d79eef90,0x00000007d7a00000)
  to   space 160256K, 0% used [0x00000007dee00000,0x00000007dee00000,0x00000007e8a80000)
 ParOldGen       total 1591808K, used 1591357K [0x00000006c7800000, 0x0000000728a80000, 0x0000000797d00000)
  object space 1591808K, 99% used [0x00000006c7800000,0x0000000728a0f720,0x0000000728a80000)
 PSPermGen       total 83968K, used 50994K [0x00000006c2600000, 0x00000006c7800000, 0x00000006c7800000)
  object space 83968K, 60% used [0x00000006c2600000,0x00000006c57cc8b8,0x00000006c7800000)
}
Event: 36.601 GC heap before
{Heap before GC invocations=18 (full 3):
 PSYoungGen      total 1045504K, used 136123K [0x0000000797d00000, 0x00000007e8a80000, 0x0000000800000000)
  eden space 909312K, 0% used [0x0000000797d00000,0x0000000797d00000,0x00000007cf500000)
  from space 136192K, 99% used [0x00000007cf500000,0x00000007d79eef90,0x00000007d7a00000)
  to   space 160256K, 0% used [0x00000007dee00000,0x00000007dee00000,0x00000007e8a80000)
 ParOldGen       total 1591808K, used 1591357K [0x00000006c7800000, 0x0000000728a80000, 0x0000000797d00000)
  object space 1591808K, 99% used [0x00000006c7800000,0x0000000728a0f720,0x0000000728a80000)
 PSPermGen       total 83968K, used 50994K [0x00000006c2600000, 0x00000006c7800000, 0x00000006c7800000)
  object space 83968K, 60% used [0x00000006c2600000,0x00000006c57cc8b8,0x00000006c7800000)
Event: 37.069 GC heap after
Heap after GC invocations=18 (full 3):
 PSYoungGen      total 1045504K, used 136098K [0x0000000797d00000, 0x00000007e8a80000, 0x0000000800000000)
  eden space 909312K, 0% used [0x0000000797d00000,0x0000000797d00000,0x00000007cf500000)
  from space 136192K, 99% used [0x00000007cf500000,0x00000007d79e88d8,0x00000007d7a00000)
  to   space 160256K, 0% used [0x00000007dee00000,0x00000007dee00000,0x00000007e8a80000)
 ParOldGen       total 2371584K, used 1591346K [0x00000006c7800000, 0x0000000758400000, 0x0000000797d00000)
  object space 2371584K, 67% used [0x00000006c7800000,0x0000000728a0caf0,0x0000000758400000)
 PSPermGen       total 83968K, used 50994K [0x00000006c2600000, 0x00000006c7800000, 0x00000006c7800000)
  object space 83968K, 60% used [0x00000006c2600000,0x00000006c57cc8b8,0x00000006c7800000)
}
Event: 37.175 GC heap before
{Heap before GC invocations=19 (full 3):
 PSYoungGen      total 1045504K, used 1045410K [0x0000000797d00000, 0x00000007e8a80000, 0x0000000800000000)
  eden space 909312K, 100% used [0x0000000797d00000,0x00000007cf500000,0x00000007cf500000)
  from space 136192K, 99% used [0x00000007cf500000,0x00000007d79e88d8,0x00000007d7a00000)
  to   space 160256K, 0% used [0x00000007dee00000,0x00000007dee00000,0x00000007e8a80000)
 ParOldGen       total 2371584K, used 1591346K [0x00000006c7800000, 0x0000000758400000, 0x0000000797d00000)
  object space 2371584K, 67% used [0x00000006c7800000,0x0000000728a0caf0,0x0000000758400000)
 PSPermGen       total 83968K, used 50994K [0x00000006c2600000, 0x00000006c7800000, 0x00000006c7800000)
  object space 83968K, 60% used [0x00000006c2600000,0x00000006c57cc8b8,0x00000006c7800000)
Event: 37.324 GC heap after
Heap after GC invocations=19 (full 3):
 PSYoungGen      total 1136128K, used 160229K [0x0000000797d00000, 0x00000007edb80000, 0x0000000800000000)
  eden space 975872K, 0% used [0x0000000797d00000,0x0000000797d00000,0x00000007d3600000)
  from space 160256K, 99% used [0x00000007dee00000,0x00000007e8a79580,0x00000007e8a80000)
  to   space 188416K, 0% used [0x00000007d3600000,0x00000007d3600000,0x00000007dee00000)
 ParOldGen       total 2471936K, used 2471552K [0x00000006c7800000, 0x000000075e600000, 0x0000000797d00000)
  object space 2471936K, 99% used [0x00000006c7800000,0x000000075e5a0080,0x000000075e600000)
 PSPermGen       total 83968K, used 50994K [0x00000006c2600000, 0x00000006c7800000, 0x00000006c7800000)
  object space 83968K, 60% used [0x00000006c2600000,0x00000006c57cc8b8,0x00000006c7800000)
}
Event: 37.324 GC heap before
{Heap before GC invocations=20 (full 4):
 PSYoungGen      total 1136128K, used 160229K [0x0000000797d00000, 0x00000007edb80000, 0x0000000800000000)
  eden space 975872K, 0% used [0x0000000797d00000,0x0000000797d00000,0x00000007d3600000)
  from space 160256K, 99% used [0x00000007dee00000,0x00000007e8a79580,0x00000007e8a80000)
  to   space 188416K, 0% used [0x00000007d3600000,0x00000007d3600000,0x00000007dee00000)
 ParOldGen       total 2471936K, used 2471552K [0x00000006c7800000, 0x000000075e600000, 0x0000000797d00000)
  object space 2471936K, 99% used [0x00000006c7800000,0x000000075e5a0080,0x000000075e600000)
 PSPermGen       total 83968K, used 50994K [0x00000006c2600000, 0x00000006c7800000, 0x00000006c7800000)
  object space 83968K, 60% used [0x00000006c2600000,0x00000006c57cc8b8,0x00000006c7800000)

