# JRE version: Java(TM) SE Runtime Environment (7.0_45-b18) (build 1.7.0_45-b18)
# Java VM: Java HotSpot(TM) 64-Bit Server VM (24.45-b08 mixed mode linux-amd64 compressed oops)
Heap
 PSYoungGen      total 73216K, used 38978K [0x00000000eb280000, 0x00000000f1c80000, 0x0000000100000000)
  eden space 57344K, 40% used [0x00000000eb280000,0x00000000ec9280b8,0x00000000eea80000)
  from space 15872K, 99% used [0x00000000eeb80000,0x00000000efae87a0,0x00000000efb00000)
  to   space 25600K, 0% used [0x00000000f0380000,0x00000000f0380000,0x00000000f1c80000)
 ParOldGen       total 175104K, used 35998K [0x00000000c1800000, 0x00000000cc300000, 0x00000000eb280000)
  object space 175104K, 20% used [0x00000000c1800000,0x00000000c3b27a80,0x00000000cc300000)
 PSPermGen       total 51712K, used 51214K [0x00000000bc600000, 0x00000000bf880000, 0x00000000c1800000)
  object space 51712K, 99% used [0x00000000bc600000,0x00000000bf803ac8,0x00000000bf880000)
GC Heap History (10 events):
Event: 19.328 GC heap before
{Heap before GC invocations=7 (full 0):
 PSYoungGen      total 84480K, used 78427K [0x00000000eb280000, 0x00000000f1f00000, 0x0000000100000000)
  eden space 62976K, 100% used [0x00000000eb280000,0x00000000ef000000,0x00000000ef000000)
  from space 21504K, 71% used [0x00000000f0a00000,0x00000000f1916f08,0x00000000f1f00000)
  to   space 24064K, 0% used [0x00000000ef000000,0x00000000ef000000,0x00000000f0780000)
 ParOldGen       total 175104K, used 22004K [0x00000000c1800000, 0x00000000cc300000, 0x00000000eb280000)
  object space 175104K, 12% used [0x00000000c1800000,0x00000000c2d7d2e8,0x00000000cc300000)
 PSPermGen       total 50688K, used 50514K [0x00000000bc600000, 0x00000000bf780000, 0x00000000c1800000)
  object space 50688K, 99% used [0x00000000bc600000,0x00000000bf754b90,0x00000000bf780000)
Event: 19.337 GC heap after
Heap after GC invocations=7 (full 0):
 PSYoungGen      total 74240K, used 12601K [0x00000000eb280000, 0x00000000f1b80000, 0x0000000100000000)
  eden space 61440K, 0% used [0x00000000eb280000,0x00000000eb280000,0x00000000eee80000)
  from space 12800K, 98% used [0x00000000ef000000,0x00000000efc4e7d0,0x00000000efc80000)
  to   space 23040K, 0% used [0x00000000f0500000,0x00000000f0500000,0x00000000f1b80000)
 ParOldGen       total 175104K, used 25142K [0x00000000c1800000, 0x00000000cc300000, 0x00000000eb280000)
  object space 175104K, 14% used [0x00000000c1800000,0x00000000c308db48,0x00000000cc300000)
 PSPermGen       total 50688K, used 50514K [0x00000000bc600000, 0x00000000bf780000, 0x00000000c1800000)
  object space 50688K, 99% used [0x00000000bc600000,0x00000000bf754b90,0x00000000bf780000)
}
Event: 19.791 GC heap before
{Heap before GC invocations=8 (full 0):
 PSYoungGen      total 74240K, used 74041K [0x00000000eb280000, 0x00000000f1b80000, 0x0000000100000000)
  eden space 61440K, 100% used [0x00000000eb280000,0x00000000eee80000,0x00000000eee80000)
  from space 12800K, 98% used [0x00000000ef000000,0x00000000efc4e7d0,0x00000000efc80000)
  to   space 23040K, 0% used [0x00000000f0500000,0x00000000f0500000,0x00000000f1b80000)
 ParOldGen       total 175104K, used 25142K [0x00000000c1800000, 0x00000000cc300000, 0x00000000eb280000)
  object space 175104K, 14% used [0x00000000c1800000,0x00000000c308db48,0x00000000cc300000)
 PSPermGen       total 50688K, used 50525K [0x00000000bc600000, 0x00000000bf780000, 0x00000000c1800000)
  object space 50688K, 99% used [0x00000000bc600000,0x00000000bf757590,0x00000000bf780000)
Event: 19.797 GC heap after
Heap after GC invocations=8 (full 0):
 PSYoungGen      total 83456K, used 6317K [0x00000000eb280000, 0x00000000f1b80000, 0x0000000100000000)
  eden space 60416K, 0% used [0x00000000eb280000,0x00000000eb280000,0x00000000eed80000)
  from space 23040K, 27% used [0x00000000f0500000,0x00000000f0b2b7b8,0x00000000f1b80000)
  to   space 23552K, 0% used [0x00000000eed80000,0x00000000eed80000,0x00000000f0480000)
 ParOldGen       total 175104K, used 30300K [0x00000000c1800000, 0x00000000cc300000, 0x00000000eb280000)
  object space 175104K, 17% used [0x00000000c1800000,0x00000000c3597100,0x00000000cc300000)
 PSPermGen       total 50688K, used 50525K [0x00000000bc600000, 0x00000000bf780000, 0x00000000c1800000)
  object space 50688K, 99% used [0x00000000bc600000,0x00000000bf757590,0x00000000bf780000)
}
Event: 20.162 GC heap before
{Heap before GC invocations=9 (full 0):
 PSYoungGen      total 83456K, used 66733K [0x00000000eb280000, 0x00000000f1b80000, 0x0000000100000000)
  eden space 60416K, 100% used [0x00000000eb280000,0x00000000eed80000,0x00000000eed80000)
  from space 23040K, 27% used [0x00000000f0500000,0x00000000f0b2b7b8,0x00000000f1b80000)
  to   space 23552K, 0% used [0x00000000eed80000,0x00000000eed80000,0x00000000f0480000)
 ParOldGen       total 175104K, used 30300K [0x00000000c1800000, 0x00000000cc300000, 0x00000000eb280000)
  object space 175104K, 17% used [0x00000000c1800000,0x00000000c3597100,0x00000000cc300000)
 PSPermGen       total 50688K, used 50529K [0x00000000bc600000, 0x00000000bf780000, 0x00000000c1800000)
  object space 50688K, 99% used [0x00000000bc600000,0x00000000bf7587c8,0x00000000bf780000)
Event: 20.166 GC heap after
Heap after GC invocations=9 (full 0):
 PSYoungGen      total 82944K, used 1138K [0x00000000eb280000, 0x00000000f1c80000, 0x0000000100000000)
  eden space 59392K, 0% used [0x00000000eb280000,0x00000000eb280000,0x00000000eec80000)
  from space 23552K, 4% used [0x00000000eed80000,0x00000000eee9ca98,0x00000000f0480000)
  to   space 24576K, 0% used [0x00000000f0480000,0x00000000f0480000,0x00000000f1c80000)
 ParOldGen       total 175104K, used 35438K [0x00000000c1800000, 0x00000000cc300000, 0x00000000eb280000)
  object space 175104K, 20% used [0x00000000c1800000,0x00000000c3a9bb30,0x00000000cc300000)
 PSPermGen       total 50688K, used 50529K [0x00000000bc600000, 0x00000000bf780000, 0x00000000c1800000)
  object space 50688K, 99% used [0x00000000bc600000,0x00000000bf7587c8,0x00000000bf780000)
}
Event: 20.538 GC heap before
{Heap before GC invocations=10 (full 0):
 PSYoungGen      total 82944K, used 60530K [0x00000000eb280000, 0x00000000f1c80000, 0x0000000100000000)
  eden space 59392K, 100% used [0x00000000eb280000,0x00000000eec80000,0x00000000eec80000)
  from space 23552K, 4% used [0x00000000eed80000,0x00000000eee9ca98,0x00000000f0480000)
  to   space 24576K, 0% used [0x00000000f0480000,0x00000000f0480000,0x00000000f1c80000)
 ParOldGen       total 175104K, used 35438K [0x00000000c1800000, 0x00000000cc300000, 0x00000000eb280000)
  object space 175104K, 20% used [0x00000000c1800000,0x00000000c3a9bb30,0x00000000cc300000)
 PSPermGen       total 50688K, used 50545K [0x00000000bc600000, 0x00000000bf780000, 0x00000000c1800000)
  object space 50688K, 99% used [0x00000000bc600000,0x00000000bf75c690,0x00000000bf780000)
Event: 20.540 GC heap after
Heap after GC invocations=10 (full 0):
 PSYoungGen      total 82944K, used 800K [0x00000000eb280000, 0x00000000f1c80000, 0x0000000100000000)
  eden space 58368K, 0% used [0x00000000eb280000,0x00000000eb280000,0x00000000eeb80000)
  from space 24576K, 3% used [0x00000000f0480000,0x00000000f0548000,0x00000000f1c80000)
  to   space 25088K, 0% used [0x00000000eeb80000,0x00000000eeb80000,0x00000000f0400000)
 ParOldGen       total 175104K, used 35803K [0x00000000c1800000, 0x00000000cc300000, 0x00000000eb280000)
  object space 175104K, 20% used [0x00000000c1800000,0x00000000c3af6d10,0x00000000cc300000)
 PSPermGen       total 50688K, used 50545K [0x00000000bc600000, 0x00000000bf780000, 0x00000000c1800000)
  object space 50688K, 99% used [0x00000000bc600000,0x00000000bf75c690,0x00000000bf780000)
}
Event: 26.083 GC heap before
{Heap before GC invocations=11 (full 0):
 PSYoungGen      total 82944K, used 59168K [0x00000000eb280000, 0x00000000f1c80000, 0x0000000100000000)
  eden space 58368K, 100% used [0x00000000eb280000,0x00000000eeb80000,0x00000000eeb80000)
  from space 24576K, 3% used [0x00000000f0480000,0x00000000f0548000,0x00000000f1c80000)
  to   space 25088K, 0% used [0x00000000eeb80000,0x00000000eeb80000,0x00000000f0400000)
 ParOldGen       total 175104K, used 35803K [0x00000000c1800000, 0x00000000cc300000, 0x00000000eb280000)
  object space 175104K, 20% used [0x00000000c1800000,0x00000000c3af6d10,0x00000000cc300000)
 PSPermGen       total 51200K, used 50703K [0x00000000bc600000, 0x00000000bf800000, 0x00000000c1800000)
  object space 51200K, 99% used [0x00000000bc600000,0x00000000bf783fc8,0x00000000bf800000)
Event: 26.088 GC heap after
Heap after GC invocations=11 (full 0):
 PSYoungGen      total 73216K, used 15777K [0x00000000eb280000, 0x00000000f1c80000, 0x0000000100000000)
  eden space 57344K, 0% used [0x00000000eb280000,0x00000000eb280000,0x00000000eea80000)
  from space 15872K, 99% used [0x00000000eeb80000,0x00000000efae87a0,0x00000000efb00000)
  to   space 25600K, 0% used [0x00000000f0380000,0x00000000f0380000,0x00000000f1c80000)
 ParOldGen       total 175104K, used 35998K [0x00000000c1800000, 0x00000000cc300000, 0x00000000eb280000)
  object space 175104K, 20% used [0x00000000c1800000,0x00000000c3b27a80,0x00000000cc300000)
 PSPermGen       total 51200K, used 50703K [0x00000000bc600000, 0x00000000bf800000, 0x00000000c1800000)
  object space 51200K, 99% used [0x00000000bc600000,0x00000000bf783fc8,0x00000000bf800000)
}

