# JRE version: Java(TM) SE Runtime Environment (7.0_45-b18) (build 1.7.0_45-b18)
# Java VM: Java HotSpot(TM) 64-Bit Server VM (24.45-b08 mixed mode linux-amd64 compressed oops)
Heap
 PSYoungGen      total 552448K, used 274140K [0x0000000759500000, 0x00000007a1680000, 0x0000000800000000)
  eden space 441344K, 38% used [0x0000000759500000,0x00000007638f2e80,0x0000000774400000)
  from space 111104K, 95% used [0x0000000774400000,0x000000077abc42e8,0x000000077b080000)
  to   space 270336K, 0% used [0x0000000790e80000,0x0000000790e80000,0x00000007a1680000)
 ParOldGen       total 939008K, used 546165K [0x000000060c000000, 0x0000000645500000, 0x0000000759500000)
  object space 939008K, 58% used [0x000000060c000000,0x000000062d55d630,0x0000000645500000)
 PSPermGen       total 83968K, used 48482K [0x0000000606e00000, 0x000000060c000000, 0x000000060c000000)
  object space 83968K, 57% used [0x0000000606e00000,0x0000000609d58a80,0x000000060c000000)
GC Heap History (10 events):
Event: 9.501 GC heap before
{Heap before GC invocations=7 (full 0):
 PSYoungGen      total 282624K, used 276551K [0x0000000759500000, 0x000000076bc00000, 0x0000000800000000)
  eden space 264192K, 100% used [0x0000000759500000,0x0000000769700000,0x0000000769700000)
  from space 18432K, 67% used [0x000000076aa00000,0x000000076b611f90,0x000000076bc00000)
  to   space 18944K, 0% used [0x0000000769700000,0x0000000769700000,0x000000076a980000)
 ParOldGen       total 175104K, used 9538K [0x000000060c000000, 0x0000000616b00000, 0x0000000759500000)
  object space 175104K, 5% used [0x000000060c000000,0x000000060c950900,0x0000000616b00000)
 PSPermGen       total 46592K, used 46543K [0x0000000606e00000, 0x0000000609b80000, 0x000000060c000000)
  object space 46592K, 99% used [0x0000000606e00000,0x0000000609b73c00,0x0000000609b80000)
Event: 9.513 GC heap after
Heap after GC invocations=7 (full 0):
 PSYoungGen      total 283136K, used 18924K [0x0000000759500000, 0x000000077c800000, 0x0000000800000000)
  eden space 264192K, 0% used [0x0000000759500000,0x0000000759500000,0x0000000769700000)
  from space 18944K, 99% used [0x0000000769700000,0x000000076a97b190,0x000000076a980000)
  to   space 24064K, 0% used [0x000000077b080000,0x000000077b080000,0x000000077c800000)
 ParOldGen       total 175104K, used 14461K [0x000000060c000000, 0x0000000616b00000, 0x0000000759500000)
  object space 175104K, 8% used [0x000000060c000000,0x000000060ce1f7d0,0x0000000616b00000)
 PSPermGen       total 46592K, used 46543K [0x0000000606e00000, 0x0000000609b80000, 0x000000060c000000)
  object space 46592K, 99% used [0x0000000606e00000,0x0000000609b73c00,0x0000000609b80000)
}
Event: 11.183 GC heap before
{Heap before GC invocations=8 (full 0):
 PSYoungGen      total 283136K, used 283116K [0x0000000759500000, 0x000000077c800000, 0x0000000800000000)
  eden space 264192K, 100% used [0x0000000759500000,0x0000000769700000,0x0000000769700000)
  from space 18944K, 99% used [0x0000000769700000,0x000000076a97b190,0x000000076a980000)
  to   space 24064K, 0% used [0x000000077b080000,0x000000077b080000,0x000000077c800000)
 ParOldGen       total 175104K, used 14461K [0x000000060c000000, 0x0000000616b00000, 0x0000000759500000)
  object space 175104K, 8% used [0x000000060c000000,0x000000060ce1f7d0,0x0000000616b00000)
 PSPermGen       total 47616K, used 47556K [0x0000000606e00000, 0x0000000609c80000, 0x000000060c000000)
  object space 47616K, 99% used [0x0000000606e00000,0x0000000609c71088,0x0000000609c80000)
Event: 11.212 GC heap after
Heap after GC invocations=8 (full 0):
 PSYoungGen      total 465408K, used 24057K [0x0000000759500000, 0x0000000787200000, 0x0000000800000000)
  eden space 441344K, 0% used [0x0000000759500000,0x0000000759500000,0x0000000774400000)
  from space 24064K, 99% used [0x000000077b080000,0x000000077c7fe468,0x000000077c800000)
  to   space 111104K, 0% used [0x0000000774400000,0x0000000774400000,0x000000077b080000)
 ParOldGen       total 205824K, used 205409K [0x000000060c000000, 0x0000000618900000, 0x0000000759500000)
  object space 205824K, 99% used [0x000000060c000000,0x0000000618898790,0x0000000618900000)
 PSPermGen       total 47616K, used 47556K [0x0000000606e00000, 0x0000000609c80000, 0x000000060c000000)
  object space 47616K, 99% used [0x0000000606e00000,0x0000000609c71088,0x0000000609c80000)
}
Event: 11.212 GC heap before
{Heap before GC invocations=9 (full 1):
 PSYoungGen      total 465408K, used 24057K [0x0000000759500000, 0x0000000787200000, 0x0000000800000000)
  eden space 441344K, 0% used [0x0000000759500000,0x0000000759500000,0x0000000774400000)
  from space 24064K, 99% used [0x000000077b080000,0x000000077c7fe468,0x000000077c800000)
  to   space 111104K, 0% used [0x0000000774400000,0x0000000774400000,0x000000077b080000)
 ParOldGen       total 205824K, used 205409K [0x000000060c000000, 0x0000000618900000, 0x0000000759500000)
  object space 205824K, 99% used [0x000000060c000000,0x0000000618898790,0x0000000618900000)
 PSPermGen       total 47616K, used 47556K [0x0000000606e00000, 0x0000000609c80000, 0x000000060c000000)
  object space 47616K, 99% used [0x0000000606e00000,0x0000000609c71088,0x0000000609c80000)
Event: 11.389 GC heap after
Heap after GC invocations=9 (full 1):
 PSYoungGen      total 465408K, used 20885K [0x0000000759500000, 0x0000000787200000, 0x0000000800000000)
  eden space 441344K, 0% used [0x0000000759500000,0x0000000759500000,0x0000000774400000)
  from space 24064K, 86% used [0x000000077b080000,0x000000077c4e5560,0x000000077c800000)
  to   space 111104K, 0% used [0x0000000774400000,0x0000000774400000,0x000000077b080000)
 ParOldGen       total 394240K, used 205441K [0x000000060c000000, 0x0000000624100000, 0x0000000759500000)
  object space 394240K, 52% used [0x000000060c000000,0x00000006188a04d0,0x0000000624100000)
 PSPermGen       total 83968K, used 47537K [0x0000000606e00000, 0x000000060c000000, 0x000000060c000000)
  object space 83968K, 56% used [0x0000000606e00000,0x0000000609c6c490,0x000000060c000000)
}
Event: 11.537 GC heap before
{Heap before GC invocations=10 (full 1):
 PSYoungGen      total 465408K, used 462229K [0x0000000759500000, 0x0000000787200000, 0x0000000800000000)
  eden space 441344K, 100% used [0x0000000759500000,0x0000000774400000,0x0000000774400000)
  from space 24064K, 86% used [0x000000077b080000,0x000000077c4e5560,0x000000077c800000)
  to   space 111104K, 0% used [0x0000000774400000,0x0000000774400000,0x000000077b080000)
 ParOldGen       total 394240K, used 205441K [0x000000060c000000, 0x0000000624100000, 0x0000000759500000)
  object space 394240K, 52% used [0x000000060c000000,0x00000006188a04d0,0x0000000624100000)
 PSPermGen       total 83968K, used 48096K [0x0000000606e00000, 0x000000060c000000, 0x000000060c000000)
  object space 83968K, 57% used [0x0000000606e00000,0x0000000609cf8210,0x000000060c000000)
Event: 11.592 GC heap after
Heap after GC invocations=10 (full 1):
 PSYoungGen      total 552448K, used 111095K [0x0000000759500000, 0x00000007a1680000, 0x0000000800000000)
  eden space 441344K, 0% used [0x0000000759500000,0x0000000759500000,0x0000000774400000)
  from space 111104K, 99% used [0x0000000774400000,0x000000077b07dfe0,0x000000077b080000)
  to   space 270336K, 0% used [0x0000000790e80000,0x0000000790e80000,0x00000007a1680000)
 ParOldGen       total 546304K, used 546144K [0x000000060c000000, 0x000000062d580000, 0x0000000759500000)
  object space 546304K, 99% used [0x000000060c000000,0x000000062d558288,0x000000062d580000)
 PSPermGen       total 83968K, used 48096K [0x0000000606e00000, 0x000000060c000000, 0x000000060c000000)
  object space 83968K, 57% used [0x0000000606e00000,0x0000000609cf8210,0x000000060c000000)
}
Event: 11.592 GC heap before
{Heap before GC invocations=11 (full 2):
 PSYoungGen      total 552448K, used 111095K [0x0000000759500000, 0x00000007a1680000, 0x0000000800000000)
  eden space 441344K, 0% used [0x0000000759500000,0x0000000759500000,0x0000000774400000)
  from space 111104K, 99% used [0x0000000774400000,0x000000077b07dfe0,0x000000077b080000)
  to   space 270336K, 0% used [0x0000000790e80000,0x0000000790e80000,0x00000007a1680000)
 ParOldGen       total 546304K, used 546144K [0x000000060c000000, 0x000000062d580000, 0x0000000759500000)
  object space 546304K, 99% used [0x000000060c000000,0x000000062d558288,0x000000062d580000)
 PSPermGen       total 83968K, used 48096K [0x0000000606e00000, 0x000000060c000000, 0x000000060c000000)
  object space 83968K, 57% used [0x0000000606e00000,0x0000000609cf8210,0x000000060c000000)
Event: 11.749 GC heap after
Heap after GC invocations=11 (full 2):
 PSYoungGen      total 552448K, used 106256K [0x0000000759500000, 0x00000007a1680000, 0x0000000800000000)
  eden space 441344K, 0% used [0x0000000759500000,0x0000000759500000,0x0000000774400000)
  from space 111104K, 95% used [0x0000000774400000,0x000000077abc42e8,0x000000077b080000)
  to   space 270336K, 0% used [0x0000000790e80000,0x0000000790e80000,0x00000007a1680000)
 ParOldGen       total 939008K, used 546165K [0x000000060c000000, 0x0000000645500000, 0x0000000759500000)
  object space 939008K, 58% used [0x000000060c000000,0x000000062d55d630,0x0000000645500000)
 PSPermGen       total 83968K, used 48096K [0x0000000606e00000, 0x000000060c000000, 0x000000060c000000)
  object space 83968K, 57% used [0x0000000606e00000,0x0000000609cf8190,0x000000060c000000)
}

