# JRE version: Java(TM) SE Runtime Environment (7.0_45-b18) (build 1.7.0_45-b18)
# Java VM: Java HotSpot(TM) 64-Bit Server VM (24.45-b08 mixed mode linux-amd64 compressed oops)
Heap
 PSYoungGen      total 70144K, used 52596K [0x0000000797d00000, 0x000000079e700000, 0x0000000800000000)
  eden space 44544K, 62% used [0x0000000797d00000,0x0000000799839a30,0x000000079a880000)
  from space 25600K, 96% used [0x000000079c600000,0x000000079de236d0,0x000000079df00000)
  to   space 30208K, 0% used [0x000000079a880000,0x000000079a880000,0x000000079c600000)
 ParOldGen       total 175104K, used 49892K [0x00000006c7800000, 0x00000006d2300000, 0x0000000797d00000)
  object space 175104K, 28% used [0x00000006c7800000,0x00000006ca8b9300,0x00000006d2300000)
 PSPermGen       total 54272K, used 53905K [0x00000006c2600000, 0x00000006c5b00000, 0x00000006c7800000)
  object space 54272K, 99% used [0x00000006c2600000,0x00000006c5aa44d8,0x00000006c5b00000)
GC Heap History (10 events):
Event: 85.339 GC heap before
{Heap before GC invocations=16 (full 0):
 PSYoungGen      total 54272K, used 54176K [0x0000000797d00000, 0x000000079e000000, 0x0000000800000000)
  eden space 53248K, 100% used [0x0000000797d00000,0x000000079b100000,0x000000079b100000)
  from space 1024K, 90% used [0x000000079b200000,0x000000079b2e8020,0x000000079b300000)
  to   space 24064K, 0% used [0x000000079c880000,0x000000079c880000,0x000000079e000000)
 ParOldGen       total 175104K, used 45968K [0x00000006c7800000, 0x00000006d2300000, 0x0000000797d00000)
  object space 175104K, 26% used [0x00000006c7800000,0x00000006ca4e4090,0x00000006d2300000)
 PSPermGen       total 52736K, used 52723K [0x00000006c2600000, 0x00000006c5980000, 0x00000006c7800000)
  object space 52736K, 99% used [0x00000006c2600000,0x00000006c597cd38,0x00000006c5980000)
Event: 85.345 GC heap after
Heap after GC invocations=16 (full 0):
 PSYoungGen      total 74240K, used 3318K [0x0000000797d00000, 0x000000079de00000, 0x0000000800000000)
  eden space 52224K, 0% used [0x0000000797d00000,0x0000000797d00000,0x000000079b000000)
  from space 22016K, 15% used [0x000000079c880000,0x000000079cbbdbc0,0x000000079de00000)
  to   space 23552K, 0% used [0x000000079b000000,0x000000079b000000,0x000000079c700000)
 ParOldGen       total 175104K, used 46659K [0x00000006c7800000, 0x00000006d2300000, 0x0000000797d00000)
  object space 175104K, 26% used [0x00000006c7800000,0x00000006ca590fe8,0x00000006d2300000)
 PSPermGen       total 52736K, used 52723K [0x00000006c2600000, 0x00000006c5980000, 0x00000006c7800000)
  object space 52736K, 99% used [0x00000006c2600000,0x00000006c597cd38,0x00000006c5980000)
}
Event: 115.800 GC heap before
{Heap before GC invocations=17 (full 0):
 PSYoungGen      total 74240K, used 55542K [0x0000000797d00000, 0x000000079de00000, 0x0000000800000000)
  eden space 52224K, 100% used [0x0000000797d00000,0x000000079b000000,0x000000079b000000)
  from space 22016K, 15% used [0x000000079c880000,0x000000079cbbdbc0,0x000000079de00000)
  to   space 23552K, 0% used [0x000000079b000000,0x000000079b000000,0x000000079c700000)
 ParOldGen       total 175104K, used 46659K [0x00000006c7800000, 0x00000006d2300000, 0x0000000797d00000)
  object space 175104K, 26% used [0x00000006c7800000,0x00000006ca590fe8,0x00000006d2300000)
 PSPermGen       total 53248K, used 52794K [0x00000006c2600000, 0x00000006c5a00000, 0x00000006c7800000)
  object space 53248K, 99% used [0x00000006c2600000,0x00000006c598e9e0,0x00000006c5a00000)
Event: 115.802 GC heap after
Heap after GC invocations=17 (full 0):
 PSYoungGen      total 52224K, used 592K [0x0000000797d00000, 0x000000079dc00000, 0x0000000800000000)
  eden space 51200K, 0% used [0x0000000797d00000,0x0000000797d00000,0x000000079af00000)
  from space 1024K, 57% used [0x000000079b000000,0x000000079b094010,0x000000079b100000)
  to   space 23040K, 0% used [0x000000079c580000,0x000000079c580000,0x000000079dc00000)
 ParOldGen       total 175104K, used 47508K [0x00000006c7800000, 0x00000006d2300000, 0x0000000797d00000)
  object space 175104K, 27% used [0x00000006c7800000,0x00000006ca665228,0x00000006d2300000)
 PSPermGen       total 53248K, used 52794K [0x00000006c2600000, 0x00000006c5a00000, 0x00000006c7800000)
  object space 53248K, 99% used [0x00000006c2600000,0x00000006c598e9e0,0x00000006c5a00000)
}
Event: 255.489 GC heap before
{Heap before GC invocations=18 (full 0):
 PSYoungGen      total 52224K, used 51792K [0x0000000797d00000, 0x000000079dc00000, 0x0000000800000000)
  eden space 51200K, 100% used [0x0000000797d00000,0x000000079af00000,0x000000079af00000)
  from space 1024K, 57% used [0x000000079b000000,0x000000079b094010,0x000000079b100000)
  to   space 23040K, 0% used [0x000000079c580000,0x000000079c580000,0x000000079dc00000)
 ParOldGen       total 175104K, used 47508K [0x00000006c7800000, 0x00000006d2300000, 0x0000000797d00000)
  object space 175104K, 27% used [0x00000006c7800000,0x00000006ca665228,0x00000006d2300000)
 PSPermGen       total 53248K, used 52967K [0x00000006c2600000, 0x00000006c5a00000, 0x00000006c7800000)
  object space 53248K, 99% used [0x00000006c2600000,0x00000006c59b9e48,0x00000006c5a00000)
Event: 255.492 GC heap after
Heap after GC invocations=18 (full 0):
 PSYoungGen      total 71168K, used 704K [0x0000000797d00000, 0x000000079da00000, 0x0000000800000000)
  eden space 50176K, 0% used [0x0000000797d00000,0x0000000797d00000,0x000000079ae00000)
  from space 20992K, 3% used [0x000000079c580000,0x000000079c630000,0x000000079da00000)
  to   space 22528K, 0% used [0x000000079ae00000,0x000000079ae00000,0x000000079c400000)
 ParOldGen       total 175104K, used 47945K [0x00000006c7800000, 0x00000006d2300000, 0x0000000797d00000)
  object space 175104K, 27% used [0x00000006c7800000,0x00000006ca6d2448,0x00000006d2300000)
 PSPermGen       total 53248K, used 52967K [0x00000006c2600000, 0x00000006c5a00000, 0x00000006c7800000)
  object space 53248K, 99% used [0x00000006c2600000,0x00000006c59b9e48,0x00000006c5a00000)
}
Event: 259.816 GC heap before
{Heap before GC invocations=19 (full 0):
 PSYoungGen      total 71168K, used 50880K [0x0000000797d00000, 0x000000079da00000, 0x0000000800000000)
  eden space 50176K, 100% used [0x0000000797d00000,0x000000079ae00000,0x000000079ae00000)
  from space 20992K, 3% used [0x000000079c580000,0x000000079c630000,0x000000079da00000)
  to   space 22528K, 0% used [0x000000079ae00000,0x000000079ae00000,0x000000079c400000)
 ParOldGen       total 175104K, used 47945K [0x00000006c7800000, 0x00000006d2300000, 0x0000000797d00000)
  object space 175104K, 27% used [0x00000006c7800000,0x00000006ca6d2448,0x00000006d2300000)
 PSPermGen       total 53760K, used 53726K [0x00000006c2600000, 0x00000006c5a80000, 0x00000006c7800000)
  object space 53760K, 99% used [0x00000006c2600000,0x00000006c5a77ac0,0x00000006c5a80000)
Event: 259.820 GC heap after
Heap after GC invocations=19 (full 0):
 PSYoungGen      total 71680K, used 18766K [0x0000000797d00000, 0x000000079df00000, 0x0000000800000000)
  eden space 49152K, 0% used [0x0000000797d00000,0x0000000797d00000,0x000000079ad00000)
  from space 22528K, 83% used [0x000000079ae00000,0x000000079c053a50,0x000000079c400000)
  to   space 25600K, 0% used [0x000000079c600000,0x000000079c600000,0x000000079df00000)
 ParOldGen       total 175104K, used 48173K [0x00000006c7800000, 0x00000006d2300000, 0x0000000797d00000)
  object space 175104K, 27% used [0x00000006c7800000,0x00000006ca70b458,0x00000006d2300000)
 PSPermGen       total 53760K, used 53726K [0x00000006c2600000, 0x00000006c5a80000, 0x00000006c7800000)
  object space 53760K, 99% used [0x00000006c2600000,0x00000006c5a77ac0,0x00000006c5a80000)
}
Event: 262.888 GC heap before
{Heap before GC invocations=20 (full 0):
 PSYoungGen      total 71680K, used 67918K [0x0000000797d00000, 0x000000079df00000, 0x0000000800000000)
  eden space 49152K, 100% used [0x0000000797d00000,0x000000079ad00000,0x000000079ad00000)
  from space 22528K, 83% used [0x000000079ae00000,0x000000079c053a50,0x000000079c400000)
  to   space 25600K, 0% used [0x000000079c600000,0x000000079c600000,0x000000079df00000)
 ParOldGen       total 175104K, used 48173K [0x00000006c7800000, 0x00000006d2300000, 0x0000000797d00000)
  object space 175104K, 27% used [0x00000006c7800000,0x00000006ca70b458,0x00000006d2300000)
 PSPermGen       total 54272K, used 53847K [0x00000006c2600000, 0x00000006c5b00000, 0x00000006c7800000)
  object space 54272K, 99% used [0x00000006c2600000,0x00000006c5a95fa8,0x00000006c5b00000)
Event: 262.894 GC heap after
Heap after GC invocations=20 (full 0):
 PSYoungGen      total 70144K, used 24717K [0x0000000797d00000, 0x000000079e700000, 0x0000000800000000)
  eden space 44544K, 0% used [0x0000000797d00000,0x0000000797d00000,0x000000079a880000)
  from space 25600K, 96% used [0x000000079c600000,0x000000079de236d0,0x000000079df00000)
  to   space 30208K, 0% used [0x000000079a880000,0x000000079a880000,0x000000079c600000)
 ParOldGen       total 175104K, used 49892K [0x00000006c7800000, 0x00000006d2300000, 0x0000000797d00000)
  object space 175104K, 28% used [0x00000006c7800000,0x00000006ca8b9300,0x00000006d2300000)
 PSPermGen       total 54272K, used 53847K [0x00000006c2600000, 0x00000006c5b00000, 0x00000006c7800000)
  object space 54272K, 99% used [0x00000006c2600000,0x00000006c5a95fa8,0x00000006c5b00000)
}

