# JRE version: Java(TM) SE Runtime Environment (7.0_45-b18) (build 1.7.0_45-b18)
# Java VM: Java HotSpot(TM) 64-Bit Server VM (24.45-b08 mixed mode linux-amd64 compressed oops)
Heap
 PSYoungGen      total 143872K, used 22913K [0x0000000797d00000, 0x00000007a2e00000, 0x0000000800000000)
  eden space 117760K, 18% used [0x0000000797d00000,0x00000007992c4ce0,0x000000079f000000)
  from space 26112K, 2% used [0x00000007a1480000,0x00000007a151b778,0x00000007a2e00000)
  to   space 31744K, 0% used [0x000000079f000000,0x000000079f000000,0x00000007a0f00000)
 ParOldGen       total 175104K, used 131421K [0x00000006c7800000, 0x00000006d2300000, 0x0000000797d00000)
  object space 175104K, 75% used [0x00000006c7800000,0x00000006cf857538,0x00000006d2300000)
 PSPermGen       total 56320K, used 56220K [0x00000006c2600000, 0x00000006c5d00000, 0x00000006c7800000)
  object space 56320K, 99% used [0x00000006c2600000,0x00000006c5ce72e0,0x00000006c5d00000)
GC Heap History (10 events):
Event: 5973.995 GC heap before
{Heap before GC invocations=22 (full 0):
 PSYoungGen      total 138752K, used 138592K [0x0000000797d00000, 0x00000007a5400000, 0x0000000800000000)
  eden space 138240K, 100% used [0x0000000797d00000,0x00000007a0400000,0x00000007a0400000)
  from space 512K, 68% used [0x00000007a0880000,0x00000007a08d8000,0x00000007a0900000)
  to   space 40960K, 0% used [0x00000007a2c00000,0x00000007a2c00000,0x00000007a5400000)
 ParOldGen       total 175104K, used 130693K [0x00000006c7800000, 0x00000006d2300000, 0x0000000797d00000)
  object space 175104K, 74% used [0x00000006c7800000,0x00000006cf7a1538,0x00000006d2300000)
 PSPermGen       total 56320K, used 56128K [0x00000006c2600000, 0x00000006c5d00000, 0x00000006c7800000)
  object space 56320K, 99% used [0x00000006c2600000,0x00000006c5cd0328,0x00000006c5d00000)
Event: 5973.998 GC heap after
Heap after GC invocations=22 (full 0):
 PSYoungGen      total 165888K, used 641K [0x0000000797d00000, 0x00000007a4b80000, 0x0000000800000000)
  eden space 133632K, 0% used [0x0000000797d00000,0x0000000797d00000,0x000000079ff80000)
  from space 32256K, 1% used [0x00000007a2c00000,0x00000007a2ca0790,0x00000007a4b80000)
  to   space 38912K, 0% used [0x000000079ff80000,0x000000079ff80000,0x00000007a2580000)
 ParOldGen       total 175104K, used 130717K [0x00000006c7800000, 0x00000006d2300000, 0x0000000797d00000)
  object space 175104K, 74% used [0x00000006c7800000,0x00000006cf7a7538,0x00000006d2300000)
 PSPermGen       total 56320K, used 56128K [0x00000006c2600000, 0x00000006c5d00000, 0x00000006c7800000)
  object space 56320K, 99% used [0x00000006c2600000,0x00000006c5cd0328,0x00000006c5d00000)
}
Event: 5979.652 GC heap before
{Heap before GC invocations=23 (full 0):
 PSYoungGen      total 165888K, used 134273K [0x0000000797d00000, 0x00000007a4b80000, 0x0000000800000000)
  eden space 133632K, 100% used [0x0000000797d00000,0x000000079ff80000,0x000000079ff80000)
  from space 32256K, 1% used [0x00000007a2c00000,0x00000007a2ca0790,0x00000007a4b80000)
  to   space 38912K, 0% used [0x000000079ff80000,0x000000079ff80000,0x00000007a2580000)
 ParOldGen       total 175104K, used 130717K [0x00000006c7800000, 0x00000006d2300000, 0x0000000797d00000)
  object space 175104K, 74% used [0x00000006c7800000,0x00000006cf7a7538,0x00000006d2300000)
 PSPermGen       total 56320K, used 56140K [0x00000006c2600000, 0x00000006c5d00000, 0x00000006c7800000)
  object space 56320K, 99% used [0x00000006c2600000,0x00000006c5cd3138,0x00000006c5d00000)
Event: 5979.655 GC heap after
Heap after GC invocations=23 (full 0):
 PSYoungGen      total 130048K, used 389K [0x0000000797d00000, 0x00000007a4480000, 0x0000000800000000)
  eden space 129536K, 0% used [0x0000000797d00000,0x0000000797d00000,0x000000079fb80000)
  from space 512K, 76% used [0x000000079ff80000,0x000000079ffe1668,0x00000007a0000000)
  to   space 37376K, 0% used [0x00000007a2000000,0x00000007a2000000,0x00000007a4480000)
 ParOldGen       total 175104K, used 131061K [0x00000006c7800000, 0x00000006d2300000, 0x0000000797d00000)
  object space 175104K, 74% used [0x00000006c7800000,0x00000006cf7fd538,0x00000006d2300000)
 PSPermGen       total 56320K, used 56140K [0x00000006c2600000, 0x00000006c5d00000, 0x00000006c7800000)
  object space 56320K, 99% used [0x00000006c2600000,0x00000006c5cd3138,0x00000006c5d00000)
}
Event: 6101.364 GC heap before
{Heap before GC invocations=24 (full 0):
 PSYoungGen      total 130048K, used 129925K [0x0000000797d00000, 0x00000007a4480000, 0x0000000800000000)
  eden space 129536K, 100% used [0x0000000797d00000,0x000000079fb80000,0x000000079fb80000)
  from space 512K, 76% used [0x000000079ff80000,0x000000079ffe1668,0x00000007a0000000)
  to   space 37376K, 0% used [0x00000007a2000000,0x00000007a2000000,0x00000007a4480000)
 ParOldGen       total 175104K, used 131061K [0x00000006c7800000, 0x00000006d2300000, 0x0000000797d00000)
  object space 175104K, 74% used [0x00000006c7800000,0x00000006cf7fd538,0x00000006d2300000)
 PSPermGen       total 56320K, used 56147K [0x00000006c2600000, 0x00000006c5d00000, 0x00000006c7800000)
  object space 56320K, 99% used [0x00000006c2600000,0x00000006c5cd4f70,0x00000006c5d00000)
Event: 6101.367 GC heap after
Heap after GC invocations=24 (full 0):
 PSYoungGen      total 154624K, used 583K [0x0000000797d00000, 0x00000007a3c80000, 0x0000000800000000)
  eden space 125440K, 0% used [0x0000000797d00000,0x0000000797d00000,0x000000079f780000)
  from space 29184K, 2% used [0x00000007a2000000,0x00000007a2091f00,0x00000007a3c80000)
  to   space 35328K, 0% used [0x000000079f780000,0x000000079f780000,0x00000007a1a00000)
 ParOldGen       total 175104K, used 131069K [0x00000006c7800000, 0x00000006d2300000, 0x0000000797d00000)
  object space 175104K, 74% used [0x00000006c7800000,0x00000006cf7ff538,0x00000006d2300000)
 PSPermGen       total 56320K, used 56147K [0x00000006c2600000, 0x00000006c5d00000, 0x00000006c7800000)
  object space 56320K, 99% used [0x00000006c2600000,0x00000006c5cd4f70,0x00000006c5d00000)
}
Event: 6178.104 GC heap before
{Heap before GC invocations=25 (full 0):
 PSYoungGen      total 154624K, used 126023K [0x0000000797d00000, 0x00000007a3c80000, 0x0000000800000000)
  eden space 125440K, 100% used [0x0000000797d00000,0x000000079f780000,0x000000079f780000)
  from space 29184K, 2% used [0x00000007a2000000,0x00000007a2091f00,0x00000007a3c80000)
  to   space 35328K, 0% used [0x000000079f780000,0x000000079f780000,0x00000007a1a00000)
 ParOldGen       total 175104K, used 131069K [0x00000006c7800000, 0x00000006d2300000, 0x0000000797d00000)
  object space 175104K, 74% used [0x00000006c7800000,0x00000006cf7ff538,0x00000006d2300000)
 PSPermGen       total 56320K, used 56151K [0x00000006c2600000, 0x00000006c5d00000, 0x00000006c7800000)
  object space 56320K, 99% used [0x00000006c2600000,0x00000006c5cd5f00,0x00000006c5d00000)
Event: 6178.107 GC heap after
Heap after GC invocations=25 (full 0):
 PSYoungGen      total 121856K, used 363K [0x0000000797d00000, 0x00000007a3580000, 0x0000000800000000)
  eden space 121344K, 0% used [0x0000000797d00000,0x0000000797d00000,0x000000079f380000)
  from space 512K, 70% used [0x000000079f780000,0x000000079f7dac48,0x000000079f800000)
  to   space 33792K, 0% used [0x00000007a1480000,0x00000007a1480000,0x00000007a3580000)
 ParOldGen       total 175104K, used 131389K [0x00000006c7800000, 0x00000006d2300000, 0x0000000797d00000)
  object space 175104K, 75% used [0x00000006c7800000,0x00000006cf84f538,0x00000006d2300000)
 PSPermGen       total 56320K, used 56151K [0x00000006c2600000, 0x00000006c5d00000, 0x00000006c7800000)
  object space 56320K, 99% used [0x00000006c2600000,0x00000006c5cd5f00,0x00000006c5d00000)
}
Event: 6380.242 GC heap before
{Heap before GC invocations=26 (full 0):
 PSYoungGen      total 121856K, used 121707K [0x0000000797d00000, 0x00000007a3580000, 0x0000000800000000)
  eden space 121344K, 100% used [0x0000000797d00000,0x000000079f380000,0x000000079f380000)
  from space 512K, 70% used [0x000000079f780000,0x000000079f7dac48,0x000000079f800000)
  to   space 33792K, 0% used [0x00000007a1480000,0x00000007a1480000,0x00000007a3580000)
 ParOldGen       total 175104K, used 131389K [0x00000006c7800000, 0x00000006d2300000, 0x0000000797d00000)
  object space 175104K, 75% used [0x00000006c7800000,0x00000006cf84f538,0x00000006d2300000)
 PSPermGen       total 56320K, used 56162K [0x00000006c2600000, 0x00000006c5d00000, 0x00000006c7800000)
  object space 56320K, 99% used [0x00000006c2600000,0x00000006c5cd8908,0x00000006c5d00000)
Event: 6380.245 GC heap after
Heap after GC invocations=26 (full 0):
 PSYoungGen      total 143872K, used 621K [0x0000000797d00000, 0x00000007a2e00000, 0x0000000800000000)
  eden space 117760K, 0% used [0x0000000797d00000,0x0000000797d00000,0x000000079f000000)
  from space 26112K, 2% used [0x00000007a1480000,0x00000007a151b778,0x00000007a2e00000)
  to   space 31744K, 0% used [0x000000079f000000,0x000000079f000000,0x00000007a0f00000)
 ParOldGen       total 175104K, used 131421K [0x00000006c7800000, 0x00000006d2300000, 0x0000000797d00000)
  object space 175104K, 75% used [0x00000006c7800000,0x00000006cf857538,0x00000006d2300000)
 PSPermGen       total 56320K, used 56162K [0x00000006c2600000, 0x00000006c5d00000, 0x00000006c7800000)
  object space 56320K, 99% used [0x00000006c2600000,0x00000006c5cd8908,0x00000006c5d00000)
}

