# JRE version: Java(TM) SE Runtime Environment (7.0_51-b13) (build 1.7.0_51-b13)
# Java VM: Java HotSpot(TM) 64-Bit Server VM (24.51-b03 mixed mode linux-amd64 compressed oops)
Heap
 PSYoungGen      total 620544K, used 214816K [0x0000000759500000, 0x0000000796e80000, 0x0000000800000000)
  eden space 292864K, 0% used [0x0000000759500000,0x0000000759500000,0x000000076b300000)
  from space 327680K, 65% used [0x000000076b300000,0x00000007784c8000,0x000000077f300000)
  to   space 339456K, 0% used [0x0000000782300000,0x0000000782300000,0x0000000796e80000)
 ParOldGen       total 1030144K, used 958410K [0x000000060c000000, 0x000000064ae00000, 0x0000000759500000)
  object space 1030144K, 93% used [0x000000060c000000,0x00000006467f2848,0x000000064ae00000)
 PSPermGen       total 83968K, used 54124K [0x0000000606e00000, 0x000000060c000000, 0x000000060c000000)
  object space 83968K, 64% used [0x0000000606e00000,0x000000060a2db248,0x000000060c000000)
GC Heap History (10 events):
Event: 122.342 GC heap after
Heap after GC invocations=25 (full 4):
 PSYoungGen      total 485888K, used 145728K [0x0000000759500000, 0x0000000787000000, 0x0000000800000000)
  eden space 294400K, 0% used [0x0000000759500000,0x0000000759500000,0x000000076b480000)
  from space 191488K, 76% used [0x000000076b480000,0x00000007742d0000,0x0000000776f80000)
  to   space 205312K, 0% used [0x000000077a780000,0x000000077a780000,0x0000000787000000)
 ParOldGen       total 1030144K, used 710682K [0x000000060c000000, 0x000000064ae00000, 0x0000000759500000)
  object space 1030144K, 68% used [0x000000060c000000,0x0000000637606848,0x000000064ae00000)
 PSPermGen       total 83968K, used 54124K [0x0000000606e00000, 0x000000060c000000, 0x000000060c000000)
  object space 83968K, 64% used [0x0000000606e00000,0x000000060a2db248,0x000000060c000000)
}
Event: 123.378 GC heap before
{Heap before GC invocations=26 (full 4):
 PSYoungGen      total 485888K, used 440128K [0x0000000759500000, 0x0000000787000000, 0x0000000800000000)
  eden space 294400K, 100% used [0x0000000759500000,0x000000076b480000,0x000000076b480000)
  from space 191488K, 76% used [0x000000076b480000,0x00000007742d0000,0x0000000776f80000)
  to   space 205312K, 0% used [0x000000077a780000,0x000000077a780000,0x0000000787000000)
 ParOldGen       total 1030144K, used 710682K [0x000000060c000000, 0x000000064ae00000, 0x0000000759500000)
  object space 1030144K, 68% used [0x000000060c000000,0x0000000637606848,0x000000064ae00000)
 PSPermGen       total 83968K, used 54124K [0x0000000606e00000, 0x000000060c000000, 0x000000060c000000)
  object space 83968K, 64% used [0x0000000606e00000,0x000000060a2db248,0x000000060c000000)
Event: 123.778 GC heap after
Heap after GC invocations=26 (full 4):
 PSYoungGen      total 502784K, used 205312K [0x0000000759500000, 0x000000078c180000, 0x0000000800000000)
  eden space 297472K, 0% used [0x0000000759500000,0x0000000759500000,0x000000076b780000)
  from space 205312K, 100% used [0x000000077a780000,0x0000000787000000,0x0000000787000000)
  to   space 245760K, 0% used [0x000000076b780000,0x000000076b780000,0x000000077a780000)
 ParOldGen       total 1030144K, used 731162K [0x000000060c000000, 0x000000064ae00000, 0x0000000759500000)
  object space 1030144K, 70% used [0x000000060c000000,0x0000000638a06848,0x000000064ae00000)
 PSPermGen       total 83968K, used 54124K [0x0000000606e00000, 0x000000060c000000, 0x000000060c000000)
  object space 83968K, 64% used [0x0000000606e00000,0x000000060a2db248,0x000000060c000000)
}
Event: 124.738 GC heap before
{Heap before GC invocations=27 (full 4):
 PSYoungGen      total 502784K, used 502784K [0x0000000759500000, 0x000000078c180000, 0x0000000800000000)
  eden space 297472K, 100% used [0x0000000759500000,0x000000076b780000,0x000000076b780000)
  from space 205312K, 100% used [0x000000077a780000,0x0000000787000000,0x0000000787000000)
  to   space 245760K, 0% used [0x000000076b780000,0x000000076b780000,0x000000077a780000)
 ParOldGen       total 1030144K, used 731162K [0x000000060c000000, 0x000000064ae00000, 0x0000000759500000)
  object space 1030144K, 70% used [0x000000060c000000,0x0000000638a06848,0x000000064ae00000)
 PSPermGen       total 83968K, used 54124K [0x0000000606e00000, 0x000000060c000000, 0x000000060c000000)
  object space 83968K, 64% used [0x0000000606e00000,0x000000060a2db248,0x000000060c000000)
Event: 125.094 GC heap after
Heap after GC invocations=27 (full 4):
 PSYoungGen      total 543232K, used 216960K [0x0000000759500000, 0x000000078ff80000, 0x0000000800000000)
  eden space 297472K, 0% used [0x0000000759500000,0x0000000759500000,0x000000076b780000)
  from space 245760K, 88% used [0x000000076b780000,0x0000000778b60000,0x000000077a780000)
  to   space 274944K, 0% used [0x000000077f300000,0x000000077f300000,0x000000078ff80000)
 ParOldGen       total 1030144K, used 798850K [0x000000060c000000, 0x000000064ae00000, 0x0000000759500000)
  object space 1030144K, 77% used [0x000000060c000000,0x000000063cc20848,0x000000064ae00000)
 PSPermGen       total 83968K, used 54124K [0x0000000606e00000, 0x000000060c000000, 0x000000060c000000)
  object space 83968K, 64% used [0x0000000606e00000,0x000000060a2db248,0x000000060c000000)
}
Event: 126.052 GC heap before
{Heap before GC invocations=28 (full 4):
 PSYoungGen      total 543232K, used 514432K [0x0000000759500000, 0x000000078ff80000, 0x0000000800000000)
  eden space 297472K, 100% used [0x0000000759500000,0x000000076b780000,0x000000076b780000)
  from space 245760K, 88% used [0x000000076b780000,0x0000000778b60000,0x000000077a780000)
  to   space 274944K, 0% used [0x000000077f300000,0x000000077f300000,0x000000078ff80000)
 ParOldGen       total 1030144K, used 798850K [0x000000060c000000, 0x000000064ae00000, 0x0000000759500000)
  object space 1030144K, 77% used [0x000000060c000000,0x000000063cc20848,0x000000064ae00000)
 PSPermGen       total 83968K, used 54124K [0x0000000606e00000, 0x000000060c000000, 0x000000060c000000)
  object space 83968K, 64% used [0x0000000606e00000,0x000000060a2db248,0x000000060c000000)
Event: 126.422 GC heap after
Heap after GC invocations=28 (full 4):
 PSYoungGen      total 567808K, used 274944K [0x0000000759500000, 0x0000000796800000, 0x0000000800000000)
  eden space 292864K, 0% used [0x0000000759500000,0x0000000759500000,0x000000076b300000)
  from space 274944K, 100% used [0x000000077f300000,0x000000078ff80000,0x000000078ff80000)
  to   space 327680K, 0% used [0x000000076b300000,0x000000076b300000,0x000000077f300000)
 ParOldGen       total 1030144K, used 819954K [0x000000060c000000, 0x000000064ae00000, 0x0000000759500000)
  object space 1030144K, 79% used [0x000000060c000000,0x000000063e0bc848,0x000000064ae00000)
 PSPermGen       total 83968K, used 54124K [0x0000000606e00000, 0x000000060c000000, 0x000000060c000000)
  object space 83968K, 64% used [0x0000000606e00000,0x000000060a2db248,0x000000060c000000)
}
Event: 127.367 GC heap before
{Heap before GC invocations=29 (full 4):
 PSYoungGen      total 567808K, used 567808K [0x0000000759500000, 0x0000000796800000, 0x0000000800000000)
  eden space 292864K, 100% used [0x0000000759500000,0x000000076b300000,0x000000076b300000)
  from space 274944K, 100% used [0x000000077f300000,0x000000078ff80000,0x000000078ff80000)
  to   space 327680K, 0% used [0x000000076b300000,0x000000076b300000,0x000000077f300000)
 ParOldGen       total 1030144K, used 819954K [0x000000060c000000, 0x000000064ae00000, 0x0000000759500000)
  object space 1030144K, 79% used [0x000000060c000000,0x000000063e0bc848,0x000000064ae00000)
 PSPermGen       total 83968K, used 54124K [0x0000000606e00000, 0x000000060c000000, 0x000000060c000000)
  object space 83968K, 64% used [0x0000000606e00000,0x000000060a2db248,0x000000060c000000)
Event: 127.696 GC heap after
Heap after GC invocations=29 (full 4):
 PSYoungGen      total 620544K, used 214816K [0x0000000759500000, 0x0000000796e80000, 0x0000000800000000)
  eden space 292864K, 0% used [0x0000000759500000,0x0000000759500000,0x000000076b300000)
  from space 327680K, 65% used [0x000000076b300000,0x00000007784c8000,0x000000077f300000)
  to   space 339456K, 0% used [0x0000000782300000,0x0000000782300000,0x0000000796e80000)
 ParOldGen       total 1030144K, used 958410K [0x000000060c000000, 0x000000064ae00000, 0x0000000759500000)
  object space 1030144K, 93% used [0x000000060c000000,0x00000006467f2848,0x000000064ae00000)
 PSPermGen       total 83968K, used 54124K [0x0000000606e00000, 0x000000060c000000, 0x000000060c000000)
  object space 83968K, 64% used [0x0000000606e00000,0x000000060a2db248,0x000000060c000000)
}
Event: 127.696 GC heap before
{Heap before GC invocations=30 (full 5):
 PSYoungGen      total 620544K, used 214816K [0x0000000759500000, 0x0000000796e80000, 0x0000000800000000)
  eden space 292864K, 0% used [0x0000000759500000,0x0000000759500000,0x000000076b300000)
  from space 327680K, 65% used [0x000000076b300000,0x00000007784c8000,0x000000077f300000)
  to   space 339456K, 0% used [0x0000000782300000,0x0000000782300000,0x0000000796e80000)
 ParOldGen       total 1030144K, used 958410K [0x000000060c000000, 0x000000064ae00000, 0x0000000759500000)
  object space 1030144K, 93% used [0x000000060c000000,0x00000006467f2848,0x000000064ae00000)
 PSPermGen       total 83968K, used 54124K [0x0000000606e00000, 0x000000060c000000, 0x000000060c000000)
  object space 83968K, 64% used [0x0000000606e00000,0x000000060a2db248,0x000000060c000000)

