# JRE version: Java(TM) SE Runtime Environment (7.0_45-b18) (build 1.7.0_45-b18)
# Java VM: Java HotSpot(TM) 64-Bit Server VM (24.45-b08 mixed mode linux-amd64 compressed oops)
Heap
 PSYoungGen      total 283136K, used 124004K [0x0000000797d00000, 0x00000007bab00000, 0x0000000800000000)
  eden space 264192K, 40% used [0x0000000797d00000,0x000000079e43ef70,0x00000007a7f00000)
  from space 18944K, 96% used [0x00000007a7f00000,0x00000007a90da360,0x00000007a9180000)
  to   space 21504K, 0% used [0x00000007b9600000,0x00000007b9600000,0x00000007bab00000)
 ParOldGen       total 175104K, used 13836K [0x00000006c7800000, 0x00000006d2300000, 0x0000000797d00000)
  object space 175104K, 7% used [0x00000006c7800000,0x00000006c85833a8,0x00000006d2300000)
 PSPermGen       total 52736K, used 52646K [0x00000006c2600000, 0x00000006c5980000, 0x00000006c7800000)
  object space 52736K, 99% used [0x00000006c2600000,0x00000006c5969b00,0x00000006c5980000)
GC Heap History (10 events):
Event: 1.987 GC heap before
{Heap before GC invocations=3 (full 0):
 PSYoungGen      total 76800K, used 75293K [0x0000000797d00000, 0x000000079d280000, 0x0000000800000000)
  eden space 66048K, 100% used [0x0000000797d00000,0x000000079bd80000,0x000000079bd80000)
  from space 10752K, 85% used [0x000000079c800000,0x000000079d107730,0x000000079d280000)
  to   space 10752K, 0% used [0x000000079bd80000,0x000000079bd80000,0x000000079c800000)
 ParOldGen       total 175104K, used 80K [0x00000006c7800000, 0x00000006d2300000, 0x0000000797d00000)
  object space 175104K, 0% used [0x00000006c7800000,0x00000006c7814010,0x00000006d2300000)
 PSPermGen       total 29184K, used 28878K [0x00000006c2600000, 0x00000006c4280000, 0x00000006c7800000)
  object space 29184K, 98% used [0x00000006c2600000,0x00000006c4233828,0x00000006c4280000)
Event: 1.994 GC heap after
Heap after GC invocations=3 (full 0):
 PSYoungGen      total 76800K, used 10725K [0x0000000797d00000, 0x00000007a1300000, 0x0000000800000000)
  eden space 66048K, 0% used [0x0000000797d00000,0x0000000797d00000,0x000000079bd80000)
  from space 10752K, 99% used [0x000000079bd80000,0x000000079c7f9540,0x000000079c800000)
  to   space 10752K, 0% used [0x00000007a0880000,0x00000007a0880000,0x00000007a1300000)
 ParOldGen       total 175104K, used 1857K [0x00000006c7800000, 0x00000006d2300000, 0x0000000797d00000)
  object space 175104K, 1% used [0x00000006c7800000,0x00000006c79d06a0,0x00000006d2300000)
 PSPermGen       total 29184K, used 28878K [0x00000006c2600000, 0x00000006c4280000, 0x00000006c7800000)
  object space 29184K, 98% used [0x00000006c2600000,0x00000006c4233828,0x00000006c4280000)
}
Event: 2.272 GC heap before
{Heap before GC invocations=4 (full 0):
 PSYoungGen      total 76800K, used 76773K [0x0000000797d00000, 0x00000007a1300000, 0x0000000800000000)
  eden space 66048K, 100% used [0x0000000797d00000,0x000000079bd80000,0x000000079bd80000)
  from space 10752K, 99% used [0x000000079bd80000,0x000000079c7f9540,0x000000079c800000)
  to   space 10752K, 0% used [0x00000007a0880000,0x00000007a0880000,0x00000007a1300000)
 ParOldGen       total 175104K, used 1857K [0x00000006c7800000, 0x00000006d2300000, 0x0000000797d00000)
  object space 175104K, 1% used [0x00000006c7800000,0x00000006c79d06a0,0x00000006d2300000)
 PSPermGen       total 32768K, used 32711K [0x00000006c2600000, 0x00000006c4600000, 0x00000006c7800000)
  object space 32768K, 99% used [0x00000006c2600000,0x00000006c45f1e70,0x00000006c4600000)
Event: 2.279 GC heap after
Heap after GC invocations=4 (full 0):
 PSYoungGen      total 142848K, used 10730K [0x0000000797d00000, 0x00000007a1300000, 0x0000000800000000)
  eden space 132096K, 0% used [0x0000000797d00000,0x0000000797d00000,0x000000079fe00000)
  from space 10752K, 99% used [0x00000007a0880000,0x00000007a12fab00,0x00000007a1300000)
  to   space 10752K, 0% used [0x000000079fe00000,0x000000079fe00000,0x00000007a0880000)
 ParOldGen       total 175104K, used 4403K [0x00000006c7800000, 0x00000006d2300000, 0x0000000797d00000)
  object space 175104K, 2% used [0x00000006c7800000,0x00000006c7c4cd80,0x00000006d2300000)
 PSPermGen       total 32768K, used 32711K [0x00000006c2600000, 0x00000006c4600000, 0x00000006c7800000)
  object space 32768K, 99% used [0x00000006c2600000,0x00000006c45f1e70,0x00000006c4600000)
}
Event: 2.823 GC heap before
{Heap before GC invocations=5 (full 0):
 PSYoungGen      total 142848K, used 142826K [0x0000000797d00000, 0x00000007a1300000, 0x0000000800000000)
  eden space 132096K, 100% used [0x0000000797d00000,0x000000079fe00000,0x000000079fe00000)
  from space 10752K, 99% used [0x00000007a0880000,0x00000007a12fab00,0x00000007a1300000)
  to   space 10752K, 0% used [0x000000079fe00000,0x000000079fe00000,0x00000007a0880000)
 ParOldGen       total 175104K, used 4403K [0x00000006c7800000, 0x00000006d2300000, 0x0000000797d00000)
  object space 175104K, 2% used [0x00000006c7800000,0x00000006c7c4cd80,0x00000006d2300000)
 PSPermGen       total 37888K, used 37594K [0x00000006c2600000, 0x00000006c4b00000, 0x00000006c7800000)
  object space 37888K, 99% used [0x00000006c2600000,0x00000006c4ab6930,0x00000006c4b00000)
Event: 2.832 GC heap after
Heap after GC invocations=5 (full 0):
 PSYoungGen      total 142848K, used 10741K [0x0000000797d00000, 0x00000007aa400000, 0x0000000800000000)
  eden space 132096K, 0% used [0x0000000797d00000,0x0000000797d00000,0x000000079fe00000)
  from space 10752K, 99% used [0x000000079fe00000,0x00000007a087d5a0,0x00000007a0880000)
  to   space 18944K, 0% used [0x00000007a9180000,0x00000007a9180000,0x00000007aa400000)
 ParOldGen       total 175104K, used 8676K [0x00000006c7800000, 0x00000006d2300000, 0x0000000797d00000)
  object space 175104K, 4% used [0x00000006c7800000,0x00000006c80792e8,0x00000006d2300000)
 PSPermGen       total 37888K, used 37594K [0x00000006c2600000, 0x00000006c4b00000, 0x00000006c7800000)
  object space 37888K, 99% used [0x00000006c2600000,0x00000006c4ab6930,0x00000006c4b00000)
}
Event: 3.201 GC heap before
{Heap before GC invocations=6 (full 0):
 PSYoungGen      total 142848K, used 142837K [0x0000000797d00000, 0x00000007aa400000, 0x0000000800000000)
  eden space 132096K, 100% used [0x0000000797d00000,0x000000079fe00000,0x000000079fe00000)
  from space 10752K, 99% used [0x000000079fe00000,0x00000007a087d5a0,0x00000007a0880000)
  to   space 18944K, 0% used [0x00000007a9180000,0x00000007a9180000,0x00000007aa400000)
 ParOldGen       total 175104K, used 8676K [0x00000006c7800000, 0x00000006d2300000, 0x0000000797d00000)
  object space 175104K, 4% used [0x00000006c7800000,0x00000006c80792e8,0x00000006d2300000)
 PSPermGen       total 39424K, used 38961K [0x00000006c2600000, 0x00000006c4c80000, 0x00000006c7800000)
  object space 39424K, 98% used [0x00000006c2600000,0x00000006c4c0c770,0x00000006c4c80000)
Event: 3.209 GC heap after
Heap after GC invocations=6 (full 0):
 PSYoungGen      total 283136K, used 13442K [0x0000000797d00000, 0x00000007aa400000, 0x0000000800000000)
  eden space 264192K, 0% used [0x0000000797d00000,0x0000000797d00000,0x00000007a7f00000)
  from space 18944K, 70% used [0x00000007a9180000,0x00000007a9ea0b80,0x00000007aa400000)
  to   space 18944K, 0% used [0x00000007a7f00000,0x00000007a7f00000,0x00000007a9180000)
 ParOldGen       total 175104K, used 8676K [0x00000006c7800000, 0x00000006d2300000, 0x0000000797d00000)
  object space 175104K, 4% used [0x00000006c7800000,0x00000006c80792e8,0x00000006d2300000)
 PSPermGen       total 39424K, used 38961K [0x00000006c2600000, 0x00000006c4c80000, 0x00000006c7800000)
  object space 39424K, 98% used [0x00000006c2600000,0x00000006c4c0c770,0x00000006c4c80000)
}
Event: 17.075 GC heap before
{Heap before GC invocations=7 (full 0):
 PSYoungGen      total 283136K, used 277634K [0x0000000797d00000, 0x00000007aa400000, 0x0000000800000000)
  eden space 264192K, 100% used [0x0000000797d00000,0x00000007a7f00000,0x00000007a7f00000)
  from space 18944K, 70% used [0x00000007a9180000,0x00000007a9ea0b80,0x00000007aa400000)
  to   space 18944K, 0% used [0x00000007a7f00000,0x00000007a7f00000,0x00000007a9180000)
 ParOldGen       total 175104K, used 8676K [0x00000006c7800000, 0x00000006d2300000, 0x0000000797d00000)
  object space 175104K, 4% used [0x00000006c7800000,0x00000006c80792e8,0x00000006d2300000)
 PSPermGen       total 50688K, used 50640K [0x00000006c2600000, 0x00000006c5780000, 0x00000006c7800000)
  object space 50688K, 99% used [0x00000006c2600000,0x00000006c5774398,0x00000006c5780000)
Event: 17.090 GC heap after
Heap after GC invocations=7 (full 0):
 PSYoungGen      total 283136K, used 18280K [0x0000000797d00000, 0x00000007bab00000, 0x0000000800000000)
  eden space 264192K, 0% used [0x0000000797d00000,0x0000000797d00000,0x00000007a7f00000)
  from space 18944K, 96% used [0x00000007a7f00000,0x00000007a90da360,0x00000007a9180000)
  to   space 21504K, 0% used [0x00000007b9600000,0x00000007b9600000,0x00000007bab00000)
 ParOldGen       total 175104K, used 13836K [0x00000006c7800000, 0x00000006d2300000, 0x0000000797d00000)
  object space 175104K, 7% used [0x00000006c7800000,0x00000006c85833a8,0x00000006d2300000)
 PSPermGen       total 50688K, used 50640K [0x00000006c2600000, 0x00000006c5780000, 0x00000006c7800000)
  object space 50688K, 99% used [0x00000006c2600000,0x00000006c5774398,0x00000006c5780000)
}

