# JRE version: Java(TM) SE Runtime Environment (7.0_45-b18) (build 1.7.0_45-b18)
# Java VM: Java HotSpot(TM) 64-Bit Server VM (24.45-b08 mixed mode linux-amd64 compressed oops)
Heap
 PSYoungGen      total 87040K, used 54596K [0x0000000759500000, 0x0000000760800000, 0x0000000800000000)
  eden space 59904K, 53% used [0x0000000759500000,0x000000075b4781d8,0x000000075cf80000)
  from space 27136K, 82% used [0x000000075eb80000,0x0000000760158e78,0x0000000760600000)
  to   space 28672K, 0% used [0x000000075cf80000,0x000000075cf80000,0x000000075eb80000)
 ParOldGen       total 175104K, used 25377K [0x000000060c000000, 0x0000000616b00000, 0x0000000759500000)
  object space 175104K, 14% used [0x000000060c000000,0x000000060d8c8638,0x0000000616b00000)
 PSPermGen       total 53248K, used 53081K [0x0000000606e00000, 0x000000060a200000, 0x000000060c000000)
  object space 53248K, 99% used [0x0000000606e00000,0x000000060a1d67d0,0x000000060a200000)
GC Heap History (10 events):
Event: 10.402 GC heap before
{Heap before GC invocations=4 (full 0):
 PSYoungGen      total 76800K, used 76792K [0x0000000759500000, 0x000000075ea80000, 0x0000000800000000)
  eden space 66048K, 100% used [0x0000000759500000,0x000000075d580000,0x000000075d580000)
  from space 10752K, 99% used [0x000000075d580000,0x000000075dffe0a0,0x000000075e000000)
  to   space 10752K, 0% used [0x000000075e000000,0x000000075e000000,0x000000075ea80000)
 ParOldGen       total 175104K, used 6007K [0x000000060c000000, 0x0000000616b00000, 0x0000000759500000)
  object space 175104K, 3% used [0x000000060c000000,0x000000060c5dde48,0x0000000616b00000)
 PSPermGen       total 37888K, used 37629K [0x0000000606e00000, 0x0000000609300000, 0x000000060c000000)
  object space 37888K, 99% used [0x0000000606e00000,0x00000006092bf4e8,0x0000000609300000)
Event: 10.411 GC heap after
Heap after GC invocations=4 (full 0):
 PSYoungGen      total 76800K, used 10751K [0x0000000759500000, 0x000000075ea80000, 0x0000000800000000)
  eden space 66048K, 0% used [0x0000000759500000,0x0000000759500000,0x000000075d580000)
  from space 10752K, 99% used [0x000000075e000000,0x000000075ea7ff08,0x000000075ea80000)
  to   space 10752K, 0% used [0x000000075d580000,0x000000075d580000,0x000000075e000000)
 ParOldGen       total 175104K, used 11610K [0x000000060c000000, 0x0000000616b00000, 0x0000000759500000)
  object space 175104K, 6% used [0x000000060c000000,0x000000060cb56a48,0x0000000616b00000)
 PSPermGen       total 37888K, used 37629K [0x0000000606e00000, 0x0000000609300000, 0x000000060c000000)
  object space 37888K, 99% used [0x0000000606e00000,0x00000006092bf4e8,0x0000000609300000)
}
Event: 12.911 GC heap before
{Heap before GC invocations=5 (full 0):
 PSYoungGen      total 76800K, used 76799K [0x0000000759500000, 0x000000075ea80000, 0x0000000800000000)
  eden space 66048K, 100% used [0x0000000759500000,0x000000075d580000,0x000000075d580000)
  from space 10752K, 99% used [0x000000075e000000,0x000000075ea7ff08,0x000000075ea80000)
  to   space 10752K, 0% used [0x000000075d580000,0x000000075d580000,0x000000075e000000)
 ParOldGen       total 175104K, used 11610K [0x000000060c000000, 0x0000000616b00000, 0x0000000759500000)
  object space 175104K, 6% used [0x000000060c000000,0x000000060cb56a48,0x0000000616b00000)
 PSPermGen       total 43008K, used 42665K [0x0000000606e00000, 0x0000000609800000, 0x000000060c000000)
  object space 43008K, 99% used [0x0000000606e00000,0x00000006097aa588,0x0000000609800000)
Event: 12.920 GC heap after
Heap after GC invocations=5 (full 0):
 PSYoungGen      total 75264K, used 10750K [0x0000000759500000, 0x0000000760100000, 0x0000000800000000)
  eden space 64512K, 0% used [0x0000000759500000,0x0000000759500000,0x000000075d400000)
  from space 10752K, 99% used [0x000000075d580000,0x000000075dfff8c8,0x000000075e000000)
  to   space 23040K, 0% used [0x000000075ea80000,0x000000075ea80000,0x0000000760100000)
 ParOldGen       total 175104K, used 17885K [0x000000060c000000, 0x0000000616b00000, 0x0000000759500000)
  object space 175104K, 10% used [0x000000060c000000,0x000000060d177438,0x0000000616b00000)
 PSPermGen       total 43008K, used 42665K [0x0000000606e00000, 0x0000000609800000, 0x000000060c000000)
  object space 43008K, 99% used [0x0000000606e00000,0x00000006097aa588,0x0000000609800000)
}
Event: 13.635 GC heap before
{Heap before GC invocations=6 (full 0):
 PSYoungGen      total 75264K, used 75262K [0x0000000759500000, 0x0000000760100000, 0x0000000800000000)
  eden space 64512K, 100% used [0x0000000759500000,0x000000075d400000,0x000000075d400000)
  from space 10752K, 99% used [0x000000075d580000,0x000000075dfff8c8,0x000000075e000000)
  to   space 23040K, 0% used [0x000000075ea80000,0x000000075ea80000,0x0000000760100000)
 ParOldGen       total 175104K, used 17885K [0x000000060c000000, 0x0000000616b00000, 0x0000000759500000)
  object space 175104K, 10% used [0x000000060c000000,0x000000060d177438,0x0000000616b00000)
 PSPermGen       total 50688K, used 50306K [0x0000000606e00000, 0x0000000609f80000, 0x000000060c000000)
  object space 50688K, 99% used [0x0000000606e00000,0x0000000609f20a28,0x0000000609f80000)
Event: 13.644 GC heap after
Heap after GC invocations=6 (full 0):
 PSYoungGen      total 85504K, used 18803K [0x0000000759500000, 0x0000000760380000, 0x0000000800000000)
  eden space 62464K, 0% used [0x0000000759500000,0x0000000759500000,0x000000075d200000)
  from space 23040K, 81% used [0x000000075ea80000,0x000000075fcdcdf0,0x0000000760100000)
  to   space 25088K, 0% used [0x000000075d200000,0x000000075d200000,0x000000075ea80000)
 ParOldGen       total 175104K, used 17893K [0x000000060c000000, 0x0000000616b00000, 0x0000000759500000)
  object space 175104K, 10% used [0x000000060c000000,0x000000060d179438,0x0000000616b00000)
 PSPermGen       total 50688K, used 50306K [0x0000000606e00000, 0x0000000609f80000, 0x000000060c000000)
  object space 50688K, 99% used [0x0000000606e00000,0x0000000609f20a28,0x0000000609f80000)
}
Event: 18.294 GC heap before
{Heap before GC invocations=7 (full 0):
 PSYoungGen      total 85504K, used 81267K [0x0000000759500000, 0x0000000760380000, 0x0000000800000000)
  eden space 62464K, 100% used [0x0000000759500000,0x000000075d200000,0x000000075d200000)
  from space 23040K, 81% used [0x000000075ea80000,0x000000075fcdcdf0,0x0000000760100000)
  to   space 25088K, 0% used [0x000000075d200000,0x000000075d200000,0x000000075ea80000)
 ParOldGen       total 175104K, used 17893K [0x000000060c000000, 0x0000000616b00000, 0x0000000759500000)
  object space 175104K, 10% used [0x000000060c000000,0x000000060d179438,0x0000000616b00000)
 PSPermGen       total 53248K, used 52804K [0x0000000606e00000, 0x000000060a200000, 0x000000060c000000)
  object space 53248K, 99% used [0x0000000606e00000,0x000000060a191228,0x000000060a200000)
Event: 18.306 GC heap after
Heap after GC invocations=7 (full 0):
 PSYoungGen      total 86528K, used 21228K [0x0000000759500000, 0x0000000760600000, 0x0000000800000000)
  eden space 61440K, 0% used [0x0000000759500000,0x0000000759500000,0x000000075d100000)
  from space 25088K, 84% used [0x000000075d200000,0x000000075e6bb028,0x000000075ea80000)
  to   space 27136K, 0% used [0x000000075eb80000,0x000000075eb80000,0x0000000760600000)
 ParOldGen       total 175104K, used 20698K [0x000000060c000000, 0x0000000616b00000, 0x0000000759500000)
  object space 175104K, 11% used [0x000000060c000000,0x000000060d436a38,0x0000000616b00000)
 PSPermGen       total 53248K, used 52804K [0x0000000606e00000, 0x000000060a200000, 0x000000060c000000)
  object space 53248K, 99% used [0x0000000606e00000,0x000000060a191228,0x000000060a200000)
}
Event: 25.427 GC heap before
{Heap before GC invocations=8 (full 0):
 PSYoungGen      total 86528K, used 82668K [0x0000000759500000, 0x0000000760600000, 0x0000000800000000)
  eden space 61440K, 100% used [0x0000000759500000,0x000000075d100000,0x000000075d100000)
  from space 25088K, 84% used [0x000000075d200000,0x000000075e6bb028,0x000000075ea80000)
  to   space 27136K, 0% used [0x000000075eb80000,0x000000075eb80000,0x0000000760600000)
 ParOldGen       total 175104K, used 20698K [0x000000060c000000, 0x0000000616b00000, 0x0000000759500000)
  object space 175104K, 11% used [0x000000060c000000,0x000000060d436a38,0x0000000616b00000)
 PSPermGen       total 53248K, used 52915K [0x0000000606e00000, 0x000000060a200000, 0x000000060c000000)
  object space 53248K, 99% used [0x0000000606e00000,0x000000060a1acec8,0x000000060a200000)
Event: 25.437 GC heap after
Heap after GC invocations=8 (full 0):
 PSYoungGen      total 87040K, used 22371K [0x0000000759500000, 0x0000000760800000, 0x0000000800000000)
  eden space 59904K, 0% used [0x0000000759500000,0x0000000759500000,0x000000075cf80000)
  from space 27136K, 82% used [0x000000075eb80000,0x0000000760158e78,0x0000000760600000)
  to   space 28672K, 0% used [0x000000075cf80000,0x000000075cf80000,0x000000075eb80000)
 ParOldGen       total 175104K, used 25377K [0x000000060c000000, 0x0000000616b00000, 0x0000000759500000)
  object space 175104K, 14% used [0x000000060c000000,0x000000060d8c8638,0x0000000616b00000)
 PSPermGen       total 53248K, used 52915K [0x0000000606e00000, 0x000000060a200000, 0x000000060c000000)
  object space 53248K, 99% used [0x0000000606e00000,0x000000060a1acec8,0x000000060a200000)
}

