# JRE version: Java(TM) SE Runtime Environment (7.0_45-b18) (build 1.7.0_45-b18)
# Java VM: Java HotSpot(TM) 64-Bit Server VM (24.45-b08 mixed mode linux-amd64 compressed oops)
Heap
 PSYoungGen      total 782336K, used 361830K [0x0000000797d00000, 0x00000007d5b00000, 0x0000000800000000)
  eden space 606720K, 35% used [0x0000000797d00000,0x00000007a51f1628,0x00000007bcd80000)
  from space 175616K, 81% used [0x00000007c8b00000,0x00000007d1768548,0x00000007d3680000)
  to   space 194048K, 0% used [0x00000007bcd80000,0x00000007bcd80000,0x00000007c8b00000)
 ParOldGen       total 1648640K, used 710755K [0x00000006c7800000, 0x000000072c200000, 0x0000000797d00000)
  object space 1648640K, 43% used [0x00000006c7800000,0x00000006f2e18c30,0x000000072c200000)
 PSPermGen       total 83968K, used 57647K [0x00000006c2600000, 0x00000006c7800000, 0x00000006c7800000)
  object space 83968K, 68% used [0x00000006c2600000,0x00000006c5e4bd88,0x00000006c7800000)
GC Heap History (10 events):
Event: 2571.711 GC heap before
{Heap before GC invocations=67 (full 7):
 PSYoungGen      total 715264K, used 714872K [0x0000000797d00000, 0x00000007ca980000, 0x0000000800000000)
  eden space 674816K, 100% used [0x0000000797d00000,0x00000007c1000000,0x00000007c1000000)
  from space 40448K, 99% used [0x00000007c1000000,0x00000007c371e2d8,0x00000007c3780000)
  to   space 78336K, 0% used [0x00000007c5d00000,0x00000007c5d00000,0x00000007ca980000)
 ParOldGen       total 1648640K, used 639748K [0x00000006c7800000, 0x000000072c200000, 0x0000000797d00000)
  object space 1648640K, 38% used [0x00000006c7800000,0x00000006ee8c1298,0x000000072c200000)
 PSPermGen       total 83968K, used 56911K [0x00000006c2600000, 0x00000006c7800000, 0x00000006c7800000)
  object space 83968K, 67% used [0x00000006c2600000,0x00000006c5d93c50,0x00000006c7800000)
Event: 2571.743 GC heap after
Heap after GC invocations=67 (full 7):
 PSYoungGen      total 738304K, used 78313K [0x0000000797d00000, 0x00000007cc800000, 0x0000000800000000)
  eden space 659968K, 0% used [0x0000000797d00000,0x0000000797d00000,0x00000007c0180000)
  from space 78336K, 99% used [0x00000007c5d00000,0x00000007ca97a568,0x00000007ca980000)
  to   space 93696K, 0% used [0x00000007c0180000,0x00000007c0180000,0x00000007c5d00000)
 ParOldGen       total 1648640K, used 645644K [0x00000006c7800000, 0x000000072c200000, 0x0000000797d00000)
  object space 1648640K, 39% used [0x00000006c7800000,0x00000006eee832c8,0x000000072c200000)
 PSPermGen       total 83968K, used 56911K [0x00000006c2600000, 0x00000006c7800000, 0x00000006c7800000)
  object space 83968K, 67% used [0x00000006c2600000,0x00000006c5d93c50,0x00000006c7800000)
}
Event: 2642.865 GC heap before
{Heap before GC invocations=68 (full 7):
 PSYoungGen      total 738304K, used 738281K [0x0000000797d00000, 0x00000007cc800000, 0x0000000800000000)
  eden space 659968K, 100% used [0x0000000797d00000,0x00000007c0180000,0x00000007c0180000)
  from space 78336K, 99% used [0x00000007c5d00000,0x00000007ca97a568,0x00000007ca980000)
  to   space 93696K, 0% used [0x00000007c0180000,0x00000007c0180000,0x00000007c5d00000)
 ParOldGen       total 1648640K, used 645644K [0x00000006c7800000, 0x000000072c200000, 0x0000000797d00000)
  object space 1648640K, 39% used [0x00000006c7800000,0x00000006eee832c8,0x000000072c200000)
 PSPermGen       total 83968K, used 57028K [0x00000006c2600000, 0x00000006c7800000, 0x00000006c7800000)
  object space 83968K, 67% used [0x00000006c2600000,0x00000006c5db1240,0x00000006c7800000)
Event: 2642.898 GC heap after
Heap after GC invocations=68 (full 7):
 PSYoungGen      total 753664K, used 93689K [0x0000000797d00000, 0x00000007ce380000, 0x0000000800000000)
  eden space 659968K, 0% used [0x0000000797d00000,0x0000000797d00000,0x00000007c0180000)
  from space 93696K, 99% used [0x00000007c0180000,0x00000007c5cfe438,0x00000007c5d00000)
  to   space 115200K, 0% used [0x00000007c7300000,0x00000007c7300000,0x00000007ce380000)
 ParOldGen       total 1648640K, used 662073K [0x00000006c7800000, 0x000000072c200000, 0x0000000797d00000)
  object space 1648640K, 40% used [0x00000006c7800000,0x00000006efe8e518,0x000000072c200000)
 PSPermGen       total 83968K, used 57028K [0x00000006c2600000, 0x00000006c7800000, 0x00000006c7800000)
  object space 83968K, 67% used [0x00000006c2600000,0x00000006c5db1240,0x00000006c7800000)
}
Event: 2664.592 GC heap before
{Heap before GC invocations=69 (full 7):
 PSYoungGen      total 753664K, used 753657K [0x0000000797d00000, 0x00000007ce380000, 0x0000000800000000)
  eden space 659968K, 100% used [0x0000000797d00000,0x00000007c0180000,0x00000007c0180000)
  from space 93696K, 99% used [0x00000007c0180000,0x00000007c5cfe438,0x00000007c5d00000)
  to   space 115200K, 0% used [0x00000007c7300000,0x00000007c7300000,0x00000007ce380000)
 ParOldGen       total 1648640K, used 662073K [0x00000006c7800000, 0x000000072c200000, 0x0000000797d00000)
  object space 1648640K, 40% used [0x00000006c7800000,0x00000006efe8e518,0x000000072c200000)
 PSPermGen       total 83968K, used 57177K [0x00000006c2600000, 0x00000006c7800000, 0x00000006c7800000)
  object space 83968K, 68% used [0x00000006c2600000,0x00000006c5dd6440,0x00000006c7800000)
Event: 2664.659 GC heap after
Heap after GC invocations=69 (full 7):
 PSYoungGen      total 738816K, used 115170K [0x0000000797d00000, 0x00000007d2d00000, 0x0000000800000000)
  eden space 623616K, 0% used [0x0000000797d00000,0x0000000797d00000,0x00000007bde00000)
  from space 115200K, 99% used [0x00000007c7300000,0x00000007ce378bb0,0x00000007ce380000)
  to   space 152576K, 0% used [0x00000007bde00000,0x00000007bde00000,0x00000007c7300000)
 ParOldGen       total 1648640K, used 710323K [0x00000006c7800000, 0x000000072c200000, 0x0000000797d00000)
  object space 1648640K, 43% used [0x00000006c7800000,0x00000006f2dacc30,0x000000072c200000)
 PSPermGen       total 83968K, used 57177K [0x00000006c2600000, 0x00000006c7800000, 0x00000006c7800000)
  object space 83968K, 68% used [0x00000006c2600000,0x00000006c5dd6440,0x00000006c7800000)
}
Event: 2697.544 GC heap before
{Heap before GC invocations=70 (full 7):
 PSYoungGen      total 738816K, used 738786K [0x0000000797d00000, 0x00000007d2d00000, 0x0000000800000000)
  eden space 623616K, 100% used [0x0000000797d00000,0x00000007bde00000,0x00000007bde00000)
  from space 115200K, 99% used [0x00000007c7300000,0x00000007ce378bb0,0x00000007ce380000)
  to   space 152576K, 0% used [0x00000007bde00000,0x00000007bde00000,0x00000007c7300000)
 ParOldGen       total 1648640K, used 710323K [0x00000006c7800000, 0x000000072c200000, 0x0000000797d00000)
  object space 1648640K, 43% used [0x00000006c7800000,0x00000006f2dacc30,0x000000072c200000)
 PSPermGen       total 83968K, used 57187K [0x00000006c2600000, 0x00000006c7800000, 0x00000006c7800000)
  object space 83968K, 68% used [0x00000006c2600000,0x00000006c5dd8cb8,0x00000006c7800000)
Event: 2697.589 GC heap after
Heap after GC invocations=70 (full 7):
 PSYoungGen      total 776192K, used 142525K [0x0000000797d00000, 0x00000007d3680000, 0x0000000800000000)
  eden space 623616K, 0% used [0x0000000797d00000,0x0000000797d00000,0x00000007bde00000)
  from space 152576K, 93% used [0x00000007bde00000,0x00000007c692f630,0x00000007c7300000)
  to   space 175616K, 0% used [0x00000007c8b00000,0x00000007c8b00000,0x00000007d3680000)
 ParOldGen       total 1648640K, used 710755K [0x00000006c7800000, 0x000000072c200000, 0x0000000797d00000)
  object space 1648640K, 43% used [0x00000006c7800000,0x00000006f2e18c30,0x000000072c200000)
 PSPermGen       total 83968K, used 57187K [0x00000006c2600000, 0x00000006c7800000, 0x00000006c7800000)
  object space 83968K, 68% used [0x00000006c2600000,0x00000006c5dd8cb8,0x00000006c7800000)
}
Event: 2724.662 GC heap before
{Heap before GC invocations=71 (full 7):
 PSYoungGen      total 776192K, used 766141K [0x0000000797d00000, 0x00000007d3680000, 0x0000000800000000)
  eden space 623616K, 100% used [0x0000000797d00000,0x00000007bde00000,0x00000007bde00000)
  from space 152576K, 93% used [0x00000007bde00000,0x00000007c692f630,0x00000007c7300000)
  to   space 175616K, 0% used [0x00000007c8b00000,0x00000007c8b00000,0x00000007d3680000)
 ParOldGen       total 1648640K, used 710755K [0x00000006c7800000, 0x000000072c200000, 0x0000000797d00000)
  object space 1648640K, 43% used [0x00000006c7800000,0x00000006f2e18c30,0x000000072c200000)
 PSPermGen       total 83968K, used 57206K [0x00000006c2600000, 0x00000006c7800000, 0x00000006c7800000)
  object space 83968K, 68% used [0x00000006c2600000,0x00000006c5ddd8d8,0x00000006c7800000)
Event: 2724.710 GC heap after
Heap after GC invocations=71 (full 7):
 PSYoungGen      total 782336K, used 143777K [0x0000000797d00000, 0x00000007d5b00000, 0x0000000800000000)
  eden space 606720K, 0% used [0x0000000797d00000,0x0000000797d00000,0x00000007bcd80000)
  from space 175616K, 81% used [0x00000007c8b00000,0x00000007d1768548,0x00000007d3680000)
  to   space 194048K, 0% used [0x00000007bcd80000,0x00000007bcd80000,0x00000007c8b00000)
 ParOldGen       total 1648640K, used 710755K [0x00000006c7800000, 0x000000072c200000, 0x0000000797d00000)
  object space 1648640K, 43% used [0x00000006c7800000,0x00000006f2e18c30,0x000000072c200000)
 PSPermGen       total 83968K, used 57206K [0x00000006c2600000, 0x00000006c7800000, 0x00000006c7800000)
  object space 83968K, 68% used [0x00000006c2600000,0x00000006c5ddd8d8,0x00000006c7800000)
}

