# JRE version: Java(TM) SE Runtime Environment (7.0_45-b18) (build 1.7.0_45-b18)
# Java VM: Java HotSpot(TM) 64-Bit Server VM (24.45-b08 mixed mode linux-amd64 compressed oops)
Heap
 PSYoungGen      total 394240K, used 201778K [0x0000000797d00000, 0x00000007b4980000, 0x0000000800000000)
  eden space 321024K, 62% used [0x0000000797d00000,0x00000007a4114890,0x00000007ab680000)
  from space 73216K, 1% used [0x00000007ab680000,0x00000007ab778030,0x00000007afe00000)
  to   space 74752K, 0% used [0x00000007b0080000,0x00000007b0080000,0x00000007b4980000)
 ParOldGen       total 1847808K, used 967545K [0x00000006c7800000, 0x0000000738480000, 0x0000000797d00000)
  object space 1847808K, 52% used [0x00000006c7800000,0x00000007028de7b0,0x0000000738480000)
 PSPermGen       total 83968K, used 57769K [0x00000006c2600000, 0x00000006c7800000, 0x00000006c7800000)
  object space 83968K, 68% used [0x00000006c2600000,0x00000006c5e6a4b0,0x00000006c7800000)
GC Heap History (10 events):
Event: 2849.474 GC heap before
{Heap before GC invocations=159 (full 8):
 PSYoungGen      total 395776K, used 362840K [0x0000000797d00000, 0x00000007b4c00000, 0x0000000800000000)
  eden space 321536K, 100% used [0x0000000797d00000,0x00000007ab700000,0x00000007ab700000)
  from space 74240K, 55% used [0x00000007b0380000,0x00000007b2bd62c8,0x00000007b4c00000)
  to   space 76288K, 0% used [0x00000007ab700000,0x00000007ab700000,0x00000007b0180000)
 ParOldGen       total 1847808K, used 926354K [0x00000006c7800000, 0x0000000738480000, 0x0000000797d00000)
  object space 1847808K, 50% used [0x00000006c7800000,0x00000007000a4828,0x0000000738480000)
 PSPermGen       total 83968K, used 57719K [0x00000006c2600000, 0x00000006c7800000, 0x00000006c7800000)
  object space 83968K, 68% used [0x00000006c2600000,0x00000006c5e5dfd8,0x00000006c7800000)
Event: 2849.495 GC heap after
Heap after GC invocations=159 (full 8):
 PSYoungGen      total 363008K, used 41208K [0x0000000797d00000, 0x00000007b4a00000, 0x0000000800000000)
  eden space 321536K, 0% used [0x0000000797d00000,0x0000000797d00000,0x00000007ab700000)
  from space 41472K, 99% used [0x00000007ab700000,0x00000007adf3e2c8,0x00000007adf80000)
  to   space 74752K, 0% used [0x00000007b0100000,0x00000007b0100000,0x00000007b4a00000)
 ParOldGen       total 1847808K, used 926530K [0x00000006c7800000, 0x0000000738480000, 0x0000000797d00000)
  object space 1847808K, 50% used [0x00000006c7800000,0x00000007000d0828,0x0000000738480000)
 PSPermGen       total 83968K, used 57719K [0x00000006c2600000, 0x00000006c7800000, 0x00000006c7800000)
  object space 83968K, 68% used [0x00000006c2600000,0x00000006c5e5dfd8,0x00000006c7800000)
}
Event: 2866.983 GC heap before
{Heap before GC invocations=160 (full 8):
 PSYoungGen      total 363008K, used 362744K [0x0000000797d00000, 0x00000007b4a00000, 0x0000000800000000)
  eden space 321536K, 100% used [0x0000000797d00000,0x00000007ab700000,0x00000007ab700000)
  from space 41472K, 99% used [0x00000007ab700000,0x00000007adf3e2c8,0x00000007adf80000)
  to   space 74752K, 0% used [0x00000007b0100000,0x00000007b0100000,0x00000007b4a00000)
 ParOldGen       total 1847808K, used 926530K [0x00000006c7800000, 0x0000000738480000, 0x0000000797d00000)
  object space 1847808K, 50% used [0x00000006c7800000,0x00000007000d0828,0x0000000738480000)
 PSPermGen       total 83968K, used 57722K [0x00000006c2600000, 0x00000006c7800000, 0x00000006c7800000)
  object space 83968K, 68% used [0x00000006c2600000,0x00000006c5e5eb40,0x00000006c7800000)
Event: 2867.003 GC heap after
Heap after GC invocations=160 (full 8):
 PSYoungGen      total 393216K, used 41080K [0x0000000797d00000, 0x00000007b4600000, 0x0000000800000000)
  eden space 322560K, 0% used [0x0000000797d00000,0x0000000797d00000,0x00000007ab800000)
  from space 70656K, 58% used [0x00000007b0100000,0x00000007b291e2c8,0x00000007b4600000)
  to   space 72704K, 0% used [0x00000007ab800000,0x00000007ab800000,0x00000007aff00000)
 ParOldGen       total 1847808K, used 926714K [0x00000006c7800000, 0x0000000738480000, 0x0000000797d00000)
  object space 1847808K, 50% used [0x00000006c7800000,0x00000007000fe828,0x0000000738480000)
 PSPermGen       total 83968K, used 57722K [0x00000006c2600000, 0x00000006c7800000, 0x00000006c7800000)
  object space 83968K, 68% used [0x00000006c2600000,0x00000006c5e5eb40,0x00000006c7800000)
}
Event: 2889.877 GC heap before
{Heap before GC invocations=161 (full 8):
 PSYoungGen      total 393216K, used 363640K [0x0000000797d00000, 0x00000007b4600000, 0x0000000800000000)
  eden space 322560K, 100% used [0x0000000797d00000,0x00000007ab800000,0x00000007ab800000)
  from space 70656K, 58% used [0x00000007b0100000,0x00000007b291e2c8,0x00000007b4600000)
  to   space 72704K, 0% used [0x00000007ab800000,0x00000007ab800000,0x00000007aff00000)
 ParOldGen       total 1847808K, used 926714K [0x00000006c7800000, 0x0000000738480000, 0x0000000797d00000)
  object space 1847808K, 50% used [0x00000006c7800000,0x00000007000fe828,0x0000000738480000)
 PSPermGen       total 83968K, used 57725K [0x00000006c2600000, 0x00000006c7800000, 0x00000006c7800000)
  object space 83968K, 68% used [0x00000006c2600000,0x00000006c5e5f5c8,0x00000006c7800000)
Event: 2889.898 GC heap after
Heap after GC invocations=161 (full 8):
 PSYoungGen      total 364544K, used 41688K [0x0000000797d00000, 0x00000007b4300000, 0x0000000800000000)
  eden space 322560K, 0% used [0x0000000797d00000,0x0000000797d00000,0x00000007ab800000)
  from space 41984K, 99% used [0x00000007ab800000,0x00000007ae0b62f8,0x00000007ae100000)
  to   space 70656K, 0% used [0x00000007afe00000,0x00000007afe00000,0x00000007b4300000)
 ParOldGen       total 1847808K, used 926906K [0x00000006c7800000, 0x0000000738480000, 0x0000000797d00000)
  object space 1847808K, 50% used [0x00000006c7800000,0x000000070012e828,0x0000000738480000)
 PSPermGen       total 83968K, used 57725K [0x00000006c2600000, 0x00000006c7800000, 0x00000006c7800000)
  object space 83968K, 68% used [0x00000006c2600000,0x00000006c5e5f5c8,0x00000006c7800000)
}
Event: 2923.178 GC heap before
{Heap before GC invocations=162 (full 8):
 PSYoungGen      total 364544K, used 364248K [0x0000000797d00000, 0x00000007b4300000, 0x0000000800000000)
  eden space 322560K, 100% used [0x0000000797d00000,0x00000007ab800000,0x00000007ab800000)
  from space 41984K, 99% used [0x00000007ab800000,0x00000007ae0b62f8,0x00000007ae100000)
  to   space 70656K, 0% used [0x00000007afe00000,0x00000007afe00000,0x00000007b4300000)
 ParOldGen       total 1847808K, used 926906K [0x00000006c7800000, 0x0000000738480000, 0x0000000797d00000)
  object space 1847808K, 50% used [0x00000006c7800000,0x000000070012e828,0x0000000738480000)
 PSPermGen       total 83968K, used 57725K [0x00000006c2600000, 0x00000006c7800000, 0x00000006c7800000)
  object space 83968K, 68% used [0x00000006c2600000,0x00000006c5e5f5c8,0x00000006c7800000)
Event: 2923.200 GC heap after
Heap after GC invocations=162 (full 8):
 PSYoungGen      total 391680K, used 2400K [0x0000000797d00000, 0x00000007b4800000, 0x0000000800000000)
  eden space 321024K, 0% used [0x0000000797d00000,0x0000000797d00000,0x00000007ab680000)
  from space 70656K, 3% used [0x00000007afe00000,0x00000007b0058040,0x00000007b4300000)
  to   space 73216K, 0% used [0x00000007ab680000,0x00000007ab680000,0x00000007afe00000)
 ParOldGen       total 1847808K, used 966130K [0x00000006c7800000, 0x0000000738480000, 0x0000000797d00000)
  object space 1847808K, 52% used [0x00000006c7800000,0x000000070277ca10,0x0000000738480000)
 PSPermGen       total 83968K, used 57725K [0x00000006c2600000, 0x00000006c7800000, 0x00000006c7800000)
  object space 83968K, 68% used [0x00000006c2600000,0x00000006c5e5f5c8,0x00000006c7800000)
}
Event: 2959.367 GC heap before
{Heap before GC invocations=163 (full 8):
 PSYoungGen      total 391680K, used 323424K [0x0000000797d00000, 0x00000007b4800000, 0x0000000800000000)
  eden space 321024K, 100% used [0x0000000797d00000,0x00000007ab680000,0x00000007ab680000)
  from space 70656K, 3% used [0x00000007afe00000,0x00000007b0058040,0x00000007b4300000)
  to   space 73216K, 0% used [0x00000007ab680000,0x00000007ab680000,0x00000007afe00000)
 ParOldGen       total 1847808K, used 966130K [0x00000006c7800000, 0x0000000738480000, 0x0000000797d00000)
  object space 1847808K, 52% used [0x00000006c7800000,0x000000070277ca10,0x0000000738480000)
 PSPermGen       total 83968K, used 57725K [0x00000006c2600000, 0x00000006c7800000, 0x00000006c7800000)
  object space 83968K, 68% used [0x00000006c2600000,0x00000006c5e5f5c8,0x00000006c7800000)
Event: 2959.371 GC heap after
Heap after GC invocations=163 (full 8):
 PSYoungGen      total 394240K, used 992K [0x0000000797d00000, 0x00000007b4980000, 0x0000000800000000)
  eden space 321024K, 0% used [0x0000000797d00000,0x0000000797d00000,0x00000007ab680000)
  from space 73216K, 1% used [0x00000007ab680000,0x00000007ab778030,0x00000007afe00000)
  to   space 74752K, 0% used [0x00000007b0080000,0x00000007b0080000,0x00000007b4980000)
 ParOldGen       total 1847808K, used 967545K [0x00000006c7800000, 0x0000000738480000, 0x0000000797d00000)
  object space 1847808K, 52% used [0x00000006c7800000,0x00000007028de7b0,0x0000000738480000)
 PSPermGen       total 83968K, used 57725K [0x00000006c2600000, 0x00000006c7800000, 0x00000006c7800000)
  object space 83968K, 68% used [0x00000006c2600000,0x00000006c5e5f5c8,0x00000006c7800000)
}

