# JRE version: Java(TM) SE Runtime Environment (7.0_45-b18) (build 1.7.0_45-b18)
# Java VM: Java HotSpot(TM) 64-Bit Server VM (24.45-b08 mixed mode linux-amd64 compressed oops)
Heap
 PSYoungGen      total 83968K, used 28886K [0x00000000eb280000, 0x00000000f0900000, 0x0000000100000000)
  eden space 82432K, 33% used [0x00000000eb280000,0x00000000ecd3d010,0x00000000f0300000)
  from space 1536K, 98% used [0x00000000f0680000,0x00000000f07f8b40,0x00000000f0800000)
  to   space 3072K, 0% used [0x00000000f0300000,0x00000000f0300000,0x00000000f0600000)
 ParOldGen       total 175104K, used 54474K [0x00000000c1800000, 0x00000000cc300000, 0x00000000eb280000)
  object space 175104K, 31% used [0x00000000c1800000,0x00000000c4d329d8,0x00000000cc300000)
 PSPermGen       total 58880K, used 58778K [0x00000000bc600000, 0x00000000bff80000, 0x00000000c1800000)
  object space 58880K, 99% used [0x00000000bc600000,0x00000000bff66908,0x00000000bff80000)
GC Heap History (10 events):
Event: 30128.915 GC heap before
{Heap before GC invocations=236 (full 0):
 PSYoungGen      total 87040K, used 86816K [0x00000000eb280000, 0x00000000f0800000, 0x0000000100000000)
  eden space 86528K, 100% used [0x00000000eb280000,0x00000000f0700000,0x00000000f0700000)
  from space 512K, 56% used [0x00000000f0700000,0x00000000f0748000,0x00000000f0780000)
  to   space 512K, 0% used [0x00000000f0780000,0x00000000f0780000,0x00000000f0800000)
 ParOldGen       total 175104K, used 48104K [0x00000000c1800000, 0x00000000cc300000, 0x00000000eb280000)
  object space 175104K, 27% used [0x00000000c1800000,0x00000000c46fa348,0x00000000cc300000)
 PSPermGen       total 58880K, used 58383K [0x00000000bc600000, 0x00000000bff80000, 0x00000000c1800000)
  object space 58880K, 99% used [0x00000000bc600000,0x00000000bff03c88,0x00000000bff80000)
Event: 30128.918 GC heap after
Heap after GC invocations=236 (full 0):
 PSYoungGen      total 86016K, used 512K [0x00000000eb280000, 0x00000000f0800000, 0x0000000100000000)
  eden space 85504K, 0% used [0x00000000eb280000,0x00000000eb280000,0x00000000f0600000)
  from space 512K, 100% used [0x00000000f0780000,0x00000000f0800000,0x00000000f0800000)
  to   space 1024K, 0% used [0x00000000f0600000,0x00000000f0600000,0x00000000f0700000)
 ParOldGen       total 175104K, used 49509K [0x00000000c1800000, 0x00000000cc300000, 0x00000000eb280000)
  object space 175104K, 28% used [0x00000000c1800000,0x00000000c4859448,0x00000000cc300000)
 PSPermGen       total 58880K, used 58383K [0x00000000bc600000, 0x00000000bff80000, 0x00000000c1800000)
  object space 58880K, 99% used [0x00000000bc600000,0x00000000bff03c88,0x00000000bff80000)
}
Event: 30170.764 GC heap before
{Heap before GC invocations=237 (full 0):
 PSYoungGen      total 86016K, used 86016K [0x00000000eb280000, 0x00000000f0800000, 0x0000000100000000)
  eden space 85504K, 100% used [0x00000000eb280000,0x00000000f0600000,0x00000000f0600000)
  from space 512K, 100% used [0x00000000f0780000,0x00000000f0800000,0x00000000f0800000)
  to   space 1024K, 0% used [0x00000000f0600000,0x00000000f0600000,0x00000000f0700000)
 ParOldGen       total 175104K, used 49509K [0x00000000c1800000, 0x00000000cc300000, 0x00000000eb280000)
  object space 175104K, 28% used [0x00000000c1800000,0x00000000c4859448,0x00000000cc300000)
 PSPermGen       total 58880K, used 58424K [0x00000000bc600000, 0x00000000bff80000, 0x00000000c1800000)
  object space 58880K, 99% used [0x00000000bc600000,0x00000000bff0e078,0x00000000bff80000)
Event: 30170.766 GC heap after
Heap after GC invocations=237 (full 0):
 PSYoungGen      total 86528K, used 992K [0x00000000eb280000, 0x00000000f0800000, 0x0000000100000000)
  eden space 85504K, 0% used [0x00000000eb280000,0x00000000eb280000,0x00000000f0600000)
  from space 1024K, 96% used [0x00000000f0600000,0x00000000f06f8010,0x00000000f0700000)
  to   space 1024K, 0% used [0x00000000f0700000,0x00000000f0700000,0x00000000f0800000)
 ParOldGen       total 175104K, used 50052K [0x00000000c1800000, 0x00000000cc300000, 0x00000000eb280000)
  object space 175104K, 28% used [0x00000000c1800000,0x00000000c48e1180,0x00000000cc300000)
 PSPermGen       total 58880K, used 58424K [0x00000000bc600000, 0x00000000bff80000, 0x00000000c1800000)
  object space 58880K, 99% used [0x00000000bc600000,0x00000000bff0e078,0x00000000bff80000)
}
Event: 30365.408 GC heap before
{Heap before GC invocations=238 (full 0):
 PSYoungGen      total 86528K, used 86496K [0x00000000eb280000, 0x00000000f0800000, 0x0000000100000000)
  eden space 85504K, 100% used [0x00000000eb280000,0x00000000f0600000,0x00000000f0600000)
  from space 1024K, 96% used [0x00000000f0600000,0x00000000f06f8010,0x00000000f0700000)
  to   space 1024K, 0% used [0x00000000f0700000,0x00000000f0700000,0x00000000f0800000)
 ParOldGen       total 175104K, used 50052K [0x00000000c1800000, 0x00000000cc300000, 0x00000000eb280000)
  object space 175104K, 28% used [0x00000000c1800000,0x00000000c48e1180,0x00000000cc300000)
 PSPermGen       total 58880K, used 58457K [0x00000000bc600000, 0x00000000bff80000, 0x00000000c1800000)
  object space 58880K, 99% used [0x00000000bc600000,0x00000000bff16580,0x00000000bff80000)
Event: 30365.411 GC heap after
Heap after GC invocations=238 (full 0):
 PSYoungGen      total 85504K, used 544K [0x00000000eb280000, 0x00000000f0800000, 0x0000000100000000)
  eden space 84480K, 0% used [0x00000000eb280000,0x00000000eb280000,0x00000000f0500000)
  from space 1024K, 53% used [0x00000000f0700000,0x00000000f0788000,0x00000000f0800000)
  to   space 1536K, 0% used [0x00000000f0500000,0x00000000f0500000,0x00000000f0680000)
 ParOldGen       total 175104K, used 50892K [0x00000000c1800000, 0x00000000cc300000, 0x00000000eb280000)
  object space 175104K, 29% used [0x00000000c1800000,0x00000000c49b31b0,0x00000000cc300000)
 PSPermGen       total 58880K, used 58457K [0x00000000bc600000, 0x00000000bff80000, 0x00000000c1800000)
  object space 58880K, 99% used [0x00000000bc600000,0x00000000bff16580,0x00000000bff80000)
}
Event: 30514.079 GC heap before
{Heap before GC invocations=239 (full 0):
 PSYoungGen      total 85504K, used 85024K [0x00000000eb280000, 0x00000000f0800000, 0x0000000100000000)
  eden space 84480K, 100% used [0x00000000eb280000,0x00000000f0500000,0x00000000f0500000)
  from space 1024K, 53% used [0x00000000f0700000,0x00000000f0788000,0x00000000f0800000)
  to   space 1536K, 0% used [0x00000000f0500000,0x00000000f0500000,0x00000000f0680000)
 ParOldGen       total 175104K, used 50892K [0x00000000c1800000, 0x00000000cc300000, 0x00000000eb280000)
  object space 175104K, 29% used [0x00000000c1800000,0x00000000c49b31b0,0x00000000cc300000)
 PSPermGen       total 58880K, used 58577K [0x00000000bc600000, 0x00000000bff80000, 0x00000000c1800000)
  object space 58880K, 99% used [0x00000000bc600000,0x00000000bff34610,0x00000000bff80000)
Event: 30514.082 GC heap after
Heap after GC invocations=239 (full 0):
 PSYoungGen      total 86016K, used 1504K [0x00000000eb280000, 0x00000000f0800000, 0x0000000100000000)
  eden space 84480K, 0% used [0x00000000eb280000,0x00000000eb280000,0x00000000f0500000)
  from space 1536K, 97% used [0x00000000f0500000,0x00000000f0678040,0x00000000f0680000)
  to   space 1536K, 0% used [0x00000000f0680000,0x00000000f0680000,0x00000000f0800000)
 ParOldGen       total 175104K, used 52388K [0x00000000c1800000, 0x00000000cc300000, 0x00000000eb280000)
  object space 175104K, 29% used [0x00000000c1800000,0x00000000c4b291b0,0x00000000cc300000)
 PSPermGen       total 58880K, used 58577K [0x00000000bc600000, 0x00000000bff80000, 0x00000000c1800000)
  object space 58880K, 99% used [0x00000000bc600000,0x00000000bff34610,0x00000000bff80000)
}
Event: 30597.499 GC heap before
{Heap before GC invocations=240 (full 0):
 PSYoungGen      total 86016K, used 85984K [0x00000000eb280000, 0x00000000f0800000, 0x0000000100000000)
  eden space 84480K, 100% used [0x00000000eb280000,0x00000000f0500000,0x00000000f0500000)
  from space 1536K, 97% used [0x00000000f0500000,0x00000000f0678040,0x00000000f0680000)
  to   space 1536K, 0% used [0x00000000f0680000,0x00000000f0680000,0x00000000f0800000)
 ParOldGen       total 175104K, used 52388K [0x00000000c1800000, 0x00000000cc300000, 0x00000000eb280000)
  object space 175104K, 29% used [0x00000000c1800000,0x00000000c4b291b0,0x00000000cc300000)
 PSPermGen       total 58880K, used 58708K [0x00000000bc600000, 0x00000000bff80000, 0x00000000c1800000)
  object space 58880K, 99% used [0x00000000bc600000,0x00000000bff55040,0x00000000bff80000)
Event: 30597.503 GC heap after
Heap after GC invocations=240 (full 0):
 PSYoungGen      total 83968K, used 1506K [0x00000000eb280000, 0x00000000f0900000, 0x0000000100000000)
  eden space 82432K, 0% used [0x00000000eb280000,0x00000000eb280000,0x00000000f0300000)
  from space 1536K, 98% used [0x00000000f0680000,0x00000000f07f8b40,0x00000000f0800000)
  to   space 3072K, 0% used [0x00000000f0300000,0x00000000f0300000,0x00000000f0600000)
 ParOldGen       total 175104K, used 54474K [0x00000000c1800000, 0x00000000cc300000, 0x00000000eb280000)
  object space 175104K, 31% used [0x00000000c1800000,0x00000000c4d329d8,0x00000000cc300000)
 PSPermGen       total 58880K, used 58708K [0x00000000bc600000, 0x00000000bff80000, 0x00000000c1800000)
  object space 58880K, 99% used [0x00000000bc600000,0x00000000bff55040,0x00000000bff80000)
}

