# JRE version: Java(TM) SE Runtime Environment (7.0_45-b18) (build 1.7.0_45-b18)
# Java VM: Java HotSpot(TM) 64-Bit Server VM (24.45-b08 mixed mode linux-amd64 compressed oops)
Heap
 PSYoungGen      total 455168K, used 420890K [0x0000000759500000, 0x000000077a800000, 0x0000000800000000)
  eden space 392704K, 91% used [0x0000000759500000,0x000000076f5ab988,0x0000000771480000)
  from space 62464K, 95% used [0x0000000775a00000,0x000000077945af20,0x0000000779700000)
  to   space 71168K, 0% used [0x0000000771480000,0x0000000771480000,0x0000000775a00000)
 ParOldGen       total 175104K, used 100032K [0x000000060c000000, 0x0000000616b00000, 0x0000000759500000)
  object space 175104K, 57% used [0x000000060c000000,0x00000006121b0018,0x0000000616b00000)
 PSPermGen       total 54272K, used 54037K [0x0000000606e00000, 0x000000060a300000, 0x000000060c000000)
  object space 54272K, 99% used [0x0000000606e00000,0x000000060a2c54b8,0x000000060a300000)
GC Heap History (10 events):
Event: 11.960 GC heap before
{Heap before GC invocations=6 (full 0):
 PSYoungGen      total 76800K, used 76773K [0x0000000759500000, 0x0000000764200000, 0x0000000800000000)
  eden space 66048K, 100% used [0x0000000759500000,0x000000075d580000,0x000000075d580000)
  from space 10752K, 99% used [0x000000075d580000,0x000000075dff9568,0x000000075e000000)
  to   space 22528K, 0% used [0x0000000762c00000,0x0000000762c00000,0x0000000764200000)
 ParOldGen       total 175104K, used 16619K [0x000000060c000000, 0x0000000616b00000, 0x0000000759500000)
  object space 175104K, 9% used [0x000000060c000000,0x000000060d03ad40,0x0000000616b00000)
 PSPermGen       total 34304K, used 34088K [0x0000000606e00000, 0x0000000608f80000, 0x000000060c000000)
  object space 34304K, 99% used [0x0000000606e00000,0x0000000608f4a2d8,0x0000000608f80000)
Event: 11.968 GC heap after
Heap after GC invocations=6 (full 0):
 PSYoungGen      total 154112K, used 16742K [0x0000000759500000, 0x0000000764300000, 0x0000000800000000)
  eden space 131584K, 0% used [0x0000000759500000,0x0000000759500000,0x0000000761580000)
  from space 22528K, 74% used [0x0000000762c00000,0x0000000763c59be8,0x0000000764200000)
  to   space 23040K, 0% used [0x0000000761580000,0x0000000761580000,0x0000000762c00000)
 ParOldGen       total 175104K, used 16627K [0x000000060c000000, 0x0000000616b00000, 0x0000000759500000)
  object space 175104K, 9% used [0x000000060c000000,0x000000060d03cd40,0x0000000616b00000)
 PSPermGen       total 34304K, used 34088K [0x0000000606e00000, 0x0000000608f80000, 0x000000060c000000)
  object space 34304K, 99% used [0x0000000606e00000,0x0000000608f4a2d8,0x0000000608f80000)
}
Event: 12.290 GC heap before
{Heap before GC invocations=7 (full 0):
 PSYoungGen      total 154112K, used 148326K [0x0000000759500000, 0x0000000764300000, 0x0000000800000000)
  eden space 131584K, 100% used [0x0000000759500000,0x0000000761580000,0x0000000761580000)
  from space 22528K, 74% used [0x0000000762c00000,0x0000000763c59be8,0x0000000764200000)
  to   space 23040K, 0% used [0x0000000761580000,0x0000000761580000,0x0000000762c00000)
 ParOldGen       total 175104K, used 16627K [0x000000060c000000, 0x0000000616b00000, 0x0000000759500000)
  object space 175104K, 9% used [0x000000060c000000,0x000000060d03cd40,0x0000000616b00000)
 PSPermGen       total 34304K, used 34282K [0x0000000606e00000, 0x0000000608f80000, 0x000000060c000000)
  object space 34304K, 99% used [0x0000000606e00000,0x0000000608f7ab00,0x0000000608f80000)
Event: 12.306 GC heap after
Heap after GC invocations=7 (full 0):
 PSYoungGen      total 154624K, used 23029K [0x0000000759500000, 0x000000076de00000, 0x0000000800000000)
  eden space 131584K, 0% used [0x0000000759500000,0x0000000759500000,0x0000000761580000)
  from space 23040K, 99% used [0x0000000761580000,0x0000000762bfd7c8,0x0000000762c00000)
  to   space 36864K, 0% used [0x000000076ba00000,0x000000076ba00000,0x000000076de00000)
 ParOldGen       total 175104K, used 36782K [0x000000060c000000, 0x0000000616b00000, 0x0000000759500000)
  object space 175104K, 21% used [0x000000060c000000,0x000000060e3eb808,0x0000000616b00000)
 PSPermGen       total 34304K, used 34282K [0x0000000606e00000, 0x0000000608f80000, 0x000000060c000000)
  object space 34304K, 99% used [0x0000000606e00000,0x0000000608f7ab00,0x0000000608f80000)
}
Event: 18.519 GC heap before
{Heap before GC invocations=8 (full 0):
 PSYoungGen      total 154624K, used 153766K [0x0000000759500000, 0x000000076de00000, 0x0000000800000000)
  eden space 131584K, 99% used [0x0000000759500000,0x00000007614ac208,0x0000000761580000)
  from space 23040K, 99% used [0x0000000761580000,0x0000000762bfd7c8,0x0000000762c00000)
  to   space 36864K, 0% used [0x000000076ba00000,0x000000076ba00000,0x000000076de00000)
 ParOldGen       total 175104K, used 36782K [0x000000060c000000, 0x0000000616b00000, 0x0000000759500000)
  object space 175104K, 21% used [0x000000060c000000,0x000000060e3eb808,0x0000000616b00000)
 PSPermGen       total 38912K, used 38476K [0x0000000606e00000, 0x0000000609400000, 0x000000060c000000)
  object space 38912K, 98% used [0x0000000606e00000,0x0000000609393048,0x0000000609400000)
Event: 18.538 GC heap after
Heap after GC invocations=8 (full 0):
 PSYoungGen      total 287744K, used 36849K [0x0000000759500000, 0x000000076f600000, 0x0000000800000000)
  eden space 250880K, 0% used [0x0000000759500000,0x0000000759500000,0x0000000768a00000)
  from space 36864K, 99% used [0x000000076ba00000,0x000000076ddfc498,0x000000076de00000)
  to   space 49152K, 0% used [0x0000000768a00000,0x0000000768a00000,0x000000076ba00000)
 ParOldGen       total 175104K, used 50995K [0x000000060c000000, 0x0000000616b00000, 0x0000000759500000)
  object space 175104K, 29% used [0x000000060c000000,0x000000060f1cce40,0x0000000616b00000)
 PSPermGen       total 38912K, used 38476K [0x0000000606e00000, 0x0000000609400000, 0x000000060c000000)
  object space 38912K, 98% used [0x0000000606e00000,0x0000000609393048,0x0000000609400000)
}
Event: 31.180 GC heap before
{Heap before GC invocations=9 (full 0):
 PSYoungGen      total 287744K, used 287729K [0x0000000759500000, 0x000000076f600000, 0x0000000800000000)
  eden space 250880K, 100% used [0x0000000759500000,0x0000000768a00000,0x0000000768a00000)
  from space 36864K, 99% used [0x000000076ba00000,0x000000076ddfc498,0x000000076de00000)
  to   space 49152K, 0% used [0x0000000768a00000,0x0000000768a00000,0x000000076ba00000)
 ParOldGen       total 175104K, used 50995K [0x000000060c000000, 0x0000000616b00000, 0x0000000759500000)
  object space 175104K, 29% used [0x000000060c000000,0x000000060f1cce40,0x0000000616b00000)
 PSPermGen       total 39424K, used 39008K [0x0000000606e00000, 0x0000000609480000, 0x000000060c000000)
  object space 39424K, 98% used [0x0000000606e00000,0x0000000609418170,0x0000000609480000)
Event: 31.204 GC heap after
Heap after GC invocations=9 (full 0):
 PSYoungGen      total 300032K, used 49141K [0x0000000759500000, 0x0000000779700000, 0x0000000800000000)
  eden space 250880K, 0% used [0x0000000759500000,0x0000000759500000,0x0000000768a00000)
  from space 49152K, 99% used [0x0000000768a00000,0x000000076b9fd7f0,0x000000076ba00000)
  to   space 62464K, 0% used [0x0000000775a00000,0x0000000775a00000,0x0000000779700000)
 ParOldGen       total 175104K, used 63203K [0x000000060c000000, 0x0000000616b00000, 0x0000000759500000)
  object space 175104K, 36% used [0x000000060c000000,0x000000060fdb8e40,0x0000000616b00000)
 PSPermGen       total 39424K, used 39008K [0x0000000606e00000, 0x0000000609480000, 0x000000060c000000)
  object space 39424K, 98% used [0x0000000606e00000,0x0000000609418170,0x0000000609480000)
}
Event: 36.101 GC heap before
{Heap before GC invocations=10 (full 0):
 PSYoungGen      total 300032K, used 300021K [0x0000000759500000, 0x0000000779700000, 0x0000000800000000)
  eden space 250880K, 100% used [0x0000000759500000,0x0000000768a00000,0x0000000768a00000)
  from space 49152K, 99% used [0x0000000768a00000,0x000000076b9fd7f0,0x000000076ba00000)
  to   space 62464K, 0% used [0x0000000775a00000,0x0000000775a00000,0x0000000779700000)
 ParOldGen       total 175104K, used 63203K [0x000000060c000000, 0x0000000616b00000, 0x0000000759500000)
  object space 175104K, 36% used [0x000000060c000000,0x000000060fdb8e40,0x0000000616b00000)
 PSPermGen       total 40448K, used 40006K [0x0000000606e00000, 0x0000000609580000, 0x000000060c000000)
  object space 40448K, 98% used [0x0000000606e00000,0x0000000609511bd8,0x0000000609580000)
Event: 36.135 GC heap after
Heap after GC invocations=10 (full 0):
 PSYoungGen      total 455168K, used 59755K [0x0000000759500000, 0x000000077a800000, 0x0000000800000000)
  eden space 392704K, 0% used [0x0000000759500000,0x0000000759500000,0x0000000771480000)
  from space 62464K, 95% used [0x0000000775a00000,0x000000077945af20,0x0000000779700000)
  to   space 71168K, 0% used [0x0000000771480000,0x0000000771480000,0x0000000775a00000)
 ParOldGen       total 175104K, used 100032K [0x000000060c000000, 0x0000000616b00000, 0x0000000759500000)
  object space 175104K, 57% used [0x000000060c000000,0x00000006121b0018,0x0000000616b00000)
 PSPermGen       total 40448K, used 40006K [0x0000000606e00000, 0x0000000609580000, 0x000000060c000000)
  object space 40448K, 98% used [0x0000000606e00000,0x0000000609511bd8,0x0000000609580000)
}

