# JRE version: Java(TM) SE Runtime Environment (7.0_45-b18) (build 1.7.0_45-b18)
# Java VM: Java HotSpot(TM) 64-Bit Server VM (24.45-b08 mixed mode linux-amd64 compressed oops)
Heap
 PSYoungGen      total 83456K, used 59418K [0x0000000797d00000, 0x000000079d280000, 0x0000000800000000)
  eden space 78848K, 75% used [0x0000000797d00000,0x000000079b6e69c8,0x000000079ca00000)
  from space 4608K, 2% used [0x000000079ce00000,0x000000079ce20000,0x000000079d280000)
  to   space 4096K, 0% used [0x000000079ca00000,0x000000079ca00000,0x000000079ce00000)
 ParOldGen       total 175104K, used 51737K [0x00000006c7800000, 0x00000006d2300000, 0x0000000797d00000)
  object space 175104K, 29% used [0x00000006c7800000,0x00000006caa864d0,0x00000006d2300000)
 PSPermGen       total 56320K, used 55847K [0x00000006c2600000, 0x00000006c5d00000, 0x00000006c7800000)
  object space 56320K, 99% used [0x00000006c2600000,0x00000006c5c89c38,0x00000006c5d00000)
GC Heap History (10 events):
Event: 1329.016 GC heap before
{Heap before GC invocations=46 (full 0):
 PSYoungGen      total 80896K, used 74912K [0x0000000797d00000, 0x000000079d280000, 0x0000000800000000)
  eden space 74752K, 100% used [0x0000000797d00000,0x000000079c600000,0x000000079c600000)
  from space 6144K, 2% used [0x000000079c600000,0x000000079c628000,0x000000079cc00000)
  to   space 6144K, 0% used [0x000000079cc80000,0x000000079cc80000,0x000000079d280000)
 ParOldGen       total 175104K, used 51689K [0x00000006c7800000, 0x00000006d2300000, 0x0000000797d00000)
  object space 175104K, 29% used [0x00000006c7800000,0x00000006caa7a4d0,0x00000006d2300000)
 PSPermGen       total 55808K, used 55765K [0x00000006c2600000, 0x00000006c5c80000, 0x00000006c7800000)
  object space 55808K, 99% used [0x00000006c2600000,0x00000006c5c754e8,0x00000006c5c80000)
Event: 1329.018 GC heap after
Heap after GC invocations=46 (full 0):
 PSYoungGen      total 81920K, used 128K [0x0000000797d00000, 0x000000079d280000, 0x0000000800000000)
  eden space 75776K, 0% used [0x0000000797d00000,0x0000000797d00000,0x000000079c700000)
  from space 6144K, 2% used [0x000000079cc80000,0x000000079cca0000,0x000000079d280000)
  to   space 5632K, 0% used [0x000000079c700000,0x000000079c700000,0x000000079cc80000)
 ParOldGen       total 175104K, used 51689K [0x00000006c7800000, 0x00000006d2300000, 0x0000000797d00000)
  object space 175104K, 29% used [0x00000006c7800000,0x00000006caa7a4d0,0x00000006d2300000)
 PSPermGen       total 55808K, used 55765K [0x00000006c2600000, 0x00000006c5c80000, 0x00000006c7800000)
  object space 55808K, 99% used [0x00000006c2600000,0x00000006c5c754e8,0x00000006c5c80000)
}
Event: 1368.781 GC heap before
{Heap before GC invocations=47 (full 0):
 PSYoungGen      total 81920K, used 75904K [0x0000000797d00000, 0x000000079d280000, 0x0000000800000000)
  eden space 75776K, 100% used [0x0000000797d00000,0x000000079c700000,0x000000079c700000)
  from space 6144K, 2% used [0x000000079cc80000,0x000000079cca0000,0x000000079d280000)
  to   space 5632K, 0% used [0x000000079c700000,0x000000079c700000,0x000000079cc80000)
 ParOldGen       total 175104K, used 51689K [0x00000006c7800000, 0x00000006d2300000, 0x0000000797d00000)
  object space 175104K, 29% used [0x00000006c7800000,0x00000006caa7a4d0,0x00000006d2300000)
 PSPermGen       total 55808K, used 55765K [0x00000006c2600000, 0x00000006c5c80000, 0x00000006c7800000)
  object space 55808K, 99% used [0x00000006c2600000,0x00000006c5c754e8,0x00000006c5c80000)
Event: 1368.784 GC heap after
Heap after GC invocations=47 (full 0):
 PSYoungGen      total 81408K, used 160K [0x0000000797d00000, 0x000000079d280000, 0x0000000800000000)
  eden space 75776K, 0% used [0x0000000797d00000,0x0000000797d00000,0x000000079c700000)
  from space 5632K, 2% used [0x000000079c700000,0x000000079c728000,0x000000079cc80000)
  to   space 5120K, 0% used [0x000000079cd80000,0x000000079cd80000,0x000000079d280000)
 ParOldGen       total 175104K, used 51689K [0x00000006c7800000, 0x00000006d2300000, 0x0000000797d00000)
  object space 175104K, 29% used [0x00000006c7800000,0x00000006caa7a4d0,0x00000006d2300000)
 PSPermGen       total 55808K, used 55765K [0x00000006c2600000, 0x00000006c5c80000, 0x00000006c7800000)
  object space 55808K, 99% used [0x00000006c2600000,0x00000006c5c754e8,0x00000006c5c80000)
}
Event: 1408.667 GC heap before
{Heap before GC invocations=48 (full 0):
 PSYoungGen      total 81408K, used 75936K [0x0000000797d00000, 0x000000079d280000, 0x0000000800000000)
  eden space 75776K, 100% used [0x0000000797d00000,0x000000079c700000,0x000000079c700000)
  from space 5632K, 2% used [0x000000079c700000,0x000000079c728000,0x000000079cc80000)
  to   space 5120K, 0% used [0x000000079cd80000,0x000000079cd80000,0x000000079d280000)
 ParOldGen       total 175104K, used 51689K [0x00000006c7800000, 0x00000006d2300000, 0x0000000797d00000)
  object space 175104K, 29% used [0x00000006c7800000,0x00000006caa7a4d0,0x00000006d2300000)
 PSPermGen       total 55808K, used 55765K [0x00000006c2600000, 0x00000006c5c80000, 0x00000006c7800000)
  object space 55808K, 99% used [0x00000006c2600000,0x00000006c5c754e8,0x00000006c5c80000)
Event: 1408.669 GC heap after
Heap after GC invocations=48 (full 0):
 PSYoungGen      total 82944K, used 224K [0x0000000797d00000, 0x000000079d280000, 0x0000000800000000)
  eden space 77824K, 0% used [0x0000000797d00000,0x0000000797d00000,0x000000079c900000)
  from space 5120K, 4% used [0x000000079cd80000,0x000000079cdb8000,0x000000079d280000)
  to   space 4608K, 0% used [0x000000079c900000,0x000000079c900000,0x000000079cd80000)
 ParOldGen       total 175104K, used 51689K [0x00000006c7800000, 0x00000006d2300000, 0x0000000797d00000)
  object space 175104K, 29% used [0x00000006c7800000,0x00000006caa7a4d0,0x00000006d2300000)
 PSPermGen       total 55808K, used 55765K [0x00000006c2600000, 0x00000006c5c80000, 0x00000006c7800000)
  object space 55808K, 99% used [0x00000006c2600000,0x00000006c5c754e8,0x00000006c5c80000)
}
Event: 1449.735 GC heap before
{Heap before GC invocations=49 (full 0):
 PSYoungGen      total 82944K, used 78048K [0x0000000797d00000, 0x000000079d280000, 0x0000000800000000)
  eden space 77824K, 100% used [0x0000000797d00000,0x000000079c900000,0x000000079c900000)
  from space 5120K, 4% used [0x000000079cd80000,0x000000079cdb8000,0x000000079d280000)
  to   space 4608K, 0% used [0x000000079c900000,0x000000079c900000,0x000000079cd80000)
 ParOldGen       total 175104K, used 51689K [0x00000006c7800000, 0x00000006d2300000, 0x0000000797d00000)
  object space 175104K, 29% used [0x00000006c7800000,0x00000006caa7a4d0,0x00000006d2300000)
 PSPermGen       total 55808K, used 55765K [0x00000006c2600000, 0x00000006c5c80000, 0x00000006c7800000)
  object space 55808K, 99% used [0x00000006c2600000,0x00000006c5c754e8,0x00000006c5c80000)
Event: 1449.737 GC heap after
Heap after GC invocations=49 (full 0):
 PSYoungGen      total 82432K, used 160K [0x0000000797d00000, 0x000000079d280000, 0x0000000800000000)
  eden space 77824K, 0% used [0x0000000797d00000,0x0000000797d00000,0x000000079c900000)
  from space 4608K, 3% used [0x000000079c900000,0x000000079c928000,0x000000079cd80000)
  to   space 4608K, 0% used [0x000000079ce00000,0x000000079ce00000,0x000000079d280000)
 ParOldGen       total 175104K, used 51737K [0x00000006c7800000, 0x00000006d2300000, 0x0000000797d00000)
  object space 175104K, 29% used [0x00000006c7800000,0x00000006caa864d0,0x00000006d2300000)
 PSPermGen       total 55808K, used 55765K [0x00000006c2600000, 0x00000006c5c80000, 0x00000006c7800000)
  object space 55808K, 99% used [0x00000006c2600000,0x00000006c5c754e8,0x00000006c5c80000)
}
Event: 1490.573 GC heap before
{Heap before GC invocations=50 (full 0):
 PSYoungGen      total 82432K, used 77984K [0x0000000797d00000, 0x000000079d280000, 0x0000000800000000)
  eden space 77824K, 100% used [0x0000000797d00000,0x000000079c900000,0x000000079c900000)
  from space 4608K, 3% used [0x000000079c900000,0x000000079c928000,0x000000079cd80000)
  to   space 4608K, 0% used [0x000000079ce00000,0x000000079ce00000,0x000000079d280000)
 ParOldGen       total 175104K, used 51737K [0x00000006c7800000, 0x00000006d2300000, 0x0000000797d00000)
  object space 175104K, 29% used [0x00000006c7800000,0x00000006caa864d0,0x00000006d2300000)
 PSPermGen       total 55808K, used 55765K [0x00000006c2600000, 0x00000006c5c80000, 0x00000006c7800000)
  object space 55808K, 99% used [0x00000006c2600000,0x00000006c5c754e8,0x00000006c5c80000)
Event: 1490.575 GC heap after
Heap after GC invocations=50 (full 0):
 PSYoungGen      total 83456K, used 128K [0x0000000797d00000, 0x000000079d280000, 0x0000000800000000)
  eden space 78848K, 0% used [0x0000000797d00000,0x0000000797d00000,0x000000079ca00000)
  from space 4608K, 2% used [0x000000079ce00000,0x000000079ce20000,0x000000079d280000)
  to   space 4096K, 0% used [0x000000079ca00000,0x000000079ca00000,0x000000079ce00000)
 ParOldGen       total 175104K, used 51737K [0x00000006c7800000, 0x00000006d2300000, 0x0000000797d00000)
  object space 175104K, 29% used [0x00000006c7800000,0x00000006caa864d0,0x00000006d2300000)
 PSPermGen       total 55808K, used 55765K [0x00000006c2600000, 0x00000006c5c80000, 0x00000006c7800000)
  object space 55808K, 99% used [0x00000006c2600000,0x00000006c5c754e8,0x00000006c5c80000)
}

