# JRE version: Java(TM) SE Runtime Environment (7.0_45-b18) (build 1.7.0_45-b18)
# Java VM: Java HotSpot(TM) 64-Bit Server VM (24.45-b08 mixed mode linux-amd64 compressed oops)
Heap
 PSYoungGen      total 399872K, used 104661K [0x0000000759500000, 0x0000000780080000, 0x0000000800000000)
  eden space 331776K, 24% used [0x0000000759500000,0x000000075e3185e8,0x000000076d900000)
  from space 68096K, 36% used [0x0000000777c00000,0x000000077941d158,0x000000077be80000)
  to   space 64000K, 0% used [0x000000077c200000,0x000000077c200000,0x0000000780080000)
 ParOldGen       total 231424K, used 158668K [0x000000060c000000, 0x000000061a200000, 0x0000000759500000)
  object space 231424K, 68% used [0x000000060c000000,0x0000000615af3368,0x000000061a200000)
 PSPermGen       total 83968K, used 56248K [0x0000000606e00000, 0x000000060c000000, 0x000000060c000000)
  object space 83968K, 66% used [0x0000000606e00000,0x000000060a4ee358,0x000000060c000000)
GC Heap History (10 events):
Event: 28217.703 GC heap before
{Heap before GC invocations=12 (full 1):
 PSYoungGen      total 466432K, used 14784K [0x0000000759500000, 0x0000000788780000, 0x0000000800000000)
  eden space 393216K, 0% used [0x0000000759500000,0x0000000759500000,0x0000000771500000)
  from space 73216K, 20% used [0x0000000771500000,0x0000000772370030,0x0000000775c80000)
  to   space 71680K, 0% used [0x0000000784180000,0x0000000784180000,0x0000000788780000)
 ParOldGen       total 175104K, used 156480K [0x000000060c000000, 0x0000000616b00000, 0x0000000759500000)
  object space 175104K, 89% used [0x000000060c000000,0x00000006158d0278,0x0000000616b00000)
 PSPermGen       total 45056K, used 45037K [0x0000000606e00000, 0x0000000609a00000, 0x000000060c000000)
  object space 45056K, 99% used [0x0000000606e00000,0x00000006099fb470,0x0000000609a00000)
Event: 28217.927 GC heap after
Heap after GC invocations=12 (full 1):
 PSYoungGen      total 466432K, used 0K [0x0000000759500000, 0x0000000788780000, 0x0000000800000000)
  eden space 393216K, 0% used [0x0000000759500000,0x0000000759500000,0x0000000771500000)
  from space 73216K, 0% used [0x0000000771500000,0x0000000771500000,0x0000000775c80000)
  to   space 71680K, 0% used [0x0000000784180000,0x0000000784180000,0x0000000788780000)
 ParOldGen       total 231424K, used 122310K [0x000000060c000000, 0x000000061a200000, 0x0000000759500000)
  object space 231424K, 52% used [0x000000060c000000,0x00000006137718d0,0x000000061a200000)
 PSPermGen       total 83968K, used 44939K [0x0000000606e00000, 0x000000060c000000, 0x000000060c000000)
  object space 83968K, 53% used [0x0000000606e00000,0x00000006099e2cb8,0x000000060c000000)
}
Event: 28276.388 GC heap before
{Heap before GC invocations=13 (full 1):
 PSYoungGen      total 466432K, used 393216K [0x0000000759500000, 0x0000000788780000, 0x0000000800000000)
  eden space 393216K, 100% used [0x0000000759500000,0x0000000771500000,0x0000000771500000)
  from space 73216K, 0% used [0x0000000771500000,0x0000000771500000,0x0000000775c80000)
  to   space 71680K, 0% used [0x0000000784180000,0x0000000784180000,0x0000000788780000)
 ParOldGen       total 231424K, used 122310K [0x000000060c000000, 0x000000061a200000, 0x0000000759500000)
  object space 231424K, 52% used [0x000000060c000000,0x00000006137718d0,0x000000061a200000)
 PSPermGen       total 83968K, used 45104K [0x0000000606e00000, 0x000000060c000000, 0x000000060c000000)
  object space 83968K, 53% used [0x0000000606e00000,0x0000000609a0c110,0x000000060c000000)
Event: 28276.392 GC heap after
Heap after GC invocations=13 (full 1):
 PSYoungGen      total 386560K, used 9393K [0x0000000759500000, 0x0000000784b00000, 0x0000000800000000)
  eden space 376832K, 0% used [0x0000000759500000,0x0000000759500000,0x0000000770500000)
  from space 9728K, 96% used [0x0000000784180000,0x0000000784aac568,0x0000000784b00000)
  to   space 70656K, 0% used [0x000000077c100000,0x000000077c100000,0x0000000780600000)
 ParOldGen       total 231424K, used 122310K [0x000000060c000000, 0x000000061a200000, 0x0000000759500000)
  object space 231424K, 52% used [0x000000060c000000,0x00000006137718d0,0x000000061a200000)
 PSPermGen       total 83968K, used 45104K [0x0000000606e00000, 0x000000060c000000, 0x000000060c000000)
  object space 83968K, 53% used [0x0000000606e00000,0x0000000609a0c110,0x000000060c000000)
}
Event: 28305.064 GC heap before
{Heap before GC invocations=14 (full 1):
 PSYoungGen      total 386560K, used 386225K [0x0000000759500000, 0x0000000784b00000, 0x0000000800000000)
  eden space 376832K, 100% used [0x0000000759500000,0x0000000770500000,0x0000000770500000)
  from space 9728K, 96% used [0x0000000784180000,0x0000000784aac568,0x0000000784b00000)
  to   space 70656K, 0% used [0x000000077c100000,0x000000077c100000,0x0000000780600000)
 ParOldGen       total 231424K, used 122310K [0x000000060c000000, 0x000000061a200000, 0x0000000759500000)
  object space 231424K, 52% used [0x000000060c000000,0x00000006137718d0,0x000000061a200000)
 PSPermGen       total 83968K, used 45146K [0x0000000606e00000, 0x000000060c000000, 0x000000060c000000)
  object space 83968K, 53% used [0x0000000606e00000,0x0000000609a16820,0x000000060c000000)
Event: 28305.078 GC heap after
Heap after GC invocations=14 (full 1):
 PSYoungGen      total 391168K, used 29862K [0x0000000759500000, 0x0000000784200000, 0x0000000800000000)
  eden space 360960K, 0% used [0x0000000759500000,0x0000000759500000,0x000000076f580000)
  from space 30208K, 98% used [0x000000077c100000,0x000000077de29888,0x000000077de80000)
  to   space 67584K, 0% used [0x0000000780000000,0x0000000780000000,0x0000000784200000)
 ParOldGen       total 231424K, used 130841K [0x000000060c000000, 0x000000061a200000, 0x0000000759500000)
  object space 231424K, 56% used [0x000000060c000000,0x0000000613fc65c0,0x000000061a200000)
 PSPermGen       total 83968K, used 45146K [0x0000000606e00000, 0x000000060c000000, 0x000000060c000000)
  object space 83968K, 53% used [0x0000000606e00000,0x0000000609a16820,0x000000060c000000)
}
Event: 28308.828 GC heap before
{Heap before GC invocations=15 (full 1):
 PSYoungGen      total 391168K, used 390822K [0x0000000759500000, 0x0000000784200000, 0x0000000800000000)
  eden space 360960K, 100% used [0x0000000759500000,0x000000076f580000,0x000000076f580000)
  from space 30208K, 98% used [0x000000077c100000,0x000000077de29888,0x000000077de80000)
  to   space 67584K, 0% used [0x0000000780000000,0x0000000780000000,0x0000000784200000)
 ParOldGen       total 231424K, used 130841K [0x000000060c000000, 0x000000061a200000, 0x0000000759500000)
  object space 231424K, 56% used [0x000000060c000000,0x0000000613fc65c0,0x000000061a200000)
 PSPermGen       total 83968K, used 45146K [0x0000000606e00000, 0x000000060c000000, 0x000000060c000000)
  object space 83968K, 53% used [0x0000000606e00000,0x0000000609a16820,0x000000060c000000)
Event: 28308.835 GC heap after
Heap after GC invocations=15 (full 1):
 PSYoungGen      total 347136K, used 576K [0x0000000759500000, 0x0000000780100000, 0x0000000800000000)
  eden space 346112K, 0% used [0x0000000759500000,0x0000000759500000,0x000000076e700000)
  from space 1024K, 56% used [0x0000000780000000,0x0000000780090000,0x0000000780100000)
  to   space 68096K, 0% used [0x0000000777c00000,0x0000000777c00000,0x000000077be80000)
 ParOldGen       total 231424K, used 158571K [0x000000060c000000, 0x000000061a200000, 0x0000000759500000)
  object space 231424K, 68% used [0x000000060c000000,0x0000000615adaf58,0x000000061a200000)
 PSPermGen       total 83968K, used 45146K [0x0000000606e00000, 0x000000060c000000, 0x000000060c000000)
  object space 83968K, 53% used [0x0000000606e00000,0x0000000609a16820,0x000000060c000000)
}
Event: 28328.908 GC heap before
{Heap before GC invocations=16 (full 1):
 PSYoungGen      total 347136K, used 346688K [0x0000000759500000, 0x0000000780100000, 0x0000000800000000)
  eden space 346112K, 100% used [0x0000000759500000,0x000000076e700000,0x000000076e700000)
  from space 1024K, 56% used [0x0000000780000000,0x0000000780090000,0x0000000780100000)
  to   space 68096K, 0% used [0x0000000777c00000,0x0000000777c00000,0x000000077be80000)
 ParOldGen       total 231424K, used 158571K [0x000000060c000000, 0x000000061a200000, 0x0000000759500000)
  object space 231424K, 68% used [0x000000060c000000,0x0000000615adaf58,0x000000061a200000)
 PSPermGen       total 83968K, used 55965K [0x0000000606e00000, 0x000000060c000000, 0x000000060c000000)
  object space 83968K, 66% used [0x0000000606e00000,0x000000060a4a7408,0x000000060c000000)
Event: 28328.922 GC heap after
Heap after GC invocations=16 (full 1):
 PSYoungGen      total 399872K, used 24692K [0x0000000759500000, 0x0000000780080000, 0x0000000800000000)
  eden space 331776K, 0% used [0x0000000759500000,0x0000000759500000,0x000000076d900000)
  from space 68096K, 36% used [0x0000000777c00000,0x000000077941d158,0x000000077be80000)
  to   space 64000K, 0% used [0x000000077c200000,0x000000077c200000,0x0000000780080000)
 ParOldGen       total 231424K, used 158668K [0x000000060c000000, 0x000000061a200000, 0x0000000759500000)
  object space 231424K, 68% used [0x000000060c000000,0x0000000615af3368,0x000000061a200000)
 PSPermGen       total 83968K, used 55965K [0x0000000606e00000, 0x000000060c000000, 0x000000060c000000)
  object space 83968K, 66% used [0x0000000606e00000,0x000000060a4a7408,0x000000060c000000)
}

