# JRE version: Java(TM) SE Runtime Environment (7.0_45-b18) (build 1.7.0_45-b18)
# Java VM: Java HotSpot(TM) 64-Bit Server VM (24.45-b08 mixed mode linux-amd64 compressed oops)
Heap
 PSYoungGen      total 82944K, used 55051K [0x0000000797d00000, 0x000000079e880000, 0x0000000800000000)
  eden space 57856K, 80% used [0x0000000797d00000,0x000000079aa45d38,0x000000079b580000)
  from space 25088K, 34% used [0x000000079d000000,0x000000079d87d098,0x000000079e880000)
  to   space 26112K, 0% used [0x000000079b580000,0x000000079b580000,0x000000079cf00000)
 ParOldGen       total 175104K, used 34478K [0x00000006c7800000, 0x00000006d2300000, 0x0000000797d00000)
  object space 175104K, 19% used [0x00000006c7800000,0x00000006c99aba88,0x00000006d2300000)
 PSPermGen       total 54784K, used 54662K [0x00000006c2600000, 0x00000006c5b80000, 0x00000006c7800000)
  object space 54784K, 99% used [0x00000006c2600000,0x00000006c5b61bf8,0x00000006c5b80000)
GC Heap History (10 events):
Event: 14.519 GC heap before
{Heap before GC invocations=6 (full 0):
 PSYoungGen      total 75264K, used 75243K [0x0000000797d00000, 0x000000079e700000, 0x0000000800000000)
  eden space 64512K, 100% used [0x0000000797d00000,0x000000079bc00000,0x000000079bc00000)
  from space 10752K, 99% used [0x000000079bd80000,0x000000079c7facb0,0x000000079c800000)
  to   space 22016K, 0% used [0x000000079d180000,0x000000079d180000,0x000000079e700000)
 ParOldGen       total 175104K, used 16290K [0x00000006c7800000, 0x00000006d2300000, 0x0000000797d00000)
  object space 175104K, 9% used [0x00000006c7800000,0x00000006c87e8958,0x00000006d2300000)
 PSPermGen       total 50176K, used 50028K [0x00000006c2600000, 0x00000006c5700000, 0x00000006c7800000)
  object space 50176K, 99% used [0x00000006c2600000,0x00000006c56db060,0x00000006c5700000)
Event: 14.529 GC heap after
Heap after GC invocations=6 (full 0):
 PSYoungGen      total 83968K, used 20082K [0x0000000797d00000, 0x000000079ea80000, 0x0000000800000000)
  eden space 61952K, 0% used [0x0000000797d00000,0x0000000797d00000,0x000000079b980000)
  from space 22016K, 91% used [0x000000079d180000,0x000000079e51c8e0,0x000000079e700000)
  to   space 24576K, 0% used [0x000000079b980000,0x000000079b980000,0x000000079d180000)
 ParOldGen       total 175104K, used 16290K [0x00000006c7800000, 0x00000006d2300000, 0x0000000797d00000)
  object space 175104K, 9% used [0x00000006c7800000,0x00000006c87e8958,0x00000006d2300000)
 PSPermGen       total 50176K, used 50028K [0x00000006c2600000, 0x00000006c5700000, 0x00000006c7800000)
  object space 50176K, 99% used [0x00000006c2600000,0x00000006c56db060,0x00000006c5700000)
}
Event: 19.045 GC heap before
{Heap before GC invocations=7 (full 0):
 PSYoungGen      total 83968K, used 82034K [0x0000000797d00000, 0x000000079ea80000, 0x0000000800000000)
  eden space 61952K, 100% used [0x0000000797d00000,0x000000079b980000,0x000000079b980000)
  from space 22016K, 91% used [0x000000079d180000,0x000000079e51c8e0,0x000000079e700000)
  to   space 24576K, 0% used [0x000000079b980000,0x000000079b980000,0x000000079d180000)
 ParOldGen       total 175104K, used 16290K [0x00000006c7800000, 0x00000006d2300000, 0x0000000797d00000)
  object space 175104K, 9% used [0x00000006c7800000,0x00000006c87e8958,0x00000006d2300000)
 PSPermGen       total 52736K, used 52603K [0x00000006c2600000, 0x00000006c5980000, 0x00000006c7800000)
  object space 52736K, 99% used [0x00000006c2600000,0x00000006c595ef38,0x00000006c5980000)
Event: 19.057 GC heap after
Heap after GC invocations=7 (full 0):
 PSYoungGen      total 85504K, used 21720K [0x0000000797d00000, 0x000000079ed80000, 0x0000000800000000)
  eden space 60928K, 0% used [0x0000000797d00000,0x0000000797d00000,0x000000079b880000)
  from space 24576K, 88% used [0x000000079b980000,0x000000079ceb6388,0x000000079d180000)
  to   space 27136K, 0% used [0x000000079d300000,0x000000079d300000,0x000000079ed80000)
 ParOldGen       total 175104K, used 20115K [0x00000006c7800000, 0x00000006d2300000, 0x0000000797d00000)
  object space 175104K, 11% used [0x00000006c7800000,0x00000006c8ba4d60,0x00000006d2300000)
 PSPermGen       total 52736K, used 52603K [0x00000006c2600000, 0x00000006c5980000, 0x00000006c7800000)
  object space 52736K, 99% used [0x00000006c2600000,0x00000006c595ef38,0x00000006c5980000)
}
Event: 24.338 GC heap before
{Heap before GC invocations=8 (full 0):
 PSYoungGen      total 85504K, used 82648K [0x0000000797d00000, 0x000000079ed80000, 0x0000000800000000)
  eden space 60928K, 100% used [0x0000000797d00000,0x000000079b880000,0x000000079b880000)
  from space 24576K, 88% used [0x000000079b980000,0x000000079ceb6388,0x000000079d180000)
  to   space 27136K, 0% used [0x000000079d300000,0x000000079d300000,0x000000079ed80000)
 ParOldGen       total 175104K, used 20115K [0x00000006c7800000, 0x00000006d2300000, 0x0000000797d00000)
  object space 175104K, 11% used [0x00000006c7800000,0x00000006c8ba4d60,0x00000006d2300000)
 PSPermGen       total 53248K, used 52836K [0x00000006c2600000, 0x00000006c5a00000, 0x00000006c7800000)
  object space 53248K, 99% used [0x00000006c2600000,0x00000006c5999028,0x00000006c5a00000)
Event: 24.346 GC heap after
Heap after GC invocations=8 (full 0):
 PSYoungGen      total 86016K, used 18122K [0x0000000797d00000, 0x000000079ec80000, 0x0000000800000000)
  eden space 59904K, 0% used [0x0000000797d00000,0x0000000797d00000,0x000000079b780000)
  from space 26112K, 69% used [0x000000079d300000,0x000000079e4b2ab0,0x000000079ec80000)
  to   space 27136K, 0% used [0x000000079b780000,0x000000079b780000,0x000000079d200000)
 ParOldGen       total 175104K, used 24532K [0x00000006c7800000, 0x00000006d2300000, 0x0000000797d00000)
  object space 175104K, 14% used [0x00000006c7800000,0x00000006c8ff5270,0x00000006d2300000)
 PSPermGen       total 53248K, used 52836K [0x00000006c2600000, 0x00000006c5a00000, 0x00000006c7800000)
  object space 53248K, 99% used [0x00000006c2600000,0x00000006c5999028,0x00000006c5a00000)
}
Event: 40.160 GC heap before
{Heap before GC invocations=9 (full 0):
 PSYoungGen      total 86016K, used 78026K [0x0000000797d00000, 0x000000079ec80000, 0x0000000800000000)
  eden space 59904K, 100% used [0x0000000797d00000,0x000000079b780000,0x000000079b780000)
  from space 26112K, 69% used [0x000000079d300000,0x000000079e4b2ab0,0x000000079ec80000)
  to   space 27136K, 0% used [0x000000079b780000,0x000000079b780000,0x000000079d200000)
 ParOldGen       total 175104K, used 24532K [0x00000006c7800000, 0x00000006d2300000, 0x0000000797d00000)
  object space 175104K, 14% used [0x00000006c7800000,0x00000006c8ff5270,0x00000006d2300000)
 PSPermGen       total 53248K, used 53008K [0x00000006c2600000, 0x00000006c5a00000, 0x00000006c7800000)
  object space 53248K, 99% used [0x00000006c2600000,0x00000006c59c4110,0x00000006c5a00000)
Event: 40.167 GC heap after
Heap after GC invocations=9 (full 0):
 PSYoungGen      total 72192K, used 13213K [0x0000000797d00000, 0x000000079e980000, 0x0000000800000000)
  eden space 58880K, 0% used [0x0000000797d00000,0x0000000797d00000,0x000000079b680000)
  from space 13312K, 99% used [0x000000079b780000,0x000000079c4674d0,0x000000079c480000)
  to   space 26112K, 0% used [0x000000079d000000,0x000000079d000000,0x000000079e980000)
 ParOldGen       total 175104K, used 31331K [0x00000006c7800000, 0x00000006d2300000, 0x0000000797d00000)
  object space 175104K, 17% used [0x00000006c7800000,0x00000006c9698f08,0x00000006d2300000)
 PSPermGen       total 53248K, used 53008K [0x00000006c2600000, 0x00000006c5a00000, 0x00000006c7800000)
  object space 53248K, 99% used [0x00000006c2600000,0x00000006c59c4110,0x00000006c5a00000)
}
Event: 65.252 GC heap before
{Heap before GC invocations=10 (full 0):
 PSYoungGen      total 72192K, used 72093K [0x0000000797d00000, 0x000000079e980000, 0x0000000800000000)
  eden space 58880K, 100% used [0x0000000797d00000,0x000000079b680000,0x000000079b680000)
  from space 13312K, 99% used [0x000000079b780000,0x000000079c4674d0,0x000000079c480000)
  to   space 26112K, 0% used [0x000000079d000000,0x000000079d000000,0x000000079e980000)
 ParOldGen       total 175104K, used 31331K [0x00000006c7800000, 0x00000006d2300000, 0x0000000797d00000)
  object space 175104K, 17% used [0x00000006c7800000,0x00000006c9698f08,0x00000006d2300000)
 PSPermGen       total 54272K, used 53891K [0x00000006c2600000, 0x00000006c5b00000, 0x00000006c7800000)
  object space 54272K, 99% used [0x00000006c2600000,0x00000006c5aa0dd8,0x00000006c5b00000)
Event: 65.257 GC heap after
Heap after GC invocations=10 (full 0):
 PSYoungGen      total 82944K, used 8692K [0x0000000797d00000, 0x000000079e880000, 0x0000000800000000)
  eden space 57856K, 0% used [0x0000000797d00000,0x0000000797d00000,0x000000079b580000)
  from space 25088K, 34% used [0x000000079d000000,0x000000079d87d098,0x000000079e880000)
  to   space 26112K, 0% used [0x000000079b580000,0x000000079b580000,0x000000079cf00000)
 ParOldGen       total 175104K, used 34478K [0x00000006c7800000, 0x00000006d2300000, 0x0000000797d00000)
  object space 175104K, 19% used [0x00000006c7800000,0x00000006c99aba88,0x00000006d2300000)
 PSPermGen       total 54272K, used 53891K [0x00000006c2600000, 0x00000006c5b00000, 0x00000006c7800000)
  object space 54272K, 99% used [0x00000006c2600000,0x00000006c5aa0dd8,0x00000006c5b00000)
}

