# JRE version: Java(TM) SE Runtime Environment (7.0_45-b18) (build 1.7.0_45-b18)
# Java VM: Java HotSpot(TM) 64-Bit Server VM (24.45-b08 mixed mode linux-amd64 compressed oops)
Heap
 PSYoungGen      total 282624K, used 194127K [0x0000000759500000, 0x0000000774d00000, 0x0000000800000000)
  eden space 115712K, 85% used [0x0000000759500000,0x000000075f587b20,0x0000000760600000)
  from space 166912K, 57% used [0x000000076a980000,0x000000077068c0e0,0x0000000774c80000)
  to   space 167424K, 0% used [0x0000000760600000,0x0000000760600000,0x000000076a980000)
 ParOldGen       total 2101760K, used 1951008K [0x000000060c000000, 0x000000068c480000, 0x0000000759500000)
  object space 2101760K, 92% used [0x000000060c000000,0x00000006831481a0,0x000000068c480000)
 PSPermGen       total 83968K, used 50125K [0x0000000606e00000, 0x000000060c000000, 0x000000060c000000)
  object space 83968K, 59% used [0x0000000606e00000,0x0000000609ef36e0,0x000000060c000000)
GC Heap History (10 events):
Event: 14.022 GC heap before
{Heap before GC invocations=19 (full 3):
 PSYoungGen      total 210944K, used 200153K [0x0000000759500000, 0x0000000770480000, 0x0000000800000000)
  eden space 111104K, 99% used [0x0000000759500000,0x000000076017f9c0,0x0000000760180000)
  from space 99840K, 89% used [0x0000000760180000,0x0000000765876cf0,0x0000000766300000)
  to   space 115200K, 0% used [0x0000000769400000,0x0000000769400000,0x0000000770480000)
 ParOldGen       total 709120K, used 470391K [0x000000060c000000, 0x0000000637480000, 0x0000000759500000)
  object space 709120K, 66% used [0x000000060c000000,0x0000000628b5dc88,0x0000000637480000)
 PSPermGen       total 83968K, used 47962K [0x0000000606e00000, 0x000000060c000000, 0x000000060c000000)
  object space 83968K, 57% used [0x0000000606e00000,0x0000000609cd6b50,0x000000060c000000)
Event: 14.047 GC heap after
Heap after GC invocations=19 (full 3):
 PSYoungGen      total 211968K, used 115181K [0x0000000759500000, 0x0000000775f00000, 0x0000000800000000)
  eden space 96768K, 0% used [0x0000000759500000,0x0000000759500000,0x000000075f380000)
  from space 115200K, 99% used [0x0000000769400000,0x000000077047b7a8,0x0000000770480000)
  to   space 164352K, 0% used [0x000000075f380000,0x000000075f380000,0x0000000769400000)
 ParOldGen       total 709120K, used 553657K [0x000000060c000000, 0x0000000637480000, 0x0000000759500000)
  object space 709120K, 78% used [0x000000060c000000,0x000000062dcae728,0x0000000637480000)
 PSPermGen       total 83968K, used 47962K [0x0000000606e00000, 0x000000060c000000, 0x000000060c000000)
  object space 83968K, 57% used [0x0000000606e00000,0x0000000609cd6b50,0x000000060c000000)
}
Event: 14.057 GC heap before
{Heap before GC invocations=20 (full 3):
 PSYoungGen      total 211968K, used 211914K [0x0000000759500000, 0x0000000775f00000, 0x0000000800000000)
  eden space 96768K, 99% used [0x0000000759500000,0x000000075f377350,0x000000075f380000)
  from space 115200K, 99% used [0x0000000769400000,0x000000077047b7a8,0x0000000770480000)
  to   space 164352K, 0% used [0x000000075f380000,0x000000075f380000,0x0000000769400000)
 ParOldGen       total 709120K, used 553657K [0x000000060c000000, 0x0000000637480000, 0x0000000759500000)
  object space 709120K, 78% used [0x000000060c000000,0x000000062dcae728,0x0000000637480000)
 PSPermGen       total 83968K, used 47962K [0x0000000606e00000, 0x000000060c000000, 0x000000060c000000)
  object space 83968K, 57% used [0x0000000606e00000,0x0000000609cd6b50,0x000000060c000000)
Event: 14.081 GC heap after
Heap after GC invocations=20 (full 3):
 PSYoungGen      total 261120K, used 96509K [0x0000000759500000, 0x0000000774c80000, 0x0000000800000000)
  eden space 96768K, 0% used [0x0000000759500000,0x0000000759500000,0x000000075f380000)
  from space 164352K, 58% used [0x000000075f380000,0x00000007651bf788,0x0000000769400000)
  to   space 166912K, 0% used [0x000000076a980000,0x000000076a980000,0x0000000774c80000)
 ParOldGen       total 709120K, used 668711K [0x000000060c000000, 0x0000000637480000, 0x0000000759500000)
  object space 709120K, 94% used [0x000000060c000000,0x0000000634d09f00,0x0000000637480000)
 PSPermGen       total 83968K, used 47962K [0x0000000606e00000, 0x000000060c000000, 0x000000060c000000)
  object space 83968K, 57% used [0x0000000606e00000,0x0000000609cd6b50,0x000000060c000000)
}
Event: 14.081 GC heap before
{Heap before GC invocations=21 (full 4):
 PSYoungGen      total 261120K, used 96509K [0x0000000759500000, 0x0000000774c80000, 0x0000000800000000)
  eden space 96768K, 0% used [0x0000000759500000,0x0000000759500000,0x000000075f380000)
  from space 164352K, 58% used [0x000000075f380000,0x00000007651bf788,0x0000000769400000)
  to   space 166912K, 0% used [0x000000076a980000,0x000000076a980000,0x0000000774c80000)
 ParOldGen       total 709120K, used 668711K [0x000000060c000000, 0x0000000637480000, 0x0000000759500000)
  object space 709120K, 94% used [0x000000060c000000,0x0000000634d09f00,0x0000000637480000)
 PSPermGen       total 83968K, used 47962K [0x0000000606e00000, 0x000000060c000000, 0x000000060c000000)
  object space 83968K, 57% used [0x0000000606e00000,0x0000000609cd6b50,0x000000060c000000)
Event: 14.219 GC heap after
Heap after GC invocations=21 (full 4):
 PSYoungGen      total 261120K, used 50395K [0x0000000759500000, 0x0000000774c80000, 0x0000000800000000)
  eden space 96768K, 0% used [0x0000000759500000,0x0000000759500000,0x000000075f380000)
  from space 164352K, 30% used [0x000000075f380000,0x00000007624b6db8,0x0000000769400000)
  to   space 166912K, 0% used [0x000000076a980000,0x000000076a980000,0x0000000774c80000)
 ParOldGen       total 1020928K, used 709058K [0x000000060c000000, 0x000000064a500000, 0x0000000759500000)
  object space 1020928K, 69% used [0x000000060c000000,0x0000000637470840,0x000000064a500000)
 PSPermGen       total 83968K, used 47962K [0x0000000606e00000, 0x000000060c000000, 0x000000060c000000)
  object space 83968K, 57% used [0x0000000606e00000,0x0000000609cd6b30,0x000000060c000000)
}
Event: 488.381 GC heap before
{Heap before GC invocations=22 (full 5):
 PSYoungGen      total 261120K, used 147163K [0x0000000759500000, 0x0000000774c80000, 0x0000000800000000)
  eden space 96768K, 100% used [0x0000000759500000,0x000000075f380000,0x000000075f380000)
  from space 164352K, 30% used [0x000000075f380000,0x00000007624b6db8,0x0000000769400000)
  to   space 166912K, 0% used [0x000000076a980000,0x000000076a980000,0x0000000774c80000)
 ParOldGen       total 2186240K, used 2186172K [0x000000060c000000, 0x0000000691700000, 0x0000000759500000)
  object space 2186240K, 99% used [0x000000060c000000,0x00000006916ef1e8,0x0000000691700000)
 PSPermGen       total 83968K, used 50124K [0x0000000606e00000, 0x000000060c000000, 0x000000060c000000)
  object space 83968K, 59% used [0x0000000606e00000,0x0000000609ef3008,0x000000060c000000)
Event: 488.498 GC heap after
Heap after GC invocations=22 (full 5):
 PSYoungGen      total 261120K, used 0K [0x0000000759500000, 0x0000000774c80000, 0x0000000800000000)
  eden space 96768K, 0% used [0x0000000759500000,0x0000000759500000,0x000000075f380000)
  from space 164352K, 0% used [0x000000075f380000,0x000000075f380000,0x0000000769400000)
  to   space 166912K, 0% used [0x000000076a980000,0x000000076a980000,0x0000000774c80000)
 ParOldGen       total 1719808K, used 1376384K [0x000000060c000000, 0x0000000674f80000, 0x0000000759500000)
  object space 1719808K, 80% used [0x000000060c000000,0x0000000660020210,0x0000000674f80000)
 PSPermGen       total 83968K, used 50123K [0x0000000606e00000, 0x000000060c000000, 0x000000060c000000)
  object space 83968K, 59% used [0x0000000606e00000,0x0000000609ef2f20,0x000000060c000000)
}
Event: 488.585 GC heap before
{Heap before GC invocations=23 (full 5):
 PSYoungGen      total 261120K, used 96750K [0x0000000759500000, 0x0000000774c80000, 0x0000000800000000)
  eden space 96768K, 99% used [0x0000000759500000,0x000000075f37b840,0x000000075f380000)
  from space 164352K, 0% used [0x000000075f380000,0x000000075f380000,0x0000000769400000)
  to   space 166912K, 0% used [0x000000076a980000,0x000000076a980000,0x0000000774c80000)
 ParOldGen       total 1719808K, used 1378817K [0x000000060c000000, 0x0000000674f80000, 0x0000000759500000)
  object space 1719808K, 80% used [0x000000060c000000,0x0000000660280598,0x0000000674f80000)
 PSPermGen       total 83968K, used 50125K [0x0000000606e00000, 0x000000060c000000, 0x000000060c000000)
  object space 83968K, 59% used [0x0000000606e00000,0x0000000609ef35c0,0x000000060c000000)
Event: 488.598 GC heap after
Heap after GC invocations=23 (full 5):
 PSYoungGen      total 282624K, used 95280K [0x0000000759500000, 0x0000000774d00000, 0x0000000800000000)
  eden space 115712K, 0% used [0x0000000759500000,0x0000000759500000,0x0000000760600000)
  from space 166912K, 57% used [0x000000076a980000,0x000000077068c0e0,0x0000000774c80000)
  to   space 167424K, 0% used [0x0000000760600000,0x0000000760600000,0x000000076a980000)
 ParOldGen       total 1719808K, used 1378817K [0x000000060c000000, 0x0000000674f80000, 0x0000000759500000)
  object space 1719808K, 80% used [0x000000060c000000,0x0000000660280598,0x0000000674f80000)
 PSPermGen       total 83968K, used 50125K [0x0000000606e00000, 0x000000060c000000, 0x000000060c000000)
  object space 83968K, 59% used [0x0000000606e00000,0x0000000609ef35c0,0x000000060c000000)
}

