# JRE version: Java(TM) SE Runtime Environment (7.0_45-b18) (build 1.7.0_45-b18)
# Java VM: Java HotSpot(TM) 64-Bit Server VM (24.45-b08 mixed mode linux-amd64 compressed oops)
Heap
 PSYoungGen      total 1260032K, used 293909K [0x0000000797d00000, 0x0000000800000000, 0x0000000800000000)
  eden space 809984K, 36% used [0x0000000797d00000,0x00000007a9c055f8,0x00000007c9400000)
  from space 450048K, 0% used [0x00000007e4880000,0x00000007e4880000,0x0000000800000000)
  to   space 446976K, 0% used [0x00000007c9400000,0x00000007c9400000,0x00000007e4880000)
 ParOldGen       total 2251776K, used 1572762K [0x00000006c7800000, 0x0000000750f00000, 0x0000000797d00000)
  object space 2251776K, 69% used [0x00000006c7800000,0x00000007277e6a90,0x0000000750f00000)
 PSPermGen       total 83968K, used 52433K [0x00000006c2600000, 0x00000006c7800000, 0x00000006c7800000)
  object space 83968K, 62% used [0x00000006c2600000,0x00000006c59347f0,0x00000006c7800000)
GC Heap History (10 events):
Event: 570.548 GC heap before
{Heap before GC invocations=33 (full 6):
 PSYoungGen      total 1346048K, used 1023104K [0x0000000797d00000, 0x00000007ff200000, 0x0000000800000000)
  eden space 1022976K, 100% used [0x0000000797d00000,0x00000007d6400000,0x00000007d6400000)
  from space 323072K, 0% used [0x00000007eb680000,0x00000007eb6a0000,0x00000007ff200000)
  to   space 334848K, 0% used [0x00000007d6400000,0x00000007d6400000,0x00000007eab00000)
 ParOldGen       total 2049024K, used 1425306K [0x00000006c7800000, 0x0000000744900000, 0x0000000797d00000)
  object space 2049024K, 69% used [0x00000006c7800000,0x000000071e7e68f0,0x0000000744900000)
 PSPermGen       total 83968K, used 52427K [0x00000006c2600000, 0x00000006c7800000, 0x00000006c7800000)
  object space 83968K, 62% used [0x00000006c2600000,0x00000006c5932fc8,0x00000006c7800000)
Event: 570.598 GC heap after
Heap after GC invocations=33 (full 6):
 PSYoungGen      total 1318400K, used 295008K [0x0000000797d00000, 0x0000000800000000, 0x0000000800000000)
  eden space 1022976K, 0% used [0x0000000797d00000,0x0000000797d00000,0x00000007d6400000)
  from space 295424K, 99% used [0x00000007d6400000,0x00000007e8418010,0x00000007e8480000)
  to   space 382464K, 0% used [0x00000007e8a80000,0x00000007e8a80000,0x0000000800000000)
 ParOldGen       total 2049024K, used 1425306K [0x00000006c7800000, 0x0000000744900000, 0x0000000797d00000)
  object space 2049024K, 69% used [0x00000006c7800000,0x000000071e7e68f0,0x0000000744900000)
 PSPermGen       total 83968K, used 52427K [0x00000006c2600000, 0x00000006c7800000, 0x00000006c7800000)
  object space 83968K, 62% used [0x00000006c2600000,0x00000006c5932fc8,0x00000006c7800000)
}
Event: 571.263 GC heap before
{Heap before GC invocations=34 (full 6):
 PSYoungGen      total 1318400K, used 1317984K [0x0000000797d00000, 0x0000000800000000, 0x0000000800000000)
  eden space 1022976K, 100% used [0x0000000797d00000,0x00000007d6400000,0x00000007d6400000)
  from space 295424K, 99% used [0x00000007d6400000,0x00000007e8418010,0x00000007e8480000)
  to   space 382464K, 0% used [0x00000007e8a80000,0x00000007e8a80000,0x0000000800000000)
 ParOldGen       total 2049024K, used 1425306K [0x00000006c7800000, 0x0000000744900000, 0x0000000797d00000)
  object space 2049024K, 69% used [0x00000006c7800000,0x000000071e7e68f0,0x0000000744900000)
 PSPermGen       total 83968K, used 52427K [0x00000006c2600000, 0x00000006c7800000, 0x00000006c7800000)
  object space 83968K, 62% used [0x00000006c2600000,0x00000006c5932fc8,0x00000006c7800000)
Event: 571.314 GC heap after
Heap after GC invocations=34 (full 6):
 PSYoungGen      total 1248768K, used 295008K [0x0000000797d00000, 0x0000000800000000, 0x0000000800000000)
  eden space 866304K, 0% used [0x0000000797d00000,0x0000000797d00000,0x00000007ccb00000)
  from space 382464K, 77% used [0x00000007e8a80000,0x00000007faa98010,0x0000000800000000)
  to   space 420352K, 0% used [0x00000007ccb00000,0x00000007ccb00000,0x00000007e6580000)
 ParOldGen       total 2049024K, used 1425306K [0x00000006c7800000, 0x0000000744900000, 0x0000000797d00000)
  object space 2049024K, 69% used [0x00000006c7800000,0x000000071e7e68f0,0x0000000744900000)
 PSPermGen       total 83968K, used 52427K [0x00000006c2600000, 0x00000006c7800000, 0x00000006c7800000)
  object space 83968K, 62% used [0x00000006c2600000,0x00000006c5932fc8,0x00000006c7800000)
}
Event: 571.874 GC heap before
{Heap before GC invocations=35 (full 6):
 PSYoungGen      total 1248768K, used 1161312K [0x0000000797d00000, 0x0000000800000000, 0x0000000800000000)
  eden space 866304K, 100% used [0x0000000797d00000,0x00000007ccb00000,0x00000007ccb00000)
  from space 382464K, 77% used [0x00000007e8a80000,0x00000007faa98010,0x0000000800000000)
  to   space 420352K, 0% used [0x00000007ccb00000,0x00000007ccb00000,0x00000007e6580000)
 ParOldGen       total 2049024K, used 1425306K [0x00000006c7800000, 0x0000000744900000, 0x0000000797d00000)
  object space 2049024K, 69% used [0x00000006c7800000,0x000000071e7e68f0,0x0000000744900000)
 PSPermGen       total 83968K, used 52427K [0x00000006c2600000, 0x00000006c7800000, 0x00000006c7800000)
  object space 83968K, 62% used [0x00000006c2600000,0x00000006c5932fc8,0x00000006c7800000)
Event: 571.922 GC heap after
Heap after GC invocations=35 (full 6):
 PSYoungGen      total 1161728K, used 294976K [0x0000000797d00000, 0x0000000800000000, 0x0000000800000000)
  eden space 866304K, 0% used [0x0000000797d00000,0x0000000797d00000,0x00000007ccb00000)
  from space 295424K, 99% used [0x00000007ccb00000,0x00000007deb10010,0x00000007deb80000)
  to   space 450048K, 0% used [0x00000007e4880000,0x00000007e4880000,0x0000000800000000)
 ParOldGen       total 2049024K, used 1425314K [0x00000006c7800000, 0x0000000744900000, 0x0000000797d00000)
  object space 2049024K, 69% used [0x00000006c7800000,0x000000071e7e88f0,0x0000000744900000)
 PSPermGen       total 83968K, used 52427K [0x00000006c2600000, 0x00000006c7800000, 0x00000006c7800000)
  object space 83968K, 62% used [0x00000006c2600000,0x00000006c5932fc8,0x00000006c7800000)
}
Event: 572.405 GC heap before
{Heap before GC invocations=36 (full 6):
 PSYoungGen      total 1161728K, used 1161280K [0x0000000797d00000, 0x0000000800000000, 0x0000000800000000)
  eden space 866304K, 100% used [0x0000000797d00000,0x00000007ccb00000,0x00000007ccb00000)
  from space 295424K, 99% used [0x00000007ccb00000,0x00000007deb10010,0x00000007deb80000)
  to   space 450048K, 0% used [0x00000007e4880000,0x00000007e4880000,0x0000000800000000)
 ParOldGen       total 2049024K, used 1425314K [0x00000006c7800000, 0x0000000744900000, 0x0000000797d00000)
  object space 2049024K, 69% used [0x00000006c7800000,0x000000071e7e88f0,0x0000000744900000)
 PSPermGen       total 83968K, used 52427K [0x00000006c2600000, 0x00000006c7800000, 0x00000006c7800000)
  object space 83968K, 62% used [0x00000006c2600000,0x00000006c5932fc8,0x00000006c7800000)
Event: 572.459 GC heap after
Heap after GC invocations=36 (full 6):
 PSYoungGen      total 1260032K, used 128K [0x0000000797d00000, 0x0000000800000000, 0x0000000800000000)
  eden space 809984K, 0% used [0x0000000797d00000,0x0000000797d00000,0x00000007c9400000)
  from space 450048K, 0% used [0x00000007e4880000,0x00000007e48a0000,0x0000000800000000)
  to   space 446976K, 0% used [0x00000007c9400000,0x00000007c9400000,0x00000007e4880000)
 ParOldGen       total 2049024K, used 1720226K [0x00000006c7800000, 0x0000000744900000, 0x0000000797d00000)
  object space 2049024K, 83% used [0x00000006c7800000,0x00000007307e8900,0x0000000744900000)
 PSPermGen       total 83968K, used 52427K [0x00000006c2600000, 0x00000006c7800000, 0x00000006c7800000)
  object space 83968K, 62% used [0x00000006c2600000,0x00000006c5932fc8,0x00000006c7800000)
}
Event: 572.459 GC heap before
{Heap before GC invocations=37 (full 7):
 PSYoungGen      total 1260032K, used 128K [0x0000000797d00000, 0x0000000800000000, 0x0000000800000000)
  eden space 809984K, 0% used [0x0000000797d00000,0x0000000797d00000,0x00000007c9400000)
  from space 450048K, 0% used [0x00000007e4880000,0x00000007e48a0000,0x0000000800000000)
  to   space 446976K, 0% used [0x00000007c9400000,0x00000007c9400000,0x00000007e4880000)
 ParOldGen       total 2049024K, used 1720226K [0x00000006c7800000, 0x0000000744900000, 0x0000000797d00000)
  object space 2049024K, 83% used [0x00000006c7800000,0x00000007307e8900,0x0000000744900000)
 PSPermGen       total 83968K, used 52427K [0x00000006c2600000, 0x00000006c7800000, 0x00000006c7800000)
  object space 83968K, 62% used [0x00000006c2600000,0x00000006c5932fc8,0x00000006c7800000)
Event: 572.578 GC heap after
Heap after GC invocations=37 (full 7):
 PSYoungGen      total 1260032K, used 0K [0x0000000797d00000, 0x0000000800000000, 0x0000000800000000)
  eden space 809984K, 0% used [0x0000000797d00000,0x0000000797d00000,0x00000007c9400000)
  from space 450048K, 0% used [0x00000007e4880000,0x00000007e4880000,0x0000000800000000)
  to   space 446976K, 0% used [0x00000007c9400000,0x00000007c9400000,0x00000007e4880000)
 ParOldGen       total 2251776K, used 1572762K [0x00000006c7800000, 0x0000000750f00000, 0x0000000797d00000)
  object space 2251776K, 69% used [0x00000006c7800000,0x00000007277e6a90,0x0000000750f00000)
 PSPermGen       total 83968K, used 52427K [0x00000006c2600000, 0x00000006c7800000, 0x00000006c7800000)
  object space 83968K, 62% used [0x00000006c2600000,0x00000006c5932fc8,0x00000006c7800000)
}

