# JRE version: Java(TM) SE Runtime Environment (7.0_45-b18) (build 1.7.0_45-b18)
# Java VM: Java HotSpot(TM) 64-Bit Server VM (24.45-b08 mixed mode linux-amd64 compressed oops)
Heap
 PSYoungGen      total 61952K, used 22592K [0x00000000eb280000, 0x00000000f2700000, 0x0000000100000000)
  eden space 53760K, 27% used [0x00000000eb280000,0x00000000ec0b4088,0x00000000ee700000)
  from space 8192K, 98% used [0x00000000ee800000,0x00000000eefdc038,0x00000000ef000000)
  to   space 32768K, 0% used [0x00000000f0700000,0x00000000f0700000,0x00000000f2700000)
 ParOldGen       total 175104K, used 83435K [0x00000000c1800000, 0x00000000cc300000, 0x00000000eb280000)
  object space 175104K, 47% used [0x00000000c1800000,0x00000000c697ac88,0x00000000cc300000)
 PSPermGen       total 57344K, used 56952K [0x00000000bc600000, 0x00000000bfe00000, 0x00000000c1800000)
  object space 57344K, 99% used [0x00000000bc600000,0x00000000bfd9e2b8,0x00000000bfe00000)
GC Heap History (10 events):
Event: 237.486 GC heap before
{Heap before GC invocations=9 (full 0):
 PSYoungGen      total 81408K, used 79572K [0x00000000eb280000, 0x00000000f1a80000, 0x0000000100000000)
  eden space 59904K, 100% used [0x00000000eb280000,0x00000000eed00000,0x00000000eed00000)
  from space 21504K, 91% used [0x00000000f0380000,0x00000000f16b5210,0x00000000f1880000)
  to   space 23040K, 0% used [0x00000000eed00000,0x00000000eed00000,0x00000000f0380000)
 ParOldGen       total 175104K, used 30046K [0x00000000c1800000, 0x00000000cc300000, 0x00000000eb280000)
  object space 175104K, 17% used [0x00000000c1800000,0x00000000c3557a68,0x00000000cc300000)
 PSPermGen       total 53760K, used 53722K [0x00000000bc600000, 0x00000000bfa80000, 0x00000000c1800000)
  object space 53760K, 99% used [0x00000000bc600000,0x00000000bfa769b8,0x00000000bfa80000)
Event: 237.494 GC heap after
Heap after GC invocations=9 (full 0):
 PSYoungGen      total 81920K, used 23029K [0x00000000eb280000, 0x00000000f2700000, 0x0000000100000000)
  eden space 58880K, 0% used [0x00000000eb280000,0x00000000eb280000,0x00000000eec00000)
  from space 23040K, 99% used [0x00000000eed00000,0x00000000f037d568,0x00000000f0380000)
  to   space 30208K, 0% used [0x00000000f0980000,0x00000000f0980000,0x00000000f2700000)
 ParOldGen       total 175104K, used 40673K [0x00000000c1800000, 0x00000000cc300000, 0x00000000eb280000)
  object space 175104K, 23% used [0x00000000c1800000,0x00000000c3fb8488,0x00000000cc300000)
 PSPermGen       total 53760K, used 53722K [0x00000000bc600000, 0x00000000bfa80000, 0x00000000c1800000)
  object space 53760K, 99% used [0x00000000bc600000,0x00000000bfa769b8,0x00000000bfa80000)
}
Event: 258.861 GC heap before
{Heap before GC invocations=10 (full 0):
 PSYoungGen      total 81920K, used 81909K [0x00000000eb280000, 0x00000000f2700000, 0x0000000100000000)
  eden space 58880K, 100% used [0x00000000eb280000,0x00000000eec00000,0x00000000eec00000)
  from space 23040K, 99% used [0x00000000eed00000,0x00000000f037d568,0x00000000f0380000)
  to   space 30208K, 0% used [0x00000000f0980000,0x00000000f0980000,0x00000000f2700000)
 ParOldGen       total 175104K, used 40673K [0x00000000c1800000, 0x00000000cc300000, 0x00000000eb280000)
  object space 175104K, 23% used [0x00000000c1800000,0x00000000c3fb8488,0x00000000cc300000)
 PSPermGen       total 55808K, used 55508K [0x00000000bc600000, 0x00000000bfc80000, 0x00000000c1800000)
  object space 55808K, 99% used [0x00000000bc600000,0x00000000bfc352a8,0x00000000bfc80000)
Event: 258.872 GC heap after
Heap after GC invocations=10 (full 0):
 PSYoungGen      total 87040K, used 25537K [0x00000000eb280000, 0x00000000f2a00000, 0x0000000100000000)
  eden space 56832K, 0% used [0x00000000eb280000,0x00000000eb280000,0x00000000eea00000)
  from space 30208K, 84% used [0x00000000f0980000,0x00000000f2270488,0x00000000f2700000)
  to   space 32256K, 0% used [0x00000000eea00000,0x00000000eea00000,0x00000000f0980000)
 ParOldGen       total 175104K, used 58712K [0x00000000c1800000, 0x00000000cc300000, 0x00000000eb280000)
  object space 175104K, 33% used [0x00000000c1800000,0x00000000c5156278,0x00000000cc300000)
 PSPermGen       total 55808K, used 55508K [0x00000000bc600000, 0x00000000bfc80000, 0x00000000c1800000)
  object space 55808K, 99% used [0x00000000bc600000,0x00000000bfc352a8,0x00000000bfc80000)
}
Event: 285.931 GC heap before
{Heap before GC invocations=11 (full 0):
 PSYoungGen      total 87040K, used 82369K [0x00000000eb280000, 0x00000000f2a00000, 0x0000000100000000)
  eden space 56832K, 100% used [0x00000000eb280000,0x00000000eea00000,0x00000000eea00000)
  from space 30208K, 84% used [0x00000000f0980000,0x00000000f2270488,0x00000000f2700000)
  to   space 32256K, 0% used [0x00000000eea00000,0x00000000eea00000,0x00000000f0980000)
 ParOldGen       total 175104K, used 58712K [0x00000000c1800000, 0x00000000cc300000, 0x00000000eb280000)
  object space 175104K, 33% used [0x00000000c1800000,0x00000000c5156278,0x00000000cc300000)
 PSPermGen       total 56832K, used 56616K [0x00000000bc600000, 0x00000000bfd80000, 0x00000000c1800000)
  object space 56832K, 99% used [0x00000000bc600000,0x00000000bfd4a378,0x00000000bfd80000)
Event: 285.937 GC heap after
Heap after GC invocations=11 (full 0):
 PSYoungGen      total 88064K, used 1314K [0x00000000eb280000, 0x00000000f2b00000, 0x0000000100000000)
  eden space 55808K, 0% used [0x00000000eb280000,0x00000000eb280000,0x00000000ee900000)
  from space 32256K, 4% used [0x00000000eea00000,0x00000000eeb48bf0,0x00000000f0980000)
  to   space 33792K, 0% used [0x00000000f0a00000,0x00000000f0a00000,0x00000000f2b00000)
 ParOldGen       total 175104K, used 82098K [0x00000000c1800000, 0x00000000cc300000, 0x00000000eb280000)
  object space 175104K, 46% used [0x00000000c1800000,0x00000000c682c878,0x00000000cc300000)
 PSPermGen       total 56832K, used 56616K [0x00000000bc600000, 0x00000000bfd80000, 0x00000000c1800000)
  object space 56832K, 99% used [0x00000000bc600000,0x00000000bfd4a378,0x00000000bfd80000)
}
Event: 295.095 GC heap before
{Heap before GC invocations=12 (full 0):
 PSYoungGen      total 88064K, used 57122K [0x00000000eb280000, 0x00000000f2b00000, 0x0000000100000000)
  eden space 55808K, 100% used [0x00000000eb280000,0x00000000ee900000,0x00000000ee900000)
  from space 32256K, 4% used [0x00000000eea00000,0x00000000eeb48bf0,0x00000000f0980000)
  to   space 33792K, 0% used [0x00000000f0a00000,0x00000000f0a00000,0x00000000f2b00000)
 ParOldGen       total 175104K, used 82098K [0x00000000c1800000, 0x00000000cc300000, 0x00000000eb280000)
  object space 175104K, 46% used [0x00000000c1800000,0x00000000c682c878,0x00000000cc300000)
 PSPermGen       total 56832K, used 56628K [0x00000000bc600000, 0x00000000bfd80000, 0x00000000c1800000)
  object space 56832K, 99% used [0x00000000bc600000,0x00000000bfd4d1d0,0x00000000bfd80000)
Event: 295.099 GC heap after
Heap after GC invocations=12 (full 0):
 PSYoungGen      total 87552K, used 4491K [0x00000000eb280000, 0x00000000f2a00000, 0x0000000100000000)
  eden space 54784K, 0% used [0x00000000eb280000,0x00000000eb280000,0x00000000ee800000)
  from space 32768K, 13% used [0x00000000f0a00000,0x00000000f0e62e28,0x00000000f2a00000)
  to   space 33792K, 0% used [0x00000000ee800000,0x00000000ee800000,0x00000000f0900000)
 ParOldGen       total 175104K, used 83131K [0x00000000c1800000, 0x00000000cc300000, 0x00000000eb280000)
  object space 175104K, 47% used [0x00000000c1800000,0x00000000c692ec88,0x00000000cc300000)
 PSPermGen       total 56832K, used 56628K [0x00000000bc600000, 0x00000000bfd80000, 0x00000000c1800000)
  object space 56832K, 99% used [0x00000000bc600000,0x00000000bfd4d1d0,0x00000000bfd80000)
}
Event: 304.548 GC heap before
{Heap before GC invocations=13 (full 0):
 PSYoungGen      total 87552K, used 59275K [0x00000000eb280000, 0x00000000f2a00000, 0x0000000100000000)
  eden space 54784K, 100% used [0x00000000eb280000,0x00000000ee800000,0x00000000ee800000)
  from space 32768K, 13% used [0x00000000f0a00000,0x00000000f0e62e28,0x00000000f2a00000)
  to   space 33792K, 0% used [0x00000000ee800000,0x00000000ee800000,0x00000000f0900000)
 ParOldGen       total 175104K, used 83131K [0x00000000c1800000, 0x00000000cc300000, 0x00000000eb280000)
  object space 175104K, 47% used [0x00000000c1800000,0x00000000c692ec88,0x00000000cc300000)
 PSPermGen       total 57344K, used 56913K [0x00000000bc600000, 0x00000000bfe00000, 0x00000000c1800000)
  object space 57344K, 99% used [0x00000000bc600000,0x00000000bfd94688,0x00000000bfe00000)
Event: 304.553 GC heap after
Heap after GC invocations=13 (full 0):
 PSYoungGen      total 61952K, used 8048K [0x00000000eb280000, 0x00000000f2700000, 0x0000000100000000)
  eden space 53760K, 0% used [0x00000000eb280000,0x00000000eb280000,0x00000000ee700000)
  from space 8192K, 98% used [0x00000000ee800000,0x00000000eefdc038,0x00000000ef000000)
  to   space 32768K, 0% used [0x00000000f0700000,0x00000000f0700000,0x00000000f2700000)
 ParOldGen       total 175104K, used 83435K [0x00000000c1800000, 0x00000000cc300000, 0x00000000eb280000)
  object space 175104K, 47% used [0x00000000c1800000,0x00000000c697ac88,0x00000000cc300000)
 PSPermGen       total 57344K, used 56913K [0x00000000bc600000, 0x00000000bfe00000, 0x00000000c1800000)
  object space 57344K, 99% used [0x00000000bc600000,0x00000000bfd94688,0x00000000bfe00000)
}

