# JRE version: Java(TM) SE Runtime Environment (7.0_51-b13) (build 1.7.0_51-b13)
# Java VM: Java HotSpot(TM) 64-Bit Server VM (24.51-b03 mixed mode linux-amd64 compressed oops)
Heap
 PSYoungGen      total 518144K, used 0K [0x0000000797d00000, 0x00000007d5d80000, 0x0000000800000000)
  eden space 25088K, 0% used [0x0000000797d00000,0x0000000797d00000,0x0000000799580000)
  from space 493056K, 0% used [0x00000007b7c00000,0x00000007b7c00000,0x00000007d5d80000)
  to   space 495616K, 0% used [0x0000000799580000,0x0000000799580000,0x00000007b7980000)
 ParOldGen       total 3104256K, used 2814125K [0x00000006c7800000, 0x0000000784f80000, 0x0000000797d00000)
  object space 3104256K, 90% used [0x00000006c7800000,0x000000077342b518,0x0000000784f80000)
 PSPermGen       total 77312K, used 49215K [0x00000006c2600000, 0x00000006c7180000, 0x00000006c7800000)
  object space 77312K, 63% used [0x00000006c2600000,0x00000006c560ff20,0x00000006c7180000)
GC Heap History (10 events):
Event: 97.131 GC heap after
Heap after GC invocations=105 (full 9):
 PSYoungGen      total 530432K, used 361482K [0x0000000797d00000, 0x00000007db980000, 0x0000000800000000)
  eden space 18432K, 0% used [0x0000000797d00000,0x0000000797d00000,0x0000000798f00000)
  from space 512000K, 70% used [0x00000007b9900000,0x00000007cfa028e8,0x00000007d8d00000)
  to   space 534528K, 0% used [0x0000000798f00000,0x0000000798f00000,0x00000007b9900000)
 ParOldGen       total 3104256K, used 2703867K [0x00000006c7800000, 0x0000000784f80000, 0x0000000797d00000)
  object space 3104256K, 87% used [0x00000006c7800000,0x000000076c87ee48,0x0000000784f80000)
 PSPermGen       total 77312K, used 49215K [0x00000006c2600000, 0x00000006c7180000, 0x00000006c7800000)
  object space 77312K, 63% used [0x00000006c2600000,0x00000006c560ffe0,0x00000006c7180000)
}
Event: 97.143 GC heap before
{Heap before GC invocations=106 (full 9):
 PSYoungGen      total 530432K, used 378522K [0x0000000797d00000, 0x00000007db980000, 0x0000000800000000)
  eden space 18432K, 92% used [0x0000000797d00000,0x0000000798da40a0,0x0000000798f00000)
  from space 512000K, 70% used [0x00000007b9900000,0x00000007cfa028e8,0x00000007d8d00000)
  to   space 534528K, 0% used [0x0000000798f00000,0x0000000798f00000,0x00000007b9900000)
 ParOldGen       total 3104256K, used 2703867K [0x00000006c7800000, 0x0000000784f80000, 0x0000000797d00000)
  object space 3104256K, 87% used [0x00000006c7800000,0x000000076c87ee48,0x0000000784f80000)
 PSPermGen       total 77312K, used 49215K [0x00000006c2600000, 0x00000006c7180000, 0x00000006c7800000)
  object space 77312K, 63% used [0x00000006c2600000,0x00000006c560ffe0,0x00000006c7180000)
Event: 97.385 GC heap after
Heap after GC invocations=106 (full 9):
 PSYoungGen      total 299520K, used 280855K [0x0000000797d00000, 0x00000007d8d00000, 0x0000000800000000)
  eden space 18432K, 0% used [0x0000000797d00000,0x0000000797d00000,0x0000000798f00000)
  from space 281088K, 99% used [0x0000000798f00000,0x00000007aa145dd8,0x00000007aa180000)
  to   space 521728K, 0% used [0x00000007b8f80000,0x00000007b8f80000,0x00000007d8d00000)
 ParOldGen       total 3104256K, used 2789672K [0x00000006c7800000, 0x0000000784f80000, 0x0000000797d00000)
  object space 3104256K, 89% used [0x00000006c7800000,0x0000000771c4a328,0x0000000784f80000)
 PSPermGen       total 77312K, used 49215K [0x00000006c2600000, 0x00000006c7180000, 0x00000006c7800000)
  object space 77312K, 63% used [0x00000006c2600000,0x00000006c560ffe0,0x00000006c7180000)
}
Event: 97.440 GC heap before
{Heap before GC invocations=107 (full 9):
 PSYoungGen      total 299520K, used 299287K [0x0000000797d00000, 0x00000007d8d00000, 0x0000000800000000)
  eden space 18432K, 100% used [0x0000000797d00000,0x0000000798f00000,0x0000000798f00000)
  from space 281088K, 99% used [0x0000000798f00000,0x00000007aa145dd8,0x00000007aa180000)
  to   space 521728K, 0% used [0x00000007b8f80000,0x00000007b8f80000,0x00000007d8d00000)
 ParOldGen       total 3104256K, used 2789672K [0x00000006c7800000, 0x0000000784f80000, 0x0000000797d00000)
  object space 3104256K, 89% used [0x00000006c7800000,0x0000000771c4a328,0x0000000784f80000)
 PSPermGen       total 77312K, used 49215K [0x00000006c2600000, 0x00000006c7180000, 0x00000006c7800000)
  object space 77312K, 63% used [0x00000006c2600000,0x00000006c560ffe0,0x00000006c7180000)
Event: 97.625 GC heap after
Heap after GC invocations=107 (full 9):
 PSYoungGen      total 511488K, used 165890K [0x0000000797d00000, 0x00000007d6e00000, 0x0000000800000000)
  eden space 21504K, 0% used [0x0000000797d00000,0x0000000797d00000,0x0000000799200000)
  from space 489984K, 33% used [0x00000007b8f80000,0x00000007c31808d0,0x00000007d6e00000)
  to   space 505856K, 0% used [0x0000000799200000,0x0000000799200000,0x00000007b8000000)
 ParOldGen       total 3104256K, used 2913203K [0x00000006c7800000, 0x0000000784f80000, 0x0000000797d00000)
  object space 3104256K, 93% used [0x00000006c7800000,0x00000007794ecdf8,0x0000000784f80000)
 PSPermGen       total 77312K, used 49215K [0x00000006c2600000, 0x00000006c7180000, 0x00000006c7800000)
  object space 77312K, 63% used [0x00000006c2600000,0x00000006c560ffe0,0x00000006c7180000)
}
Event: 97.680 GC heap before
{Heap before GC invocations=108 (full 9):
 PSYoungGen      total 511488K, used 187394K [0x0000000797d00000, 0x00000007d6e00000, 0x0000000800000000)
  eden space 21504K, 100% used [0x0000000797d00000,0x0000000799200000,0x0000000799200000)
  from space 489984K, 33% used [0x00000007b8f80000,0x00000007c31808d0,0x00000007d6e00000)
  to   space 505856K, 0% used [0x0000000799200000,0x0000000799200000,0x00000007b8000000)
 ParOldGen       total 3104256K, used 2913203K [0x00000006c7800000, 0x0000000784f80000, 0x0000000797d00000)
  object space 3104256K, 93% used [0x00000006c7800000,0x00000007794ecdf8,0x0000000784f80000)
 PSPermGen       total 77312K, used 49215K [0x00000006c2600000, 0x00000006c7180000, 0x00000006c7800000)
  object space 77312K, 63% used [0x00000006c2600000,0x00000006c560ffe0,0x00000006c7180000)
Event: 97.841 GC heap after
Heap after GC invocations=108 (full 9):
 PSYoungGen      total 138752K, used 116770K [0x0000000797d00000, 0x00000007d6280000, 0x0000000800000000)
  eden space 21504K, 0% used [0x0000000797d00000,0x0000000797d00000,0x0000000799200000)
  from space 117248K, 99% used [0x0000000799200000,0x00000007a04088d0,0x00000007a0480000)
  to   space 498176K, 0% used [0x00000007b7c00000,0x00000007b7c00000,0x00000007d6280000)
 ParOldGen       total 3104256K, used 2975779K [0x00000006c7800000, 0x0000000784f80000, 0x0000000797d00000)
  object space 3104256K, 95% used [0x00000006c7800000,0x000000077d208df8,0x0000000784f80000)
 PSPermGen       total 77312K, used 49215K [0x00000006c2600000, 0x00000006c7180000, 0x00000006c7800000)
  object space 77312K, 63% used [0x00000006c2600000,0x00000006c560ffe0,0x00000006c7180000)
}
Event: 97.892 GC heap before
{Heap before GC invocations=109 (full 9):
 PSYoungGen      total 138752K, used 138274K [0x0000000797d00000, 0x00000007d6280000, 0x0000000800000000)
  eden space 21504K, 100% used [0x0000000797d00000,0x0000000799200000,0x0000000799200000)
  from space 117248K, 99% used [0x0000000799200000,0x00000007a04088d0,0x00000007a0480000)
  to   space 498176K, 0% used [0x00000007b7c00000,0x00000007b7c00000,0x00000007d6280000)
 ParOldGen       total 3104256K, used 2975779K [0x00000006c7800000, 0x0000000784f80000, 0x0000000797d00000)
  object space 3104256K, 95% used [0x00000006c7800000,0x000000077d208df8,0x0000000784f80000)
 PSPermGen       total 77312K, used 49215K [0x00000006c2600000, 0x00000006c7180000, 0x00000006c7800000)
  object space 77312K, 63% used [0x00000006c2600000,0x00000006c560ffe0,0x00000006c7180000)
Event: 98.039 GC heap after
Heap after GC invocations=109 (full 9):
 PSYoungGen      total 518144K, used 73058K [0x0000000797d00000, 0x00000007d5d80000, 0x0000000800000000)
  eden space 25088K, 0% used [0x0000000797d00000,0x0000000797d00000,0x0000000799580000)
  from space 493056K, 14% used [0x00000007b7c00000,0x00000007bc3588d0,0x00000007d5d80000)
  to   space 495616K, 0% used [0x0000000799580000,0x0000000799580000,0x00000007b7980000)
 ParOldGen       total 3104256K, used 3030523K [0x00000006c7800000, 0x0000000784f80000, 0x0000000797d00000)
  object space 3104256K, 97% used [0x00000006c7800000,0x000000078077edf8,0x0000000784f80000)
 PSPermGen       total 77312K, used 49215K [0x00000006c2600000, 0x00000006c7180000, 0x00000006c7800000)
  object space 77312K, 63% used [0x00000006c2600000,0x00000006c560ffe0,0x00000006c7180000)
}
Event: 98.039 GC heap before
{Heap before GC invocations=110 (full 10):
 PSYoungGen      total 518144K, used 73058K [0x0000000797d00000, 0x00000007d5d80000, 0x0000000800000000)
  eden space 25088K, 0% used [0x0000000797d00000,0x0000000797d00000,0x0000000799580000)
  from space 493056K, 14% used [0x00000007b7c00000,0x00000007bc3588d0,0x00000007d5d80000)
  to   space 495616K, 0% used [0x0000000799580000,0x0000000799580000,0x00000007b7980000)
 ParOldGen       total 3104256K, used 3030523K [0x00000006c7800000, 0x0000000784f80000, 0x0000000797d00000)
  object space 3104256K, 97% used [0x00000006c7800000,0x000000078077edf8,0x0000000784f80000)
 PSPermGen       total 77312K, used 49215K [0x00000006c2600000, 0x00000006c7180000, 0x00000006c7800000)
  object space 77312K, 63% used [0x00000006c2600000,0x00000006c560ffe0,0x00000006c7180000)

