# JRE version: Java(TM) SE Runtime Environment (7.0_45-b18) (build 1.7.0_45-b18)
# Java VM: Java HotSpot(TM) 64-Bit Server VM (24.45-b08 mixed mode linux-amd64 compressed oops)
Heap
 PSYoungGen      total 68096K, used 38748K [0x0000000797d00000, 0x000000079e900000, 0x0000000800000000)
  eden space 59392K, 51% used [0x0000000797d00000,0x0000000799abfcd0,0x000000079b700000)
  from space 8704K, 95% used [0x000000079b800000,0x000000079c0174b0,0x000000079c080000)
  to   space 25600K, 0% used [0x000000079d000000,0x000000079d000000,0x000000079e900000)
 ParOldGen       total 175104K, used 28949K [0x00000006c7800000, 0x00000006d2300000, 0x0000000797d00000)
  object space 175104K, 16% used [0x00000006c7800000,0x00000006c9445718,0x00000006d2300000)
 PSPermGen       total 54784K, used 54449K [0x00000006c2600000, 0x00000006c5b80000, 0x00000006c7800000)
  object space 54784K, 99% used [0x00000006c2600000,0x00000006c5b2c630,0x00000006c5b80000)
GC Heap History (10 events):
Event: 15.460 GC heap before
{Heap before GC invocations=5 (full 0):
 PSYoungGen      total 76800K, used 76789K [0x0000000797d00000, 0x000000079d280000, 0x0000000800000000)
  eden space 66048K, 100% used [0x0000000797d00000,0x000000079bd80000,0x000000079bd80000)
  from space 10752K, 99% used [0x000000079c800000,0x000000079d27d738,0x000000079d280000)
  to   space 10752K, 0% used [0x000000079bd80000,0x000000079bd80000,0x000000079c800000)
 ParOldGen       total 175104K, used 13603K [0x00000006c7800000, 0x00000006d2300000, 0x0000000797d00000)
  object space 175104K, 7% used [0x00000006c7800000,0x00000006c8548e80,0x00000006d2300000)
 PSPermGen       total 46080K, used 45930K [0x00000006c2600000, 0x00000006c5300000, 0x00000006c7800000)
  object space 46080K, 99% used [0x00000006c2600000,0x00000006c52dab70,0x00000006c5300000)
Event: 15.469 GC heap after
Heap after GC invocations=5 (full 0):
 PSYoungGen      total 75264K, used 10720K [0x0000000797d00000, 0x000000079e700000, 0x0000000800000000)
  eden space 64512K, 0% used [0x0000000797d00000,0x0000000797d00000,0x000000079bc00000)
  from space 10752K, 99% used [0x000000079bd80000,0x000000079c7f82b8,0x000000079c800000)
  to   space 22016K, 0% used [0x000000079d180000,0x000000079d180000,0x000000079e700000)
 ParOldGen       total 175104K, used 17466K [0x00000006c7800000, 0x00000006d2300000, 0x0000000797d00000)
  object space 175104K, 9% used [0x00000006c7800000,0x00000006c890e878,0x00000006d2300000)
 PSPermGen       total 46080K, used 45930K [0x00000006c2600000, 0x00000006c5300000, 0x00000006c7800000)
  object space 46080K, 99% used [0x00000006c2600000,0x00000006c52dab70,0x00000006c5300000)
}
Event: 22.509 GC heap before
{Heap before GC invocations=6 (full 0):
 PSYoungGen      total 75264K, used 75232K [0x0000000797d00000, 0x000000079e700000, 0x0000000800000000)
  eden space 64512K, 100% used [0x0000000797d00000,0x000000079bc00000,0x000000079bc00000)
  from space 10752K, 99% used [0x000000079bd80000,0x000000079c7f82b8,0x000000079c800000)
  to   space 22016K, 0% used [0x000000079d180000,0x000000079d180000,0x000000079e700000)
 ParOldGen       total 175104K, used 17466K [0x00000006c7800000, 0x00000006d2300000, 0x0000000797d00000)
  object space 175104K, 9% used [0x00000006c7800000,0x00000006c890e878,0x00000006d2300000)
 PSPermGen       total 48640K, used 48621K [0x00000006c2600000, 0x00000006c5580000, 0x00000006c7800000)
  object space 48640K, 99% used [0x00000006c2600000,0x00000006c557b6a0,0x00000006c5580000)
Event: 22.519 GC heap after
Heap after GC invocations=6 (full 0):
 PSYoungGen      total 84992K, used 17540K [0x0000000797d00000, 0x000000079e880000, 0x0000000800000000)
  eden space 62976K, 0% used [0x0000000797d00000,0x0000000797d00000,0x000000079ba80000)
  from space 22016K, 79% used [0x000000079d180000,0x000000079e2a12b8,0x000000079e700000)
  to   space 23552K, 0% used [0x000000079ba80000,0x000000079ba80000,0x000000079d180000)
 ParOldGen       total 175104K, used 17474K [0x00000006c7800000, 0x00000006d2300000, 0x0000000797d00000)
  object space 175104K, 9% used [0x00000006c7800000,0x00000006c8910878,0x00000006d2300000)
 PSPermGen       total 48640K, used 48621K [0x00000006c2600000, 0x00000006c5580000, 0x00000006c7800000)
  object space 48640K, 99% used [0x00000006c2600000,0x00000006c557b6a0,0x00000006c5580000)
}
Event: 25.346 GC heap before
{Heap before GC invocations=7 (full 0):
 PSYoungGen      total 84992K, used 80061K [0x0000000797d00000, 0x000000079e880000, 0x0000000800000000)
  eden space 62976K, 99% used [0x0000000797d00000,0x000000079ba0e1a8,0x000000079ba80000)
  from space 22016K, 79% used [0x000000079d180000,0x000000079e2a12b8,0x000000079e700000)
  to   space 23552K, 0% used [0x000000079ba80000,0x000000079ba80000,0x000000079d180000)
 ParOldGen       total 175104K, used 17474K [0x00000006c7800000, 0x00000006d2300000, 0x0000000797d00000)
  object space 175104K, 9% used [0x00000006c7800000,0x00000006c8910878,0x00000006d2300000)
 PSPermGen       total 54272K, used 53779K [0x00000006c2600000, 0x00000006c5b00000, 0x00000006c7800000)
  object space 54272K, 99% used [0x00000006c2600000,0x00000006c5a84cd0,0x00000006c5b00000)
Event: 25.357 GC heap after
Heap after GC invocations=7 (full 0):
 PSYoungGen      total 84992K, used 22796K [0x0000000797d00000, 0x000000079ed00000, 0x0000000800000000)
  eden space 61440K, 0% used [0x0000000797d00000,0x0000000797d00000,0x000000079b900000)
  from space 23552K, 96% used [0x000000079ba80000,0x000000079d0c33b8,0x000000079d180000)
  to   space 26624K, 0% used [0x000000079d300000,0x000000079d300000,0x000000079ed00000)
 ParOldGen       total 175104K, used 21028K [0x00000006c7800000, 0x00000006d2300000, 0x0000000797d00000)
  object space 175104K, 12% used [0x00000006c7800000,0x00000006c8c89098,0x00000006d2300000)
 PSPermGen       total 54272K, used 53779K [0x00000006c2600000, 0x00000006c5b00000, 0x00000006c7800000)
  object space 54272K, 99% used [0x00000006c2600000,0x00000006c5a84cd0,0x00000006c5b00000)
}
Event: 71.943 GC heap before
{Heap before GC invocations=8 (full 0):
 PSYoungGen      total 84992K, used 84236K [0x0000000797d00000, 0x000000079ed00000, 0x0000000800000000)
  eden space 61440K, 100% used [0x0000000797d00000,0x000000079b900000,0x000000079b900000)
  from space 23552K, 96% used [0x000000079ba80000,0x000000079d0c33b8,0x000000079d180000)
  to   space 26624K, 0% used [0x000000079d300000,0x000000079d300000,0x000000079ed00000)
 ParOldGen       total 175104K, used 21028K [0x00000006c7800000, 0x00000006d2300000, 0x0000000797d00000)
  object space 175104K, 12% used [0x00000006c7800000,0x00000006c8c89098,0x00000006d2300000)
 PSPermGen       total 54272K, used 54253K [0x00000006c2600000, 0x00000006c5b00000, 0x00000006c7800000)
  object space 54272K, 99% used [0x00000006c2600000,0x00000006c5afb7a0,0x00000006c5b00000)
Event: 71.952 GC heap after
Heap after GC invocations=8 (full 0):
 PSYoungGen      total 83968K, used 15049K [0x0000000797d00000, 0x000000079ea00000, 0x0000000800000000)
  eden space 60416K, 0% used [0x0000000797d00000,0x0000000797d00000,0x000000079b800000)
  from space 23552K, 63% used [0x000000079d300000,0x000000079e1b2558,0x000000079ea00000)
  to   space 25600K, 0% used [0x000000079b800000,0x000000079b800000,0x000000079d100000)
 ParOldGen       total 175104K, used 25803K [0x00000006c7800000, 0x00000006d2300000, 0x0000000797d00000)
  object space 175104K, 14% used [0x00000006c7800000,0x00000006c9132d08,0x00000006d2300000)
 PSPermGen       total 54272K, used 54253K [0x00000006c2600000, 0x00000006c5b00000, 0x00000006c7800000)
  object space 54272K, 99% used [0x00000006c2600000,0x00000006c5afb7a0,0x00000006c5b00000)
}
Event: 118.508 GC heap before
{Heap before GC invocations=9 (full 0):
 PSYoungGen      total 83968K, used 75465K [0x0000000797d00000, 0x000000079ea00000, 0x0000000800000000)
  eden space 60416K, 100% used [0x0000000797d00000,0x000000079b800000,0x000000079b800000)
  from space 23552K, 63% used [0x000000079d300000,0x000000079e1b2558,0x000000079ea00000)
  to   space 25600K, 0% used [0x000000079b800000,0x000000079b800000,0x000000079d100000)
 ParOldGen       total 175104K, used 25803K [0x00000006c7800000, 0x00000006d2300000, 0x0000000797d00000)
  object space 175104K, 14% used [0x00000006c7800000,0x00000006c9132d08,0x00000006d2300000)
 PSPermGen       total 54784K, used 54379K [0x00000006c2600000, 0x00000006c5b80000, 0x00000006c7800000)
  object space 54784K, 99% used [0x00000006c2600000,0x00000006c5b1af90,0x00000006c5b80000)
Event: 118.515 GC heap after
Heap after GC invocations=9 (full 0):
 PSYoungGen      total 68096K, used 8285K [0x0000000797d00000, 0x000000079e900000, 0x0000000800000000)
  eden space 59392K, 0% used [0x0000000797d00000,0x0000000797d00000,0x000000079b700000)
  from space 8704K, 95% used [0x000000079b800000,0x000000079c0174b0,0x000000079c080000)
  to   space 25600K, 0% used [0x000000079d000000,0x000000079d000000,0x000000079e900000)
 ParOldGen       total 175104K, used 28949K [0x00000006c7800000, 0x00000006d2300000, 0x0000000797d00000)
  object space 175104K, 16% used [0x00000006c7800000,0x00000006c9445718,0x00000006d2300000)
 PSPermGen       total 54784K, used 54379K [0x00000006c2600000, 0x00000006c5b80000, 0x00000006c7800000)
  object space 54784K, 99% used [0x00000006c2600000,0x00000006c5b1af90,0x00000006c5b80000)
}

