# JRE version: Java(TM) SE Runtime Environment (7.0_45-b18) (build 1.7.0_45-b18)
# Java VM: Java HotSpot(TM) 64-Bit Server VM (24.45-b08 mixed mode linux-amd64 compressed oops)
Heap
 PSYoungGen      total 66560K, used 8883K [0x00000000eb280000, 0x00000000f2100000, 0x0000000100000000)
  eden space 58880K, 2% used [0x00000000eb280000,0x00000000eb3e1ef0,0x00000000eec00000)
  from space 7680K, 97% used [0x00000000eed00000,0x00000000ef44ae48,0x00000000ef480000)
  to   space 27136K, 0% used [0x00000000f0680000,0x00000000f0680000,0x00000000f2100000)
 ParOldGen       total 175104K, used 29106K [0x00000000c1800000, 0x00000000cc300000, 0x00000000eb280000)
  object space 175104K, 16% used [0x00000000c1800000,0x00000000c346c8e0,0x00000000cc300000)
 PSPermGen       total 54784K, used 54376K [0x00000000bc600000, 0x00000000bfb80000, 0x00000000c1800000)
  object space 54784K, 99% used [0x00000000bc600000,0x00000000bfb1a128,0x00000000bfb80000)
GC Heap History (10 events):
Event: 16.871 GC heap before
{Heap before GC invocations=5 (full 0):
 PSYoungGen      total 76800K, used 75856K [0x00000000eb280000, 0x00000000f0800000, 0x0000000100000000)
  eden space 66048K, 98% used [0x00000000eb280000,0x00000000ef214ba8,0x00000000ef300000)
  from space 10752K, 99% used [0x00000000efd80000,0x00000000f07ff6e0,0x00000000f0800000)
  to   space 10752K, 0% used [0x00000000ef300000,0x00000000ef300000,0x00000000efd80000)
 ParOldGen       total 175104K, used 11551K [0x00000000c1800000, 0x00000000cc300000, 0x00000000eb280000)
  object space 175104K, 6% used [0x00000000c1800000,0x00000000c2347ea0,0x00000000cc300000)
 PSPermGen       total 42496K, used 42197K [0x00000000bc600000, 0x00000000bef80000, 0x00000000c1800000)
  object space 42496K, 99% used [0x00000000bc600000,0x00000000bef35690,0x00000000bef80000)
Event: 16.879 GC heap after
Heap after GC invocations=5 (full 0):
 PSYoungGen      total 75264K, used 10733K [0x00000000eb280000, 0x00000000f1a80000, 0x0000000100000000)
  eden space 64512K, 0% used [0x00000000eb280000,0x00000000eb280000,0x00000000ef180000)
  from space 10752K, 99% used [0x00000000ef300000,0x00000000efd7b498,0x00000000efd80000)
  to   space 20992K, 0% used [0x00000000f0600000,0x00000000f0600000,0x00000000f1a80000)
 ParOldGen       total 175104K, used 14920K [0x00000000c1800000, 0x00000000cc300000, 0x00000000eb280000)
  object space 175104K, 8% used [0x00000000c1800000,0x00000000c26921a8,0x00000000cc300000)
 PSPermGen       total 42496K, used 42197K [0x00000000bc600000, 0x00000000bef80000, 0x00000000c1800000)
  object space 42496K, 99% used [0x00000000bc600000,0x00000000bef35690,0x00000000bef80000)
}
Event: 19.617 GC heap before
{Heap before GC invocations=6 (full 0):
 PSYoungGen      total 75264K, used 75245K [0x00000000eb280000, 0x00000000f1a80000, 0x0000000100000000)
  eden space 64512K, 100% used [0x00000000eb280000,0x00000000ef180000,0x00000000ef180000)
  from space 10752K, 99% used [0x00000000ef300000,0x00000000efd7b498,0x00000000efd80000)
  to   space 20992K, 0% used [0x00000000f0600000,0x00000000f0600000,0x00000000f1a80000)
 ParOldGen       total 175104K, used 14920K [0x00000000c1800000, 0x00000000cc300000, 0x00000000eb280000)
  object space 175104K, 8% used [0x00000000c1800000,0x00000000c26921a8,0x00000000cc300000)
 PSPermGen       total 49664K, used 49621K [0x00000000bc600000, 0x00000000bf680000, 0x00000000c1800000)
  object space 49664K, 99% used [0x00000000bc600000,0x00000000bf6754a0,0x00000000bf680000)
Event: 19.628 GC heap after
Heap after GC invocations=6 (full 0):
 PSYoungGen      total 82944K, used 19211K [0x00000000eb280000, 0x00000000f1e00000, 0x0000000100000000)
  eden space 61952K, 0% used [0x00000000eb280000,0x00000000eb280000,0x00000000eef00000)
  from space 20992K, 91% used [0x00000000f0600000,0x00000000f18c2c20,0x00000000f1a80000)
  to   space 23552K, 0% used [0x00000000eef00000,0x00000000eef00000,0x00000000f0600000)
 ParOldGen       total 175104K, used 14928K [0x00000000c1800000, 0x00000000cc300000, 0x00000000eb280000)
  object space 175104K, 8% used [0x00000000c1800000,0x00000000c26941a8,0x00000000cc300000)
 PSPermGen       total 49664K, used 49621K [0x00000000bc600000, 0x00000000bf680000, 0x00000000c1800000)
  object space 49664K, 99% used [0x00000000bc600000,0x00000000bf6754a0,0x00000000bf680000)
}
Event: 22.739 GC heap before
{Heap before GC invocations=7 (full 0):
 PSYoungGen      total 82944K, used 81163K [0x00000000eb280000, 0x00000000f1e00000, 0x0000000100000000)
  eden space 61952K, 100% used [0x00000000eb280000,0x00000000eef00000,0x00000000eef00000)
  from space 20992K, 91% used [0x00000000f0600000,0x00000000f18c2c20,0x00000000f1a80000)
  to   space 23552K, 0% used [0x00000000eef00000,0x00000000eef00000,0x00000000f0600000)
 ParOldGen       total 175104K, used 14928K [0x00000000c1800000, 0x00000000cc300000, 0x00000000eb280000)
  object space 175104K, 8% used [0x00000000c1800000,0x00000000c26941a8,0x00000000cc300000)
 PSPermGen       total 54272K, used 53774K [0x00000000bc600000, 0x00000000bfb00000, 0x00000000c1800000)
  object space 54272K, 99% used [0x00000000bc600000,0x00000000bfa83ab8,0x00000000bfb00000)
Event: 22.751 GC heap after
Heap after GC invocations=7 (full 0):
 PSYoungGen      total 84480K, used 22986K [0x00000000eb280000, 0x00000000f2300000, 0x0000000100000000)
  eden space 60928K, 0% used [0x00000000eb280000,0x00000000eb280000,0x00000000eee00000)
  from space 23552K, 97% used [0x00000000eef00000,0x00000000f0572ab0,0x00000000f0600000)
  to   space 27136K, 0% used [0x00000000f0880000,0x00000000f0880000,0x00000000f2300000)
 ParOldGen       total 175104K, used 18267K [0x00000000c1800000, 0x00000000cc300000, 0x00000000eb280000)
  object space 175104K, 10% used [0x00000000c1800000,0x00000000c29d6d50,0x00000000cc300000)
 PSPermGen       total 54272K, used 53774K [0x00000000bc600000, 0x00000000bfb00000, 0x00000000c1800000)
  object space 54272K, 99% used [0x00000000bc600000,0x00000000bfa83ab8,0x00000000bfb00000)
}
Event: 26.197 GC heap before
{Heap before GC invocations=8 (full 0):
 PSYoungGen      total 84480K, used 83914K [0x00000000eb280000, 0x00000000f2300000, 0x0000000100000000)
  eden space 60928K, 100% used [0x00000000eb280000,0x00000000eee00000,0x00000000eee00000)
  from space 23552K, 97% used [0x00000000eef00000,0x00000000f0572ab0,0x00000000f0600000)
  to   space 27136K, 0% used [0x00000000f0880000,0x00000000f0880000,0x00000000f2300000)
 ParOldGen       total 175104K, used 18267K [0x00000000c1800000, 0x00000000cc300000, 0x00000000eb280000)
  object space 175104K, 10% used [0x00000000c1800000,0x00000000c29d6d50,0x00000000cc300000)
 PSPermGen       total 54272K, used 53955K [0x00000000bc600000, 0x00000000bfb00000, 0x00000000c1800000)
  object space 54272K, 99% used [0x00000000bc600000,0x00000000bfab0f08,0x00000000bfb00000)
Event: 26.205 GC heap after
Heap after GC invocations=8 (full 0):
 PSYoungGen      total 84992K, used 17498K [0x00000000eb280000, 0x00000000f2100000, 0x0000000100000000)
  eden space 59904K, 0% used [0x00000000eb280000,0x00000000eb280000,0x00000000eed00000)
  from space 25088K, 69% used [0x00000000f0880000,0x00000000f1996948,0x00000000f2100000)
  to   space 26624K, 0% used [0x00000000eed00000,0x00000000eed00000,0x00000000f0700000)
 ParOldGen       total 175104K, used 23485K [0x00000000c1800000, 0x00000000cc300000, 0x00000000eb280000)
  object space 175104K, 13% used [0x00000000c1800000,0x00000000c2eef6d8,0x00000000cc300000)
 PSPermGen       total 54272K, used 53955K [0x00000000bc600000, 0x00000000bfb00000, 0x00000000c1800000)
  object space 54272K, 99% used [0x00000000bc600000,0x00000000bfab0f08,0x00000000bfb00000)
}
Event: 89.058 GC heap before
{Heap before GC invocations=9 (full 0):
 PSYoungGen      total 84992K, used 77402K [0x00000000eb280000, 0x00000000f2100000, 0x0000000100000000)
  eden space 59904K, 100% used [0x00000000eb280000,0x00000000eed00000,0x00000000eed00000)
  from space 25088K, 69% used [0x00000000f0880000,0x00000000f1996948,0x00000000f2100000)
  to   space 26624K, 0% used [0x00000000eed00000,0x00000000eed00000,0x00000000f0700000)
 ParOldGen       total 175104K, used 23485K [0x00000000c1800000, 0x00000000cc300000, 0x00000000eb280000)
  object space 175104K, 13% used [0x00000000c1800000,0x00000000c2eef6d8,0x00000000cc300000)
 PSPermGen       total 54784K, used 54363K [0x00000000bc600000, 0x00000000bfb80000, 0x00000000c1800000)
  object space 54784K, 99% used [0x00000000bc600000,0x00000000bfb16fa0,0x00000000bfb80000)
Event: 89.064 GC heap after
Heap after GC invocations=9 (full 0):
 PSYoungGen      total 66560K, used 7467K [0x00000000eb280000, 0x00000000f2100000, 0x0000000100000000)
  eden space 58880K, 0% used [0x00000000eb280000,0x00000000eb280000,0x00000000eec00000)
  from space 7680K, 97% used [0x00000000eed00000,0x00000000ef44ae48,0x00000000ef480000)
  to   space 27136K, 0% used [0x00000000f0680000,0x00000000f0680000,0x00000000f2100000)
 ParOldGen       total 175104K, used 29106K [0x00000000c1800000, 0x00000000cc300000, 0x00000000eb280000)
  object space 175104K, 16% used [0x00000000c1800000,0x00000000c346c8e0,0x00000000cc300000)
 PSPermGen       total 54784K, used 54363K [0x00000000bc600000, 0x00000000bfb80000, 0x00000000c1800000)
  object space 54784K, 99% used [0x00000000bc600000,0x00000000bfb16fa0,0x00000000bfb80000)
}

