# JRE version: Java(TM) SE Runtime Environment (7.0_51-b13) (build 1.7.0_51-b13)
# Java VM: Java HotSpot(TM) 64-Bit Server VM (24.51-b03 mixed mode linux-amd64 compressed oops)
Heap
 PSYoungGen      total 222720K, used 30889K [0x0000000797d00000, 0x00000007ab300000, 0x0000000800000000)
  eden space 191488K, 0% used [0x0000000797d00000,0x0000000797d00000,0x00000007a3800000)
  from space 31232K, 98% used [0x00000007a3f00000,0x00000007a5d2a618,0x00000007a5d80000)
  to   space 62976K, 0% used [0x00000007a7580000,0x00000007a7580000,0x00000007ab300000)
 ParOldGen       total 175104K, used 166302K [0x00000006c7800000, 0x00000006d2300000, 0x0000000797d00000)
  object space 175104K, 94% used [0x00000006c7800000,0x00000006d1a67bd0,0x00000006d2300000)
 PSPermGen       total 53760K, used 53380K [0x00000006c2600000, 0x00000006c5a80000, 0x00000006c7800000)
  object space 53760K, 99% used [0x00000006c2600000,0x00000006c5a21390,0x00000006c5a80000)
GC Heap History (10 events):
Event: 238.993 GC heap after
Heap after GC invocations=9 (full 0):
 PSYoungGen      total 266240K, used 43874K [0x0000000797d00000, 0x00000007ada00000, 0x0000000800000000)
  eden space 222208K, 0% used [0x0000000797d00000,0x0000000797d00000,0x00000007a5600000)
  from space 44032K, 99% used [0x00000007a5e80000,0x00000007a8958ad0,0x00000007a8980000)
  to   space 67584K, 0% used [0x00000007a9800000,0x00000007a9800000,0x00000007ada00000)
 ParOldGen       total 175104K, used 85898K [0x00000006c7800000, 0x00000006d2300000, 0x0000000797d00000)
  object space 175104K, 49% used [0x00000006c7800000,0x00000006ccbe2870,0x00000006d2300000)
 PSPermGen       total 53248K, used 52744K [0x00000006c2600000, 0x00000006c5a00000, 0x00000006c7800000)
  object space 53248K, 99% used [0x00000006c2600000,0x00000006c5982030,0x00000006c5a00000)
}
Event: 282.908 GC heap before
{Heap before GC invocations=10 (full 0):
 PSYoungGen      total 266240K, used 266082K [0x0000000797d00000, 0x00000007ada00000, 0x0000000800000000)
  eden space 222208K, 100% used [0x0000000797d00000,0x00000007a5600000,0x00000007a5600000)
  from space 44032K, 99% used [0x00000007a5e80000,0x00000007a8958ad0,0x00000007a8980000)
  to   space 67584K, 0% used [0x00000007a9800000,0x00000007a9800000,0x00000007ada00000)
 ParOldGen       total 175104K, used 85898K [0x00000006c7800000, 0x00000006d2300000, 0x0000000797d00000)
  object space 175104K, 49% used [0x00000006c7800000,0x00000006ccbe2870,0x00000006d2300000)
 PSPermGen       total 53248K, used 52790K [0x00000006c2600000, 0x00000006c5a00000, 0x00000006c7800000)
  object space 53248K, 99% used [0x00000006c2600000,0x00000006c598d8c0,0x00000006c5a00000)
Event: 282.943 GC heap after
Heap after GC invocations=10 (full 0):
 PSYoungGen      total 268288K, used 25450K [0x0000000797d00000, 0x00000007acd00000, 0x0000000800000000)
  eden space 214016K, 0% used [0x0000000797d00000,0x0000000797d00000,0x00000007a4e00000)
  from space 54272K, 46% used [0x00000007a9800000,0x00000007ab0daa10,0x00000007acd00000)
  to   space 65024K, 0% used [0x00000007a4e00000,0x00000007a4e00000,0x00000007a8d80000)
 ParOldGen       total 175104K, used 104358K [0x00000006c7800000, 0x00000006d2300000, 0x0000000797d00000)
  object space 175104K, 59% used [0x00000006c7800000,0x00000006cdde9b60,0x00000006d2300000)
 PSPermGen       total 53248K, used 52790K [0x00000006c2600000, 0x00000006c5a00000, 0x00000006c7800000)
  object space 53248K, 99% used [0x00000006c2600000,0x00000006c598d8c0,0x00000006c5a00000)
}
Event: 369.255 GC heap before
{Heap before GC invocations=11 (full 0):
 PSYoungGen      total 268288K, used 239466K [0x0000000797d00000, 0x00000007acd00000, 0x0000000800000000)
  eden space 214016K, 100% used [0x0000000797d00000,0x00000007a4e00000,0x00000007a4e00000)
  from space 54272K, 46% used [0x00000007a9800000,0x00000007ab0daa10,0x00000007acd00000)
  to   space 65024K, 0% used [0x00000007a4e00000,0x00000007a4e00000,0x00000007a8d80000)
 ParOldGen       total 175104K, used 104358K [0x00000006c7800000, 0x00000006d2300000, 0x0000000797d00000)
  object space 175104K, 59% used [0x00000006c7800000,0x00000006cdde9b60,0x00000006d2300000)
 PSPermGen       total 53248K, used 52813K [0x00000006c2600000, 0x00000006c5a00000, 0x00000006c7800000)
  object space 53248K, 99% used [0x00000006c2600000,0x00000006c5993778,0x00000006c5a00000)
Event: 369.271 GC heap after
Heap after GC invocations=11 (full 0):
 PSYoungGen      total 229888K, used 23441K [0x0000000797d00000, 0x00000007ac080000, 0x0000000800000000)
  eden space 206336K, 0% used [0x0000000797d00000,0x0000000797d00000,0x00000007a4680000)
  from space 23552K, 99% used [0x00000007a4e00000,0x00000007a64e4710,0x00000007a6500000)
  to   space 62464K, 0% used [0x00000007a8380000,0x00000007a8380000,0x00000007ac080000)
 ParOldGen       total 175104K, used 104866K [0x00000006c7800000, 0x00000006d2300000, 0x0000000797d00000)
  object space 175104K, 59% used [0x00000006c7800000,0x00000006cde68bd0,0x00000006d2300000)
 PSPermGen       total 53248K, used 52813K [0x00000006c2600000, 0x00000006c5a00000, 0x00000006c7800000)
  object space 53248K, 99% used [0x00000006c2600000,0x00000006c5993778,0x00000006c5a00000)
}
Event: 392.305 GC heap before
{Heap before GC invocations=12 (full 0):
 PSYoungGen      total 229888K, used 229777K [0x0000000797d00000, 0x00000007ac080000, 0x0000000800000000)
  eden space 206336K, 100% used [0x0000000797d00000,0x00000007a4680000,0x00000007a4680000)
  from space 23552K, 99% used [0x00000007a4e00000,0x00000007a64e4710,0x00000007a6500000)
  to   space 62464K, 0% used [0x00000007a8380000,0x00000007a8380000,0x00000007ac080000)
 ParOldGen       total 175104K, used 104866K [0x00000006c7800000, 0x00000006d2300000, 0x0000000797d00000)
  object space 175104K, 59% used [0x00000006c7800000,0x00000006cde68bd0,0x00000006d2300000)
 PSPermGen       total 53760K, used 53344K [0x00000006c2600000, 0x00000006c5a80000, 0x00000006c7800000)
  object space 53760K, 99% used [0x00000006c2600000,0x00000006c5a18048,0x00000006c5a80000)
Event: 392.350 GC heap after
Heap after GC invocations=12 (full 0):
 PSYoungGen      total 261120K, used 48648K [0x0000000797d00000, 0x00000007ac100000, 0x0000000800000000)
  eden space 198656K, 0% used [0x0000000797d00000,0x0000000797d00000,0x00000007a3f00000)
  from space 62464K, 77% used [0x00000007a8380000,0x00000007ab302058,0x00000007ac080000)
  to   space 66560K, 0% used [0x00000007a3f00000,0x00000007a3f00000,0x00000007a8000000)
 ParOldGen       total 175104K, used 126806K [0x00000006c7800000, 0x00000006d2300000, 0x0000000797d00000)
  object space 175104K, 72% used [0x00000006c7800000,0x00000006cf3d59a8,0x00000006d2300000)
 PSPermGen       total 53760K, used 53344K [0x00000006c2600000, 0x00000006c5a80000, 0x00000006c7800000)
  object space 53760K, 99% used [0x00000006c2600000,0x00000006c5a18048,0x00000006c5a80000)
}
Event: 400.279 GC heap before
{Heap before GC invocations=13 (full 0):
 PSYoungGen      total 261120K, used 247304K [0x0000000797d00000, 0x00000007ac100000, 0x0000000800000000)
  eden space 198656K, 100% used [0x0000000797d00000,0x00000007a3f00000,0x00000007a3f00000)
  from space 62464K, 77% used [0x00000007a8380000,0x00000007ab302058,0x00000007ac080000)
  to   space 66560K, 0% used [0x00000007a3f00000,0x00000007a3f00000,0x00000007a8000000)
 ParOldGen       total 175104K, used 126806K [0x00000006c7800000, 0x00000006d2300000, 0x0000000797d00000)
  object space 175104K, 72% used [0x00000006c7800000,0x00000006cf3d59a8,0x00000006d2300000)
 PSPermGen       total 53760K, used 53380K [0x00000006c2600000, 0x00000006c5a80000, 0x00000006c7800000)
  object space 53760K, 99% used [0x00000006c2600000,0x00000006c5a21390,0x00000006c5a80000)
Event: 400.345 GC heap after
Heap after GC invocations=13 (full 0):
 PSYoungGen      total 222720K, used 30889K [0x0000000797d00000, 0x00000007ab300000, 0x0000000800000000)
  eden space 191488K, 0% used [0x0000000797d00000,0x0000000797d00000,0x00000007a3800000)
  from space 31232K, 98% used [0x00000007a3f00000,0x00000007a5d2a618,0x00000007a5d80000)
  to   space 62976K, 0% used [0x00000007a7580000,0x00000007a7580000,0x00000007ab300000)
 ParOldGen       total 175104K, used 166302K [0x00000006c7800000, 0x00000006d2300000, 0x0000000797d00000)
  object space 175104K, 94% used [0x00000006c7800000,0x00000006d1a67bd0,0x00000006d2300000)
 PSPermGen       total 53760K, used 53380K [0x00000006c2600000, 0x00000006c5a80000, 0x00000006c7800000)
  object space 53760K, 99% used [0x00000006c2600000,0x00000006c5a21390,0x00000006c5a80000)
}
Event: 400.345 GC heap before
{Heap before GC invocations=14 (full 1):
 PSYoungGen      total 222720K, used 30889K [0x0000000797d00000, 0x00000007ab300000, 0x0000000800000000)
  eden space 191488K, 0% used [0x0000000797d00000,0x0000000797d00000,0x00000007a3800000)
  from space 31232K, 98% used [0x00000007a3f00000,0x00000007a5d2a618,0x00000007a5d80000)
  to   space 62976K, 0% used [0x00000007a7580000,0x00000007a7580000,0x00000007ab300000)
 ParOldGen       total 175104K, used 166302K [0x00000006c7800000, 0x00000006d2300000, 0x0000000797d00000)
  object space 175104K, 94% used [0x00000006c7800000,0x00000006d1a67bd0,0x00000006d2300000)
 PSPermGen       total 53760K, used 53380K [0x00000006c2600000, 0x00000006c5a80000, 0x00000006c7800000)
  object space 53760K, 99% used [0x00000006c2600000,0x00000006c5a21390,0x00000006c5a80000)

