# JRE version: Java(TM) SE Runtime Environment (7.0_45-b18) (build 1.7.0_45-b18)
# Java VM: Java HotSpot(TM) 64-Bit Server VM (24.45-b08 mixed mode linux-amd64 compressed oops)
Heap
 PSYoungGen      total 86016K, used 27583K [0x0000000797d00000, 0x000000079ec00000, 0x0000000800000000)
  eden space 61440K, 12% used [0x0000000797d00000,0x00000007984393d8,0x000000079b900000)
  from space 24576K, 82% used [0x000000079ba80000,0x000000079ce36a40,0x000000079d280000)
  to   space 26112K, 0% used [0x000000079d280000,0x000000079d280000,0x000000079ec00000)
 ParOldGen       total 175104K, used 25350K [0x00000006c7800000, 0x00000006d2300000, 0x0000000797d00000)
  object space 175104K, 14% used [0x00000006c7800000,0x00000006c90c1808,0x00000006d2300000)
 PSPermGen       total 52736K, used 52539K [0x00000006c2600000, 0x00000006c5980000, 0x00000006c7800000)
  object space 52736K, 99% used [0x00000006c2600000,0x00000006c594ece0,0x00000006c5980000)
GC Heap History (10 events):
Event: 2.375 GC heap before
{Heap before GC invocations=3 (full 0):
 PSYoungGen      total 76800K, used 75573K [0x0000000797d00000, 0x000000079d280000, 0x0000000800000000)
  eden space 66048K, 100% used [0x0000000797d00000,0x000000079bd80000,0x000000079bd80000)
  from space 10752K, 88% used [0x000000079c800000,0x000000079d14d750,0x000000079d280000)
  to   space 10752K, 0% used [0x000000079bd80000,0x000000079bd80000,0x000000079c800000)
 ParOldGen       total 175104K, used 80K [0x00000006c7800000, 0x00000006d2300000, 0x0000000797d00000)
  object space 175104K, 0% used [0x00000006c7800000,0x00000006c7814010,0x00000006d2300000)
 PSPermGen       total 37376K, used 37164K [0x00000006c2600000, 0x00000006c4a80000, 0x00000006c7800000)
  object space 37376K, 99% used [0x00000006c2600000,0x00000006c4a4b070,0x00000006c4a80000)
Event: 2.386 GC heap after
Heap after GC invocations=3 (full 0):
 PSYoungGen      total 76800K, used 10750K [0x0000000797d00000, 0x000000079d280000, 0x0000000800000000)
  eden space 66048K, 0% used [0x0000000797d00000,0x0000000797d00000,0x000000079bd80000)
  from space 10752K, 99% used [0x000000079bd80000,0x000000079c7ffa80,0x000000079c800000)
  to   space 10752K, 0% used [0x000000079c800000,0x000000079c800000,0x000000079d280000)
 ParOldGen       total 175104K, used 8632K [0x00000006c7800000, 0x00000006d2300000, 0x0000000797d00000)
  object space 175104K, 4% used [0x00000006c7800000,0x00000006c806e3e0,0x00000006d2300000)
 PSPermGen       total 37376K, used 37164K [0x00000006c2600000, 0x00000006c4a80000, 0x00000006c7800000)
  object space 37376K, 99% used [0x00000006c2600000,0x00000006c4a4b070,0x00000006c4a80000)
}
Event: 4.489 GC heap before
{Heap before GC invocations=4 (full 0):
 PSYoungGen      total 76800K, used 76798K [0x0000000797d00000, 0x000000079d280000, 0x0000000800000000)
  eden space 66048K, 100% used [0x0000000797d00000,0x000000079bd80000,0x000000079bd80000)
  from space 10752K, 99% used [0x000000079bd80000,0x000000079c7ffa80,0x000000079c800000)
  to   space 10752K, 0% used [0x000000079c800000,0x000000079c800000,0x000000079d280000)
 ParOldGen       total 175104K, used 8632K [0x00000006c7800000, 0x00000006d2300000, 0x0000000797d00000)
  object space 175104K, 4% used [0x00000006c7800000,0x00000006c806e3e0,0x00000006d2300000)
 PSPermGen       total 44032K, used 43621K [0x00000006c2600000, 0x00000006c5100000, 0x00000006c7800000)
  object space 44032K, 99% used [0x00000006c2600000,0x00000006c5099638,0x00000006c5100000)
Event: 4.499 GC heap after
Heap after GC invocations=4 (full 0):
 PSYoungGen      total 76800K, used 10720K [0x0000000797d00000, 0x000000079d280000, 0x0000000800000000)
  eden space 66048K, 0% used [0x0000000797d00000,0x0000000797d00000,0x000000079bd80000)
  from space 10752K, 99% used [0x000000079c800000,0x000000079d278250,0x000000079d280000)
  to   space 10752K, 0% used [0x000000079bd80000,0x000000079bd80000,0x000000079c800000)
 ParOldGen       total 175104K, used 16666K [0x00000006c7800000, 0x00000006d2300000, 0x0000000797d00000)
  object space 175104K, 9% used [0x00000006c7800000,0x00000006c8846818,0x00000006d2300000)
 PSPermGen       total 44032K, used 43621K [0x00000006c2600000, 0x00000006c5100000, 0x00000006c7800000)
  object space 44032K, 99% used [0x00000006c2600000,0x00000006c5099638,0x00000006c5100000)
}
Event: 17.023 GC heap before
{Heap before GC invocations=5 (full 0):
 PSYoungGen      total 76800K, used 76768K [0x0000000797d00000, 0x000000079d280000, 0x0000000800000000)
  eden space 66048K, 100% used [0x0000000797d00000,0x000000079bd80000,0x000000079bd80000)
  from space 10752K, 99% used [0x000000079c800000,0x000000079d278250,0x000000079d280000)
  to   space 10752K, 0% used [0x000000079bd80000,0x000000079bd80000,0x000000079c800000)
 ParOldGen       total 175104K, used 16666K [0x00000006c7800000, 0x00000006d2300000, 0x0000000797d00000)
  object space 175104K, 9% used [0x00000006c7800000,0x00000006c8846818,0x00000006d2300000)
 PSPermGen       total 48128K, used 47851K [0x00000006c2600000, 0x00000006c5500000, 0x00000006c7800000)
  object space 48128K, 99% used [0x00000006c2600000,0x00000006c54bad38,0x00000006c5500000)
Event: 17.032 GC heap after
Heap after GC invocations=5 (full 0):
 PSYoungGen      total 75264K, used 10748K [0x0000000797d00000, 0x000000079ec00000, 0x0000000800000000)
  eden space 64512K, 0% used [0x0000000797d00000,0x0000000797d00000,0x000000079bc00000)
  from space 10752K, 99% used [0x000000079bd80000,0x000000079c7ff110,0x000000079c800000)
  to   space 24576K, 0% used [0x000000079d400000,0x000000079d400000,0x000000079ec00000)
 ParOldGen       total 175104K, used 21998K [0x00000006c7800000, 0x00000006d2300000, 0x0000000797d00000)
  object space 175104K, 12% used [0x00000006c7800000,0x00000006c8d7ba78,0x00000006d2300000)
 PSPermGen       total 48128K, used 47851K [0x00000006c2600000, 0x00000006c5500000, 0x00000006c7800000)
  object space 48128K, 99% used [0x00000006c2600000,0x00000006c54bad38,0x00000006c5500000)
}
Event: 21.633 GC heap before
{Heap before GC invocations=6 (full 0):
 PSYoungGen      total 75264K, used 75260K [0x0000000797d00000, 0x000000079ec00000, 0x0000000800000000)
  eden space 64512K, 100% used [0x0000000797d00000,0x000000079bc00000,0x000000079bc00000)
  from space 10752K, 99% used [0x000000079bd80000,0x000000079c7ff110,0x000000079c800000)
  to   space 24576K, 0% used [0x000000079d400000,0x000000079d400000,0x000000079ec00000)
 ParOldGen       total 175104K, used 21998K [0x00000006c7800000, 0x00000006d2300000, 0x0000000797d00000)
  object space 175104K, 12% used [0x00000006c7800000,0x00000006c8d7ba78,0x00000006d2300000)
 PSPermGen       total 52224K, used 52022K [0x00000006c2600000, 0x00000006c5900000, 0x00000006c7800000)
  object space 52224K, 99% used [0x00000006c2600000,0x00000006c58cd938,0x00000006c5900000)
Event: 21.641 GC heap after
Heap after GC invocations=6 (full 0):
 PSYoungGen      total 86016K, used 16806K [0x0000000797d00000, 0x000000079ea80000, 0x0000000800000000)
  eden space 62976K, 0% used [0x0000000797d00000,0x0000000797d00000,0x000000079ba80000)
  from space 23040K, 72% used [0x000000079d400000,0x000000079e469bd0,0x000000079ea80000)
  to   space 24576K, 0% used [0x000000079ba80000,0x000000079ba80000,0x000000079d280000)
 ParOldGen       total 175104K, used 21998K [0x00000006c7800000, 0x00000006d2300000, 0x0000000797d00000)
  object space 175104K, 12% used [0x00000006c7800000,0x00000006c8d7ba78,0x00000006d2300000)
 PSPermGen       total 52224K, used 52022K [0x00000006c2600000, 0x00000006c5900000, 0x00000006c7800000)
  object space 52224K, 99% used [0x00000006c2600000,0x00000006c58cd938,0x00000006c5900000)
}
Event: 54.563 GC heap before
{Heap before GC invocations=7 (full 0):
 PSYoungGen      total 86016K, used 79782K [0x0000000797d00000, 0x000000079ea80000, 0x0000000800000000)
  eden space 62976K, 100% used [0x0000000797d00000,0x000000079ba80000,0x000000079ba80000)
  from space 23040K, 72% used [0x000000079d400000,0x000000079e469bd0,0x000000079ea80000)
  to   space 24576K, 0% used [0x000000079ba80000,0x000000079ba80000,0x000000079d280000)
 ParOldGen       total 175104K, used 21998K [0x00000006c7800000, 0x00000006d2300000, 0x0000000797d00000)
  object space 175104K, 12% used [0x00000006c7800000,0x00000006c8d7ba78,0x00000006d2300000)
 PSPermGen       total 52736K, used 52495K [0x00000006c2600000, 0x00000006c5980000, 0x00000006c7800000)
  object space 52736K, 99% used [0x00000006c2600000,0x00000006c5943c50,0x00000006c5980000)
Event: 54.575 GC heap after
Heap after GC invocations=7 (full 0):
 PSYoungGen      total 86016K, used 20186K [0x0000000797d00000, 0x000000079ec00000, 0x0000000800000000)
  eden space 61440K, 0% used [0x0000000797d00000,0x0000000797d00000,0x000000079b900000)
  from space 24576K, 82% used [0x000000079ba80000,0x000000079ce36a40,0x000000079d280000)
  to   space 26112K, 0% used [0x000000079d280000,0x000000079d280000,0x000000079ec00000)
 ParOldGen       total 175104K, used 25350K [0x00000006c7800000, 0x00000006d2300000, 0x0000000797d00000)
  object space 175104K, 14% used [0x00000006c7800000,0x00000006c90c1808,0x00000006d2300000)
 PSPermGen       total 52736K, used 52495K [0x00000006c2600000, 0x00000006c5980000, 0x00000006c7800000)
  object space 52736K, 99% used [0x00000006c2600000,0x00000006c5943c50,0x00000006c5980000)
}

