# JRE version: Java(TM) SE Runtime Environment (7.0_45-b18) (build 1.7.0_45-b18)
# Java VM: Java HotSpot(TM) 64-Bit Server VM (24.45-b08 mixed mode linux-amd64 compressed oops)
Heap
 PSYoungGen      total 143872K, used 133155K [0x00000000eb280000, 0x00000000f7680000, 0x0000000100000000)
  eden space 112640K, 90% used [0x00000000eb280000,0x00000000f160dcf0,0x00000000f2080000)
  from space 31232K, 99% used [0x00000000f4780000,0x00000000f65fb030,0x00000000f6600000)
  to   space 39936K, 0% used [0x00000000f2080000,0x00000000f2080000,0x00000000f4780000)
 ParOldGen       total 257536K, used 145768K [0x00000000c1800000, 0x00000000d1380000, 0x00000000eb280000)
  object space 257536K, 56% used [0x00000000c1800000,0x00000000ca65a1f0,0x00000000d1380000)
 PSPermGen       total 83968K, used 57626K [0x00000000bc600000, 0x00000000c1800000, 0x00000000c1800000)
  object space 83968K, 68% used [0x00000000bc600000,0x00000000bfe46858,0x00000000c1800000)
GC Heap History (10 events):
Event: 1467.982 GC heap before
{Heap before GC invocations=92 (full 2):
 PSYoungGen      total 112128K, used 94144K [0x00000000eb280000, 0x00000000f4800000, 0x0000000100000000)
  eden space 77824K, 100% used [0x00000000eb280000,0x00000000efe80000,0x00000000efe80000)
  from space 34304K, 47% used [0x00000000efe80000,0x00000000f0e70140,0x00000000f2000000)
  to   space 32768K, 0% used [0x00000000f2800000,0x00000000f2800000,0x00000000f4800000)
 ParOldGen       total 257536K, used 118781K [0x00000000c1800000, 0x00000000d1380000, 0x00000000eb280000)
  object space 257536K, 46% used [0x00000000c1800000,0x00000000c8bff670,0x00000000d1380000)
 PSPermGen       total 83968K, used 55698K [0x00000000bc600000, 0x00000000c1800000, 0x00000000c1800000)
  object space 83968K, 66% used [0x00000000bc600000,0x00000000bfc649e8,0x00000000c1800000)
Event: 1467.989 GC heap after
Heap after GC invocations=92 (full 2):
 PSYoungGen      total 121856K, used 14976K [0x00000000eb280000, 0x00000000f4800000, 0x0000000100000000)
  eden space 89088K, 0% used [0x00000000eb280000,0x00000000eb280000,0x00000000f0980000)
  from space 32768K, 45% used [0x00000000f2800000,0x00000000f36a0140,0x00000000f4800000)
  to   space 31232K, 0% used [0x00000000f0980000,0x00000000f0980000,0x00000000f2800000)
 ParOldGen       total 257536K, used 118781K [0x00000000c1800000, 0x00000000d1380000, 0x00000000eb280000)
  object space 257536K, 46% used [0x00000000c1800000,0x00000000c8bff670,0x00000000d1380000)
 PSPermGen       total 83968K, used 55698K [0x00000000bc600000, 0x00000000c1800000, 0x00000000c1800000)
  object space 83968K, 66% used [0x00000000bc600000,0x00000000bfc649e8,0x00000000c1800000)
}
Event: 1475.782 GC heap before
{Heap before GC invocations=93 (full 2):
 PSYoungGen      total 121856K, used 104064K [0x00000000eb280000, 0x00000000f4800000, 0x0000000100000000)
  eden space 89088K, 100% used [0x00000000eb280000,0x00000000f0980000,0x00000000f0980000)
  from space 32768K, 45% used [0x00000000f2800000,0x00000000f36a0140,0x00000000f4800000)
  to   space 31232K, 0% used [0x00000000f0980000,0x00000000f0980000,0x00000000f2800000)
 ParOldGen       total 257536K, used 118781K [0x00000000c1800000, 0x00000000d1380000, 0x00000000eb280000)
  object space 257536K, 46% used [0x00000000c1800000,0x00000000c8bff670,0x00000000d1380000)
 PSPermGen       total 83968K, used 55705K [0x00000000bc600000, 0x00000000c1800000, 0x00000000c1800000)
  object space 83968K, 66% used [0x00000000bc600000,0x00000000bfc66568,0x00000000c1800000)
Event: 1475.790 GC heap after
Heap after GC invocations=93 (full 2):
 PSYoungGen      total 120320K, used 19861K [0x00000000eb280000, 0x00000000f5400000, 0x0000000100000000)
  eden space 89088K, 0% used [0x00000000eb280000,0x00000000eb280000,0x00000000f0980000)
  from space 31232K, 63% used [0x00000000f0980000,0x00000000f1ce54d0,0x00000000f2800000)
  to   space 31232K, 0% used [0x00000000f3580000,0x00000000f3580000,0x00000000f5400000)
 ParOldGen       total 257536K, used 118781K [0x00000000c1800000, 0x00000000d1380000, 0x00000000eb280000)
  object space 257536K, 46% used [0x00000000c1800000,0x00000000c8bff670,0x00000000d1380000)
 PSPermGen       total 83968K, used 55705K [0x00000000bc600000, 0x00000000c1800000, 0x00000000c1800000)
  object space 83968K, 66% used [0x00000000bc600000,0x00000000bfc66568,0x00000000c1800000)
}
Event: 1475.924 GC heap before
{Heap before GC invocations=94 (full 2):
 PSYoungGen      total 120320K, used 108949K [0x00000000eb280000, 0x00000000f5400000, 0x0000000100000000)
  eden space 89088K, 100% used [0x00000000eb280000,0x00000000f0980000,0x00000000f0980000)
  from space 31232K, 63% used [0x00000000f0980000,0x00000000f1ce54d0,0x00000000f2800000)
  to   space 31232K, 0% used [0x00000000f3580000,0x00000000f3580000,0x00000000f5400000)
 ParOldGen       total 257536K, used 118781K [0x00000000c1800000, 0x00000000d1380000, 0x00000000eb280000)
  object space 257536K, 46% used [0x00000000c1800000,0x00000000c8bff670,0x00000000d1380000)
 PSPermGen       total 83968K, used 55705K [0x00000000bc600000, 0x00000000c1800000, 0x00000000c1800000)
  object space 83968K, 66% used [0x00000000bc600000,0x00000000bfc66568,0x00000000c1800000)
Event: 1475.935 GC heap after
Heap after GC invocations=94 (full 2):
 PSYoungGen      total 133120K, used 15070K [0x00000000eb280000, 0x00000000f5200000, 0x0000000100000000)
  eden space 103936K, 0% used [0x00000000eb280000,0x00000000eb280000,0x00000000f1800000)
  from space 29184K, 51% used [0x00000000f3580000,0x00000000f4437a48,0x00000000f5200000)
  to   space 29696K, 0% used [0x00000000f1800000,0x00000000f1800000,0x00000000f3500000)
 ParOldGen       total 257536K, used 131175K [0x00000000c1800000, 0x00000000d1380000, 0x00000000eb280000)
  object space 257536K, 50% used [0x00000000c1800000,0x00000000c9819f38,0x00000000d1380000)
 PSPermGen       total 83968K, used 55705K [0x00000000bc600000, 0x00000000c1800000, 0x00000000c1800000)
  object space 83968K, 66% used [0x00000000bc600000,0x00000000bfc66568,0x00000000c1800000)
}
Event: 1476.093 GC heap before
{Heap before GC invocations=95 (full 2):
 PSYoungGen      total 133120K, used 119006K [0x00000000eb280000, 0x00000000f5200000, 0x0000000100000000)
  eden space 103936K, 100% used [0x00000000eb280000,0x00000000f1800000,0x00000000f1800000)
  from space 29184K, 51% used [0x00000000f3580000,0x00000000f4437a48,0x00000000f5200000)
  to   space 29696K, 0% used [0x00000000f1800000,0x00000000f1800000,0x00000000f3500000)
 ParOldGen       total 257536K, used 131175K [0x00000000c1800000, 0x00000000d1380000, 0x00000000eb280000)
  object space 257536K, 50% used [0x00000000c1800000,0x00000000c9819f38,0x00000000d1380000)
 PSPermGen       total 83968K, used 55705K [0x00000000bc600000, 0x00000000c1800000, 0x00000000c1800000)
  object space 83968K, 66% used [0x00000000bc600000,0x00000000bfc66568,0x00000000c1800000)
Event: 1476.102 GC heap after
Heap after GC invocations=95 (full 2):
 PSYoungGen      total 133632K, used 22064K [0x00000000eb280000, 0x00000000f6600000, 0x0000000100000000)
  eden space 103936K, 0% used [0x00000000eb280000,0x00000000eb280000,0x00000000f1800000)
  from space 29696K, 74% used [0x00000000f1800000,0x00000000f2d8c378,0x00000000f3500000)
  to   space 31232K, 0% used [0x00000000f4780000,0x00000000f4780000,0x00000000f6600000)
 ParOldGen       total 257536K, used 133448K [0x00000000c1800000, 0x00000000d1380000, 0x00000000eb280000)
  object space 257536K, 51% used [0x00000000c1800000,0x00000000c9a521e0,0x00000000d1380000)
 PSPermGen       total 83968K, used 55705K [0x00000000bc600000, 0x00000000c1800000, 0x00000000c1800000)
  object space 83968K, 66% used [0x00000000bc600000,0x00000000bfc66568,0x00000000c1800000)
}
Event: 1482.456 GC heap before
{Heap before GC invocations=96 (full 2):
 PSYoungGen      total 133632K, used 126000K [0x00000000eb280000, 0x00000000f6600000, 0x0000000100000000)
  eden space 103936K, 100% used [0x00000000eb280000,0x00000000f1800000,0x00000000f1800000)
  from space 29696K, 74% used [0x00000000f1800000,0x00000000f2d8c378,0x00000000f3500000)
  to   space 31232K, 0% used [0x00000000f4780000,0x00000000f4780000,0x00000000f6600000)
 ParOldGen       total 257536K, used 133448K [0x00000000c1800000, 0x00000000d1380000, 0x00000000eb280000)
  object space 257536K, 51% used [0x00000000c1800000,0x00000000c9a521e0,0x00000000d1380000)
 PSPermGen       total 83968K, used 55713K [0x00000000bc600000, 0x00000000c1800000, 0x00000000c1800000)
  object space 83968K, 66% used [0x00000000bc600000,0x00000000bfc68438,0x00000000c1800000)
Event: 1482.486 GC heap after
Heap after GC invocations=96 (full 2):
 PSYoungGen      total 143872K, used 31212K [0x00000000eb280000, 0x00000000f7680000, 0x0000000100000000)
  eden space 112640K, 0% used [0x00000000eb280000,0x00000000eb280000,0x00000000f2080000)
  from space 31232K, 99% used [0x00000000f4780000,0x00000000f65fb030,0x00000000f6600000)
  to   space 39936K, 0% used [0x00000000f2080000,0x00000000f2080000,0x00000000f4780000)
 ParOldGen       total 257536K, used 145768K [0x00000000c1800000, 0x00000000d1380000, 0x00000000eb280000)
  object space 257536K, 56% used [0x00000000c1800000,0x00000000ca65a1f0,0x00000000d1380000)
 PSPermGen       total 83968K, used 55713K [0x00000000bc600000, 0x00000000c1800000, 0x00000000c1800000)
  object space 83968K, 66% used [0x00000000bc600000,0x00000000bfc68438,0x00000000c1800000)
}

