# JRE version: Java(TM) SE Runtime Environment (7.0_45-b18) (build 1.7.0_45-b18)
# Java VM: Java HotSpot(TM) 64-Bit Server VM (24.45-b08 mixed mode linux-amd64 compressed oops)
Heap
 PSYoungGen      total 80384K, used 32459K [0x00000000eb280000, 0x00000000f2200000, 0x0000000100000000)
  eden space 50688K, 60% used [0x00000000eb280000,0x00000000ed074360,0x00000000ee400000)
  from space 29696K, 6% used [0x00000000f0500000,0x00000000f06be980,0x00000000f2200000)
  to   space 31744K, 0% used [0x00000000ee400000,0x00000000ee400000,0x00000000f0300000)
 ParOldGen       total 265216K, used 204007K [0x00000000c1800000, 0x00000000d1b00000, 0x00000000eb280000)
  object space 265216K, 76% used [0x00000000c1800000,0x00000000cdf39d80,0x00000000d1b00000)
 PSPermGen       total 83968K, used 51672K [0x00000000bc600000, 0x00000000c1800000, 0x00000000c1800000)
  object space 83968K, 61% used [0x00000000bc600000,0x00000000bf8762b8,0x00000000c1800000)
GC Heap History (10 events):
Event: 1123.327 GC heap before
{Heap before GC invocations=51 (full 3):
 PSYoungGen      total 70144K, used 70080K [0x00000000eb280000, 0x00000000f2c80000, 0x0000000100000000)
  eden space 56320K, 100% used [0x00000000eb280000,0x00000000ee980000,0x00000000ee980000)
  from space 13824K, 99% used [0x00000000eea80000,0x00000000ef7f0020,0x00000000ef800000)
  to   space 34304K, 0% used [0x00000000f0b00000,0x00000000f0b00000,0x00000000f2c80000)
 ParOldGen       total 265216K, used 172907K [0x00000000c1800000, 0x00000000d1b00000, 0x00000000eb280000)
  object space 265216K, 65% used [0x00000000c1800000,0x00000000cc0dacf0,0x00000000d1b00000)
 PSPermGen       total 83968K, used 51576K [0x00000000bc600000, 0x00000000c1800000, 0x00000000c1800000)
  object space 83968K, 61% used [0x00000000bc600000,0x00000000bf85e150,0x00000000c1800000)
Event: 1123.333 GC heap after
Heap after GC invocations=51 (full 3):
 PSYoungGen      total 87552K, used 160K [0x00000000eb280000, 0x00000000f2a80000, 0x0000000100000000)
  eden space 55296K, 0% used [0x00000000eb280000,0x00000000eb280000,0x00000000ee880000)
  from space 32256K, 0% used [0x00000000f0b00000,0x00000000f0b28000,0x00000000f2a80000)
  to   space 33792K, 0% used [0x00000000ee880000,0x00000000ee880000,0x00000000f0980000)
 ParOldGen       total 265216K, used 186299K [0x00000000c1800000, 0x00000000d1b00000, 0x00000000eb280000)
  object space 265216K, 70% used [0x00000000c1800000,0x00000000ccdeed10,0x00000000d1b00000)
 PSPermGen       total 83968K, used 51576K [0x00000000bc600000, 0x00000000c1800000, 0x00000000c1800000)
  object space 83968K, 61% used [0x00000000bc600000,0x00000000bf85e150,0x00000000c1800000)
}
Event: 1151.194 GC heap before
{Heap before GC invocations=52 (full 3):
 PSYoungGen      total 87552K, used 55456K [0x00000000eb280000, 0x00000000f2a80000, 0x0000000100000000)
  eden space 55296K, 100% used [0x00000000eb280000,0x00000000ee880000,0x00000000ee880000)
  from space 32256K, 0% used [0x00000000f0b00000,0x00000000f0b28000,0x00000000f2a80000)
  to   space 33792K, 0% used [0x00000000ee880000,0x00000000ee880000,0x00000000f0980000)
 ParOldGen       total 265216K, used 186299K [0x00000000c1800000, 0x00000000d1b00000, 0x00000000eb280000)
  object space 265216K, 70% used [0x00000000c1800000,0x00000000ccdeed10,0x00000000d1b00000)
 PSPermGen       total 83968K, used 51576K [0x00000000bc600000, 0x00000000c1800000, 0x00000000c1800000)
  object space 83968K, 61% used [0x00000000bc600000,0x00000000bf85e2f8,0x00000000c1800000)
Event: 1151.196 GC heap after
Heap after GC invocations=52 (full 3):
 PSYoungGen      total 54784K, used 512K [0x00000000eb280000, 0x00000000f2780000, 0x0000000100000000)
  eden space 54272K, 0% used [0x00000000eb280000,0x00000000eb280000,0x00000000ee780000)
  from space 512K, 100% used [0x00000000ee880000,0x00000000ee900000,0x00000000ee900000)
  to   space 32768K, 0% used [0x00000000f0780000,0x00000000f0780000,0x00000000f2780000)
 ParOldGen       total 265216K, used 186299K [0x00000000c1800000, 0x00000000d1b00000, 0x00000000eb280000)
  object space 265216K, 70% used [0x00000000c1800000,0x00000000ccdeed10,0x00000000d1b00000)
 PSPermGen       total 83968K, used 51576K [0x00000000bc600000, 0x00000000c1800000, 0x00000000c1800000)
  object space 83968K, 61% used [0x00000000bc600000,0x00000000bf85e2f8,0x00000000c1800000)
}
Event: 1154.379 GC heap before
{Heap before GC invocations=53 (full 3):
 PSYoungGen      total 54784K, used 54784K [0x00000000eb280000, 0x00000000f2780000, 0x0000000100000000)
  eden space 54272K, 100% used [0x00000000eb280000,0x00000000ee780000,0x00000000ee780000)
  from space 512K, 100% used [0x00000000ee880000,0x00000000ee900000,0x00000000ee900000)
  to   space 32768K, 0% used [0x00000000f0780000,0x00000000f0780000,0x00000000f2780000)
 ParOldGen       total 265216K, used 186299K [0x00000000c1800000, 0x00000000d1b00000, 0x00000000eb280000)
  object space 265216K, 70% used [0x00000000c1800000,0x00000000ccdeed10,0x00000000d1b00000)
 PSPermGen       total 83968K, used 51577K [0x00000000bc600000, 0x00000000c1800000, 0x00000000c1800000)
  object space 83968K, 61% used [0x00000000bc600000,0x00000000bf85e468,0x00000000c1800000)
Event: 1154.386 GC heap after
Heap after GC invocations=53 (full 3):
 PSYoungGen      total 85504K, used 18581K [0x00000000eb280000, 0x00000000f2980000, 0x0000000100000000)
  eden space 52736K, 0% used [0x00000000eb280000,0x00000000eb280000,0x00000000ee600000)
  from space 32768K, 56% used [0x00000000f0780000,0x00000000f19a57c0,0x00000000f2780000)
  to   space 34304K, 0% used [0x00000000ee600000,0x00000000ee600000,0x00000000f0780000)
 ParOldGen       total 265216K, used 186547K [0x00000000c1800000, 0x00000000d1b00000, 0x00000000eb280000)
  object space 265216K, 70% used [0x00000000c1800000,0x00000000cce2cd10,0x00000000d1b00000)
 PSPermGen       total 83968K, used 51577K [0x00000000bc600000, 0x00000000c1800000, 0x00000000c1800000)
  object space 83968K, 61% used [0x00000000bc600000,0x00000000bf85e468,0x00000000c1800000)
}
Event: 1165.107 GC heap before
{Heap before GC invocations=54 (full 3):
 PSYoungGen      total 85504K, used 71317K [0x00000000eb280000, 0x00000000f2980000, 0x0000000100000000)
  eden space 52736K, 100% used [0x00000000eb280000,0x00000000ee600000,0x00000000ee600000)
  from space 32768K, 56% used [0x00000000f0780000,0x00000000f19a57c0,0x00000000f2780000)
  to   space 34304K, 0% used [0x00000000ee600000,0x00000000ee600000,0x00000000f0780000)
 ParOldGen       total 265216K, used 186547K [0x00000000c1800000, 0x00000000d1b00000, 0x00000000eb280000)
  object space 265216K, 70% used [0x00000000c1800000,0x00000000cce2cd10,0x00000000d1b00000)
 PSPermGen       total 83968K, used 51589K [0x00000000bc600000, 0x00000000c1800000, 0x00000000c1800000)
  object space 83968K, 61% used [0x00000000bc600000,0x00000000bf8614f0,0x00000000c1800000)
Event: 1165.116 GC heap after
Heap after GC invocations=54 (full 3):
 PSYoungGen      total 56320K, used 4176K [0x00000000eb280000, 0x00000000f2500000, 0x0000000100000000)
  eden space 51712K, 0% used [0x00000000eb280000,0x00000000eb280000,0x00000000ee500000)
  from space 4608K, 90% used [0x00000000ee600000,0x00000000eea14050,0x00000000eea80000)
  to   space 32768K, 0% used [0x00000000f0500000,0x00000000f0500000,0x00000000f2500000)
 ParOldGen       total 265216K, used 201111K [0x00000000c1800000, 0x00000000d1b00000, 0x00000000eb280000)
  object space 265216K, 75% used [0x00000000c1800000,0x00000000cdc65d40,0x00000000d1b00000)
 PSPermGen       total 83968K, used 51589K [0x00000000bc600000, 0x00000000c1800000, 0x00000000c1800000)
  object space 83968K, 61% used [0x00000000bc600000,0x00000000bf8614f0,0x00000000c1800000)
}
Event: 1168.309 GC heap before
{Heap before GC invocations=55 (full 3):
 PSYoungGen      total 56320K, used 55888K [0x00000000eb280000, 0x00000000f2500000, 0x0000000100000000)
  eden space 51712K, 100% used [0x00000000eb280000,0x00000000ee500000,0x00000000ee500000)
  from space 4608K, 90% used [0x00000000ee600000,0x00000000eea14050,0x00000000eea80000)
  to   space 32768K, 0% used [0x00000000f0500000,0x00000000f0500000,0x00000000f2500000)
 ParOldGen       total 265216K, used 201111K [0x00000000c1800000, 0x00000000d1b00000, 0x00000000eb280000)
  object space 265216K, 75% used [0x00000000c1800000,0x00000000cdc65d40,0x00000000d1b00000)
 PSPermGen       total 83968K, used 51589K [0x00000000bc600000, 0x00000000c1800000, 0x00000000c1800000)
  object space 83968K, 61% used [0x00000000bc600000,0x00000000bf8614f0,0x00000000c1800000)
Event: 1168.313 GC heap after
Heap after GC invocations=55 (full 3):
 PSYoungGen      total 80384K, used 1786K [0x00000000eb280000, 0x00000000f2200000, 0x0000000100000000)
  eden space 50688K, 0% used [0x00000000eb280000,0x00000000eb280000,0x00000000ee400000)
  from space 29696K, 6% used [0x00000000f0500000,0x00000000f06be980,0x00000000f2200000)
  to   space 31744K, 0% used [0x00000000ee400000,0x00000000ee400000,0x00000000f0300000)
 ParOldGen       total 265216K, used 204007K [0x00000000c1800000, 0x00000000d1b00000, 0x00000000eb280000)
  object space 265216K, 76% used [0x00000000c1800000,0x00000000cdf39d80,0x00000000d1b00000)
 PSPermGen       total 83968K, used 51589K [0x00000000bc600000, 0x00000000c1800000, 0x00000000c1800000)
  object space 83968K, 61% used [0x00000000bc600000,0x00000000bf8614f0,0x00000000c1800000)
}

