# JRE version: Java(TM) SE Runtime Environment (7.0_45-b18) (build 1.7.0_45-b18)
# Java VM: Java HotSpot(TM) 64-Bit Server VM (24.45-b08 mixed mode linux-amd64 compressed oops)
Heap
 PSYoungGen      total 86016K, used 59739K [0x0000000759500000, 0x0000000760880000, 0x0000000800000000)
  eden space 58880K, 62% used [0x0000000759500000,0x000000075b924238,0x000000075ce80000)
  from space 27136K, 83% used [0x000000075eb00000,0x0000000760132b88,0x0000000760580000)
  to   space 29184K, 0% used [0x000000075ce80000,0x000000075ce80000,0x000000075eb00000)
 ParOldGen       total 175104K, used 23450K [0x000000060c000000, 0x0000000616b00000, 0x0000000759500000)
  object space 175104K, 13% used [0x000000060c000000,0x000000060d6e68c8,0x0000000616b00000)
 PSPermGen       total 53248K, used 53115K [0x0000000606e00000, 0x000000060a200000, 0x000000060c000000)
  object space 53248K, 99% used [0x0000000606e00000,0x000000060a1dede0,0x000000060a200000)
GC Heap History (10 events):
Event: 10.724 GC heap before
{Heap before GC invocations=4 (full 0):
 PSYoungGen      total 76800K, used 76780K [0x0000000759500000, 0x000000075ea80000, 0x0000000800000000)
  eden space 66048K, 100% used [0x0000000759500000,0x000000075d580000,0x000000075d580000)
  from space 10752K, 99% used [0x000000075d580000,0x000000075dffb358,0x000000075e000000)
  to   space 10752K, 0% used [0x000000075e000000,0x000000075e000000,0x000000075ea80000)
 ParOldGen       total 175104K, used 6225K [0x000000060c000000, 0x0000000616b00000, 0x0000000759500000)
  object space 175104K, 3% used [0x000000060c000000,0x000000060c614480,0x0000000616b00000)
 PSPermGen       total 37888K, used 37651K [0x0000000606e00000, 0x0000000609300000, 0x000000060c000000)
  object space 37888K, 99% used [0x0000000606e00000,0x00000006092c4fb0,0x0000000609300000)
Event: 10.733 GC heap after
Heap after GC invocations=4 (full 0):
 PSYoungGen      total 76800K, used 10724K [0x0000000759500000, 0x000000075ea80000, 0x0000000800000000)
  eden space 66048K, 0% used [0x0000000759500000,0x0000000759500000,0x000000075d580000)
  from space 10752K, 99% used [0x000000075e000000,0x000000075ea79308,0x000000075ea80000)
  to   space 10752K, 0% used [0x000000075d580000,0x000000075d580000,0x000000075e000000)
 ParOldGen       total 175104K, used 11621K [0x000000060c000000, 0x0000000616b00000, 0x0000000759500000)
  object space 175104K, 6% used [0x000000060c000000,0x000000060cb59758,0x0000000616b00000)
 PSPermGen       total 37888K, used 37651K [0x0000000606e00000, 0x0000000609300000, 0x000000060c000000)
  object space 37888K, 99% used [0x0000000606e00000,0x00000006092c4fb0,0x0000000609300000)
}
Event: 13.868 GC heap before
{Heap before GC invocations=5 (full 0):
 PSYoungGen      total 76800K, used 76772K [0x0000000759500000, 0x000000075ea80000, 0x0000000800000000)
  eden space 66048K, 100% used [0x0000000759500000,0x000000075d580000,0x000000075d580000)
  from space 10752K, 99% used [0x000000075e000000,0x000000075ea79308,0x000000075ea80000)
  to   space 10752K, 0% used [0x000000075d580000,0x000000075d580000,0x000000075e000000)
 ParOldGen       total 175104K, used 11621K [0x000000060c000000, 0x0000000616b00000, 0x0000000759500000)
  object space 175104K, 6% used [0x000000060c000000,0x000000060cb59758,0x0000000616b00000)
 PSPermGen       total 41472K, used 41237K [0x0000000606e00000, 0x0000000609680000, 0x000000060c000000)
  object space 41472K, 99% used [0x0000000606e00000,0x0000000609645630,0x0000000609680000)
Event: 13.877 GC heap after
Heap after GC invocations=5 (full 0):
 PSYoungGen      total 75264K, used 10748K [0x0000000759500000, 0x000000075ff00000, 0x0000000800000000)
  eden space 64512K, 0% used [0x0000000759500000,0x0000000759500000,0x000000075d400000)
  from space 10752K, 99% used [0x000000075d580000,0x000000075dfff308,0x000000075e000000)
  to   space 22016K, 0% used [0x000000075e980000,0x000000075e980000,0x000000075ff00000)
 ParOldGen       total 175104K, used 16193K [0x000000060c000000, 0x0000000616b00000, 0x0000000759500000)
  object space 175104K, 9% used [0x000000060c000000,0x000000060cfd07e8,0x0000000616b00000)
 PSPermGen       total 41472K, used 41237K [0x0000000606e00000, 0x0000000609680000, 0x000000060c000000)
  object space 41472K, 99% used [0x0000000606e00000,0x0000000609645630,0x0000000609680000)
}
Event: 14.699 GC heap before
{Heap before GC invocations=6 (full 0):
 PSYoungGen      total 75264K, used 75260K [0x0000000759500000, 0x000000075ff00000, 0x0000000800000000)
  eden space 64512K, 100% used [0x0000000759500000,0x000000075d400000,0x000000075d400000)
  from space 10752K, 99% used [0x000000075d580000,0x000000075dfff308,0x000000075e000000)
  to   space 22016K, 0% used [0x000000075e980000,0x000000075e980000,0x000000075ff00000)
 ParOldGen       total 175104K, used 16193K [0x000000060c000000, 0x0000000616b00000, 0x0000000759500000)
  object space 175104K, 9% used [0x000000060c000000,0x000000060cfd07e8,0x0000000616b00000)
 PSPermGen       total 50688K, used 50408K [0x0000000606e00000, 0x0000000609f80000, 0x000000060c000000)
  object space 50688K, 99% used [0x0000000606e00000,0x0000000609f3a390,0x0000000609f80000)
Event: 14.711 GC heap after
Heap after GC invocations=6 (full 0):
 PSYoungGen      total 83968K, used 19995K [0x0000000759500000, 0x0000000760280000, 0x0000000800000000)
  eden space 61952K, 0% used [0x0000000759500000,0x0000000759500000,0x000000075d180000)
  from space 22016K, 90% used [0x000000075e980000,0x000000075fd06cc8,0x000000075ff00000)
  to   space 24576K, 0% used [0x000000075d180000,0x000000075d180000,0x000000075e980000)
 ParOldGen       total 175104K, used 16193K [0x000000060c000000, 0x0000000616b00000, 0x0000000759500000)
  object space 175104K, 9% used [0x000000060c000000,0x000000060cfd07e8,0x0000000616b00000)
 PSPermGen       total 50688K, used 50408K [0x0000000606e00000, 0x0000000609f80000, 0x000000060c000000)
  object space 50688K, 99% used [0x0000000606e00000,0x0000000609f3a390,0x0000000609f80000)
}
Event: 18.385 GC heap before
{Heap before GC invocations=7 (full 0):
 PSYoungGen      total 83968K, used 81929K [0x0000000759500000, 0x0000000760280000, 0x0000000800000000)
  eden space 61952K, 99% used [0x0000000759500000,0x000000075d17b880,0x000000075d180000)
  from space 22016K, 90% used [0x000000075e980000,0x000000075fd06cc8,0x000000075ff00000)
  to   space 24576K, 0% used [0x000000075d180000,0x000000075d180000,0x000000075e980000)
 ParOldGen       total 175104K, used 16193K [0x000000060c000000, 0x0000000616b00000, 0x0000000759500000)
  object space 175104K, 9% used [0x000000060c000000,0x000000060cfd07e8,0x0000000616b00000)
 PSPermGen       total 53248K, used 52789K [0x0000000606e00000, 0x000000060a200000, 0x000000060c000000)
  object space 53248K, 99% used [0x0000000606e00000,0x000000060a18d428,0x000000060a200000)
Event: 18.397 GC heap after
Heap after GC invocations=7 (full 0):
 PSYoungGen      total 85504K, used 21405K [0x0000000759500000, 0x0000000760580000, 0x0000000800000000)
  eden space 60928K, 0% used [0x0000000759500000,0x0000000759500000,0x000000075d080000)
  from space 24576K, 87% used [0x000000075d180000,0x000000075e6676f0,0x000000075e980000)
  to   space 27136K, 0% used [0x000000075eb00000,0x000000075eb00000,0x0000000760580000)
 ParOldGen       total 175104K, used 19840K [0x000000060c000000, 0x0000000616b00000, 0x0000000759500000)
  object space 175104K, 11% used [0x000000060c000000,0x000000060d3603e0,0x0000000616b00000)
 PSPermGen       total 53248K, used 52789K [0x0000000606e00000, 0x000000060a200000, 0x000000060c000000)
  object space 53248K, 99% used [0x0000000606e00000,0x000000060a18d428,0x000000060a200000)
}
Event: 25.939 GC heap before
{Heap before GC invocations=8 (full 0):
 PSYoungGen      total 85504K, used 82333K [0x0000000759500000, 0x0000000760580000, 0x0000000800000000)
  eden space 60928K, 100% used [0x0000000759500000,0x000000075d080000,0x000000075d080000)
  from space 24576K, 87% used [0x000000075d180000,0x000000075e6676f0,0x000000075e980000)
  to   space 27136K, 0% used [0x000000075eb00000,0x000000075eb00000,0x0000000760580000)
 ParOldGen       total 175104K, used 19840K [0x000000060c000000, 0x0000000616b00000, 0x0000000759500000)
  object space 175104K, 11% used [0x000000060c000000,0x000000060d3603e0,0x0000000616b00000)
 PSPermGen       total 53248K, used 52919K [0x0000000606e00000, 0x000000060a200000, 0x000000060c000000)
  object space 53248K, 99% used [0x0000000606e00000,0x000000060a1ade80,0x000000060a200000)
Event: 25.949 GC heap after
Heap after GC invocations=8 (full 0):
 PSYoungGen      total 86016K, used 22730K [0x0000000759500000, 0x0000000760880000, 0x0000000800000000)
  eden space 58880K, 0% used [0x0000000759500000,0x0000000759500000,0x000000075ce80000)
  from space 27136K, 83% used [0x000000075eb00000,0x0000000760132b88,0x0000000760580000)
  to   space 29184K, 0% used [0x000000075ce80000,0x000000075ce80000,0x000000075eb00000)
 ParOldGen       total 175104K, used 23450K [0x000000060c000000, 0x0000000616b00000, 0x0000000759500000)
  object space 175104K, 13% used [0x000000060c000000,0x000000060d6e68c8,0x0000000616b00000)
 PSPermGen       total 53248K, used 52919K [0x0000000606e00000, 0x000000060a200000, 0x000000060c000000)
  object space 53248K, 99% used [0x0000000606e00000,0x000000060a1ade80,0x000000060a200000)
}

