# JRE version: Java(TM) SE Runtime Environment (7.0_45-b18) (build 1.7.0_45-b18)
# Java VM: Java HotSpot(TM) 64-Bit Server VM (24.45-b08 mixed mode linux-amd64 compressed oops)
Heap
 PSYoungGen      total 60928K, used 32516K [0x0000000797d00000, 0x000000079e600000, 0x0000000800000000)
  eden space 57344K, 50% used [0x0000000797d00000,0x0000000799962618,0x000000079b500000)
  from space 3584K, 96% used [0x000000079b600000,0x000000079b95eca8,0x000000079b980000)
  to   space 25088K, 0% used [0x000000079cd80000,0x000000079cd80000,0x000000079e600000)
 ParOldGen       total 175104K, used 46145K [0x00000006c7800000, 0x00000006d2300000, 0x0000000797d00000)
  object space 175104K, 26% used [0x00000006c7800000,0x00000006ca510568,0x00000006d2300000)
 PSPermGen       total 55296K, used 54789K [0x00000006c2600000, 0x00000006c5c00000, 0x00000006c7800000)
  object space 55296K, 99% used [0x00000006c2600000,0x00000006c5b81660,0x00000006c5c00000)
GC Heap History (10 events):
Event: 14.990 GC heap before
{Heap before GC invocations=7 (full 0):
 PSYoungGen      total 76800K, used 71902K [0x0000000797d00000, 0x000000079fb00000, 0x0000000800000000)
  eden space 62976K, 92% used [0x0000000797d00000,0x000000079b5e8260,0x000000079ba80000)
  from space 13824K, 98% used [0x000000079ed80000,0x000000079facf8f0,0x000000079fb00000)
  to   space 26112K, 0% used [0x000000079c800000,0x000000079c800000,0x000000079e180000)
 ParOldGen       total 175104K, used 26794K [0x00000006c7800000, 0x00000006d2300000, 0x0000000797d00000)
  object space 175104K, 15% used [0x00000006c7800000,0x00000006c922ab58,0x00000006d2300000)
 PSPermGen       total 50688K, used 50676K [0x00000006c2600000, 0x00000006c5780000, 0x00000006c7800000)
  object space 50688K, 99% used [0x00000006c2600000,0x00000006c577d018,0x00000006c5780000)
Event: 15.001 GC heap after
Heap after GC invocations=7 (full 0):
 PSYoungGen      total 77824K, used 16307K [0x0000000797d00000, 0x000000079ee00000, 0x0000000800000000)
  eden space 61440K, 0% used [0x0000000797d00000,0x0000000797d00000,0x000000079b900000)
  from space 16384K, 99% used [0x000000079c800000,0x000000079d7ecd68,0x000000079d800000)
  to   space 22528K, 0% used [0x000000079d800000,0x000000079d800000,0x000000079ee00000)
 ParOldGen       total 175104K, used 30240K [0x00000006c7800000, 0x00000006d2300000, 0x0000000797d00000)
  object space 175104K, 17% used [0x00000006c7800000,0x00000006c95881c8,0x00000006d2300000)
 PSPermGen       total 50688K, used 50676K [0x00000006c2600000, 0x00000006c5780000, 0x00000006c7800000)
  object space 50688K, 99% used [0x00000006c2600000,0x00000006c577d018,0x00000006c5780000)
}
Event: 15.584 GC heap before
{Heap before GC invocations=8 (full 0):
 PSYoungGen      total 77824K, used 77747K [0x0000000797d00000, 0x000000079ee00000, 0x0000000800000000)
  eden space 61440K, 100% used [0x0000000797d00000,0x000000079b900000,0x000000079b900000)
  from space 16384K, 99% used [0x000000079c800000,0x000000079d7ecd68,0x000000079d800000)
  to   space 22528K, 0% used [0x000000079d800000,0x000000079d800000,0x000000079ee00000)
 ParOldGen       total 175104K, used 30240K [0x00000006c7800000, 0x00000006d2300000, 0x0000000797d00000)
  object space 175104K, 17% used [0x00000006c7800000,0x00000006c95881c8,0x00000006d2300000)
 PSPermGen       total 52224K, used 51948K [0x00000006c2600000, 0x00000006c5900000, 0x00000006c7800000)
  object space 52224K, 99% used [0x00000006c2600000,0x00000006c58bb180,0x00000006c5900000)
Event: 15.591 GC heap after
Heap after GC invocations=8 (full 0):
 PSYoungGen      total 79872K, used 6448K [0x0000000797d00000, 0x000000079eb00000, 0x0000000800000000)
  eden space 60416K, 0% used [0x0000000797d00000,0x0000000797d00000,0x000000079b800000)
  from space 19456K, 33% used [0x000000079d800000,0x000000079de4c1a0,0x000000079eb00000)
  to   space 26112K, 0% used [0x000000079b800000,0x000000079b800000,0x000000079d180000)
 ParOldGen       total 175104K, used 36129K [0x00000006c7800000, 0x00000006d2300000, 0x0000000797d00000)
  object space 175104K, 20% used [0x00000006c7800000,0x00000006c9b48618,0x00000006d2300000)
 PSPermGen       total 52224K, used 51948K [0x00000006c2600000, 0x00000006c5900000, 0x00000006c7800000)
  object space 52224K, 99% used [0x00000006c2600000,0x00000006c58bb180,0x00000006c5900000)
}
Event: 22.343 GC heap before
{Heap before GC invocations=9 (full 0):
 PSYoungGen      total 79872K, used 66864K [0x0000000797d00000, 0x000000079eb00000, 0x0000000800000000)
  eden space 60416K, 100% used [0x0000000797d00000,0x000000079b800000,0x000000079b800000)
  from space 19456K, 33% used [0x000000079d800000,0x000000079de4c1a0,0x000000079eb00000)
  to   space 26112K, 0% used [0x000000079b800000,0x000000079b800000,0x000000079d180000)
 ParOldGen       total 175104K, used 36129K [0x00000006c7800000, 0x00000006d2300000, 0x0000000797d00000)
  object space 175104K, 20% used [0x00000006c7800000,0x00000006c9b48618,0x00000006d2300000)
 PSPermGen       total 52736K, used 52644K [0x00000006c2600000, 0x00000006c5980000, 0x00000006c7800000)
  object space 52736K, 99% used [0x00000006c2600000,0x00000006c5969078,0x00000006c5980000)
Event: 22.348 GC heap after
Heap after GC invocations=9 (full 0):
 PSYoungGen      total 68096K, used 8253K [0x0000000797d00000, 0x000000079e900000, 0x0000000800000000)
  eden space 59392K, 0% used [0x0000000797d00000,0x0000000797d00000,0x000000079b700000)
  from space 8704K, 94% used [0x000000079b800000,0x000000079c00f7d0,0x000000079c080000)
  to   space 25600K, 0% used [0x000000079d000000,0x000000079d000000,0x000000079e900000)
 ParOldGen       total 175104K, used 38816K [0x00000006c7800000, 0x00000006d2300000, 0x0000000797d00000)
  object space 175104K, 22% used [0x00000006c7800000,0x00000006c9de8310,0x00000006d2300000)
 PSPermGen       total 52736K, used 52644K [0x00000006c2600000, 0x00000006c5980000, 0x00000006c7800000)
  object space 52736K, 99% used [0x00000006c2600000,0x00000006c5969078,0x00000006c5980000)
}
Event: 30.355 GC heap before
{Heap before GC invocations=10 (full 0):
 PSYoungGen      total 68096K, used 67645K [0x0000000797d00000, 0x000000079e900000, 0x0000000800000000)
  eden space 59392K, 100% used [0x0000000797d00000,0x000000079b700000,0x000000079b700000)
  from space 8704K, 94% used [0x000000079b800000,0x000000079c00f7d0,0x000000079c080000)
  to   space 25600K, 0% used [0x000000079d000000,0x000000079d000000,0x000000079e900000)
 ParOldGen       total 175104K, used 38816K [0x00000006c7800000, 0x00000006d2300000, 0x0000000797d00000)
  object space 175104K, 22% used [0x00000006c7800000,0x00000006c9de8310,0x00000006d2300000)
 PSPermGen       total 52736K, used 52649K [0x00000006c2600000, 0x00000006c5980000, 0x00000006c7800000)
  object space 52736K, 99% used [0x00000006c2600000,0x00000006c596a488,0x00000006c5980000)
Event: 30.360 GC heap after
Heap after GC invocations=10 (full 0):
 PSYoungGen      total 81920K, used 9944K [0x0000000797d00000, 0x000000079e700000, 0x0000000800000000)
  eden space 58368K, 0% used [0x0000000797d00000,0x0000000797d00000,0x000000079b600000)
  from space 23552K, 42% used [0x000000079d000000,0x000000079d9b6318,0x000000079e700000)
  to   space 25088K, 0% used [0x000000079b600000,0x000000079b600000,0x000000079ce80000)
 ParOldGen       total 175104K, used 40876K [0x00000006c7800000, 0x00000006d2300000, 0x0000000797d00000)
  object space 175104K, 23% used [0x00000006c7800000,0x00000006c9feb330,0x00000006d2300000)
 PSPermGen       total 52736K, used 52649K [0x00000006c2600000, 0x00000006c5980000, 0x00000006c7800000)
  object space 52736K, 99% used [0x00000006c2600000,0x00000006c596a488,0x00000006c5980000)
}
Event: 36.943 GC heap before
{Heap before GC invocations=11 (full 0):
 PSYoungGen      total 81920K, used 68312K [0x0000000797d00000, 0x000000079e700000, 0x0000000800000000)
  eden space 58368K, 100% used [0x0000000797d00000,0x000000079b600000,0x000000079b600000)
  from space 23552K, 42% used [0x000000079d000000,0x000000079d9b6318,0x000000079e700000)
  to   space 25088K, 0% used [0x000000079b600000,0x000000079b600000,0x000000079ce80000)
 ParOldGen       total 175104K, used 40876K [0x00000006c7800000, 0x00000006d2300000, 0x0000000797d00000)
  object space 175104K, 23% used [0x00000006c7800000,0x00000006c9feb330,0x00000006d2300000)
 PSPermGen       total 54784K, used 54458K [0x00000006c2600000, 0x00000006c5b80000, 0x00000006c7800000)
  object space 54784K, 99% used [0x00000006c2600000,0x00000006c5b2eb08,0x00000006c5b80000)
Event: 36.948 GC heap after
Heap after GC invocations=11 (full 0):
 PSYoungGen      total 60928K, used 3451K [0x0000000797d00000, 0x000000079e600000, 0x0000000800000000)
  eden space 57344K, 0% used [0x0000000797d00000,0x0000000797d00000,0x000000079b500000)
  from space 3584K, 96% used [0x000000079b600000,0x000000079b95eca8,0x000000079b980000)
  to   space 25088K, 0% used [0x000000079cd80000,0x000000079cd80000,0x000000079e600000)
 ParOldGen       total 175104K, used 46145K [0x00000006c7800000, 0x00000006d2300000, 0x0000000797d00000)
  object space 175104K, 26% used [0x00000006c7800000,0x00000006ca510568,0x00000006d2300000)
 PSPermGen       total 54784K, used 54458K [0x00000006c2600000, 0x00000006c5b80000, 0x00000006c7800000)
  object space 54784K, 99% used [0x00000006c2600000,0x00000006c5b2eb08,0x00000006c5b80000)
}

