# JRE version: Java(TM) SE Runtime Environment (7.0_45-b18) (build 1.7.0_45-b18)
# Java VM: Java HotSpot(TM) 64-Bit Server VM (24.45-b08 mixed mode linux-amd64 compressed oops)
Heap
 PSYoungGen      total 283136K, used 80123K [0x0000000797d00000, 0x00000007bb300000, 0x0000000800000000)
  eden space 263680K, 23% used [0x0000000797d00000,0x000000079b841058,0x00000007a7e80000)
  from space 19456K, 99% used [0x00000007a7e80000,0x00000007a917ddf0,0x00000007a9180000)
  to   space 26112K, 0% used [0x00000007b9980000,0x00000007b9980000,0x00000007bb300000)
 ParOldGen       total 175104K, used 15496K [0x00000006c7800000, 0x00000006d2300000, 0x0000000797d00000)
  object space 175104K, 8% used [0x00000006c7800000,0x00000006c87220a8,0x00000006d2300000)
 PSPermGen       total 51200K, used 50853K [0x00000006c2600000, 0x00000006c5800000, 0x00000006c7800000)
  object space 51200K, 99% used [0x00000006c2600000,0x00000006c57a9600,0x00000006c5800000)
GC Heap History (10 events):
Event: 2.537 GC heap before
{Heap before GC invocations=3 (full 0):
 PSYoungGen      total 76800K, used 74721K [0x0000000797d00000, 0x000000079d280000, 0x0000000800000000)
  eden space 66048K, 100% used [0x0000000797d00000,0x000000079bd80000,0x000000079bd80000)
  from space 10752K, 80% used [0x000000079c800000,0x000000079d078608,0x000000079d280000)
  to   space 10752K, 0% used [0x000000079bd80000,0x000000079bd80000,0x000000079c800000)
 ParOldGen       total 175104K, used 80K [0x00000006c7800000, 0x00000006d2300000, 0x0000000797d00000)
  object space 175104K, 0% used [0x00000006c7800000,0x00000006c7814010,0x00000006d2300000)
 PSPermGen       total 29184K, used 28820K [0x00000006c2600000, 0x00000006c4280000, 0x00000006c7800000)
  object space 29184K, 98% used [0x00000006c2600000,0x00000006c42250b8,0x00000006c4280000)
Event: 2.545 GC heap after
Heap after GC invocations=3 (full 0):
 PSYoungGen      total 76800K, used 10724K [0x0000000797d00000, 0x00000007a1300000, 0x0000000800000000)
  eden space 66048K, 0% used [0x0000000797d00000,0x0000000797d00000,0x000000079bd80000)
  from space 10752K, 99% used [0x000000079bd80000,0x000000079c7f9378,0x000000079c800000)
  to   space 10752K, 0% used [0x00000007a0880000,0x00000007a0880000,0x00000007a1300000)
 ParOldGen       total 175104K, used 1375K [0x00000006c7800000, 0x00000006d2300000, 0x0000000797d00000)
  object space 175104K, 0% used [0x00000006c7800000,0x00000006c7957f60,0x00000006d2300000)
 PSPermGen       total 29184K, used 28820K [0x00000006c2600000, 0x00000006c4280000, 0x00000006c7800000)
  object space 29184K, 98% used [0x00000006c2600000,0x00000006c42250b8,0x00000006c4280000)
}
Event: 2.845 GC heap before
{Heap before GC invocations=4 (full 0):
 PSYoungGen      total 76800K, used 76772K [0x0000000797d00000, 0x00000007a1300000, 0x0000000800000000)
  eden space 66048K, 100% used [0x0000000797d00000,0x000000079bd80000,0x000000079bd80000)
  from space 10752K, 99% used [0x000000079bd80000,0x000000079c7f9378,0x000000079c800000)
  to   space 10752K, 0% used [0x00000007a0880000,0x00000007a0880000,0x00000007a1300000)
 ParOldGen       total 175104K, used 1375K [0x00000006c7800000, 0x00000006d2300000, 0x0000000797d00000)
  object space 175104K, 0% used [0x00000006c7800000,0x00000006c7957f60,0x00000006d2300000)
 PSPermGen       total 33792K, used 33411K [0x00000006c2600000, 0x00000006c4700000, 0x00000006c7800000)
  object space 33792K, 98% used [0x00000006c2600000,0x00000006c46a0d38,0x00000006c4700000)
Event: 2.852 GC heap after
Heap after GC invocations=4 (full 0):
 PSYoungGen      total 142848K, used 10736K [0x0000000797d00000, 0x00000007a1300000, 0x0000000800000000)
  eden space 132096K, 0% used [0x0000000797d00000,0x0000000797d00000,0x000000079fe00000)
  from space 10752K, 99% used [0x00000007a0880000,0x00000007a12fc320,0x00000007a1300000)
  to   space 10752K, 0% used [0x000000079fe00000,0x000000079fe00000,0x00000007a0880000)
 ParOldGen       total 175104K, used 4186K [0x00000006c7800000, 0x00000006d2300000, 0x0000000797d00000)
  object space 175104K, 2% used [0x00000006c7800000,0x00000006c7c16b80,0x00000006d2300000)
 PSPermGen       total 33792K, used 33411K [0x00000006c2600000, 0x00000006c4700000, 0x00000006c7800000)
  object space 33792K, 98% used [0x00000006c2600000,0x00000006c46a0d38,0x00000006c4700000)
}
Event: 3.371 GC heap before
{Heap before GC invocations=5 (full 0):
 PSYoungGen      total 142848K, used 142832K [0x0000000797d00000, 0x00000007a1300000, 0x0000000800000000)
  eden space 132096K, 100% used [0x0000000797d00000,0x000000079fe00000,0x000000079fe00000)
  from space 10752K, 99% used [0x00000007a0880000,0x00000007a12fc320,0x00000007a1300000)
  to   space 10752K, 0% used [0x000000079fe00000,0x000000079fe00000,0x00000007a0880000)
 ParOldGen       total 175104K, used 4186K [0x00000006c7800000, 0x00000006d2300000, 0x0000000797d00000)
  object space 175104K, 2% used [0x00000006c7800000,0x00000006c7c16b80,0x00000006d2300000)
 PSPermGen       total 37888K, used 37568K [0x00000006c2600000, 0x00000006c4b00000, 0x00000006c7800000)
  object space 37888K, 99% used [0x00000006c2600000,0x00000006c4ab0308,0x00000006c4b00000)
Event: 3.378 GC heap after
Heap after GC invocations=5 (full 0):
 PSYoungGen      total 142848K, used 10749K [0x0000000797d00000, 0x00000007aa400000, 0x0000000800000000)
  eden space 132096K, 0% used [0x0000000797d00000,0x0000000797d00000,0x000000079fe00000)
  from space 10752K, 99% used [0x000000079fe00000,0x00000007a087f728,0x00000007a0880000)
  to   space 18944K, 0% used [0x00000007a9180000,0x00000007a9180000,0x00000007aa400000)
 ParOldGen       total 175104K, used 8061K [0x00000006c7800000, 0x00000006d2300000, 0x0000000797d00000)
  object space 175104K, 4% used [0x00000006c7800000,0x00000006c7fdf448,0x00000006d2300000)
 PSPermGen       total 37888K, used 37568K [0x00000006c2600000, 0x00000006c4b00000, 0x00000006c7800000)
  object space 37888K, 99% used [0x00000006c2600000,0x00000006c4ab0308,0x00000006c4b00000)
}
Event: 3.805 GC heap before
{Heap before GC invocations=6 (full 0):
 PSYoungGen      total 142848K, used 142845K [0x0000000797d00000, 0x00000007aa400000, 0x0000000800000000)
  eden space 132096K, 100% used [0x0000000797d00000,0x000000079fe00000,0x000000079fe00000)
  from space 10752K, 99% used [0x000000079fe00000,0x00000007a087f728,0x00000007a0880000)
  to   space 18944K, 0% used [0x00000007a9180000,0x00000007a9180000,0x00000007aa400000)
 ParOldGen       total 175104K, used 8061K [0x00000006c7800000, 0x00000006d2300000, 0x0000000797d00000)
  object space 175104K, 4% used [0x00000006c7800000,0x00000006c7fdf448,0x00000006d2300000)
 PSPermGen       total 40960K, used 40586K [0x00000006c2600000, 0x00000006c4e00000, 0x00000006c7800000)
  object space 40960K, 99% used [0x00000006c2600000,0x00000006c4da29c8,0x00000006c4e00000)
Event: 3.815 GC heap after
Heap after GC invocations=6 (full 0):
 PSYoungGen      total 282624K, used 14137K [0x0000000797d00000, 0x00000007aa500000, 0x0000000800000000)
  eden space 263680K, 0% used [0x0000000797d00000,0x0000000797d00000,0x00000007a7e80000)
  from space 18944K, 74% used [0x00000007a9180000,0x00000007a9f4e798,0x00000007aa400000)
  to   space 19456K, 0% used [0x00000007a7e80000,0x00000007a7e80000,0x00000007a9180000)
 ParOldGen       total 175104K, used 8061K [0x00000006c7800000, 0x00000006d2300000, 0x0000000797d00000)
  object space 175104K, 4% used [0x00000006c7800000,0x00000006c7fdf448,0x00000006d2300000)
 PSPermGen       total 40960K, used 40586K [0x00000006c2600000, 0x00000006c4e00000, 0x00000006c7800000)
  object space 40960K, 99% used [0x00000006c2600000,0x00000006c4da29c8,0x00000006c4e00000)
}
Event: 21.857 GC heap before
{Heap before GC invocations=7 (full 0):
 PSYoungGen      total 282624K, used 277817K [0x0000000797d00000, 0x00000007aa500000, 0x0000000800000000)
  eden space 263680K, 100% used [0x0000000797d00000,0x00000007a7e80000,0x00000007a7e80000)
  from space 18944K, 74% used [0x00000007a9180000,0x00000007a9f4e798,0x00000007aa400000)
  to   space 19456K, 0% used [0x00000007a7e80000,0x00000007a7e80000,0x00000007a9180000)
 ParOldGen       total 175104K, used 8061K [0x00000006c7800000, 0x00000006d2300000, 0x0000000797d00000)
  object space 175104K, 4% used [0x00000006c7800000,0x00000006c7fdf448,0x00000006d2300000)
 PSPermGen       total 49152K, used 48935K [0x00000006c2600000, 0x00000006c5600000, 0x00000006c7800000)
  object space 49152K, 99% used [0x00000006c2600000,0x00000006c55c9c50,0x00000006c5600000)
Event: 21.871 GC heap after
Heap after GC invocations=7 (full 0):
 PSYoungGen      total 283136K, used 19447K [0x0000000797d00000, 0x00000007bb300000, 0x0000000800000000)
  eden space 263680K, 0% used [0x0000000797d00000,0x0000000797d00000,0x00000007a7e80000)
  from space 19456K, 99% used [0x00000007a7e80000,0x00000007a917ddf0,0x00000007a9180000)
  to   space 26112K, 0% used [0x00000007b9980000,0x00000007b9980000,0x00000007bb300000)
 ParOldGen       total 175104K, used 15496K [0x00000006c7800000, 0x00000006d2300000, 0x0000000797d00000)
  object space 175104K, 8% used [0x00000006c7800000,0x00000006c87220a8,0x00000006d2300000)
 PSPermGen       total 49152K, used 48935K [0x00000006c2600000, 0x00000006c5600000, 0x00000006c7800000)
  object space 49152K, 99% used [0x00000006c2600000,0x00000006c55c9c50,0x00000006c5600000)
}

