# JRE version: Java(TM) SE Runtime Environment (7.0_45-b18) (build 1.7.0_45-b18)
# Java VM: Java HotSpot(TM) 64-Bit Server VM (24.45-b08 mixed mode linux-amd64 compressed oops)
Heap
 PSYoungGen      total 323072K, used 287003K [0x0000000797d00000, 0x00000007ad080000, 0x0000000800000000)
  eden space 299520K, 93% used [0x0000000797d00000,0x00000007a8d2c018,0x00000007aa180000)
  from space 23552K, 35% used [0x00000007ab980000,0x00000007ac19afd0,0x00000007ad080000)
  to   space 24064K, 0% used [0x00000007aa180000,0x00000007aa180000,0x00000007ab900000)
 ParOldGen       total 1392128K, used 1069979K [0x00000006c7800000, 0x000000071c780000, 0x0000000797d00000)
  object space 1392128K, 76% used [0x00000006c7800000,0x0000000708ce6c88,0x000000071c780000)
 PSPermGen       total 83968K, used 55861K [0x00000006c2600000, 0x00000006c7800000, 0x00000006c7800000)
  object space 83968K, 66% used [0x00000006c2600000,0x00000006c5c8d790,0x00000006c7800000)
GC Heap History (10 events):
Event: 2042.015 GC heap before
{Heap before GC invocations=54 (full 4):
 PSYoungGen      total 297472K, used 297158K [0x0000000797d00000, 0x00000007ad900000, 0x0000000800000000)
  eden space 295424K, 100% used [0x0000000797d00000,0x00000007a9d80000,0x00000007a9d80000)
  from space 2048K, 84% used [0x00000007a9d80000,0x00000007a9f31a90,0x00000007a9f80000)
  to   space 29696K, 0% used [0x00000007abc00000,0x00000007abc00000,0x00000007ad900000)
 ParOldGen       total 1392128K, used 1069387K [0x00000006c7800000, 0x000000071c780000, 0x0000000797d00000)
  object space 1392128K, 76% used [0x00000006c7800000,0x0000000708c52c88,0x000000071c780000)
 PSPermGen       total 83968K, used 55750K [0x00000006c2600000, 0x00000006c7800000, 0x00000006c7800000)
  object space 83968K, 66% used [0x00000006c2600000,0x00000006c5c71870,0x00000006c7800000)
Event: 2042.020 GC heap after
Heap after GC invocations=54 (full 4):
 PSYoungGen      total 322560K, used 1715K [0x0000000797d00000, 0x00000007ad500000, 0x0000000800000000)
  eden space 296960K, 0% used [0x0000000797d00000,0x0000000797d00000,0x00000007a9f00000)
  from space 25600K, 6% used [0x00000007abc00000,0x00000007abdacd48,0x00000007ad500000)
  to   space 27648K, 0% used [0x00000007a9f00000,0x00000007a9f00000,0x00000007aba00000)
 ParOldGen       total 1392128K, used 1069547K [0x00000006c7800000, 0x000000071c780000, 0x0000000797d00000)
  object space 1392128K, 76% used [0x00000006c7800000,0x0000000708c7ac88,0x000000071c780000)
 PSPermGen       total 83968K, used 55750K [0x00000006c2600000, 0x00000006c7800000, 0x00000006c7800000)
  object space 83968K, 66% used [0x00000006c2600000,0x00000006c5c71870,0x00000006c7800000)
}
Event: 2042.789 GC heap before
{Heap before GC invocations=55 (full 4):
 PSYoungGen      total 322560K, used 298675K [0x0000000797d00000, 0x00000007ad500000, 0x0000000800000000)
  eden space 296960K, 100% used [0x0000000797d00000,0x00000007a9f00000,0x00000007a9f00000)
  from space 25600K, 6% used [0x00000007abc00000,0x00000007abdacd48,0x00000007ad500000)
  to   space 27648K, 0% used [0x00000007a9f00000,0x00000007a9f00000,0x00000007aba00000)
 ParOldGen       total 1392128K, used 1069547K [0x00000006c7800000, 0x000000071c780000, 0x0000000797d00000)
  object space 1392128K, 76% used [0x00000006c7800000,0x0000000708c7ac88,0x000000071c780000)
 PSPermGen       total 83968K, used 55750K [0x00000006c2600000, 0x00000006c7800000, 0x00000006c7800000)
  object space 83968K, 66% used [0x00000006c2600000,0x00000006c5c71870,0x00000006c7800000)
Event: 2042.793 GC heap after
Heap after GC invocations=55 (full 4):
 PSYoungGen      total 299008K, used 1702K [0x0000000797d00000, 0x00000007ad280000, 0x0000000800000000)
  eden space 296960K, 0% used [0x0000000797d00000,0x0000000797d00000,0x00000007a9f00000)
  from space 2048K, 83% used [0x00000007a9f00000,0x00000007aa0a9a90,0x00000007aa100000)
  to   space 25600K, 0% used [0x00000007ab980000,0x00000007ab980000,0x00000007ad280000)
 ParOldGen       total 1392128K, used 1069699K [0x00000006c7800000, 0x000000071c780000, 0x0000000797d00000)
  object space 1392128K, 76% used [0x00000006c7800000,0x0000000708ca0c88,0x000000071c780000)
 PSPermGen       total 83968K, used 55750K [0x00000006c2600000, 0x00000006c7800000, 0x00000006c7800000)
  object space 83968K, 66% used [0x00000006c2600000,0x00000006c5c71870,0x00000006c7800000)
}
Event: 2414.300 GC heap before
{Heap before GC invocations=56 (full 4):
 PSYoungGen      total 299008K, used 298662K [0x0000000797d00000, 0x00000007ad280000, 0x0000000800000000)
  eden space 296960K, 100% used [0x0000000797d00000,0x00000007a9f00000,0x00000007a9f00000)
  from space 2048K, 83% used [0x00000007a9f00000,0x00000007aa0a9a90,0x00000007aa100000)
  to   space 25600K, 0% used [0x00000007ab980000,0x00000007ab980000,0x00000007ad280000)
 ParOldGen       total 1392128K, used 1069699K [0x00000006c7800000, 0x000000071c780000, 0x0000000797d00000)
  object space 1392128K, 76% used [0x00000006c7800000,0x0000000708ca0c88,0x000000071c780000)
 PSPermGen       total 83968K, used 55781K [0x00000006c2600000, 0x00000006c7800000, 0x00000006c7800000)
  object space 83968K, 66% used [0x00000006c2600000,0x00000006c5c796b8,0x00000006c7800000)
Event: 2414.306 GC heap after
Heap after GC invocations=56 (full 4):
 PSYoungGen      total 324096K, used 8763K [0x0000000797d00000, 0x00000007ad280000, 0x0000000800000000)
  eden space 298496K, 0% used [0x0000000797d00000,0x0000000797d00000,0x00000007aa080000)
  from space 25600K, 34% used [0x00000007ab980000,0x00000007ac20efb0,0x00000007ad280000)
  to   space 25600K, 0% used [0x00000007aa080000,0x00000007aa080000,0x00000007ab980000)
 ParOldGen       total 1392128K, used 1069787K [0x00000006c7800000, 0x000000071c780000, 0x0000000797d00000)
  object space 1392128K, 76% used [0x00000006c7800000,0x0000000708cb6c88,0x000000071c780000)
 PSPermGen       total 83968K, used 55781K [0x00000006c2600000, 0x00000006c7800000, 0x00000006c7800000)
  object space 83968K, 66% used [0x00000006c2600000,0x00000006c5c796b8,0x00000006c7800000)
}
Event: 2426.862 GC heap before
{Heap before GC invocations=57 (full 4):
 PSYoungGen      total 324096K, used 307259K [0x0000000797d00000, 0x00000007ad280000, 0x0000000800000000)
  eden space 298496K, 100% used [0x0000000797d00000,0x00000007aa080000,0x00000007aa080000)
  from space 25600K, 34% used [0x00000007ab980000,0x00000007ac20efb0,0x00000007ad280000)
  to   space 25600K, 0% used [0x00000007aa080000,0x00000007aa080000,0x00000007ab980000)
 ParOldGen       total 1392128K, used 1069787K [0x00000006c7800000, 0x000000071c780000, 0x0000000797d00000)
  object space 1392128K, 76% used [0x00000006c7800000,0x0000000708cb6c88,0x000000071c780000)
 PSPermGen       total 83968K, used 55782K [0x00000006c2600000, 0x00000006c7800000, 0x00000006c7800000)
  object space 83968K, 66% used [0x00000006c2600000,0x00000006c5c799e8,0x00000006c7800000)
Event: 2426.867 GC heap after
Heap after GC invocations=57 (full 4):
 PSYoungGen      total 324096K, used 8203K [0x0000000797d00000, 0x00000007ad180000, 0x0000000800000000)
  eden space 298496K, 0% used [0x0000000797d00000,0x0000000797d00000,0x00000007aa080000)
  from space 25600K, 32% used [0x00000007aa080000,0x00000007aa882fc0,0x00000007ab980000)
  to   space 24576K, 0% used [0x00000007ab980000,0x00000007ab980000,0x00000007ad180000)
 ParOldGen       total 1392128K, used 1069883K [0x00000006c7800000, 0x000000071c780000, 0x0000000797d00000)
  object space 1392128K, 76% used [0x00000006c7800000,0x0000000708ccec88,0x000000071c780000)
 PSPermGen       total 83968K, used 55782K [0x00000006c2600000, 0x00000006c7800000, 0x00000006c7800000)
  object space 83968K, 66% used [0x00000006c2600000,0x00000006c5c799e8,0x00000006c7800000)
}
Event: 2440.171 GC heap before
{Heap before GC invocations=58 (full 4):
 PSYoungGen      total 324096K, used 306699K [0x0000000797d00000, 0x00000007ad180000, 0x0000000800000000)
  eden space 298496K, 100% used [0x0000000797d00000,0x00000007aa080000,0x00000007aa080000)
  from space 25600K, 32% used [0x00000007aa080000,0x00000007aa882fc0,0x00000007ab980000)
  to   space 24576K, 0% used [0x00000007ab980000,0x00000007ab980000,0x00000007ad180000)
 ParOldGen       total 1392128K, used 1069883K [0x00000006c7800000, 0x000000071c780000, 0x0000000797d00000)
  object space 1392128K, 76% used [0x00000006c7800000,0x0000000708ccec88,0x000000071c780000)
 PSPermGen       total 83968K, used 55782K [0x00000006c2600000, 0x00000006c7800000, 0x00000006c7800000)
  object space 83968K, 66% used [0x00000006c2600000,0x00000006c5c79a08,0x00000006c7800000)
Event: 2440.176 GC heap after
Heap after GC invocations=58 (full 4):
 PSYoungGen      total 323072K, used 8299K [0x0000000797d00000, 0x00000007ad080000, 0x0000000800000000)
  eden space 299520K, 0% used [0x0000000797d00000,0x0000000797d00000,0x00000007aa180000)
  from space 23552K, 35% used [0x00000007ab980000,0x00000007ac19afd0,0x00000007ad080000)
  to   space 24064K, 0% used [0x00000007aa180000,0x00000007aa180000,0x00000007ab900000)
 ParOldGen       total 1392128K, used 1069979K [0x00000006c7800000, 0x000000071c780000, 0x0000000797d00000)
  object space 1392128K, 76% used [0x00000006c7800000,0x0000000708ce6c88,0x000000071c780000)
 PSPermGen       total 83968K, used 55782K [0x00000006c2600000, 0x00000006c7800000, 0x00000006c7800000)
  object space 83968K, 66% used [0x00000006c2600000,0x00000006c5c79a08,0x00000006c7800000)
}

