# JRE version: Java(TM) SE Runtime Environment (7.0_45-b18) (build 1.7.0_45-b18)
# Java VM: Java HotSpot(TM) 64-Bit Server VM (24.45-b08 mixed mode linux-amd64 compressed oops)
Heap
 PSYoungGen      total 356352K, used 139585K [0x0000000797d00000, 0x00000007bda80000, 0x0000000800000000)
  eden space 271872K, 51% used [0x0000000797d00000,0x00000007a0550430,0x00000007a8680000)
  from space 84480K, 0% used [0x00000007a8680000,0x00000007a8680000,0x00000007ad900000)
  to   space 165888K, 0% used [0x00000007b3880000,0x00000007b3880000,0x00000007bda80000)
 ParOldGen       total 1246720K, used 1111932K [0x00000006c7800000, 0x0000000713980000, 0x0000000797d00000)
  object space 1246720K, 89% used [0x00000006c7800000,0x000000070b5df0d0,0x0000000713980000)
 PSPermGen       total 83968K, used 50591K [0x00000006c2600000, 0x00000006c7800000, 0x00000006c7800000)
  object space 83968K, 60% used [0x00000006c2600000,0x00000006c5767f48,0x00000006c7800000)
GC Heap History (10 events):
Event: 493.666 GC heap before
{Heap before GC invocations=12 (full 1):
 PSYoungGen      total 225280K, used 225277K [0x0000000797d00000, 0x00000007b2000000, 0x0000000800000000)
  eden space 177152K, 100% used [0x0000000797d00000,0x00000007a2a00000,0x00000007a2a00000)
  from space 48128K, 99% used [0x00000007a2a00000,0x00000007a58ff5d8,0x00000007a5900000)
  to   space 72704K, 0% used [0x00000007ad900000,0x00000007ad900000,0x00000007b2000000)
 ParOldGen       total 1795072K, used 1794879K [0x00000006c7800000, 0x0000000735100000, 0x0000000797d00000)
  object space 1795072K, 99% used [0x00000006c7800000,0x00000007350cfed0,0x0000000735100000)
 PSPermGen       total 50688K, used 50606K [0x00000006c2600000, 0x00000006c5780000, 0x00000006c7800000)
  object space 50688K, 99% used [0x00000006c2600000,0x00000006c576bb78,0x00000006c5780000)
Event: 493.885 GC heap after
Heap after GC invocations=12 (full 1):
 PSYoungGen      total 225280K, used 0K [0x0000000797d00000, 0x00000007b2000000, 0x0000000800000000)
  eden space 177152K, 0% used [0x0000000797d00000,0x0000000797d00000,0x00000007a2a00000)
  from space 48128K, 0% used [0x00000007a2a00000,0x00000007a2a00000,0x00000007a5900000)
  to   space 72704K, 0% used [0x00000007ad900000,0x00000007ad900000,0x00000007b2000000)
 ParOldGen       total 973824K, used 869566K [0x00000006c7800000, 0x0000000702f00000, 0x0000000797d00000)
  object space 973824K, 89% used [0x00000006c7800000,0x00000006fc92fbc8,0x0000000702f00000)
 PSPermGen       total 83968K, used 50586K [0x00000006c2600000, 0x00000006c7800000, 0x00000006c7800000)
  object space 83968K, 60% used [0x00000006c2600000,0x00000006c5766be8,0x00000006c7800000)
}
Event: 493.910 GC heap before
{Heap before GC invocations=13 (full 1):
 PSYoungGen      total 225280K, used 177152K [0x0000000797d00000, 0x00000007b2000000, 0x0000000800000000)
  eden space 177152K, 100% used [0x0000000797d00000,0x00000007a2a00000,0x00000007a2a00000)
  from space 48128K, 0% used [0x00000007a2a00000,0x00000007a2a00000,0x00000007a5900000)
  to   space 72704K, 0% used [0x00000007ad900000,0x00000007ad900000,0x00000007b2000000)
 ParOldGen       total 973824K, used 871999K [0x00000006c7800000, 0x0000000702f00000, 0x0000000797d00000)
  object space 973824K, 89% used [0x00000006c7800000,0x00000006fcb8ff50,0x0000000702f00000)
 PSPermGen       total 83968K, used 50590K [0x00000006c2600000, 0x00000006c7800000, 0x00000006c7800000)
  object space 83968K, 60% used [0x00000006c2600000,0x00000006c5767920,0x00000006c7800000)
Event: 493.930 GC heap after
Heap after GC invocations=13 (full 1):
 PSYoungGen      total 344576K, used 72701K [0x0000000797d00000, 0x00000007b3580000, 0x0000000800000000)
  eden space 271872K, 0% used [0x0000000797d00000,0x0000000797d00000,0x00000007a8680000)
  from space 72704K, 99% used [0x00000007ad900000,0x00000007b1fff540,0x00000007b2000000)
  to   space 84480K, 0% used [0x00000007a8680000,0x00000007a8680000,0x00000007ad900000)
 ParOldGen       total 973824K, used 972250K [0x00000006c7800000, 0x0000000702f00000, 0x0000000797d00000)
  object space 973824K, 99% used [0x00000006c7800000,0x0000000702d76830,0x0000000702f00000)
 PSPermGen       total 83968K, used 50590K [0x00000006c2600000, 0x00000006c7800000, 0x00000006c7800000)
  object space 83968K, 60% used [0x00000006c2600000,0x00000006c5767920,0x00000006c7800000)
}
Event: 493.930 GC heap before
{Heap before GC invocations=14 (full 2):
 PSYoungGen      total 344576K, used 72701K [0x0000000797d00000, 0x00000007b3580000, 0x0000000800000000)
  eden space 271872K, 0% used [0x0000000797d00000,0x0000000797d00000,0x00000007a8680000)
  from space 72704K, 99% used [0x00000007ad900000,0x00000007b1fff540,0x00000007b2000000)
  to   space 84480K, 0% used [0x00000007a8680000,0x00000007a8680000,0x00000007ad900000)
 ParOldGen       total 973824K, used 972250K [0x00000006c7800000, 0x0000000702f00000, 0x0000000797d00000)
  object space 973824K, 99% used [0x00000006c7800000,0x0000000702d76830,0x0000000702f00000)
 PSPermGen       total 83968K, used 50590K [0x00000006c2600000, 0x00000006c7800000, 0x00000006c7800000)
  object space 83968K, 60% used [0x00000006c2600000,0x00000006c5767920,0x00000006c7800000)
Event: 494.054 GC heap after
Heap after GC invocations=14 (full 2):
 PSYoungGen      total 344576K, used 0K [0x0000000797d00000, 0x00000007b3580000, 0x0000000800000000)
  eden space 271872K, 0% used [0x0000000797d00000,0x0000000797d00000,0x00000007a8680000)
  from space 72704K, 0% used [0x00000007ad900000,0x00000007ad900000,0x00000007b2000000)
  to   space 84480K, 0% used [0x00000007a8680000,0x00000007a8680000,0x00000007ad900000)
 ParOldGen       total 668672K, used 471116K [0x00000006c7800000, 0x00000006f0500000, 0x0000000797d00000)
  object space 668672K, 70% used [0x00000006c7800000,0x00000006e4413378,0x00000006f0500000)
 PSPermGen       total 83968K, used 50590K [0x00000006c2600000, 0x00000006c7800000, 0x00000006c7800000)
  object space 83968K, 60% used [0x00000006c2600000,0x00000006c5767920,0x00000006c7800000)
}
Event: 494.354 GC heap before
{Heap before GC invocations=15 (full 2):
 PSYoungGen      total 344576K, used 271872K [0x0000000797d00000, 0x00000007b3580000, 0x0000000800000000)
  eden space 271872K, 100% used [0x0000000797d00000,0x00000007a8680000,0x00000007a8680000)
  from space 72704K, 0% used [0x00000007ad900000,0x00000007ad900000,0x00000007b2000000)
  to   space 84480K, 0% used [0x00000007a8680000,0x00000007a8680000,0x00000007ad900000)
 ParOldGen       total 668672K, used 471116K [0x00000006c7800000, 0x00000006f0500000, 0x0000000797d00000)
  object space 668672K, 70% used [0x00000006c7800000,0x00000006e4413378,0x00000006f0500000)
 PSPermGen       total 83968K, used 50591K [0x00000006c2600000, 0x00000006c7800000, 0x00000006c7800000)
  object space 83968K, 60% used [0x00000006c2600000,0x00000006c5767d30,0x00000006c7800000)
Event: 494.383 GC heap after
Heap after GC invocations=15 (full 2):
 PSYoungGen      total 356352K, used 84461K [0x0000000797d00000, 0x00000007bda80000, 0x0000000800000000)
  eden space 271872K, 0% used [0x0000000797d00000,0x0000000797d00000,0x00000007a8680000)
  from space 84480K, 99% used [0x00000007a8680000,0x00000007ad8fb560,0x00000007ad900000)
  to   space 165888K, 0% used [0x00000007b3880000,0x00000007b3880000,0x00000007bda80000)
 ParOldGen       total 668672K, used 655521K [0x00000006c7800000, 0x00000006f0500000, 0x0000000797d00000)
  object space 668672K, 98% used [0x00000006c7800000,0x00000006ef8287c0,0x00000006f0500000)
 PSPermGen       total 83968K, used 50591K [0x00000006c2600000, 0x00000006c7800000, 0x00000006c7800000)
  object space 83968K, 60% used [0x00000006c2600000,0x00000006c5767d30,0x00000006c7800000)
}
Event: 494.383 GC heap before
{Heap before GC invocations=16 (full 3):
 PSYoungGen      total 356352K, used 84461K [0x0000000797d00000, 0x00000007bda80000, 0x0000000800000000)
  eden space 271872K, 0% used [0x0000000797d00000,0x0000000797d00000,0x00000007a8680000)
  from space 84480K, 99% used [0x00000007a8680000,0x00000007ad8fb560,0x00000007ad900000)
  to   space 165888K, 0% used [0x00000007b3880000,0x00000007b3880000,0x00000007bda80000)
 ParOldGen       total 668672K, used 655521K [0x00000006c7800000, 0x00000006f0500000, 0x0000000797d00000)
  object space 668672K, 98% used [0x00000006c7800000,0x00000006ef8287c0,0x00000006f0500000)
 PSPermGen       total 83968K, used 50591K [0x00000006c2600000, 0x00000006c7800000, 0x00000006c7800000)
  object space 83968K, 60% used [0x00000006c2600000,0x00000006c5767d30,0x00000006c7800000)
Event: 494.602 GC heap after
Heap after GC invocations=16 (full 3):
 PSYoungGen      total 356352K, used 0K [0x0000000797d00000, 0x00000007bda80000, 0x0000000800000000)
  eden space 271872K, 0% used [0x0000000797d00000,0x0000000797d00000,0x00000007a8680000)
  from space 84480K, 0% used [0x00000007a8680000,0x00000007a8680000,0x00000007ad900000)
  to   space 165888K, 0% used [0x00000007b3880000,0x00000007b3880000,0x00000007bda80000)
 ParOldGen       total 864768K, used 539741K [0x00000006c7800000, 0x00000006fc480000, 0x0000000797d00000)
  object space 864768K, 62% used [0x00000006c7800000,0x00000006e87174c8,0x00000006fc480000)
 PSPermGen       total 83968K, used 50591K [0x00000006c2600000, 0x00000006c7800000, 0x00000006c7800000)
  object space 83968K, 60% used [0x00000006c2600000,0x00000006c5767d30,0x00000006c7800000)
}

