# JRE version: Java(TM) SE Runtime Environment (7.0_51-b13) (build 1.7.0_51-b13)
# Java VM: Java HotSpot(TM) 64-Bit Server VM (24.51-b03 mixed mode linux-amd64 compressed oops)
Heap
 PSYoungGen      total 524800K, used 267988K [0x0000000759500000, 0x000000077df80000, 0x0000000800000000)
  eden space 509440K, 49% used [0x0000000759500000,0x0000000768c16780,0x0000000778680000)
  from space 15360K, 97% used [0x0000000779d80000,0x000000077ac1eab8,0x000000077ac80000)
  to   space 38912K, 0% used [0x000000077b980000,0x000000077b980000,0x000000077df80000)
 ParOldGen       total 175104K, used 142916K [0x000000060c000000, 0x0000000616b00000, 0x0000000759500000)
  object space 175104K, 81% used [0x000000060c000000,0x0000000614b912a0,0x0000000616b00000)
 PSPermGen       total 83968K, used 56804K [0x0000000606e00000, 0x000000060c000000, 0x000000060c000000)
  object space 83968K, 67% used [0x0000000606e00000,0x000000060a579380,0x000000060c000000)
GC Heap History (10 events):
Event: 27284.101 GC heap before
{Heap before GC invocations=24 (full 1):
 PSYoungGen      total 461824K, used 416960K [0x0000000759500000, 0x0000000778500000, 0x0000000800000000)
  eden space 416768K, 100% used [0x0000000759500000,0x0000000772c00000,0x0000000772c00000)
  from space 45056K, 0% used [0x0000000775900000,0x0000000775930000,0x0000000778500000)
  to   space 45568K, 0% used [0x0000000772c00000,0x0000000772c00000,0x0000000775880000)
 ParOldGen       total 175104K, used 142193K [0x000000060c000000, 0x0000000616b00000, 0x0000000759500000)
  object space 175104K, 81% used [0x000000060c000000,0x0000000614adc6d0,0x0000000616b00000)
 PSPermGen       total 83968K, used 56103K [0x0000000606e00000, 0x000000060c000000, 0x000000060c000000)
  object space 83968K, 66% used [0x0000000606e00000,0x000000060a4c9fb0,0x000000060c000000)
Event: 27284.106 GC heap after
Heap after GC invocations=24 (full 1):
 PSYoungGen      total 462336K, used 160K [0x0000000759500000, 0x0000000782700000, 0x0000000800000000)
  eden space 416768K, 0% used [0x0000000759500000,0x0000000759500000,0x0000000772c00000)
  from space 45568K, 0% used [0x0000000772c00000,0x0000000772c28000,0x0000000775880000)
  to   space 45056K, 0% used [0x000000077fb00000,0x000000077fb00000,0x0000000782700000)
 ParOldGen       total 175104K, used 142201K [0x000000060c000000, 0x0000000616b00000, 0x0000000759500000)
  object space 175104K, 81% used [0x000000060c000000,0x0000000614ade6d0,0x0000000616b00000)
 PSPermGen       total 83968K, used 56103K [0x0000000606e00000, 0x000000060c000000, 0x000000060c000000)
  object space 83968K, 66% used [0x0000000606e00000,0x000000060a4c9fb0,0x000000060c000000)
}
Event: 27781.444 GC heap before
{Heap before GC invocations=25 (full 1):
 PSYoungGen      total 462336K, used 416928K [0x0000000759500000, 0x0000000782700000, 0x0000000800000000)
  eden space 416768K, 100% used [0x0000000759500000,0x0000000772c00000,0x0000000772c00000)
  from space 45568K, 0% used [0x0000000772c00000,0x0000000772c28000,0x0000000775880000)
  to   space 45056K, 0% used [0x000000077fb00000,0x000000077fb00000,0x0000000782700000)
 ParOldGen       total 175104K, used 142201K [0x000000060c000000, 0x0000000616b00000, 0x0000000759500000)
  object space 175104K, 81% used [0x000000060c000000,0x0000000614ade6d0,0x0000000616b00000)
 PSPermGen       total 83968K, used 56104K [0x0000000606e00000, 0x000000060c000000, 0x000000060c000000)
  object space 83968K, 66% used [0x0000000606e00000,0x000000060a4ca2d8,0x000000060c000000)
Event: 27781.448 GC heap after
Heap after GC invocations=25 (full 1):
 PSYoungGen      total 626688K, used 160K [0x0000000759500000, 0x0000000782500000, 0x0000000800000000)
  eden space 583680K, 0% used [0x0000000759500000,0x0000000759500000,0x000000077cf00000)
  from space 43008K, 0% used [0x000000077fb00000,0x000000077fb28000,0x0000000782500000)
  to   space 44032K, 0% used [0x000000077cf00000,0x000000077cf00000,0x000000077fa00000)
 ParOldGen       total 175104K, used 142209K [0x000000060c000000, 0x0000000616b00000, 0x0000000759500000)
  object space 175104K, 81% used [0x000000060c000000,0x0000000614ae06d0,0x0000000616b00000)
 PSPermGen       total 83968K, used 56104K [0x0000000606e00000, 0x000000060c000000, 0x000000060c000000)
  object space 83968K, 66% used [0x0000000606e00000,0x000000060a4ca2d8,0x000000060c000000)
}
Event: 28476.304 GC heap before
{Heap before GC invocations=26 (full 1):
 PSYoungGen      total 626688K, used 583840K [0x0000000759500000, 0x0000000782500000, 0x0000000800000000)
  eden space 583680K, 100% used [0x0000000759500000,0x000000077cf00000,0x000000077cf00000)
  from space 43008K, 0% used [0x000000077fb00000,0x000000077fb28000,0x0000000782500000)
  to   space 44032K, 0% used [0x000000077cf00000,0x000000077cf00000,0x000000077fa00000)
 ParOldGen       total 175104K, used 142209K [0x000000060c000000, 0x0000000616b00000, 0x0000000759500000)
  object space 175104K, 81% used [0x000000060c000000,0x0000000614ae06d0,0x0000000616b00000)
 PSPermGen       total 83968K, used 56105K [0x0000000606e00000, 0x000000060c000000, 0x000000060c000000)
  object space 83968K, 66% used [0x0000000606e00000,0x000000060a4ca4b0,0x000000060c000000)
Event: 28476.309 GC heap after
Heap after GC invocations=26 (full 1):
 PSYoungGen      total 558080K, used 224K [0x0000000759500000, 0x0000000780880000, 0x0000000800000000)
  eden space 557568K, 0% used [0x0000000759500000,0x0000000759500000,0x000000077b580000)
  from space 512K, 43% used [0x000000077cf00000,0x000000077cf38000,0x000000077cf80000)
  to   space 42496K, 0% used [0x000000077df00000,0x000000077df00000,0x0000000780880000)
 ParOldGen       total 175104K, used 142209K [0x000000060c000000, 0x0000000616b00000, 0x0000000759500000)
  object space 175104K, 81% used [0x000000060c000000,0x0000000614ae06d0,0x0000000616b00000)
 PSPermGen       total 83968K, used 56105K [0x0000000606e00000, 0x000000060c000000, 0x000000060c000000)
  object space 83968K, 66% used [0x0000000606e00000,0x000000060a4ca4b0,0x000000060c000000)
}
Event: 28817.684 GC heap before
{Heap before GC invocations=27 (full 1):
 PSYoungGen      total 558080K, used 557792K [0x0000000759500000, 0x0000000780880000, 0x0000000800000000)
  eden space 557568K, 100% used [0x0000000759500000,0x000000077b580000,0x000000077b580000)
  from space 512K, 43% used [0x000000077cf00000,0x000000077cf38000,0x000000077cf80000)
  to   space 42496K, 0% used [0x000000077df00000,0x000000077df00000,0x0000000780880000)
 ParOldGen       total 175104K, used 142209K [0x000000060c000000, 0x0000000616b00000, 0x0000000759500000)
  object space 175104K, 81% used [0x000000060c000000,0x0000000614ae06d0,0x0000000616b00000)
 PSPermGen       total 83968K, used 56321K [0x0000000606e00000, 0x000000060c000000, 0x000000060c000000)
  object space 83968K, 67% used [0x0000000606e00000,0x000000060a500700,0x000000060c000000)
Event: 28817.698 GC heap after
Heap after GC invocations=27 (full 1):
 PSYoungGen      total 545792K, used 7356K [0x0000000759500000, 0x000000077eb80000, 0x0000000800000000)
  eden space 532992K, 0% used [0x0000000759500000,0x0000000759500000,0x0000000779d80000)
  from space 12800K, 57% used [0x000000077df00000,0x000000077e62f218,0x000000077eb80000)
  to   space 39936K, 0% used [0x0000000779d80000,0x0000000779d80000,0x000000077c480000)
 ParOldGen       total 175104K, used 142209K [0x000000060c000000, 0x0000000616b00000, 0x0000000759500000)
  object space 175104K, 81% used [0x000000060c000000,0x0000000614ae06d0,0x0000000616b00000)
 PSPermGen       total 83968K, used 56321K [0x0000000606e00000, 0x000000060c000000, 0x000000060c000000)
  object space 83968K, 67% used [0x0000000606e00000,0x000000060a500700,0x000000060c000000)
}
Event: 29049.294 GC heap before
{Heap before GC invocations=28 (full 1):
 PSYoungGen      total 545792K, used 540348K [0x0000000759500000, 0x000000077eb80000, 0x0000000800000000)
  eden space 532992K, 100% used [0x0000000759500000,0x0000000779d80000,0x0000000779d80000)
  from space 12800K, 57% used [0x000000077df00000,0x000000077e62f218,0x000000077eb80000)
  to   space 39936K, 0% used [0x0000000779d80000,0x0000000779d80000,0x000000077c480000)
 ParOldGen       total 175104K, used 142209K [0x000000060c000000, 0x0000000616b00000, 0x0000000759500000)
  object space 175104K, 81% used [0x000000060c000000,0x0000000614ae06d0,0x0000000616b00000)
 PSPermGen       total 83968K, used 56678K [0x0000000606e00000, 0x000000060c000000, 0x000000060c000000)
  object space 83968K, 67% used [0x0000000606e00000,0x000000060a559880,0x000000060c000000)
Event: 29049.315 GC heap after
Heap after GC invocations=28 (full 1):
 PSYoungGen      total 524800K, used 14970K [0x0000000759500000, 0x000000077df80000, 0x0000000800000000)
  eden space 509440K, 0% used [0x0000000759500000,0x0000000759500000,0x0000000778680000)
  from space 15360K, 97% used [0x0000000779d80000,0x000000077ac1eab8,0x000000077ac80000)
  to   space 38912K, 0% used [0x000000077b980000,0x000000077b980000,0x000000077df80000)
 ParOldGen       total 175104K, used 142916K [0x000000060c000000, 0x0000000616b00000, 0x0000000759500000)
  object space 175104K, 81% used [0x000000060c000000,0x0000000614b912a0,0x0000000616b00000)
 PSPermGen       total 83968K, used 56678K [0x0000000606e00000, 0x000000060c000000, 0x000000060c000000)
  object space 83968K, 67% used [0x0000000606e00000,0x000000060a559880,0x000000060c000000)
}

