# JRE version: Java(TM) SE Runtime Environment (7.0_45-b18) (build 1.7.0_45-b18)
# Java VM: Java HotSpot(TM) 64-Bit Server VM (24.45-b08 mixed mode linux-amd64 compressed oops)
Heap
 PSYoungGen      total 87040K, used 70719K [0x00000000eb280000, 0x00000000f0800000, 0x0000000100000000)
  eden space 86528K, 81% used [0x00000000eb280000,0x00000000ef747d28,0x00000000f0700000)
  from space 512K, 56% used [0x00000000f0700000,0x00000000f0748000,0x00000000f0780000)
  to   space 512K, 0% used [0x00000000f0780000,0x00000000f0780000,0x00000000f0800000)
 ParOldGen       total 175104K, used 73038K [0x00000000c1800000, 0x00000000cc300000, 0x00000000eb280000)
  object space 175104K, 41% used [0x00000000c1800000,0x00000000c5f539d0,0x00000000cc300000)
 PSPermGen       total 83968K, used 53243K [0x00000000bc600000, 0x00000000c1800000, 0x00000000c1800000)
  object space 83968K, 63% used [0x00000000bc600000,0x00000000bf9feef8,0x00000000c1800000)
GC Heap History (10 events):
Event: 4460.262 GC heap before
{Heap before GC invocations=482 (full 1):
 PSYoungGen      total 87040K, used 86688K [0x00000000eb280000, 0x00000000f0800000, 0x0000000100000000)
  eden space 86528K, 100% used [0x00000000eb280000,0x00000000f0700000,0x00000000f0700000)
  from space 512K, 31% used [0x00000000f0780000,0x00000000f07a8000,0x00000000f0800000)
  to   space 512K, 0% used [0x00000000f0700000,0x00000000f0700000,0x00000000f0780000)
 ParOldGen       total 175104K, used 72878K [0x00000000c1800000, 0x00000000cc300000, 0x00000000eb280000)
  object space 175104K, 41% used [0x00000000c1800000,0x00000000c5f2b9d0,0x00000000cc300000)
 PSPermGen       total 83968K, used 52865K [0x00000000bc600000, 0x00000000c1800000, 0x00000000c1800000)
  object space 83968K, 62% used [0x00000000bc600000,0x00000000bf9a0548,0x00000000c1800000)
Event: 4460.264 GC heap after
Heap after GC invocations=482 (full 1):
 PSYoungGen      total 87040K, used 160K [0x00000000eb280000, 0x00000000f0800000, 0x0000000100000000)
  eden space 86528K, 0% used [0x00000000eb280000,0x00000000eb280000,0x00000000f0700000)
  from space 512K, 31% used [0x00000000f0700000,0x00000000f0728000,0x00000000f0780000)
  to   space 512K, 0% used [0x00000000f0780000,0x00000000f0780000,0x00000000f0800000)
 ParOldGen       total 175104K, used 72878K [0x00000000c1800000, 0x00000000cc300000, 0x00000000eb280000)
  object space 175104K, 41% used [0x00000000c1800000,0x00000000c5f2b9d0,0x00000000cc300000)
 PSPermGen       total 83968K, used 52865K [0x00000000bc600000, 0x00000000c1800000, 0x00000000c1800000)
  object space 83968K, 62% used [0x00000000bc600000,0x00000000bf9a0548,0x00000000c1800000)
}
Event: 4468.463 GC heap before
{Heap before GC invocations=483 (full 1):
 PSYoungGen      total 87040K, used 86688K [0x00000000eb280000, 0x00000000f0800000, 0x0000000100000000)
  eden space 86528K, 100% used [0x00000000eb280000,0x00000000f0700000,0x00000000f0700000)
  from space 512K, 31% used [0x00000000f0700000,0x00000000f0728000,0x00000000f0780000)
  to   space 512K, 0% used [0x00000000f0780000,0x00000000f0780000,0x00000000f0800000)
 ParOldGen       total 175104K, used 72878K [0x00000000c1800000, 0x00000000cc300000, 0x00000000eb280000)
  object space 175104K, 41% used [0x00000000c1800000,0x00000000c5f2b9d0,0x00000000cc300000)
 PSPermGen       total 83968K, used 52865K [0x00000000bc600000, 0x00000000c1800000, 0x00000000c1800000)
  object space 83968K, 62% used [0x00000000bc600000,0x00000000bf9a0548,0x00000000c1800000)
Event: 4468.465 GC heap after
Heap after GC invocations=483 (full 1):
 PSYoungGen      total 87040K, used 224K [0x00000000eb280000, 0x00000000f0800000, 0x0000000100000000)
  eden space 86528K, 0% used [0x00000000eb280000,0x00000000eb280000,0x00000000f0700000)
  from space 512K, 43% used [0x00000000f0780000,0x00000000f07b8000,0x00000000f0800000)
  to   space 512K, 0% used [0x00000000f0700000,0x00000000f0700000,0x00000000f0780000)
 ParOldGen       total 175104K, used 72886K [0x00000000c1800000, 0x00000000cc300000, 0x00000000eb280000)
  object space 175104K, 41% used [0x00000000c1800000,0x00000000c5f2d9d0,0x00000000cc300000)
 PSPermGen       total 83968K, used 52865K [0x00000000bc600000, 0x00000000c1800000, 0x00000000c1800000)
  object space 83968K, 62% used [0x00000000bc600000,0x00000000bf9a0548,0x00000000c1800000)
}
Event: 4476.703 GC heap before
{Heap before GC invocations=484 (full 1):
 PSYoungGen      total 87040K, used 86752K [0x00000000eb280000, 0x00000000f0800000, 0x0000000100000000)
  eden space 86528K, 100% used [0x00000000eb280000,0x00000000f0700000,0x00000000f0700000)
  from space 512K, 43% used [0x00000000f0780000,0x00000000f07b8000,0x00000000f0800000)
  to   space 512K, 0% used [0x00000000f0700000,0x00000000f0700000,0x00000000f0780000)
 ParOldGen       total 175104K, used 72886K [0x00000000c1800000, 0x00000000cc300000, 0x00000000eb280000)
  object space 175104K, 41% used [0x00000000c1800000,0x00000000c5f2d9d0,0x00000000cc300000)
 PSPermGen       total 83968K, used 52865K [0x00000000bc600000, 0x00000000c1800000, 0x00000000c1800000)
  object space 83968K, 62% used [0x00000000bc600000,0x00000000bf9a0548,0x00000000c1800000)
Event: 4476.705 GC heap after
Heap after GC invocations=484 (full 1):
 PSYoungGen      total 87040K, used 192K [0x00000000eb280000, 0x00000000f0800000, 0x0000000100000000)
  eden space 86528K, 0% used [0x00000000eb280000,0x00000000eb280000,0x00000000f0700000)
  from space 512K, 37% used [0x00000000f0700000,0x00000000f0730000,0x00000000f0780000)
  to   space 512K, 0% used [0x00000000f0780000,0x00000000f0780000,0x00000000f0800000)
 ParOldGen       total 175104K, used 72886K [0x00000000c1800000, 0x00000000cc300000, 0x00000000eb280000)
  object space 175104K, 41% used [0x00000000c1800000,0x00000000c5f2d9d0,0x00000000cc300000)
 PSPermGen       total 83968K, used 52865K [0x00000000bc600000, 0x00000000c1800000, 0x00000000c1800000)
  object space 83968K, 62% used [0x00000000bc600000,0x00000000bf9a0548,0x00000000c1800000)
}
Event: 4485.117 GC heap before
{Heap before GC invocations=485 (full 1):
 PSYoungGen      total 87040K, used 86720K [0x00000000eb280000, 0x00000000f0800000, 0x0000000100000000)
  eden space 86528K, 100% used [0x00000000eb280000,0x00000000f0700000,0x00000000f0700000)
  from space 512K, 37% used [0x00000000f0700000,0x00000000f0730000,0x00000000f0780000)
  to   space 512K, 0% used [0x00000000f0780000,0x00000000f0780000,0x00000000f0800000)
 ParOldGen       total 175104K, used 72886K [0x00000000c1800000, 0x00000000cc300000, 0x00000000eb280000)
  object space 175104K, 41% used [0x00000000c1800000,0x00000000c5f2d9d0,0x00000000cc300000)
 PSPermGen       total 83968K, used 52994K [0x00000000bc600000, 0x00000000c1800000, 0x00000000c1800000)
  object space 83968K, 63% used [0x00000000bc600000,0x00000000bf9c0990,0x00000000c1800000)
Event: 4485.119 GC heap after
Heap after GC invocations=485 (full 1):
 PSYoungGen      total 87040K, used 352K [0x00000000eb280000, 0x00000000f0800000, 0x0000000100000000)
  eden space 86528K, 0% used [0x00000000eb280000,0x00000000eb280000,0x00000000f0700000)
  from space 512K, 68% used [0x00000000f0780000,0x00000000f07d8000,0x00000000f0800000)
  to   space 512K, 0% used [0x00000000f0700000,0x00000000f0700000,0x00000000f0780000)
 ParOldGen       total 175104K, used 72886K [0x00000000c1800000, 0x00000000cc300000, 0x00000000eb280000)
  object space 175104K, 41% used [0x00000000c1800000,0x00000000c5f2d9d0,0x00000000cc300000)
 PSPermGen       total 83968K, used 52994K [0x00000000bc600000, 0x00000000c1800000, 0x00000000c1800000)
  object space 83968K, 63% used [0x00000000bc600000,0x00000000bf9c0990,0x00000000c1800000)
}
Event: 4494.037 GC heap before
{Heap before GC invocations=486 (full 1):
 PSYoungGen      total 87040K, used 86880K [0x00000000eb280000, 0x00000000f0800000, 0x0000000100000000)
  eden space 86528K, 100% used [0x00000000eb280000,0x00000000f0700000,0x00000000f0700000)
  from space 512K, 68% used [0x00000000f0780000,0x00000000f07d8000,0x00000000f0800000)
  to   space 512K, 0% used [0x00000000f0700000,0x00000000f0700000,0x00000000f0780000)
 ParOldGen       total 175104K, used 72886K [0x00000000c1800000, 0x00000000cc300000, 0x00000000eb280000)
  object space 175104K, 41% used [0x00000000c1800000,0x00000000c5f2d9d0,0x00000000cc300000)
 PSPermGen       total 83968K, used 52995K [0x00000000bc600000, 0x00000000c1800000, 0x00000000c1800000)
  object space 83968K, 63% used [0x00000000bc600000,0x00000000bf9c0cf0,0x00000000c1800000)
Event: 4494.039 GC heap after
Heap after GC invocations=486 (full 1):
 PSYoungGen      total 87040K, used 288K [0x00000000eb280000, 0x00000000f0800000, 0x0000000100000000)
  eden space 86528K, 0% used [0x00000000eb280000,0x00000000eb280000,0x00000000f0700000)
  from space 512K, 56% used [0x00000000f0700000,0x00000000f0748000,0x00000000f0780000)
  to   space 512K, 0% used [0x00000000f0780000,0x00000000f0780000,0x00000000f0800000)
 ParOldGen       total 175104K, used 73038K [0x00000000c1800000, 0x00000000cc300000, 0x00000000eb280000)
  object space 175104K, 41% used [0x00000000c1800000,0x00000000c5f539d0,0x00000000cc300000)
 PSPermGen       total 83968K, used 52995K [0x00000000bc600000, 0x00000000c1800000, 0x00000000c1800000)
  object space 83968K, 63% used [0x00000000bc600000,0x00000000bf9c0cf0,0x00000000c1800000)
}

