# JRE version: Java(TM) SE Runtime Environment (7.0_45-b18) (build 1.7.0_45-b18)
# Java VM: Java HotSpot(TM) 64-Bit Server VM (24.45-b08 mixed mode linux-amd64 compressed oops)
Heap
 PSYoungGen      total 281088K, used 74462K [0x0000000797d00000, 0x00000007aed00000, 0x0000000800000000)
  eden space 195584K, 16% used [0x0000000797d00000,0x0000000799d4f930,0x00000007a3c00000)
  from space 85504K, 48% used [0x00000007a9980000,0x00000007ac1e7ee8,0x00000007aed00000)
  to   space 90624K, 0% used [0x00000007a3c00000,0x00000007a3c00000,0x00000007a9480000)
 ParOldGen       total 1026560K, used 827905K [0x00000006c7800000, 0x0000000706280000, 0x0000000797d00000)
  object space 1026560K, 80% used [0x00000006c7800000,0x00000006fa0805a8,0x0000000706280000)
 PSPermGen       total 83968K, used 55913K [0x00000006c2600000, 0x00000006c7800000, 0x00000006c7800000)
  object space 83968K, 66% used [0x00000006c2600000,0x00000006c5c9a470,0x00000006c7800000)
GC Heap History (10 events):
Event: 1310.268 GC heap before
{Heap before GC invocations=119 (full 5):
 PSYoungGen      total 260608K, used 260600K [0x0000000797d00000, 0x00000007acf80000, 0x0000000800000000)
  eden space 207872K, 100% used [0x0000000797d00000,0x00000007a4800000,0x00000007a4800000)
  from space 52736K, 99% used [0x00000007a4800000,0x00000007a7b7e338,0x00000007a7b80000)
  to   space 68096K, 0% used [0x00000007a8d00000,0x00000007a8d00000,0x00000007acf80000)
 ParOldGen       total 1026560K, used 797017K [0x00000006c7800000, 0x0000000706280000, 0x0000000797d00000)
  object space 1026560K, 77% used [0x00000006c7800000,0x00000006f82565a8,0x0000000706280000)
 PSPermGen       total 83968K, used 55818K [0x00000006c2600000, 0x00000006c7800000, 0x00000006c7800000)
  object space 83968K, 66% used [0x00000006c2600000,0x00000006c5c82b08,0x00000006c7800000)
Event: 1310.299 GC heap after
Heap after GC invocations=119 (full 5):
 PSYoungGen      total 259072K, used 68088K [0x0000000797d00000, 0x00000007af600000, 0x0000000800000000)
  eden space 190976K, 0% used [0x0000000797d00000,0x0000000797d00000,0x00000007a3780000)
  from space 68096K, 99% used [0x00000007a8d00000,0x00000007acf7e338,0x00000007acf80000)
  to   space 87552K, 0% used [0x00000007a3780000,0x00000007a3780000,0x00000007a8d00000)
 ParOldGen       total 1026560K, used 817897K [0x00000006c7800000, 0x0000000706280000, 0x0000000797d00000)
  object space 1026560K, 79% used [0x00000006c7800000,0x00000006f96ba5a8,0x0000000706280000)
 PSPermGen       total 83968K, used 55818K [0x00000006c2600000, 0x00000006c7800000, 0x00000006c7800000)
  object space 83968K, 66% used [0x00000006c2600000,0x00000006c5c82b08,0x00000006c7800000)
}
Event: 1312.767 GC heap before
{Heap before GC invocations=120 (full 5):
 PSYoungGen      total 259072K, used 259064K [0x0000000797d00000, 0x00000007af600000, 0x0000000800000000)
  eden space 190976K, 100% used [0x0000000797d00000,0x00000007a3780000,0x00000007a3780000)
  from space 68096K, 99% used [0x00000007a8d00000,0x00000007acf7e338,0x00000007acf80000)
  to   space 87552K, 0% used [0x00000007a3780000,0x00000007a3780000,0x00000007a8d00000)
 ParOldGen       total 1026560K, used 817897K [0x00000006c7800000, 0x0000000706280000, 0x0000000797d00000)
  object space 1026560K, 79% used [0x00000006c7800000,0x00000006f96ba5a8,0x0000000706280000)
 PSPermGen       total 83968K, used 55818K [0x00000006c2600000, 0x00000006c7800000, 0x00000006c7800000)
  object space 83968K, 66% used [0x00000006c2600000,0x00000006c5c82b08,0x00000006c7800000)
Event: 1312.800 GC heap after
Heap after GC invocations=120 (full 5):
 PSYoungGen      total 278528K, used 87544K [0x0000000797d00000, 0x00000007b0b00000, 0x0000000800000000)
  eden space 190976K, 0% used [0x0000000797d00000,0x0000000797d00000,0x00000007a3780000)
  from space 87552K, 99% used [0x00000007a3780000,0x00000007a8cfe338,0x00000007a8d00000)
  to   space 106496K, 0% used [0x00000007aa300000,0x00000007aa300000,0x00000007b0b00000)
 ParOldGen       total 1026560K, used 827633K [0x00000006c7800000, 0x0000000706280000, 0x0000000797d00000)
  object space 1026560K, 80% used [0x00000006c7800000,0x00000006fa03c5a8,0x0000000706280000)
 PSPermGen       total 83968K, used 55818K [0x00000006c2600000, 0x00000006c7800000, 0x00000006c7800000)
  object space 83968K, 66% used [0x00000006c2600000,0x00000006c5c82b08,0x00000006c7800000)
}
Event: 1379.965 GC heap before
{Heap before GC invocations=121 (full 5):
 PSYoungGen      total 278528K, used 278520K [0x0000000797d00000, 0x00000007b0b00000, 0x0000000800000000)
  eden space 190976K, 100% used [0x0000000797d00000,0x00000007a3780000,0x00000007a3780000)
  from space 87552K, 99% used [0x00000007a3780000,0x00000007a8cfe338,0x00000007a8d00000)
  to   space 106496K, 0% used [0x00000007aa300000,0x00000007aa300000,0x00000007b0b00000)
 ParOldGen       total 1026560K, used 827633K [0x00000006c7800000, 0x0000000706280000, 0x0000000797d00000)
  object space 1026560K, 80% used [0x00000006c7800000,0x00000006fa03c5a8,0x0000000706280000)
 PSPermGen       total 83968K, used 55834K [0x00000006c2600000, 0x00000006c7800000, 0x00000006c7800000)
  object space 83968K, 66% used [0x00000006c2600000,0x00000006c5c86a88,0x00000006c7800000)
Event: 1379.982 GC heap after
Heap after GC invocations=121 (full 5):
 PSYoungGen      total 287744K, used 40239K [0x0000000797d00000, 0x00000007aff00000, 0x0000000800000000)
  eden space 193536K, 0% used [0x0000000797d00000,0x0000000797d00000,0x00000007a3a00000)
  from space 94208K, 42% used [0x00000007aa300000,0x00000007aca4beb8,0x00000007aff00000)
  to   space 100864K, 0% used [0x00000007a3a00000,0x00000007a3a00000,0x00000007a9c80000)
 ParOldGen       total 1026560K, used 827905K [0x00000006c7800000, 0x0000000706280000, 0x0000000797d00000)
  object space 1026560K, 80% used [0x00000006c7800000,0x00000006fa0805a8,0x0000000706280000)
 PSPermGen       total 83968K, used 55834K [0x00000006c2600000, 0x00000006c7800000, 0x00000006c7800000)
  object space 83968K, 66% used [0x00000006c2600000,0x00000006c5c86a88,0x00000006c7800000)
}
Event: 1386.935 GC heap before
{Heap before GC invocations=122 (full 5):
 PSYoungGen      total 287744K, used 233775K [0x0000000797d00000, 0x00000007aff00000, 0x0000000800000000)
  eden space 193536K, 100% used [0x0000000797d00000,0x00000007a3a00000,0x00000007a3a00000)
  from space 94208K, 42% used [0x00000007aa300000,0x00000007aca4beb8,0x00000007aff00000)
  to   space 100864K, 0% used [0x00000007a3a00000,0x00000007a3a00000,0x00000007a9c80000)
 ParOldGen       total 1026560K, used 827905K [0x00000006c7800000, 0x0000000706280000, 0x0000000797d00000)
  object space 1026560K, 80% used [0x00000006c7800000,0x00000006fa0805a8,0x0000000706280000)
 PSPermGen       total 83968K, used 55834K [0x00000006c2600000, 0x00000006c7800000, 0x00000006c7800000)
  object space 83968K, 66% used [0x00000006c2600000,0x00000006c5c86a88,0x00000006c7800000)
Event: 1386.950 GC heap after
Heap after GC invocations=122 (full 5):
 PSYoungGen      total 232960K, used 39167K [0x0000000797d00000, 0x00000007af680000, 0x0000000800000000)
  eden space 193536K, 0% used [0x0000000797d00000,0x0000000797d00000,0x00000007a3a00000)
  from space 39424K, 99% used [0x00000007a3a00000,0x00000007a603fec8,0x00000007a6080000)
  to   space 95232K, 0% used [0x00000007a9980000,0x00000007a9980000,0x00000007af680000)
 ParOldGen       total 1026560K, used 827905K [0x00000006c7800000, 0x0000000706280000, 0x0000000797d00000)
  object space 1026560K, 80% used [0x00000006c7800000,0x00000006fa0805a8,0x0000000706280000)
 PSPermGen       total 83968K, used 55834K [0x00000006c2600000, 0x00000006c7800000, 0x00000006c7800000)
  object space 83968K, 66% used [0x00000006c2600000,0x00000006c5c86a88,0x00000006c7800000)
}
Event: 1400.907 GC heap before
{Heap before GC invocations=123 (full 5):
 PSYoungGen      total 232960K, used 232703K [0x0000000797d00000, 0x00000007af680000, 0x0000000800000000)
  eden space 193536K, 100% used [0x0000000797d00000,0x00000007a3a00000,0x00000007a3a00000)
  from space 39424K, 99% used [0x00000007a3a00000,0x00000007a603fec8,0x00000007a6080000)
  to   space 95232K, 0% used [0x00000007a9980000,0x00000007a9980000,0x00000007af680000)
 ParOldGen       total 1026560K, used 827905K [0x00000006c7800000, 0x0000000706280000, 0x0000000797d00000)
  object space 1026560K, 80% used [0x00000006c7800000,0x00000006fa0805a8,0x0000000706280000)
 PSPermGen       total 83968K, used 55841K [0x00000006c2600000, 0x00000006c7800000, 0x00000006c7800000)
  object space 83968K, 66% used [0x00000006c2600000,0x00000006c5c88690,0x00000006c7800000)
Event: 1400.925 GC heap after
Heap after GC invocations=123 (full 5):
 PSYoungGen      total 281088K, used 41375K [0x0000000797d00000, 0x00000007aed00000, 0x0000000800000000)
  eden space 195584K, 0% used [0x0000000797d00000,0x0000000797d00000,0x00000007a3c00000)
  from space 85504K, 48% used [0x00000007a9980000,0x00000007ac1e7ee8,0x00000007aed00000)
  to   space 90624K, 0% used [0x00000007a3c00000,0x00000007a3c00000,0x00000007a9480000)
 ParOldGen       total 1026560K, used 827905K [0x00000006c7800000, 0x0000000706280000, 0x0000000797d00000)
  object space 1026560K, 80% used [0x00000006c7800000,0x00000006fa0805a8,0x0000000706280000)
 PSPermGen       total 83968K, used 55841K [0x00000006c2600000, 0x00000006c7800000, 0x00000006c7800000)
  object space 83968K, 66% used [0x00000006c2600000,0x00000006c5c88690,0x00000006c7800000)
}

