# JRE version: Java(TM) SE Runtime Environment (7.0_45-b18) (build 1.7.0_45-b18)
# Java VM: Java HotSpot(TM) 64-Bit Server VM (24.45-b08 mixed mode linux-amd64 compressed oops)
Heap
 PSYoungGen      total 204288K, used 29162K [0x0000000797d00000, 0x00000007aa580000, 0x0000000800000000)
  eden space 202240K, 13% used [0x0000000797d00000,0x00000007997eeb48,0x00000007a4280000)
  from space 2048K, 77% used [0x00000007a4a00000,0x00000007a4b8c010,0x00000007a4c00000)
  to   space 50688K, 0% used [0x00000007a7400000,0x00000007a7400000,0x00000007aa580000)
 ParOldGen       total 175104K, used 102462K [0x00000006c7800000, 0x00000006d2300000, 0x0000000797d00000)
  object space 175104K, 58% used [0x00000006c7800000,0x00000006cdc0f8e0,0x00000006d2300000)
 PSPermGen       total 53248K, used 52740K [0x00000006c2600000, 0x00000006c5a00000, 0x00000006c7800000)
  object space 53248K, 99% used [0x00000006c2600000,0x00000006c5981140,0x00000006c5a00000)
GC Heap History (10 events):
Event: 9.322 GC heap before
{Heap before GC invocations=7 (full 0):
 PSYoungGen      total 102912K, used 85853K [0x0000000797d00000, 0x00000007a4000000, 0x0000000800000000)
  eden space 66048K, 100% used [0x0000000797d00000,0x000000079bd80000,0x000000079bd80000)
  from space 36864K, 53% used [0x000000079e000000,0x000000079f3576c8,0x00000007a0400000)
  to   space 35328K, 0% used [0x000000079bd80000,0x000000079bd80000,0x000000079e000000)
 ParOldGen       total 175104K, used 39738K [0x00000006c7800000, 0x00000006d2300000, 0x0000000797d00000)
  object space 175104K, 22% used [0x00000006c7800000,0x00000006c9eceb00,0x00000006d2300000)
 PSPermGen       total 47616K, used 47334K [0x00000006c2600000, 0x00000006c5480000, 0x00000006c7800000)
  object space 47616K, 99% used [0x00000006c2600000,0x00000006c5439950,0x00000006c5480000)
Event: 9.345 GC heap after
Heap after GC invocations=7 (full 0):
 PSYoungGen      total 101376K, used 28203K [0x0000000797d00000, 0x00000007a4800000, 0x0000000800000000)
  eden space 66048K, 0% used [0x0000000797d00000,0x0000000797d00000,0x000000079bd80000)
  from space 35328K, 79% used [0x000000079bd80000,0x000000079d90aee0,0x000000079e000000)
  to   space 37888K, 0% used [0x00000007a2300000,0x00000007a2300000,0x00000007a4800000)
 ParOldGen       total 175104K, used 43912K [0x00000006c7800000, 0x00000006d2300000, 0x0000000797d00000)
  object space 175104K, 25% used [0x00000006c7800000,0x00000006ca2e21f0,0x00000006d2300000)
 PSPermGen       total 47616K, used 47334K [0x00000006c2600000, 0x00000006c5480000, 0x00000006c7800000)
  object space 47616K, 99% used [0x00000006c2600000,0x00000006c5439950,0x00000006c5480000)
}
Event: 14.400 GC heap before
{Heap before GC invocations=8 (full 0):
 PSYoungGen      total 101376K, used 94251K [0x0000000797d00000, 0x00000007a4800000, 0x0000000800000000)
  eden space 66048K, 100% used [0x0000000797d00000,0x000000079bd80000,0x000000079bd80000)
  from space 35328K, 79% used [0x000000079bd80000,0x000000079d90aee0,0x000000079e000000)
  to   space 37888K, 0% used [0x00000007a2300000,0x00000007a2300000,0x00000007a4800000)
 ParOldGen       total 175104K, used 43912K [0x00000006c7800000, 0x00000006d2300000, 0x0000000797d00000)
  object space 175104K, 25% used [0x00000006c7800000,0x00000006ca2e21f0,0x00000006d2300000)
 PSPermGen       total 50176K, used 49907K [0x00000006c2600000, 0x00000006c5700000, 0x00000006c7800000)
  object space 50176K, 99% used [0x00000006c2600000,0x00000006c56bcca0,0x00000006c5700000)
Event: 14.418 GC heap after
Heap after GC invocations=8 (full 0):
 PSYoungGen      total 169472K, used 25350K [0x0000000797d00000, 0x00000007a4900000, 0x0000000800000000)
  eden space 131584K, 0% used [0x0000000797d00000,0x0000000797d00000,0x000000079fd80000)
  from space 37888K, 66% used [0x00000007a2300000,0x00000007a3bc18e0,0x00000007a4800000)
  to   space 38400K, 0% used [0x000000079fd80000,0x000000079fd80000,0x00000007a2300000)
 ParOldGen       total 175104K, used 49104K [0x00000006c7800000, 0x00000006d2300000, 0x0000000797d00000)
  object space 175104K, 28% used [0x00000006c7800000,0x00000006ca7f4150,0x00000006d2300000)
 PSPermGen       total 50176K, used 49907K [0x00000006c2600000, 0x00000006c5700000, 0x00000006c7800000)
  object space 50176K, 99% used [0x00000006c2600000,0x00000006c56bcca0,0x00000006c5700000)
}
Event: 20.538 GC heap before
{Heap before GC invocations=9 (full 0):
 PSYoungGen      total 169472K, used 156934K [0x0000000797d00000, 0x00000007a4900000, 0x0000000800000000)
  eden space 131584K, 100% used [0x0000000797d00000,0x000000079fd80000,0x000000079fd80000)
  from space 37888K, 66% used [0x00000007a2300000,0x00000007a3bc18e0,0x00000007a4800000)
  to   space 38400K, 0% used [0x000000079fd80000,0x000000079fd80000,0x00000007a2300000)
 ParOldGen       total 175104K, used 49104K [0x00000006c7800000, 0x00000006d2300000, 0x0000000797d00000)
  object space 175104K, 28% used [0x00000006c7800000,0x00000006ca7f4150,0x00000006d2300000)
 PSPermGen       total 51712K, used 51413K [0x00000006c2600000, 0x00000006c5880000, 0x00000006c7800000)
  object space 51712K, 99% used [0x00000006c2600000,0x00000006c58355f0,0x00000006c5880000)
Event: 20.558 GC heap after
Heap after GC invocations=9 (full 0):
 PSYoungGen      total 169984K, used 38390K [0x0000000797d00000, 0x00000007aa900000, 0x0000000800000000)
  eden space 131584K, 0% used [0x0000000797d00000,0x0000000797d00000,0x000000079fd80000)
  from space 38400K, 99% used [0x000000079fd80000,0x00000007a22fd8e0,0x00000007a2300000)
  to   space 48128K, 0% used [0x00000007a7a00000,0x00000007a7a00000,0x00000007aa900000)
 ParOldGen       total 175104K, used 59393K [0x00000006c7800000, 0x00000006d2300000, 0x0000000797d00000)
  object space 175104K, 33% used [0x00000006c7800000,0x00000006cb200498,0x00000006d2300000)
 PSPermGen       total 51712K, used 51413K [0x00000006c2600000, 0x00000006c5880000, 0x00000006c7800000)
  object space 51712K, 99% used [0x00000006c2600000,0x00000006c58355f0,0x00000006c5880000)
}
Event: 39.005 GC heap before
{Heap before GC invocations=10 (full 0):
 PSYoungGen      total 169984K, used 169974K [0x0000000797d00000, 0x00000007aa900000, 0x0000000800000000)
  eden space 131584K, 100% used [0x0000000797d00000,0x000000079fd80000,0x000000079fd80000)
  from space 38400K, 99% used [0x000000079fd80000,0x00000007a22fd8e0,0x00000007a2300000)
  to   space 48128K, 0% used [0x00000007a7a00000,0x00000007a7a00000,0x00000007aa900000)
 ParOldGen       total 175104K, used 59393K [0x00000006c7800000, 0x00000006d2300000, 0x0000000797d00000)
  object space 175104K, 33% used [0x00000006c7800000,0x00000006cb200498,0x00000006d2300000)
 PSPermGen       total 52224K, used 52130K [0x00000006c2600000, 0x00000006c5900000, 0x00000006c7800000)
  object space 52224K, 99% used [0x00000006c2600000,0x00000006c58e8a90,0x00000006c5900000)
Event: 39.022 GC heap after
Heap after GC invocations=10 (full 0):
 PSYoungGen      total 258048K, used 33007K [0x0000000797d00000, 0x00000007aab00000, 0x0000000800000000)
  eden space 209920K, 0% used [0x0000000797d00000,0x0000000797d00000,0x00000007a4a00000)
  from space 48128K, 68% used [0x00000007a7a00000,0x00000007a9a3bcf0,0x00000007aa900000)
  to   space 49152K, 0% used [0x00000007a4a00000,0x00000007a4a00000,0x00000007a7a00000)
 ParOldGen       total 175104K, used 71941K [0x00000006c7800000, 0x00000006d2300000, 0x0000000797d00000)
  object space 175104K, 41% used [0x00000006c7800000,0x00000006cbe414e8,0x00000006d2300000)
 PSPermGen       total 52224K, used 52130K [0x00000006c2600000, 0x00000006c5900000, 0x00000006c7800000)
  object space 52224K, 99% used [0x00000006c2600000,0x00000006c58e8a90,0x00000006c5900000)
}
Event: 120.791 GC heap before
{Heap before GC invocations=11 (full 0):
 PSYoungGen      total 258048K, used 242927K [0x0000000797d00000, 0x00000007aab00000, 0x0000000800000000)
  eden space 209920K, 100% used [0x0000000797d00000,0x00000007a4a00000,0x00000007a4a00000)
  from space 48128K, 68% used [0x00000007a7a00000,0x00000007a9a3bcf0,0x00000007aa900000)
  to   space 49152K, 0% used [0x00000007a4a00000,0x00000007a4a00000,0x00000007a7a00000)
 ParOldGen       total 175104K, used 71941K [0x00000006c7800000, 0x00000006d2300000, 0x0000000797d00000)
  object space 175104K, 41% used [0x00000006c7800000,0x00000006cbe414e8,0x00000006d2300000)
 PSPermGen       total 52736K, used 52342K [0x00000006c2600000, 0x00000006c5980000, 0x00000006c7800000)
  object space 52736K, 99% used [0x00000006c2600000,0x00000006c591dba0,0x00000006c5980000)
Event: 120.802 GC heap after
Heap after GC invocations=11 (full 0):
 PSYoungGen      total 204288K, used 1584K [0x0000000797d00000, 0x00000007aa580000, 0x0000000800000000)
  eden space 202240K, 0% used [0x0000000797d00000,0x0000000797d00000,0x00000007a4280000)
  from space 2048K, 77% used [0x00000007a4a00000,0x00000007a4b8c010,0x00000007a4c00000)
  to   space 50688K, 0% used [0x00000007a7400000,0x00000007a7400000,0x00000007aa580000)
 ParOldGen       total 175104K, used 102462K [0x00000006c7800000, 0x00000006d2300000, 0x0000000797d00000)
  object space 175104K, 58% used [0x00000006c7800000,0x00000006cdc0f8e0,0x00000006d2300000)
 PSPermGen       total 52736K, used 52342K [0x00000006c2600000, 0x00000006c5980000, 0x00000006c7800000)
  object space 52736K, 99% used [0x00000006c2600000,0x00000006c591dba0,0x00000006c5980000)
}

