# JRE version: Java(TM) SE Runtime Environment (7.0_45-b18) (build 1.7.0_45-b18)
# Java VM: Java HotSpot(TM) 64-Bit Server VM (24.45-b08 mixed mode linux-amd64 compressed oops)
Heap
 PSYoungGen      total 248320K, used 125619K [0x00000000eb280000, 0x00000000fcc00000, 0x0000000100000000)
  eden space 229888K, 50% used [0x00000000eb280000,0x00000000f2424a78,0x00000000f9300000)
  from space 18432K, 50% used [0x00000000fba00000,0x00000000fc308188,0x00000000fcc00000)
  to   space 29184K, 0% used [0x00000000f9300000,0x00000000f9300000,0x00000000faf80000)
 ParOldGen       total 285696K, used 185862K [0x00000000c1800000, 0x00000000d2f00000, 0x00000000eb280000)
  object space 285696K, 65% used [0x00000000c1800000,0x00000000ccd81aa8,0x00000000d2f00000)
 PSPermGen       total 83968K, used 57783K [0x00000000bc600000, 0x00000000c1800000, 0x00000000c1800000)
  object space 83968K, 68% used [0x00000000bc600000,0x00000000bfe6de00,0x00000000c1800000)
GC Heap History (10 events):
Event: 1125.847 GC heap before
{Heap before GC invocations=365 (full 1):
 PSYoungGen      total 214528K, used 203776K [0x00000000eb280000, 0x0000000100000000, 0x0000000100000000)
  eden space 203776K, 100% used [0x00000000eb280000,0x00000000f7980000,0x00000000f7980000)
  from space 10752K, 0% used [0x00000000feb00000,0x00000000feb00000,0x00000000ff580000)
  to   space 10752K, 0% used [0x00000000ff580000,0x00000000ff580000,0x0000000100000000)
 ParOldGen       total 285696K, used 166565K [0x00000000c1800000, 0x00000000d2f00000, 0x00000000eb280000)
  object space 285696K, 58% used [0x00000000c1800000,0x00000000cbaa9660,0x00000000d2f00000)
 PSPermGen       total 83968K, used 49995K [0x00000000bc600000, 0x00000000c1800000, 0x00000000c1800000)
  object space 83968K, 59% used [0x00000000bc600000,0x00000000bf6d2f58,0x00000000c1800000)
Event: 1125.853 GC heap after
Heap after GC invocations=365 (full 1):
 PSYoungGen      total 238080K, used 7836K [0x00000000eb280000, 0x00000000ffd80000, 0x0000000100000000)
  eden space 229888K, 0% used [0x00000000eb280000,0x00000000eb280000,0x00000000f9300000)
  from space 8192K, 95% used [0x00000000ff580000,0x00000000ffd27318,0x00000000ffd80000)
  to   space 34816K, 0% used [0x00000000fb980000,0x00000000fb980000,0x00000000fdb80000)
 ParOldGen       total 285696K, used 166565K [0x00000000c1800000, 0x00000000d2f00000, 0x00000000eb280000)
  object space 285696K, 58% used [0x00000000c1800000,0x00000000cbaa9660,0x00000000d2f00000)
 PSPermGen       total 83968K, used 49995K [0x00000000bc600000, 0x00000000c1800000, 0x00000000c1800000)
  object space 83968K, 59% used [0x00000000bc600000,0x00000000bf6d2f58,0x00000000c1800000)
}
Event: 1158.082 GC heap before
{Heap before GC invocations=366 (full 1):
 PSYoungGen      total 238080K, used 237724K [0x00000000eb280000, 0x00000000ffd80000, 0x0000000100000000)
  eden space 229888K, 100% used [0x00000000eb280000,0x00000000f9300000,0x00000000f9300000)
  from space 8192K, 95% used [0x00000000ff580000,0x00000000ffd27318,0x00000000ffd80000)
  to   space 34816K, 0% used [0x00000000fb980000,0x00000000fb980000,0x00000000fdb80000)
 ParOldGen       total 285696K, used 166565K [0x00000000c1800000, 0x00000000d2f00000, 0x00000000eb280000)
  object space 285696K, 58% used [0x00000000c1800000,0x00000000cbaa9660,0x00000000d2f00000)
 PSPermGen       total 83968K, used 54815K [0x00000000bc600000, 0x00000000c1800000, 0x00000000c1800000)
  object space 83968K, 65% used [0x00000000bc600000,0x00000000bfb87cd0,0x00000000c1800000)
Event: 1158.093 GC heap after
Heap after GC invocations=366 (full 1):
 PSYoungGen      total 271360K, used 14711K [0x00000000eb280000, 0x00000000ff600000, 0x0000000100000000)
  eden space 256512K, 0% used [0x00000000eb280000,0x00000000eb280000,0x00000000fad00000)
  from space 14848K, 99% used [0x00000000fb980000,0x00000000fc7ddce0,0x00000000fc800000)
  to   space 34304K, 0% used [0x00000000fd480000,0x00000000fd480000,0x00000000ff600000)
 ParOldGen       total 285696K, used 172669K [0x00000000c1800000, 0x00000000d2f00000, 0x00000000eb280000)
  object space 285696K, 60% used [0x00000000c1800000,0x00000000cc09f490,0x00000000d2f00000)
 PSPermGen       total 83968K, used 54815K [0x00000000bc600000, 0x00000000c1800000, 0x00000000c1800000)
  object space 83968K, 65% used [0x00000000bc600000,0x00000000bfb87cd0,0x00000000c1800000)
}
Event: 1314.760 GC heap before
{Heap before GC invocations=367 (full 1):
 PSYoungGen      total 271360K, used 271223K [0x00000000eb280000, 0x00000000ff600000, 0x0000000100000000)
  eden space 256512K, 100% used [0x00000000eb280000,0x00000000fad00000,0x00000000fad00000)
  from space 14848K, 99% used [0x00000000fb980000,0x00000000fc7ddce0,0x00000000fc800000)
  to   space 34304K, 0% used [0x00000000fd480000,0x00000000fd480000,0x00000000ff600000)
 ParOldGen       total 285696K, used 172669K [0x00000000c1800000, 0x00000000d2f00000, 0x00000000eb280000)
  object space 285696K, 60% used [0x00000000c1800000,0x00000000cc09f490,0x00000000d2f00000)
 PSPermGen       total 83968K, used 55234K [0x00000000bc600000, 0x00000000c1800000, 0x00000000c1800000)
  object space 83968K, 65% used [0x00000000bc600000,0x00000000bfbf0ac8,0x00000000c1800000)
Event: 1314.769 GC heap after
Heap after GC invocations=367 (full 1):
 PSYoungGen      total 264192K, used 3133K [0x00000000eb280000, 0x00000000fe500000, 0x0000000100000000)
  eden space 247296K, 0% used [0x00000000eb280000,0x00000000eb280000,0x00000000fa400000)
  from space 16896K, 18% used [0x00000000fd480000,0x00000000fd78f780,0x00000000fe500000)
  to   space 33280K, 0% used [0x00000000fa400000,0x00000000fa400000,0x00000000fc480000)
 ParOldGen       total 285696K, used 184683K [0x00000000c1800000, 0x00000000d2f00000, 0x00000000eb280000)
  object space 285696K, 64% used [0x00000000c1800000,0x00000000ccc5ac30,0x00000000d2f00000)
 PSPermGen       total 83968K, used 55234K [0x00000000bc600000, 0x00000000c1800000, 0x00000000c1800000)
  object space 83968K, 65% used [0x00000000bc600000,0x00000000bfbf0ac8,0x00000000c1800000)
}
Event: 1413.256 GC heap before
{Heap before GC invocations=368 (full 1):
 PSYoungGen      total 264192K, used 250429K [0x00000000eb280000, 0x00000000fe500000, 0x0000000100000000)
  eden space 247296K, 100% used [0x00000000eb280000,0x00000000fa400000,0x00000000fa400000)
  from space 16896K, 18% used [0x00000000fd480000,0x00000000fd78f780,0x00000000fe500000)
  to   space 33280K, 0% used [0x00000000fa400000,0x00000000fa400000,0x00000000fc480000)
 ParOldGen       total 285696K, used 184683K [0x00000000c1800000, 0x00000000d2f00000, 0x00000000eb280000)
  object space 285696K, 64% used [0x00000000c1800000,0x00000000ccc5ac30,0x00000000d2f00000)
 PSPermGen       total 83968K, used 57173K [0x00000000bc600000, 0x00000000c1800000, 0x00000000c1800000)
  object space 83968K, 68% used [0x00000000bc600000,0x00000000bfdd5668,0x00000000c1800000)
Event: 1413.263 GC heap after
Heap after GC invocations=368 (full 1):
 PSYoungGen      total 247808K, used 9061K [0x00000000eb280000, 0x00000000fd880000, 0x0000000100000000)
  eden space 238592K, 0% used [0x00000000eb280000,0x00000000eb280000,0x00000000f9b80000)
  from space 9216K, 98% used [0x00000000fa400000,0x00000000facd9728,0x00000000fad00000)
  to   space 31232K, 0% used [0x00000000fba00000,0x00000000fba00000,0x00000000fd880000)
 ParOldGen       total 285696K, used 185862K [0x00000000c1800000, 0x00000000d2f00000, 0x00000000eb280000)
  object space 285696K, 65% used [0x00000000c1800000,0x00000000ccd81aa8,0x00000000d2f00000)
 PSPermGen       total 83968K, used 57173K [0x00000000bc600000, 0x00000000c1800000, 0x00000000c1800000)
  object space 83968K, 68% used [0x00000000bc600000,0x00000000bfdd5668,0x00000000c1800000)
}
Event: 1455.158 GC heap before
{Heap before GC invocations=369 (full 1):
 PSYoungGen      total 247808K, used 247653K [0x00000000eb280000, 0x00000000fd880000, 0x0000000100000000)
  eden space 238592K, 100% used [0x00000000eb280000,0x00000000f9b80000,0x00000000f9b80000)
  from space 9216K, 98% used [0x00000000fa400000,0x00000000facd9728,0x00000000fad00000)
  to   space 31232K, 0% used [0x00000000fba00000,0x00000000fba00000,0x00000000fd880000)
 ParOldGen       total 285696K, used 185862K [0x00000000c1800000, 0x00000000d2f00000, 0x00000000eb280000)
  object space 285696K, 65% used [0x00000000c1800000,0x00000000ccd81aa8,0x00000000d2f00000)
 PSPermGen       total 83968K, used 57685K [0x00000000bc600000, 0x00000000c1800000, 0x00000000c1800000)
  object space 83968K, 68% used [0x00000000bc600000,0x00000000bfe55690,0x00000000c1800000)
Event: 1455.165 GC heap after
Heap after GC invocations=369 (full 1):
 PSYoungGen      total 248320K, used 9248K [0x00000000eb280000, 0x00000000fcc00000, 0x0000000100000000)
  eden space 229888K, 0% used [0x00000000eb280000,0x00000000eb280000,0x00000000f9300000)
  from space 18432K, 50% used [0x00000000fba00000,0x00000000fc308188,0x00000000fcc00000)
  to   space 29184K, 0% used [0x00000000f9300000,0x00000000f9300000,0x00000000faf80000)
 ParOldGen       total 285696K, used 185862K [0x00000000c1800000, 0x00000000d2f00000, 0x00000000eb280000)
  object space 285696K, 65% used [0x00000000c1800000,0x00000000ccd81aa8,0x00000000d2f00000)
 PSPermGen       total 83968K, used 57685K [0x00000000bc600000, 0x00000000c1800000, 0x00000000c1800000)
  object space 83968K, 68% used [0x00000000bc600000,0x00000000bfe55690,0x00000000c1800000)
}

