# JRE version: Java(TM) SE Runtime Environment (7.0_45-b18) (build 1.7.0_45-b18)
# Java VM: Java HotSpot(TM) 64-Bit Server VM (24.45-b08 mixed mode linux-amd64 compressed oops)
Heap
 PSYoungGen      total 332800K, used 106874K [0x0000000797d00000, 0x00000007ba300000, 0x0000000800000000)
  eden space 283648K, 37% used [0x0000000797d00000,0x000000079e55e890,0x00000007a9200000)
  from space 49152K, 0% used [0x00000007a9200000,0x00000007a9200000,0x00000007ac200000)
  to   space 56320K, 0% used [0x00000007b6c00000,0x00000007b6c00000,0x00000007ba300000)
 ParOldGen       total 1195520K, used 1149106K [0x00000006c7800000, 0x0000000710780000, 0x0000000797d00000)
  object space 1195520K, 96% used [0x00000006c7800000,0x000000070da2ca98,0x0000000710780000)
 PSPermGen       total 83968K, used 50725K [0x00000006c2600000, 0x00000006c7800000, 0x00000006c7800000)
  object space 83968K, 60% used [0x00000006c2600000,0x00000006c5789558,0x00000006c7800000)
GC Heap History (10 events):
Event: 21.852 GC heap before
{Heap before GC invocations=11 (full 0):
 PSYoungGen      total 226304K, used 203985K [0x0000000797d00000, 0x00000007a8e00000, 0x0000000800000000)
  eden space 177152K, 100% used [0x0000000797d00000,0x00000007a2a00000,0x00000007a2a00000)
  from space 49152K, 54% used [0x00000007a5e00000,0x00000007a7834530,0x00000007a8e00000)
  to   space 51200K, 0% used [0x00000007a2a00000,0x00000007a2a00000,0x00000007a5c00000)
 ParOldGen       total 175104K, used 89036K [0x00000006c7800000, 0x00000006d2300000, 0x0000000797d00000)
  object space 175104K, 50% used [0x00000006c7800000,0x00000006ccef3058,0x00000006d2300000)
 PSPermGen       total 48640K, used 48541K [0x00000006c2600000, 0x00000006c5580000, 0x00000006c7800000)
  object space 48640K, 99% used [0x00000006c2600000,0x00000006c5567548,0x00000006c5580000)
Event: 21.866 GC heap after
Heap after GC invocations=11 (full 0):
 PSYoungGen      total 228352K, used 6213K [0x0000000797d00000, 0x00000007af700000, 0x0000000800000000)
  eden space 177152K, 0% used [0x0000000797d00000,0x0000000797d00000,0x00000007a2a00000)
  from space 51200K, 12% used [0x00000007a2a00000,0x00000007a30114c0,0x00000007a5c00000)
  to   space 51712K, 0% used [0x00000007ac480000,0x00000007ac480000,0x00000007af700000)
 ParOldGen       total 175104K, used 102565K [0x00000006c7800000, 0x00000006d2300000, 0x0000000797d00000)
  object space 175104K, 58% used [0x00000006c7800000,0x00000006cdc294d0,0x00000006d2300000)
 PSPermGen       total 48640K, used 48541K [0x00000006c2600000, 0x00000006c5580000, 0x00000006c7800000)
  object space 48640K, 99% used [0x00000006c2600000,0x00000006c5567548,0x00000006c5580000)
}
Event: 26.610 GC heap before
{Heap before GC invocations=12 (full 0):
 PSYoungGen      total 228352K, used 183365K [0x0000000797d00000, 0x00000007af700000, 0x0000000800000000)
  eden space 177152K, 100% used [0x0000000797d00000,0x00000007a2a00000,0x00000007a2a00000)
  from space 51200K, 12% used [0x00000007a2a00000,0x00000007a30114c0,0x00000007a5c00000)
  to   space 51712K, 0% used [0x00000007ac480000,0x00000007ac480000,0x00000007af700000)
 ParOldGen       total 175104K, used 102565K [0x00000006c7800000, 0x00000006d2300000, 0x0000000797d00000)
  object space 175104K, 58% used [0x00000006c7800000,0x00000006cdc294d0,0x00000006d2300000)
 PSPermGen       total 49152K, used 48834K [0x00000006c2600000, 0x00000006c5600000, 0x00000006c7800000)
  object space 49152K, 99% used [0x00000006c2600000,0x00000006c55b09c8,0x00000006c5600000)
Event: 26.617 GC heap after
Heap after GC invocations=12 (full 0):
 PSYoungGen      total 330240K, used 20883K [0x0000000797d00000, 0x00000007af200000, 0x0000000800000000)
  eden space 283648K, 0% used [0x0000000797d00000,0x0000000797d00000,0x00000007a9200000)
  from space 46592K, 44% used [0x00000007ac480000,0x00000007ad8e4f28,0x00000007af200000)
  to   space 49152K, 0% used [0x00000007a9200000,0x00000007a9200000,0x00000007ac200000)
 ParOldGen       total 175104K, used 106924K [0x00000006c7800000, 0x00000006d2300000, 0x0000000797d00000)
  object space 175104K, 61% used [0x00000006c7800000,0x00000006ce06b2f0,0x00000006d2300000)
 PSPermGen       total 49152K, used 48834K [0x00000006c2600000, 0x00000006c5600000, 0x00000006c7800000)
  object space 49152K, 99% used [0x00000006c2600000,0x00000006c55b09c8,0x00000006c5600000)
}
Event: 509.421 GC heap before
{Heap before GC invocations=13 (full 1):
 PSYoungGen      total 330240K, used 304531K [0x0000000797d00000, 0x00000007af200000, 0x0000000800000000)
  eden space 283648K, 100% used [0x0000000797d00000,0x00000007a9200000,0x00000007a9200000)
  from space 46592K, 44% used [0x00000007ac480000,0x00000007ad8e4f28,0x00000007af200000)
  to   space 49152K, 0% used [0x00000007a9200000,0x00000007a9200000,0x00000007ac200000)
 ParOldGen       total 1688064K, used 1687911K [0x00000006c7800000, 0x000000072e880000, 0x0000000797d00000)
  object space 1688064K, 99% used [0x00000006c7800000,0x000000072e859d58,0x000000072e880000)
 PSPermGen       total 51200K, used 50741K [0x00000006c2600000, 0x00000006c5800000, 0x00000006c7800000)
  object space 51200K, 99% used [0x00000006c2600000,0x00000006c578d540,0x00000006c5800000)
Event: 509.639 GC heap after
Heap after GC invocations=13 (full 1):
 PSYoungGen      total 330240K, used 0K [0x0000000797d00000, 0x00000007af200000, 0x0000000800000000)
  eden space 283648K, 0% used [0x0000000797d00000,0x0000000797d00000,0x00000007a9200000)
  from space 46592K, 0% used [0x00000007ac480000,0x00000007ac480000,0x00000007af200000)
  to   space 49152K, 0% used [0x00000007a9200000,0x00000007a9200000,0x00000007ac200000)
 ParOldGen       total 976384K, used 883630K [0x00000006c7800000, 0x0000000703180000, 0x0000000797d00000)
  object space 976384K, 90% used [0x00000006c7800000,0x00000006fd6ebb18,0x0000000703180000)
 PSPermGen       total 83968K, used 50721K [0x00000006c2600000, 0x00000006c7800000, 0x00000006c7800000)
  object space 83968K, 60% used [0x00000006c2600000,0x00000006c5788410,0x00000006c7800000)
}
Event: 509.737 GC heap before
{Heap before GC invocations=14 (full 1):
 PSYoungGen      total 330240K, used 283648K [0x0000000797d00000, 0x00000007af200000, 0x0000000800000000)
  eden space 283648K, 100% used [0x0000000797d00000,0x00000007a9200000,0x00000007a9200000)
  from space 46592K, 0% used [0x00000007ac480000,0x00000007ac480000,0x00000007af200000)
  to   space 49152K, 0% used [0x00000007a9200000,0x00000007a9200000,0x00000007ac200000)
 ParOldGen       total 976384K, used 886063K [0x00000006c7800000, 0x0000000703180000, 0x0000000797d00000)
  object space 976384K, 90% used [0x00000006c7800000,0x00000006fd94bea0,0x0000000703180000)
 PSPermGen       total 83968K, used 50723K [0x00000006c2600000, 0x00000006c7800000, 0x00000006c7800000)
  object space 83968K, 60% used [0x00000006c2600000,0x00000006c5788f50,0x00000006c7800000)
Event: 509.770 GC heap after
Heap after GC invocations=14 (full 1):
 PSYoungGen      total 332800K, used 49126K [0x0000000797d00000, 0x00000007ba300000, 0x0000000800000000)
  eden space 283648K, 0% used [0x0000000797d00000,0x0000000797d00000,0x00000007a9200000)
  from space 49152K, 99% used [0x00000007a9200000,0x00000007ac1f9a78,0x00000007ac200000)
  to   space 56320K, 0% used [0x00000007b6c00000,0x00000007b6c00000,0x00000007ba300000)
 ParOldGen       total 1117184K, used 1115835K [0x00000006c7800000, 0x000000070bb00000, 0x0000000797d00000)
  object space 1117184K, 99% used [0x00000006c7800000,0x000000070b9aefb0,0x000000070bb00000)
 PSPermGen       total 83968K, used 50723K [0x00000006c2600000, 0x00000006c7800000, 0x00000006c7800000)
  object space 83968K, 60% used [0x00000006c2600000,0x00000006c5788f50,0x00000006c7800000)
}
Event: 509.770 GC heap before
{Heap before GC invocations=15 (full 2):
 PSYoungGen      total 332800K, used 49126K [0x0000000797d00000, 0x00000007ba300000, 0x0000000800000000)
  eden space 283648K, 0% used [0x0000000797d00000,0x0000000797d00000,0x00000007a9200000)
  from space 49152K, 99% used [0x00000007a9200000,0x00000007ac1f9a78,0x00000007ac200000)
  to   space 56320K, 0% used [0x00000007b6c00000,0x00000007b6c00000,0x00000007ba300000)
 ParOldGen       total 1117184K, used 1115835K [0x00000006c7800000, 0x000000070bb00000, 0x0000000797d00000)
  object space 1117184K, 99% used [0x00000006c7800000,0x000000070b9aefb0,0x000000070bb00000)
 PSPermGen       total 83968K, used 50723K [0x00000006c2600000, 0x00000006c7800000, 0x00000006c7800000)
  object space 83968K, 60% used [0x00000006c2600000,0x00000006c5788f50,0x00000006c7800000)
Event: 509.924 GC heap after
Heap after GC invocations=15 (full 2):
 PSYoungGen      total 332800K, used 0K [0x0000000797d00000, 0x00000007ba300000, 0x0000000800000000)
  eden space 283648K, 0% used [0x0000000797d00000,0x0000000797d00000,0x00000007a9200000)
  from space 49152K, 0% used [0x00000007a9200000,0x00000007a9200000,0x00000007ac200000)
  to   space 56320K, 0% used [0x00000007b6c00000,0x00000007b6c00000,0x00000007ba300000)
 ParOldGen       total 813568K, used 576915K [0x00000006c7800000, 0x00000006f9280000, 0x0000000797d00000)
  object space 813568K, 70% used [0x00000006c7800000,0x00000006eab64e90,0x00000006f9280000)
 PSPermGen       total 83968K, used 50723K [0x00000006c2600000, 0x00000006c7800000, 0x00000006c7800000)
  object space 83968K, 60% used [0x00000006c2600000,0x00000006c5788f50,0x00000006c7800000)
}

