# JRE version: Java(TM) SE Runtime Environment (7.0_45-b18) (build 1.7.0_45-b18)
# Java VM: Java HotSpot(TM) 64-Bit Server VM (24.45-b08 mixed mode linux-amd64 compressed oops)
Heap
 PSYoungGen      total 83456K, used 58573K [0x0000000759500000, 0x000000075ea80000, 0x0000000800000000)
  eden space 78848K, 74% used [0x0000000759500000,0x000000075ce03618,0x000000075e200000)
  from space 4608K, 4% used [0x000000075e600000,0x000000075e630000,0x000000075ea80000)
  to   space 4096K, 0% used [0x000000075e200000,0x000000075e200000,0x000000075e600000)
 ParOldGen       total 175104K, used 78171K [0x000000060c000000, 0x0000000616b00000, 0x0000000759500000)
  object space 175104K, 44% used [0x000000060c000000,0x0000000610c56d48,0x0000000616b00000)
 PSPermGen       total 50176K, used 50035K [0x0000000606e00000, 0x0000000609f00000, 0x000000060c000000)
  object space 50176K, 99% used [0x0000000606e00000,0x0000000609edce58,0x0000000609f00000)
GC Heap History (10 events):
Event: 113.780 GC heap before
{Heap before GC invocations=64 (full 0):
 PSYoungGen      total 81408K, used 75520K [0x0000000759500000, 0x000000075ea80000, 0x0000000800000000)
  eden space 75264K, 100% used [0x0000000759500000,0x000000075de80000,0x000000075de80000)
  from space 6144K, 4% used [0x000000075de80000,0x000000075dec0000,0x000000075e480000)
  to   space 5632K, 0% used [0x000000075e500000,0x000000075e500000,0x000000075ea80000)
 ParOldGen       total 175104K, used 78131K [0x000000060c000000, 0x0000000616b00000, 0x0000000759500000)
  object space 175104K, 44% used [0x000000060c000000,0x0000000610c4cd48,0x0000000616b00000)
 PSPermGen       total 49664K, used 49494K [0x0000000606e00000, 0x0000000609e80000, 0x000000060c000000)
  object space 49664K, 99% used [0x0000000606e00000,0x0000000609e55938,0x0000000609e80000)
Event: 113.782 GC heap after
Heap after GC invocations=64 (full 0):
 PSYoungGen      total 81920K, used 192K [0x0000000759500000, 0x000000075ea80000, 0x0000000800000000)
  eden space 76288K, 0% used [0x0000000759500000,0x0000000759500000,0x000000075df80000)
  from space 5632K, 3% used [0x000000075e500000,0x000000075e530000,0x000000075ea80000)
  to   space 5632K, 0% used [0x000000075df80000,0x000000075df80000,0x000000075e500000)
 ParOldGen       total 175104K, used 78139K [0x000000060c000000, 0x0000000616b00000, 0x0000000759500000)
  object space 175104K, 44% used [0x000000060c000000,0x0000000610c4ed48,0x0000000616b00000)
 PSPermGen       total 49664K, used 49494K [0x0000000606e00000, 0x0000000609e80000, 0x000000060c000000)
  object space 49664K, 99% used [0x0000000606e00000,0x0000000609e55938,0x0000000609e80000)
}
Event: 115.603 GC heap before
{Heap before GC invocations=65 (full 0):
 PSYoungGen      total 81920K, used 76480K [0x0000000759500000, 0x000000075ea80000, 0x0000000800000000)
  eden space 76288K, 100% used [0x0000000759500000,0x000000075df80000,0x000000075df80000)
  from space 5632K, 3% used [0x000000075e500000,0x000000075e530000,0x000000075ea80000)
  to   space 5632K, 0% used [0x000000075df80000,0x000000075df80000,0x000000075e500000)
 ParOldGen       total 175104K, used 78139K [0x000000060c000000, 0x0000000616b00000, 0x0000000759500000)
  object space 175104K, 44% used [0x000000060c000000,0x0000000610c4ed48,0x0000000616b00000)
 PSPermGen       total 49664K, used 49494K [0x0000000606e00000, 0x0000000609e80000, 0x000000060c000000)
  object space 49664K, 99% used [0x0000000606e00000,0x0000000609e559e0,0x0000000609e80000)
Event: 115.604 GC heap after
Heap after GC invocations=65 (full 0):
 PSYoungGen      total 81920K, used 128K [0x0000000759500000, 0x000000075ea80000, 0x0000000800000000)
  eden space 76288K, 0% used [0x0000000759500000,0x0000000759500000,0x000000075df80000)
  from space 5632K, 2% used [0x000000075df80000,0x000000075dfa0000,0x000000075e500000)
  to   space 5120K, 0% used [0x000000075e580000,0x000000075e580000,0x000000075ea80000)
 ParOldGen       total 175104K, used 78139K [0x000000060c000000, 0x0000000616b00000, 0x0000000759500000)
  object space 175104K, 44% used [0x000000060c000000,0x0000000610c4ed48,0x0000000616b00000)
 PSPermGen       total 49664K, used 49494K [0x0000000606e00000, 0x0000000609e80000, 0x000000060c000000)
  object space 49664K, 99% used [0x0000000606e00000,0x0000000609e559e0,0x0000000609e80000)
}
Event: 117.423 GC heap before
{Heap before GC invocations=66 (full 0):
 PSYoungGen      total 81920K, used 76416K [0x0000000759500000, 0x000000075ea80000, 0x0000000800000000)
  eden space 76288K, 100% used [0x0000000759500000,0x000000075df80000,0x000000075df80000)
  from space 5632K, 2% used [0x000000075df80000,0x000000075dfa0000,0x000000075e500000)
  to   space 5120K, 0% used [0x000000075e580000,0x000000075e580000,0x000000075ea80000)
 ParOldGen       total 175104K, used 78139K [0x000000060c000000, 0x0000000616b00000, 0x0000000759500000)
  object space 175104K, 44% used [0x000000060c000000,0x0000000610c4ed48,0x0000000616b00000)
 PSPermGen       total 49664K, used 49494K [0x0000000606e00000, 0x0000000609e80000, 0x000000060c000000)
  object space 49664K, 99% used [0x0000000606e00000,0x0000000609e55a88,0x0000000609e80000)
Event: 117.425 GC heap after
Heap after GC invocations=66 (full 0):
 PSYoungGen      total 82944K, used 96K [0x0000000759500000, 0x000000075ea80000, 0x0000000800000000)
  eden space 77824K, 0% used [0x0000000759500000,0x0000000759500000,0x000000075e100000)
  from space 5120K, 1% used [0x000000075e580000,0x000000075e598000,0x000000075ea80000)
  to   space 4608K, 0% used [0x000000075e100000,0x000000075e100000,0x000000075e580000)
 ParOldGen       total 175104K, used 78139K [0x000000060c000000, 0x0000000616b00000, 0x0000000759500000)
  object space 175104K, 44% used [0x000000060c000000,0x0000000610c4ed48,0x0000000616b00000)
 PSPermGen       total 49664K, used 49494K [0x0000000606e00000, 0x0000000609e80000, 0x000000060c000000)
  object space 49664K, 99% used [0x0000000606e00000,0x0000000609e55a88,0x0000000609e80000)
}
Event: 119.237 GC heap before
{Heap before GC invocations=67 (full 0):
 PSYoungGen      total 82944K, used 77920K [0x0000000759500000, 0x000000075ea80000, 0x0000000800000000)
  eden space 77824K, 100% used [0x0000000759500000,0x000000075e100000,0x000000075e100000)
  from space 5120K, 1% used [0x000000075e580000,0x000000075e598000,0x000000075ea80000)
  to   space 4608K, 0% used [0x000000075e100000,0x000000075e100000,0x000000075e580000)
 ParOldGen       total 175104K, used 78139K [0x000000060c000000, 0x0000000616b00000, 0x0000000759500000)
  object space 175104K, 44% used [0x000000060c000000,0x0000000610c4ed48,0x0000000616b00000)
 PSPermGen       total 49664K, used 49496K [0x0000000606e00000, 0x0000000609e80000, 0x000000060c000000)
  object space 49664K, 99% used [0x0000000606e00000,0x0000000609e56260,0x0000000609e80000)
Event: 119.238 GC heap after
Heap after GC invocations=67 (full 0):
 PSYoungGen      total 82432K, used 192K [0x0000000759500000, 0x000000075ea80000, 0x0000000800000000)
  eden space 77824K, 0% used [0x0000000759500000,0x0000000759500000,0x000000075e100000)
  from space 4608K, 4% used [0x000000075e100000,0x000000075e130000,0x000000075e580000)
  to   space 4608K, 0% used [0x000000075e600000,0x000000075e600000,0x000000075ea80000)
 ParOldGen       total 175104K, used 78139K [0x000000060c000000, 0x0000000616b00000, 0x0000000759500000)
  object space 175104K, 44% used [0x000000060c000000,0x0000000610c4ed48,0x0000000616b00000)
 PSPermGen       total 49664K, used 49496K [0x0000000606e00000, 0x0000000609e80000, 0x000000060c000000)
  object space 49664K, 99% used [0x0000000606e00000,0x0000000609e56260,0x0000000609e80000)
}
Event: 122.599 GC heap before
{Heap before GC invocations=68 (full 0):
 PSYoungGen      total 82432K, used 78016K [0x0000000759500000, 0x000000075ea80000, 0x0000000800000000)
  eden space 77824K, 100% used [0x0000000759500000,0x000000075e100000,0x000000075e100000)
  from space 4608K, 4% used [0x000000075e100000,0x000000075e130000,0x000000075e580000)
  to   space 4608K, 0% used [0x000000075e600000,0x000000075e600000,0x000000075ea80000)
 ParOldGen       total 175104K, used 78139K [0x000000060c000000, 0x0000000616b00000, 0x0000000759500000)
  object space 175104K, 44% used [0x000000060c000000,0x0000000610c4ed48,0x0000000616b00000)
 PSPermGen       total 49664K, used 49496K [0x0000000606e00000, 0x0000000609e80000, 0x000000060c000000)
  object space 49664K, 99% used [0x0000000606e00000,0x0000000609e56260,0x0000000609e80000)
Event: 122.601 GC heap after
Heap after GC invocations=68 (full 0):
 PSYoungGen      total 83456K, used 192K [0x0000000759500000, 0x000000075ea80000, 0x0000000800000000)
  eden space 78848K, 0% used [0x0000000759500000,0x0000000759500000,0x000000075e200000)
  from space 4608K, 4% used [0x000000075e600000,0x000000075e630000,0x000000075ea80000)
  to   space 4096K, 0% used [0x000000075e200000,0x000000075e200000,0x000000075e600000)
 ParOldGen       total 175104K, used 78171K [0x000000060c000000, 0x0000000616b00000, 0x0000000759500000)
  object space 175104K, 44% used [0x000000060c000000,0x0000000610c56d48,0x0000000616b00000)
 PSPermGen       total 49664K, used 49496K [0x0000000606e00000, 0x0000000609e80000, 0x000000060c000000)
  object space 49664K, 99% used [0x0000000606e00000,0x0000000609e56260,0x0000000609e80000)
}

