# JRE version: Java(TM) SE Runtime Environment (7.0_45-b18) (build 1.7.0_45-b18)
# Java VM: Java HotSpot(TM) 64-Bit Server VM (24.45-b08 mixed mode linux-amd64 compressed oops)
Heap
 PSYoungGen      total 57344K, used 33569K [0x0000000797d00000, 0x000000079e600000, 0x0000000800000000)
  eden space 55296K, 57% used [0x0000000797d00000,0x0000000799c18750,0x000000079b300000)
  from space 2048K, 84% used [0x000000079b400000,0x000000079b5b0010,0x000000079b600000)
  to   space 26112K, 0% used [0x000000079cc80000,0x000000079cc80000,0x000000079e600000)
 ParOldGen       total 175104K, used 38587K [0x00000006c7800000, 0x00000006d2300000, 0x0000000797d00000)
  object space 175104K, 22% used [0x00000006c7800000,0x00000006c9daedd0,0x00000006d2300000)
 PSPermGen       total 54784K, used 54708K [0x00000006c2600000, 0x00000006c5b80000, 0x00000006c7800000)
  object space 54784K, 99% used [0x00000006c2600000,0x00000006c5b6d318,0x00000006c5b80000)
GC Heap History (10 events):
Event: 49.593 GC heap before
{Heap before GC invocations=9 (full 0):
 PSYoungGen      total 69632K, used 69545K [0x0000000797d00000, 0x000000079ed80000, 0x0000000800000000)
  eden space 60416K, 100% used [0x0000000797d00000,0x000000079b800000,0x000000079b800000)
  from space 9216K, 99% used [0x000000079e480000,0x000000079ed6a530,0x000000079ed80000)
  to   space 24576K, 0% used [0x000000079bd80000,0x000000079bd80000,0x000000079d580000)
 ParOldGen       total 175104K, used 30702K [0x00000006c7800000, 0x00000006d2300000, 0x0000000797d00000)
  object space 175104K, 17% used [0x00000006c7800000,0x00000006c95fb968,0x00000006d2300000)
 PSPermGen       total 52736K, used 52325K [0x00000006c2600000, 0x00000006c5980000, 0x00000006c7800000)
  object space 52736K, 99% used [0x00000006c2600000,0x00000006c5919500,0x00000006c5980000)
Event: 49.597 GC heap after
Heap after GC invocations=9 (full 0):
 PSYoungGen      total 61952K, used 2176K [0x0000000797d00000, 0x000000079e900000, 0x0000000800000000)
  eden space 59392K, 0% used [0x0000000797d00000,0x0000000797d00000,0x000000079b700000)
  from space 2560K, 85% used [0x000000079bd80000,0x000000079bfa0020,0x000000079c000000)
  to   space 25600K, 0% used [0x000000079d000000,0x000000079d000000,0x000000079e900000)
 ParOldGen       total 175104K, used 33274K [0x00000006c7800000, 0x00000006d2300000, 0x0000000797d00000)
  object space 175104K, 19% used [0x00000006c7800000,0x00000006c987e9f0,0x00000006d2300000)
 PSPermGen       total 52736K, used 52325K [0x00000006c2600000, 0x00000006c5980000, 0x00000006c7800000)
  object space 52736K, 99% used [0x00000006c2600000,0x00000006c5919500,0x00000006c5980000)
}
Event: 61.171 GC heap before
{Heap before GC invocations=10 (full 0):
 PSYoungGen      total 61952K, used 61568K [0x0000000797d00000, 0x000000079e900000, 0x0000000800000000)
  eden space 59392K, 100% used [0x0000000797d00000,0x000000079b700000,0x000000079b700000)
  from space 2560K, 85% used [0x000000079bd80000,0x000000079bfa0020,0x000000079c000000)
  to   space 25600K, 0% used [0x000000079d000000,0x000000079d000000,0x000000079e900000)
 ParOldGen       total 175104K, used 33274K [0x00000006c7800000, 0x00000006d2300000, 0x0000000797d00000)
  object space 175104K, 19% used [0x00000006c7800000,0x00000006c987e9f0,0x00000006d2300000)
 PSPermGen       total 52736K, used 52339K [0x00000006c2600000, 0x00000006c5980000, 0x00000006c7800000)
  object space 52736K, 99% used [0x00000006c2600000,0x00000006c591cca8,0x00000006c5980000)
Event: 61.174 GC heap after
Heap after GC invocations=10 (full 0):
 PSYoungGen      total 83968K, used 256K [0x0000000797d00000, 0x000000079ea00000, 0x0000000800000000)
  eden space 58368K, 0% used [0x0000000797d00000,0x0000000797d00000,0x000000079b600000)
  from space 25600K, 1% used [0x000000079d000000,0x000000079d040000,0x000000079e900000)
  to   space 26624K, 0% used [0x000000079b600000,0x000000079b600000,0x000000079d000000)
 ParOldGen       total 175104K, used 35346K [0x00000006c7800000, 0x00000006d2300000, 0x0000000797d00000)
  object space 175104K, 20% used [0x00000006c7800000,0x00000006c9a84a10,0x00000006d2300000)
 PSPermGen       total 52736K, used 52339K [0x00000006c2600000, 0x00000006c5980000, 0x00000006c7800000)
  object space 52736K, 99% used [0x00000006c2600000,0x00000006c591cca8,0x00000006c5980000)
}
Event: 63.563 GC heap before
{Heap before GC invocations=11 (full 0):
 PSYoungGen      total 83968K, used 58624K [0x0000000797d00000, 0x000000079ea00000, 0x0000000800000000)
  eden space 58368K, 100% used [0x0000000797d00000,0x000000079b600000,0x000000079b600000)
  from space 25600K, 1% used [0x000000079d000000,0x000000079d040000,0x000000079e900000)
  to   space 26624K, 0% used [0x000000079b600000,0x000000079b600000,0x000000079d000000)
 ParOldGen       total 175104K, used 35346K [0x00000006c7800000, 0x00000006d2300000, 0x0000000797d00000)
  object space 175104K, 20% used [0x00000006c7800000,0x00000006c9a84a10,0x00000006d2300000)
 PSPermGen       total 54272K, used 54227K [0x00000006c2600000, 0x00000006c5b00000, 0x00000006c7800000)
  object space 54272K, 99% used [0x00000006c2600000,0x00000006c5af4f78,0x00000006c5b00000)
Event: 63.567 GC heap after
Heap after GC invocations=11 (full 0):
 PSYoungGen      total 61440K, used 3829K [0x0000000797d00000, 0x000000079e800000, 0x0000000800000000)
  eden space 57344K, 0% used [0x0000000797d00000,0x0000000797d00000,0x000000079b500000)
  from space 4096K, 93% used [0x000000079b600000,0x000000079b9bd778,0x000000079ba00000)
  to   space 26112K, 0% used [0x000000079ce80000,0x000000079ce80000,0x000000079e800000)
 ParOldGen       total 175104K, used 35394K [0x00000006c7800000, 0x00000006d2300000, 0x0000000797d00000)
  object space 175104K, 20% used [0x00000006c7800000,0x00000006c9a90a10,0x00000006d2300000)
 PSPermGen       total 54272K, used 54227K [0x00000006c2600000, 0x00000006c5b00000, 0x00000006c7800000)
  object space 54272K, 99% used [0x00000006c2600000,0x00000006c5af4f78,0x00000006c5b00000)
}
Event: 103.355 GC heap before
{Heap before GC invocations=12 (full 0):
 PSYoungGen      total 61440K, used 61173K [0x0000000797d00000, 0x000000079e800000, 0x0000000800000000)
  eden space 57344K, 100% used [0x0000000797d00000,0x000000079b500000,0x000000079b500000)
  from space 4096K, 93% used [0x000000079b600000,0x000000079b9bd778,0x000000079ba00000)
  to   space 26112K, 0% used [0x000000079ce80000,0x000000079ce80000,0x000000079e800000)
 ParOldGen       total 175104K, used 35394K [0x00000006c7800000, 0x00000006d2300000, 0x0000000797d00000)
  object space 175104K, 20% used [0x00000006c7800000,0x00000006c9a90a10,0x00000006d2300000)
 PSPermGen       total 54784K, used 54418K [0x00000006c2600000, 0x00000006c5b80000, 0x00000006c7800000)
  object space 54784K, 99% used [0x00000006c2600000,0x00000006c5b24978,0x00000006c5b80000)
Event: 103.359 GC heap after
Heap after GC invocations=12 (full 0):
 PSYoungGen      total 81408K, used 2176K [0x0000000797d00000, 0x000000079e700000, 0x0000000800000000)
  eden space 56320K, 0% used [0x0000000797d00000,0x0000000797d00000,0x000000079b400000)
  from space 25088K, 8% used [0x000000079ce80000,0x000000079d0a0010,0x000000079e700000)
  to   space 26112K, 0% used [0x000000079b400000,0x000000079b400000,0x000000079cd80000)
 ParOldGen       total 175104K, used 37757K [0x00000006c7800000, 0x00000006d2300000, 0x0000000797d00000)
  object space 175104K, 21% used [0x00000006c7800000,0x00000006c9cdf610,0x00000006d2300000)
 PSPermGen       total 54784K, used 54418K [0x00000006c2600000, 0x00000006c5b80000, 0x00000006c7800000)
  object space 54784K, 99% used [0x00000006c2600000,0x00000006c5b24978,0x00000006c5b80000)
}
Event: 109.958 GC heap before
{Heap before GC invocations=13 (full 0):
 PSYoungGen      total 81408K, used 58496K [0x0000000797d00000, 0x000000079e700000, 0x0000000800000000)
  eden space 56320K, 100% used [0x0000000797d00000,0x000000079b400000,0x000000079b400000)
  from space 25088K, 8% used [0x000000079ce80000,0x000000079d0a0010,0x000000079e700000)
  to   space 26112K, 0% used [0x000000079b400000,0x000000079b400000,0x000000079cd80000)
 ParOldGen       total 175104K, used 37757K [0x00000006c7800000, 0x00000006d2300000, 0x0000000797d00000)
  object space 175104K, 21% used [0x00000006c7800000,0x00000006c9cdf610,0x00000006d2300000)
 PSPermGen       total 54784K, used 54473K [0x00000006c2600000, 0x00000006c5b80000, 0x00000006c7800000)
  object space 54784K, 99% used [0x00000006c2600000,0x00000006c5b32588,0x00000006c5b80000)
Event: 109.962 GC heap after
Heap after GC invocations=13 (full 0):
 PSYoungGen      total 57344K, used 1728K [0x0000000797d00000, 0x000000079e600000, 0x0000000800000000)
  eden space 55296K, 0% used [0x0000000797d00000,0x0000000797d00000,0x000000079b300000)
  from space 2048K, 84% used [0x000000079b400000,0x000000079b5b0010,0x000000079b600000)
  to   space 26112K, 0% used [0x000000079cc80000,0x000000079cc80000,0x000000079e600000)
 ParOldGen       total 175104K, used 38587K [0x00000006c7800000, 0x00000006d2300000, 0x0000000797d00000)
  object space 175104K, 22% used [0x00000006c7800000,0x00000006c9daedd0,0x00000006d2300000)
 PSPermGen       total 54784K, used 54473K [0x00000006c2600000, 0x00000006c5b80000, 0x00000006c7800000)
  object space 54784K, 99% used [0x00000006c2600000,0x00000006c5b32588,0x00000006c5b80000)
}

