# JRE version: Java(TM) SE Runtime Environment (7.0_45-b18) (build 1.7.0_45-b18)
# Java VM: Java HotSpot(TM) 64-Bit Server VM (24.45-b08 mixed mode linux-amd64 compressed oops)
Heap
 PSYoungGen      total 1156096K, used 368795K [0x0000000797d00000, 0x00000007edb80000, 0x0000000800000000)
  eden space 1066496K, 34% used [0x0000000797d00000,0x00000007ae496fa0,0x00000007d8e80000)
  from space 89600K, 0% used [0x00000007d8e80000,0x00000007d8f10000,0x00000007de600000)
  to   space 84992K, 0% used [0x00000007e8880000,0x00000007e8880000,0x00000007edb80000)
 ParOldGen       total 1245184K, used 1051903K [0x00000006c7800000, 0x0000000713800000, 0x0000000797d00000)
  object space 1245184K, 84% used [0x00000006c7800000,0x0000000707b3fe70,0x0000000713800000)
 PSPermGen       total 83968K, used 47071K [0x00000006c2600000, 0x00000006c7800000, 0x00000006c7800000)
  object space 83968K, 56% used [0x00000006c2600000,0x00000006c53f7fd8,0x00000006c7800000)
GC Heap History (10 events):
Event: 538.740 GC heap before
{Heap before GC invocations=17 (full 2):
 PSYoungGen      total 788480K, used 697683K [0x0000000797d00000, 0x00000007cf500000, 0x0000000800000000)
  eden space 697344K, 100% used [0x0000000797d00000,0x00000007c2600000,0x00000007c2600000)
  from space 91136K, 0% used [0x00000007c9c00000,0x00000007c9c54d48,0x00000007cf500000)
  to   space 105984K, 0% used [0x00000007c2600000,0x00000007c2600000,0x00000007c8d80000)
 ParOldGen       total 1245184K, used 1051492K [0x00000006c7800000, 0x0000000713800000, 0x0000000797d00000)
  object space 1245184K, 84% used [0x00000006c7800000,0x0000000707ad9128,0x0000000713800000)
 PSPermGen       total 83968K, used 44970K [0x00000006c2600000, 0x00000006c7800000, 0x00000006c7800000)
  object space 83968K, 53% used [0x00000006c2600000,0x00000006c51ea930,0x00000006c7800000)
Event: 538.744 GC heap after
Heap after GC invocations=17 (full 2):
 PSYoungGen      total 803328K, used 320K [0x0000000797d00000, 0x00000007dc800000, 0x0000000800000000)
  eden space 697344K, 0% used [0x0000000797d00000,0x0000000797d00000,0x00000007c2600000)
  from space 105984K, 0% used [0x00000007c2600000,0x00000007c2650000,0x00000007c8d80000)
  to   space 102400K, 0% used [0x00000007d6400000,0x00000007d6400000,0x00000007dc800000)
 ParOldGen       total 1245184K, used 1051631K [0x00000006c7800000, 0x0000000713800000, 0x0000000797d00000)
  object space 1245184K, 84% used [0x00000006c7800000,0x0000000707afbe70,0x0000000713800000)
 PSPermGen       total 83968K, used 44970K [0x00000006c2600000, 0x00000006c7800000, 0x00000006c7800000)
  object space 83968K, 53% used [0x00000006c2600000,0x00000006c51ea930,0x00000006c7800000)
}
Event: 539.800 GC heap before
{Heap before GC invocations=18 (full 2):
 PSYoungGen      total 803328K, used 697664K [0x0000000797d00000, 0x00000007dc800000, 0x0000000800000000)
  eden space 697344K, 100% used [0x0000000797d00000,0x00000007c2600000,0x00000007c2600000)
  from space 105984K, 0% used [0x00000007c2600000,0x00000007c2650000,0x00000007c8d80000)
  to   space 102400K, 0% used [0x00000007d6400000,0x00000007d6400000,0x00000007dc800000)
 ParOldGen       total 1245184K, used 1051631K [0x00000006c7800000, 0x0000000713800000, 0x0000000797d00000)
  object space 1245184K, 84% used [0x00000006c7800000,0x0000000707afbe70,0x0000000713800000)
 PSPermGen       total 83968K, used 44970K [0x00000006c2600000, 0x00000006c7800000, 0x00000006c7800000)
  object space 83968K, 53% used [0x00000006c2600000,0x00000006c51ea930,0x00000006c7800000)
Event: 539.805 GC heap after
Heap after GC invocations=18 (full 2):
 PSYoungGen      total 989184K, used 320K [0x0000000797d00000, 0x00000007db380000, 0x0000000800000000)
  eden space 907776K, 0% used [0x0000000797d00000,0x0000000797d00000,0x00000007cf380000)
  from space 81408K, 0% used [0x00000007d6400000,0x00000007d6450000,0x00000007db380000)
  to   space 98304K, 0% used [0x00000007cf380000,0x00000007cf380000,0x00000007d5380000)
 ParOldGen       total 1245184K, used 1051767K [0x00000006c7800000, 0x0000000713800000, 0x0000000797d00000)
  object space 1245184K, 84% used [0x00000006c7800000,0x0000000707b1de70,0x0000000713800000)
 PSPermGen       total 83968K, used 44970K [0x00000006c2600000, 0x00000006c7800000, 0x00000006c7800000)
  object space 83968K, 53% used [0x00000006c2600000,0x00000006c51ea930,0x00000006c7800000)
}
Event: 541.221 GC heap before
{Heap before GC invocations=19 (full 2):
 PSYoungGen      total 989184K, used 908096K [0x0000000797d00000, 0x00000007db380000, 0x0000000800000000)
  eden space 907776K, 100% used [0x0000000797d00000,0x00000007cf380000,0x00000007cf380000)
  from space 81408K, 0% used [0x00000007d6400000,0x00000007d6450000,0x00000007db380000)
  to   space 98304K, 0% used [0x00000007cf380000,0x00000007cf380000,0x00000007d5380000)
 ParOldGen       total 1245184K, used 1051767K [0x00000006c7800000, 0x0000000713800000, 0x0000000797d00000)
  object space 1245184K, 84% used [0x00000006c7800000,0x0000000707b1de70,0x0000000713800000)
 PSPermGen       total 83968K, used 44970K [0x00000006c2600000, 0x00000006c7800000, 0x00000006c7800000)
  object space 83968K, 53% used [0x00000006c2600000,0x00000006c51eab40,0x00000006c7800000)
Event: 541.225 GC heap after
Heap after GC invocations=19 (full 2):
 PSYoungGen      total 1006080K, used 320K [0x0000000797d00000, 0x00000007e5000000, 0x0000000800000000)
  eden space 907776K, 0% used [0x0000000797d00000,0x0000000797d00000,0x00000007cf380000)
  from space 98304K, 0% used [0x00000007cf380000,0x00000007cf3d0000,0x00000007d5380000)
  to   space 94208K, 0% used [0x00000007df400000,0x00000007df400000,0x00000007e5000000)
 ParOldGen       total 1245184K, used 1051903K [0x00000006c7800000, 0x0000000713800000, 0x0000000797d00000)
  object space 1245184K, 84% used [0x00000006c7800000,0x0000000707b3fe70,0x0000000713800000)
 PSPermGen       total 83968K, used 44970K [0x00000006c2600000, 0x00000006c7800000, 0x00000006c7800000)
  object space 83968K, 53% used [0x00000006c2600000,0x00000006c51eab40,0x00000006c7800000)
}
Event: 542.596 GC heap before
{Heap before GC invocations=20 (full 2):
 PSYoungGen      total 1006080K, used 908096K [0x0000000797d00000, 0x00000007e5000000, 0x0000000800000000)
  eden space 907776K, 100% used [0x0000000797d00000,0x00000007cf380000,0x00000007cf380000)
  from space 98304K, 0% used [0x00000007cf380000,0x00000007cf3d0000,0x00000007d5380000)
  to   space 94208K, 0% used [0x00000007df400000,0x00000007df400000,0x00000007e5000000)
 ParOldGen       total 1245184K, used 1051903K [0x00000006c7800000, 0x0000000713800000, 0x0000000797d00000)
  object space 1245184K, 84% used [0x00000006c7800000,0x0000000707b3fe70,0x0000000713800000)
 PSPermGen       total 83968K, used 44971K [0x00000006c2600000, 0x00000006c7800000, 0x00000006c7800000)
  object space 83968K, 53% used [0x00000006c2600000,0x00000006c51eac80,0x00000006c7800000)
Event: 542.601 GC heap after
Heap after GC invocations=20 (full 2):
 PSYoungGen      total 1141760K, used 384K [0x0000000797d00000, 0x00000007e3d80000, 0x0000000800000000)
  eden space 1066496K, 0% used [0x0000000797d00000,0x0000000797d00000,0x00000007d8e80000)
  from space 75264K, 0% used [0x00000007df400000,0x00000007df460000,0x00000007e3d80000)
  to   space 89600K, 0% used [0x00000007d8e80000,0x00000007d8e80000,0x00000007de600000)
 ParOldGen       total 1245184K, used 1051903K [0x00000006c7800000, 0x0000000713800000, 0x0000000797d00000)
  object space 1245184K, 84% used [0x00000006c7800000,0x0000000707b3fe70,0x0000000713800000)
 PSPermGen       total 83968K, used 44971K [0x00000006c2600000, 0x00000006c7800000, 0x00000006c7800000)
  object space 83968K, 53% used [0x00000006c2600000,0x00000006c51eac80,0x00000006c7800000)
}
Event: 544.251 GC heap before
{Heap before GC invocations=21 (full 2):
 PSYoungGen      total 1141760K, used 1066880K [0x0000000797d00000, 0x00000007e3d80000, 0x0000000800000000)
  eden space 1066496K, 100% used [0x0000000797d00000,0x00000007d8e80000,0x00000007d8e80000)
  from space 75264K, 0% used [0x00000007df400000,0x00000007df460000,0x00000007e3d80000)
  to   space 89600K, 0% used [0x00000007d8e80000,0x00000007d8e80000,0x00000007de600000)
 ParOldGen       total 1245184K, used 1051903K [0x00000006c7800000, 0x0000000713800000, 0x0000000797d00000)
  object space 1245184K, 84% used [0x00000006c7800000,0x0000000707b3fe70,0x0000000713800000)
 PSPermGen       total 83968K, used 44971K [0x00000006c2600000, 0x00000006c7800000, 0x00000006c7800000)
  object space 83968K, 53% used [0x00000006c2600000,0x00000006c51eac80,0x00000006c7800000)
Event: 544.255 GC heap after
Heap after GC invocations=21 (full 2):
 PSYoungGen      total 1156096K, used 576K [0x0000000797d00000, 0x00000007edb80000, 0x0000000800000000)
  eden space 1066496K, 0% used [0x0000000797d00000,0x0000000797d00000,0x00000007d8e80000)
  from space 89600K, 0% used [0x00000007d8e80000,0x00000007d8f10000,0x00000007de600000)
  to   space 84992K, 0% used [0x00000007e8880000,0x00000007e8880000,0x00000007edb80000)
 ParOldGen       total 1245184K, used 1051903K [0x00000006c7800000, 0x0000000713800000, 0x0000000797d00000)
  object space 1245184K, 84% used [0x00000006c7800000,0x0000000707b3fe70,0x0000000713800000)
 PSPermGen       total 83968K, used 44971K [0x00000006c2600000, 0x00000006c7800000, 0x00000006c7800000)
  object space 83968K, 53% used [0x00000006c2600000,0x00000006c51eac80,0x00000006c7800000)
}

