# JRE version: Java(TM) SE Runtime Environment (7.0_45-b18) (build 1.7.0_45-b18)
# Java VM: Java HotSpot(TM) 64-Bit Server VM (24.45-b08 mixed mode linux-amd64 compressed oops)
Heap
 PSYoungGen      total 557568K, used 273176K [0x0000000797d00000, 0x00000007bad00000, 0x0000000800000000)
  eden space 543744K, 50% used [0x0000000797d00000,0x00000007a874e210,0x00000007b9000000)
  from space 13824K, 3% used [0x00000007b9f80000,0x00000007b9ff8000,0x00000007bad00000)
  to   space 14848K, 0% used [0x00000007b9000000,0x00000007b9000000,0x00000007b9e80000)
 ParOldGen       total 1238528K, used 889521K [0x00000006c7800000, 0x0000000713180000, 0x0000000797d00000)
  object space 1238528K, 71% used [0x00000006c7800000,0x00000006fdcac678,0x0000000713180000)
 PSPermGen       total 83968K, used 59092K [0x00000006c2600000, 0x00000006c7800000, 0x00000006c7800000)
  object space 83968K, 70% used [0x00000006c2600000,0x00000006c5fb5180,0x00000006c7800000)
GC Heap History (10 events):
Event: 3462.314 GC heap before
{Heap before GC invocations=258 (full 6):
 PSYoungGen      total 561664K, used 541088K [0x0000000797d00000, 0x00000007bb500000, 0x0000000800000000)
  eden space 540672K, 100% used [0x0000000797d00000,0x00000007b8d00000,0x00000007b8d00000)
  from space 20992K, 1% used [0x00000007b8d00000,0x00000007b8d68000,0x00000007ba180000)
  to   space 19968K, 0% used [0x00000007ba180000,0x00000007ba180000,0x00000007bb500000)
 ParOldGen       total 1238528K, used 889521K [0x00000006c7800000, 0x0000000713180000, 0x0000000797d00000)
  object space 1238528K, 71% used [0x00000006c7800000,0x00000006fdcac678,0x0000000713180000)
 PSPermGen       total 83968K, used 59049K [0x00000006c2600000, 0x00000006c7800000, 0x00000006c7800000)
  object space 83968K, 70% used [0x00000006c2600000,0x00000006c5faa6f0,0x00000006c7800000)
Event: 3462.319 GC heap after
Heap after GC invocations=258 (full 6):
 PSYoungGen      total 559616K, used 416K [0x0000000797d00000, 0x00000007bb300000, 0x0000000800000000)
  eden space 541696K, 0% used [0x0000000797d00000,0x0000000797d00000,0x00000007b8e00000)
  from space 17920K, 2% used [0x00000007ba180000,0x00000007ba1e8000,0x00000007bb300000)
  to   space 18944K, 0% used [0x00000007b8e00000,0x00000007b8e00000,0x00000007ba080000)
 ParOldGen       total 1238528K, used 889521K [0x00000006c7800000, 0x0000000713180000, 0x0000000797d00000)
  object space 1238528K, 71% used [0x00000006c7800000,0x00000006fdcac678,0x0000000713180000)
 PSPermGen       total 83968K, used 59049K [0x00000006c2600000, 0x00000006c7800000, 0x00000006c7800000)
  object space 83968K, 70% used [0x00000006c2600000,0x00000006c5faa6f0,0x00000006c7800000)
}
Event: 3479.258 GC heap before
{Heap before GC invocations=259 (full 6):
 PSYoungGen      total 559616K, used 542112K [0x0000000797d00000, 0x00000007bb300000, 0x0000000800000000)
  eden space 541696K, 100% used [0x0000000797d00000,0x00000007b8e00000,0x00000007b8e00000)
  from space 17920K, 2% used [0x00000007ba180000,0x00000007ba1e8000,0x00000007bb300000)
  to   space 18944K, 0% used [0x00000007b8e00000,0x00000007b8e00000,0x00000007ba080000)
 ParOldGen       total 1238528K, used 889521K [0x00000006c7800000, 0x0000000713180000, 0x0000000797d00000)
  object space 1238528K, 71% used [0x00000006c7800000,0x00000006fdcac678,0x0000000713180000)
 PSPermGen       total 83968K, used 59049K [0x00000006c2600000, 0x00000006c7800000, 0x00000006c7800000)
  object space 83968K, 70% used [0x00000006c2600000,0x00000006c5faa6f0,0x00000006c7800000)
Event: 3479.264 GC heap after
Heap after GC invocations=259 (full 6):
 PSYoungGen      total 560640K, used 448K [0x0000000797d00000, 0x00000007bb200000, 0x0000000800000000)
  eden space 541696K, 0% used [0x0000000797d00000,0x0000000797d00000,0x00000007b8e00000)
  from space 18944K, 2% used [0x00000007b8e00000,0x00000007b8e70000,0x00000007ba080000)
  to   space 17920K, 0% used [0x00000007ba080000,0x00000007ba080000,0x00000007bb200000)
 ParOldGen       total 1238528K, used 889521K [0x00000006c7800000, 0x0000000713180000, 0x0000000797d00000)
  object space 1238528K, 71% used [0x00000006c7800000,0x00000006fdcac678,0x0000000713180000)
 PSPermGen       total 83968K, used 59049K [0x00000006c2600000, 0x00000006c7800000, 0x00000006c7800000)
  object space 83968K, 70% used [0x00000006c2600000,0x00000006c5faa6f0,0x00000006c7800000)
}
Event: 3496.181 GC heap before
{Heap before GC invocations=260 (full 6):
 PSYoungGen      total 560640K, used 542144K [0x0000000797d00000, 0x00000007bb200000, 0x0000000800000000)
  eden space 541696K, 100% used [0x0000000797d00000,0x00000007b8e00000,0x00000007b8e00000)
  from space 18944K, 2% used [0x00000007b8e00000,0x00000007b8e70000,0x00000007ba080000)
  to   space 17920K, 0% used [0x00000007ba080000,0x00000007ba080000,0x00000007bb200000)
 ParOldGen       total 1238528K, used 889521K [0x00000006c7800000, 0x0000000713180000, 0x0000000797d00000)
  object space 1238528K, 71% used [0x00000006c7800000,0x00000006fdcac678,0x0000000713180000)
 PSPermGen       total 83968K, used 59049K [0x00000006c2600000, 0x00000006c7800000, 0x00000006c7800000)
  object space 83968K, 70% used [0x00000006c2600000,0x00000006c5faa6f0,0x00000006c7800000)
Event: 3496.186 GC heap after
Heap after GC invocations=260 (full 6):
 PSYoungGen      total 558592K, used 448K [0x0000000797d00000, 0x00000007bb000000, 0x0000000800000000)
  eden space 542720K, 0% used [0x0000000797d00000,0x0000000797d00000,0x00000007b8f00000)
  from space 15872K, 2% used [0x00000007ba080000,0x00000007ba0f0000,0x00000007bb000000)
  to   space 16896K, 0% used [0x00000007b8f00000,0x00000007b8f00000,0x00000007b9f80000)
 ParOldGen       total 1238528K, used 889521K [0x00000006c7800000, 0x0000000713180000, 0x0000000797d00000)
  object space 1238528K, 71% used [0x00000006c7800000,0x00000006fdcac678,0x0000000713180000)
 PSPermGen       total 83968K, used 59049K [0x00000006c2600000, 0x00000006c7800000, 0x00000006c7800000)
  object space 83968K, 70% used [0x00000006c2600000,0x00000006c5faa6f0,0x00000006c7800000)
}
Event: 3513.425 GC heap before
{Heap before GC invocations=261 (full 6):
 PSYoungGen      total 558592K, used 543168K [0x0000000797d00000, 0x00000007bb000000, 0x0000000800000000)
  eden space 542720K, 100% used [0x0000000797d00000,0x00000007b8f00000,0x00000007b8f00000)
  from space 15872K, 2% used [0x00000007ba080000,0x00000007ba0f0000,0x00000007bb000000)
  to   space 16896K, 0% used [0x00000007b8f00000,0x00000007b8f00000,0x00000007b9f80000)
 ParOldGen       total 1238528K, used 889521K [0x00000006c7800000, 0x0000000713180000, 0x0000000797d00000)
  object space 1238528K, 71% used [0x00000006c7800000,0x00000006fdcac678,0x0000000713180000)
 PSPermGen       total 83968K, used 59049K [0x00000006c2600000, 0x00000006c7800000, 0x00000006c7800000)
  object space 83968K, 70% used [0x00000006c2600000,0x00000006c5faa6f0,0x00000006c7800000)
Event: 3513.431 GC heap after
Heap after GC invocations=261 (full 6):
 PSYoungGen      total 559616K, used 448K [0x0000000797d00000, 0x00000007baf00000, 0x0000000800000000)
  eden space 542720K, 0% used [0x0000000797d00000,0x0000000797d00000,0x00000007b8f00000)
  from space 16896K, 2% used [0x00000007b8f00000,0x00000007b8f70000,0x00000007b9f80000)
  to   space 15872K, 0% used [0x00000007b9f80000,0x00000007b9f80000,0x00000007baf00000)
 ParOldGen       total 1238528K, used 889521K [0x00000006c7800000, 0x0000000713180000, 0x0000000797d00000)
  object space 1238528K, 71% used [0x00000006c7800000,0x00000006fdcac678,0x0000000713180000)
 PSPermGen       total 83968K, used 59049K [0x00000006c2600000, 0x00000006c7800000, 0x00000006c7800000)
  object space 83968K, 70% used [0x00000006c2600000,0x00000006c5faa6f0,0x00000006c7800000)
}
Event: 3530.468 GC heap before
{Heap before GC invocations=262 (full 6):
 PSYoungGen      total 559616K, used 543168K [0x0000000797d00000, 0x00000007baf00000, 0x0000000800000000)
  eden space 542720K, 100% used [0x0000000797d00000,0x00000007b8f00000,0x00000007b8f00000)
  from space 16896K, 2% used [0x00000007b8f00000,0x00000007b8f70000,0x00000007b9f80000)
  to   space 15872K, 0% used [0x00000007b9f80000,0x00000007b9f80000,0x00000007baf00000)
 ParOldGen       total 1238528K, used 889521K [0x00000006c7800000, 0x0000000713180000, 0x0000000797d00000)
  object space 1238528K, 71% used [0x00000006c7800000,0x00000006fdcac678,0x0000000713180000)
 PSPermGen       total 83968K, used 59049K [0x00000006c2600000, 0x00000006c7800000, 0x00000006c7800000)
  object space 83968K, 70% used [0x00000006c2600000,0x00000006c5faa710,0x00000006c7800000)
Event: 3530.473 GC heap after
Heap after GC invocations=262 (full 6):
 PSYoungGen      total 557568K, used 480K [0x0000000797d00000, 0x00000007bad00000, 0x0000000800000000)
  eden space 543744K, 0% used [0x0000000797d00000,0x0000000797d00000,0x00000007b9000000)
  from space 13824K, 3% used [0x00000007b9f80000,0x00000007b9ff8000,0x00000007bad00000)
  to   space 14848K, 0% used [0x00000007b9000000,0x00000007b9000000,0x00000007b9e80000)
 ParOldGen       total 1238528K, used 889521K [0x00000006c7800000, 0x0000000713180000, 0x0000000797d00000)
  object space 1238528K, 71% used [0x00000006c7800000,0x00000006fdcac678,0x0000000713180000)
 PSPermGen       total 83968K, used 59049K [0x00000006c2600000, 0x00000006c7800000, 0x00000006c7800000)
  object space 83968K, 70% used [0x00000006c2600000,0x00000006c5faa710,0x00000006c7800000)
}

