# JRE version: Java(TM) SE Runtime Environment (7.0_45-b18) (build 1.7.0_45-b18)
# Java VM: Java HotSpot(TM) 64-Bit Server VM (24.45-b08 mixed mode linux-amd64 compressed oops)
Heap
 PSYoungGen      total 82944K, used 67908K [0x00000000eb280000, 0x00000000f1d80000, 0x0000000100000000)
  eden space 59392K, 86% used [0x00000000eb280000,0x00000000ee49e868,0x00000000eec80000)
  from space 23552K, 70% used [0x00000000f0680000,0x00000000f16b2878,0x00000000f1d80000)
  to   space 25088K, 0% used [0x00000000eec80000,0x00000000eec80000,0x00000000f0500000)
 ParOldGen       total 175104K, used 36976K [0x00000000c1800000, 0x00000000cc300000, 0x00000000eb280000)
  object space 175104K, 21% used [0x00000000c1800000,0x00000000c3c1c310,0x00000000cc300000)
 PSPermGen       total 53248K, used 52801K [0x00000000bc600000, 0x00000000bfa00000, 0x00000000c1800000)
  object space 53248K, 99% used [0x00000000bc600000,0x00000000bf990470,0x00000000bfa00000)
GC Heap History (10 events):
Event: 4.512 GC heap before
{Heap before GC invocations=4 (full 0):
 PSYoungGen      total 76800K, used 76777K [0x00000000eb280000, 0x00000000f0800000, 0x0000000100000000)
  eden space 66048K, 100% used [0x00000000eb280000,0x00000000ef300000,0x00000000ef300000)
  from space 10752K, 99% used [0x00000000ef300000,0x00000000efd7a5c0,0x00000000efd80000)
  to   space 10752K, 0% used [0x00000000efd80000,0x00000000efd80000,0x00000000f0800000)
 ParOldGen       total 175104K, used 8107K [0x00000000c1800000, 0x00000000cc300000, 0x00000000eb280000)
  object space 175104K, 4% used [0x00000000c1800000,0x00000000c1fead00,0x00000000cc300000)
 PSPermGen       total 44032K, used 43684K [0x00000000bc600000, 0x00000000bf100000, 0x00000000c1800000)
  object space 44032K, 99% used [0x00000000bc600000,0x00000000bf0a90a0,0x00000000bf100000)
Event: 4.524 GC heap after
Heap after GC invocations=4 (full 0):
 PSYoungGen      total 76800K, used 10734K [0x00000000eb280000, 0x00000000f0800000, 0x0000000100000000)
  eden space 66048K, 0% used [0x00000000eb280000,0x00000000eb280000,0x00000000ef300000)
  from space 10752K, 99% used [0x00000000efd80000,0x00000000f07fbb70,0x00000000f0800000)
  to   space 10752K, 0% used [0x00000000ef300000,0x00000000ef300000,0x00000000efd80000)
 ParOldGen       total 175104K, used 15920K [0x00000000c1800000, 0x00000000cc300000, 0x00000000eb280000)
  object space 175104K, 9% used [0x00000000c1800000,0x00000000c278c2e8,0x00000000cc300000)
 PSPermGen       total 44032K, used 43684K [0x00000000bc600000, 0x00000000bf100000, 0x00000000c1800000)
  object space 44032K, 99% used [0x00000000bc600000,0x00000000bf0a90a0,0x00000000bf100000)
}
Event: 9.837 GC heap before
{Heap before GC invocations=5 (full 0):
 PSYoungGen      total 76800K, used 70689K [0x00000000eb280000, 0x00000000f0800000, 0x0000000100000000)
  eden space 66048K, 90% used [0x00000000eb280000,0x00000000eed0ca60,0x00000000ef300000)
  from space 10752K, 99% used [0x00000000efd80000,0x00000000f07fbb70,0x00000000f0800000)
  to   space 10752K, 0% used [0x00000000ef300000,0x00000000ef300000,0x00000000efd80000)
 ParOldGen       total 175104K, used 15920K [0x00000000c1800000, 0x00000000cc300000, 0x00000000eb280000)
  object space 175104K, 9% used [0x00000000c1800000,0x00000000c278c2e8,0x00000000cc300000)
 PSPermGen       total 47616K, used 47499K [0x00000000bc600000, 0x00000000bf480000, 0x00000000c1800000)
  object space 47616K, 99% used [0x00000000bc600000,0x00000000bf462ef8,0x00000000bf480000)
Event: 9.847 GC heap after
Heap after GC invocations=5 (full 0):
 PSYoungGen      total 75264K, used 10750K [0x00000000eb280000, 0x00000000f2080000, 0x0000000100000000)
  eden space 64512K, 0% used [0x00000000eb280000,0x00000000eb280000,0x00000000ef180000)
  from space 10752K, 99% used [0x00000000ef300000,0x00000000efd7fa98,0x00000000efd80000)
  to   space 24064K, 0% used [0x00000000f0900000,0x00000000f0900000,0x00000000f2080000)
 ParOldGen       total 175104K, used 20968K [0x00000000c1800000, 0x00000000cc300000, 0x00000000eb280000)
  object space 175104K, 11% used [0x00000000c1800000,0x00000000c2c7a218,0x00000000cc300000)
 PSPermGen       total 47616K, used 47499K [0x00000000bc600000, 0x00000000bf480000, 0x00000000c1800000)
  object space 47616K, 99% used [0x00000000bc600000,0x00000000bf462ef8,0x00000000bf480000)
}
Event: 13.643 GC heap before
{Heap before GC invocations=6 (full 0):
 PSYoungGen      total 75264K, used 75262K [0x00000000eb280000, 0x00000000f2080000, 0x0000000100000000)
  eden space 64512K, 100% used [0x00000000eb280000,0x00000000ef180000,0x00000000ef180000)
  from space 10752K, 99% used [0x00000000ef300000,0x00000000efd7fa98,0x00000000efd80000)
  to   space 24064K, 0% used [0x00000000f0900000,0x00000000f0900000,0x00000000f2080000)
 ParOldGen       total 175104K, used 20968K [0x00000000c1800000, 0x00000000cc300000, 0x00000000eb280000)
  object space 175104K, 11% used [0x00000000c1800000,0x00000000c2c7a218,0x00000000cc300000)
 PSPermGen       total 50176K, used 49799K [0x00000000bc600000, 0x00000000bf700000, 0x00000000c1800000)
  object space 50176K, 99% used [0x00000000bc600000,0x00000000bf6a1e00,0x00000000bf700000)
Event: 13.653 GC heap after
Heap after GC invocations=6 (full 0):
 PSYoungGen      total 85504K, used 21956K [0x00000000eb280000, 0x00000000f2500000, 0x0000000100000000)
  eden space 61440K, 0% used [0x00000000eb280000,0x00000000eb280000,0x00000000eee80000)
  from space 24064K, 91% used [0x00000000f0900000,0x00000000f1e71168,0x00000000f2080000)
  to   space 27136K, 0% used [0x00000000eee80000,0x00000000eee80000,0x00000000f0900000)
 ParOldGen       total 175104K, used 28523K [0x00000000c1800000, 0x00000000cc300000, 0x00000000eb280000)
  object space 175104K, 16% used [0x00000000c1800000,0x00000000c33dacd8,0x00000000cc300000)
 PSPermGen       total 50176K, used 49799K [0x00000000bc600000, 0x00000000bf700000, 0x00000000c1800000)
  object space 50176K, 99% used [0x00000000bc600000,0x00000000bf6a1e00,0x00000000bf700000)
}
Event: 19.908 GC heap before
{Heap before GC invocations=7 (full 0):
 PSYoungGen      total 85504K, used 83396K [0x00000000eb280000, 0x00000000f2500000, 0x0000000100000000)
  eden space 61440K, 100% used [0x00000000eb280000,0x00000000eee80000,0x00000000eee80000)
  from space 24064K, 91% used [0x00000000f0900000,0x00000000f1e71168,0x00000000f2080000)
  to   space 27136K, 0% used [0x00000000eee80000,0x00000000eee80000,0x00000000f0900000)
 ParOldGen       total 175104K, used 28523K [0x00000000c1800000, 0x00000000cc300000, 0x00000000eb280000)
  object space 175104K, 16% used [0x00000000c1800000,0x00000000c33dacd8,0x00000000cc300000)
 PSPermGen       total 51712K, used 51356K [0x00000000bc600000, 0x00000000bf880000, 0x00000000c1800000)
  object space 51712K, 99% used [0x00000000bc600000,0x00000000bf827198,0x00000000bf880000)
Event: 19.919 GC heap after
Heap after GC invocations=7 (full 0):
 PSYoungGen      total 74240K, used 13734K [0x00000000eb280000, 0x00000000f1f80000, 0x0000000100000000)
  eden space 60416K, 0% used [0x00000000eb280000,0x00000000eb280000,0x00000000eed80000)
  from space 13824K, 99% used [0x00000000eee80000,0x00000000efbe9be8,0x00000000efc00000)
  to   space 25600K, 0% used [0x00000000f0680000,0x00000000f0680000,0x00000000f1f80000)
 ParOldGen       total 175104K, used 32059K [0x00000000c1800000, 0x00000000cc300000, 0x00000000eb280000)
  object space 175104K, 18% used [0x00000000c1800000,0x00000000c374ec00,0x00000000cc300000)
 PSPermGen       total 51712K, used 51356K [0x00000000bc600000, 0x00000000bf880000, 0x00000000c1800000)
  object space 51712K, 99% used [0x00000000bc600000,0x00000000bf827198,0x00000000bf880000)
}
Event: 24.360 GC heap before
{Heap before GC invocations=8 (full 0):
 PSYoungGen      total 74240K, used 74150K [0x00000000eb280000, 0x00000000f1f80000, 0x0000000100000000)
  eden space 60416K, 100% used [0x00000000eb280000,0x00000000eed80000,0x00000000eed80000)
  from space 13824K, 99% used [0x00000000eee80000,0x00000000efbe9be8,0x00000000efc00000)
  to   space 25600K, 0% used [0x00000000f0680000,0x00000000f0680000,0x00000000f1f80000)
 ParOldGen       total 175104K, used 32059K [0x00000000c1800000, 0x00000000cc300000, 0x00000000eb280000)
  object space 175104K, 18% used [0x00000000c1800000,0x00000000c374ec00,0x00000000cc300000)
 PSPermGen       total 52736K, used 52513K [0x00000000bc600000, 0x00000000bf980000, 0x00000000c1800000)
  object space 52736K, 99% used [0x00000000bc600000,0x00000000bf9487c0,0x00000000bf980000)
Event: 24.368 GC heap after
Heap after GC invocations=8 (full 0):
 PSYoungGen      total 82944K, used 16586K [0x00000000eb280000, 0x00000000f1d80000, 0x0000000100000000)
  eden space 59392K, 0% used [0x00000000eb280000,0x00000000eb280000,0x00000000eec80000)
  from space 23552K, 70% used [0x00000000f0680000,0x00000000f16b2878,0x00000000f1d80000)
  to   space 25088K, 0% used [0x00000000eec80000,0x00000000eec80000,0x00000000f0500000)
 ParOldGen       total 175104K, used 36976K [0x00000000c1800000, 0x00000000cc300000, 0x00000000eb280000)
  object space 175104K, 21% used [0x00000000c1800000,0x00000000c3c1c310,0x00000000cc300000)
 PSPermGen       total 52736K, used 52513K [0x00000000bc600000, 0x00000000bf980000, 0x00000000c1800000)
  object space 52736K, 99% used [0x00000000bc600000,0x00000000bf9487c0,0x00000000bf980000)
}

