# JRE version: Java(TM) SE Runtime Environment (7.0_45-b18) (build 1.7.0_45-b18)
# Java VM: Java HotSpot(TM) 64-Bit Server VM (24.45-b08 mixed mode linux-amd64 compressed oops)
Heap
 PSYoungGen      total 80384K, used 26027K [0x0000000797d00000, 0x000000079d280000, 0x0000000800000000)
  eden space 72704K, 33% used [0x0000000797d00000,0x00000007994f6ce0,0x000000079c400000)
  from space 7680K, 19% used [0x000000079cb00000,0x000000079cc74040,0x000000079d280000)
  to   space 7168K, 0% used [0x000000079c400000,0x000000079c400000,0x000000079cb00000)
 ParOldGen       total 188928K, used 120388K [0x00000006c7800000, 0x00000006d3080000, 0x0000000797d00000)
  object space 188928K, 63% used [0x00000006c7800000,0x00000006ced91370,0x00000006d3080000)
 PSPermGen       total 83968K, used 55709K [0x00000006c2600000, 0x00000006c7800000, 0x00000006c7800000)
  object space 83968K, 66% used [0x00000006c2600000,0x00000006c5c67648,0x00000006c7800000)
GC Heap History (10 events):
Event: 1033.469 GC heap before
{Heap before GC invocations=53 (full 1):
 PSYoungGen      total 76288K, used 66048K [0x0000000797d00000, 0x000000079d280000, 0x0000000800000000)
  eden space 65536K, 100% used [0x0000000797d00000,0x000000079bd00000,0x000000079bd00000)
  from space 10752K, 4% used [0x000000079bd00000,0x000000079bd80000,0x000000079c780000)
  to   space 9728K, 0% used [0x000000079c900000,0x000000079c900000,0x000000079d280000)
 ParOldGen       total 188928K, used 120388K [0x00000006c7800000, 0x00000006d3080000, 0x0000000797d00000)
  object space 188928K, 63% used [0x00000006c7800000,0x00000006ced91370,0x00000006d3080000)
 PSPermGen       total 83968K, used 55305K [0x00000006c2600000, 0x00000006c7800000, 0x00000006c7800000)
  object space 83968K, 65% used [0x00000006c2600000,0x00000006c5c025b0,0x00000006c7800000)
Event: 1033.471 GC heap after
Heap after GC invocations=53 (full 1):
 PSYoungGen      total 78336K, used 544K [0x0000000797d00000, 0x000000079d280000, 0x0000000800000000)
  eden space 68608K, 0% used [0x0000000797d00000,0x0000000797d00000,0x000000079c000000)
  from space 9728K, 5% used [0x000000079c900000,0x000000079c988000,0x000000079d280000)
  to   space 9216K, 0% used [0x000000079c000000,0x000000079c000000,0x000000079c900000)
 ParOldGen       total 188928K, used 120388K [0x00000006c7800000, 0x00000006d3080000, 0x0000000797d00000)
  object space 188928K, 63% used [0x00000006c7800000,0x00000006ced91370,0x00000006d3080000)
 PSPermGen       total 83968K, used 55305K [0x00000006c2600000, 0x00000006c7800000, 0x00000006c7800000)
  object space 83968K, 65% used [0x00000006c2600000,0x00000006c5c025b0,0x00000006c7800000)
}
Event: 1060.247 GC heap before
{Heap before GC invocations=54 (full 1):
 PSYoungGen      total 78336K, used 69152K [0x0000000797d00000, 0x000000079d280000, 0x0000000800000000)
  eden space 68608K, 100% used [0x0000000797d00000,0x000000079c000000,0x000000079c000000)
  from space 9728K, 5% used [0x000000079c900000,0x000000079c988000,0x000000079d280000)
  to   space 9216K, 0% used [0x000000079c000000,0x000000079c000000,0x000000079c900000)
 ParOldGen       total 188928K, used 120388K [0x00000006c7800000, 0x00000006d3080000, 0x0000000797d00000)
  object space 188928K, 63% used [0x00000006c7800000,0x00000006ced91370,0x00000006d3080000)
 PSPermGen       total 83968K, used 55306K [0x00000006c2600000, 0x00000006c7800000, 0x00000006c7800000)
  object space 83968K, 65% used [0x00000006c2600000,0x00000006c5c02b78,0x00000006c7800000)
Event: 1060.250 GC heap after
Heap after GC invocations=54 (full 1):
 PSYoungGen      total 77824K, used 480K [0x0000000797d00000, 0x000000079d280000, 0x0000000800000000)
  eden space 68608K, 0% used [0x0000000797d00000,0x0000000797d00000,0x000000079c000000)
  from space 9216K, 5% used [0x000000079c000000,0x000000079c078000,0x000000079c900000)
  to   space 8704K, 0% used [0x000000079ca00000,0x000000079ca00000,0x000000079d280000)
 ParOldGen       total 188928K, used 120388K [0x00000006c7800000, 0x00000006d3080000, 0x0000000797d00000)
  object space 188928K, 63% used [0x00000006c7800000,0x00000006ced91370,0x00000006d3080000)
 PSPermGen       total 83968K, used 55306K [0x00000006c2600000, 0x00000006c7800000, 0x00000006c7800000)
  object space 83968K, 65% used [0x00000006c2600000,0x00000006c5c02b78,0x00000006c7800000)
}
Event: 1074.408 GC heap before
{Heap before GC invocations=55 (full 1):
 PSYoungGen      total 77824K, used 69088K [0x0000000797d00000, 0x000000079d280000, 0x0000000800000000)
  eden space 68608K, 100% used [0x0000000797d00000,0x000000079c000000,0x000000079c000000)
  from space 9216K, 5% used [0x000000079c000000,0x000000079c078000,0x000000079c900000)
  to   space 8704K, 0% used [0x000000079ca00000,0x000000079ca00000,0x000000079d280000)
 ParOldGen       total 188928K, used 120388K [0x00000006c7800000, 0x00000006d3080000, 0x0000000797d00000)
  object space 188928K, 63% used [0x00000006c7800000,0x00000006ced91370,0x00000006d3080000)
 PSPermGen       total 83968K, used 55465K [0x00000006c2600000, 0x00000006c7800000, 0x00000006c7800000)
  object space 83968K, 66% used [0x00000006c2600000,0x00000006c5c2a490,0x00000006c7800000)
Event: 1074.411 GC heap after
Heap after GC invocations=55 (full 1):
 PSYoungGen      total 79360K, used 2304K [0x0000000797d00000, 0x000000079d280000, 0x0000000800000000)
  eden space 70656K, 0% used [0x0000000797d00000,0x0000000797d00000,0x000000079c200000)
  from space 8704K, 26% used [0x000000079ca00000,0x000000079cc40020,0x000000079d280000)
  to   space 8192K, 0% used [0x000000079c200000,0x000000079c200000,0x000000079ca00000)
 ParOldGen       total 188928K, used 120388K [0x00000006c7800000, 0x00000006d3080000, 0x0000000797d00000)
  object space 188928K, 63% used [0x00000006c7800000,0x00000006ced91370,0x00000006d3080000)
 PSPermGen       total 83968K, used 55465K [0x00000006c2600000, 0x00000006c7800000, 0x00000006c7800000)
  object space 83968K, 66% used [0x00000006c2600000,0x00000006c5c2a490,0x00000006c7800000)
}
Event: 1148.778 GC heap before
{Heap before GC invocations=56 (full 1):
 PSYoungGen      total 79360K, used 72960K [0x0000000797d00000, 0x000000079d280000, 0x0000000800000000)
  eden space 70656K, 100% used [0x0000000797d00000,0x000000079c200000,0x000000079c200000)
  from space 8704K, 26% used [0x000000079ca00000,0x000000079cc40020,0x000000079d280000)
  to   space 8192K, 0% used [0x000000079c200000,0x000000079c200000,0x000000079ca00000)
 ParOldGen       total 188928K, used 120388K [0x00000006c7800000, 0x00000006d3080000, 0x0000000797d00000)
  object space 188928K, 63% used [0x00000006c7800000,0x00000006ced91370,0x00000006d3080000)
 PSPermGen       total 83968K, used 55579K [0x00000006c2600000, 0x00000006c7800000, 0x00000006c7800000)
  object space 83968K, 66% used [0x00000006c2600000,0x00000006c5c46f30,0x00000006c7800000)
Event: 1148.781 GC heap after
Heap after GC invocations=56 (full 1):
 PSYoungGen      total 78848K, used 1472K [0x0000000797d00000, 0x000000079d280000, 0x0000000800000000)
  eden space 70656K, 0% used [0x0000000797d00000,0x0000000797d00000,0x000000079c200000)
  from space 8192K, 17% used [0x000000079c200000,0x000000079c370020,0x000000079ca00000)
  to   space 7680K, 0% used [0x000000079cb00000,0x000000079cb00000,0x000000079d280000)
 ParOldGen       total 188928K, used 120388K [0x00000006c7800000, 0x00000006d3080000, 0x0000000797d00000)
  object space 188928K, 63% used [0x00000006c7800000,0x00000006ced91370,0x00000006d3080000)
 PSPermGen       total 83968K, used 55579K [0x00000006c2600000, 0x00000006c7800000, 0x00000006c7800000)
  object space 83968K, 66% used [0x00000006c2600000,0x00000006c5c46f30,0x00000006c7800000)
}
Event: 1235.168 GC heap before
{Heap before GC invocations=57 (full 1):
 PSYoungGen      total 78848K, used 72128K [0x0000000797d00000, 0x000000079d280000, 0x0000000800000000)
  eden space 70656K, 100% used [0x0000000797d00000,0x000000079c200000,0x000000079c200000)
  from space 8192K, 17% used [0x000000079c200000,0x000000079c370020,0x000000079ca00000)
  to   space 7680K, 0% used [0x000000079cb00000,0x000000079cb00000,0x000000079d280000)
 ParOldGen       total 188928K, used 120388K [0x00000006c7800000, 0x00000006d3080000, 0x0000000797d00000)
  object space 188928K, 63% used [0x00000006c7800000,0x00000006ced91370,0x00000006d3080000)
 PSPermGen       total 83968K, used 55625K [0x00000006c2600000, 0x00000006c7800000, 0x00000006c7800000)
  object space 83968K, 66% used [0x00000006c2600000,0x00000006c5c52618,0x00000006c7800000)
Event: 1235.170 GC heap after
Heap after GC invocations=57 (full 1):
 PSYoungGen      total 80384K, used 1488K [0x0000000797d00000, 0x000000079d280000, 0x0000000800000000)
  eden space 72704K, 0% used [0x0000000797d00000,0x0000000797d00000,0x000000079c400000)
  from space 7680K, 19% used [0x000000079cb00000,0x000000079cc74040,0x000000079d280000)
  to   space 7168K, 0% used [0x000000079c400000,0x000000079c400000,0x000000079cb00000)
 ParOldGen       total 188928K, used 120388K [0x00000006c7800000, 0x00000006d3080000, 0x0000000797d00000)
  object space 188928K, 63% used [0x00000006c7800000,0x00000006ced91370,0x00000006d3080000)
 PSPermGen       total 83968K, used 55625K [0x00000006c2600000, 0x00000006c7800000, 0x00000006c7800000)
  object space 83968K, 66% used [0x00000006c2600000,0x00000006c5c52618,0x00000006c7800000)
}

