# JRE version: Java(TM) SE Runtime Environment (7.0_45-b18) (build 1.7.0_45-b18)
# Java VM: Java HotSpot(TM) 64-Bit Server VM (24.45-b08 mixed mode linux-amd64 compressed oops)
Heap
 PSYoungGen      total 175104K, used 112735K [0x0000000797d00000, 0x00000007a5780000, 0x0000000800000000)
  eden space 140800K, 78% used [0x0000000797d00000,0x000000079e917d00,0x00000007a0680000)
  from space 34304K, 5% used [0x00000007a3600000,0x00000007a3800010,0x00000007a5780000)
  to   space 41472K, 0% used [0x00000007a0680000,0x00000007a0680000,0x00000007a2f00000)
 ParOldGen       total 175104K, used 145505K [0x00000006c7800000, 0x00000006d2300000, 0x0000000797d00000)
  object space 175104K, 83% used [0x00000006c7800000,0x00000006d0618498,0x00000006d2300000)
 PSPermGen       total 56320K, used 55968K [0x00000006c2600000, 0x00000006c5d00000, 0x00000006c7800000)
  object space 56320K, 99% used [0x00000006c2600000,0x00000006c5ca8030,0x00000006c5d00000)
GC Heap History (10 events):
Event: 575.010 GC heap before
{Heap before GC invocations=20 (full 0):
 PSYoungGen      total 167424K, used 167361K [0x0000000797d00000, 0x00000007a8700000, 0x0000000800000000)
  eden space 166912K, 100% used [0x0000000797d00000,0x00000007a2000000,0x00000007a2000000)
  from space 512K, 87% used [0x00000007a2600000,0x00000007a2670538,0x00000007a2680000)
  to   space 52736K, 0% used [0x00000007a5380000,0x00000007a5380000,0x00000007a8700000)
 ParOldGen       total 175104K, used 144570K [0x00000006c7800000, 0x00000006d2300000, 0x0000000797d00000)
  object space 175104K, 82% used [0x00000006c7800000,0x00000006d052e930,0x00000006d2300000)
 PSPermGen       total 55296K, used 55177K [0x00000006c2600000, 0x00000006c5c00000, 0x00000006c7800000)
  object space 55296K, 99% used [0x00000006c2600000,0x00000006c5be2680,0x00000006c5c00000)
Event: 575.013 GC heap after
Heap after GC invocations=20 (full 0):
 PSYoungGen      total 204288K, used 577K [0x0000000797d00000, 0x00000007a7d80000, 0x0000000800000000)
  eden space 161280K, 0% used [0x0000000797d00000,0x0000000797d00000,0x00000007a1a80000)
  from space 43008K, 1% used [0x00000007a5380000,0x00000007a5410538,0x00000007a7d80000)
  to   space 50688K, 0% used [0x00000007a1a80000,0x00000007a1a80000,0x00000007a4c00000)
 ParOldGen       total 175104K, used 144602K [0x00000006c7800000, 0x00000006d2300000, 0x0000000797d00000)
  object space 175104K, 82% used [0x00000006c7800000,0x00000006d0536930,0x00000006d2300000)
 PSPermGen       total 55296K, used 55177K [0x00000006c2600000, 0x00000006c5c00000, 0x00000006c7800000)
  object space 55296K, 99% used [0x00000006c2600000,0x00000006c5be2680,0x00000006c5c00000)
}
Event: 576.263 GC heap before
{Heap before GC invocations=21 (full 0):
 PSYoungGen      total 204288K, used 161857K [0x0000000797d00000, 0x00000007a7d80000, 0x0000000800000000)
  eden space 161280K, 100% used [0x0000000797d00000,0x00000007a1a80000,0x00000007a1a80000)
  from space 43008K, 1% used [0x00000007a5380000,0x00000007a5410538,0x00000007a7d80000)
  to   space 50688K, 0% used [0x00000007a1a80000,0x00000007a1a80000,0x00000007a4c00000)
 ParOldGen       total 175104K, used 144602K [0x00000006c7800000, 0x00000006d2300000, 0x0000000797d00000)
  object space 175104K, 82% used [0x00000006c7800000,0x00000006d0536930,0x00000006d2300000)
 PSPermGen       total 55296K, used 55179K [0x00000006c2600000, 0x00000006c5c00000, 0x00000006c7800000)
  object space 55296K, 99% used [0x00000006c2600000,0x00000006c5be2d88,0x00000006c5c00000)
Event: 576.265 GC heap after
Heap after GC invocations=21 (full 0):
 PSYoungGen      total 156672K, used 609K [0x0000000797d00000, 0x00000007a7400000, 0x0000000800000000)
  eden space 155648K, 0% used [0x0000000797d00000,0x0000000797d00000,0x00000007a1500000)
  from space 1024K, 59% used [0x00000007a1a80000,0x00000007a1b18538,0x00000007a1b80000)
  to   space 48640K, 0% used [0x00000007a4480000,0x00000007a4480000,0x00000007a7400000)
 ParOldGen       total 175104K, used 144658K [0x00000006c7800000, 0x00000006d2300000, 0x0000000797d00000)
  object space 175104K, 82% used [0x00000006c7800000,0x00000006d0544930,0x00000006d2300000)
 PSPermGen       total 55296K, used 55179K [0x00000006c2600000, 0x00000006c5c00000, 0x00000006c7800000)
  object space 55296K, 99% used [0x00000006c2600000,0x00000006c5be2d88,0x00000006c5c00000)
}
Event: 592.431 GC heap before
{Heap before GC invocations=22 (full 0):
 PSYoungGen      total 156672K, used 156257K [0x0000000797d00000, 0x00000007a7400000, 0x0000000800000000)
  eden space 155648K, 100% used [0x0000000797d00000,0x00000007a1500000,0x00000007a1500000)
  from space 1024K, 59% used [0x00000007a1a80000,0x00000007a1b18538,0x00000007a1b80000)
  to   space 48640K, 0% used [0x00000007a4480000,0x00000007a4480000,0x00000007a7400000)
 ParOldGen       total 175104K, used 144658K [0x00000006c7800000, 0x00000006d2300000, 0x0000000797d00000)
  object space 175104K, 82% used [0x00000006c7800000,0x00000006d0544930,0x00000006d2300000)
 PSPermGen       total 55808K, used 55663K [0x00000006c2600000, 0x00000006c5c80000, 0x00000006c7800000)
  object space 55808K, 99% used [0x00000006c2600000,0x00000006c5c5bc78,0x00000006c5c80000)
Event: 592.434 GC heap after
Heap after GC invocations=22 (full 0):
 PSYoungGen      total 188928K, used 1617K [0x0000000797d00000, 0x00000007a6a00000, 0x0000000800000000)
  eden space 150528K, 0% used [0x0000000797d00000,0x0000000797d00000,0x00000007a1000000)
  from space 38400K, 4% used [0x00000007a4480000,0x00000007a46147f0,0x00000007a6a00000)
  to   space 46080K, 0% used [0x00000007a1000000,0x00000007a1000000,0x00000007a3d00000)
 ParOldGen       total 175104K, used 144722K [0x00000006c7800000, 0x00000006d2300000, 0x0000000797d00000)
  object space 175104K, 82% used [0x00000006c7800000,0x00000006d0554930,0x00000006d2300000)
 PSPermGen       total 55808K, used 55663K [0x00000006c2600000, 0x00000006c5c80000, 0x00000006c7800000)
  object space 55808K, 99% used [0x00000006c2600000,0x00000006c5c5bc78,0x00000006c5c80000)
}
Event: 615.387 GC heap before
{Heap before GC invocations=23 (full 0):
 PSYoungGen      total 188928K, used 152145K [0x0000000797d00000, 0x00000007a6a00000, 0x0000000800000000)
  eden space 150528K, 100% used [0x0000000797d00000,0x00000007a1000000,0x00000007a1000000)
  from space 38400K, 4% used [0x00000007a4480000,0x00000007a46147f0,0x00000007a6a00000)
  to   space 46080K, 0% used [0x00000007a1000000,0x00000007a1000000,0x00000007a3d00000)
 ParOldGen       total 175104K, used 144722K [0x00000006c7800000, 0x00000006d2300000, 0x0000000797d00000)
  object space 175104K, 82% used [0x00000006c7800000,0x00000006d0554930,0x00000006d2300000)
 PSPermGen       total 55808K, used 55668K [0x00000006c2600000, 0x00000006c5c80000, 0x00000006c7800000)
  object space 55808K, 99% used [0x00000006c2600000,0x00000006c5c5d258,0x00000006c5c80000)
Event: 615.390 GC heap after
Heap after GC invocations=23 (full 0):
 PSYoungGen      total 146432K, used 864K [0x0000000797d00000, 0x00000007a6100000, 0x0000000800000000)
  eden space 145408K, 0% used [0x0000000797d00000,0x0000000797d00000,0x00000007a0b00000)
  from space 1024K, 84% used [0x00000007a1000000,0x00000007a10d8000,0x00000007a1100000)
  to   space 44032K, 0% used [0x00000007a3600000,0x00000007a3600000,0x00000007a6100000)
 ParOldGen       total 175104K, used 145329K [0x00000006c7800000, 0x00000006d2300000, 0x0000000797d00000)
  object space 175104K, 82% used [0x00000006c7800000,0x00000006d05ec478,0x00000006d2300000)
 PSPermGen       total 55808K, used 55668K [0x00000006c2600000, 0x00000006c5c80000, 0x00000006c7800000)
  object space 55808K, 99% used [0x00000006c2600000,0x00000006c5c5d258,0x00000006c5c80000)
}
Event: 705.482 GC heap before
{Heap before GC invocations=24 (full 0):
 PSYoungGen      total 146432K, used 146272K [0x0000000797d00000, 0x00000007a6100000, 0x0000000800000000)
  eden space 145408K, 100% used [0x0000000797d00000,0x00000007a0b00000,0x00000007a0b00000)
  from space 1024K, 84% used [0x00000007a1000000,0x00000007a10d8000,0x00000007a1100000)
  to   space 44032K, 0% used [0x00000007a3600000,0x00000007a3600000,0x00000007a6100000)
 ParOldGen       total 175104K, used 145329K [0x00000006c7800000, 0x00000006d2300000, 0x0000000797d00000)
  object space 175104K, 82% used [0x00000006c7800000,0x00000006d05ec478,0x00000006d2300000)
 PSPermGen       total 55808K, used 55794K [0x00000006c2600000, 0x00000006c5c80000, 0x00000006c7800000)
  object space 55808K, 99% used [0x00000006c2600000,0x00000006c5c7cb60,0x00000006c5c80000)
Event: 705.486 GC heap after
Heap after GC invocations=24 (full 0):
 PSYoungGen      total 175104K, used 2048K [0x0000000797d00000, 0x00000007a5780000, 0x0000000800000000)
  eden space 140800K, 0% used [0x0000000797d00000,0x0000000797d00000,0x00000007a0680000)
  from space 34304K, 5% used [0x00000007a3600000,0x00000007a3800010,0x00000007a5780000)
  to   space 41472K, 0% used [0x00000007a0680000,0x00000007a0680000,0x00000007a2f00000)
 ParOldGen       total 175104K, used 145505K [0x00000006c7800000, 0x00000006d2300000, 0x0000000797d00000)
  object space 175104K, 83% used [0x00000006c7800000,0x00000006d0618498,0x00000006d2300000)
 PSPermGen       total 55808K, used 55794K [0x00000006c2600000, 0x00000006c5c80000, 0x00000006c7800000)
  object space 55808K, 99% used [0x00000006c2600000,0x00000006c5c7cb60,0x00000006c5c80000)
}

