# JRE version: Java(TM) SE Runtime Environment (7.0_45-b18) (build 1.7.0_45-b18)
# Java VM: Java HotSpot(TM) 64-Bit Server VM (24.45-b08 mixed mode linux-amd64 compressed oops)
Heap
 PSYoungGen      total 90112K, used 49565K [0x00000000eb280000, 0x00000000f0b80000, 0x0000000100000000)
  eden space 88576K, 54% used [0x00000000eb280000,0x00000000ee16b018,0x00000000f0900000)
  from space 1536K, 99% used [0x00000000f0900000,0x00000000f0a7c6e8,0x00000000f0a80000)
  to   space 1024K, 0% used [0x00000000f0a80000,0x00000000f0a80000,0x00000000f0b80000)
 ParOldGen       total 175104K, used 48899K [0x00000000c1800000, 0x00000000cc300000, 0x00000000eb280000)
  object space 175104K, 27% used [0x00000000c1800000,0x00000000c47c0d00,0x00000000cc300000)
 PSPermGen       total 56320K, used 55923K [0x00000000bc600000, 0x00000000bfd00000, 0x00000000c1800000)
  object space 56320K, 99% used [0x00000000bc600000,0x00000000bfc9cc90,0x00000000bfd00000)
GC Heap History (10 events):
Event: 432.102 GC heap before
{Heap before GC invocations=113 (full 0):
 PSYoungGen      total 88064K, used 87872K [0x00000000eb280000, 0x00000000f0e00000, 0x0000000100000000)
  eden space 87040K, 100% used [0x00000000eb280000,0x00000000f0780000,0x00000000f0780000)
  from space 1024K, 81% used [0x00000000f0d00000,0x00000000f0dd0000,0x00000000f0e00000)
  to   space 1536K, 0% used [0x00000000f0b00000,0x00000000f0b00000,0x00000000f0c80000)
 ParOldGen       total 175104K, used 47082K [0x00000000c1800000, 0x00000000cc300000, 0x00000000eb280000)
  object space 175104K, 26% used [0x00000000c1800000,0x00000000c45faae8,0x00000000cc300000)
 PSPermGen       total 52224K, used 51745K [0x00000000bc600000, 0x00000000bf900000, 0x00000000c1800000)
  object space 52224K, 99% used [0x00000000bc600000,0x00000000bf888518,0x00000000bf900000)
Event: 432.105 GC heap after
Heap after GC invocations=113 (full 0):
 PSYoungGen      total 86016K, used 800K [0x00000000eb280000, 0x00000000f0d80000, 0x0000000100000000)
  eden space 84992K, 0% used [0x00000000eb280000,0x00000000eb280000,0x00000000f0580000)
  from space 1024K, 78% used [0x00000000f0b00000,0x00000000f0bc8000,0x00000000f0c00000)
  to   space 1536K, 0% used [0x00000000f0c00000,0x00000000f0c00000,0x00000000f0d80000)
 ParOldGen       total 175104K, used 47098K [0x00000000c1800000, 0x00000000cc300000, 0x00000000eb280000)
  object space 175104K, 26% used [0x00000000c1800000,0x00000000c45feae8,0x00000000cc300000)
 PSPermGen       total 52224K, used 51745K [0x00000000bc600000, 0x00000000bf900000, 0x00000000c1800000)
  object space 52224K, 99% used [0x00000000bc600000,0x00000000bf888518,0x00000000bf900000)
}
Event: 432.719 GC heap before
{Heap before GC invocations=114 (full 0):
 PSYoungGen      total 86016K, used 85792K [0x00000000eb280000, 0x00000000f0d80000, 0x0000000100000000)
  eden space 84992K, 100% used [0x00000000eb280000,0x00000000f0580000,0x00000000f0580000)
  from space 1024K, 78% used [0x00000000f0b00000,0x00000000f0bc8000,0x00000000f0c00000)
  to   space 1536K, 0% used [0x00000000f0c00000,0x00000000f0c00000,0x00000000f0d80000)
 ParOldGen       total 175104K, used 47098K [0x00000000c1800000, 0x00000000cc300000, 0x00000000eb280000)
  object space 175104K, 26% used [0x00000000c1800000,0x00000000c45feae8,0x00000000cc300000)
 PSPermGen       total 52224K, used 51745K [0x00000000bc600000, 0x00000000bf900000, 0x00000000c1800000)
  object space 52224K, 99% used [0x00000000bc600000,0x00000000bf888518,0x00000000bf900000)
Event: 432.722 GC heap after
Heap after GC invocations=114 (full 0):
 PSYoungGen      total 90624K, used 768K [0x00000000eb280000, 0x00000000f0d00000, 0x0000000100000000)
  eden space 89600K, 0% used [0x00000000eb280000,0x00000000eb280000,0x00000000f0a00000)
  from space 1024K, 75% used [0x00000000f0c00000,0x00000000f0cc0000,0x00000000f0d00000)
  to   space 1536K, 0% used [0x00000000f0a00000,0x00000000f0a00000,0x00000000f0b80000)
 ParOldGen       total 175104K, used 47122K [0x00000000c1800000, 0x00000000cc300000, 0x00000000eb280000)
  object space 175104K, 26% used [0x00000000c1800000,0x00000000c4604ae8,0x00000000cc300000)
 PSPermGen       total 52224K, used 51745K [0x00000000bc600000, 0x00000000bf900000, 0x00000000c1800000)
  object space 52224K, 99% used [0x00000000bc600000,0x00000000bf888518,0x00000000bf900000)
}
Event: 433.362 GC heap before
{Heap before GC invocations=115 (full 0):
 PSYoungGen      total 90624K, used 90368K [0x00000000eb280000, 0x00000000f0d00000, 0x0000000100000000)
  eden space 89600K, 100% used [0x00000000eb280000,0x00000000f0a00000,0x00000000f0a00000)
  from space 1024K, 75% used [0x00000000f0c00000,0x00000000f0cc0000,0x00000000f0d00000)
  to   space 1536K, 0% used [0x00000000f0a00000,0x00000000f0a00000,0x00000000f0b80000)
 ParOldGen       total 175104K, used 47122K [0x00000000c1800000, 0x00000000cc300000, 0x00000000eb280000)
  object space 175104K, 26% used [0x00000000c1800000,0x00000000c4604ae8,0x00000000cc300000)
 PSPermGen       total 52224K, used 51745K [0x00000000bc600000, 0x00000000bf900000, 0x00000000c1800000)
  object space 52224K, 99% used [0x00000000bc600000,0x00000000bf888518,0x00000000bf900000)
Event: 433.365 GC heap after
Heap after GC invocations=115 (full 0):
 PSYoungGen      total 88064K, used 832K [0x00000000eb280000, 0x00000000f0c80000, 0x0000000100000000)
  eden space 87040K, 0% used [0x00000000eb280000,0x00000000eb280000,0x00000000f0780000)
  from space 1024K, 81% used [0x00000000f0a00000,0x00000000f0ad0000,0x00000000f0b00000)
  to   space 1536K, 0% used [0x00000000f0b00000,0x00000000f0b00000,0x00000000f0c80000)
 ParOldGen       total 175104K, used 47146K [0x00000000c1800000, 0x00000000cc300000, 0x00000000eb280000)
  object space 175104K, 26% used [0x00000000c1800000,0x00000000c460aae8,0x00000000cc300000)
 PSPermGen       total 52224K, used 51745K [0x00000000bc600000, 0x00000000bf900000, 0x00000000c1800000)
  object space 52224K, 99% used [0x00000000bc600000,0x00000000bf888518,0x00000000bf900000)
}
Event: 434.006 GC heap before
{Heap before GC invocations=116 (full 0):
 PSYoungGen      total 88064K, used 87872K [0x00000000eb280000, 0x00000000f0c80000, 0x0000000100000000)
  eden space 87040K, 100% used [0x00000000eb280000,0x00000000f0780000,0x00000000f0780000)
  from space 1024K, 81% used [0x00000000f0a00000,0x00000000f0ad0000,0x00000000f0b00000)
  to   space 1536K, 0% used [0x00000000f0b00000,0x00000000f0b00000,0x00000000f0c80000)
 ParOldGen       total 175104K, used 47146K [0x00000000c1800000, 0x00000000cc300000, 0x00000000eb280000)
  object space 175104K, 26% used [0x00000000c1800000,0x00000000c460aae8,0x00000000cc300000)
 PSPermGen       total 52224K, used 51745K [0x00000000bc600000, 0x00000000bf900000, 0x00000000c1800000)
  object space 52224K, 99% used [0x00000000bc600000,0x00000000bf888750,0x00000000bf900000)
Event: 434.010 GC heap after
Heap after GC invocations=116 (full 0):
 PSYoungGen      total 86016K, used 800K [0x00000000eb280000, 0x00000000f0c00000, 0x0000000100000000)
  eden space 84992K, 0% used [0x00000000eb280000,0x00000000eb280000,0x00000000f0580000)
  from space 1024K, 78% used [0x00000000f0b00000,0x00000000f0bc8000,0x00000000f0c00000)
  to   space 1536K, 0% used [0x00000000f0900000,0x00000000f0900000,0x00000000f0a80000)
 ParOldGen       total 175104K, used 47154K [0x00000000c1800000, 0x00000000cc300000, 0x00000000eb280000)
  object space 175104K, 26% used [0x00000000c1800000,0x00000000c460cae8,0x00000000cc300000)
 PSPermGen       total 52224K, used 51745K [0x00000000bc600000, 0x00000000bf900000, 0x00000000c1800000)
  object space 52224K, 99% used [0x00000000bc600000,0x00000000bf888750,0x00000000bf900000)
}
Event: 446.987 GC heap before
{Heap before GC invocations=117 (full 0):
 PSYoungGen      total 86016K, used 85792K [0x00000000eb280000, 0x00000000f0c00000, 0x0000000100000000)
  eden space 84992K, 100% used [0x00000000eb280000,0x00000000f0580000,0x00000000f0580000)
  from space 1024K, 78% used [0x00000000f0b00000,0x00000000f0bc8000,0x00000000f0c00000)
  to   space 1536K, 0% used [0x00000000f0900000,0x00000000f0900000,0x00000000f0a80000)
 ParOldGen       total 175104K, used 47154K [0x00000000c1800000, 0x00000000cc300000, 0x00000000eb280000)
  object space 175104K, 26% used [0x00000000c1800000,0x00000000c460cae8,0x00000000cc300000)
 PSPermGen       total 55808K, used 55778K [0x00000000bc600000, 0x00000000bfc80000, 0x00000000c1800000)
  object space 55808K, 99% used [0x00000000bc600000,0x00000000bfc78818,0x00000000bfc80000)
Event: 446.990 GC heap after
Heap after GC invocations=117 (full 0):
 PSYoungGen      total 90112K, used 1521K [0x00000000eb280000, 0x00000000f0b80000, 0x0000000100000000)
  eden space 88576K, 0% used [0x00000000eb280000,0x00000000eb280000,0x00000000f0900000)
  from space 1536K, 99% used [0x00000000f0900000,0x00000000f0a7c6e8,0x00000000f0a80000)
  to   space 1024K, 0% used [0x00000000f0a80000,0x00000000f0a80000,0x00000000f0b80000)
 ParOldGen       total 175104K, used 48899K [0x00000000c1800000, 0x00000000cc300000, 0x00000000eb280000)
  object space 175104K, 27% used [0x00000000c1800000,0x00000000c47c0d00,0x00000000cc300000)
 PSPermGen       total 55808K, used 55778K [0x00000000bc600000, 0x00000000bfc80000, 0x00000000c1800000)
  object space 55808K, 99% used [0x00000000bc600000,0x00000000bfc78818,0x00000000bfc80000)
}

