# JRE version: Java(TM) SE Runtime Environment (7.0_45-b18) (build 1.7.0_45-b18)
# Java VM: Java HotSpot(TM) 64-Bit Server VM (24.45-b08 mixed mode linux-amd64 compressed oops)
Heap
 PSYoungGen      total 260608K, used 187419K [0x0000000797d00000, 0x00000007b4a80000, 0x0000000800000000)
  eden space 238080K, 69% used [0x0000000797d00000,0x00000007a1e442e8,0x00000007a6580000)
  from space 22528K, 98% used [0x00000007b3480000,0x00000007b4a42c40,0x00000007b4a80000)
  to   space 50688K, 0% used [0x00000007ae780000,0x00000007ae780000,0x00000007b1900000)
 ParOldGen       total 175104K, used 86257K [0x00000006c7800000, 0x00000006d2300000, 0x0000000797d00000)
  object space 175104K, 49% used [0x00000006c7800000,0x00000006ccc3c528,0x00000006d2300000)
 PSPermGen       total 55296K, used 55029K [0x00000006c2600000, 0x00000006c5c00000, 0x00000006c7800000)
  object space 55296K, 99% used [0x00000006c2600000,0x00000006c5bbd460,0x00000006c5c00000)
GC Heap History (10 events):
Event: 6.285 GC heap before
{Heap before GC invocations=6 (full 0):
 PSYoungGen      total 76800K, used 76791K [0x0000000797d00000, 0x00000007a3d00000, 0x0000000800000000)
  eden space 66048K, 100% used [0x0000000797d00000,0x000000079bd80000,0x000000079bd80000)
  from space 10752K, 99% used [0x000000079bd80000,0x000000079c7fdec0,0x000000079c800000)
  to   space 32256K, 0% used [0x00000007a1d80000,0x00000007a1d80000,0x00000007a3d00000)
 ParOldGen       total 175104K, used 32884K [0x00000006c7800000, 0x00000006d2300000, 0x0000000797d00000)
  object space 175104K, 18% used [0x00000006c7800000,0x00000006c981d068,0x00000006d2300000)
 PSPermGen       total 37888K, used 37508K [0x00000006c2600000, 0x00000006c4b00000, 0x00000006c7800000)
  object space 37888K, 98% used [0x00000006c2600000,0x00000006c4aa12e0,0x00000006c4b00000)
Event: 6.303 GC heap after
Heap after GC invocations=6 (full 0):
 PSYoungGen      total 163328K, used 22080K [0x0000000797d00000, 0x00000007a3f00000, 0x0000000800000000)
  eden space 131072K, 0% used [0x0000000797d00000,0x0000000797d00000,0x000000079fd00000)
  from space 32256K, 68% used [0x00000007a1d80000,0x00000007a33101a8,0x00000007a3d00000)
  to   space 33280K, 0% used [0x000000079fd00000,0x000000079fd00000,0x00000007a1d80000)
 ParOldGen       total 175104K, used 32884K [0x00000006c7800000, 0x00000006d2300000, 0x0000000797d00000)
  object space 175104K, 18% used [0x00000006c7800000,0x00000006c981d068,0x00000006d2300000)
 PSPermGen       total 37888K, used 37508K [0x00000006c2600000, 0x00000006c4b00000, 0x00000006c7800000)
  object space 37888K, 98% used [0x00000006c2600000,0x00000006c4aa12e0,0x00000006c4b00000)
}
Event: 14.671 GC heap before
{Heap before GC invocations=7 (full 0):
 PSYoungGen      total 163328K, used 153152K [0x0000000797d00000, 0x00000007a3f00000, 0x0000000800000000)
  eden space 131072K, 100% used [0x0000000797d00000,0x000000079fd00000,0x000000079fd00000)
  from space 32256K, 68% used [0x00000007a1d80000,0x00000007a33101a8,0x00000007a3d00000)
  to   space 33280K, 0% used [0x000000079fd00000,0x000000079fd00000,0x00000007a1d80000)
 ParOldGen       total 175104K, used 32884K [0x00000006c7800000, 0x00000006d2300000, 0x0000000797d00000)
  object space 175104K, 18% used [0x00000006c7800000,0x00000006c981d068,0x00000006d2300000)
 PSPermGen       total 45056K, used 44590K [0x00000006c2600000, 0x00000006c5200000, 0x00000006c7800000)
  object space 45056K, 98% used [0x00000006c2600000,0x00000006c518b9a8,0x00000006c5200000)
Event: 14.687 GC heap after
Heap after GC invocations=7 (full 0):
 PSYoungGen      total 164352K, used 22373K [0x0000000797d00000, 0x00000007abf00000, 0x0000000800000000)
  eden space 131072K, 0% used [0x0000000797d00000,0x0000000797d00000,0x000000079fd00000)
  from space 33280K, 67% used [0x000000079fd00000,0x00000007a12d9788,0x00000007a1d80000)
  to   space 33792K, 0% used [0x00000007a9e00000,0x00000007a9e00000,0x00000007abf00000)
 ParOldGen       total 175104K, used 37834K [0x00000006c7800000, 0x00000006d2300000, 0x0000000797d00000)
  object space 175104K, 21% used [0x00000006c7800000,0x00000006c9cf2910,0x00000006d2300000)
 PSPermGen       total 45056K, used 44590K [0x00000006c2600000, 0x00000006c5200000, 0x00000006c7800000)
  object space 45056K, 98% used [0x00000006c2600000,0x00000006c518b9a8,0x00000006c5200000)
}
Event: 18.393 GC heap before
{Heap before GC invocations=8 (full 0):
 PSYoungGen      total 164352K, used 153445K [0x0000000797d00000, 0x00000007abf00000, 0x0000000800000000)
  eden space 131072K, 100% used [0x0000000797d00000,0x000000079fd00000,0x000000079fd00000)
  from space 33280K, 67% used [0x000000079fd00000,0x00000007a12d9788,0x00000007a1d80000)
  to   space 33792K, 0% used [0x00000007a9e00000,0x00000007a9e00000,0x00000007abf00000)
 ParOldGen       total 175104K, used 37834K [0x00000006c7800000, 0x00000006d2300000, 0x0000000797d00000)
  object space 175104K, 21% used [0x00000006c7800000,0x00000006c9cf2910,0x00000006d2300000)
 PSPermGen       total 47104K, used 46763K [0x00000006c2600000, 0x00000006c5400000, 0x00000006c7800000)
  object space 47104K, 99% used [0x00000006c2600000,0x00000006c53aac68,0x00000006c5400000)
Event: 18.415 GC heap after
Heap after GC invocations=8 (full 0):
 PSYoungGen      total 281600K, used 33764K [0x0000000797d00000, 0x00000007adb00000, 0x0000000800000000)
  eden space 247808K, 0% used [0x0000000797d00000,0x0000000797d00000,0x00000007a6f00000)
  from space 33792K, 99% used [0x00000007a9e00000,0x00000007abef9220,0x00000007abf00000)
  to   space 48128K, 0% used [0x00000007a6f00000,0x00000007a6f00000,0x00000007a9e00000)
 ParOldGen       total 175104K, used 58635K [0x00000006c7800000, 0x00000006d2300000, 0x0000000797d00000)
  object space 175104K, 33% used [0x00000006c7800000,0x00000006cb142c08,0x00000006d2300000)
 PSPermGen       total 47104K, used 46763K [0x00000006c2600000, 0x00000006c5400000, 0x00000006c7800000)
  object space 47104K, 99% used [0x00000006c2600000,0x00000006c53aac68,0x00000006c5400000)
}
Event: 361.353 GC heap before
{Heap before GC invocations=9 (full 0):
 PSYoungGen      total 281600K, used 281572K [0x0000000797d00000, 0x00000007adb00000, 0x0000000800000000)
  eden space 247808K, 100% used [0x0000000797d00000,0x00000007a6f00000,0x00000007a6f00000)
  from space 33792K, 99% used [0x00000007a9e00000,0x00000007abef9220,0x00000007abf00000)
  to   space 48128K, 0% used [0x00000007a6f00000,0x00000007a6f00000,0x00000007a9e00000)
 ParOldGen       total 175104K, used 58635K [0x00000006c7800000, 0x00000006d2300000, 0x0000000797d00000)
  object space 175104K, 33% used [0x00000006c7800000,0x00000006cb142c08,0x00000006d2300000)
 PSPermGen       total 54784K, used 54552K [0x00000006c2600000, 0x00000006c5b80000, 0x00000006c7800000)
  object space 54784K, 99% used [0x00000006c2600000,0x00000006c5b46348,0x00000006c5b80000)
Event: 361.375 GC heap after
Heap after GC invocations=9 (full 0):
 PSYoungGen      total 295936K, used 42643K [0x0000000797d00000, 0x00000007b6880000, 0x0000000800000000)
  eden space 247808K, 0% used [0x0000000797d00000,0x0000000797d00000,0x00000007a6f00000)
  from space 48128K, 88% used [0x00000007a6f00000,0x00000007a98a4ca8,0x00000007a9e00000)
  to   space 53248K, 0% used [0x00000007b3480000,0x00000007b3480000,0x00000007b6880000)
 ParOldGen       total 175104K, used 67521K [0x00000006c7800000, 0x00000006d2300000, 0x0000000797d00000)
  object space 175104K, 38% used [0x00000006c7800000,0x00000006cb9f0788,0x00000006d2300000)
 PSPermGen       total 54784K, used 54552K [0x00000006c2600000, 0x00000006c5b80000, 0x00000006c7800000)
  object space 54784K, 99% used [0x00000006c2600000,0x00000006c5b46348,0x00000006c5b80000)
}
Event: 610.500 GC heap before
{Heap before GC invocations=10 (full 0):
 PSYoungGen      total 295936K, used 290451K [0x0000000797d00000, 0x00000007b6880000, 0x0000000800000000)
  eden space 247808K, 100% used [0x0000000797d00000,0x00000007a6f00000,0x00000007a6f00000)
  from space 48128K, 88% used [0x00000007a6f00000,0x00000007a98a4ca8,0x00000007a9e00000)
  to   space 53248K, 0% used [0x00000007b3480000,0x00000007b3480000,0x00000007b6880000)
 ParOldGen       total 175104K, used 67521K [0x00000006c7800000, 0x00000006d2300000, 0x0000000797d00000)
  object space 175104K, 38% used [0x00000006c7800000,0x00000006cb9f0788,0x00000006d2300000)
 PSPermGen       total 55296K, used 54822K [0x00000006c2600000, 0x00000006c5c00000, 0x00000006c7800000)
  object space 55296K, 99% used [0x00000006c2600000,0x00000006c5b899d0,0x00000006c5c00000)
Event: 610.517 GC heap after
Heap after GC invocations=10 (full 0):
 PSYoungGen      total 260608K, used 22283K [0x0000000797d00000, 0x00000007b4a80000, 0x0000000800000000)
  eden space 238080K, 0% used [0x0000000797d00000,0x0000000797d00000,0x00000007a6580000)
  from space 22528K, 98% used [0x00000007b3480000,0x00000007b4a42c40,0x00000007b4a80000)
  to   space 50688K, 0% used [0x00000007ae780000,0x00000007ae780000,0x00000007b1900000)
 ParOldGen       total 175104K, used 86257K [0x00000006c7800000, 0x00000006d2300000, 0x0000000797d00000)
  object space 175104K, 49% used [0x00000006c7800000,0x00000006ccc3c528,0x00000006d2300000)
 PSPermGen       total 55296K, used 54822K [0x00000006c2600000, 0x00000006c5c00000, 0x00000006c7800000)
  object space 55296K, 99% used [0x00000006c2600000,0x00000006c5b899d0,0x00000006c5c00000)
}

