# JRE version: Java(TM) SE Runtime Environment (7.0_45-b18) (build 1.7.0_45-b18)
# Java VM: Java HotSpot(TM) 64-Bit Server VM (24.45-b08 mixed mode linux-amd64 compressed oops)
Heap
 PSYoungGen      total 75264K, used 28663K [0x0000000759500000, 0x0000000760400000, 0x0000000800000000)
  eden space 64512K, 27% used [0x0000000759500000,0x000000075a6830e8,0x000000075d400000)
  from space 10752K, 99% used [0x000000075d580000,0x000000075dffac48,0x000000075e000000)
  to   space 24576K, 0% used [0x000000075ec00000,0x000000075ec00000,0x0000000760400000)
 ParOldGen       total 175104K, used 21840K [0x000000060c000000, 0x0000000616b00000, 0x0000000759500000)
  object space 175104K, 12% used [0x000000060c000000,0x000000060d554318,0x0000000616b00000)
 PSPermGen       total 49664K, used 49175K [0x0000000606e00000, 0x0000000609e80000, 0x000000060c000000)
  object space 49664K, 99% used [0x0000000606e00000,0x0000000609e05f68,0x0000000609e80000)
GC Heap History (10 events):
Event: 0.702 GC heap before
{Heap before GC invocations=1 (full 0):
 PSYoungGen      total 76800K, used 66048K [0x0000000759500000, 0x000000075ea80000, 0x0000000800000000)
  eden space 66048K, 100% used [0x0000000759500000,0x000000075d580000,0x000000075d580000)
  from space 10752K, 0% used [0x000000075e000000,0x000000075e000000,0x000000075ea80000)
  to   space 10752K, 0% used [0x000000075d580000,0x000000075d580000,0x000000075e000000)
 ParOldGen       total 175104K, used 0K [0x000000060c000000, 0x0000000616b00000, 0x0000000759500000)
  object space 175104K, 0% used [0x000000060c000000,0x000000060c000000,0x0000000616b00000)
 PSPermGen       total 21504K, used 14600K [0x0000000606e00000, 0x0000000608300000, 0x000000060c000000)
  object space 21504K, 67% used [0x0000000606e00000,0x0000000607c420d0,0x0000000608300000)
Event: 0.707 GC heap after
Heap after GC invocations=1 (full 0):
 PSYoungGen      total 76800K, used 5459K [0x0000000759500000, 0x000000075ea80000, 0x0000000800000000)
  eden space 66048K, 0% used [0x0000000759500000,0x0000000759500000,0x000000075d580000)
  from space 10752K, 50% used [0x000000075d580000,0x000000075dad4f20,0x000000075e000000)
  to   space 10752K, 0% used [0x000000075e000000,0x000000075e000000,0x000000075ea80000)
 ParOldGen       total 175104K, used 72K [0x000000060c000000, 0x0000000616b00000, 0x0000000759500000)
  object space 175104K, 0% used [0x000000060c000000,0x000000060c012010,0x0000000616b00000)
 PSPermGen       total 21504K, used 14600K [0x0000000606e00000, 0x0000000608300000, 0x000000060c000000)
  object space 21504K, 67% used [0x0000000606e00000,0x0000000607c420d0,0x0000000608300000)
}
Event: 1.308 GC heap before
{Heap before GC invocations=2 (full 0):
 PSYoungGen      total 76800K, used 71507K [0x0000000759500000, 0x000000075ea80000, 0x0000000800000000)
  eden space 66048K, 100% used [0x0000000759500000,0x000000075d580000,0x000000075d580000)
  from space 10752K, 50% used [0x000000075d580000,0x000000075dad4f20,0x000000075e000000)
  to   space 10752K, 0% used [0x000000075e000000,0x000000075e000000,0x000000075ea80000)
 ParOldGen       total 175104K, used 72K [0x000000060c000000, 0x0000000616b00000, 0x0000000759500000)
  object space 175104K, 0% used [0x000000060c000000,0x000000060c012010,0x0000000616b00000)
 PSPermGen       total 22016K, used 21724K [0x0000000606e00000, 0x0000000608380000, 0x000000060c000000)
  object space 22016K, 98% used [0x0000000606e00000,0x00000006083370b8,0x0000000608380000)
Event: 1.315 GC heap after
Heap after GC invocations=2 (full 0):
 PSYoungGen      total 76800K, used 9533K [0x0000000759500000, 0x000000075ea80000, 0x0000000800000000)
  eden space 66048K, 0% used [0x0000000759500000,0x0000000759500000,0x000000075d580000)
  from space 10752K, 88% used [0x000000075e000000,0x000000075e94f6f0,0x000000075ea80000)
  to   space 10752K, 0% used [0x000000075d580000,0x000000075d580000,0x000000075e000000)
 ParOldGen       total 175104K, used 80K [0x000000060c000000, 0x0000000616b00000, 0x0000000759500000)
  object space 175104K, 0% used [0x000000060c000000,0x000000060c014010,0x0000000616b00000)
 PSPermGen       total 22016K, used 21724K [0x0000000606e00000, 0x0000000608380000, 0x000000060c000000)
  object space 22016K, 98% used [0x0000000606e00000,0x00000006083370b8,0x0000000608380000)
}
Event: 2.255 GC heap before
{Heap before GC invocations=3 (full 0):
 PSYoungGen      total 76800K, used 75581K [0x0000000759500000, 0x000000075ea80000, 0x0000000800000000)
  eden space 66048K, 100% used [0x0000000759500000,0x000000075d580000,0x000000075d580000)
  from space 10752K, 88% used [0x000000075e000000,0x000000075e94f6f0,0x000000075ea80000)
  to   space 10752K, 0% used [0x000000075d580000,0x000000075d580000,0x000000075e000000)
 ParOldGen       total 175104K, used 80K [0x000000060c000000, 0x0000000616b00000, 0x0000000759500000)
  object space 175104K, 0% used [0x000000060c000000,0x000000060c014010,0x0000000616b00000)
 PSPermGen       total 35840K, used 35387K [0x0000000606e00000, 0x0000000609100000, 0x000000060c000000)
  object space 35840K, 98% used [0x0000000606e00000,0x000000060908ecc0,0x0000000609100000)
Event: 2.264 GC heap after
Heap after GC invocations=3 (full 0):
 PSYoungGen      total 76800K, used 10736K [0x0000000759500000, 0x000000075ea80000, 0x0000000800000000)
  eden space 66048K, 0% used [0x0000000759500000,0x0000000759500000,0x000000075d580000)
  from space 10752K, 99% used [0x000000075d580000,0x000000075dffc168,0x000000075e000000)
  to   space 10752K, 0% used [0x000000075e000000,0x000000075e000000,0x000000075ea80000)
 ParOldGen       total 175104K, used 8593K [0x000000060c000000, 0x0000000616b00000, 0x0000000759500000)
  object space 175104K, 4% used [0x000000060c000000,0x000000060c864658,0x0000000616b00000)
 PSPermGen       total 35840K, used 35387K [0x0000000606e00000, 0x0000000609100000, 0x000000060c000000)
  object space 35840K, 98% used [0x0000000606e00000,0x000000060908ecc0,0x0000000609100000)
}
Event: 4.340 GC heap before
{Heap before GC invocations=4 (full 0):
 PSYoungGen      total 76800K, used 76784K [0x0000000759500000, 0x000000075ea80000, 0x0000000800000000)
  eden space 66048K, 100% used [0x0000000759500000,0x000000075d580000,0x000000075d580000)
  from space 10752K, 99% used [0x000000075d580000,0x000000075dffc168,0x000000075e000000)
  to   space 10752K, 0% used [0x000000075e000000,0x000000075e000000,0x000000075ea80000)
 ParOldGen       total 175104K, used 8593K [0x000000060c000000, 0x0000000616b00000, 0x0000000759500000)
  object space 175104K, 4% used [0x000000060c000000,0x000000060c864658,0x0000000616b00000)
 PSPermGen       total 43520K, used 43142K [0x0000000606e00000, 0x0000000609880000, 0x000000060c000000)
  object space 43520K, 99% used [0x0000000606e00000,0x0000000609821a70,0x0000000609880000)
Event: 4.352 GC heap after
Heap after GC invocations=4 (full 0):
 PSYoungGen      total 76800K, used 10747K [0x0000000759500000, 0x000000075ea80000, 0x0000000800000000)
  eden space 66048K, 0% used [0x0000000759500000,0x0000000759500000,0x000000075d580000)
  from space 10752K, 99% used [0x000000075e000000,0x000000075ea7efc0,0x000000075ea80000)
  to   space 10752K, 0% used [0x000000075d580000,0x000000075d580000,0x000000075e000000)
 ParOldGen       total 175104K, used 15737K [0x000000060c000000, 0x0000000616b00000, 0x0000000759500000)
  object space 175104K, 8% used [0x000000060c000000,0x000000060cf5e6e8,0x0000000616b00000)
 PSPermGen       total 43520K, used 43142K [0x0000000606e00000, 0x0000000609880000, 0x000000060c000000)
  object space 43520K, 99% used [0x0000000606e00000,0x0000000609821a70,0x0000000609880000)
}
Event: 9.898 GC heap before
{Heap before GC invocations=5 (full 0):
 PSYoungGen      total 76800K, used 73563K [0x0000000759500000, 0x000000075ea80000, 0x0000000800000000)
  eden space 66048K, 95% used [0x0000000759500000,0x000000075d257cf0,0x000000075d580000)
  from space 10752K, 99% used [0x000000075e000000,0x000000075ea7efc0,0x000000075ea80000)
  to   space 10752K, 0% used [0x000000075d580000,0x000000075d580000,0x000000075e000000)
 ParOldGen       total 175104K, used 15737K [0x000000060c000000, 0x0000000616b00000, 0x0000000759500000)
  object space 175104K, 8% used [0x000000060c000000,0x000000060cf5e6e8,0x0000000616b00000)
 PSPermGen       total 49152K, used 49150K [0x0000000606e00000, 0x0000000609e00000, 0x000000060c000000)
  object space 49152K, 99% used [0x0000000606e00000,0x0000000609dffa80,0x0000000609e00000)
Event: 9.909 GC heap after
Heap after GC invocations=5 (full 0):
 PSYoungGen      total 75264K, used 10731K [0x0000000759500000, 0x0000000760400000, 0x0000000800000000)
  eden space 64512K, 0% used [0x0000000759500000,0x0000000759500000,0x000000075d400000)
  from space 10752K, 99% used [0x000000075d580000,0x000000075dffac48,0x000000075e000000)
  to   space 24576K, 0% used [0x000000075ec00000,0x000000075ec00000,0x0000000760400000)
 ParOldGen       total 175104K, used 21840K [0x000000060c000000, 0x0000000616b00000, 0x0000000759500000)
  object space 175104K, 12% used [0x000000060c000000,0x000000060d554318,0x0000000616b00000)
 PSPermGen       total 49152K, used 49150K [0x0000000606e00000, 0x0000000609e00000, 0x000000060c000000)
  object space 49152K, 99% used [0x0000000606e00000,0x0000000609dffa80,0x0000000609e00000)
}

