# JRE version: Java(TM) SE Runtime Environment (7.0_45-b18) (build 1.7.0_45-b18)
# Java VM: Java HotSpot(TM) 64-Bit Server VM (24.45-b08 mixed mode linux-amd64 compressed oops)
Heap
 PSYoungGen      total 53760K, used 9327K [0x0000000759500000, 0x000000075fe00000, 0x0000000800000000)
  eden space 53248K, 16% used [0x0000000759500000,0x0000000759dbbe60,0x000000075c900000)
  from space 512K, 75% used [0x000000075ca00000,0x000000075ca60000,0x000000075ca80000)
  to   space 27136K, 0% used [0x000000075e380000,0x000000075e380000,0x000000075fe00000)
 ParOldGen       total 175104K, used 39051K [0x000000060c000000, 0x0000000616b00000, 0x0000000759500000)
  object space 175104K, 22% used [0x000000060c000000,0x000000060e622c78,0x0000000616b00000)
 PSPermGen       total 54784K, used 54631K [0x0000000606e00000, 0x000000060a380000, 0x000000060c000000)
  object space 54784K, 99% used [0x0000000606e00000,0x000000060a359d48,0x000000060a380000)
GC Heap History (10 events):
Event: 55.638 GC heap before
{Heap before GC invocations=11 (full 0):
 PSYoungGen      total 84480K, used 58752K [0x0000000759500000, 0x0000000760300000, 0x0000000800000000)
  eden space 58368K, 100% used [0x0000000759500000,0x000000075ce00000,0x000000075ce00000)
  from space 26112K, 1% used [0x000000075e880000,0x000000075e8e0010,0x0000000760200000)
  to   space 27136K, 0% used [0x000000075ce00000,0x000000075ce00000,0x000000075e880000)
 ParOldGen       total 175104K, used 38682K [0x000000060c000000, 0x0000000616b00000, 0x0000000759500000)
  object space 175104K, 22% used [0x000000060c000000,0x000000060e5c6920,0x0000000616b00000)
 PSPermGen       total 54784K, used 54460K [0x0000000606e00000, 0x000000060a380000, 0x000000060c000000)
  object space 54784K, 99% used [0x0000000606e00000,0x000000060a32f150,0x000000060a380000)
Event: 55.641 GC heap after
Heap after GC invocations=11 (full 0):
 PSYoungGen      total 57856K, used 352K [0x0000000759500000, 0x0000000760300000, 0x0000000800000000)
  eden space 57344K, 0% used [0x0000000759500000,0x0000000759500000,0x000000075cd00000)
  from space 512K, 68% used [0x000000075ce00000,0x000000075ce58000,0x000000075ce80000)
  to   space 27648K, 0% used [0x000000075e800000,0x000000075e800000,0x0000000760300000)
 ParOldGen       total 175104K, used 38778K [0x000000060c000000, 0x0000000616b00000, 0x0000000759500000)
  object space 175104K, 22% used [0x000000060c000000,0x000000060e5de930,0x0000000616b00000)
 PSPermGen       total 54784K, used 54460K [0x0000000606e00000, 0x000000060a380000, 0x000000060c000000)
  object space 54784K, 99% used [0x0000000606e00000,0x000000060a32f150,0x000000060a380000)
}
Event: 67.775 GC heap before
{Heap before GC invocations=12 (full 0):
 PSYoungGen      total 57856K, used 57696K [0x0000000759500000, 0x0000000760300000, 0x0000000800000000)
  eden space 57344K, 100% used [0x0000000759500000,0x000000075cd00000,0x000000075cd00000)
  from space 512K, 68% used [0x000000075ce00000,0x000000075ce58000,0x000000075ce80000)
  to   space 27648K, 0% used [0x000000075e800000,0x000000075e800000,0x0000000760300000)
 ParOldGen       total 175104K, used 38778K [0x000000060c000000, 0x0000000616b00000, 0x0000000759500000)
  object space 175104K, 22% used [0x000000060c000000,0x000000060e5de930,0x0000000616b00000)
 PSPermGen       total 54784K, used 54554K [0x0000000606e00000, 0x000000060a380000, 0x000000060c000000)
  object space 54784K, 99% used [0x0000000606e00000,0x000000060a346a40,0x000000060a380000)
Event: 67.778 GC heap after
Heap after GC invocations=12 (full 0):
 PSYoungGen      total 83968K, used 512K [0x0000000759500000, 0x0000000760300000, 0x0000000800000000)
  eden space 56320K, 0% used [0x0000000759500000,0x0000000759500000,0x000000075cc00000)
  from space 27648K, 1% used [0x000000075e800000,0x000000075e880000,0x0000000760300000)
  to   space 28160K, 0% used [0x000000075cc00000,0x000000075cc00000,0x000000075e780000)
 ParOldGen       total 175104K, used 38842K [0x000000060c000000, 0x0000000616b00000, 0x0000000759500000)
  object space 175104K, 22% used [0x000000060c000000,0x000000060e5ee930,0x0000000616b00000)
 PSPermGen       total 54784K, used 54554K [0x0000000606e00000, 0x000000060a380000, 0x000000060c000000)
  object space 54784K, 99% used [0x0000000606e00000,0x000000060a346a40,0x000000060a380000)
}
Event: 68.877 GC heap before
{Heap before GC invocations=13 (full 0):
 PSYoungGen      total 83968K, used 56832K [0x0000000759500000, 0x0000000760300000, 0x0000000800000000)
  eden space 56320K, 100% used [0x0000000759500000,0x000000075cc00000,0x000000075cc00000)
  from space 27648K, 1% used [0x000000075e800000,0x000000075e880000,0x0000000760300000)
  to   space 28160K, 0% used [0x000000075cc00000,0x000000075cc00000,0x000000075e780000)
 ParOldGen       total 175104K, used 38842K [0x000000060c000000, 0x0000000616b00000, 0x0000000759500000)
  object space 175104K, 22% used [0x000000060c000000,0x000000060e5ee930,0x0000000616b00000)
 PSPermGen       total 54784K, used 54562K [0x0000000606e00000, 0x000000060a380000, 0x000000060c000000)
  object space 54784K, 99% used [0x0000000606e00000,0x000000060a348900,0x000000060a380000)
Event: 68.879 GC heap after
Heap after GC invocations=13 (full 0):
 PSYoungGen      total 55808K, used 352K [0x0000000759500000, 0x0000000760200000, 0x0000000800000000)
  eden space 55296K, 0% used [0x0000000759500000,0x0000000759500000,0x000000075cb00000)
  from space 512K, 68% used [0x000000075cc00000,0x000000075cc58000,0x000000075cc80000)
  to   space 28160K, 0% used [0x000000075e680000,0x000000075e680000,0x0000000760200000)
 ParOldGen       total 175104K, used 38955K [0x000000060c000000, 0x0000000616b00000, 0x0000000759500000)
  object space 175104K, 22% used [0x000000060c000000,0x000000060e60ac78,0x0000000616b00000)
 PSPermGen       total 54784K, used 54562K [0x0000000606e00000, 0x000000060a380000, 0x000000060c000000)
  object space 54784K, 99% used [0x0000000606e00000,0x000000060a348900,0x000000060a380000)
}
Event: 73.097 GC heap before
{Heap before GC invocations=14 (full 0):
 PSYoungGen      total 55808K, used 55648K [0x0000000759500000, 0x0000000760200000, 0x0000000800000000)
  eden space 55296K, 100% used [0x0000000759500000,0x000000075cb00000,0x000000075cb00000)
  from space 512K, 68% used [0x000000075cc00000,0x000000075cc58000,0x000000075cc80000)
  to   space 28160K, 0% used [0x000000075e680000,0x000000075e680000,0x0000000760200000)
 ParOldGen       total 175104K, used 38955K [0x000000060c000000, 0x0000000616b00000, 0x0000000759500000)
  object space 175104K, 22% used [0x000000060c000000,0x000000060e60ac78,0x0000000616b00000)
 PSPermGen       total 54784K, used 54570K [0x0000000606e00000, 0x000000060a380000, 0x000000060c000000)
  object space 54784K, 99% used [0x0000000606e00000,0x000000060a34ab48,0x000000060a380000)
Event: 73.099 GC heap after
Heap after GC invocations=14 (full 0):
 PSYoungGen      total 80384K, used 320K [0x0000000759500000, 0x0000000760000000, 0x0000000800000000)
  eden space 54272K, 0% used [0x0000000759500000,0x0000000759500000,0x000000075ca00000)
  from space 26112K, 1% used [0x000000075e680000,0x000000075e6d0000,0x0000000760000000)
  to   space 27648K, 0% used [0x000000075ca00000,0x000000075ca00000,0x000000075e500000)
 ParOldGen       total 175104K, used 39003K [0x000000060c000000, 0x0000000616b00000, 0x0000000759500000)
  object space 175104K, 22% used [0x000000060c000000,0x000000060e616c78,0x0000000616b00000)
 PSPermGen       total 54784K, used 54570K [0x0000000606e00000, 0x000000060a380000, 0x000000060c000000)
  object space 54784K, 99% used [0x0000000606e00000,0x000000060a34ab48,0x000000060a380000)
}
Event: 85.245 GC heap before
{Heap before GC invocations=15 (full 0):
 PSYoungGen      total 80384K, used 54592K [0x0000000759500000, 0x0000000760000000, 0x0000000800000000)
  eden space 54272K, 100% used [0x0000000759500000,0x000000075ca00000,0x000000075ca00000)
  from space 26112K, 1% used [0x000000075e680000,0x000000075e6d0000,0x0000000760000000)
  to   space 27648K, 0% used [0x000000075ca00000,0x000000075ca00000,0x000000075e500000)
 ParOldGen       total 175104K, used 39003K [0x000000060c000000, 0x0000000616b00000, 0x0000000759500000)
  object space 175104K, 22% used [0x000000060c000000,0x000000060e616c78,0x0000000616b00000)
 PSPermGen       total 54784K, used 54609K [0x0000000606e00000, 0x000000060a380000, 0x000000060c000000)
  object space 54784K, 99% used [0x0000000606e00000,0x000000060a354570,0x000000060a380000)
Event: 85.247 GC heap after
Heap after GC invocations=15 (full 0):
 PSYoungGen      total 53760K, used 384K [0x0000000759500000, 0x000000075fe00000, 0x0000000800000000)
  eden space 53248K, 0% used [0x0000000759500000,0x0000000759500000,0x000000075c900000)
  from space 512K, 75% used [0x000000075ca00000,0x000000075ca60000,0x000000075ca80000)
  to   space 27136K, 0% used [0x000000075e380000,0x000000075e380000,0x000000075fe00000)
 ParOldGen       total 175104K, used 39051K [0x000000060c000000, 0x0000000616b00000, 0x0000000759500000)
  object space 175104K, 22% used [0x000000060c000000,0x000000060e622c78,0x0000000616b00000)
 PSPermGen       total 54784K, used 54609K [0x0000000606e00000, 0x000000060a380000, 0x000000060c000000)
  object space 54784K, 99% used [0x0000000606e00000,0x000000060a354570,0x000000060a380000)
}

