# JRE version: Java(TM) SE Runtime Environment (7.0_45-b18) (build 1.7.0_45-b18)
# Java VM: Java HotSpot(TM) 64-Bit Server VM (24.45-b08 mixed mode linux-amd64 compressed oops)
Heap
 PSYoungGen      total 255488K, used 64469K [0x00000000eb280000, 0x0000000100000000, 0x0000000100000000)
  eden space 203264K, 9% used [0x00000000eb280000,0x00000000ec59c700,0x00000000f7900000)
  from space 52224K, 85% used [0x00000000fcd00000,0x00000000ff8d8dd0,0x0000000100000000)
  to   space 69120K, 0% used [0x00000000f7900000,0x00000000f7900000,0x00000000fbc80000)
 ParOldGen       total 175104K, used 103009K [0x00000000c1800000, 0x00000000cc300000, 0x00000000eb280000)
  object space 175104K, 58% used [0x00000000c1800000,0x00000000c7c98480,0x00000000cc300000)
 PSPermGen       total 54784K, used 54477K [0x00000000bc600000, 0x00000000bfb80000, 0x00000000c1800000)
  object space 54784K, 99% used [0x00000000bc600000,0x00000000bfb33600,0x00000000bfb80000)
GC Heap History (10 events):
Event: 4.633 GC heap before
{Heap before GC invocations=6 (full 0):
 PSYoungGen      total 76800K, used 76783K [0x00000000eb280000, 0x00000000f5f80000, 0x0000000100000000)
  eden space 66048K, 100% used [0x00000000eb280000,0x00000000ef300000,0x00000000ef300000)
  from space 10752K, 99% used [0x00000000ef300000,0x00000000efd7bf68,0x00000000efd80000)
  to   space 22528K, 0% used [0x00000000f4980000,0x00000000f4980000,0x00000000f5f80000)
 ParOldGen       total 175104K, used 16761K [0x00000000c1800000, 0x00000000cc300000, 0x00000000eb280000)
  object space 175104K, 9% used [0x00000000c1800000,0x00000000c285e670,0x00000000cc300000)
 PSPermGen       total 34816K, used 34679K [0x00000000bc600000, 0x00000000be800000, 0x00000000c1800000)
  object space 34816K, 99% used [0x00000000bc600000,0x00000000be7dde20,0x00000000be800000)
Event: 4.640 GC heap after
Heap after GC invocations=6 (full 0):
 PSYoungGen      total 154112K, used 16791K [0x00000000eb280000, 0x00000000f6080000, 0x0000000100000000)
  eden space 131584K, 0% used [0x00000000eb280000,0x00000000eb280000,0x00000000f3300000)
  from space 22528K, 74% used [0x00000000f4980000,0x00000000f59e5e90,0x00000000f5f80000)
  to   space 23040K, 0% used [0x00000000f3300000,0x00000000f3300000,0x00000000f4980000)
 ParOldGen       total 175104K, used 16769K [0x00000000c1800000, 0x00000000cc300000, 0x00000000eb280000)
  object space 175104K, 9% used [0x00000000c1800000,0x00000000c2860670,0x00000000cc300000)
 PSPermGen       total 34816K, used 34679K [0x00000000bc600000, 0x00000000be800000, 0x00000000c1800000)
  object space 34816K, 99% used [0x00000000bc600000,0x00000000be7dde20,0x00000000be800000)
}
Event: 4.959 GC heap before
{Heap before GC invocations=7 (full 0):
 PSYoungGen      total 154112K, used 148375K [0x00000000eb280000, 0x00000000f6080000, 0x0000000100000000)
  eden space 131584K, 100% used [0x00000000eb280000,0x00000000f3300000,0x00000000f3300000)
  from space 22528K, 74% used [0x00000000f4980000,0x00000000f59e5e90,0x00000000f5f80000)
  to   space 23040K, 0% used [0x00000000f3300000,0x00000000f3300000,0x00000000f4980000)
 ParOldGen       total 175104K, used 16769K [0x00000000c1800000, 0x00000000cc300000, 0x00000000eb280000)
  object space 175104K, 9% used [0x00000000c1800000,0x00000000c2860670,0x00000000cc300000)
 PSPermGen       total 35328K, used 34838K [0x00000000bc600000, 0x00000000be880000, 0x00000000c1800000)
  object space 35328K, 98% used [0x00000000bc600000,0x00000000be805ba0,0x00000000be880000)
Event: 4.976 GC heap after
Heap after GC invocations=7 (full 0):
 PSYoungGen      total 154624K, used 23027K [0x00000000eb280000, 0x00000000ffd80000, 0x0000000100000000)
  eden space 131584K, 0% used [0x00000000eb280000,0x00000000eb280000,0x00000000f3300000)
  from space 23040K, 99% used [0x00000000f3300000,0x00000000f497ce08,0x00000000f4980000)
  to   space 37888K, 0% used [0x00000000fd880000,0x00000000fd880000,0x00000000ffd80000)
 ParOldGen       total 175104K, used 38484K [0x00000000c1800000, 0x00000000cc300000, 0x00000000eb280000)
  object space 175104K, 21% used [0x00000000c1800000,0x00000000c3d95178,0x00000000cc300000)
 PSPermGen       total 35328K, used 34838K [0x00000000bc600000, 0x00000000be880000, 0x00000000c1800000)
  object space 35328K, 98% used [0x00000000bc600000,0x00000000be805ba0,0x00000000be880000)
}
Event: 11.189 GC heap before
{Heap before GC invocations=8 (full 0):
 PSYoungGen      total 154624K, used 151424K [0x00000000eb280000, 0x00000000ffd80000, 0x0000000100000000)
  eden space 131584K, 97% used [0x00000000eb280000,0x00000000f2fe3388,0x00000000f3300000)
  from space 23040K, 99% used [0x00000000f3300000,0x00000000f497ce08,0x00000000f4980000)
  to   space 37888K, 0% used [0x00000000fd880000,0x00000000fd880000,0x00000000ffd80000)
 ParOldGen       total 175104K, used 38484K [0x00000000c1800000, 0x00000000cc300000, 0x00000000eb280000)
  object space 175104K, 21% used [0x00000000c1800000,0x00000000c3d95178,0x00000000cc300000)
 PSPermGen       total 38400K, used 38345K [0x00000000bc600000, 0x00000000beb80000, 0x00000000c1800000)
  object space 38400K, 99% used [0x00000000bc600000,0x00000000beb72430,0x00000000beb80000)
Event: 11.207 GC heap after
Heap after GC invocations=8 (full 0):
 PSYoungGen      total 274944K, used 37881K [0x00000000eb280000, 0x0000000100000000, 0x0000000100000000)
  eden space 237056K, 0% used [0x00000000eb280000,0x00000000eb280000,0x00000000f9a00000)
  from space 37888K, 99% used [0x00000000fd880000,0x00000000ffd7e7f0,0x00000000ffd80000)
  to   space 52224K, 0% used [0x00000000f9a00000,0x00000000f9a00000,0x00000000fcd00000)
 ParOldGen       total 175104K, used 56589K [0x00000000c1800000, 0x00000000cc300000, 0x00000000eb280000)
  object space 175104K, 32% used [0x00000000c1800000,0x00000000c4f436c8,0x00000000cc300000)
 PSPermGen       total 38400K, used 38345K [0x00000000bc600000, 0x00000000beb80000, 0x00000000c1800000)
  object space 38400K, 99% used [0x00000000bc600000,0x00000000beb72430,0x00000000beb80000)
}
Event: 118.251 GC heap before
{Heap before GC invocations=9 (full 0):
 PSYoungGen      total 274944K, used 274937K [0x00000000eb280000, 0x0000000100000000, 0x0000000100000000)
  eden space 237056K, 100% used [0x00000000eb280000,0x00000000f9a00000,0x00000000f9a00000)
  from space 37888K, 99% used [0x00000000fd880000,0x00000000ffd7e7f0,0x00000000ffd80000)
  to   space 52224K, 0% used [0x00000000f9a00000,0x00000000f9a00000,0x00000000fcd00000)
 ParOldGen       total 175104K, used 56589K [0x00000000c1800000, 0x00000000cc300000, 0x00000000eb280000)
  object space 175104K, 32% used [0x00000000c1800000,0x00000000c4f436c8,0x00000000cc300000)
 PSPermGen       total 41472K, used 41458K [0x00000000bc600000, 0x00000000bee80000, 0x00000000c1800000)
  object space 41472K, 99% used [0x00000000bc600000,0x00000000bee7cb88,0x00000000bee80000)
Event: 118.274 GC heap after
Heap after GC invocations=9 (full 0):
 PSYoungGen      total 289280K, used 52222K [0x00000000eb280000, 0x0000000100000000, 0x0000000100000000)
  eden space 237056K, 0% used [0x00000000eb280000,0x00000000eb280000,0x00000000f9a00000)
  from space 52224K, 99% used [0x00000000f9a00000,0x00000000fccffaf0,0x00000000fcd00000)
  to   space 52224K, 0% used [0x00000000fcd00000,0x00000000fcd00000,0x0000000100000000)
 ParOldGen       total 175104K, used 69821K [0x00000000c1800000, 0x00000000cc300000, 0x00000000eb280000)
  object space 175104K, 39% used [0x00000000c1800000,0x00000000c5c2f6d8,0x00000000cc300000)
 PSPermGen       total 41472K, used 41458K [0x00000000bc600000, 0x00000000bee80000, 0x00000000c1800000)
  object space 41472K, 99% used [0x00000000bc600000,0x00000000bee7cb88,0x00000000bee80000)
}
Event: 130.225 GC heap before
{Heap before GC invocations=10 (full 0):
 PSYoungGen      total 289280K, used 288808K [0x00000000eb280000, 0x0000000100000000, 0x0000000100000000)
  eden space 237056K, 99% used [0x00000000eb280000,0x00000000f998a518,0x00000000f9a00000)
  from space 52224K, 99% used [0x00000000f9a00000,0x00000000fccffaf0,0x00000000fcd00000)
  to   space 52224K, 0% used [0x00000000fcd00000,0x00000000fcd00000,0x0000000100000000)
 ParOldGen       total 175104K, used 69821K [0x00000000c1800000, 0x00000000cc300000, 0x00000000eb280000)
  object space 175104K, 39% used [0x00000000c1800000,0x00000000c5c2f6d8,0x00000000cc300000)
 PSPermGen       total 54784K, used 54451K [0x00000000bc600000, 0x00000000bfb80000, 0x00000000c1800000)
  object space 54784K, 99% used [0x00000000bc600000,0x00000000bfb2cff0,0x00000000bfb80000)
Event: 130.251 GC heap after
Heap after GC invocations=10 (full 0):
 PSYoungGen      total 255488K, used 44899K [0x00000000eb280000, 0x0000000100000000, 0x0000000100000000)
  eden space 203264K, 0% used [0x00000000eb280000,0x00000000eb280000,0x00000000f7900000)
  from space 52224K, 85% used [0x00000000fcd00000,0x00000000ff8d8dd0,0x0000000100000000)
  to   space 69120K, 0% used [0x00000000f7900000,0x00000000f7900000,0x00000000fbc80000)
 ParOldGen       total 175104K, used 103009K [0x00000000c1800000, 0x00000000cc300000, 0x00000000eb280000)
  object space 175104K, 58% used [0x00000000c1800000,0x00000000c7c98480,0x00000000cc300000)
 PSPermGen       total 54784K, used 54451K [0x00000000bc600000, 0x00000000bfb80000, 0x00000000c1800000)
  object space 54784K, 99% used [0x00000000bc600000,0x00000000bfb2cff0,0x00000000bfb80000)
}

