# JRE version: Java(TM) SE Runtime Environment (7.0_45-b18) (build 1.7.0_45-b18)
# Java VM: Java HotSpot(TM) 64-Bit Server VM (24.45-b08 mixed mode linux-amd64 compressed oops)
Heap
 PSYoungGen      total 86016K, used 49351K [0x0000000759500000, 0x0000000760480000, 0x0000000800000000)
  eden space 59904K, 48% used [0x0000000759500000,0x000000075b1360c8,0x000000075cf80000)
  from space 26112K, 78% used [0x000000075ea00000,0x000000075fdfbb48,0x0000000760380000)
  to   space 27136K, 0% used [0x000000075cf80000,0x000000075cf80000,0x000000075ea00000)
 ParOldGen       total 175104K, used 25737K [0x000000060c000000, 0x0000000616b00000, 0x0000000759500000)
  object space 175104K, 14% used [0x000000060c000000,0x000000060d922790,0x0000000616b00000)
 PSPermGen       total 53248K, used 53088K [0x0000000606e00000, 0x000000060a200000, 0x000000060c000000)
  object space 53248K, 99% used [0x0000000606e00000,0x000000060a1d83d8,0x000000060a200000)
GC Heap History (10 events):
Event: 11.322 GC heap before
{Heap before GC invocations=4 (full 0):
 PSYoungGen      total 76800K, used 76799K [0x0000000759500000, 0x000000075ea80000, 0x0000000800000000)
  eden space 66048K, 100% used [0x0000000759500000,0x000000075d580000,0x000000075d580000)
  from space 10752K, 99% used [0x000000075d580000,0x000000075dfffd38,0x000000075e000000)
  to   space 10752K, 0% used [0x000000075e000000,0x000000075e000000,0x000000075ea80000)
 ParOldGen       total 175104K, used 6213K [0x000000060c000000, 0x0000000616b00000, 0x0000000759500000)
  object space 175104K, 3% used [0x000000060c000000,0x000000060c611610,0x0000000616b00000)
 PSPermGen       total 37888K, used 37648K [0x0000000606e00000, 0x0000000609300000, 0x000000060c000000)
  object space 37888K, 99% used [0x0000000606e00000,0x00000006092c4008,0x0000000609300000)
Event: 11.330 GC heap after
Heap after GC invocations=4 (full 0):
 PSYoungGen      total 76800K, used 10736K [0x0000000759500000, 0x000000075ea80000, 0x0000000800000000)
  eden space 66048K, 0% used [0x0000000759500000,0x0000000759500000,0x000000075d580000)
  from space 10752K, 99% used [0x000000075e000000,0x000000075ea7c308,0x000000075ea80000)
  to   space 10752K, 0% used [0x000000075d580000,0x000000075d580000,0x000000075e000000)
 ParOldGen       total 175104K, used 11752K [0x000000060c000000, 0x0000000616b00000, 0x0000000759500000)
  object space 175104K, 6% used [0x000000060c000000,0x000000060cb7a170,0x0000000616b00000)
 PSPermGen       total 37888K, used 37648K [0x0000000606e00000, 0x0000000609300000, 0x000000060c000000)
  object space 37888K, 99% used [0x0000000606e00000,0x00000006092c4008,0x0000000609300000)
}
Event: 13.971 GC heap before
{Heap before GC invocations=5 (full 0):
 PSYoungGen      total 76800K, used 76784K [0x0000000759500000, 0x000000075ea80000, 0x0000000800000000)
  eden space 66048K, 100% used [0x0000000759500000,0x000000075d580000,0x000000075d580000)
  from space 10752K, 99% used [0x000000075e000000,0x000000075ea7c308,0x000000075ea80000)
  to   space 10752K, 0% used [0x000000075d580000,0x000000075d580000,0x000000075e000000)
 ParOldGen       total 175104K, used 11752K [0x000000060c000000, 0x0000000616b00000, 0x0000000759500000)
  object space 175104K, 6% used [0x000000060c000000,0x000000060cb7a170,0x0000000616b00000)
 PSPermGen       total 41472K, used 41284K [0x0000000606e00000, 0x0000000609680000, 0x000000060c000000)
  object space 41472K, 99% used [0x0000000606e00000,0x0000000609651188,0x0000000609680000)
Event: 13.979 GC heap after
Heap after GC invocations=5 (full 0):
 PSYoungGen      total 75264K, used 10733K [0x0000000759500000, 0x000000075ff00000, 0x0000000800000000)
  eden space 64512K, 0% used [0x0000000759500000,0x0000000759500000,0x000000075d400000)
  from space 10752K, 99% used [0x000000075d580000,0x000000075dffb720,0x000000075e000000)
  to   space 22016K, 0% used [0x000000075e980000,0x000000075e980000,0x000000075ff00000)
 ParOldGen       total 175104K, used 16545K [0x000000060c000000, 0x0000000616b00000, 0x0000000759500000)
  object space 175104K, 9% used [0x000000060c000000,0x000000060d028788,0x0000000616b00000)
 PSPermGen       total 41472K, used 41284K [0x0000000606e00000, 0x0000000609680000, 0x000000060c000000)
  object space 41472K, 99% used [0x0000000606e00000,0x0000000609651188,0x0000000609680000)
}
Event: 14.834 GC heap before
{Heap before GC invocations=6 (full 0):
 PSYoungGen      total 75264K, used 75245K [0x0000000759500000, 0x000000075ff00000, 0x0000000800000000)
  eden space 64512K, 100% used [0x0000000759500000,0x000000075d400000,0x000000075d400000)
  from space 10752K, 99% used [0x000000075d580000,0x000000075dffb720,0x000000075e000000)
  to   space 22016K, 0% used [0x000000075e980000,0x000000075e980000,0x000000075ff00000)
 ParOldGen       total 175104K, used 16545K [0x000000060c000000, 0x0000000616b00000, 0x0000000759500000)
  object space 175104K, 9% used [0x000000060c000000,0x000000060d028788,0x0000000616b00000)
 PSPermGen       total 50688K, used 50487K [0x0000000606e00000, 0x0000000609f80000, 0x000000060c000000)
  object space 50688K, 99% used [0x0000000606e00000,0x0000000609f4dc40,0x0000000609f80000)
Event: 14.846 GC heap after
Heap after GC invocations=6 (full 0):
 PSYoungGen      total 83968K, used 20002K [0x0000000759500000, 0x0000000760280000, 0x0000000800000000)
  eden space 61952K, 0% used [0x0000000759500000,0x0000000759500000,0x000000075d180000)
  from space 22016K, 90% used [0x000000075e980000,0x000000075fd08b70,0x000000075ff00000)
  to   space 24576K, 0% used [0x000000075d180000,0x000000075d180000,0x000000075e980000)
 ParOldGen       total 175104K, used 16545K [0x000000060c000000, 0x0000000616b00000, 0x0000000759500000)
  object space 175104K, 9% used [0x000000060c000000,0x000000060d028788,0x0000000616b00000)
 PSPermGen       total 50688K, used 50487K [0x0000000606e00000, 0x0000000609f80000, 0x000000060c000000)
  object space 50688K, 99% used [0x0000000606e00000,0x0000000609f4dc40,0x0000000609f80000)
}
Event: 18.917 GC heap before
{Heap before GC invocations=7 (full 0):
 PSYoungGen      total 83968K, used 81954K [0x0000000759500000, 0x0000000760280000, 0x0000000800000000)
  eden space 61952K, 100% used [0x0000000759500000,0x000000075d180000,0x000000075d180000)
  from space 22016K, 90% used [0x000000075e980000,0x000000075fd08b70,0x000000075ff00000)
  to   space 24576K, 0% used [0x000000075d180000,0x000000075d180000,0x000000075e980000)
 ParOldGen       total 175104K, used 16545K [0x000000060c000000, 0x0000000616b00000, 0x0000000759500000)
  object space 175104K, 9% used [0x000000060c000000,0x000000060d028788,0x0000000616b00000)
 PSPermGen       total 53248K, used 52802K [0x0000000606e00000, 0x000000060a200000, 0x000000060c000000)
  object space 53248K, 99% used [0x0000000606e00000,0x000000060a190a40,0x000000060a200000)
Event: 18.929 GC heap after
Heap after GC invocations=7 (full 0):
 PSYoungGen      total 85504K, used 19598K [0x0000000759500000, 0x0000000760380000, 0x0000000800000000)
  eden space 60928K, 0% used [0x0000000759500000,0x0000000759500000,0x000000075d080000)
  from space 24576K, 79% used [0x000000075d180000,0x000000075e4a3808,0x000000075e980000)
  to   space 26112K, 0% used [0x000000075ea00000,0x000000075ea00000,0x0000000760380000)
 ParOldGen       total 175104K, used 20558K [0x000000060c000000, 0x0000000616b00000, 0x0000000759500000)
  object space 175104K, 11% used [0x000000060c000000,0x000000060d413850,0x0000000616b00000)
 PSPermGen       total 53248K, used 52802K [0x0000000606e00000, 0x000000060a200000, 0x000000060c000000)
  object space 53248K, 99% used [0x0000000606e00000,0x000000060a190a40,0x000000060a200000)
}
Event: 26.435 GC heap before
{Heap before GC invocations=8 (full 0):
 PSYoungGen      total 85504K, used 80526K [0x0000000759500000, 0x0000000760380000, 0x0000000800000000)
  eden space 60928K, 100% used [0x0000000759500000,0x000000075d080000,0x000000075d080000)
  from space 24576K, 79% used [0x000000075d180000,0x000000075e4a3808,0x000000075e980000)
  to   space 26112K, 0% used [0x000000075ea00000,0x000000075ea00000,0x0000000760380000)
 ParOldGen       total 175104K, used 20558K [0x000000060c000000, 0x0000000616b00000, 0x0000000759500000)
  object space 175104K, 11% used [0x000000060c000000,0x000000060d413850,0x0000000616b00000)
 PSPermGen       total 53248K, used 52915K [0x0000000606e00000, 0x000000060a200000, 0x000000060c000000)
  object space 53248K, 99% used [0x0000000606e00000,0x000000060a1acd10,0x000000060a200000)
Event: 26.445 GC heap after
Heap after GC invocations=8 (full 0):
 PSYoungGen      total 86016K, used 20462K [0x0000000759500000, 0x0000000760480000, 0x0000000800000000)
  eden space 59904K, 0% used [0x0000000759500000,0x0000000759500000,0x000000075cf80000)
  from space 26112K, 78% used [0x000000075ea00000,0x000000075fdfbb48,0x0000000760380000)
  to   space 27136K, 0% used [0x000000075cf80000,0x000000075cf80000,0x000000075ea00000)
 ParOldGen       total 175104K, used 25737K [0x000000060c000000, 0x0000000616b00000, 0x0000000759500000)
  object space 175104K, 14% used [0x000000060c000000,0x000000060d922790,0x0000000616b00000)
 PSPermGen       total 53248K, used 52915K [0x0000000606e00000, 0x000000060a200000, 0x000000060c000000)
  object space 53248K, 99% used [0x0000000606e00000,0x000000060a1acd10,0x000000060a200000)
}

