# JRE version: Java(TM) SE Runtime Environment (7.0_45-b18) (build 1.7.0_45-b18)
# Java VM: Java HotSpot(TM) 64-Bit Server VM (24.45-b08 mixed mode linux-amd64 compressed oops)
Heap
 PSYoungGen      total 514048K, used 488298K [0x0000000797d00000, 0x00000007bfe80000, 0x0000000800000000)
  eden space 417792K, 100% used [0x0000000797d00000,0x00000007b1500000,0x00000007b1500000)
  from space 96256K, 73% used [0x00000007b1500000,0x00000007b59dab10,0x00000007b7300000)
  to   space 106496K, 0% used [0x00000007b9680000,0x00000007b9680000,0x00000007bfe80000)
 ParOldGen       total 774656K, used 774293K [0x00000006c7800000, 0x00000006f6c80000, 0x0000000797d00000)
  object space 774656K, 99% used [0x00000006c7800000,0x00000006f6c25408,0x00000006f6c80000)
 PSPermGen       total 83968K, used 51033K [0x00000006c2600000, 0x00000006c7800000, 0x00000006c7800000)
  object space 83968K, 60% used [0x00000006c2600000,0x00000006c57d64e8,0x00000006c7800000)
GC Heap History (10 events):
Event: 76.501 GC heap before
{Heap before GC invocations=13 (full 0):
 PSYoungGen      total 355840K, used 300992K [0x0000000797d00000, 0x00000007b1000000, 0x0000000800000000)
  eden space 300544K, 100% used [0x0000000797d00000,0x00000007aa280000,0x00000007aa280000)
  from space 55296K, 0% used [0x00000007ad900000,0x00000007ad970000,0x00000007b0f00000)
  to   space 55808K, 0% used [0x00000007aa280000,0x00000007aa280000,0x00000007ad900000)
 ParOldGen       total 175104K, used 108764K [0x00000006c7800000, 0x00000006d2300000, 0x0000000797d00000)
  object space 175104K, 62% used [0x00000006c7800000,0x00000006ce237128,0x00000006d2300000)
 PSPermGen       total 49152K, used 48871K [0x00000006c2600000, 0x00000006c5600000, 0x00000006c7800000)
  object space 49152K, 99% used [0x00000006c2600000,0x00000006c55b9e80,0x00000006c5600000)
Event: 76.531 GC heap after
Heap after GC invocations=13 (full 0):
 PSYoungGen      total 356352K, used 53613K [0x0000000797d00000, 0x00000007bd100000, 0x0000000800000000)
  eden space 300544K, 0% used [0x0000000797d00000,0x0000000797d00000,0x00000007aa280000)
  from space 55808K, 96% used [0x00000007aa280000,0x00000007ad6db780,0x00000007ad900000)
  to   space 64512K, 0% used [0x00000007b9200000,0x00000007b9200000,0x00000007bd100000)
 ParOldGen       total 175104K, used 108836K [0x00000006c7800000, 0x00000006d2300000, 0x0000000797d00000)
  object space 175104K, 62% used [0x00000006c7800000,0x00000006ce249128,0x00000006d2300000)
 PSPermGen       total 49152K, used 48871K [0x00000006c2600000, 0x00000006c5600000, 0x00000006c7800000)
  object space 49152K, 99% used [0x00000006c2600000,0x00000006c55b9e80,0x00000006c5600000)
}
Event: 85.676 GC heap before
{Heap before GC invocations=14 (full 0):
 PSYoungGen      total 356352K, used 354157K [0x0000000797d00000, 0x00000007bd100000, 0x0000000800000000)
  eden space 300544K, 100% used [0x0000000797d00000,0x00000007aa280000,0x00000007aa280000)
  from space 55808K, 96% used [0x00000007aa280000,0x00000007ad6db780,0x00000007ad900000)
  to   space 64512K, 0% used [0x00000007b9200000,0x00000007b9200000,0x00000007bd100000)
 ParOldGen       total 175104K, used 108836K [0x00000006c7800000, 0x00000006d2300000, 0x0000000797d00000)
  object space 175104K, 62% used [0x00000006c7800000,0x00000006ce249128,0x00000006d2300000)
 PSPermGen       total 49152K, used 49126K [0x00000006c2600000, 0x00000006c5600000, 0x00000006c7800000)
  object space 49152K, 99% used [0x00000006c2600000,0x00000006c55f98b0,0x00000006c5600000)
Event: 85.709 GC heap after
Heap after GC invocations=14 (full 0):
 PSYoungGen      total 352768K, used 64510K [0x0000000797d00000, 0x00000007bd100000, 0x0000000800000000)
  eden space 288256K, 0% used [0x0000000797d00000,0x0000000797d00000,0x00000007a9680000)
  from space 64512K, 99% used [0x00000007b9200000,0x00000007bd0ffbb0,0x00000007bd100000)
  to   space 96256K, 0% used [0x00000007b1500000,0x00000007b1500000,0x00000007b7300000)
 ParOldGen       total 175104K, used 165163K [0x00000006c7800000, 0x00000006d2300000, 0x0000000797d00000)
  object space 175104K, 94% used [0x00000006c7800000,0x00000006d194af20,0x00000006d2300000)
 PSPermGen       total 49152K, used 49126K [0x00000006c2600000, 0x00000006c5600000, 0x00000006c7800000)
  object space 49152K, 99% used [0x00000006c2600000,0x00000006c55f98b0,0x00000006c5600000)
}
Event: 85.709 GC heap before
{Heap before GC invocations=15 (full 1):
 PSYoungGen      total 352768K, used 64510K [0x0000000797d00000, 0x00000007bd100000, 0x0000000800000000)
  eden space 288256K, 0% used [0x0000000797d00000,0x0000000797d00000,0x00000007a9680000)
  from space 64512K, 99% used [0x00000007b9200000,0x00000007bd0ffbb0,0x00000007bd100000)
  to   space 96256K, 0% used [0x00000007b1500000,0x00000007b1500000,0x00000007b7300000)
 ParOldGen       total 175104K, used 165163K [0x00000006c7800000, 0x00000006d2300000, 0x0000000797d00000)
  object space 175104K, 94% used [0x00000006c7800000,0x00000006d194af20,0x00000006d2300000)
 PSPermGen       total 49152K, used 49126K [0x00000006c2600000, 0x00000006c5600000, 0x00000006c7800000)
  object space 49152K, 99% used [0x00000006c2600000,0x00000006c55f98b0,0x00000006c5600000)
Event: 86.037 GC heap after
Heap after GC invocations=15 (full 1):
 PSYoungGen      total 352768K, used 23522K [0x0000000797d00000, 0x00000007bd100000, 0x0000000800000000)
  eden space 288256K, 0% used [0x0000000797d00000,0x0000000797d00000,0x00000007a9680000)
  from space 64512K, 36% used [0x00000007b9200000,0x00000007ba8f8a70,0x00000007bd100000)
  to   space 96256K, 0% used [0x00000007b1500000,0x00000007b1500000,0x00000007b7300000)
 ParOldGen       total 305152K, used 174847K [0x00000006c7800000, 0x00000006da200000, 0x0000000797d00000)
  object space 305152K, 57% used [0x00000006c7800000,0x00000006d22bfed0,0x00000006da200000)
 PSPermGen       total 83968K, used 49104K [0x00000006c2600000, 0x00000006c7800000, 0x00000006c7800000)
  object space 83968K, 58% used [0x00000006c2600000,0x00000006c55f4180,0x00000006c7800000)
}
Event: 86.306 GC heap before
{Heap before GC invocations=16 (full 1):
 PSYoungGen      total 352768K, used 234525K [0x0000000797d00000, 0x00000007bd100000, 0x0000000800000000)
  eden space 288256K, 73% used [0x0000000797d00000,0x00000007a4b0ecf8,0x00000007a9680000)
  from space 64512K, 36% used [0x00000007b9200000,0x00000007ba8f8a70,0x00000007bd100000)
  to   space 96256K, 0% used [0x00000007b1500000,0x00000007b1500000,0x00000007b7300000)
 ParOldGen       total 305152K, used 174847K [0x00000006c7800000, 0x00000006da200000, 0x0000000797d00000)
  object space 305152K, 57% used [0x00000006c7800000,0x00000006d22bfed0,0x00000006da200000)
 PSPermGen       total 83968K, used 49221K [0x00000006c2600000, 0x00000006c7800000, 0x00000006c7800000)
  object space 83968K, 58% used [0x00000006c2600000,0x00000006c5611550,0x00000006c7800000)
Event: 86.377 GC heap after
Heap after GC invocations=16 (full 1):
 PSYoungGen      total 514048K, used 77750K [0x0000000797d00000, 0x00000007bfe80000, 0x0000000800000000)
  eden space 417792K, 0% used [0x0000000797d00000,0x0000000797d00000,0x00000007b1500000)
  from space 96256K, 80% used [0x00000007b1500000,0x00000007b60ed910,0x00000007b7300000)
  to   space 106496K, 0% used [0x00000007b9680000,0x00000007b9680000,0x00000007bfe80000)
 ParOldGen       total 328192K, used 325867K [0x00000006c7800000, 0x00000006db880000, 0x0000000797d00000)
  object space 328192K, 99% used [0x00000006c7800000,0x00000006db63aff8,0x00000006db880000)
 PSPermGen       total 83968K, used 49221K [0x00000006c2600000, 0x00000006c7800000, 0x00000006c7800000)
  object space 83968K, 58% used [0x00000006c2600000,0x00000006c5611550,0x00000006c7800000)
}
Event: 86.377 GC heap before
{Heap before GC invocations=17 (full 2):
 PSYoungGen      total 514048K, used 77750K [0x0000000797d00000, 0x00000007bfe80000, 0x0000000800000000)
  eden space 417792K, 0% used [0x0000000797d00000,0x0000000797d00000,0x00000007b1500000)
  from space 96256K, 80% used [0x00000007b1500000,0x00000007b60ed910,0x00000007b7300000)
  to   space 106496K, 0% used [0x00000007b9680000,0x00000007b9680000,0x00000007bfe80000)
 ParOldGen       total 328192K, used 325867K [0x00000006c7800000, 0x00000006db880000, 0x0000000797d00000)
  object space 328192K, 99% used [0x00000006c7800000,0x00000006db63aff8,0x00000006db880000)
 PSPermGen       total 83968K, used 49221K [0x00000006c2600000, 0x00000006c7800000, 0x00000006c7800000)
  object space 83968K, 58% used [0x00000006c2600000,0x00000006c5611550,0x00000006c7800000)
Event: 86.572 GC heap after
Heap after GC invocations=17 (full 2):
 PSYoungGen      total 514048K, used 70506K [0x0000000797d00000, 0x00000007bfe80000, 0x0000000800000000)
  eden space 417792K, 0% used [0x0000000797d00000,0x0000000797d00000,0x00000007b1500000)
  from space 96256K, 73% used [0x00000007b1500000,0x00000007b59dab10,0x00000007b7300000)
  to   space 106496K, 0% used [0x00000007b9680000,0x00000007b9680000,0x00000007bfe80000)
 ParOldGen       total 579584K, used 327905K [0x00000006c7800000, 0x00000006eae00000, 0x0000000797d00000)
  object space 579584K, 56% used [0x00000006c7800000,0x00000006db8385c0,0x00000006eae00000)
 PSPermGen       total 83968K, used 49221K [0x00000006c2600000, 0x00000006c7800000, 0x00000006c7800000)
  object space 83968K, 58% used [0x00000006c2600000,0x00000006c56114f0,0x00000006c7800000)
}

