# JRE version: Java(TM) SE Runtime Environment (7.0_45-b18) (build 1.7.0_45-b18)
# Java VM: Java HotSpot(TM) 64-Bit Server VM (24.45-b08 mixed mode linux-amd64 compressed oops)
Heap
 PSYoungGen      total 138752K, used 96123K [0x0000000797d00000, 0x00000007a2700000, 0x0000000800000000)
  eden space 128000K, 66% used [0x0000000797d00000,0x000000079d066048,0x000000079fa00000)
  from space 10752K, 99% used [0x000000079fe00000,0x00000007a0878c80,0x00000007a0880000)
  to   space 23040K, 0% used [0x00000007a1080000,0x00000007a1080000,0x00000007a2700000)
 ParOldGen       total 175104K, used 15497K [0x00000006c7800000, 0x00000006d2300000, 0x0000000797d00000)
  object space 175104K, 8% used [0x00000006c7800000,0x00000006c8722730,0x00000006d2300000)
 PSPermGen       total 46080K, used 45701K [0x00000006c2600000, 0x00000006c5300000, 0x00000006c7800000)
  object space 46080K, 99% used [0x00000006c2600000,0x00000006c52a1780,0x00000006c5300000)
GC Heap History (10 events):
Event: 0.927 GC heap before
{Heap before GC invocations=1 (full 0):
 PSYoungGen      total 76800K, used 66048K [0x0000000797d00000, 0x000000079d280000, 0x0000000800000000)
  eden space 66048K, 100% used [0x0000000797d00000,0x000000079bd80000,0x000000079bd80000)
  from space 10752K, 0% used [0x000000079c800000,0x000000079c800000,0x000000079d280000)
  to   space 10752K, 0% used [0x000000079bd80000,0x000000079bd80000,0x000000079c800000)
 ParOldGen       total 175104K, used 0K [0x00000006c7800000, 0x00000006d2300000, 0x0000000797d00000)
  object space 175104K, 0% used [0x00000006c7800000,0x00000006c7800000,0x00000006d2300000)
 PSPermGen       total 21504K, used 14845K [0x00000006c2600000, 0x00000006c3b00000, 0x00000006c7800000)
  object space 21504K, 69% used [0x00000006c2600000,0x00000006c347f530,0x00000006c3b00000)
Event: 0.935 GC heap after
Heap after GC invocations=1 (full 0):
 PSYoungGen      total 76800K, used 5393K [0x0000000797d00000, 0x000000079d280000, 0x0000000800000000)
  eden space 66048K, 0% used [0x0000000797d00000,0x0000000797d00000,0x000000079bd80000)
  from space 10752K, 50% used [0x000000079bd80000,0x000000079c2c4710,0x000000079c800000)
  to   space 10752K, 0% used [0x000000079c800000,0x000000079c800000,0x000000079d280000)
 ParOldGen       total 175104K, used 72K [0x00000006c7800000, 0x00000006d2300000, 0x0000000797d00000)
  object space 175104K, 0% used [0x00000006c7800000,0x00000006c7812010,0x00000006d2300000)
 PSPermGen       total 21504K, used 14845K [0x00000006c2600000, 0x00000006c3b00000, 0x00000006c7800000)
  object space 21504K, 69% used [0x00000006c2600000,0x00000006c347f530,0x00000006c3b00000)
}
Event: 1.603 GC heap before
{Heap before GC invocations=2 (full 0):
 PSYoungGen      total 76800K, used 71441K [0x0000000797d00000, 0x000000079d280000, 0x0000000800000000)
  eden space 66048K, 100% used [0x0000000797d00000,0x000000079bd80000,0x000000079bd80000)
  from space 10752K, 50% used [0x000000079bd80000,0x000000079c2c4710,0x000000079c800000)
  to   space 10752K, 0% used [0x000000079c800000,0x000000079c800000,0x000000079d280000)
 ParOldGen       total 175104K, used 72K [0x00000006c7800000, 0x00000006d2300000, 0x0000000797d00000)
  object space 175104K, 0% used [0x00000006c7800000,0x00000006c7812010,0x00000006d2300000)
 PSPermGen       total 22016K, used 21613K [0x00000006c2600000, 0x00000006c3b80000, 0x00000006c7800000)
  object space 22016K, 98% used [0x00000006c2600000,0x00000006c3b1b420,0x00000006c3b80000)
Event: 1.611 GC heap after
Heap after GC invocations=2 (full 0):
 PSYoungGen      total 76800K, used 9205K [0x0000000797d00000, 0x000000079d280000, 0x0000000800000000)
  eden space 66048K, 0% used [0x0000000797d00000,0x0000000797d00000,0x000000079bd80000)
  from space 10752K, 85% used [0x000000079c800000,0x000000079d0fd770,0x000000079d280000)
  to   space 10752K, 0% used [0x000000079bd80000,0x000000079bd80000,0x000000079c800000)
 ParOldGen       total 175104K, used 80K [0x00000006c7800000, 0x00000006d2300000, 0x0000000797d00000)
  object space 175104K, 0% used [0x00000006c7800000,0x00000006c7814010,0x00000006d2300000)
 PSPermGen       total 22016K, used 21613K [0x00000006c2600000, 0x00000006c3b80000, 0x00000006c7800000)
  object space 22016K, 98% used [0x00000006c2600000,0x00000006c3b1b420,0x00000006c3b80000)
}
Event: 2.292 GC heap before
{Heap before GC invocations=3 (full 0):
 PSYoungGen      total 76800K, used 75253K [0x0000000797d00000, 0x000000079d280000, 0x0000000800000000)
  eden space 66048K, 100% used [0x0000000797d00000,0x000000079bd80000,0x000000079bd80000)
  from space 10752K, 85% used [0x000000079c800000,0x000000079d0fd770,0x000000079d280000)
  to   space 10752K, 0% used [0x000000079bd80000,0x000000079bd80000,0x000000079c800000)
 ParOldGen       total 175104K, used 80K [0x00000006c7800000, 0x00000006d2300000, 0x0000000797d00000)
  object space 175104K, 0% used [0x00000006c7800000,0x00000006c7814010,0x00000006d2300000)
 PSPermGen       total 28672K, used 28521K [0x00000006c2600000, 0x00000006c4200000, 0x00000006c7800000)
  object space 28672K, 99% used [0x00000006c2600000,0x00000006c41da6d0,0x00000006c4200000)
Event: 2.302 GC heap after
Heap after GC invocations=3 (full 0):
 PSYoungGen      total 76800K, used 10724K [0x0000000797d00000, 0x00000007a1300000, 0x0000000800000000)
  eden space 66048K, 0% used [0x0000000797d00000,0x0000000797d00000,0x000000079bd80000)
  from space 10752K, 99% used [0x000000079bd80000,0x000000079c7f9368,0x000000079c800000)
  to   space 10752K, 0% used [0x00000007a0880000,0x00000007a0880000,0x00000007a1300000)
 ParOldGen       total 175104K, used 1662K [0x00000006c7800000, 0x00000006d2300000, 0x0000000797d00000)
  object space 175104K, 0% used [0x00000006c7800000,0x00000006c799fa90,0x00000006d2300000)
 PSPermGen       total 28672K, used 28521K [0x00000006c2600000, 0x00000006c4200000, 0x00000006c7800000)
  object space 28672K, 99% used [0x00000006c2600000,0x00000006c41da6d0,0x00000006c4200000)
}
Event: 4.295 GC heap before
{Heap before GC invocations=4 (full 0):
 PSYoungGen      total 76800K, used 76772K [0x0000000797d00000, 0x00000007a1300000, 0x0000000800000000)
  eden space 66048K, 100% used [0x0000000797d00000,0x000000079bd80000,0x000000079bd80000)
  from space 10752K, 99% used [0x000000079bd80000,0x000000079c7f9368,0x000000079c800000)
  to   space 10752K, 0% used [0x00000007a0880000,0x00000007a0880000,0x00000007a1300000)
 ParOldGen       total 175104K, used 1662K [0x00000006c7800000, 0x00000006d2300000, 0x0000000797d00000)
  object space 175104K, 0% used [0x00000006c7800000,0x00000006c799fa90,0x00000006d2300000)
 PSPermGen       total 35328K, used 35099K [0x00000006c2600000, 0x00000006c4880000, 0x00000006c7800000)
  object space 35328K, 99% used [0x00000006c2600000,0x00000006c4846f30,0x00000006c4880000)
Event: 4.306 GC heap after
Heap after GC invocations=4 (full 0):
 PSYoungGen      total 142848K, used 10746K [0x0000000797d00000, 0x00000007a1300000, 0x0000000800000000)
  eden space 132096K, 0% used [0x0000000797d00000,0x0000000797d00000,0x000000079fe00000)
  from space 10752K, 99% used [0x00000007a0880000,0x00000007a12fea70,0x00000007a1300000)
  to   space 10752K, 0% used [0x000000079fe00000,0x000000079fe00000,0x00000007a0880000)
 ParOldGen       total 175104K, used 8025K [0x00000006c7800000, 0x00000006d2300000, 0x0000000797d00000)
  object space 175104K, 4% used [0x00000006c7800000,0x00000006c7fd6568,0x00000006d2300000)
 PSPermGen       total 35328K, used 35099K [0x00000006c2600000, 0x00000006c4880000, 0x00000006c7800000)
  object space 35328K, 99% used [0x00000006c2600000,0x00000006c4846f30,0x00000006c4880000)
}
Event: 11.934 GC heap before
{Heap before GC invocations=5 (full 0):
 PSYoungGen      total 142848K, used 138272K [0x0000000797d00000, 0x00000007a1300000, 0x0000000800000000)
  eden space 132096K, 96% used [0x0000000797d00000,0x000000079f989810,0x000000079fe00000)
  from space 10752K, 99% used [0x00000007a0880000,0x00000007a12fea70,0x00000007a1300000)
  to   space 10752K, 0% used [0x000000079fe00000,0x000000079fe00000,0x00000007a0880000)
 ParOldGen       total 175104K, used 8025K [0x00000006c7800000, 0x00000006d2300000, 0x0000000797d00000)
  object space 175104K, 4% used [0x00000006c7800000,0x00000006c7fd6568,0x00000006d2300000)
 PSPermGen       total 45056K, used 45016K [0x00000006c2600000, 0x00000006c5200000, 0x00000006c7800000)
  object space 45056K, 99% used [0x00000006c2600000,0x00000006c51f6340,0x00000006c5200000)
Event: 11.945 GC heap after
Heap after GC invocations=5 (full 0):
 PSYoungGen      total 138752K, used 10723K [0x0000000797d00000, 0x00000007a2700000, 0x0000000800000000)
  eden space 128000K, 0% used [0x0000000797d00000,0x0000000797d00000,0x000000079fa00000)
  from space 10752K, 99% used [0x000000079fe00000,0x00000007a0878c80,0x00000007a0880000)
  to   space 23040K, 0% used [0x00000007a1080000,0x00000007a1080000,0x00000007a2700000)
 ParOldGen       total 175104K, used 15497K [0x00000006c7800000, 0x00000006d2300000, 0x0000000797d00000)
  object space 175104K, 8% used [0x00000006c7800000,0x00000006c8722730,0x00000006d2300000)
 PSPermGen       total 45056K, used 45016K [0x00000006c2600000, 0x00000006c5200000, 0x00000006c7800000)
  object space 45056K, 99% used [0x00000006c2600000,0x00000006c51f6340,0x00000006c5200000)
}

