# JRE version: Java(TM) SE Runtime Environment (7.0_45-b18) (build 1.7.0_45-b18)
# Java VM: Java HotSpot(TM) 64-Bit Server VM (24.45-b08 mixed mode linux-amd64 compressed oops)
Heap
 PSYoungGen      total 136192K, used 49030K [0x0000000797d00000, 0x00000007a3000000, 0x0000000800000000)
  eden space 97280K, 49% used [0x0000000797d00000,0x000000079ac39ac0,0x000000079dc00000)
  from space 38912K, 1% used [0x00000007a0a00000,0x00000007a0aa8000,0x00000007a3000000)
  to   space 43008K, 0% used [0x000000079dc00000,0x000000079dc00000,0x00000007a0600000)
 ParOldGen       total 175104K, used 96978K [0x00000006c7800000, 0x00000006d2300000, 0x0000000797d00000)
  object space 175104K, 55% used [0x00000006c7800000,0x00000006cd6b4990,0x00000006d2300000)
 PSPermGen       total 54784K, used 54633K [0x00000006c2600000, 0x00000006c5b80000, 0x00000006c7800000)
  object space 54784K, 99% used [0x00000006c2600000,0x00000006c5b5a7a8,0x00000006c5b80000)
GC Heap History (10 events):
Event: 474.828 GC heap before
{Heap before GC invocations=14 (full 0):
 PSYoungGen      total 112640K, used 112352K [0x0000000797d00000, 0x00000007a4780000, 0x0000000800000000)
  eden space 112128K, 100% used [0x0000000797d00000,0x000000079ea80000,0x000000079ea80000)
  from space 512K, 43% used [0x000000079ee00000,0x000000079ee38000,0x000000079ee80000)
  to   space 47616K, 0% used [0x00000007a1900000,0x00000007a1900000,0x00000007a4780000)
 ParOldGen       total 175104K, used 96818K [0x00000006c7800000, 0x00000006d2300000, 0x0000000797d00000)
  object space 175104K, 55% used [0x00000006c7800000,0x00000006cd68c990,0x00000006d2300000)
 PSPermGen       total 54784K, used 54312K [0x00000006c2600000, 0x00000006c5b80000, 0x00000006c7800000)
  object space 54784K, 99% used [0x00000006c2600000,0x00000006c5b0a148,0x00000006c5b80000)
Event: 474.831 GC heap after
Heap after GC invocations=14 (full 0):
 PSYoungGen      total 153600K, used 160K [0x0000000797d00000, 0x00000007a4480000, 0x0000000800000000)
  eden space 109056K, 0% used [0x0000000797d00000,0x0000000797d00000,0x000000079e780000)
  from space 44544K, 0% used [0x00000007a1900000,0x00000007a1928000,0x00000007a4480000)
  to   space 47616K, 0% used [0x000000079e780000,0x000000079e780000,0x00000007a1600000)
 ParOldGen       total 175104K, used 96858K [0x00000006c7800000, 0x00000006d2300000, 0x0000000797d00000)
  object space 175104K, 55% used [0x00000006c7800000,0x00000006cd696990,0x00000006d2300000)
 PSPermGen       total 54784K, used 54312K [0x00000006c2600000, 0x00000006c5b80000, 0x00000006c7800000)
  object space 54784K, 99% used [0x00000006c2600000,0x00000006c5b0a148,0x00000006c5b80000)
}
Event: 524.019 GC heap before
{Heap before GC invocations=15 (full 0):
 PSYoungGen      total 153600K, used 109216K [0x0000000797d00000, 0x00000007a4480000, 0x0000000800000000)
  eden space 109056K, 100% used [0x0000000797d00000,0x000000079e780000,0x000000079e780000)
  from space 44544K, 0% used [0x00000007a1900000,0x00000007a1928000,0x00000007a4480000)
  to   space 47616K, 0% used [0x000000079e780000,0x000000079e780000,0x00000007a1600000)
 ParOldGen       total 175104K, used 96858K [0x00000006c7800000, 0x00000006d2300000, 0x0000000797d00000)
  object space 175104K, 55% used [0x00000006c7800000,0x00000006cd696990,0x00000006d2300000)
 PSPermGen       total 54784K, used 54318K [0x00000006c2600000, 0x00000006c5b80000, 0x00000006c7800000)
  object space 54784K, 99% used [0x00000006c2600000,0x00000006c5b0b9b0,0x00000006c5b80000)
Event: 524.021 GC heap after
Heap after GC invocations=15 (full 0):
 PSYoungGen      total 106496K, used 256K [0x0000000797d00000, 0x00000007a3f80000, 0x0000000800000000)
  eden space 105984K, 0% used [0x0000000797d00000,0x0000000797d00000,0x000000079e480000)
  from space 512K, 50% used [0x000000079e780000,0x000000079e7c0000,0x000000079e800000)
  to   space 46592K, 0% used [0x00000007a1200000,0x00000007a1200000,0x00000007a3f80000)
 ParOldGen       total 175104K, used 96906K [0x00000006c7800000, 0x00000006d2300000, 0x0000000797d00000)
  object space 175104K, 55% used [0x00000006c7800000,0x00000006cd6a2990,0x00000006d2300000)
 PSPermGen       total 54784K, used 54318K [0x00000006c2600000, 0x00000006c5b80000, 0x00000006c7800000)
  object space 54784K, 99% used [0x00000006c2600000,0x00000006c5b0b9b0,0x00000006c5b80000)
}
Event: 571.869 GC heap before
{Heap before GC invocations=16 (full 0):
 PSYoungGen      total 106496K, used 106240K [0x0000000797d00000, 0x00000007a3f80000, 0x0000000800000000)
  eden space 105984K, 100% used [0x0000000797d00000,0x000000079e480000,0x000000079e480000)
  from space 512K, 50% used [0x000000079e780000,0x000000079e7c0000,0x000000079e800000)
  to   space 46592K, 0% used [0x00000007a1200000,0x00000007a1200000,0x00000007a3f80000)
 ParOldGen       total 175104K, used 96906K [0x00000006c7800000, 0x00000006d2300000, 0x0000000797d00000)
  object space 175104K, 55% used [0x00000006c7800000,0x00000006cd6a2990,0x00000006d2300000)
 PSPermGen       total 54784K, used 54324K [0x00000006c2600000, 0x00000006c5b80000, 0x00000006c7800000)
  object space 54784K, 99% used [0x00000006c2600000,0x00000006c5b0d1f0,0x00000006c5b80000)
Event: 571.871 GC heap after
Heap after GC invocations=16 (full 0):
 PSYoungGen      total 144384K, used 224K [0x0000000797d00000, 0x00000007a3a80000, 0x0000000800000000)
  eden space 102912K, 0% used [0x0000000797d00000,0x0000000797d00000,0x000000079e180000)
  from space 41472K, 0% used [0x00000007a1200000,0x00000007a1238000,0x00000007a3a80000)
  to   space 45568K, 0% used [0x000000079e180000,0x000000079e180000,0x00000007a0e00000)
 ParOldGen       total 175104K, used 96930K [0x00000006c7800000, 0x00000006d2300000, 0x0000000797d00000)
  object space 175104K, 55% used [0x00000006c7800000,0x00000006cd6a8990,0x00000006d2300000)
 PSPermGen       total 54784K, used 54324K [0x00000006c2600000, 0x00000006c5b80000, 0x00000006c7800000)
  object space 54784K, 99% used [0x00000006c2600000,0x00000006c5b0d1f0,0x00000006c5b80000)
}
Event: 618.062 GC heap before
{Heap before GC invocations=17 (full 0):
 PSYoungGen      total 144384K, used 103136K [0x0000000797d00000, 0x00000007a3a80000, 0x0000000800000000)
  eden space 102912K, 100% used [0x0000000797d00000,0x000000079e180000,0x000000079e180000)
  from space 41472K, 0% used [0x00000007a1200000,0x00000007a1238000,0x00000007a3a80000)
  to   space 45568K, 0% used [0x000000079e180000,0x000000079e180000,0x00000007a0e00000)
 ParOldGen       total 175104K, used 96930K [0x00000006c7800000, 0x00000006d2300000, 0x0000000797d00000)
  object space 175104K, 55% used [0x00000006c7800000,0x00000006cd6a8990,0x00000006d2300000)
 PSPermGen       total 54784K, used 54324K [0x00000006c2600000, 0x00000006c5b80000, 0x00000006c7800000)
  object space 54784K, 99% used [0x00000006c2600000,0x00000006c5b0d230,0x00000006c5b80000)
Event: 618.065 GC heap after
Heap after GC invocations=17 (full 0):
 PSYoungGen      total 100352K, used 96K [0x0000000797d00000, 0x00000007a3580000, 0x0000000800000000)
  eden space 99840K, 0% used [0x0000000797d00000,0x0000000797d00000,0x000000079de80000)
  from space 512K, 18% used [0x000000079e180000,0x000000079e198000,0x000000079e200000)
  to   space 44544K, 0% used [0x00000007a0a00000,0x00000007a0a00000,0x00000007a3580000)
 ParOldGen       total 175104K, used 96970K [0x00000006c7800000, 0x00000006d2300000, 0x0000000797d00000)
  object space 175104K, 55% used [0x00000006c7800000,0x00000006cd6b2990,0x00000006d2300000)
 PSPermGen       total 54784K, used 54324K [0x00000006c2600000, 0x00000006c5b80000, 0x00000006c7800000)
  object space 54784K, 99% used [0x00000006c2600000,0x00000006c5b0d230,0x00000006c5b80000)
}
Event: 657.874 GC heap before
{Heap before GC invocations=18 (full 0):
 PSYoungGen      total 100352K, used 99936K [0x0000000797d00000, 0x00000007a3580000, 0x0000000800000000)
  eden space 99840K, 100% used [0x0000000797d00000,0x000000079de80000,0x000000079de80000)
  from space 512K, 18% used [0x000000079e180000,0x000000079e198000,0x000000079e200000)
  to   space 44544K, 0% used [0x00000007a0a00000,0x00000007a0a00000,0x00000007a3580000)
 ParOldGen       total 175104K, used 96970K [0x00000006c7800000, 0x00000006d2300000, 0x0000000797d00000)
  object space 175104K, 55% used [0x00000006c7800000,0x00000006cd6b2990,0x00000006d2300000)
 PSPermGen       total 54784K, used 54354K [0x00000006c2600000, 0x00000006c5b80000, 0x00000006c7800000)
  object space 54784K, 99% used [0x00000006c2600000,0x00000006c5b14820,0x00000006c5b80000)
Event: 657.876 GC heap after
Heap after GC invocations=18 (full 0):
 PSYoungGen      total 136192K, used 672K [0x0000000797d00000, 0x00000007a3000000, 0x0000000800000000)
  eden space 97280K, 0% used [0x0000000797d00000,0x0000000797d00000,0x000000079dc00000)
  from space 38912K, 1% used [0x00000007a0a00000,0x00000007a0aa8000,0x00000007a3000000)
  to   space 43008K, 0% used [0x000000079dc00000,0x000000079dc00000,0x00000007a0600000)
 ParOldGen       total 175104K, used 96978K [0x00000006c7800000, 0x00000006d2300000, 0x0000000797d00000)
  object space 175104K, 55% used [0x00000006c7800000,0x00000006cd6b4990,0x00000006d2300000)
 PSPermGen       total 54784K, used 54354K [0x00000006c2600000, 0x00000006c5b80000, 0x00000006c7800000)
  object space 54784K, 99% used [0x00000006c2600000,0x00000006c5b14820,0x00000006c5b80000)
}

