# JRE version: Java(TM) SE Runtime Environment (7.0_45-b18) (build 1.7.0_45-b18)
# Java VM: Java HotSpot(TM) 64-Bit Server VM (24.45-b08 mixed mode linux-amd64 compressed oops)
Heap
 PSYoungGen      total 76800K, used 3873K [0x0000000759500000, 0x000000075ea80000, 0x0000000800000000)
  eden space 67072K, 2% used [0x0000000759500000,0x00000007596c4e20,0x000000075d680000)
  from space 9728K, 21% used [0x000000075d680000,0x000000075d883790,0x000000075e000000)
  to   space 9216K, 0% used [0x000000075e180000,0x000000075e180000,0x000000075ea80000)
 ParOldGen       total 179200K, used 171361K [0x000000060c000000, 0x0000000616f00000, 0x0000000759500000)
  object space 179200K, 95% used [0x000000060c000000,0x0000000616758430,0x0000000616f00000)
 PSPermGen       total 83968K, used 58360K [0x0000000606e00000, 0x000000060c000000, 0x000000060c000000)
  object space 83968K, 69% used [0x0000000606e00000,0x000000060a6fe228,0x000000060c000000)
GC Heap History (10 events):
Event: 3431.414 GC heap before
{Heap before GC invocations=253 (full 4):
 PSYoungGen      total 74752K, used 61664K [0x0000000759500000, 0x000000075ea80000, 0x0000000800000000)
  eden space 61440K, 100% used [0x0000000759500000,0x000000075d100000,0x000000075d100000)
  from space 13312K, 1% used [0x000000075dd80000,0x000000075ddb8000,0x000000075ea80000)
  to   space 12800K, 0% used [0x000000075d100000,0x000000075d100000,0x000000075dd80000)
 ParOldGen       total 179200K, used 171345K [0x000000060c000000, 0x0000000616f00000, 0x0000000759500000)
  object space 179200K, 95% used [0x000000060c000000,0x0000000616754430,0x0000000616f00000)
 PSPermGen       total 83968K, used 58305K [0x0000000606e00000, 0x000000060c000000, 0x000000060c000000)
  object space 83968K, 69% used [0x0000000606e00000,0x000000060a6f06f0,0x000000060c000000)
Event: 3431.417 GC heap after
Heap after GC invocations=253 (full 4):
 PSYoungGen      total 74240K, used 256K [0x0000000759500000, 0x000000075ea80000, 0x0000000800000000)
  eden space 61440K, 0% used [0x0000000759500000,0x0000000759500000,0x000000075d100000)
  from space 12800K, 2% used [0x000000075d100000,0x000000075d140000,0x000000075dd80000)
  to   space 12288K, 0% used [0x000000075de80000,0x000000075de80000,0x000000075ea80000)
 ParOldGen       total 179200K, used 171353K [0x000000060c000000, 0x0000000616f00000, 0x0000000759500000)
  object space 179200K, 95% used [0x000000060c000000,0x0000000616756430,0x0000000616f00000)
 PSPermGen       total 83968K, used 58305K [0x0000000606e00000, 0x000000060c000000, 0x000000060c000000)
  object space 83968K, 69% used [0x0000000606e00000,0x000000060a6f06f0,0x000000060c000000)
}
Event: 3439.981 GC heap before
{Heap before GC invocations=254 (full 4):
 PSYoungGen      total 74240K, used 61696K [0x0000000759500000, 0x000000075ea80000, 0x0000000800000000)
  eden space 61440K, 100% used [0x0000000759500000,0x000000075d100000,0x000000075d100000)
  from space 12800K, 2% used [0x000000075d100000,0x000000075d140000,0x000000075dd80000)
  to   space 12288K, 0% used [0x000000075de80000,0x000000075de80000,0x000000075ea80000)
 ParOldGen       total 179200K, used 171353K [0x000000060c000000, 0x0000000616f00000, 0x0000000759500000)
  object space 179200K, 95% used [0x000000060c000000,0x0000000616756430,0x0000000616f00000)
 PSPermGen       total 83968K, used 58305K [0x0000000606e00000, 0x000000060c000000, 0x000000060c000000)
  object space 83968K, 69% used [0x0000000606e00000,0x000000060a6f06f0,0x000000060c000000)
Event: 3439.983 GC heap after
Heap after GC invocations=254 (full 4):
 PSYoungGen      total 75776K, used 416K [0x0000000759500000, 0x000000075ea80000, 0x0000000800000000)
  eden space 63488K, 0% used [0x0000000759500000,0x0000000759500000,0x000000075d300000)
  from space 12288K, 3% used [0x000000075de80000,0x000000075dee8000,0x000000075ea80000)
  to   space 11776K, 0% used [0x000000075d300000,0x000000075d300000,0x000000075de80000)
 ParOldGen       total 179200K, used 171361K [0x000000060c000000, 0x0000000616f00000, 0x0000000759500000)
  object space 179200K, 95% used [0x000000060c000000,0x0000000616758430,0x0000000616f00000)
 PSPermGen       total 83968K, used 58305K [0x0000000606e00000, 0x000000060c000000, 0x000000060c000000)
  object space 83968K, 69% used [0x0000000606e00000,0x000000060a6f06f0,0x000000060c000000)
}
Event: 3546.134 GC heap before
{Heap before GC invocations=255 (full 4):
 PSYoungGen      total 75776K, used 63904K [0x0000000759500000, 0x000000075ea80000, 0x0000000800000000)
  eden space 63488K, 100% used [0x0000000759500000,0x000000075d300000,0x000000075d300000)
  from space 12288K, 3% used [0x000000075de80000,0x000000075dee8000,0x000000075ea80000)
  to   space 11776K, 0% used [0x000000075d300000,0x000000075d300000,0x000000075de80000)
 ParOldGen       total 179200K, used 171361K [0x000000060c000000, 0x0000000616f00000, 0x0000000759500000)
  object space 179200K, 95% used [0x000000060c000000,0x0000000616758430,0x0000000616f00000)
 PSPermGen       total 83968K, used 58305K [0x0000000606e00000, 0x000000060c000000, 0x000000060c000000)
  object space 83968K, 69% used [0x0000000606e00000,0x000000060a6f07f8,0x000000060c000000)
Event: 3546.138 GC heap after
Heap after GC invocations=255 (full 4):
 PSYoungGen      total 75264K, used 2032K [0x0000000759500000, 0x000000075ea80000, 0x0000000800000000)
  eden space 63488K, 0% used [0x0000000759500000,0x0000000759500000,0x000000075d300000)
  from space 11776K, 17% used [0x000000075d300000,0x000000075d4fc020,0x000000075de80000)
  to   space 10752K, 0% used [0x000000075e000000,0x000000075e000000,0x000000075ea80000)
 ParOldGen       total 179200K, used 171361K [0x000000060c000000, 0x0000000616f00000, 0x0000000759500000)
  object space 179200K, 95% used [0x000000060c000000,0x0000000616758430,0x0000000616f00000)
 PSPermGen       total 83968K, used 58305K [0x0000000606e00000, 0x000000060c000000, 0x000000060c000000)
  object space 83968K, 69% used [0x0000000606e00000,0x000000060a6f07f8,0x000000060c000000)
}
Event: 4825.302 GC heap before
{Heap before GC invocations=256 (full 4):
 PSYoungGen      total 75264K, used 65520K [0x0000000759500000, 0x000000075ea80000, 0x0000000800000000)
  eden space 63488K, 100% used [0x0000000759500000,0x000000075d300000,0x000000075d300000)
  from space 11776K, 17% used [0x000000075d300000,0x000000075d4fc020,0x000000075de80000)
  to   space 10752K, 0% used [0x000000075e000000,0x000000075e000000,0x000000075ea80000)
 ParOldGen       total 179200K, used 171361K [0x000000060c000000, 0x0000000616f00000, 0x0000000759500000)
  object space 179200K, 95% used [0x000000060c000000,0x0000000616758430,0x0000000616f00000)
 PSPermGen       total 83968K, used 58314K [0x0000000606e00000, 0x000000060c000000, 0x000000060c000000)
  object space 83968K, 69% used [0x0000000606e00000,0x000000060a6f2ab0,0x000000060c000000)
Event: 4825.305 GC heap after
Heap after GC invocations=256 (full 4):
 PSYoungGen      total 77824K, used 2301K [0x0000000759500000, 0x000000075ea80000, 0x0000000800000000)
  eden space 67072K, 0% used [0x0000000759500000,0x0000000759500000,0x000000075d680000)
  from space 10752K, 21% used [0x000000075e000000,0x000000075e23f7a0,0x000000075ea80000)
  to   space 9728K, 0% used [0x000000075d680000,0x000000075d680000,0x000000075e000000)
 ParOldGen       total 179200K, used 171361K [0x000000060c000000, 0x0000000616f00000, 0x0000000759500000)
  object space 179200K, 95% used [0x000000060c000000,0x0000000616758430,0x0000000616f00000)
 PSPermGen       total 83968K, used 58314K [0x0000000606e00000, 0x000000060c000000, 0x000000060c000000)
  object space 83968K, 69% used [0x0000000606e00000,0x000000060a6f2ab0,0x000000060c000000)
}
Event: 4833.408 GC heap before
{Heap before GC invocations=257 (full 4):
 PSYoungGen      total 77824K, used 69373K [0x0000000759500000, 0x000000075ea80000, 0x0000000800000000)
  eden space 67072K, 100% used [0x0000000759500000,0x000000075d680000,0x000000075d680000)
  from space 10752K, 21% used [0x000000075e000000,0x000000075e23f7a0,0x000000075ea80000)
  to   space 9728K, 0% used [0x000000075d680000,0x000000075d680000,0x000000075e000000)
 ParOldGen       total 179200K, used 171361K [0x000000060c000000, 0x0000000616f00000, 0x0000000759500000)
  object space 179200K, 95% used [0x000000060c000000,0x0000000616758430,0x0000000616f00000)
 PSPermGen       total 83968K, used 58348K [0x0000000606e00000, 0x000000060c000000, 0x000000060c000000)
  object space 83968K, 69% used [0x0000000606e00000,0x000000060a6fb0a0,0x000000060c000000)
Event: 4833.412 GC heap after
Heap after GC invocations=257 (full 4):
 PSYoungGen      total 76800K, used 2061K [0x0000000759500000, 0x000000075ea80000, 0x0000000800000000)
  eden space 67072K, 0% used [0x0000000759500000,0x0000000759500000,0x000000075d680000)
  from space 9728K, 21% used [0x000000075d680000,0x000000075d883790,0x000000075e000000)
  to   space 9216K, 0% used [0x000000075e180000,0x000000075e180000,0x000000075ea80000)
 ParOldGen       total 179200K, used 171361K [0x000000060c000000, 0x0000000616f00000, 0x0000000759500000)
  object space 179200K, 95% used [0x000000060c000000,0x0000000616758430,0x0000000616f00000)
 PSPermGen       total 83968K, used 58348K [0x0000000606e00000, 0x000000060c000000, 0x000000060c000000)
  object space 83968K, 69% used [0x0000000606e00000,0x000000060a6fb0a0,0x000000060c000000)
}

