# JRE version: Java(TM) SE Runtime Environment (7.0_45-b18) (build 1.7.0_45-b18)
# Java VM: Java HotSpot(TM) 64-Bit Server VM (24.45-b08 mixed mode linux-amd64 compressed oops)
Heap
 PSYoungGen      total 138752K, used 135124K [0x0000000759500000, 0x000000076b400000, 0x0000000800000000)
  eden space 123904K, 97% used [0x0000000759500000,0x0000000760aa7ec0,0x0000000760e00000)
  from space 14848K, 98% used [0x0000000768d00000,0x0000000769b4d3c8,0x0000000769b80000)
  to   space 25088K, 0% used [0x0000000769b80000,0x0000000769b80000,0x000000076b400000)
 ParOldGen       total 175104K, used 31102K [0x000000060c000000, 0x0000000616b00000, 0x0000000759500000)
  object space 175104K, 17% used [0x000000060c000000,0x000000060de5fb58,0x0000000616b00000)
 PSPermGen       total 51200K, used 50838K [0x0000000606e00000, 0x000000060a000000, 0x000000060c000000)
  object space 51200K, 99% used [0x0000000606e00000,0x0000000609fa58c8,0x000000060a000000)
GC Heap History (10 events):
Event: 2.938 GC heap before
{Heap before GC invocations=3 (full 0):
 PSYoungGen      total 76800K, used 75558K [0x0000000759500000, 0x0000000762b00000, 0x0000000800000000)
  eden space 66048K, 100% used [0x0000000759500000,0x000000075d580000,0x000000075d580000)
  from space 10752K, 88% used [0x000000075e000000,0x000000075e949b30,0x000000075ea80000)
  to   space 10752K, 0% used [0x000000075d580000,0x000000075d580000,0x000000075e000000)
 ParOldGen       total 175104K, used 80K [0x000000060c000000, 0x0000000616b00000, 0x0000000759500000)
  object space 175104K, 0% used [0x000000060c000000,0x000000060c014010,0x0000000616b00000)
 PSPermGen       total 35840K, used 35553K [0x0000000606e00000, 0x0000000609100000, 0x000000060c000000)
  object space 35840K, 99% used [0x0000000606e00000,0x00000006090b8450,0x0000000609100000)
Event: 2.965 GC heap after
Heap after GC invocations=3 (full 0):
 PSYoungGen      total 76800K, used 10720K [0x0000000759500000, 0x0000000762b00000, 0x0000000800000000)
  eden space 66048K, 0% used [0x0000000759500000,0x0000000759500000,0x000000075d580000)
  from space 10752K, 99% used [0x000000075d580000,0x000000075dff82f8,0x000000075e000000)
  to   space 10752K, 0% used [0x0000000762080000,0x0000000762080000,0x0000000762b00000)
 ParOldGen       total 175104K, used 8712K [0x000000060c000000, 0x0000000616b00000, 0x0000000759500000)
  object space 175104K, 4% used [0x000000060c000000,0x000000060c882330,0x0000000616b00000)
 PSPermGen       total 35840K, used 35553K [0x0000000606e00000, 0x0000000609100000, 0x000000060c000000)
  object space 35840K, 99% used [0x0000000606e00000,0x00000006090b8450,0x0000000609100000)
}
Event: 5.606 GC heap before
{Heap before GC invocations=4 (full 0):
 PSYoungGen      total 76800K, used 76768K [0x0000000759500000, 0x0000000762b00000, 0x0000000800000000)
  eden space 66048K, 100% used [0x0000000759500000,0x000000075d580000,0x000000075d580000)
  from space 10752K, 99% used [0x000000075d580000,0x000000075dff82f8,0x000000075e000000)
  to   space 10752K, 0% used [0x0000000762080000,0x0000000762080000,0x0000000762b00000)
 ParOldGen       total 175104K, used 8712K [0x000000060c000000, 0x0000000616b00000, 0x0000000759500000)
  object space 175104K, 4% used [0x000000060c000000,0x000000060c882330,0x0000000616b00000)
 PSPermGen       total 43520K, used 43418K [0x0000000606e00000, 0x0000000609880000, 0x000000060c000000)
  object space 43520K, 99% used [0x0000000606e00000,0x00000006098668f8,0x0000000609880000)
Event: 5.633 GC heap after
Heap after GC invocations=4 (full 0):
 PSYoungGen      total 142848K, used 10751K [0x0000000759500000, 0x0000000762b00000, 0x0000000800000000)
  eden space 132096K, 0% used [0x0000000759500000,0x0000000759500000,0x0000000761600000)
  from space 10752K, 99% used [0x0000000762080000,0x0000000762affc00,0x0000000762b00000)
  to   space 10752K, 0% used [0x0000000761600000,0x0000000761600000,0x0000000762080000)
 ParOldGen       total 175104K, used 17407K [0x000000060c000000, 0x0000000616b00000, 0x0000000759500000)
  object space 175104K, 9% used [0x000000060c000000,0x000000060d0ffda0,0x0000000616b00000)
 PSPermGen       total 43520K, used 43418K [0x0000000606e00000, 0x0000000609880000, 0x000000060c000000)
  object space 43520K, 99% used [0x0000000606e00000,0x00000006098668f8,0x0000000609880000)
}
Event: 24.368 GC heap before
{Heap before GC invocations=5 (full 0):
 PSYoungGen      total 142848K, used 142847K [0x0000000759500000, 0x0000000762b00000, 0x0000000800000000)
  eden space 132096K, 100% used [0x0000000759500000,0x0000000761600000,0x0000000761600000)
  from space 10752K, 99% used [0x0000000762080000,0x0000000762affc00,0x0000000762b00000)
  to   space 10752K, 0% used [0x0000000761600000,0x0000000761600000,0x0000000762080000)
 ParOldGen       total 175104K, used 17407K [0x000000060c000000, 0x0000000616b00000, 0x0000000759500000)
  object space 175104K, 9% used [0x000000060c000000,0x000000060d0ffda0,0x0000000616b00000)
 PSPermGen       total 48640K, used 48442K [0x0000000606e00000, 0x0000000609d80000, 0x000000060c000000)
  object space 48640K, 99% used [0x0000000606e00000,0x0000000609d4e8d0,0x0000000609d80000)
Event: 24.398 GC heap after
Heap after GC invocations=5 (full 0):
 PSYoungGen      total 142848K, used 10749K [0x0000000759500000, 0x000000076d000000, 0x0000000800000000)
  eden space 132096K, 0% used [0x0000000759500000,0x0000000759500000,0x0000000761600000)
  from space 10752K, 99% used [0x0000000761600000,0x000000076207f5a0,0x0000000762080000)
  to   space 29184K, 0% used [0x000000076b380000,0x000000076b380000,0x000000076d000000)
 ParOldGen       total 175104K, used 29130K [0x000000060c000000, 0x0000000616b00000, 0x0000000759500000)
  object space 175104K, 16% used [0x000000060c000000,0x000000060dc72bc0,0x0000000616b00000)
 PSPermGen       total 48640K, used 48442K [0x0000000606e00000, 0x0000000609d80000, 0x000000060c000000)
  object space 48640K, 99% used [0x0000000606e00000,0x0000000609d4e8d0,0x0000000609d80000)
}
Event: 524.073 GC heap before
{Heap before GC invocations=6 (full 0):
 PSYoungGen      total 142848K, used 142845K [0x0000000759500000, 0x000000076d000000, 0x0000000800000000)
  eden space 132096K, 100% used [0x0000000759500000,0x0000000761600000,0x0000000761600000)
  from space 10752K, 99% used [0x0000000761600000,0x000000076207f5a0,0x0000000762080000)
  to   space 29184K, 0% used [0x000000076b380000,0x000000076b380000,0x000000076d000000)
 ParOldGen       total 175104K, used 29130K [0x000000060c000000, 0x0000000616b00000, 0x0000000759500000)
  object space 175104K, 16% used [0x000000060c000000,0x000000060dc72bc0,0x0000000616b00000)
 PSPermGen       total 50688K, used 50574K [0x0000000606e00000, 0x0000000609f80000, 0x000000060c000000)
  object space 50688K, 99% used [0x0000000606e00000,0x0000000609f63818,0x0000000609f80000)
Event: 524.097 GC heap after
Heap after GC invocations=6 (full 0):
 PSYoungGen      total 144896K, used 16606K [0x0000000759500000, 0x000000076c400000, 0x0000000800000000)
  eden space 128000K, 0% used [0x0000000759500000,0x0000000759500000,0x0000000761200000)
  from space 16896K, 98% used [0x000000076b380000,0x000000076c3b7938,0x000000076c400000)
  to   space 28160K, 0% used [0x0000000768d00000,0x0000000768d00000,0x000000076a880000)
 ParOldGen       total 175104K, used 29138K [0x000000060c000000, 0x0000000616b00000, 0x0000000759500000)
  object space 175104K, 16% used [0x000000060c000000,0x000000060dc74bc0,0x0000000616b00000)
 PSPermGen       total 50688K, used 50574K [0x0000000606e00000, 0x0000000609f80000, 0x000000060c000000)
  object space 50688K, 99% used [0x0000000606e00000,0x0000000609f63818,0x0000000609f80000)
}
Event: 1189.516 GC heap before
{Heap before GC invocations=7 (full 0):
 PSYoungGen      total 144896K, used 144606K [0x0000000759500000, 0x000000076c400000, 0x0000000800000000)
  eden space 128000K, 100% used [0x0000000759500000,0x0000000761200000,0x0000000761200000)
  from space 16896K, 98% used [0x000000076b380000,0x000000076c3b7938,0x000000076c400000)
  to   space 28160K, 0% used [0x0000000768d00000,0x0000000768d00000,0x000000076a880000)
 ParOldGen       total 175104K, used 29138K [0x000000060c000000, 0x0000000616b00000, 0x0000000759500000)
  object space 175104K, 16% used [0x000000060c000000,0x000000060dc74bc0,0x0000000616b00000)
 PSPermGen       total 51200K, used 50832K [0x0000000606e00000, 0x000000060a000000, 0x000000060c000000)
  object space 51200K, 99% used [0x0000000606e00000,0x0000000609fa4208,0x000000060a000000)
Event: 1189.536 GC heap after
Heap after GC invocations=7 (full 0):
 PSYoungGen      total 138752K, used 14644K [0x0000000759500000, 0x000000076b400000, 0x0000000800000000)
  eden space 123904K, 0% used [0x0000000759500000,0x0000000759500000,0x0000000760e00000)
  from space 14848K, 98% used [0x0000000768d00000,0x0000000769b4d3c8,0x0000000769b80000)
  to   space 25088K, 0% used [0x0000000769b80000,0x0000000769b80000,0x000000076b400000)
 ParOldGen       total 175104K, used 31102K [0x000000060c000000, 0x0000000616b00000, 0x0000000759500000)
  object space 175104K, 17% used [0x000000060c000000,0x000000060de5fb58,0x0000000616b00000)
 PSPermGen       total 51200K, used 50832K [0x0000000606e00000, 0x000000060a000000, 0x000000060c000000)
  object space 51200K, 99% used [0x0000000606e00000,0x0000000609fa4208,0x000000060a000000)
}

