# JRE version: Java(TM) SE Runtime Environment (7.0_45-b18) (build 1.7.0_45-b18)
# Java VM: Java HotSpot(TM) 64-Bit Server VM (24.45-b08 mixed mode linux-amd64 compressed oops)
Heap
 PSYoungGen      total 300544K, used 246394K [0x0000000759500000, 0x000000077a280000, 0x0000000800000000)
  eden space 247296K, 78% used [0x0000000759500000,0x000000076519f290,0x0000000768680000)
  from space 53248K, 99% used [0x0000000768680000,0x000000076ba7f8e8,0x000000076ba80000)
  to   space 71168K, 0% used [0x0000000775d00000,0x0000000775d00000,0x000000077a280000)
 ParOldGen       total 175104K, used 80625K [0x000000060c000000, 0x0000000616b00000, 0x0000000759500000)
  object space 175104K, 46% used [0x000000060c000000,0x0000000610ebc6a8,0x0000000616b00000)
 PSPermGen       total 53760K, used 53514K [0x0000000606e00000, 0x000000060a280000, 0x000000060c000000)
  object space 53760K, 99% used [0x0000000606e00000,0x000000060a242910,0x000000060a280000)
GC Heap History (10 events):
Event: 4.686 GC heap before
{Heap before GC invocations=5 (full 0):
 PSYoungGen      total 76800K, used 76784K [0x0000000759500000, 0x000000075ea80000, 0x0000000800000000)
  eden space 66048K, 100% used [0x0000000759500000,0x000000075d580000,0x000000075d580000)
  from space 10752K, 99% used [0x000000075e000000,0x000000075ea7c180,0x000000075ea80000)
  to   space 10752K, 0% used [0x000000075d580000,0x000000075d580000,0x000000075e000000)
 ParOldGen       total 175104K, used 10735K [0x000000060c000000, 0x0000000616b00000, 0x0000000759500000)
  object space 175104K, 6% used [0x000000060c000000,0x000000060ca7bd50,0x0000000616b00000)
 PSPermGen       total 34816K, used 34705K [0x0000000606e00000, 0x0000000609000000, 0x000000060c000000)
  object space 34816K, 99% used [0x0000000606e00000,0x0000000608fe47b8,0x0000000609000000)
Event: 4.693 GC heap after
Heap after GC invocations=5 (full 0):
 PSYoungGen      total 76800K, used 10720K [0x0000000759500000, 0x0000000764200000, 0x0000000800000000)
  eden space 66048K, 0% used [0x0000000759500000,0x0000000759500000,0x000000075d580000)
  from space 10752K, 99% used [0x000000075d580000,0x000000075dff8080,0x000000075e000000)
  to   space 22528K, 0% used [0x0000000762c00000,0x0000000762c00000,0x0000000764200000)
 ParOldGen       total 175104K, used 16744K [0x000000060c000000, 0x0000000616b00000, 0x0000000759500000)
  object space 175104K, 9% used [0x000000060c000000,0x000000060d05a198,0x0000000616b00000)
 PSPermGen       total 34816K, used 34705K [0x0000000606e00000, 0x0000000609000000, 0x000000060c000000)
  object space 34816K, 99% used [0x0000000606e00000,0x0000000608fe47b8,0x0000000609000000)
}
Event: 4.798 GC heap before
{Heap before GC invocations=6 (full 0):
 PSYoungGen      total 76800K, used 76768K [0x0000000759500000, 0x0000000764200000, 0x0000000800000000)
  eden space 66048K, 100% used [0x0000000759500000,0x000000075d580000,0x000000075d580000)
  from space 10752K, 99% used [0x000000075d580000,0x000000075dff8080,0x000000075e000000)
  to   space 22528K, 0% used [0x0000000762c00000,0x0000000762c00000,0x0000000764200000)
 ParOldGen       total 175104K, used 16744K [0x000000060c000000, 0x0000000616b00000, 0x0000000759500000)
  object space 175104K, 9% used [0x000000060c000000,0x000000060d05a198,0x0000000616b00000)
 PSPermGen       total 34816K, used 34705K [0x0000000606e00000, 0x0000000609000000, 0x000000060c000000)
  object space 34816K, 99% used [0x0000000606e00000,0x0000000608fe47b8,0x0000000609000000)
Event: 4.805 GC heap after
Heap after GC invocations=6 (full 0):
 PSYoungGen      total 153600K, used 16989K [0x0000000759500000, 0x0000000764400000, 0x0000000800000000)
  eden space 131072K, 0% used [0x0000000759500000,0x0000000759500000,0x0000000761500000)
  from space 22528K, 75% used [0x0000000762c00000,0x0000000763c974c0,0x0000000764200000)
  to   space 23552K, 0% used [0x0000000761500000,0x0000000761500000,0x0000000762c00000)
 ParOldGen       total 175104K, used 16744K [0x000000060c000000, 0x0000000616b00000, 0x0000000759500000)
  object space 175104K, 9% used [0x000000060c000000,0x000000060d05a198,0x0000000616b00000)
 PSPermGen       total 34816K, used 34705K [0x0000000606e00000, 0x0000000609000000, 0x000000060c000000)
  object space 34816K, 99% used [0x0000000606e00000,0x0000000608fe47b8,0x0000000609000000)
}
Event: 5.126 GC heap before
{Heap before GC invocations=7 (full 0):
 PSYoungGen      total 153600K, used 148061K [0x0000000759500000, 0x0000000764400000, 0x0000000800000000)
  eden space 131072K, 100% used [0x0000000759500000,0x0000000761500000,0x0000000761500000)
  from space 22528K, 75% used [0x0000000762c00000,0x0000000763c974c0,0x0000000764200000)
  to   space 23552K, 0% used [0x0000000761500000,0x0000000761500000,0x0000000762c00000)
 ParOldGen       total 175104K, used 16744K [0x000000060c000000, 0x0000000616b00000, 0x0000000759500000)
  object space 175104K, 9% used [0x000000060c000000,0x000000060d05a198,0x0000000616b00000)
 PSPermGen       total 35328K, used 34900K [0x0000000606e00000, 0x0000000609080000, 0x000000060c000000)
  object space 35328K, 98% used [0x0000000606e00000,0x0000000609015070,0x0000000609080000)
Event: 5.144 GC heap after
Heap after GC invocations=7 (full 0):
 PSYoungGen      total 154624K, used 23548K [0x0000000759500000, 0x000000076e000000, 0x0000000800000000)
  eden space 131072K, 0% used [0x0000000759500000,0x0000000759500000,0x0000000761500000)
  from space 23552K, 99% used [0x0000000761500000,0x0000000762bff058,0x0000000762c00000)
  to   space 38400K, 0% used [0x000000076ba80000,0x000000076ba80000,0x000000076e000000)
 ParOldGen       total 175104K, used 38928K [0x000000060c000000, 0x0000000616b00000, 0x0000000759500000)
  object space 175104K, 22% used [0x000000060c000000,0x000000060e6042a8,0x0000000616b00000)
 PSPermGen       total 35328K, used 34900K [0x0000000606e00000, 0x0000000609080000, 0x000000060c000000)
  object space 35328K, 98% used [0x0000000606e00000,0x0000000609015070,0x0000000609080000)
}
Event: 13.230 GC heap before
{Heap before GC invocations=8 (full 0):
 PSYoungGen      total 154624K, used 150988K [0x0000000759500000, 0x000000076e000000, 0x0000000800000000)
  eden space 131072K, 97% used [0x0000000759500000,0x0000000761174080,0x0000000761500000)
  from space 23552K, 99% used [0x0000000761500000,0x0000000762bff058,0x0000000762c00000)
  to   space 38400K, 0% used [0x000000076ba80000,0x000000076ba80000,0x000000076e000000)
 ParOldGen       total 175104K, used 38928K [0x000000060c000000, 0x0000000616b00000, 0x0000000759500000)
  object space 175104K, 22% used [0x000000060c000000,0x000000060e6042a8,0x0000000616b00000)
 PSPermGen       total 38912K, used 38761K [0x0000000606e00000, 0x0000000609400000, 0x000000060c000000)
  object space 38912K, 99% used [0x0000000606e00000,0x00000006093da5f8,0x0000000609400000)
Event: 13.250 GC heap after
Heap after GC invocations=8 (full 0):
 PSYoungGen      total 285696K, used 38371K [0x0000000759500000, 0x000000076fd00000, 0x0000000800000000)
  eden space 247296K, 0% used [0x0000000759500000,0x0000000759500000,0x0000000768680000)
  from space 38400K, 99% used [0x000000076ba80000,0x000000076dff8f60,0x000000076e000000)
  to   space 53248K, 0% used [0x0000000768680000,0x0000000768680000,0x000000076ba80000)
 ParOldGen       total 175104K, used 58827K [0x000000060c000000, 0x0000000616b00000, 0x0000000759500000)
  object space 175104K, 33% used [0x000000060c000000,0x000000060f972d20,0x0000000616b00000)
 PSPermGen       total 38912K, used 38761K [0x0000000606e00000, 0x0000000609400000, 0x000000060c000000)
  object space 38912K, 99% used [0x0000000606e00000,0x00000006093da5f8,0x0000000609400000)
}
Event: 17.674 GC heap before
{Heap before GC invocations=9 (full 0):
 PSYoungGen      total 285696K, used 285667K [0x0000000759500000, 0x000000076fd00000, 0x0000000800000000)
  eden space 247296K, 100% used [0x0000000759500000,0x0000000768680000,0x0000000768680000)
  from space 38400K, 99% used [0x000000076ba80000,0x000000076dff8f60,0x000000076e000000)
  to   space 53248K, 0% used [0x0000000768680000,0x0000000768680000,0x000000076ba80000)
 ParOldGen       total 175104K, used 58827K [0x000000060c000000, 0x0000000616b00000, 0x0000000759500000)
  object space 175104K, 33% used [0x000000060c000000,0x000000060f972d20,0x0000000616b00000)
 PSPermGen       total 52224K, used 51940K [0x0000000606e00000, 0x000000060a100000, 0x000000060c000000)
  object space 52224K, 99% used [0x0000000606e00000,0x000000060a0b9148,0x000000060a100000)
Event: 17.702 GC heap after
Heap after GC invocations=9 (full 0):
 PSYoungGen      total 300544K, used 53246K [0x0000000759500000, 0x000000077a280000, 0x0000000800000000)
  eden space 247296K, 0% used [0x0000000759500000,0x0000000759500000,0x0000000768680000)
  from space 53248K, 99% used [0x0000000768680000,0x000000076ba7f8e8,0x000000076ba80000)
  to   space 71168K, 0% used [0x0000000775d00000,0x0000000775d00000,0x000000077a280000)
 ParOldGen       total 175104K, used 80625K [0x000000060c000000, 0x0000000616b00000, 0x0000000759500000)
  object space 175104K, 46% used [0x000000060c000000,0x0000000610ebc6a8,0x0000000616b00000)
 PSPermGen       total 52224K, used 51940K [0x0000000606e00000, 0x000000060a100000, 0x000000060c000000)
  object space 52224K, 99% used [0x0000000606e00000,0x000000060a0b9148,0x000000060a100000)
}

