# JRE version: Java(TM) SE Runtime Environment (7.0_45-b18) (build 1.7.0_45-b18)
# Java VM: Java HotSpot(TM) 64-Bit Server VM (24.45-b08 mixed mode linux-amd64 compressed oops)
Heap
 PSYoungGen      total 156672K, used 135572K [0x0000000759500000, 0x0000000765080000, 0x0000000800000000)
  eden space 154112K, 86% used [0x0000000759500000,0x00000007616e53b0,0x0000000762b80000)
  from space 2560K, 100% used [0x0000000764e00000,0x0000000765080000,0x0000000765080000)
  to   space 5632K, 0% used [0x0000000764580000,0x0000000764580000,0x0000000764b00000)
 ParOldGen       total 502784K, used 236326K [0x000000060c000000, 0x000000062ab00000, 0x0000000759500000)
  object space 502784K, 47% used [0x000000060c000000,0x000000061a6c9a98,0x000000062ab00000)
 PSPermGen       total 57856K, used 57411K [0x0000000606e00000, 0x000000060a680000, 0x000000060c000000)
  object space 57856K, 99% used [0x0000000606e00000,0x000000060a610eb0,0x000000060a680000)
GC Heap History (10 events):
Event: 16986.955 GC heap before
{Heap before GC invocations=492 (full 264):
 PSYoungGen      total 168448K, used 166400K [0x0000000759500000, 0x0000000765200000, 0x0000000800000000)
  eden space 166400K, 100% used [0x0000000759500000,0x0000000763780000,0x0000000763780000)
  from space 2048K, 0% used [0x0000000765000000,0x0000000765000000,0x0000000765200000)
  to   space 3072K, 0% used [0x0000000764c00000,0x0000000764c00000,0x0000000764f00000)
 ParOldGen       total 3504640K, used 3421696K [0x000000060c000000, 0x00000006e1e80000, 0x0000000759500000)
  object space 3504640K, 97% used [0x000000060c000000,0x00000006dcd80000,0x00000006e1e80000)
 PSPermGen       total 57344K, used 57253K [0x0000000606e00000, 0x000000060a600000, 0x000000060c000000)
  object space 57344K, 99% used [0x0000000606e00000,0x000000060a5e9530,0x000000060a600000)
Event: 16987.166 GC heap after
Heap after GC invocations=492 (full 264):
 PSYoungGen      total 168448K, used 0K [0x0000000759500000, 0x0000000765200000, 0x0000000800000000)
  eden space 166400K, 0% used [0x0000000759500000,0x0000000759500000,0x0000000763780000)
  from space 2048K, 0% used [0x0000000765000000,0x0000000765000000,0x0000000765200000)
  to   space 3072K, 0% used [0x0000000764c00000,0x0000000764c00000,0x0000000764f00000)
 ParOldGen       total 3122688K, used 2849510K [0x000000060c000000, 0x00000006ca980000, 0x0000000759500000)
  object space 3122688K, 91% used [0x000000060c000000,0x00000006b9eb9be8,0x00000006ca980000)
 PSPermGen       total 57344K, used 57253K [0x0000000606e00000, 0x000000060a600000, 0x000000060c000000)
  object space 57344K, 99% used [0x0000000606e00000,0x000000060a5e9530,0x000000060a600000)
}
Event: 17035.475 GC heap before
{Heap before GC invocations=493 (full 265):
 PSYoungGen      total 168448K, used 166400K [0x0000000759500000, 0x0000000765200000, 0x0000000800000000)
  eden space 166400K, 100% used [0x0000000759500000,0x0000000763780000,0x0000000763780000)
  from space 2048K, 0% used [0x0000000765000000,0x0000000765000000,0x0000000765200000)
  to   space 3072K, 0% used [0x0000000764c00000,0x0000000764c00000,0x0000000764f00000)
 ParOldGen       total 3504640K, used 3421701K [0x000000060c000000, 0x00000006e1e80000, 0x0000000759500000)
  object space 3504640K, 97% used [0x000000060c000000,0x00000006dcd817f0,0x00000006e1e80000)
 PSPermGen       total 57344K, used 57253K [0x0000000606e00000, 0x000000060a600000, 0x000000060c000000)
  object space 57344K, 99% used [0x0000000606e00000,0x000000060a5e9530,0x000000060a600000)
Event: 17035.685 GC heap after
Heap after GC invocations=493 (full 265):
 PSYoungGen      total 168448K, used 0K [0x0000000759500000, 0x0000000765200000, 0x0000000800000000)
  eden space 166400K, 0% used [0x0000000759500000,0x0000000759500000,0x0000000763780000)
  from space 2048K, 0% used [0x0000000765000000,0x0000000765000000,0x0000000765200000)
  to   space 3072K, 0% used [0x0000000764c00000,0x0000000764c00000,0x0000000764f00000)
 ParOldGen       total 3122688K, used 2849496K [0x000000060c000000, 0x00000006ca980000, 0x0000000759500000)
  object space 3122688K, 91% used [0x000000060c000000,0x00000006b9eb6108,0x00000006ca980000)
 PSPermGen       total 57344K, used 57253K [0x0000000606e00000, 0x000000060a600000, 0x000000060c000000)
  object space 57344K, 99% used [0x0000000606e00000,0x000000060a5e9530,0x000000060a600000)
}
Event: 17078.040 GC heap before
{Heap before GC invocations=494 (full 266):
 PSYoungGen      total 168448K, used 166400K [0x0000000759500000, 0x0000000765200000, 0x0000000800000000)
  eden space 166400K, 100% used [0x0000000759500000,0x0000000763780000,0x0000000763780000)
  from space 2048K, 0% used [0x0000000765000000,0x0000000765000000,0x0000000765200000)
  to   space 3072K, 0% used [0x0000000764c00000,0x0000000764c00000,0x0000000764f00000)
 ParOldGen       total 3313664K, used 3230956K [0x000000060c000000, 0x00000006d6400000, 0x0000000759500000)
  object space 3313664K, 97% used [0x000000060c000000,0x00000006d133b3d0,0x00000006d6400000)
 PSPermGen       total 57344K, used 57297K [0x0000000606e00000, 0x000000060a600000, 0x000000060c000000)
  object space 57344K, 99% used [0x0000000606e00000,0x000000060a5f4488,0x000000060a600000)
Event: 17078.275 GC heap after
Heap after GC invocations=494 (full 266):
 PSYoungGen      total 168448K, used 0K [0x0000000759500000, 0x0000000765200000, 0x0000000800000000)
  eden space 166400K, 0% used [0x0000000759500000,0x0000000759500000,0x0000000763780000)
  from space 2048K, 0% used [0x0000000765000000,0x0000000765000000,0x0000000765200000)
  to   space 3072K, 0% used [0x0000000764c00000,0x0000000764c00000,0x0000000764f00000)
 ParOldGen       total 502784K, used 229582K [0x000000060c000000, 0x000000062ab00000, 0x0000000759500000)
  object space 502784K, 45% used [0x000000060c000000,0x000000061a033b40,0x000000062ab00000)
 PSPermGen       total 57344K, used 57297K [0x0000000606e00000, 0x000000060a600000, 0x000000060c000000)
  object space 57344K, 99% used [0x0000000606e00000,0x000000060a5f4468,0x000000060a600000)
}
Event: 40188.801 GC heap before
{Heap before GC invocations=495 (full 266):
 PSYoungGen      total 168448K, used 166400K [0x0000000759500000, 0x0000000765200000, 0x0000000800000000)
  eden space 166400K, 100% used [0x0000000759500000,0x0000000763780000,0x0000000763780000)
  from space 2048K, 0% used [0x0000000765000000,0x0000000765000000,0x0000000765200000)
  to   space 3072K, 0% used [0x0000000764c00000,0x0000000764c00000,0x0000000764f00000)
 ParOldGen       total 502784K, used 229585K [0x000000060c000000, 0x000000062ab00000, 0x0000000759500000)
  object space 502784K, 45% used [0x000000060c000000,0x000000061a034708,0x000000062ab00000)
 PSPermGen       total 57856K, used 57345K [0x0000000606e00000, 0x000000060a680000, 0x000000060c000000)
  object space 57856K, 99% used [0x0000000606e00000,0x000000060a6006e8,0x000000060a680000)
Event: 40188.803 GC heap after
Heap after GC invocations=495 (full 266):
 PSYoungGen      total 162304K, used 1880K [0x0000000759500000, 0x0000000765080000, 0x0000000800000000)
  eden space 160256K, 0% used [0x0000000759500000,0x0000000759500000,0x0000000763180000)
  from space 2048K, 91% used [0x0000000764c00000,0x0000000764dd6200,0x0000000764e00000)
  to   space 2560K, 0% used [0x0000000764e00000,0x0000000764e00000,0x0000000765080000)
 ParOldGen       total 502784K, used 229585K [0x000000060c000000, 0x000000062ab00000, 0x0000000759500000)
  object space 502784K, 45% used [0x000000060c000000,0x000000061a034708,0x000000062ab00000)
 PSPermGen       total 57856K, used 57345K [0x0000000606e00000, 0x000000060a680000, 0x000000060c000000)
  object space 57856K, 99% used [0x0000000606e00000,0x000000060a6006e8,0x000000060a680000)
}
Event: 40192.440 GC heap before
{Heap before GC invocations=496 (full 266):
 PSYoungGen      total 162304K, used 162136K [0x0000000759500000, 0x0000000765080000, 0x0000000800000000)
  eden space 160256K, 100% used [0x0000000759500000,0x0000000763180000,0x0000000763180000)
  from space 2048K, 91% used [0x0000000764c00000,0x0000000764dd6200,0x0000000764e00000)
  to   space 2560K, 0% used [0x0000000764e00000,0x0000000764e00000,0x0000000765080000)
 ParOldGen       total 502784K, used 229585K [0x000000060c000000, 0x000000062ab00000, 0x0000000759500000)
  object space 502784K, 45% used [0x000000060c000000,0x000000061a034708,0x000000062ab00000)
 PSPermGen       total 57856K, used 57365K [0x0000000606e00000, 0x000000060a680000, 0x000000060c000000)
  object space 57856K, 99% used [0x0000000606e00000,0x000000060a6054b8,0x000000060a680000)
Event: 40192.448 GC heap after
Heap after GC invocations=496 (full 266):
 PSYoungGen      total 156672K, used 2560K [0x0000000759500000, 0x0000000765080000, 0x0000000800000000)
  eden space 154112K, 0% used [0x0000000759500000,0x0000000759500000,0x0000000762b80000)
  from space 2560K, 100% used [0x0000000764e00000,0x0000000765080000,0x0000000765080000)
  to   space 5632K, 0% used [0x0000000764580000,0x0000000764580000,0x0000000764b00000)
 ParOldGen       total 502784K, used 236326K [0x000000060c000000, 0x000000062ab00000, 0x0000000759500000)
  object space 502784K, 47% used [0x000000060c000000,0x000000061a6c9a98,0x000000062ab00000)
 PSPermGen       total 57856K, used 57365K [0x0000000606e00000, 0x000000060a680000, 0x000000060c000000)
  object space 57856K, 99% used [0x0000000606e00000,0x000000060a6054b8,0x000000060a680000)
}

