# JRE version: Java(TM) SE Runtime Environment (7.0_45-b18) (build 1.7.0_45-b18)
# Java VM: Java HotSpot(TM) 64-Bit Server VM (24.45-b08 mixed mode linux-amd64 compressed oops)
Heap
 PSYoungGen      total 80896K, used 22421K [0x00000000eb280000, 0x00000000f2700000, 0x0000000100000000)
  eden space 61440K, 5% used [0x00000000eb280000,0x00000000eb5d4ab8,0x00000000eee80000)
  from space 19456K, 97% used [0x00000000f0800000,0x00000000f1a909d0,0x00000000f1b00000)
  to   space 12288K, 0% used [0x00000000f1b00000,0x00000000f1b00000,0x00000000f2700000)
 ParOldGen       total 175104K, used 24998K [0x00000000c1800000, 0x00000000cc300000, 0x00000000eb280000)
  object space 175104K, 14% used [0x00000000c1800000,0x00000000c3069a40,0x00000000cc300000)
 PSPermGen       total 52736K, used 52540K [0x00000000bc600000, 0x00000000bf980000, 0x00000000c1800000)
  object space 52736K, 99% used [0x00000000bc600000,0x00000000bf94f0f0,0x00000000bf980000)
GC Heap History (10 events):
Event: 2.149 GC heap before
{Heap before GC invocations=3 (full 0):
 PSYoungGen      total 76800K, used 75601K [0x00000000eb280000, 0x00000000f0800000, 0x0000000100000000)
  eden space 66048K, 100% used [0x00000000eb280000,0x00000000ef300000,0x00000000ef300000)
  from space 10752K, 88% used [0x00000000efd80000,0x00000000f06d4530,0x00000000f0800000)
  to   space 10752K, 0% used [0x00000000ef300000,0x00000000ef300000,0x00000000efd80000)
 ParOldGen       total 175104K, used 80K [0x00000000c1800000, 0x00000000cc300000, 0x00000000eb280000)
  object space 175104K, 0% used [0x00000000c1800000,0x00000000c1814010,0x00000000cc300000)
 PSPermGen       total 35328K, used 35307K [0x00000000bc600000, 0x00000000be880000, 0x00000000c1800000)
  object space 35328K, 99% used [0x00000000bc600000,0x00000000be87ad60,0x00000000be880000)
Event: 2.160 GC heap after
Heap after GC invocations=3 (full 0):
 PSYoungGen      total 76800K, used 10743K [0x00000000eb280000, 0x00000000f4880000, 0x0000000100000000)
  eden space 66048K, 0% used [0x00000000eb280000,0x00000000eb280000,0x00000000ef300000)
  from space 10752K, 99% used [0x00000000ef300000,0x00000000efd7df90,0x00000000efd80000)
  to   space 10752K, 0% used [0x00000000f3e00000,0x00000000f3e00000,0x00000000f4880000)
 ParOldGen       total 175104K, used 8357K [0x00000000c1800000, 0x00000000cc300000, 0x00000000eb280000)
  object space 175104K, 4% used [0x00000000c1800000,0x00000000c20294d8,0x00000000cc300000)
 PSPermGen       total 35328K, used 35307K [0x00000000bc600000, 0x00000000be880000, 0x00000000c1800000)
  object space 35328K, 99% used [0x00000000bc600000,0x00000000be87ad60,0x00000000be880000)
}
Event: 4.302 GC heap before
{Heap before GC invocations=4 (full 0):
 PSYoungGen      total 76800K, used 76791K [0x00000000eb280000, 0x00000000f4880000, 0x0000000100000000)
  eden space 66048K, 100% used [0x00000000eb280000,0x00000000ef300000,0x00000000ef300000)
  from space 10752K, 99% used [0x00000000ef300000,0x00000000efd7df90,0x00000000efd80000)
  to   space 10752K, 0% used [0x00000000f3e00000,0x00000000f3e00000,0x00000000f4880000)
 ParOldGen       total 175104K, used 8357K [0x00000000c1800000, 0x00000000cc300000, 0x00000000eb280000)
  object space 175104K, 4% used [0x00000000c1800000,0x00000000c20294d8,0x00000000cc300000)
 PSPermGen       total 43520K, used 43126K [0x00000000bc600000, 0x00000000bf080000, 0x00000000c1800000)
  object space 43520K, 99% used [0x00000000bc600000,0x00000000bf01d928,0x00000000bf080000)
Event: 4.313 GC heap after
Heap after GC invocations=4 (full 0):
 PSYoungGen      total 76800K, used 10734K [0x00000000eb280000, 0x00000000f4880000, 0x0000000100000000)
  eden space 66048K, 0% used [0x00000000eb280000,0x00000000eb280000,0x00000000ef300000)
  from space 10752K, 99% used [0x00000000f3e00000,0x00000000f487ba28,0x00000000f4880000)
  to   space 10752K, 0% used [0x00000000ef300000,0x00000000ef300000,0x00000000efd80000)
 ParOldGen       total 175104K, used 15577K [0x00000000c1800000, 0x00000000cc300000, 0x00000000eb280000)
  object space 175104K, 8% used [0x00000000c1800000,0x00000000c2736558,0x00000000cc300000)
 PSPermGen       total 43520K, used 43126K [0x00000000bc600000, 0x00000000bf080000, 0x00000000c1800000)
  object space 43520K, 99% used [0x00000000bc600000,0x00000000bf01d928,0x00000000bf080000)
}
Event: 17.543 GC heap before
{Heap before GC invocations=5 (full 0):
 PSYoungGen      total 76800K, used 76782K [0x00000000eb280000, 0x00000000f4880000, 0x0000000100000000)
  eden space 66048K, 100% used [0x00000000eb280000,0x00000000ef300000,0x00000000ef300000)
  from space 10752K, 99% used [0x00000000f3e00000,0x00000000f487ba28,0x00000000f4880000)
  to   space 10752K, 0% used [0x00000000ef300000,0x00000000ef300000,0x00000000efd80000)
 ParOldGen       total 175104K, used 15577K [0x00000000c1800000, 0x00000000cc300000, 0x00000000eb280000)
  object space 175104K, 8% used [0x00000000c1800000,0x00000000c2736558,0x00000000cc300000)
 PSPermGen       total 47616K, used 47120K [0x00000000bc600000, 0x00000000bf480000, 0x00000000c1800000)
  object space 47616K, 98% used [0x00000000bc600000,0x00000000bf404320,0x00000000bf480000)
Event: 17.554 GC heap after
Heap after GC invocations=5 (full 0):
 PSYoungGen      total 75264K, used 10721K [0x00000000eb280000, 0x00000000f3e80000, 0x0000000100000000)
  eden space 64512K, 0% used [0x00000000eb280000,0x00000000eb280000,0x00000000ef180000)
  from space 10752K, 99% used [0x00000000ef300000,0x00000000efd787c0,0x00000000efd80000)
  to   space 24576K, 0% used [0x00000000f2680000,0x00000000f2680000,0x00000000f3e80000)
 ParOldGen       total 175104K, used 21137K [0x00000000c1800000, 0x00000000cc300000, 0x00000000eb280000)
  object space 175104K, 12% used [0x00000000c1800000,0x00000000c2ca45a0,0x00000000cc300000)
 PSPermGen       total 47616K, used 47120K [0x00000000bc600000, 0x00000000bf480000, 0x00000000c1800000)
  object space 47616K, 98% used [0x00000000bc600000,0x00000000bf404320,0x00000000bf480000)
}
Event: 19.748 GC heap before
{Heap before GC invocations=6 (full 0):
 PSYoungGen      total 75264K, used 75233K [0x00000000eb280000, 0x00000000f3e80000, 0x0000000100000000)
  eden space 64512K, 100% used [0x00000000eb280000,0x00000000ef180000,0x00000000ef180000)
  from space 10752K, 99% used [0x00000000ef300000,0x00000000efd787c0,0x00000000efd80000)
  to   space 24576K, 0% used [0x00000000f2680000,0x00000000f2680000,0x00000000f3e80000)
 ParOldGen       total 175104K, used 21137K [0x00000000c1800000, 0x00000000cc300000, 0x00000000eb280000)
  object space 175104K, 12% used [0x00000000c1800000,0x00000000c2ca45a0,0x00000000cc300000)
 PSPermGen       total 51712K, used 51684K [0x00000000bc600000, 0x00000000bf880000, 0x00000000c1800000)
  object space 51712K, 99% used [0x00000000bc600000,0x00000000bf8793e0,0x00000000bf880000)
Event: 19.758 GC heap after
Heap after GC invocations=6 (full 0):
 PSYoungGen      total 78848K, used 15643K [0x00000000eb280000, 0x00000000f3600000, 0x0000000100000000)
  eden space 62976K, 0% used [0x00000000eb280000,0x00000000eb280000,0x00000000ef000000)
  from space 15872K, 98% used [0x00000000f2680000,0x00000000f35c6da0,0x00000000f3600000)
  to   space 23552K, 0% used [0x00000000f0800000,0x00000000f0800000,0x00000000f1f00000)
 ParOldGen       total 175104K, used 21137K [0x00000000c1800000, 0x00000000cc300000, 0x00000000eb280000)
  object space 175104K, 12% used [0x00000000c1800000,0x00000000c2ca45a0,0x00000000cc300000)
 PSPermGen       total 51712K, used 51684K [0x00000000bc600000, 0x00000000bf880000, 0x00000000c1800000)
  object space 51712K, 99% used [0x00000000bc600000,0x00000000bf8793e0,0x00000000bf880000)
}
Event: 31.041 GC heap before
{Heap before GC invocations=7 (full 0):
 PSYoungGen      total 78848K, used 78619K [0x00000000eb280000, 0x00000000f3600000, 0x0000000100000000)
  eden space 62976K, 100% used [0x00000000eb280000,0x00000000ef000000,0x00000000ef000000)
  from space 15872K, 98% used [0x00000000f2680000,0x00000000f35c6da0,0x00000000f3600000)
  to   space 23552K, 0% used [0x00000000f0800000,0x00000000f0800000,0x00000000f1f00000)
 ParOldGen       total 175104K, used 21137K [0x00000000c1800000, 0x00000000cc300000, 0x00000000eb280000)
  object space 175104K, 12% used [0x00000000c1800000,0x00000000c2ca45a0,0x00000000cc300000)
 PSPermGen       total 52736K, used 52514K [0x00000000bc600000, 0x00000000bf980000, 0x00000000c1800000)
  object space 52736K, 99% used [0x00000000bc600000,0x00000000bf9488a0,0x00000000bf980000)
Event: 31.053 GC heap after
Heap after GC invocations=7 (full 0):
 PSYoungGen      total 80896K, used 19010K [0x00000000eb280000, 0x00000000f2700000, 0x0000000100000000)
  eden space 61440K, 0% used [0x00000000eb280000,0x00000000eb280000,0x00000000eee80000)
  from space 19456K, 97% used [0x00000000f0800000,0x00000000f1a909d0,0x00000000f1b00000)
  to   space 12288K, 0% used [0x00000000f1b00000,0x00000000f1b00000,0x00000000f2700000)
 ParOldGen       total 175104K, used 24998K [0x00000000c1800000, 0x00000000cc300000, 0x00000000eb280000)
  object space 175104K, 14% used [0x00000000c1800000,0x00000000c3069a40,0x00000000cc300000)
 PSPermGen       total 52736K, used 52514K [0x00000000bc600000, 0x00000000bf980000, 0x00000000c1800000)
  object space 52736K, 99% used [0x00000000bc600000,0x00000000bf9488a0,0x00000000bf980000)
}

