# JRE version: Java(TM) SE Runtime Environment (7.0_45-b18) (build 1.7.0_45-b18)
# Java VM: Java HotSpot(TM) 64-Bit Server VM (24.45-b08 mixed mode linux-amd64 compressed oops)
Heap
 PSYoungGen      total 343552K, used 193551K [0x0000000759500000, 0x000000077de80000, 0x0000000800000000)
  eden space 175104K, 14% used [0x0000000759500000,0x000000075ad847d0,0x0000000764000000)
  from space 168448K, 99% used [0x0000000764000000,0x000000076e47f530,0x000000076e480000)
  to   space 198144K, 0% used [0x0000000771d00000,0x0000000771d00000,0x000000077de80000)
 ParOldGen       total 2117120K, used 1963534K [0x000000060c000000, 0x000000068d380000, 0x0000000759500000)
  object space 2117120K, 92% used [0x000000060c000000,0x0000000683d83978,0x000000068d380000)
 PSPermGen       total 83968K, used 50146K [0x0000000606e00000, 0x000000060c000000, 0x000000060c000000)
  object space 83968K, 59% used [0x0000000606e00000,0x0000000609ef8b00,0x000000060c000000)
GC Heap History (10 events):
Event: 14.017 GC heap before
{Heap before GC invocations=13 (full 2):
 PSYoungGen      total 244736K, used 196551K [0x0000000759500000, 0x000000076e100000, 0x0000000800000000)
  eden space 177152K, 99% used [0x0000000759500000,0x00000007641f9b70,0x0000000764200000)
  from space 67584K, 28% used [0x0000000768e80000,0x000000076a1781c8,0x000000076d080000)
  to   space 78336K, 0% used [0x0000000764200000,0x0000000764200000,0x0000000768e80000)
 ParOldGen       total 598016K, used 378787K [0x000000060c000000, 0x0000000630800000, 0x0000000759500000)
  object space 598016K, 63% used [0x000000060c000000,0x00000006231e8db0,0x0000000630800000)
 PSPermGen       total 83968K, used 47956K [0x0000000606e00000, 0x000000060c000000, 0x000000060c000000)
  object space 83968K, 57% used [0x0000000606e00000,0x0000000609cd5150,0x000000060c000000)
Event: 14.042 GC heap after
Heap after GC invocations=13 (full 2):
 PSYoungGen      total 255488K, used 78327K [0x0000000759500000, 0x0000000776480000, 0x0000000800000000)
  eden space 177152K, 0% used [0x0000000759500000,0x0000000759500000,0x0000000764200000)
  from space 78336K, 99% used [0x0000000764200000,0x0000000768e7dd70,0x0000000768e80000)
  to   space 131072K, 0% used [0x000000076e480000,0x000000076e480000,0x0000000776480000)
 ParOldGen       total 598016K, used 488600K [0x000000060c000000, 0x0000000630800000, 0x0000000759500000)
  object space 598016K, 81% used [0x000000060c000000,0x0000000629d26058,0x0000000630800000)
 PSPermGen       total 83968K, used 47956K [0x0000000606e00000, 0x000000060c000000, 0x000000060c000000)
  object space 83968K, 57% used [0x0000000606e00000,0x0000000609cd5150,0x000000060c000000)
}
Event: 14.042 GC heap before
{Heap before GC invocations=14 (full 3):
 PSYoungGen      total 255488K, used 78327K [0x0000000759500000, 0x0000000776480000, 0x0000000800000000)
  eden space 177152K, 0% used [0x0000000759500000,0x0000000759500000,0x0000000764200000)
  from space 78336K, 99% used [0x0000000764200000,0x0000000768e7dd70,0x0000000768e80000)
  to   space 131072K, 0% used [0x000000076e480000,0x000000076e480000,0x0000000776480000)
 ParOldGen       total 598016K, used 488600K [0x000000060c000000, 0x0000000630800000, 0x0000000759500000)
  object space 598016K, 81% used [0x000000060c000000,0x0000000629d26058,0x0000000630800000)
 PSPermGen       total 83968K, used 47956K [0x0000000606e00000, 0x000000060c000000, 0x000000060c000000)
  object space 83968K, 57% used [0x0000000606e00000,0x0000000609cd5150,0x000000060c000000)
Event: 14.177 GC heap after
Heap after GC invocations=14 (full 3):
 PSYoungGen      total 255488K, used 0K [0x0000000759500000, 0x0000000776480000, 0x0000000800000000)
  eden space 177152K, 0% used [0x0000000759500000,0x0000000759500000,0x0000000764200000)
  from space 78336K, 0% used [0x0000000764200000,0x0000000764200000,0x0000000768e80000)
  to   space 131072K, 0% used [0x000000076e480000,0x000000076e480000,0x0000000776480000)
 ParOldGen       total 851968K, used 562373K [0x000000060c000000, 0x0000000640000000, 0x0000000759500000)
  object space 851968K, 66% used [0x000000060c000000,0x000000062e531580,0x0000000640000000)
 PSPermGen       total 83968K, used 47956K [0x0000000606e00000, 0x000000060c000000, 0x000000060c000000)
  object space 83968K, 57% used [0x0000000606e00000,0x0000000609cd50d0,0x000000060c000000)
}
Event: 14.291 GC heap before
{Heap before GC invocations=15 (full 3):
 PSYoungGen      total 255488K, used 177148K [0x0000000759500000, 0x0000000776480000, 0x0000000800000000)
  eden space 177152K, 99% used [0x0000000759500000,0x00000007641ff288,0x0000000764200000)
  from space 78336K, 0% used [0x0000000764200000,0x0000000764200000,0x0000000768e80000)
  to   space 131072K, 0% used [0x000000076e480000,0x000000076e480000,0x0000000776480000)
 ParOldGen       total 851968K, used 562373K [0x000000060c000000, 0x0000000640000000, 0x0000000759500000)
  object space 851968K, 66% used [0x000000060c000000,0x000000062e531580,0x0000000640000000)
 PSPermGen       total 83968K, used 47981K [0x0000000606e00000, 0x000000060c000000, 0x000000060c000000)
  object space 83968K, 57% used [0x0000000606e00000,0x0000000609cdb648,0x000000060c000000)
Event: 14.310 GC heap after
Heap after GC invocations=15 (full 3):
 PSYoungGen      total 306176K, used 131050K [0x0000000759500000, 0x000000077a700000, 0x0000000800000000)
  eden space 175104K, 0% used [0x0000000759500000,0x0000000759500000,0x0000000764000000)
  from space 131072K, 99% used [0x000000076e480000,0x000000077647ab30,0x0000000776480000)
  to   space 168448K, 0% used [0x0000000764000000,0x0000000764000000,0x000000076e480000)
 ParOldGen       total 851968K, used 602098K [0x000000060c000000, 0x0000000640000000, 0x0000000759500000)
  object space 851968K, 70% used [0x000000060c000000,0x0000000630bfca70,0x0000000640000000)
 PSPermGen       total 83968K, used 47981K [0x0000000606e00000, 0x000000060c000000, 0x000000060c000000)
  object space 83968K, 57% used [0x0000000606e00000,0x0000000609cdb648,0x000000060c000000)
}
Event: 492.486 GC heap before
{Heap before GC invocations=16 (full 4):
 PSYoungGen      total 306176K, used 306154K [0x0000000759500000, 0x000000077a700000, 0x0000000800000000)
  eden space 175104K, 100% used [0x0000000759500000,0x0000000764000000,0x0000000764000000)
  from space 131072K, 99% used [0x000000076e480000,0x000000077647ab30,0x0000000776480000)
  to   space 168448K, 0% used [0x0000000764000000,0x0000000764000000,0x000000076e480000)
 ParOldGen       total 2069504K, used 2069394K [0x000000060c000000, 0x000000068a500000, 0x0000000759500000)
  object space 2069504K, 99% used [0x000000060c000000,0x000000068a4e4b48,0x000000068a500000)
 PSPermGen       total 83968K, used 50145K [0x0000000606e00000, 0x000000060c000000, 0x000000060c000000)
  object space 83968K, 59% used [0x0000000606e00000,0x0000000609ef85c8,0x000000060c000000)
Event: 492.616 GC heap after
Heap after GC invocations=16 (full 4):
 PSYoungGen      total 306176K, used 0K [0x0000000759500000, 0x000000077a700000, 0x0000000800000000)
  eden space 175104K, 0% used [0x0000000759500000,0x0000000759500000,0x0000000764000000)
  from space 131072K, 0% used [0x000000076e480000,0x000000076e480000,0x0000000776480000)
  to   space 168448K, 0% used [0x0000000764000000,0x0000000764000000,0x000000076e480000)
 ParOldGen       total 1735168K, used 1387675K [0x000000060c000000, 0x0000000675e80000, 0x0000000759500000)
  object space 1735168K, 79% used [0x000000060c000000,0x0000000660b26f40,0x0000000675e80000)
 PSPermGen       total 83968K, used 50145K [0x0000000606e00000, 0x000000060c000000, 0x000000060c000000)
  object space 83968K, 59% used [0x0000000606e00000,0x0000000609ef8440,0x000000060c000000)
}
Event: 492.715 GC heap before
{Heap before GC invocations=17 (full 4):
 PSYoungGen      total 306176K, used 175104K [0x0000000759500000, 0x000000077a700000, 0x0000000800000000)
  eden space 175104K, 100% used [0x0000000759500000,0x0000000764000000,0x0000000764000000)
  from space 131072K, 0% used [0x000000076e480000,0x000000076e480000,0x0000000776480000)
  to   space 168448K, 0% used [0x0000000764000000,0x0000000764000000,0x000000076e480000)
 ParOldGen       total 1735168K, used 1390108K [0x000000060c000000, 0x0000000675e80000, 0x0000000759500000)
  object space 1735168K, 80% used [0x000000060c000000,0x0000000660d872c8,0x0000000675e80000)
 PSPermGen       total 83968K, used 50146K [0x0000000606e00000, 0x000000060c000000, 0x000000060c000000)
  object space 83968K, 59% used [0x0000000606e00000,0x0000000609ef8b00,0x000000060c000000)
Event: 492.737 GC heap after
Heap after GC invocations=17 (full 4):
 PSYoungGen      total 343552K, used 168445K [0x0000000759500000, 0x000000077de80000, 0x0000000800000000)
  eden space 175104K, 0% used [0x0000000759500000,0x0000000759500000,0x0000000764000000)
  from space 168448K, 99% used [0x0000000764000000,0x000000076e47f530,0x000000076e480000)
  to   space 198144K, 0% used [0x0000000771d00000,0x0000000771d00000,0x000000077de80000)
 ParOldGen       total 1735168K, used 1391343K [0x000000060c000000, 0x0000000675e80000, 0x0000000759500000)
  object space 1735168K, 80% used [0x000000060c000000,0x0000000660ebbd70,0x0000000675e80000)
 PSPermGen       total 83968K, used 50146K [0x0000000606e00000, 0x000000060c000000, 0x000000060c000000)
  object space 83968K, 59% used [0x0000000606e00000,0x0000000609ef8b00,0x000000060c000000)
}

