# JRE version: Java(TM) SE Runtime Environment (7.0_45-b18) (build 1.7.0_45-b18)
# Java VM: Java HotSpot(TM) 64-Bit Server VM (24.45-b08 mixed mode linux-amd64 compressed oops)
Heap
 PSYoungGen      total 156160K, used 37924K [0x0000000759500000, 0x0000000768280000, 0x0000000800000000)
  eden space 120832K, 12% used [0x0000000759500000,0x000000075a3ff320,0x0000000760b00000)
  from space 35328K, 63% used [0x0000000760b00000,0x0000000762109d98,0x0000000762d80000)
  to   space 36864K, 0% used [0x0000000765e80000,0x0000000765e80000,0x0000000768280000)
 ParOldGen       total 175104K, used 107799K [0x000000060c000000, 0x0000000616b00000, 0x0000000759500000)
  object space 175104K, 61% used [0x000000060c000000,0x0000000612945c98,0x0000000616b00000)
 PSPermGen       total 55296K, used 55250K [0x0000000606e00000, 0x000000060a400000, 0x000000060c000000)
  object space 55296K, 99% used [0x0000000606e00000,0x000000060a3f49f8,0x000000060a400000)
GC Heap History (10 events):
Event: 1827.148 GC heap before
{Heap before GC invocations=15 (full 0):
 PSYoungGen      total 82944K, used 60665K [0x0000000759500000, 0x0000000762000000, 0x0000000800000000)
  eden space 55296K, 100% used [0x0000000759500000,0x000000075cb00000,0x000000075cb00000)
  from space 27648K, 19% used [0x000000075e580000,0x000000075eabe520,0x0000000760080000)
  to   space 27136K, 0% used [0x000000075cb00000,0x000000075cb00000,0x000000075e580000)
 ParOldGen       total 175104K, used 42603K [0x000000060c000000, 0x0000000616b00000, 0x0000000759500000)
  object space 175104K, 24% used [0x000000060c000000,0x000000060e99af70,0x0000000616b00000)
 PSPermGen       total 55296K, used 54942K [0x0000000606e00000, 0x000000060a400000, 0x000000060c000000)
  object space 55296K, 99% used [0x0000000606e00000,0x000000060a3a7b00,0x000000060a400000)
Event: 1827.154 GC heap after
Heap after GC invocations=15 (full 0):
 PSYoungGen      total 82432K, used 5397K [0x0000000759500000, 0x0000000761e80000, 0x0000000800000000)
  eden space 55296K, 0% used [0x0000000759500000,0x0000000759500000,0x000000075cb00000)
  from space 27136K, 19% used [0x000000075cb00000,0x000000075d0457a0,0x000000075e580000)
  to   space 26112K, 0% used [0x0000000760500000,0x0000000760500000,0x0000000761e80000)
 ParOldGen       total 175104K, used 47627K [0x000000060c000000, 0x0000000616b00000, 0x0000000759500000)
  object space 175104K, 27% used [0x000000060c000000,0x000000060ee82f70,0x0000000616b00000)
 PSPermGen       total 55296K, used 54942K [0x0000000606e00000, 0x000000060a400000, 0x000000060c000000)
  object space 55296K, 99% used [0x0000000606e00000,0x000000060a3a7b00,0x000000060a400000)
}
Event: 1827.239 GC heap before
{Heap before GC invocations=16 (full 0):
 PSYoungGen      total 82432K, used 60693K [0x0000000759500000, 0x0000000761e80000, 0x0000000800000000)
  eden space 55296K, 100% used [0x0000000759500000,0x000000075cb00000,0x000000075cb00000)
  from space 27136K, 19% used [0x000000075cb00000,0x000000075d0457a0,0x000000075e580000)
  to   space 26112K, 0% used [0x0000000760500000,0x0000000760500000,0x0000000761e80000)
 ParOldGen       total 175104K, used 47627K [0x000000060c000000, 0x0000000616b00000, 0x0000000759500000)
  object space 175104K, 27% used [0x000000060c000000,0x000000060ee82f70,0x0000000616b00000)
 PSPermGen       total 55296K, used 54942K [0x0000000606e00000, 0x000000060a400000, 0x000000060c000000)
  object space 55296K, 99% used [0x0000000606e00000,0x000000060a3a7b00,0x000000060a400000)
Event: 1827.245 GC heap after
Heap after GC invocations=16 (full 0):
 PSYoungGen      total 112640K, used 5536K [0x0000000759500000, 0x0000000761c80000, 0x0000000800000000)
  eden space 88576K, 0% used [0x0000000759500000,0x0000000759500000,0x000000075eb80000)
  from space 24064K, 23% used [0x0000000760500000,0x0000000760a68368,0x0000000761c80000)
  to   space 25088K, 0% used [0x000000075eb80000,0x000000075eb80000,0x0000000760400000)
 ParOldGen       total 175104K, used 52611K [0x000000060c000000, 0x0000000616b00000, 0x0000000759500000)
  object space 175104K, 30% used [0x000000060c000000,0x000000060f360f70,0x0000000616b00000)
 PSPermGen       total 55296K, used 54942K [0x0000000606e00000, 0x000000060a400000, 0x000000060c000000)
  object space 55296K, 99% used [0x0000000606e00000,0x000000060a3a7b00,0x000000060a400000)
}
Event: 1827.485 GC heap before
{Heap before GC invocations=17 (full 0):
 PSYoungGen      total 112640K, used 94112K [0x0000000759500000, 0x0000000761c80000, 0x0000000800000000)
  eden space 88576K, 100% used [0x0000000759500000,0x000000075eb80000,0x000000075eb80000)
  from space 24064K, 23% used [0x0000000760500000,0x0000000760a68368,0x0000000761c80000)
  to   space 25088K, 0% used [0x000000075eb80000,0x000000075eb80000,0x0000000760400000)
 ParOldGen       total 175104K, used 52611K [0x000000060c000000, 0x0000000616b00000, 0x0000000759500000)
  object space 175104K, 30% used [0x000000060c000000,0x000000060f360f70,0x0000000616b00000)
 PSPermGen       total 55296K, used 55030K [0x0000000606e00000, 0x000000060a400000, 0x000000060c000000)
  object space 55296K, 99% used [0x0000000606e00000,0x000000060a3bda88,0x000000060a400000)
Event: 1827.497 GC heap after
Heap after GC invocations=17 (full 0):
 PSYoungGen      total 113664K, used 25056K [0x0000000759500000, 0x0000000764c80000, 0x0000000800000000)
  eden space 88576K, 0% used [0x0000000759500000,0x0000000759500000,0x000000075eb80000)
  from space 25088K, 99% used [0x000000075eb80000,0x00000007603f8020,0x0000000760400000)
  to   space 31744K, 0% used [0x0000000762d80000,0x0000000762d80000,0x0000000764c80000)
 ParOldGen       total 175104K, used 58332K [0x000000060c000000, 0x0000000616b00000, 0x0000000759500000)
  object space 175104K, 33% used [0x000000060c000000,0x000000060f8f72d8,0x0000000616b00000)
 PSPermGen       total 55296K, used 55030K [0x0000000606e00000, 0x000000060a400000, 0x000000060c000000)
  object space 55296K, 99% used [0x0000000606e00000,0x000000060a3bda88,0x000000060a400000)
}
Event: 1846.863 GC heap before
{Heap before GC invocations=18 (full 0):
 PSYoungGen      total 113664K, used 113632K [0x0000000759500000, 0x0000000764c80000, 0x0000000800000000)
  eden space 88576K, 100% used [0x0000000759500000,0x000000075eb80000,0x000000075eb80000)
  from space 25088K, 99% used [0x000000075eb80000,0x00000007603f8020,0x0000000760400000)
  to   space 31744K, 0% used [0x0000000762d80000,0x0000000762d80000,0x0000000764c80000)
 ParOldGen       total 175104K, used 58332K [0x000000060c000000, 0x0000000616b00000, 0x0000000759500000)
  object space 175104K, 33% used [0x000000060c000000,0x000000060f8f72d8,0x0000000616b00000)
 PSPermGen       total 55296K, used 55141K [0x0000000606e00000, 0x000000060a400000, 0x000000060c000000)
  object space 55296K, 99% used [0x0000000606e00000,0x000000060a3d97c0,0x000000060a400000)
Event: 1846.883 GC heap after
Heap after GC invocations=18 (full 0):
 PSYoungGen      total 152576K, used 27237K [0x0000000759500000, 0x0000000765380000, 0x0000000800000000)
  eden space 120832K, 0% used [0x0000000759500000,0x0000000759500000,0x0000000760b00000)
  from space 31744K, 85% used [0x0000000762d80000,0x0000000764819540,0x0000000764c80000)
  to   space 35328K, 0% used [0x0000000760b00000,0x0000000760b00000,0x0000000762d80000)
 ParOldGen       total 175104K, used 83448K [0x000000060c000000, 0x0000000616b00000, 0x0000000759500000)
  object space 175104K, 47% used [0x000000060c000000,0x000000061117e338,0x0000000616b00000)
 PSPermGen       total 55296K, used 55141K [0x0000000606e00000, 0x000000060a400000, 0x000000060c000000)
  object space 55296K, 99% used [0x0000000606e00000,0x000000060a3d97c0,0x000000060a400000)
}
Event: 1870.702 GC heap before
{Heap before GC invocations=19 (full 0):
 PSYoungGen      total 152576K, used 148069K [0x0000000759500000, 0x0000000765380000, 0x0000000800000000)
  eden space 120832K, 100% used [0x0000000759500000,0x0000000760b00000,0x0000000760b00000)
  from space 31744K, 85% used [0x0000000762d80000,0x0000000764819540,0x0000000764c80000)
  to   space 35328K, 0% used [0x0000000760b00000,0x0000000760b00000,0x0000000762d80000)
 ParOldGen       total 175104K, used 83448K [0x000000060c000000, 0x0000000616b00000, 0x0000000759500000)
  object space 175104K, 47% used [0x000000060c000000,0x000000061117e338,0x0000000616b00000)
 PSPermGen       total 55296K, used 55187K [0x0000000606e00000, 0x000000060a400000, 0x000000060c000000)
  object space 55296K, 99% used [0x0000000606e00000,0x000000060a3e4dc8,0x000000060a400000)
Event: 1870.720 GC heap after
Heap after GC invocations=19 (full 0):
 PSYoungGen      total 156160K, used 22567K [0x0000000759500000, 0x0000000768280000, 0x0000000800000000)
  eden space 120832K, 0% used [0x0000000759500000,0x0000000759500000,0x0000000760b00000)
  from space 35328K, 63% used [0x0000000760b00000,0x0000000762109d98,0x0000000762d80000)
  to   space 36864K, 0% used [0x0000000765e80000,0x0000000765e80000,0x0000000768280000)
 ParOldGen       total 175104K, used 107799K [0x000000060c000000, 0x0000000616b00000, 0x0000000759500000)
  object space 175104K, 61% used [0x000000060c000000,0x0000000612945c98,0x0000000616b00000)
 PSPermGen       total 55296K, used 55187K [0x0000000606e00000, 0x000000060a400000, 0x000000060c000000)
  object space 55296K, 99% used [0x0000000606e00000,0x000000060a3e4dc8,0x000000060a400000)
}

