# JRE version: Java(TM) SE Runtime Environment (7.0_45-b18) (build 1.7.0_45-b18)
# Java VM: Java HotSpot(TM) 64-Bit Server VM (24.45-b08 mixed mode linux-amd64 compressed oops)
Heap
 PSYoungGen      total 82432K, used 37909K [0x0000000759500000, 0x0000000760100000, 0x0000000800000000)
  eden space 59392K, 40% used [0x0000000759500000,0x000000075ac61ca0,0x000000075cf00000)
  from space 23040K, 60% used [0x000000075ea80000,0x000000075f823a88,0x0000000760100000)
  to   space 25600K, 0% used [0x000000075cf00000,0x000000075cf00000,0x000000075e800000)
 ParOldGen       total 175104K, used 22551K [0x000000060c000000, 0x0000000616b00000, 0x0000000759500000)
  object space 175104K, 12% used [0x000000060c000000,0x000000060d605d70,0x0000000616b00000)
 PSPermGen       total 52736K, used 52524K [0x0000000606e00000, 0x000000060a180000, 0x000000060c000000)
  object space 52736K, 99% used [0x0000000606e00000,0x000000060a14b1a8,0x000000060a180000)
GC Heap History (10 events):
Event: 13.063 GC heap before
{Heap before GC invocations=4 (full 0):
 PSYoungGen      total 76800K, used 76779K [0x0000000759500000, 0x000000075ea80000, 0x0000000800000000)
  eden space 66048K, 100% used [0x0000000759500000,0x000000075d580000,0x000000075d580000)
  from space 10752K, 99% used [0x000000075d580000,0x000000075dffaf40,0x000000075e000000)
  to   space 10752K, 0% used [0x000000075e000000,0x000000075e000000,0x000000075ea80000)
 ParOldGen       total 175104K, used 6046K [0x000000060c000000, 0x0000000616b00000, 0x0000000759500000)
  object space 175104K, 3% used [0x000000060c000000,0x000000060c5e79e8,0x0000000616b00000)
 PSPermGen       total 37888K, used 37677K [0x0000000606e00000, 0x0000000609300000, 0x000000060c000000)
  object space 37888K, 99% used [0x0000000606e00000,0x00000006092cb710,0x0000000609300000)
Event: 13.072 GC heap after
Heap after GC invocations=4 (full 0):
 PSYoungGen      total 76800K, used 10743K [0x0000000759500000, 0x000000075ea80000, 0x0000000800000000)
  eden space 66048K, 0% used [0x0000000759500000,0x0000000759500000,0x000000075d580000)
  from space 10752K, 99% used [0x000000075e000000,0x000000075ea7ddf8,0x000000075ea80000)
  to   space 10752K, 0% used [0x000000075d580000,0x000000075d580000,0x000000075e000000)
 ParOldGen       total 175104K, used 11412K [0x000000060c000000, 0x0000000616b00000, 0x0000000759500000)
  object space 175104K, 6% used [0x000000060c000000,0x000000060cb25338,0x0000000616b00000)
 PSPermGen       total 37888K, used 37677K [0x0000000606e00000, 0x0000000609300000, 0x000000060c000000)
  object space 37888K, 99% used [0x0000000606e00000,0x00000006092cb710,0x0000000609300000)
}
Event: 18.522 GC heap before
{Heap before GC invocations=5 (full 0):
 PSYoungGen      total 76800K, used 76627K [0x0000000759500000, 0x000000075ea80000, 0x0000000800000000)
  eden space 66048K, 99% used [0x0000000759500000,0x000000075d5570e0,0x000000075d580000)
  from space 10752K, 99% used [0x000000075e000000,0x000000075ea7ddf8,0x000000075ea80000)
  to   space 10752K, 0% used [0x000000075d580000,0x000000075d580000,0x000000075e000000)
 ParOldGen       total 175104K, used 11412K [0x000000060c000000, 0x0000000616b00000, 0x0000000759500000)
  object space 175104K, 6% used [0x000000060c000000,0x000000060cb25338,0x0000000616b00000)
 PSPermGen       total 40960K, used 40534K [0x0000000606e00000, 0x0000000609600000, 0x000000060c000000)
  object space 40960K, 98% used [0x0000000606e00000,0x0000000609595998,0x0000000609600000)
Event: 18.530 GC heap after
Heap after GC invocations=5 (full 0):
 PSYoungGen      total 75264K, used 10745K [0x0000000759500000, 0x000000075fd00000, 0x0000000800000000)
  eden space 64512K, 0% used [0x0000000759500000,0x0000000759500000,0x000000075d400000)
  from space 10752K, 99% used [0x000000075d580000,0x000000075dffe468,0x000000075e000000)
  to   space 20992K, 0% used [0x000000075e880000,0x000000075e880000,0x000000075fd00000)
 ParOldGen       total 175104K, used 14662K [0x000000060c000000, 0x0000000616b00000, 0x0000000759500000)
  object space 175104K, 8% used [0x000000060c000000,0x000000060ce519e0,0x0000000616b00000)
 PSPermGen       total 40960K, used 40534K [0x0000000606e00000, 0x0000000609600000, 0x000000060c000000)
  object space 40960K, 98% used [0x0000000606e00000,0x0000000609595998,0x0000000609600000)
}
Event: 32.456 GC heap before
{Heap before GC invocations=6 (full 0):
 PSYoungGen      total 75264K, used 75257K [0x0000000759500000, 0x000000075fd00000, 0x0000000800000000)
  eden space 64512K, 100% used [0x0000000759500000,0x000000075d400000,0x000000075d400000)
  from space 10752K, 99% used [0x000000075d580000,0x000000075dffe468,0x000000075e000000)
  to   space 20992K, 0% used [0x000000075e880000,0x000000075e880000,0x000000075fd00000)
 ParOldGen       total 175104K, used 14662K [0x000000060c000000, 0x0000000616b00000, 0x0000000759500000)
  object space 175104K, 8% used [0x000000060c000000,0x000000060ce519e0,0x0000000616b00000)
 PSPermGen       total 44544K, used 44227K [0x0000000606e00000, 0x0000000609980000, 0x000000060c000000)
  object space 44544K, 99% used [0x0000000606e00000,0x0000000609930fd8,0x0000000609980000)
Event: 32.465 GC heap after
Heap after GC invocations=6 (full 0):
 PSYoungGen      total 82432K, used 20092K [0x0000000759500000, 0x0000000760180000, 0x0000000800000000)
  eden space 61440K, 0% used [0x0000000759500000,0x0000000759500000,0x000000075d100000)
  from space 20992K, 95% used [0x000000075e880000,0x000000075fc1f298,0x000000075fd00000)
  to   space 24064K, 0% used [0x000000075d100000,0x000000075d100000,0x000000075e880000)
 ParOldGen       total 175104K, used 14662K [0x000000060c000000, 0x0000000616b00000, 0x0000000759500000)
  object space 175104K, 8% used [0x000000060c000000,0x000000060ce519e0,0x0000000616b00000)
 PSPermGen       total 44544K, used 44227K [0x0000000606e00000, 0x0000000609980000, 0x000000060c000000)
  object space 44544K, 99% used [0x0000000606e00000,0x0000000609930fd8,0x0000000609980000)
}
Event: 33.191 GC heap before
{Heap before GC invocations=7 (full 0):
 PSYoungGen      total 82432K, used 81532K [0x0000000759500000, 0x0000000760180000, 0x0000000800000000)
  eden space 61440K, 100% used [0x0000000759500000,0x000000075d100000,0x000000075d100000)
  from space 20992K, 95% used [0x000000075e880000,0x000000075fc1f298,0x000000075fd00000)
  to   space 24064K, 0% used [0x000000075d100000,0x000000075d100000,0x000000075e880000)
 ParOldGen       total 175104K, used 14662K [0x000000060c000000, 0x0000000616b00000, 0x0000000759500000)
  object space 175104K, 8% used [0x000000060c000000,0x000000060ce519e0,0x0000000616b00000)
 PSPermGen       total 51200K, used 50855K [0x0000000606e00000, 0x000000060a000000, 0x000000060c000000)
  object space 51200K, 99% used [0x0000000606e00000,0x0000000609fa9cd0,0x000000060a000000)
Event: 33.204 GC heap after
Heap after GC invocations=7 (full 0):
 PSYoungGen      total 84480K, used 22118K [0x0000000759500000, 0x0000000760500000, 0x0000000800000000)
  eden space 60416K, 0% used [0x0000000759500000,0x0000000759500000,0x000000075d000000)
  from space 24064K, 91% used [0x000000075d100000,0x000000075e699958,0x000000075e880000)
  to   space 27136K, 0% used [0x000000075ea80000,0x000000075ea80000,0x0000000760500000)
 ParOldGen       total 175104K, used 18218K [0x000000060c000000, 0x0000000616b00000, 0x0000000759500000)
  object space 175104K, 10% used [0x000000060c000000,0x000000060d1caa78,0x0000000616b00000)
 PSPermGen       total 51200K, used 50855K [0x0000000606e00000, 0x000000060a000000, 0x000000060c000000)
  object space 51200K, 99% used [0x0000000606e00000,0x0000000609fa9cd0,0x000000060a000000)
}
Event: 71.606 GC heap before
{Heap before GC invocations=8 (full 0):
 PSYoungGen      total 84480K, used 82534K [0x0000000759500000, 0x0000000760500000, 0x0000000800000000)
  eden space 60416K, 100% used [0x0000000759500000,0x000000075d000000,0x000000075d000000)
  from space 24064K, 91% used [0x000000075d100000,0x000000075e699958,0x000000075e880000)
  to   space 27136K, 0% used [0x000000075ea80000,0x000000075ea80000,0x0000000760500000)
 ParOldGen       total 175104K, used 18218K [0x000000060c000000, 0x0000000616b00000, 0x0000000759500000)
  object space 175104K, 10% used [0x000000060c000000,0x000000060d1caa78,0x0000000616b00000)
 PSPermGen       total 52736K, used 52346K [0x0000000606e00000, 0x000000060a180000, 0x000000060c000000)
  object space 52736K, 99% used [0x0000000606e00000,0x000000060a11e8e8,0x000000060a180000)
Event: 71.615 GC heap after
Heap after GC invocations=8 (full 0):
 PSYoungGen      total 82432K, used 13966K [0x0000000759500000, 0x0000000760100000, 0x0000000800000000)
  eden space 59392K, 0% used [0x0000000759500000,0x0000000759500000,0x000000075cf00000)
  from space 23040K, 60% used [0x000000075ea80000,0x000000075f823a88,0x0000000760100000)
  to   space 25600K, 0% used [0x000000075cf00000,0x000000075cf00000,0x000000075e800000)
 ParOldGen       total 175104K, used 22551K [0x000000060c000000, 0x0000000616b00000, 0x0000000759500000)
  object space 175104K, 12% used [0x000000060c000000,0x000000060d605d70,0x0000000616b00000)
 PSPermGen       total 52736K, used 52346K [0x0000000606e00000, 0x000000060a180000, 0x000000060c000000)
  object space 52736K, 99% used [0x0000000606e00000,0x000000060a11e8e8,0x000000060a180000)
}

