# JRE version: Java(TM) SE Runtime Environment (7.0_45-b18) (build 1.7.0_45-b18)
# Java VM: Java HotSpot(TM) 64-Bit Server VM (24.45-b08 mixed mode linux-amd64 compressed oops)
Heap
 PSYoungGen      total 274432K, used 57554K [0x00000000eb280000, 0x00000000fe580000, 0x0000000100000000)
  eden space 265728K, 18% used [0x00000000eb280000,0x00000000ee25cf18,0x00000000fb600000)
  from space 8704K, 98% used [0x00000000fc380000,0x00000000fcbd79b8,0x00000000fcc00000)
  to   space 20480K, 0% used [0x00000000fd180000,0x00000000fd180000,0x00000000fe580000)
 ParOldGen       total 175104K, used 88970K [0x00000000c1800000, 0x00000000cc300000, 0x00000000eb280000)
  object space 175104K, 50% used [0x00000000c1800000,0x00000000c6ee28e8,0x00000000cc300000)
 PSPermGen       total 83968K, used 58234K [0x00000000bc600000, 0x00000000c1800000, 0x00000000c1800000)
  object space 83968K, 69% used [0x00000000bc600000,0x00000000bfedeaf0,0x00000000c1800000)
GC Heap History (10 events):
Event: 1301.687 GC heap before
{Heap before GC invocations=342 (full 0):
 PSYoungGen      total 332800K, used 332787K [0x00000000eb280000, 0x0000000100000000, 0x0000000100000000)
  eden space 324096K, 100% used [0x00000000eb280000,0x00000000fef00000,0x00000000fef00000)
  from space 8704K, 99% used [0x00000000fef00000,0x00000000ff77cf08,0x00000000ff780000)
  to   space 8704K, 0% used [0x00000000ff780000,0x00000000ff780000,0x0000000100000000)
 ParOldGen       total 175104K, used 137888K [0x00000000c1800000, 0x00000000cc300000, 0x00000000eb280000)
  object space 175104K, 78% used [0x00000000c1800000,0x00000000c9ea8228,0x00000000cc300000)
 PSPermGen       total 51200K, used 51106K [0x00000000bc600000, 0x00000000bf800000, 0x00000000c1800000)
  object space 51200K, 99% used [0x00000000bc600000,0x00000000bf7e8a80,0x00000000bf800000)
Event: 1301.699 GC heap after
Heap after GC invocations=342 (full 0):
 PSYoungGen      total 308224K, used 8680K [0x00000000eb280000, 0x0000000100000000, 0x0000000100000000)
  eden space 299520K, 0% used [0x00000000eb280000,0x00000000eb280000,0x00000000fd700000)
  from space 8704K, 99% used [0x00000000ff780000,0x00000000ffffa168,0x0000000100000000)
  to   space 20992K, 0% used [0x00000000fd700000,0x00000000fd700000,0x00000000feb80000)
 ParOldGen       total 175104K, used 147251K [0x00000000c1800000, 0x00000000cc300000, 0x00000000eb280000)
  object space 175104K, 84% used [0x00000000c1800000,0x00000000ca7ccf68,0x00000000cc300000)
 PSPermGen       total 51200K, used 51106K [0x00000000bc600000, 0x00000000bf800000, 0x00000000c1800000)
  object space 51200K, 99% used [0x00000000bc600000,0x00000000bf7e8a80,0x00000000bf800000)
}
Event: 1577.096 GC heap before
{Heap before GC invocations=343 (full 0):
 PSYoungGen      total 308224K, used 308200K [0x00000000eb280000, 0x0000000100000000, 0x0000000100000000)
  eden space 299520K, 100% used [0x00000000eb280000,0x00000000fd700000,0x00000000fd700000)
  from space 8704K, 99% used [0x00000000ff780000,0x00000000ffffa168,0x0000000100000000)
  to   space 20992K, 0% used [0x00000000fd700000,0x00000000fd700000,0x00000000feb80000)
 ParOldGen       total 175104K, used 147251K [0x00000000c1800000, 0x00000000cc300000, 0x00000000eb280000)
  object space 175104K, 84% used [0x00000000c1800000,0x00000000ca7ccf68,0x00000000cc300000)
 PSPermGen       total 57344K, used 57124K [0x00000000bc600000, 0x00000000bfe00000, 0x00000000c1800000)
  object space 57344K, 99% used [0x00000000bc600000,0x00000000bfdc93c0,0x00000000bfe00000)
Event: 1577.109 GC heap after
Heap after GC invocations=343 (full 0):
 PSYoungGen      total 302080K, used 13936K [0x00000000eb280000, 0x00000000ff800000, 0x0000000100000000)
  eden space 287744K, 0% used [0x00000000eb280000,0x00000000eb280000,0x00000000fcb80000)
  from space 14336K, 97% used [0x00000000fd700000,0x00000000fe49c2e8,0x00000000fe500000)
  to   space 19456K, 0% used [0x00000000fe500000,0x00000000fe500000,0x00000000ff800000)
 ParOldGen       total 175104K, used 154142K [0x00000000c1800000, 0x00000000cc300000, 0x00000000eb280000)
  object space 175104K, 88% used [0x00000000c1800000,0x00000000cae87910,0x00000000cc300000)
 PSPermGen       total 57344K, used 57124K [0x00000000bc600000, 0x00000000bfe00000, 0x00000000c1800000)
  object space 57344K, 99% used [0x00000000bc600000,0x00000000bfdc93c0,0x00000000bfe00000)
}
Event: 2687.701 GC heap before
{Heap before GC invocations=344 (full 0):
 PSYoungGen      total 302080K, used 301680K [0x00000000eb280000, 0x00000000ff800000, 0x0000000100000000)
  eden space 287744K, 100% used [0x00000000eb280000,0x00000000fcb80000,0x00000000fcb80000)
  from space 14336K, 97% used [0x00000000fd700000,0x00000000fe49c2e8,0x00000000fe500000)
  to   space 19456K, 0% used [0x00000000fe500000,0x00000000fe500000,0x00000000ff800000)
 ParOldGen       total 175104K, used 154142K [0x00000000c1800000, 0x00000000cc300000, 0x00000000eb280000)
  object space 175104K, 88% used [0x00000000c1800000,0x00000000cae87910,0x00000000cc300000)
 PSPermGen       total 58368K, used 58073K [0x00000000bc600000, 0x00000000bff00000, 0x00000000c1800000)
  object space 58368K, 99% used [0x00000000bc600000,0x00000000bfeb65b0,0x00000000bff00000)
Event: 2687.712 GC heap after
Heap after GC invocations=344 (full 0):
 PSYoungGen      total 285184K, used 8397K [0x00000000eb280000, 0x00000000fed80000, 0x0000000100000000)
  eden space 276480K, 0% used [0x00000000eb280000,0x00000000eb280000,0x00000000fc080000)
  from space 8704K, 96% used [0x00000000fe500000,0x00000000fed334b8,0x00000000fed80000)
  to   space 21504K, 0% used [0x00000000fc380000,0x00000000fc380000,0x00000000fd880000)
 ParOldGen       total 175104K, used 161925K [0x00000000c1800000, 0x00000000cc300000, 0x00000000eb280000)
  object space 175104K, 92% used [0x00000000c1800000,0x00000000cb621638,0x00000000cc300000)
 PSPermGen       total 58368K, used 58073K [0x00000000bc600000, 0x00000000bff00000, 0x00000000c1800000)
  object space 58368K, 99% used [0x00000000bc600000,0x00000000bfeb65b0,0x00000000bff00000)
}
Event: 2687.712 GC heap before
{Heap before GC invocations=345 (full 1):
 PSYoungGen      total 285184K, used 8397K [0x00000000eb280000, 0x00000000fed80000, 0x0000000100000000)
  eden space 276480K, 0% used [0x00000000eb280000,0x00000000eb280000,0x00000000fc080000)
  from space 8704K, 96% used [0x00000000fe500000,0x00000000fed334b8,0x00000000fed80000)
  to   space 21504K, 0% used [0x00000000fc380000,0x00000000fc380000,0x00000000fd880000)
 ParOldGen       total 175104K, used 161925K [0x00000000c1800000, 0x00000000cc300000, 0x00000000eb280000)
  object space 175104K, 92% used [0x00000000c1800000,0x00000000cb621638,0x00000000cc300000)
 PSPermGen       total 58368K, used 58073K [0x00000000bc600000, 0x00000000bff00000, 0x00000000c1800000)
  object space 58368K, 99% used [0x00000000bc600000,0x00000000bfeb65b0,0x00000000bff00000)
Event: 2687.919 GC heap after
Heap after GC invocations=345 (full 1):
 PSYoungGen      total 285184K, used 0K [0x00000000eb280000, 0x00000000fed80000, 0x0000000100000000)
  eden space 276480K, 0% used [0x00000000eb280000,0x00000000eb280000,0x00000000fc080000)
  from space 8704K, 0% used [0x00000000fe500000,0x00000000fe500000,0x00000000fed80000)
  to   space 21504K, 0% used [0x00000000fc380000,0x00000000fc380000,0x00000000fd880000)
 ParOldGen       total 175104K, used 88970K [0x00000000c1800000, 0x00000000cc300000, 0x00000000eb280000)
  object space 175104K, 50% used [0x00000000c1800000,0x00000000c6ee28e8,0x00000000cc300000)
 PSPermGen       total 83968K, used 57950K [0x00000000bc600000, 0x00000000c1800000, 0x00000000c1800000)
  object space 83968K, 69% used [0x00000000bc600000,0x00000000bfe97968,0x00000000c1800000)
}
Event: 2819.690 GC heap before
{Heap before GC invocations=346 (full 1):
 PSYoungGen      total 285184K, used 276480K [0x00000000eb280000, 0x00000000fed80000, 0x0000000100000000)
  eden space 276480K, 100% used [0x00000000eb280000,0x00000000fc080000,0x00000000fc080000)
  from space 8704K, 0% used [0x00000000fe500000,0x00000000fe500000,0x00000000fed80000)
  to   space 21504K, 0% used [0x00000000fc380000,0x00000000fc380000,0x00000000fd880000)
 ParOldGen       total 175104K, used 88970K [0x00000000c1800000, 0x00000000cc300000, 0x00000000eb280000)
  object space 175104K, 50% used [0x00000000c1800000,0x00000000c6ee28e8,0x00000000cc300000)
 PSPermGen       total 83968K, used 58118K [0x00000000bc600000, 0x00000000c1800000, 0x00000000c1800000)
  object space 83968K, 69% used [0x00000000bc600000,0x00000000bfec1b60,0x00000000c1800000)
Event: 2819.699 GC heap after
Heap after GC invocations=346 (full 1):
 PSYoungGen      total 274432K, used 8542K [0x00000000eb280000, 0x00000000fe580000, 0x0000000100000000)
  eden space 265728K, 0% used [0x00000000eb280000,0x00000000eb280000,0x00000000fb600000)
  from space 8704K, 98% used [0x00000000fc380000,0x00000000fcbd79b8,0x00000000fcc00000)
  to   space 20480K, 0% used [0x00000000fd180000,0x00000000fd180000,0x00000000fe580000)
 ParOldGen       total 175104K, used 88970K [0x00000000c1800000, 0x00000000cc300000, 0x00000000eb280000)
  object space 175104K, 50% used [0x00000000c1800000,0x00000000c6ee28e8,0x00000000cc300000)
 PSPermGen       total 83968K, used 58118K [0x00000000bc600000, 0x00000000c1800000, 0x00000000c1800000)
  object space 83968K, 69% used [0x00000000bc600000,0x00000000bfec1b60,0x00000000c1800000)
}

