# JRE version: Java(TM) SE Runtime Environment (7.0_45-b18) (build 1.7.0_45-b18)
# Java VM: Java HotSpot(TM) 64-Bit Server VM (24.45-b08 mixed mode linux-amd64 compressed oops)
Heap
 PSYoungGen      total 946688K, used 729610K [0x0000000759500000, 0x00000007b4f80000, 0x0000000800000000)
  eden space 548352K, 70% used [0x0000000759500000,0x0000000770e9aac0,0x000000077ac80000)
  from space 398336K, 86% used [0x0000000796480000,0x00000007ab367e90,0x00000007ae980000)
  to   space 450560K, 0% used [0x000000077ac80000,0x000000077ac80000,0x0000000796480000)
 ParOldGen       total 1324032K, used 648784K [0x000000060c000000, 0x000000065cd00000, 0x0000000759500000)
  object space 1324032K, 49% used [0x000000060c000000,0x0000000633994088,0x000000065cd00000)
 PSPermGen       total 83968K, used 50689K [0x0000000606e00000, 0x000000060c000000, 0x000000060c000000)
  object space 83968K, 60% used [0x0000000606e00000,0x0000000609f804e8,0x000000060c000000)
GC Heap History (10 events):
Event: 11.224 GC heap before
{Heap before GC invocations=12 (full 2):
 PSYoungGen      total 552448K, used 447193K [0x0000000759500000, 0x00000007a2000000, 0x0000000800000000)
  eden space 456704K, 78% used [0x0000000759500000,0x000000076f168bc8,0x0000000775300000)
  from space 95744K, 94% used [0x0000000775300000,0x000000077ab4d890,0x000000077b080000)
  to   space 264704K, 0% used [0x0000000791d80000,0x0000000791d80000,0x00000007a2000000)
 ParOldGen       total 945664K, used 548004K [0x000000060c000000, 0x0000000645b80000, 0x0000000759500000)
  object space 945664K, 57% used [0x000000060c000000,0x000000062d729368,0x0000000645b80000)
 PSPermGen       total 83968K, used 48209K [0x0000000606e00000, 0x000000060c000000, 0x000000060c000000)
  object space 83968K, 57% used [0x0000000606e00000,0x0000000609d14670,0x000000060c000000)
Event: 11.330 GC heap after
Heap after GC invocations=12 (full 2):
 PSYoungGen      total 799744K, used 264699K [0x0000000759500000, 0x00000007a8480000, 0x0000000800000000)
  eden space 535040K, 0% used [0x0000000759500000,0x0000000759500000,0x0000000779f80000)
  from space 264704K, 99% used [0x0000000791d80000,0x00000007a1ffedb8,0x00000007a2000000)
  to   space 379392K, 0% used [0x0000000779f80000,0x0000000779f80000,0x0000000791200000)
 ParOldGen       total 945664K, used 723351K [0x000000060c000000, 0x0000000645b80000, 0x0000000759500000)
  object space 945664K, 76% used [0x000000060c000000,0x0000000638265ca0,0x0000000645b80000)
 PSPermGen       total 83968K, used 48209K [0x0000000606e00000, 0x000000060c000000, 0x000000060c000000)
  object space 83968K, 57% used [0x0000000606e00000,0x0000000609d14670,0x000000060c000000)
}
Event: 11.330 GC heap before
{Heap before GC invocations=13 (full 3):
 PSYoungGen      total 799744K, used 264699K [0x0000000759500000, 0x00000007a8480000, 0x0000000800000000)
  eden space 535040K, 0% used [0x0000000759500000,0x0000000759500000,0x0000000779f80000)
  from space 264704K, 99% used [0x0000000791d80000,0x00000007a1ffedb8,0x00000007a2000000)
  to   space 379392K, 0% used [0x0000000779f80000,0x0000000779f80000,0x0000000791200000)
 ParOldGen       total 945664K, used 723351K [0x000000060c000000, 0x0000000645b80000, 0x0000000759500000)
  object space 945664K, 76% used [0x000000060c000000,0x0000000638265ca0,0x0000000645b80000)
 PSPermGen       total 83968K, used 48209K [0x0000000606e00000, 0x000000060c000000, 0x000000060c000000)
  object space 83968K, 57% used [0x0000000606e00000,0x0000000609d14670,0x000000060c000000)
Event: 11.513 GC heap after
Heap after GC invocations=13 (full 3):
 PSYoungGen      total 799744K, used 40952K [0x0000000759500000, 0x00000007a8480000, 0x0000000800000000)
  eden space 535040K, 0% used [0x0000000759500000,0x0000000759500000,0x0000000779f80000)
  from space 264704K, 15% used [0x0000000791d80000,0x000000079457e3f0,0x00000007a2000000)
  to   space 379392K, 0% used [0x0000000779f80000,0x0000000779f80000,0x0000000791200000)
 ParOldGen       total 1455616K, used 945334K [0x000000060c000000, 0x0000000664d80000, 0x0000000759500000)
  object space 1455616K, 64% used [0x000000060c000000,0x0000000645b2da60,0x0000000664d80000)
 PSPermGen       total 83968K, used 48209K [0x0000000606e00000, 0x000000060c000000, 0x000000060c000000)
  object space 83968K, 57% used [0x0000000606e00000,0x0000000609d14670,0x000000060c000000)
}
Event: 715.113 GC heap before
{Heap before GC invocations=14 (full 3):
 PSYoungGen      total 799744K, used 575992K [0x0000000759500000, 0x00000007a8480000, 0x0000000800000000)
  eden space 535040K, 100% used [0x0000000759500000,0x0000000779f80000,0x0000000779f80000)
  from space 264704K, 15% used [0x0000000791d80000,0x000000079457e3f0,0x00000007a2000000)
  to   space 379392K, 0% used [0x0000000779f80000,0x0000000779f80000,0x0000000791200000)
 ParOldGen       total 1455616K, used 945334K [0x000000060c000000, 0x0000000664d80000, 0x0000000759500000)
  object space 1455616K, 64% used [0x000000060c000000,0x0000000645b2da60,0x0000000664d80000)
 PSPermGen       total 83968K, used 50685K [0x0000000606e00000, 0x000000060c000000, 0x000000060c000000)
  object space 83968K, 60% used [0x0000000606e00000,0x0000000609f7f410,0x000000060c000000)
Event: 715.217 GC heap after
Heap after GC invocations=14 (full 3):
 PSYoungGen      total 914432K, used 240042K [0x0000000759500000, 0x00000007ae980000, 0x0000000800000000)
  eden space 535040K, 0% used [0x0000000759500000,0x0000000759500000,0x0000000779f80000)
  from space 379392K, 63% used [0x0000000779f80000,0x00000007889eabc0,0x0000000791200000)
  to   space 398336K, 0% used [0x0000000796480000,0x0000000796480000,0x00000007ae980000)
 ParOldGen       total 1455616K, used 1177033K [0x000000060c000000, 0x0000000664d80000, 0x0000000759500000)
  object space 1455616K, 80% used [0x000000060c000000,0x0000000653d727c8,0x0000000664d80000)
 PSPermGen       total 83968K, used 50685K [0x0000000606e00000, 0x000000060c000000, 0x000000060c000000)
  object space 83968K, 60% used [0x0000000606e00000,0x0000000609f7f410,0x000000060c000000)
}
Event: 715.217 GC heap before
{Heap before GC invocations=15 (full 4):
 PSYoungGen      total 914432K, used 240042K [0x0000000759500000, 0x00000007ae980000, 0x0000000800000000)
  eden space 535040K, 0% used [0x0000000759500000,0x0000000759500000,0x0000000779f80000)
  from space 379392K, 63% used [0x0000000779f80000,0x00000007889eabc0,0x0000000791200000)
  to   space 398336K, 0% used [0x0000000796480000,0x0000000796480000,0x00000007ae980000)
 ParOldGen       total 1455616K, used 1177033K [0x000000060c000000, 0x0000000664d80000, 0x0000000759500000)
  object space 1455616K, 80% used [0x000000060c000000,0x0000000653d727c8,0x0000000664d80000)
 PSPermGen       total 83968K, used 50685K [0x0000000606e00000, 0x000000060c000000, 0x000000060c000000)
  object space 83968K, 60% used [0x0000000606e00000,0x0000000609f7f410,0x000000060c000000)
Event: 715.350 GC heap after
Heap after GC invocations=15 (full 4):
 PSYoungGen      total 914432K, used 0K [0x0000000759500000, 0x00000007ae980000, 0x0000000800000000)
  eden space 535040K, 0% used [0x0000000759500000,0x0000000759500000,0x0000000779f80000)
  from space 379392K, 0% used [0x0000000779f80000,0x0000000779f80000,0x0000000791200000)
  to   space 398336K, 0% used [0x0000000796480000,0x0000000796480000,0x00000007ae980000)
 ParOldGen       total 1324032K, used 648784K [0x000000060c000000, 0x000000065cd00000, 0x0000000759500000)
  object space 1324032K, 49% used [0x000000060c000000,0x0000000633994088,0x000000065cd00000)
 PSPermGen       total 83968K, used 50684K [0x0000000606e00000, 0x000000060c000000, 0x000000060c000000)
  object space 83968K, 60% used [0x0000000606e00000,0x0000000609f7f2e8,0x000000060c000000)
}
Event: 916.876 GC heap before
{Heap before GC invocations=16 (full 4):
 PSYoungGen      total 914432K, used 355606K [0x0000000759500000, 0x00000007ae980000, 0x0000000800000000)
  eden space 535040K, 66% used [0x0000000759500000,0x000000076f045b58,0x0000000779f80000)
  from space 379392K, 0% used [0x0000000779f80000,0x0000000779f80000,0x0000000791200000)
  to   space 398336K, 0% used [0x0000000796480000,0x0000000796480000,0x00000007ae980000)
 ParOldGen       total 1324032K, used 648784K [0x000000060c000000, 0x000000065cd00000, 0x0000000759500000)
  object space 1324032K, 49% used [0x000000060c000000,0x0000000633994088,0x000000065cd00000)
 PSPermGen       total 83968K, used 50689K [0x0000000606e00000, 0x000000060c000000, 0x000000060c000000)
  object space 83968K, 60% used [0x0000000606e00000,0x0000000609f804e8,0x000000060c000000)
Event: 916.917 GC heap after
Heap after GC invocations=16 (full 4):
 PSYoungGen      total 946688K, used 342943K [0x0000000759500000, 0x00000007b4f80000, 0x0000000800000000)
  eden space 548352K, 0% used [0x0000000759500000,0x0000000759500000,0x000000077ac80000)
  from space 398336K, 86% used [0x0000000796480000,0x00000007ab367e90,0x00000007ae980000)
  to   space 450560K, 0% used [0x000000077ac80000,0x000000077ac80000,0x0000000796480000)
 ParOldGen       total 1324032K, used 648784K [0x000000060c000000, 0x000000065cd00000, 0x0000000759500000)
  object space 1324032K, 49% used [0x000000060c000000,0x0000000633994088,0x000000065cd00000)
 PSPermGen       total 83968K, used 50689K [0x0000000606e00000, 0x000000060c000000, 0x000000060c000000)
  object space 83968K, 60% used [0x0000000606e00000,0x0000000609f804e8,0x000000060c000000)
}

