# JRE version: Java(TM) SE Runtime Environment (7.0_45-b18) (build 1.7.0_45-b18)
# Java VM: Java HotSpot(TM) 64-Bit Server VM (24.45-b08 mixed mode linux-amd64 compressed oops)
Heap
 PSYoungGen      total 86016K, used 71303K [0x0000000797d00000, 0x000000079ec00000, 0x0000000800000000)
  eden space 61440K, 84% used [0x0000000797d00000,0x000000079afc29b0,0x000000079b900000)
  from space 24576K, 78% used [0x000000079ba00000,0x000000079ccdf640,0x000000079d200000)
  to   space 26112K, 0% used [0x000000079d280000,0x000000079d280000,0x000000079ec00000)
 ParOldGen       total 175104K, used 21460K [0x00000006c7800000, 0x00000006d2300000, 0x0000000797d00000)
  object space 175104K, 12% used [0x00000006c7800000,0x00000006c8cf5378,0x00000006d2300000)
 PSPermGen       total 54272K, used 54145K [0x00000006c2600000, 0x00000006c5b00000, 0x00000006c7800000)
  object space 54272K, 99% used [0x00000006c2600000,0x00000006c5ae0560,0x00000006c5b00000)
GC Heap History (10 events):
Event: 3.727 GC heap before
{Heap before GC invocations=3 (full 0):
 PSYoungGen      total 76800K, used 75589K [0x0000000797d00000, 0x000000079d280000, 0x0000000800000000)
  eden space 66048K, 100% used [0x0000000797d00000,0x000000079bd80000,0x000000079bd80000)
  from space 10752K, 88% used [0x000000079c800000,0x000000079d151760,0x000000079d280000)
  to   space 10752K, 0% used [0x000000079bd80000,0x000000079bd80000,0x000000079c800000)
 ParOldGen       total 175104K, used 80K [0x00000006c7800000, 0x00000006d2300000, 0x0000000797d00000)
  object space 175104K, 0% used [0x00000006c7800000,0x00000006c7814010,0x00000006d2300000)
 PSPermGen       total 34304K, used 34002K [0x00000006c2600000, 0x00000006c4780000, 0x00000006c7800000)
  object space 34304K, 99% used [0x00000006c2600000,0x00000006c4734980,0x00000006c4780000)
Event: 3.736 GC heap after
Heap after GC invocations=3 (full 0):
 PSYoungGen      total 76800K, used 10742K [0x0000000797d00000, 0x000000079d280000, 0x0000000800000000)
  eden space 66048K, 0% used [0x0000000797d00000,0x0000000797d00000,0x000000079bd80000)
  from space 10752K, 99% used [0x000000079bd80000,0x000000079c7fdb20,0x000000079c800000)
  to   space 10752K, 0% used [0x000000079c800000,0x000000079c800000,0x000000079d280000)
 ParOldGen       total 175104K, used 7754K [0x00000006c7800000, 0x00000006d2300000, 0x0000000797d00000)
  object space 175104K, 4% used [0x00000006c7800000,0x00000006c7f92bf8,0x00000006d2300000)
 PSPermGen       total 34304K, used 34002K [0x00000006c2600000, 0x00000006c4780000, 0x00000006c7800000)
  object space 34304K, 99% used [0x00000006c2600000,0x00000006c4734980,0x00000006c4780000)
}
Event: 5.334 GC heap before
{Heap before GC invocations=4 (full 0):
 PSYoungGen      total 76800K, used 76790K [0x0000000797d00000, 0x000000079d280000, 0x0000000800000000)
  eden space 66048K, 100% used [0x0000000797d00000,0x000000079bd80000,0x000000079bd80000)
  from space 10752K, 99% used [0x000000079bd80000,0x000000079c7fdb20,0x000000079c800000)
  to   space 10752K, 0% used [0x000000079c800000,0x000000079c800000,0x000000079d280000)
 ParOldGen       total 175104K, used 7754K [0x00000006c7800000, 0x00000006d2300000, 0x0000000797d00000)
  object space 175104K, 4% used [0x00000006c7800000,0x00000006c7f92bf8,0x00000006d2300000)
 PSPermGen       total 40960K, used 40820K [0x00000006c2600000, 0x00000006c4e00000, 0x00000006c7800000)
  object space 40960K, 99% used [0x00000006c2600000,0x00000006c4ddd068,0x00000006c4e00000)
Event: 5.343 GC heap after
Heap after GC invocations=4 (full 0):
 PSYoungGen      total 76800K, used 10744K [0x0000000797d00000, 0x000000079d280000, 0x0000000800000000)
  eden space 66048K, 0% used [0x0000000797d00000,0x0000000797d00000,0x000000079bd80000)
  from space 10752K, 99% used [0x000000079c800000,0x000000079d27e028,0x000000079d280000)
  to   space 10752K, 0% used [0x000000079bd80000,0x000000079bd80000,0x000000079c800000)
 ParOldGen       total 175104K, used 13882K [0x00000006c7800000, 0x00000006d2300000, 0x0000000797d00000)
  object space 175104K, 7% used [0x00000006c7800000,0x00000006c858e870,0x00000006d2300000)
 PSPermGen       total 40960K, used 40820K [0x00000006c2600000, 0x00000006c4e00000, 0x00000006c7800000)
  object space 40960K, 99% used [0x00000006c2600000,0x00000006c4ddd068,0x00000006c4e00000)
}
Event: 10.808 GC heap before
{Heap before GC invocations=5 (full 0):
 PSYoungGen      total 76800K, used 76792K [0x0000000797d00000, 0x000000079d280000, 0x0000000800000000)
  eden space 66048K, 100% used [0x0000000797d00000,0x000000079bd80000,0x000000079bd80000)
  from space 10752K, 99% used [0x000000079c800000,0x000000079d27e028,0x000000079d280000)
  to   space 10752K, 0% used [0x000000079bd80000,0x000000079bd80000,0x000000079c800000)
 ParOldGen       total 175104K, used 13882K [0x00000006c7800000, 0x00000006d2300000, 0x0000000797d00000)
  object space 175104K, 7% used [0x00000006c7800000,0x00000006c858e870,0x00000006d2300000)
 PSPermGen       total 46592K, used 46303K [0x00000006c2600000, 0x00000006c5380000, 0x00000006c7800000)
  object space 46592K, 99% used [0x00000006c2600000,0x00000006c5337d08,0x00000006c5380000)
Event: 10.816 GC heap after
Heap after GC invocations=5 (full 0):
 PSYoungGen      total 75264K, used 10742K [0x0000000797d00000, 0x000000079e800000, 0x0000000800000000)
  eden space 64512K, 0% used [0x0000000797d00000,0x0000000797d00000,0x000000079bc00000)
  from space 10752K, 99% used [0x000000079bd80000,0x000000079c7fda70,0x000000079c800000)
  to   space 22528K, 0% used [0x000000079d200000,0x000000079d200000,0x000000079e800000)
 ParOldGen       total 175104K, used 17939K [0x00000006c7800000, 0x00000006d2300000, 0x0000000797d00000)
  object space 175104K, 10% used [0x00000006c7800000,0x00000006c8984ef0,0x00000006d2300000)
 PSPermGen       total 46592K, used 46303K [0x00000006c2600000, 0x00000006c5380000, 0x00000006c7800000)
  object space 46592K, 99% used [0x00000006c2600000,0x00000006c5337d08,0x00000006c5380000)
}
Event: 12.013 GC heap before
{Heap before GC invocations=6 (full 0):
 PSYoungGen      total 75264K, used 75254K [0x0000000797d00000, 0x000000079e800000, 0x0000000800000000)
  eden space 64512K, 100% used [0x0000000797d00000,0x000000079bc00000,0x000000079bc00000)
  from space 10752K, 99% used [0x000000079bd80000,0x000000079c7fda70,0x000000079c800000)
  to   space 22528K, 0% used [0x000000079d200000,0x000000079d200000,0x000000079e800000)
 ParOldGen       total 175104K, used 17939K [0x00000006c7800000, 0x00000006d2300000, 0x0000000797d00000)
  object space 175104K, 10% used [0x00000006c7800000,0x00000006c8984ef0,0x00000006d2300000)
 PSPermGen       total 53248K, used 53082K [0x00000006c2600000, 0x00000006c5a00000, 0x00000006c7800000)
  object space 53248K, 99% used [0x00000006c2600000,0x00000006c59d6a30,0x00000006c5a00000)
Event: 12.025 GC heap after
Heap after GC invocations=6 (full 0):
 PSYoungGen      total 84992K, used 19466K [0x0000000797d00000, 0x000000079ea80000, 0x0000000800000000)
  eden space 62464K, 0% used [0x0000000797d00000,0x0000000797d00000,0x000000079ba00000)
  from space 22528K, 86% used [0x000000079d200000,0x000000079e502850,0x000000079e800000)
  to   space 24576K, 0% used [0x000000079ba00000,0x000000079ba00000,0x000000079d200000)
 ParOldGen       total 175104K, used 17947K [0x00000006c7800000, 0x00000006d2300000, 0x0000000797d00000)
  object space 175104K, 10% used [0x00000006c7800000,0x00000006c8986ef0,0x00000006d2300000)
 PSPermGen       total 53248K, used 53082K [0x00000006c2600000, 0x00000006c5a00000, 0x00000006c7800000)
  object space 53248K, 99% used [0x00000006c2600000,0x00000006c59d6a30,0x00000006c5a00000)
}
Event: 22.200 GC heap before
{Heap before GC invocations=7 (full 0):
 PSYoungGen      total 84992K, used 81902K [0x0000000797d00000, 0x000000079ea80000, 0x0000000800000000)
  eden space 62464K, 99% used [0x0000000797d00000,0x000000079b9f9048,0x000000079ba00000)
  from space 22528K, 86% used [0x000000079d200000,0x000000079e502850,0x000000079e800000)
  to   space 24576K, 0% used [0x000000079ba00000,0x000000079ba00000,0x000000079d200000)
 ParOldGen       total 175104K, used 17947K [0x00000006c7800000, 0x00000006d2300000, 0x0000000797d00000)
  object space 175104K, 10% used [0x00000006c7800000,0x00000006c8986ef0,0x00000006d2300000)
 PSPermGen       total 54272K, used 53874K [0x00000006c2600000, 0x00000006c5b00000, 0x00000006c7800000)
  object space 54272K, 99% used [0x00000006c2600000,0x00000006c5a9cae0,0x00000006c5b00000)
Event: 22.212 GC heap after
Heap after GC invocations=7 (full 0):
 PSYoungGen      total 86016K, used 19325K [0x0000000797d00000, 0x000000079ec00000, 0x0000000800000000)
  eden space 61440K, 0% used [0x0000000797d00000,0x0000000797d00000,0x000000079b900000)
  from space 24576K, 78% used [0x000000079ba00000,0x000000079ccdf640,0x000000079d200000)
  to   space 26112K, 0% used [0x000000079d280000,0x000000079d280000,0x000000079ec00000)
 ParOldGen       total 175104K, used 21460K [0x00000006c7800000, 0x00000006d2300000, 0x0000000797d00000)
  object space 175104K, 12% used [0x00000006c7800000,0x00000006c8cf5378,0x00000006d2300000)
 PSPermGen       total 54272K, used 53874K [0x00000006c2600000, 0x00000006c5b00000, 0x00000006c7800000)
  object space 54272K, 99% used [0x00000006c2600000,0x00000006c5a9cae0,0x00000006c5b00000)
}

