# JRE version: Java(TM) SE Runtime Environment (7.0_45-b18) (build 1.7.0_45-b18)
# Java VM: Java HotSpot(TM) 64-Bit Server VM (24.45-b08 mixed mode linux-amd64 compressed oops)
Heap
 PSYoungGen      total 117248K, used 59749K [0x0000000797d00000, 0x00000007a6a00000, 0x0000000800000000)
  eden space 116736K, 50% used [0x0000000797d00000,0x000000079b7095f8,0x000000079ef00000)
  from space 512K, 62% used [0x00000007a1e00000,0x00000007a1e50000,0x00000007a1e80000)
  to   space 45056K, 0% used [0x00000007a3e00000,0x00000007a3e00000,0x00000007a6a00000)
 ParOldGen       total 175104K, used 79029K [0x00000006c7800000, 0x00000006d2300000, 0x0000000797d00000)
  object space 175104K, 45% used [0x00000006c7800000,0x00000006cc52d688,0x00000006d2300000)
 PSPermGen       total 49664K, used 49496K [0x00000006c2600000, 0x00000006c5680000, 0x00000006c7800000)
  object space 49664K, 99% used [0x00000006c2600000,0x00000006c56563d8,0x00000006c5680000)
GC Heap History (10 events):
Event: 8.904 GC heap before
{Heap before GC invocations=7 (full 0):
 PSYoungGen      total 103424K, used 86129K [0x0000000797d00000, 0x00000007a4100000, 0x0000000800000000)
  eden space 66048K, 100% used [0x0000000797d00000,0x000000079bd80000,0x000000079bd80000)
  from space 37376K, 53% used [0x000000079e080000,0x000000079f41c7e8,0x00000007a0500000)
  to   space 35840K, 0% used [0x000000079bd80000,0x000000079bd80000,0x000000079e080000)
 ParOldGen       total 175104K, used 40144K [0x00000006c7800000, 0x00000006d2300000, 0x0000000797d00000)
  object space 175104K, 22% used [0x00000006c7800000,0x00000006c9f343d8,0x00000006d2300000)
 PSPermGen       total 47616K, used 47348K [0x00000006c2600000, 0x00000006c5480000, 0x00000006c7800000)
  object space 47616K, 99% used [0x00000006c2600000,0x00000006c543d398,0x00000006c5480000)
Event: 8.924 GC heap after
Heap after GC invocations=7 (full 0):
 PSYoungGen      total 101888K, used 27043K [0x0000000797d00000, 0x00000007a4800000, 0x0000000800000000)
  eden space 66048K, 0% used [0x0000000797d00000,0x0000000797d00000,0x000000079bd80000)
  from space 35840K, 75% used [0x000000079bd80000,0x000000079d7e8f50,0x000000079e080000)
  to   space 37888K, 0% used [0x00000007a2300000,0x00000007a2300000,0x00000007a4800000)
 ParOldGen       total 175104K, used 44662K [0x00000006c7800000, 0x00000006d2300000, 0x0000000797d00000)
  object space 175104K, 25% used [0x00000006c7800000,0x00000006ca39dac0,0x00000006d2300000)
 PSPermGen       total 47616K, used 47348K [0x00000006c2600000, 0x00000006c5480000, 0x00000006c7800000)
  object space 47616K, 99% used [0x00000006c2600000,0x00000006c543d398,0x00000006c5480000)
}
Event: 10.686 GC heap before
{Heap before GC invocations=8 (full 0):
 PSYoungGen      total 101888K, used 92602K [0x0000000797d00000, 0x00000007a4800000, 0x0000000800000000)
  eden space 66048K, 99% used [0x0000000797d00000,0x000000079bd05bc8,0x000000079bd80000)
  from space 35840K, 75% used [0x000000079bd80000,0x000000079d7e8f50,0x000000079e080000)
  to   space 37888K, 0% used [0x00000007a2300000,0x00000007a2300000,0x00000007a4800000)
 ParOldGen       total 175104K, used 44662K [0x00000006c7800000, 0x00000006d2300000, 0x0000000797d00000)
  object space 175104K, 25% used [0x00000006c7800000,0x00000006ca39dac0,0x00000006d2300000)
 PSPermGen       total 48128K, used 47891K [0x00000006c2600000, 0x00000006c5500000, 0x00000006c7800000)
  object space 48128K, 99% used [0x00000006c2600000,0x00000006c54c4e08,0x00000006c5500000)
Event: 10.705 GC heap after
Heap after GC invocations=8 (full 0):
 PSYoungGen      total 161792K, used 37887K [0x0000000797d00000, 0x00000007a5800000, 0x0000000800000000)
  eden space 123904K, 0% used [0x0000000797d00000,0x0000000797d00000,0x000000079f600000)
  from space 37888K, 99% used [0x00000007a2300000,0x00000007a47ffe80,0x00000007a4800000)
  to   space 46080K, 0% used [0x000000079f600000,0x000000079f600000,0x00000007a2300000)
 ParOldGen       total 175104K, used 50373K [0x00000006c7800000, 0x00000006d2300000, 0x0000000797d00000)
  object space 175104K, 28% used [0x00000006c7800000,0x00000006ca931578,0x00000006d2300000)
 PSPermGen       total 48128K, used 47891K [0x00000006c2600000, 0x00000006c5500000, 0x00000006c7800000)
  object space 48128K, 99% used [0x00000006c2600000,0x00000006c54c4e08,0x00000006c5500000)
}
Event: 17.576 GC heap before
{Heap before GC invocations=9 (full 0):
 PSYoungGen      total 161792K, used 161439K [0x0000000797d00000, 0x00000007a5800000, 0x0000000800000000)
  eden space 123904K, 99% used [0x0000000797d00000,0x000000079f5a8000,0x000000079f600000)
  from space 37888K, 99% used [0x00000007a2300000,0x00000007a47ffe80,0x00000007a4800000)
  to   space 46080K, 0% used [0x000000079f600000,0x000000079f600000,0x00000007a2300000)
 ParOldGen       total 175104K, used 50373K [0x00000006c7800000, 0x00000006d2300000, 0x0000000797d00000)
  object space 175104K, 28% used [0x00000006c7800000,0x00000006ca931578,0x00000006d2300000)
 PSPermGen       total 49152K, used 48874K [0x00000006c2600000, 0x00000006c5600000, 0x00000006c7800000)
  object space 49152K, 99% used [0x00000006c2600000,0x00000006c55baa40,0x00000006c5600000)
Event: 17.590 GC heap after
Heap after GC invocations=9 (full 0):
 PSYoungGen      total 169984K, used 21998K [0x0000000797d00000, 0x00000007a9400000, 0x0000000800000000)
  eden space 123904K, 0% used [0x0000000797d00000,0x0000000797d00000,0x000000079f600000)
  from space 46080K, 47% used [0x000000079f600000,0x00000007a0b7b9f0,0x00000007a2300000)
  to   space 43520K, 0% used [0x00000007a6980000,0x00000007a6980000,0x00000007a9400000)
 ParOldGen       total 175104K, used 60405K [0x00000006c7800000, 0x00000006d2300000, 0x0000000797d00000)
  object space 175104K, 34% used [0x00000006c7800000,0x00000006cb2fd600,0x00000006d2300000)
 PSPermGen       total 49152K, used 48874K [0x00000006c2600000, 0x00000006c5600000, 0x00000006c7800000)
  object space 49152K, 99% used [0x00000006c2600000,0x00000006c55baa40,0x00000006c5600000)
}
Event: 48.370 GC heap before
{Heap before GC invocations=10 (full 0):
 PSYoungGen      total 169984K, used 145902K [0x0000000797d00000, 0x00000007a9400000, 0x0000000800000000)
  eden space 123904K, 100% used [0x0000000797d00000,0x000000079f600000,0x000000079f600000)
  from space 46080K, 47% used [0x000000079f600000,0x00000007a0b7b9f0,0x00000007a2300000)
  to   space 43520K, 0% used [0x00000007a6980000,0x00000007a6980000,0x00000007a9400000)
 ParOldGen       total 175104K, used 60405K [0x00000006c7800000, 0x00000006d2300000, 0x0000000797d00000)
  object space 175104K, 34% used [0x00000006c7800000,0x00000006cb2fd600,0x00000006d2300000)
 PSPermGen       total 49152K, used 48930K [0x00000006c2600000, 0x00000006c5600000, 0x00000006c7800000)
  object space 49152K, 99% used [0x00000006c2600000,0x00000006c55c8aa0,0x00000006c5600000)
Event: 48.380 GC heap after
Heap after GC invocations=10 (full 0):
 PSYoungGen      total 130048K, used 9257K [0x0000000797d00000, 0x00000007a7300000, 0x0000000800000000)
  eden space 120320K, 0% used [0x0000000797d00000,0x0000000797d00000,0x000000079f280000)
  from space 9728K, 95% used [0x00000007a6980000,0x00000007a728a738,0x00000007a7300000)
  to   space 43520K, 0% used [0x00000007a1e00000,0x00000007a1e00000,0x00000007a4880000)
 ParOldGen       total 175104K, used 71754K [0x00000006c7800000, 0x00000006d2300000, 0x0000000797d00000)
  object space 175104K, 40% used [0x00000006c7800000,0x00000006cbe12b98,0x00000006d2300000)
 PSPermGen       total 49152K, used 48930K [0x00000006c2600000, 0x00000006c5600000, 0x00000006c7800000)
  object space 49152K, 99% used [0x00000006c2600000,0x00000006c55c8aa0,0x00000006c5600000)
}
Event: 105.971 GC heap before
{Heap before GC invocations=11 (full 0):
 PSYoungGen      total 130048K, used 129577K [0x0000000797d00000, 0x00000007a7300000, 0x0000000800000000)
  eden space 120320K, 100% used [0x0000000797d00000,0x000000079f280000,0x000000079f280000)
  from space 9728K, 95% used [0x00000007a6980000,0x00000007a728a738,0x00000007a7300000)
  to   space 43520K, 0% used [0x00000007a1e00000,0x00000007a1e00000,0x00000007a4880000)
 ParOldGen       total 175104K, used 71754K [0x00000006c7800000, 0x00000006d2300000, 0x0000000797d00000)
  object space 175104K, 40% used [0x00000006c7800000,0x00000006cbe12b98,0x00000006d2300000)
 PSPermGen       total 49152K, used 48946K [0x00000006c2600000, 0x00000006c5600000, 0x00000006c7800000)
  object space 49152K, 99% used [0x00000006c2600000,0x00000006c55ccbf8,0x00000006c5600000)
Event: 105.974 GC heap after
Heap after GC invocations=11 (full 0):
 PSYoungGen      total 117248K, used 320K [0x0000000797d00000, 0x00000007a6a00000, 0x0000000800000000)
  eden space 116736K, 0% used [0x0000000797d00000,0x0000000797d00000,0x000000079ef00000)
  from space 512K, 62% used [0x00000007a1e00000,0x00000007a1e50000,0x00000007a1e80000)
  to   space 45056K, 0% used [0x00000007a3e00000,0x00000007a3e00000,0x00000007a6a00000)
 ParOldGen       total 175104K, used 79029K [0x00000006c7800000, 0x00000006d2300000, 0x0000000797d00000)
  object space 175104K, 45% used [0x00000006c7800000,0x00000006cc52d688,0x00000006d2300000)
 PSPermGen       total 49152K, used 48946K [0x00000006c2600000, 0x00000006c5600000, 0x00000006c7800000)
  object space 49152K, 99% used [0x00000006c2600000,0x00000006c55ccbf8,0x00000006c5600000)
}

